[2023-09-28T18:05:26.923+0000] {processor.py:157} INFO - Started process (PID=34) to work on /home/airflow/.local/lib/python3.8/site-packages/airflow/example_dags/example_branch_python_dop_operator_3.py
[2023-09-28T18:05:26.925+0000] {processor.py:829} INFO - Processing file /home/airflow/.local/lib/python3.8/site-packages/airflow/example_dags/example_branch_python_dop_operator_3.py for tasks to queue
[2023-09-28T18:05:26.929+0000] {logging_mixin.py:151} INFO - [2023-09-28T18:05:26.928+0000] {dagbag.py:539} INFO - Filling up the DagBag from /home/airflow/.local/lib/python3.8/site-packages/airflow/example_dags/example_branch_python_dop_operator_3.py
[2023-09-28T18:05:26.937+0000] {processor.py:839} INFO - DAG(s) dict_keys(['example_branch_dop_operator_v3']) retrieved from /home/airflow/.local/lib/python3.8/site-packages/airflow/example_dags/example_branch_python_dop_operator_3.py
[2023-09-28T18:05:26.949+0000] {logging_mixin.py:151} INFO - [2023-09-28T18:05:26.949+0000] {dag.py:2915} INFO - Sync 1 DAGs
[2023-09-28T18:05:26.973+0000] {logging_mixin.py:151} INFO - [2023-09-28T18:05:26.973+0000] {dag.py:3696} INFO - Setting next_dagrun for example_branch_dop_operator_v3 to 2023-09-28T18:04:00+00:00, run_after=2023-09-28T18:05:00+00:00
[2023-09-28T18:05:26.986+0000] {processor.py:179} INFO - Processing /home/airflow/.local/lib/python3.8/site-packages/airflow/example_dags/example_branch_python_dop_operator_3.py took 0.065 seconds
[2023-09-28T18:05:57.527+0000] {processor.py:157} INFO - Started process (PID=87) to work on /home/airflow/.local/lib/python3.8/site-packages/airflow/example_dags/example_branch_python_dop_operator_3.py
[2023-09-28T18:05:57.529+0000] {processor.py:829} INFO - Processing file /home/airflow/.local/lib/python3.8/site-packages/airflow/example_dags/example_branch_python_dop_operator_3.py for tasks to queue
[2023-09-28T18:05:57.531+0000] {logging_mixin.py:151} INFO - [2023-09-28T18:05:57.531+0000] {dagbag.py:539} INFO - Filling up the DagBag from /home/airflow/.local/lib/python3.8/site-packages/airflow/example_dags/example_branch_python_dop_operator_3.py
[2023-09-28T18:05:57.538+0000] {processor.py:839} INFO - DAG(s) dict_keys(['example_branch_dop_operator_v3']) retrieved from /home/airflow/.local/lib/python3.8/site-packages/airflow/example_dags/example_branch_python_dop_operator_3.py
[2023-09-28T18:05:57.555+0000] {logging_mixin.py:151} INFO - [2023-09-28T18:05:57.555+0000] {dag.py:2915} INFO - Sync 1 DAGs
[2023-09-28T18:05:57.573+0000] {logging_mixin.py:151} INFO - [2023-09-28T18:05:57.573+0000] {dag.py:3696} INFO - Setting next_dagrun for example_branch_dop_operator_v3 to 2023-09-28T18:04:00+00:00, run_after=2023-09-28T18:05:00+00:00
[2023-09-28T18:05:57.587+0000] {processor.py:179} INFO - Processing /home/airflow/.local/lib/python3.8/site-packages/airflow/example_dags/example_branch_python_dop_operator_3.py took 0.063 seconds
[2023-09-28T18:06:28.388+0000] {processor.py:157} INFO - Started process (PID=141) to work on /home/airflow/.local/lib/python3.8/site-packages/airflow/example_dags/example_branch_python_dop_operator_3.py
[2023-09-28T18:06:28.391+0000] {processor.py:829} INFO - Processing file /home/airflow/.local/lib/python3.8/site-packages/airflow/example_dags/example_branch_python_dop_operator_3.py for tasks to queue
[2023-09-28T18:06:28.401+0000] {logging_mixin.py:151} INFO - [2023-09-28T18:06:28.401+0000] {dagbag.py:539} INFO - Filling up the DagBag from /home/airflow/.local/lib/python3.8/site-packages/airflow/example_dags/example_branch_python_dop_operator_3.py
[2023-09-28T18:06:28.410+0000] {processor.py:839} INFO - DAG(s) dict_keys(['example_branch_dop_operator_v3']) retrieved from /home/airflow/.local/lib/python3.8/site-packages/airflow/example_dags/example_branch_python_dop_operator_3.py
[2023-09-28T18:06:28.432+0000] {logging_mixin.py:151} INFO - [2023-09-28T18:06:28.432+0000] {dag.py:2915} INFO - Sync 1 DAGs
[2023-09-28T18:06:28.454+0000] {logging_mixin.py:151} INFO - [2023-09-28T18:06:28.454+0000] {dag.py:3696} INFO - Setting next_dagrun for example_branch_dop_operator_v3 to 2023-09-28T18:05:00+00:00, run_after=2023-09-28T18:06:00+00:00
[2023-09-28T18:06:28.468+0000] {processor.py:179} INFO - Processing /home/airflow/.local/lib/python3.8/site-packages/airflow/example_dags/example_branch_python_dop_operator_3.py took 0.083 seconds
[2023-09-28T18:06:58.559+0000] {processor.py:157} INFO - Started process (PID=195) to work on /home/airflow/.local/lib/python3.8/site-packages/airflow/example_dags/example_branch_python_dop_operator_3.py
[2023-09-28T18:06:58.561+0000] {processor.py:829} INFO - Processing file /home/airflow/.local/lib/python3.8/site-packages/airflow/example_dags/example_branch_python_dop_operator_3.py for tasks to queue
[2023-09-28T18:06:58.564+0000] {logging_mixin.py:151} INFO - [2023-09-28T18:06:58.564+0000] {dagbag.py:539} INFO - Filling up the DagBag from /home/airflow/.local/lib/python3.8/site-packages/airflow/example_dags/example_branch_python_dop_operator_3.py
[2023-09-28T18:06:58.571+0000] {processor.py:839} INFO - DAG(s) dict_keys(['example_branch_dop_operator_v3']) retrieved from /home/airflow/.local/lib/python3.8/site-packages/airflow/example_dags/example_branch_python_dop_operator_3.py
[2023-09-28T18:06:58.588+0000] {logging_mixin.py:151} INFO - [2023-09-28T18:06:58.588+0000] {dag.py:2915} INFO - Sync 1 DAGs
[2023-09-28T18:06:58.602+0000] {logging_mixin.py:151} INFO - [2023-09-28T18:06:58.602+0000] {dag.py:3696} INFO - Setting next_dagrun for example_branch_dop_operator_v3 to 2023-09-28T18:05:00+00:00, run_after=2023-09-28T18:06:00+00:00
[2023-09-28T18:06:58.615+0000] {processor.py:179} INFO - Processing /home/airflow/.local/lib/python3.8/site-packages/airflow/example_dags/example_branch_python_dop_operator_3.py took 0.058 seconds
[2023-09-28T18:07:29.472+0000] {processor.py:157} INFO - Started process (PID=249) to work on /home/airflow/.local/lib/python3.8/site-packages/airflow/example_dags/example_branch_python_dop_operator_3.py
[2023-09-28T18:07:29.474+0000] {processor.py:829} INFO - Processing file /home/airflow/.local/lib/python3.8/site-packages/airflow/example_dags/example_branch_python_dop_operator_3.py for tasks to queue
[2023-09-28T18:07:29.476+0000] {logging_mixin.py:151} INFO - [2023-09-28T18:07:29.476+0000] {dagbag.py:539} INFO - Filling up the DagBag from /home/airflow/.local/lib/python3.8/site-packages/airflow/example_dags/example_branch_python_dop_operator_3.py
[2023-09-28T18:07:29.482+0000] {processor.py:839} INFO - DAG(s) dict_keys(['example_branch_dop_operator_v3']) retrieved from /home/airflow/.local/lib/python3.8/site-packages/airflow/example_dags/example_branch_python_dop_operator_3.py
[2023-09-28T18:07:29.498+0000] {logging_mixin.py:151} INFO - [2023-09-28T18:07:29.497+0000] {dag.py:2915} INFO - Sync 1 DAGs
[2023-09-28T18:07:29.512+0000] {logging_mixin.py:151} INFO - [2023-09-28T18:07:29.512+0000] {dag.py:3696} INFO - Setting next_dagrun for example_branch_dop_operator_v3 to 2023-09-28T18:06:00+00:00, run_after=2023-09-28T18:07:00+00:00
[2023-09-28T18:07:29.523+0000] {processor.py:179} INFO - Processing /home/airflow/.local/lib/python3.8/site-packages/airflow/example_dags/example_branch_python_dop_operator_3.py took 0.054 seconds
[2023-09-28T18:08:00.219+0000] {processor.py:157} INFO - Started process (PID=303) to work on /home/airflow/.local/lib/python3.8/site-packages/airflow/example_dags/example_branch_python_dop_operator_3.py
[2023-09-28T18:08:00.221+0000] {processor.py:829} INFO - Processing file /home/airflow/.local/lib/python3.8/site-packages/airflow/example_dags/example_branch_python_dop_operator_3.py for tasks to queue
[2023-09-28T18:08:00.223+0000] {logging_mixin.py:151} INFO - [2023-09-28T18:08:00.223+0000] {dagbag.py:539} INFO - Filling up the DagBag from /home/airflow/.local/lib/python3.8/site-packages/airflow/example_dags/example_branch_python_dop_operator_3.py
[2023-09-28T18:08:00.231+0000] {processor.py:839} INFO - DAG(s) dict_keys(['example_branch_dop_operator_v3']) retrieved from /home/airflow/.local/lib/python3.8/site-packages/airflow/example_dags/example_branch_python_dop_operator_3.py
[2023-09-28T18:08:00.249+0000] {logging_mixin.py:151} INFO - [2023-09-28T18:08:00.249+0000] {dag.py:2915} INFO - Sync 1 DAGs
[2023-09-28T18:08:00.268+0000] {logging_mixin.py:151} INFO - [2023-09-28T18:08:00.268+0000] {dag.py:3696} INFO - Setting next_dagrun for example_branch_dop_operator_v3 to 2023-09-28T18:07:00+00:00, run_after=2023-09-28T18:08:00+00:00
[2023-09-28T18:08:00.281+0000] {processor.py:179} INFO - Processing /home/airflow/.local/lib/python3.8/site-packages/airflow/example_dags/example_branch_python_dop_operator_3.py took 0.064 seconds
[2023-09-28T18:08:30.353+0000] {processor.py:157} INFO - Started process (PID=357) to work on /home/airflow/.local/lib/python3.8/site-packages/airflow/example_dags/example_branch_python_dop_operator_3.py
[2023-09-28T18:08:30.355+0000] {processor.py:829} INFO - Processing file /home/airflow/.local/lib/python3.8/site-packages/airflow/example_dags/example_branch_python_dop_operator_3.py for tasks to queue
[2023-09-28T18:08:30.358+0000] {logging_mixin.py:151} INFO - [2023-09-28T18:08:30.358+0000] {dagbag.py:539} INFO - Filling up the DagBag from /home/airflow/.local/lib/python3.8/site-packages/airflow/example_dags/example_branch_python_dop_operator_3.py
[2023-09-28T18:08:30.364+0000] {processor.py:839} INFO - DAG(s) dict_keys(['example_branch_dop_operator_v3']) retrieved from /home/airflow/.local/lib/python3.8/site-packages/airflow/example_dags/example_branch_python_dop_operator_3.py
[2023-09-28T18:08:30.382+0000] {logging_mixin.py:151} INFO - [2023-09-28T18:08:30.382+0000] {dag.py:2915} INFO - Sync 1 DAGs
[2023-09-28T18:08:30.400+0000] {logging_mixin.py:151} INFO - [2023-09-28T18:08:30.400+0000] {dag.py:3696} INFO - Setting next_dagrun for example_branch_dop_operator_v3 to 2023-09-28T18:07:00+00:00, run_after=2023-09-28T18:08:00+00:00
[2023-09-28T18:08:30.412+0000] {processor.py:179} INFO - Processing /home/airflow/.local/lib/python3.8/site-packages/airflow/example_dags/example_branch_python_dop_operator_3.py took 0.061 seconds
[2023-09-28T18:09:01.296+0000] {processor.py:157} INFO - Started process (PID=411) to work on /home/airflow/.local/lib/python3.8/site-packages/airflow/example_dags/example_branch_python_dop_operator_3.py
[2023-09-28T18:09:01.298+0000] {processor.py:829} INFO - Processing file /home/airflow/.local/lib/python3.8/site-packages/airflow/example_dags/example_branch_python_dop_operator_3.py for tasks to queue
[2023-09-28T18:09:01.302+0000] {logging_mixin.py:151} INFO - [2023-09-28T18:09:01.302+0000] {dagbag.py:539} INFO - Filling up the DagBag from /home/airflow/.local/lib/python3.8/site-packages/airflow/example_dags/example_branch_python_dop_operator_3.py
[2023-09-28T18:09:01.308+0000] {processor.py:839} INFO - DAG(s) dict_keys(['example_branch_dop_operator_v3']) retrieved from /home/airflow/.local/lib/python3.8/site-packages/airflow/example_dags/example_branch_python_dop_operator_3.py
[2023-09-28T18:09:01.324+0000] {logging_mixin.py:151} INFO - [2023-09-28T18:09:01.324+0000] {dag.py:2915} INFO - Sync 1 DAGs
[2023-09-28T18:09:01.339+0000] {logging_mixin.py:151} INFO - [2023-09-28T18:09:01.339+0000] {dag.py:3696} INFO - Setting next_dagrun for example_branch_dop_operator_v3 to 2023-09-28T18:08:00+00:00, run_after=2023-09-28T18:09:00+00:00
[2023-09-28T18:09:01.350+0000] {processor.py:179} INFO - Processing /home/airflow/.local/lib/python3.8/site-packages/airflow/example_dags/example_branch_python_dop_operator_3.py took 0.056 seconds
[2023-09-28T18:09:32.021+0000] {processor.py:157} INFO - Started process (PID=464) to work on /home/airflow/.local/lib/python3.8/site-packages/airflow/example_dags/example_branch_python_dop_operator_3.py
[2023-09-28T18:09:32.023+0000] {processor.py:829} INFO - Processing file /home/airflow/.local/lib/python3.8/site-packages/airflow/example_dags/example_branch_python_dop_operator_3.py for tasks to queue
[2023-09-28T18:09:32.026+0000] {logging_mixin.py:151} INFO - [2023-09-28T18:09:32.026+0000] {dagbag.py:539} INFO - Filling up the DagBag from /home/airflow/.local/lib/python3.8/site-packages/airflow/example_dags/example_branch_python_dop_operator_3.py
[2023-09-28T18:09:32.032+0000] {processor.py:839} INFO - DAG(s) dict_keys(['example_branch_dop_operator_v3']) retrieved from /home/airflow/.local/lib/python3.8/site-packages/airflow/example_dags/example_branch_python_dop_operator_3.py
[2023-09-28T18:09:32.049+0000] {logging_mixin.py:151} INFO - [2023-09-28T18:09:32.049+0000] {dag.py:2915} INFO - Sync 1 DAGs
[2023-09-28T18:09:32.063+0000] {logging_mixin.py:151} INFO - [2023-09-28T18:09:32.063+0000] {dag.py:3696} INFO - Setting next_dagrun for example_branch_dop_operator_v3 to 2023-09-28T18:08:00+00:00, run_after=2023-09-28T18:09:00+00:00
[2023-09-28T18:09:32.075+0000] {processor.py:179} INFO - Processing /home/airflow/.local/lib/python3.8/site-packages/airflow/example_dags/example_branch_python_dop_operator_3.py took 0.056 seconds
[2023-09-28T18:10:02.868+0000] {processor.py:157} INFO - Started process (PID=518) to work on /home/airflow/.local/lib/python3.8/site-packages/airflow/example_dags/example_branch_python_dop_operator_3.py
[2023-09-28T18:10:02.870+0000] {processor.py:829} INFO - Processing file /home/airflow/.local/lib/python3.8/site-packages/airflow/example_dags/example_branch_python_dop_operator_3.py for tasks to queue
[2023-09-28T18:10:02.873+0000] {logging_mixin.py:151} INFO - [2023-09-28T18:10:02.873+0000] {dagbag.py:539} INFO - Filling up the DagBag from /home/airflow/.local/lib/python3.8/site-packages/airflow/example_dags/example_branch_python_dop_operator_3.py
[2023-09-28T18:10:02.879+0000] {processor.py:839} INFO - DAG(s) dict_keys(['example_branch_dop_operator_v3']) retrieved from /home/airflow/.local/lib/python3.8/site-packages/airflow/example_dags/example_branch_python_dop_operator_3.py
[2023-09-28T18:10:02.895+0000] {logging_mixin.py:151} INFO - [2023-09-28T18:10:02.894+0000] {dag.py:2915} INFO - Sync 1 DAGs
[2023-09-28T18:10:02.910+0000] {logging_mixin.py:151} INFO - [2023-09-28T18:10:02.910+0000] {dag.py:3696} INFO - Setting next_dagrun for example_branch_dop_operator_v3 to 2023-09-28T18:09:00+00:00, run_after=2023-09-28T18:10:00+00:00
[2023-09-28T18:10:02.921+0000] {processor.py:179} INFO - Processing /home/airflow/.local/lib/python3.8/site-packages/airflow/example_dags/example_branch_python_dop_operator_3.py took 0.055 seconds
[2023-09-28T18:10:34.641+0000] {processor.py:157} INFO - Started process (PID=572) to work on /home/airflow/.local/lib/python3.8/site-packages/airflow/example_dags/example_branch_python_dop_operator_3.py
[2023-09-28T18:10:34.645+0000] {processor.py:829} INFO - Processing file /home/airflow/.local/lib/python3.8/site-packages/airflow/example_dags/example_branch_python_dop_operator_3.py for tasks to queue
[2023-09-28T18:10:34.648+0000] {logging_mixin.py:151} INFO - [2023-09-28T18:10:34.648+0000] {dagbag.py:539} INFO - Filling up the DagBag from /home/airflow/.local/lib/python3.8/site-packages/airflow/example_dags/example_branch_python_dop_operator_3.py
[2023-09-28T18:10:34.656+0000] {processor.py:839} INFO - DAG(s) dict_keys(['example_branch_dop_operator_v3']) retrieved from /home/airflow/.local/lib/python3.8/site-packages/airflow/example_dags/example_branch_python_dop_operator_3.py
[2023-09-28T18:10:34.671+0000] {logging_mixin.py:151} INFO - [2023-09-28T18:10:34.671+0000] {dag.py:2915} INFO - Sync 1 DAGs
[2023-09-28T18:10:34.688+0000] {logging_mixin.py:151} INFO - [2023-09-28T18:10:34.688+0000] {dag.py:3696} INFO - Setting next_dagrun for example_branch_dop_operator_v3 to 2023-09-28T18:09:00+00:00, run_after=2023-09-28T18:10:00+00:00
[2023-09-28T18:10:34.701+0000] {processor.py:179} INFO - Processing /home/airflow/.local/lib/python3.8/site-packages/airflow/example_dags/example_branch_python_dop_operator_3.py took 0.064 seconds
[2023-09-28T18:11:05.527+0000] {processor.py:157} INFO - Started process (PID=626) to work on /home/airflow/.local/lib/python3.8/site-packages/airflow/example_dags/example_branch_python_dop_operator_3.py
[2023-09-28T18:11:05.532+0000] {processor.py:829} INFO - Processing file /home/airflow/.local/lib/python3.8/site-packages/airflow/example_dags/example_branch_python_dop_operator_3.py for tasks to queue
[2023-09-28T18:11:05.538+0000] {logging_mixin.py:151} INFO - [2023-09-28T18:11:05.538+0000] {dagbag.py:539} INFO - Filling up the DagBag from /home/airflow/.local/lib/python3.8/site-packages/airflow/example_dags/example_branch_python_dop_operator_3.py
[2023-09-28T18:11:05.552+0000] {processor.py:839} INFO - DAG(s) dict_keys(['example_branch_dop_operator_v3']) retrieved from /home/airflow/.local/lib/python3.8/site-packages/airflow/example_dags/example_branch_python_dop_operator_3.py
[2023-09-28T18:11:05.574+0000] {logging_mixin.py:151} INFO - [2023-09-28T18:11:05.574+0000] {dag.py:2915} INFO - Sync 1 DAGs
[2023-09-28T18:11:05.598+0000] {logging_mixin.py:151} INFO - [2023-09-28T18:11:05.598+0000] {dag.py:3696} INFO - Setting next_dagrun for example_branch_dop_operator_v3 to 2023-09-28T18:10:00+00:00, run_after=2023-09-28T18:11:00+00:00
[2023-09-28T18:11:05.618+0000] {processor.py:179} INFO - Processing /home/airflow/.local/lib/python3.8/site-packages/airflow/example_dags/example_branch_python_dop_operator_3.py took 0.096 seconds
[2023-09-28T18:13:53.337+0000] {processor.py:157} INFO - Started process (PID=33) to work on /home/airflow/.local/lib/python3.8/site-packages/airflow/example_dags/example_branch_python_dop_operator_3.py
[2023-09-28T18:13:53.339+0000] {processor.py:829} INFO - Processing file /home/airflow/.local/lib/python3.8/site-packages/airflow/example_dags/example_branch_python_dop_operator_3.py for tasks to queue
[2023-09-28T18:13:53.342+0000] {logging_mixin.py:151} INFO - [2023-09-28T18:13:53.342+0000] {dagbag.py:539} INFO - Filling up the DagBag from /home/airflow/.local/lib/python3.8/site-packages/airflow/example_dags/example_branch_python_dop_operator_3.py
[2023-09-28T18:13:53.350+0000] {processor.py:839} INFO - DAG(s) dict_keys(['example_branch_dop_operator_v3']) retrieved from /home/airflow/.local/lib/python3.8/site-packages/airflow/example_dags/example_branch_python_dop_operator_3.py
[2023-09-28T18:13:53.419+0000] {logging_mixin.py:151} INFO - [2023-09-28T18:13:53.419+0000] {manager.py:499} INFO - Created Permission View: %s
[2023-09-28T18:13:53.427+0000] {logging_mixin.py:151} INFO - [2023-09-28T18:13:53.427+0000] {manager.py:499} INFO - Created Permission View: %s
[2023-09-28T18:13:53.433+0000] {logging_mixin.py:151} INFO - [2023-09-28T18:13:53.433+0000] {manager.py:499} INFO - Created Permission View: %s
[2023-09-28T18:13:53.435+0000] {logging_mixin.py:151} INFO - [2023-09-28T18:13:53.435+0000] {security.py:708} INFO - Not syncing DAG-level permissions for DAG 'DAG:example_branch_dop_operator_v3' as access control is unset.
[2023-09-28T18:13:53.436+0000] {logging_mixin.py:151} INFO - [2023-09-28T18:13:53.436+0000] {dag.py:2915} INFO - Sync 1 DAGs
[2023-09-28T18:13:53.444+0000] {logging_mixin.py:151} INFO - [2023-09-28T18:13:53.444+0000] {dag.py:2937} INFO - Creating ORM DAG for example_branch_dop_operator_v3
[2023-09-28T18:13:53.454+0000] {logging_mixin.py:151} INFO - [2023-09-28T18:13:53.454+0000] {dag.py:3696} INFO - Setting next_dagrun for example_branch_dop_operator_v3 to 2023-09-28T18:12:00+00:00, run_after=2023-09-28T18:13:00+00:00
[2023-09-28T18:13:53.467+0000] {processor.py:179} INFO - Processing /home/airflow/.local/lib/python3.8/site-packages/airflow/example_dags/example_branch_python_dop_operator_3.py took 0.132 seconds
[2023-09-28T18:14:23.781+0000] {processor.py:157} INFO - Started process (PID=87) to work on /home/airflow/.local/lib/python3.8/site-packages/airflow/example_dags/example_branch_python_dop_operator_3.py
[2023-09-28T18:14:23.784+0000] {processor.py:829} INFO - Processing file /home/airflow/.local/lib/python3.8/site-packages/airflow/example_dags/example_branch_python_dop_operator_3.py for tasks to queue
[2023-09-28T18:14:23.786+0000] {logging_mixin.py:151} INFO - [2023-09-28T18:14:23.786+0000] {dagbag.py:539} INFO - Filling up the DagBag from /home/airflow/.local/lib/python3.8/site-packages/airflow/example_dags/example_branch_python_dop_operator_3.py
[2023-09-28T18:14:23.792+0000] {processor.py:839} INFO - DAG(s) dict_keys(['example_branch_dop_operator_v3']) retrieved from /home/airflow/.local/lib/python3.8/site-packages/airflow/example_dags/example_branch_python_dop_operator_3.py
[2023-09-28T18:14:23.810+0000] {logging_mixin.py:151} INFO - [2023-09-28T18:14:23.810+0000] {dag.py:2915} INFO - Sync 1 DAGs
[2023-09-28T18:14:23.826+0000] {logging_mixin.py:151} INFO - [2023-09-28T18:14:23.826+0000] {dag.py:3696} INFO - Setting next_dagrun for example_branch_dop_operator_v3 to 2023-09-28T18:13:00+00:00, run_after=2023-09-28T18:14:00+00:00
[2023-09-28T18:14:23.838+0000] {processor.py:179} INFO - Processing /home/airflow/.local/lib/python3.8/site-packages/airflow/example_dags/example_branch_python_dop_operator_3.py took 0.059 seconds
[2023-09-28T18:14:54.527+0000] {processor.py:157} INFO - Started process (PID=141) to work on /home/airflow/.local/lib/python3.8/site-packages/airflow/example_dags/example_branch_python_dop_operator_3.py
[2023-09-28T18:14:54.529+0000] {processor.py:829} INFO - Processing file /home/airflow/.local/lib/python3.8/site-packages/airflow/example_dags/example_branch_python_dop_operator_3.py for tasks to queue
[2023-09-28T18:14:54.532+0000] {logging_mixin.py:151} INFO - [2023-09-28T18:14:54.532+0000] {dagbag.py:539} INFO - Filling up the DagBag from /home/airflow/.local/lib/python3.8/site-packages/airflow/example_dags/example_branch_python_dop_operator_3.py
[2023-09-28T18:14:54.540+0000] {processor.py:839} INFO - DAG(s) dict_keys(['example_branch_dop_operator_v3']) retrieved from /home/airflow/.local/lib/python3.8/site-packages/airflow/example_dags/example_branch_python_dop_operator_3.py
[2023-09-28T18:14:54.558+0000] {logging_mixin.py:151} INFO - [2023-09-28T18:14:54.557+0000] {dag.py:2915} INFO - Sync 1 DAGs
[2023-09-28T18:14:54.575+0000] {logging_mixin.py:151} INFO - [2023-09-28T18:14:54.575+0000] {dag.py:3696} INFO - Setting next_dagrun for example_branch_dop_operator_v3 to 2023-09-28T18:13:00+00:00, run_after=2023-09-28T18:14:00+00:00
[2023-09-28T18:14:54.589+0000] {processor.py:179} INFO - Processing /home/airflow/.local/lib/python3.8/site-packages/airflow/example_dags/example_branch_python_dop_operator_3.py took 0.066 seconds
[2023-09-28T18:15:25.273+0000] {processor.py:157} INFO - Started process (PID=195) to work on /home/airflow/.local/lib/python3.8/site-packages/airflow/example_dags/example_branch_python_dop_operator_3.py
[2023-09-28T18:15:25.275+0000] {processor.py:829} INFO - Processing file /home/airflow/.local/lib/python3.8/site-packages/airflow/example_dags/example_branch_python_dop_operator_3.py for tasks to queue
[2023-09-28T18:15:25.278+0000] {logging_mixin.py:151} INFO - [2023-09-28T18:15:25.278+0000] {dagbag.py:539} INFO - Filling up the DagBag from /home/airflow/.local/lib/python3.8/site-packages/airflow/example_dags/example_branch_python_dop_operator_3.py
[2023-09-28T18:15:25.284+0000] {processor.py:839} INFO - DAG(s) dict_keys(['example_branch_dop_operator_v3']) retrieved from /home/airflow/.local/lib/python3.8/site-packages/airflow/example_dags/example_branch_python_dop_operator_3.py
[2023-09-28T18:15:25.301+0000] {logging_mixin.py:151} INFO - [2023-09-28T18:15:25.300+0000] {dag.py:2915} INFO - Sync 1 DAGs
[2023-09-28T18:15:25.315+0000] {logging_mixin.py:151} INFO - [2023-09-28T18:15:25.315+0000] {dag.py:3696} INFO - Setting next_dagrun for example_branch_dop_operator_v3 to 2023-09-28T18:14:00+00:00, run_after=2023-09-28T18:15:00+00:00
[2023-09-28T18:15:25.326+0000] {processor.py:179} INFO - Processing /home/airflow/.local/lib/python3.8/site-packages/airflow/example_dags/example_branch_python_dop_operator_3.py took 0.056 seconds
[2023-09-28T18:15:56.091+0000] {processor.py:157} INFO - Started process (PID=249) to work on /home/airflow/.local/lib/python3.8/site-packages/airflow/example_dags/example_branch_python_dop_operator_3.py
[2023-09-28T18:15:56.093+0000] {processor.py:829} INFO - Processing file /home/airflow/.local/lib/python3.8/site-packages/airflow/example_dags/example_branch_python_dop_operator_3.py for tasks to queue
[2023-09-28T18:15:56.096+0000] {logging_mixin.py:151} INFO - [2023-09-28T18:15:56.095+0000] {dagbag.py:539} INFO - Filling up the DagBag from /home/airflow/.local/lib/python3.8/site-packages/airflow/example_dags/example_branch_python_dop_operator_3.py
[2023-09-28T18:15:56.107+0000] {processor.py:839} INFO - DAG(s) dict_keys(['example_branch_dop_operator_v3']) retrieved from /home/airflow/.local/lib/python3.8/site-packages/airflow/example_dags/example_branch_python_dop_operator_3.py
[2023-09-28T18:15:56.123+0000] {logging_mixin.py:151} INFO - [2023-09-28T18:15:56.122+0000] {dag.py:2915} INFO - Sync 1 DAGs
[2023-09-28T18:15:56.140+0000] {logging_mixin.py:151} INFO - [2023-09-28T18:15:56.140+0000] {dag.py:3696} INFO - Setting next_dagrun for example_branch_dop_operator_v3 to 2023-09-28T18:14:00+00:00, run_after=2023-09-28T18:15:00+00:00
[2023-09-28T18:15:56.152+0000] {processor.py:179} INFO - Processing /home/airflow/.local/lib/python3.8/site-packages/airflow/example_dags/example_branch_python_dop_operator_3.py took 0.064 seconds
[2023-09-28T18:16:26.567+0000] {processor.py:157} INFO - Started process (PID=303) to work on /home/airflow/.local/lib/python3.8/site-packages/airflow/example_dags/example_branch_python_dop_operator_3.py
[2023-09-28T18:16:26.570+0000] {processor.py:829} INFO - Processing file /home/airflow/.local/lib/python3.8/site-packages/airflow/example_dags/example_branch_python_dop_operator_3.py for tasks to queue
[2023-09-28T18:16:26.572+0000] {logging_mixin.py:151} INFO - [2023-09-28T18:16:26.572+0000] {dagbag.py:539} INFO - Filling up the DagBag from /home/airflow/.local/lib/python3.8/site-packages/airflow/example_dags/example_branch_python_dop_operator_3.py
[2023-09-28T18:16:26.578+0000] {processor.py:839} INFO - DAG(s) dict_keys(['example_branch_dop_operator_v3']) retrieved from /home/airflow/.local/lib/python3.8/site-packages/airflow/example_dags/example_branch_python_dop_operator_3.py
[2023-09-28T18:16:26.594+0000] {logging_mixin.py:151} INFO - [2023-09-28T18:16:26.594+0000] {dag.py:2915} INFO - Sync 1 DAGs
[2023-09-28T18:16:26.608+0000] {logging_mixin.py:151} INFO - [2023-09-28T18:16:26.608+0000] {dag.py:3696} INFO - Setting next_dagrun for example_branch_dop_operator_v3 to 2023-09-28T18:15:00+00:00, run_after=2023-09-28T18:16:00+00:00
[2023-09-28T18:16:26.620+0000] {processor.py:179} INFO - Processing /home/airflow/.local/lib/python3.8/site-packages/airflow/example_dags/example_branch_python_dop_operator_3.py took 0.054 seconds
[2023-09-28T18:16:57.502+0000] {processor.py:157} INFO - Started process (PID=357) to work on /home/airflow/.local/lib/python3.8/site-packages/airflow/example_dags/example_branch_python_dop_operator_3.py
[2023-09-28T18:16:57.505+0000] {processor.py:829} INFO - Processing file /home/airflow/.local/lib/python3.8/site-packages/airflow/example_dags/example_branch_python_dop_operator_3.py for tasks to queue
[2023-09-28T18:16:57.508+0000] {logging_mixin.py:151} INFO - [2023-09-28T18:16:57.508+0000] {dagbag.py:539} INFO - Filling up the DagBag from /home/airflow/.local/lib/python3.8/site-packages/airflow/example_dags/example_branch_python_dop_operator_3.py
[2023-09-28T18:16:57.516+0000] {processor.py:839} INFO - DAG(s) dict_keys(['example_branch_dop_operator_v3']) retrieved from /home/airflow/.local/lib/python3.8/site-packages/airflow/example_dags/example_branch_python_dop_operator_3.py
[2023-09-28T18:16:57.534+0000] {logging_mixin.py:151} INFO - [2023-09-28T18:16:57.534+0000] {dag.py:2915} INFO - Sync 1 DAGs
[2023-09-28T18:16:57.551+0000] {logging_mixin.py:151} INFO - [2023-09-28T18:16:57.550+0000] {dag.py:3696} INFO - Setting next_dagrun for example_branch_dop_operator_v3 to 2023-09-28T18:15:00+00:00, run_after=2023-09-28T18:16:00+00:00
[2023-09-28T18:16:57.563+0000] {processor.py:179} INFO - Processing /home/airflow/.local/lib/python3.8/site-packages/airflow/example_dags/example_branch_python_dop_operator_3.py took 0.063 seconds
[2023-09-28T18:17:28.162+0000] {processor.py:157} INFO - Started process (PID=410) to work on /home/airflow/.local/lib/python3.8/site-packages/airflow/example_dags/example_branch_python_dop_operator_3.py
[2023-09-28T18:17:28.164+0000] {processor.py:829} INFO - Processing file /home/airflow/.local/lib/python3.8/site-packages/airflow/example_dags/example_branch_python_dop_operator_3.py for tasks to queue
[2023-09-28T18:17:28.167+0000] {logging_mixin.py:151} INFO - [2023-09-28T18:17:28.167+0000] {dagbag.py:539} INFO - Filling up the DagBag from /home/airflow/.local/lib/python3.8/site-packages/airflow/example_dags/example_branch_python_dop_operator_3.py
[2023-09-28T18:17:28.175+0000] {processor.py:839} INFO - DAG(s) dict_keys(['example_branch_dop_operator_v3']) retrieved from /home/airflow/.local/lib/python3.8/site-packages/airflow/example_dags/example_branch_python_dop_operator_3.py
[2023-09-28T18:17:28.191+0000] {logging_mixin.py:151} INFO - [2023-09-28T18:17:28.191+0000] {dag.py:2915} INFO - Sync 1 DAGs
[2023-09-28T18:17:28.208+0000] {logging_mixin.py:151} INFO - [2023-09-28T18:17:28.208+0000] {dag.py:3696} INFO - Setting next_dagrun for example_branch_dop_operator_v3 to 2023-09-28T18:16:00+00:00, run_after=2023-09-28T18:17:00+00:00
[2023-09-28T18:17:28.221+0000] {processor.py:179} INFO - Processing /home/airflow/.local/lib/python3.8/site-packages/airflow/example_dags/example_branch_python_dop_operator_3.py took 0.061 seconds
[2023-09-28T18:17:58.800+0000] {processor.py:157} INFO - Started process (PID=465) to work on /home/airflow/.local/lib/python3.8/site-packages/airflow/example_dags/example_branch_python_dop_operator_3.py
[2023-09-28T18:17:58.802+0000] {processor.py:829} INFO - Processing file /home/airflow/.local/lib/python3.8/site-packages/airflow/example_dags/example_branch_python_dop_operator_3.py for tasks to queue
[2023-09-28T18:17:58.804+0000] {logging_mixin.py:151} INFO - [2023-09-28T18:17:58.804+0000] {dagbag.py:539} INFO - Filling up the DagBag from /home/airflow/.local/lib/python3.8/site-packages/airflow/example_dags/example_branch_python_dop_operator_3.py
[2023-09-28T18:17:58.811+0000] {processor.py:839} INFO - DAG(s) dict_keys(['example_branch_dop_operator_v3']) retrieved from /home/airflow/.local/lib/python3.8/site-packages/airflow/example_dags/example_branch_python_dop_operator_3.py
[2023-09-28T18:17:58.829+0000] {logging_mixin.py:151} INFO - [2023-09-28T18:17:58.829+0000] {dag.py:2915} INFO - Sync 1 DAGs
[2023-09-28T18:17:58.846+0000] {logging_mixin.py:151} INFO - [2023-09-28T18:17:58.846+0000] {dag.py:3696} INFO - Setting next_dagrun for example_branch_dop_operator_v3 to 2023-09-28T18:16:00+00:00, run_after=2023-09-28T18:17:00+00:00
[2023-09-28T18:17:58.859+0000] {processor.py:179} INFO - Processing /home/airflow/.local/lib/python3.8/site-packages/airflow/example_dags/example_branch_python_dop_operator_3.py took 0.062 seconds
[2023-09-28T18:18:29.537+0000] {processor.py:157} INFO - Started process (PID=519) to work on /home/airflow/.local/lib/python3.8/site-packages/airflow/example_dags/example_branch_python_dop_operator_3.py
[2023-09-28T18:18:29.540+0000] {processor.py:829} INFO - Processing file /home/airflow/.local/lib/python3.8/site-packages/airflow/example_dags/example_branch_python_dop_operator_3.py for tasks to queue
[2023-09-28T18:18:29.542+0000] {logging_mixin.py:151} INFO - [2023-09-28T18:18:29.542+0000] {dagbag.py:539} INFO - Filling up the DagBag from /home/airflow/.local/lib/python3.8/site-packages/airflow/example_dags/example_branch_python_dop_operator_3.py
[2023-09-28T18:18:29.549+0000] {processor.py:839} INFO - DAG(s) dict_keys(['example_branch_dop_operator_v3']) retrieved from /home/airflow/.local/lib/python3.8/site-packages/airflow/example_dags/example_branch_python_dop_operator_3.py
[2023-09-28T18:18:29.566+0000] {logging_mixin.py:151} INFO - [2023-09-28T18:18:29.566+0000] {dag.py:2915} INFO - Sync 1 DAGs
[2023-09-28T18:18:29.583+0000] {logging_mixin.py:151} INFO - [2023-09-28T18:18:29.583+0000] {dag.py:3696} INFO - Setting next_dagrun for example_branch_dop_operator_v3 to 2023-09-28T18:17:00+00:00, run_after=2023-09-28T18:18:00+00:00
[2023-09-28T18:18:29.596+0000] {processor.py:179} INFO - Processing /home/airflow/.local/lib/python3.8/site-packages/airflow/example_dags/example_branch_python_dop_operator_3.py took 0.061 seconds
[2023-09-28T18:19:00.521+0000] {processor.py:157} INFO - Started process (PID=574) to work on /home/airflow/.local/lib/python3.8/site-packages/airflow/example_dags/example_branch_python_dop_operator_3.py
[2023-09-28T18:19:00.525+0000] {processor.py:829} INFO - Processing file /home/airflow/.local/lib/python3.8/site-packages/airflow/example_dags/example_branch_python_dop_operator_3.py for tasks to queue
[2023-09-28T18:19:00.528+0000] {logging_mixin.py:151} INFO - [2023-09-28T18:19:00.527+0000] {dagbag.py:539} INFO - Filling up the DagBag from /home/airflow/.local/lib/python3.8/site-packages/airflow/example_dags/example_branch_python_dop_operator_3.py
[2023-09-28T18:19:00.534+0000] {processor.py:839} INFO - DAG(s) dict_keys(['example_branch_dop_operator_v3']) retrieved from /home/airflow/.local/lib/python3.8/site-packages/airflow/example_dags/example_branch_python_dop_operator_3.py
[2023-09-28T18:19:00.551+0000] {logging_mixin.py:151} INFO - [2023-09-28T18:19:00.551+0000] {dag.py:2915} INFO - Sync 1 DAGs
[2023-09-28T18:19:00.569+0000] {logging_mixin.py:151} INFO - [2023-09-28T18:19:00.569+0000] {dag.py:3696} INFO - Setting next_dagrun for example_branch_dop_operator_v3 to 2023-09-28T18:18:00+00:00, run_after=2023-09-28T18:19:00+00:00
[2023-09-28T18:19:00.582+0000] {processor.py:179} INFO - Processing /home/airflow/.local/lib/python3.8/site-packages/airflow/example_dags/example_branch_python_dop_operator_3.py took 0.063 seconds
[2023-09-28T18:19:31.181+0000] {processor.py:157} INFO - Started process (PID=628) to work on /home/airflow/.local/lib/python3.8/site-packages/airflow/example_dags/example_branch_python_dop_operator_3.py
[2023-09-28T18:19:31.183+0000] {processor.py:829} INFO - Processing file /home/airflow/.local/lib/python3.8/site-packages/airflow/example_dags/example_branch_python_dop_operator_3.py for tasks to queue
[2023-09-28T18:19:31.185+0000] {logging_mixin.py:151} INFO - [2023-09-28T18:19:31.185+0000] {dagbag.py:539} INFO - Filling up the DagBag from /home/airflow/.local/lib/python3.8/site-packages/airflow/example_dags/example_branch_python_dop_operator_3.py
[2023-09-28T18:19:31.194+0000] {processor.py:839} INFO - DAG(s) dict_keys(['example_branch_dop_operator_v3']) retrieved from /home/airflow/.local/lib/python3.8/site-packages/airflow/example_dags/example_branch_python_dop_operator_3.py
[2023-09-28T18:19:31.211+0000] {logging_mixin.py:151} INFO - [2023-09-28T18:19:31.211+0000] {dag.py:2915} INFO - Sync 1 DAGs
[2023-09-28T18:19:31.228+0000] {logging_mixin.py:151} INFO - [2023-09-28T18:19:31.228+0000] {dag.py:3696} INFO - Setting next_dagrun for example_branch_dop_operator_v3 to 2023-09-28T18:18:00+00:00, run_after=2023-09-28T18:19:00+00:00
[2023-09-28T18:19:31.241+0000] {processor.py:179} INFO - Processing /home/airflow/.local/lib/python3.8/site-packages/airflow/example_dags/example_branch_python_dop_operator_3.py took 0.062 seconds
[2023-09-28T18:20:01.916+0000] {processor.py:157} INFO - Started process (PID=682) to work on /home/airflow/.local/lib/python3.8/site-packages/airflow/example_dags/example_branch_python_dop_operator_3.py
[2023-09-28T18:20:01.918+0000] {processor.py:829} INFO - Processing file /home/airflow/.local/lib/python3.8/site-packages/airflow/example_dags/example_branch_python_dop_operator_3.py for tasks to queue
[2023-09-28T18:20:01.921+0000] {logging_mixin.py:151} INFO - [2023-09-28T18:20:01.920+0000] {dagbag.py:539} INFO - Filling up the DagBag from /home/airflow/.local/lib/python3.8/site-packages/airflow/example_dags/example_branch_python_dop_operator_3.py
[2023-09-28T18:20:01.927+0000] {processor.py:839} INFO - DAG(s) dict_keys(['example_branch_dop_operator_v3']) retrieved from /home/airflow/.local/lib/python3.8/site-packages/airflow/example_dags/example_branch_python_dop_operator_3.py
[2023-09-28T18:20:01.945+0000] {logging_mixin.py:151} INFO - [2023-09-28T18:20:01.944+0000] {dag.py:2915} INFO - Sync 1 DAGs
[2023-09-28T18:20:01.959+0000] {logging_mixin.py:151} INFO - [2023-09-28T18:20:01.958+0000] {dag.py:3696} INFO - Setting next_dagrun for example_branch_dop_operator_v3 to 2023-09-28T18:19:00+00:00, run_after=2023-09-28T18:20:00+00:00
[2023-09-28T18:20:01.970+0000] {processor.py:179} INFO - Processing /home/airflow/.local/lib/python3.8/site-packages/airflow/example_dags/example_branch_python_dop_operator_3.py took 0.056 seconds
[2023-09-28T18:20:32.607+0000] {processor.py:157} INFO - Started process (PID=735) to work on /home/airflow/.local/lib/python3.8/site-packages/airflow/example_dags/example_branch_python_dop_operator_3.py
[2023-09-28T18:20:32.609+0000] {processor.py:829} INFO - Processing file /home/airflow/.local/lib/python3.8/site-packages/airflow/example_dags/example_branch_python_dop_operator_3.py for tasks to queue
[2023-09-28T18:20:32.611+0000] {logging_mixin.py:151} INFO - [2023-09-28T18:20:32.611+0000] {dagbag.py:539} INFO - Filling up the DagBag from /home/airflow/.local/lib/python3.8/site-packages/airflow/example_dags/example_branch_python_dop_operator_3.py
[2023-09-28T18:20:32.618+0000] {processor.py:839} INFO - DAG(s) dict_keys(['example_branch_dop_operator_v3']) retrieved from /home/airflow/.local/lib/python3.8/site-packages/airflow/example_dags/example_branch_python_dop_operator_3.py
[2023-09-28T18:20:32.635+0000] {logging_mixin.py:151} INFO - [2023-09-28T18:20:32.635+0000] {dag.py:2915} INFO - Sync 1 DAGs
[2023-09-28T18:20:32.654+0000] {logging_mixin.py:151} INFO - [2023-09-28T18:20:32.654+0000] {dag.py:3696} INFO - Setting next_dagrun for example_branch_dop_operator_v3 to 2023-09-28T18:19:00+00:00, run_after=2023-09-28T18:20:00+00:00
[2023-09-28T18:20:32.667+0000] {processor.py:179} INFO - Processing /home/airflow/.local/lib/python3.8/site-packages/airflow/example_dags/example_branch_python_dop_operator_3.py took 0.063 seconds
[2023-09-28T18:21:03.195+0000] {processor.py:157} INFO - Started process (PID=789) to work on /home/airflow/.local/lib/python3.8/site-packages/airflow/example_dags/example_branch_python_dop_operator_3.py
[2023-09-28T18:21:03.196+0000] {processor.py:829} INFO - Processing file /home/airflow/.local/lib/python3.8/site-packages/airflow/example_dags/example_branch_python_dop_operator_3.py for tasks to queue
[2023-09-28T18:21:03.198+0000] {logging_mixin.py:151} INFO - [2023-09-28T18:21:03.198+0000] {dagbag.py:539} INFO - Filling up the DagBag from /home/airflow/.local/lib/python3.8/site-packages/airflow/example_dags/example_branch_python_dop_operator_3.py
[2023-09-28T18:21:03.205+0000] {processor.py:839} INFO - DAG(s) dict_keys(['example_branch_dop_operator_v3']) retrieved from /home/airflow/.local/lib/python3.8/site-packages/airflow/example_dags/example_branch_python_dop_operator_3.py
[2023-09-28T18:21:03.221+0000] {logging_mixin.py:151} INFO - [2023-09-28T18:21:03.221+0000] {dag.py:2915} INFO - Sync 1 DAGs
[2023-09-28T18:21:03.236+0000] {logging_mixin.py:151} INFO - [2023-09-28T18:21:03.236+0000] {dag.py:3696} INFO - Setting next_dagrun for example_branch_dop_operator_v3 to 2023-09-28T18:20:00+00:00, run_after=2023-09-28T18:21:00+00:00
[2023-09-28T18:21:03.246+0000] {processor.py:179} INFO - Processing /home/airflow/.local/lib/python3.8/site-packages/airflow/example_dags/example_branch_python_dop_operator_3.py took 0.054 seconds
[2023-09-28T18:21:33.336+0000] {processor.py:157} INFO - Started process (PID=843) to work on /home/airflow/.local/lib/python3.8/site-packages/airflow/example_dags/example_branch_python_dop_operator_3.py
[2023-09-28T18:21:33.338+0000] {processor.py:829} INFO - Processing file /home/airflow/.local/lib/python3.8/site-packages/airflow/example_dags/example_branch_python_dop_operator_3.py for tasks to queue
[2023-09-28T18:21:33.340+0000] {logging_mixin.py:151} INFO - [2023-09-28T18:21:33.340+0000] {dagbag.py:539} INFO - Filling up the DagBag from /home/airflow/.local/lib/python3.8/site-packages/airflow/example_dags/example_branch_python_dop_operator_3.py
[2023-09-28T18:21:33.346+0000] {processor.py:839} INFO - DAG(s) dict_keys(['example_branch_dop_operator_v3']) retrieved from /home/airflow/.local/lib/python3.8/site-packages/airflow/example_dags/example_branch_python_dop_operator_3.py
[2023-09-28T18:21:33.364+0000] {logging_mixin.py:151} INFO - [2023-09-28T18:21:33.364+0000] {dag.py:2915} INFO - Sync 1 DAGs
[2023-09-28T18:21:33.380+0000] {logging_mixin.py:151} INFO - [2023-09-28T18:21:33.380+0000] {dag.py:3696} INFO - Setting next_dagrun for example_branch_dop_operator_v3 to 2023-09-28T18:20:00+00:00, run_after=2023-09-28T18:21:00+00:00
[2023-09-28T18:21:33.394+0000] {processor.py:179} INFO - Processing /home/airflow/.local/lib/python3.8/site-packages/airflow/example_dags/example_branch_python_dop_operator_3.py took 0.060 seconds
[2023-09-28T18:22:03.930+0000] {processor.py:157} INFO - Started process (PID=897) to work on /home/airflow/.local/lib/python3.8/site-packages/airflow/example_dags/example_branch_python_dop_operator_3.py
[2023-09-28T18:22:03.932+0000] {processor.py:829} INFO - Processing file /home/airflow/.local/lib/python3.8/site-packages/airflow/example_dags/example_branch_python_dop_operator_3.py for tasks to queue
[2023-09-28T18:22:03.934+0000] {logging_mixin.py:151} INFO - [2023-09-28T18:22:03.934+0000] {dagbag.py:539} INFO - Filling up the DagBag from /home/airflow/.local/lib/python3.8/site-packages/airflow/example_dags/example_branch_python_dop_operator_3.py
[2023-09-28T18:22:03.941+0000] {processor.py:839} INFO - DAG(s) dict_keys(['example_branch_dop_operator_v3']) retrieved from /home/airflow/.local/lib/python3.8/site-packages/airflow/example_dags/example_branch_python_dop_operator_3.py
[2023-09-28T18:22:03.960+0000] {logging_mixin.py:151} INFO - [2023-09-28T18:22:03.960+0000] {dag.py:2915} INFO - Sync 1 DAGs
[2023-09-28T18:22:03.979+0000] {logging_mixin.py:151} INFO - [2023-09-28T18:22:03.978+0000] {dag.py:3696} INFO - Setting next_dagrun for example_branch_dop_operator_v3 to 2023-09-28T18:21:00+00:00, run_after=2023-09-28T18:22:00+00:00
[2023-09-28T18:22:03.993+0000] {processor.py:179} INFO - Processing /home/airflow/.local/lib/python3.8/site-packages/airflow/example_dags/example_branch_python_dop_operator_3.py took 0.065 seconds
[2023-09-28T18:22:34.779+0000] {processor.py:157} INFO - Started process (PID=950) to work on /home/airflow/.local/lib/python3.8/site-packages/airflow/example_dags/example_branch_python_dop_operator_3.py
[2023-09-28T18:22:34.781+0000] {processor.py:829} INFO - Processing file /home/airflow/.local/lib/python3.8/site-packages/airflow/example_dags/example_branch_python_dop_operator_3.py for tasks to queue
[2023-09-28T18:22:34.783+0000] {logging_mixin.py:151} INFO - [2023-09-28T18:22:34.783+0000] {dagbag.py:539} INFO - Filling up the DagBag from /home/airflow/.local/lib/python3.8/site-packages/airflow/example_dags/example_branch_python_dop_operator_3.py
[2023-09-28T18:22:34.789+0000] {processor.py:839} INFO - DAG(s) dict_keys(['example_branch_dop_operator_v3']) retrieved from /home/airflow/.local/lib/python3.8/site-packages/airflow/example_dags/example_branch_python_dop_operator_3.py
[2023-09-28T18:22:34.806+0000] {logging_mixin.py:151} INFO - [2023-09-28T18:22:34.806+0000] {dag.py:2915} INFO - Sync 1 DAGs
[2023-09-28T18:22:34.823+0000] {logging_mixin.py:151} INFO - [2023-09-28T18:22:34.822+0000] {dag.py:3696} INFO - Setting next_dagrun for example_branch_dop_operator_v3 to 2023-09-28T18:21:00+00:00, run_after=2023-09-28T18:22:00+00:00
[2023-09-28T18:22:34.835+0000] {processor.py:179} INFO - Processing /home/airflow/.local/lib/python3.8/site-packages/airflow/example_dags/example_branch_python_dop_operator_3.py took 0.059 seconds
[2023-09-28T18:23:05.549+0000] {processor.py:157} INFO - Started process (PID=1003) to work on /home/airflow/.local/lib/python3.8/site-packages/airflow/example_dags/example_branch_python_dop_operator_3.py
[2023-09-28T18:23:05.551+0000] {processor.py:829} INFO - Processing file /home/airflow/.local/lib/python3.8/site-packages/airflow/example_dags/example_branch_python_dop_operator_3.py for tasks to queue
[2023-09-28T18:23:05.553+0000] {logging_mixin.py:151} INFO - [2023-09-28T18:23:05.553+0000] {dagbag.py:539} INFO - Filling up the DagBag from /home/airflow/.local/lib/python3.8/site-packages/airflow/example_dags/example_branch_python_dop_operator_3.py
[2023-09-28T18:23:05.570+0000] {processor.py:839} INFO - DAG(s) dict_keys(['example_branch_dop_operator_v3']) retrieved from /home/airflow/.local/lib/python3.8/site-packages/airflow/example_dags/example_branch_python_dop_operator_3.py
[2023-09-28T18:23:05.617+0000] {logging_mixin.py:151} INFO - [2023-09-28T18:23:05.616+0000] {dag.py:2915} INFO - Sync 1 DAGs
[2023-09-28T18:23:05.652+0000] {logging_mixin.py:151} INFO - [2023-09-28T18:23:05.651+0000] {dag.py:3696} INFO - Setting next_dagrun for example_branch_dop_operator_v3 to 2023-09-28T18:22:00+00:00, run_after=2023-09-28T18:23:00+00:00
[2023-09-28T18:23:05.670+0000] {processor.py:179} INFO - Processing /home/airflow/.local/lib/python3.8/site-packages/airflow/example_dags/example_branch_python_dop_operator_3.py took 0.123 seconds
[2023-09-28T18:23:35.697+0000] {processor.py:157} INFO - Started process (PID=1057) to work on /home/airflow/.local/lib/python3.8/site-packages/airflow/example_dags/example_branch_python_dop_operator_3.py
[2023-09-28T18:23:35.699+0000] {processor.py:829} INFO - Processing file /home/airflow/.local/lib/python3.8/site-packages/airflow/example_dags/example_branch_python_dop_operator_3.py for tasks to queue
[2023-09-28T18:23:35.702+0000] {logging_mixin.py:151} INFO - [2023-09-28T18:23:35.701+0000] {dagbag.py:539} INFO - Filling up the DagBag from /home/airflow/.local/lib/python3.8/site-packages/airflow/example_dags/example_branch_python_dop_operator_3.py
[2023-09-28T18:23:35.708+0000] {processor.py:839} INFO - DAG(s) dict_keys(['example_branch_dop_operator_v3']) retrieved from /home/airflow/.local/lib/python3.8/site-packages/airflow/example_dags/example_branch_python_dop_operator_3.py
[2023-09-28T18:23:35.723+0000] {logging_mixin.py:151} INFO - [2023-09-28T18:23:35.723+0000] {dag.py:2915} INFO - Sync 1 DAGs
[2023-09-28T18:23:35.737+0000] {logging_mixin.py:151} INFO - [2023-09-28T18:23:35.737+0000] {dag.py:3696} INFO - Setting next_dagrun for example_branch_dop_operator_v3 to 2023-09-28T18:22:00+00:00, run_after=2023-09-28T18:23:00+00:00
[2023-09-28T18:23:35.749+0000] {processor.py:179} INFO - Processing /home/airflow/.local/lib/python3.8/site-packages/airflow/example_dags/example_branch_python_dop_operator_3.py took 0.054 seconds
[2023-09-28T18:34:42.090+0000] {processor.py:157} INFO - Started process (PID=34) to work on /home/airflow/.local/lib/python3.8/site-packages/airflow/example_dags/example_branch_python_dop_operator_3.py
[2023-09-28T18:34:42.092+0000] {processor.py:829} INFO - Processing file /home/airflow/.local/lib/python3.8/site-packages/airflow/example_dags/example_branch_python_dop_operator_3.py for tasks to queue
[2023-09-28T18:34:42.095+0000] {logging_mixin.py:151} INFO - [2023-09-28T18:34:42.095+0000] {dagbag.py:539} INFO - Filling up the DagBag from /home/airflow/.local/lib/python3.8/site-packages/airflow/example_dags/example_branch_python_dop_operator_3.py
[2023-09-28T18:34:42.108+0000] {processor.py:839} INFO - DAG(s) dict_keys(['example_branch_dop_operator_v3']) retrieved from /home/airflow/.local/lib/python3.8/site-packages/airflow/example_dags/example_branch_python_dop_operator_3.py
[2023-09-28T18:34:42.121+0000] {logging_mixin.py:151} INFO - [2023-09-28T18:34:42.121+0000] {dag.py:2915} INFO - Sync 1 DAGs
[2023-09-28T18:34:42.157+0000] {logging_mixin.py:151} INFO - [2023-09-28T18:34:42.157+0000] {dag.py:3696} INFO - Setting next_dagrun for example_branch_dop_operator_v3 to 2023-09-28T18:33:00+00:00, run_after=2023-09-28T18:34:00+00:00
[2023-09-28T18:34:42.170+0000] {processor.py:179} INFO - Processing /home/airflow/.local/lib/python3.8/site-packages/airflow/example_dags/example_branch_python_dop_operator_3.py took 0.083 seconds
[2023-09-28T18:35:12.700+0000] {processor.py:157} INFO - Started process (PID=88) to work on /home/airflow/.local/lib/python3.8/site-packages/airflow/example_dags/example_branch_python_dop_operator_3.py
[2023-09-28T18:35:12.703+0000] {processor.py:829} INFO - Processing file /home/airflow/.local/lib/python3.8/site-packages/airflow/example_dags/example_branch_python_dop_operator_3.py for tasks to queue
[2023-09-28T18:35:12.706+0000] {logging_mixin.py:151} INFO - [2023-09-28T18:35:12.706+0000] {dagbag.py:539} INFO - Filling up the DagBag from /home/airflow/.local/lib/python3.8/site-packages/airflow/example_dags/example_branch_python_dop_operator_3.py
[2023-09-28T18:35:12.714+0000] {processor.py:839} INFO - DAG(s) dict_keys(['example_branch_dop_operator_v3']) retrieved from /home/airflow/.local/lib/python3.8/site-packages/airflow/example_dags/example_branch_python_dop_operator_3.py
[2023-09-28T18:35:12.733+0000] {logging_mixin.py:151} INFO - [2023-09-28T18:35:12.733+0000] {dag.py:2915} INFO - Sync 1 DAGs
[2023-09-28T18:35:12.748+0000] {logging_mixin.py:151} INFO - [2023-09-28T18:35:12.748+0000] {dag.py:3696} INFO - Setting next_dagrun for example_branch_dop_operator_v3 to 2023-09-28T18:34:00+00:00, run_after=2023-09-28T18:35:00+00:00
[2023-09-28T18:35:12.759+0000] {processor.py:179} INFO - Processing /home/airflow/.local/lib/python3.8/site-packages/airflow/example_dags/example_branch_python_dop_operator_3.py took 0.062 seconds
[2023-09-28T18:35:42.874+0000] {processor.py:157} INFO - Started process (PID=142) to work on /home/airflow/.local/lib/python3.8/site-packages/airflow/example_dags/example_branch_python_dop_operator_3.py
[2023-09-28T18:35:42.877+0000] {processor.py:829} INFO - Processing file /home/airflow/.local/lib/python3.8/site-packages/airflow/example_dags/example_branch_python_dop_operator_3.py for tasks to queue
[2023-09-28T18:35:42.879+0000] {logging_mixin.py:151} INFO - [2023-09-28T18:35:42.879+0000] {dagbag.py:539} INFO - Filling up the DagBag from /home/airflow/.local/lib/python3.8/site-packages/airflow/example_dags/example_branch_python_dop_operator_3.py
[2023-09-28T18:35:42.886+0000] {processor.py:839} INFO - DAG(s) dict_keys(['example_branch_dop_operator_v3']) retrieved from /home/airflow/.local/lib/python3.8/site-packages/airflow/example_dags/example_branch_python_dop_operator_3.py
[2023-09-28T18:35:42.907+0000] {logging_mixin.py:151} INFO - [2023-09-28T18:35:42.907+0000] {dag.py:2915} INFO - Sync 1 DAGs
[2023-09-28T18:35:42.932+0000] {logging_mixin.py:151} INFO - [2023-09-28T18:35:42.931+0000] {dag.py:3696} INFO - Setting next_dagrun for example_branch_dop_operator_v3 to 2023-09-28T18:34:00+00:00, run_after=2023-09-28T18:35:00+00:00
[2023-09-28T18:35:42.953+0000] {processor.py:179} INFO - Processing /home/airflow/.local/lib/python3.8/site-packages/airflow/example_dags/example_branch_python_dop_operator_3.py took 0.082 seconds
[2023-09-28T18:36:13.030+0000] {processor.py:157} INFO - Started process (PID=196) to work on /home/airflow/.local/lib/python3.8/site-packages/airflow/example_dags/example_branch_python_dop_operator_3.py
[2023-09-28T18:36:13.032+0000] {processor.py:829} INFO - Processing file /home/airflow/.local/lib/python3.8/site-packages/airflow/example_dags/example_branch_python_dop_operator_3.py for tasks to queue
[2023-09-28T18:36:13.035+0000] {logging_mixin.py:151} INFO - [2023-09-28T18:36:13.035+0000] {dagbag.py:539} INFO - Filling up the DagBag from /home/airflow/.local/lib/python3.8/site-packages/airflow/example_dags/example_branch_python_dop_operator_3.py
[2023-09-28T18:36:13.042+0000] {processor.py:839} INFO - DAG(s) dict_keys(['example_branch_dop_operator_v3']) retrieved from /home/airflow/.local/lib/python3.8/site-packages/airflow/example_dags/example_branch_python_dop_operator_3.py
[2023-09-28T18:36:13.058+0000] {logging_mixin.py:151} INFO - [2023-09-28T18:36:13.058+0000] {dag.py:2915} INFO - Sync 1 DAGs
[2023-09-28T18:36:13.074+0000] {logging_mixin.py:151} INFO - [2023-09-28T18:36:13.074+0000] {dag.py:3696} INFO - Setting next_dagrun for example_branch_dop_operator_v3 to 2023-09-28T18:35:00+00:00, run_after=2023-09-28T18:36:00+00:00
[2023-09-28T18:36:13.089+0000] {processor.py:179} INFO - Processing /home/airflow/.local/lib/python3.8/site-packages/airflow/example_dags/example_branch_python_dop_operator_3.py took 0.061 seconds
