[2023-09-28T18:05:28.852+0000] {processor.py:157} INFO - Started process (PID=56) to work on /home/airflow/.local/lib/python3.8/site-packages/airflow/example_dags/example_latest_only_with_trigger.py
[2023-09-28T18:05:28.856+0000] {processor.py:829} INFO - Processing file /home/airflow/.local/lib/python3.8/site-packages/airflow/example_dags/example_latest_only_with_trigger.py for tasks to queue
[2023-09-28T18:05:28.861+0000] {logging_mixin.py:151} INFO - [2023-09-28T18:05:28.860+0000] {dagbag.py:539} INFO - Filling up the DagBag from /home/airflow/.local/lib/python3.8/site-packages/airflow/example_dags/example_latest_only_with_trigger.py
[2023-09-28T18:05:28.868+0000] {processor.py:839} INFO - DAG(s) dict_keys(['latest_only_with_trigger']) retrieved from /home/airflow/.local/lib/python3.8/site-packages/airflow/example_dags/example_latest_only_with_trigger.py
[2023-09-28T18:05:28.886+0000] {logging_mixin.py:151} INFO - [2023-09-28T18:05:28.885+0000] {dag.py:2915} INFO - Sync 1 DAGs
[2023-09-28T18:05:28.907+0000] {logging_mixin.py:151} INFO - [2023-09-28T18:05:28.907+0000] {dag.py:3696} INFO - Setting next_dagrun for latest_only_with_trigger to 2023-09-28T14:05:28.906702+00:00, run_after=2023-09-28T18:05:28.906702+00:00
[2023-09-28T18:05:28.932+0000] {processor.py:179} INFO - Processing /home/airflow/.local/lib/python3.8/site-packages/airflow/example_dags/example_latest_only_with_trigger.py took 0.088 seconds
[2023-09-28T18:05:59.711+0000] {processor.py:157} INFO - Started process (PID=109) to work on /home/airflow/.local/lib/python3.8/site-packages/airflow/example_dags/example_latest_only_with_trigger.py
[2023-09-28T18:05:59.713+0000] {processor.py:829} INFO - Processing file /home/airflow/.local/lib/python3.8/site-packages/airflow/example_dags/example_latest_only_with_trigger.py for tasks to queue
[2023-09-28T18:05:59.716+0000] {logging_mixin.py:151} INFO - [2023-09-28T18:05:59.715+0000] {dagbag.py:539} INFO - Filling up the DagBag from /home/airflow/.local/lib/python3.8/site-packages/airflow/example_dags/example_latest_only_with_trigger.py
[2023-09-28T18:05:59.720+0000] {processor.py:839} INFO - DAG(s) dict_keys(['latest_only_with_trigger']) retrieved from /home/airflow/.local/lib/python3.8/site-packages/airflow/example_dags/example_latest_only_with_trigger.py
[2023-09-28T18:05:59.740+0000] {logging_mixin.py:151} INFO - [2023-09-28T18:05:59.740+0000] {dag.py:2915} INFO - Sync 1 DAGs
[2023-09-28T18:05:59.755+0000] {logging_mixin.py:151} INFO - [2023-09-28T18:05:59.755+0000] {dag.py:3696} INFO - Setting next_dagrun for latest_only_with_trigger to 2023-09-28T14:05:59.755051+00:00, run_after=2023-09-28T18:05:59.755051+00:00
[2023-09-28T18:05:59.766+0000] {processor.py:179} INFO - Processing /home/airflow/.local/lib/python3.8/site-packages/airflow/example_dags/example_latest_only_with_trigger.py took 0.057 seconds
[2023-09-28T18:06:30.709+0000] {processor.py:157} INFO - Started process (PID=163) to work on /home/airflow/.local/lib/python3.8/site-packages/airflow/example_dags/example_latest_only_with_trigger.py
[2023-09-28T18:06:30.711+0000] {processor.py:829} INFO - Processing file /home/airflow/.local/lib/python3.8/site-packages/airflow/example_dags/example_latest_only_with_trigger.py for tasks to queue
[2023-09-28T18:06:30.714+0000] {logging_mixin.py:151} INFO - [2023-09-28T18:06:30.713+0000] {dagbag.py:539} INFO - Filling up the DagBag from /home/airflow/.local/lib/python3.8/site-packages/airflow/example_dags/example_latest_only_with_trigger.py
[2023-09-28T18:06:30.718+0000] {processor.py:839} INFO - DAG(s) dict_keys(['latest_only_with_trigger']) retrieved from /home/airflow/.local/lib/python3.8/site-packages/airflow/example_dags/example_latest_only_with_trigger.py
[2023-09-28T18:06:30.740+0000] {logging_mixin.py:151} INFO - [2023-09-28T18:06:30.740+0000] {dag.py:2915} INFO - Sync 1 DAGs
[2023-09-28T18:06:30.755+0000] {logging_mixin.py:151} INFO - [2023-09-28T18:06:30.755+0000] {dag.py:3696} INFO - Setting next_dagrun for latest_only_with_trigger to 2023-09-28T14:06:30.755257+00:00, run_after=2023-09-28T18:06:30.755257+00:00
[2023-09-28T18:06:30.768+0000] {processor.py:179} INFO - Processing /home/airflow/.local/lib/python3.8/site-packages/airflow/example_dags/example_latest_only_with_trigger.py took 0.062 seconds
[2023-09-28T18:07:00.871+0000] {processor.py:157} INFO - Started process (PID=217) to work on /home/airflow/.local/lib/python3.8/site-packages/airflow/example_dags/example_latest_only_with_trigger.py
[2023-09-28T18:07:00.873+0000] {processor.py:829} INFO - Processing file /home/airflow/.local/lib/python3.8/site-packages/airflow/example_dags/example_latest_only_with_trigger.py for tasks to queue
[2023-09-28T18:07:00.876+0000] {logging_mixin.py:151} INFO - [2023-09-28T18:07:00.875+0000] {dagbag.py:539} INFO - Filling up the DagBag from /home/airflow/.local/lib/python3.8/site-packages/airflow/example_dags/example_latest_only_with_trigger.py
[2023-09-28T18:07:00.880+0000] {processor.py:839} INFO - DAG(s) dict_keys(['latest_only_with_trigger']) retrieved from /home/airflow/.local/lib/python3.8/site-packages/airflow/example_dags/example_latest_only_with_trigger.py
[2023-09-28T18:07:00.896+0000] {logging_mixin.py:151} INFO - [2023-09-28T18:07:00.896+0000] {dag.py:2915} INFO - Sync 1 DAGs
[2023-09-28T18:07:00.912+0000] {logging_mixin.py:151} INFO - [2023-09-28T18:07:00.911+0000] {dag.py:3696} INFO - Setting next_dagrun for latest_only_with_trigger to 2023-09-28T14:07:00.911803+00:00, run_after=2023-09-28T18:07:00.911803+00:00
[2023-09-28T18:07:00.927+0000] {processor.py:179} INFO - Processing /home/airflow/.local/lib/python3.8/site-packages/airflow/example_dags/example_latest_only_with_trigger.py took 0.058 seconds
[2023-09-28T18:07:31.629+0000] {processor.py:157} INFO - Started process (PID=271) to work on /home/airflow/.local/lib/python3.8/site-packages/airflow/example_dags/example_latest_only_with_trigger.py
[2023-09-28T18:07:31.631+0000] {processor.py:829} INFO - Processing file /home/airflow/.local/lib/python3.8/site-packages/airflow/example_dags/example_latest_only_with_trigger.py for tasks to queue
[2023-09-28T18:07:31.635+0000] {logging_mixin.py:151} INFO - [2023-09-28T18:07:31.635+0000] {dagbag.py:539} INFO - Filling up the DagBag from /home/airflow/.local/lib/python3.8/site-packages/airflow/example_dags/example_latest_only_with_trigger.py
[2023-09-28T18:07:31.641+0000] {processor.py:839} INFO - DAG(s) dict_keys(['latest_only_with_trigger']) retrieved from /home/airflow/.local/lib/python3.8/site-packages/airflow/example_dags/example_latest_only_with_trigger.py
[2023-09-28T18:07:31.663+0000] {logging_mixin.py:151} INFO - [2023-09-28T18:07:31.663+0000] {dag.py:2915} INFO - Sync 1 DAGs
[2023-09-28T18:07:31.684+0000] {logging_mixin.py:151} INFO - [2023-09-28T18:07:31.684+0000] {dag.py:3696} INFO - Setting next_dagrun for latest_only_with_trigger to 2023-09-28T14:07:31.683904+00:00, run_after=2023-09-28T18:07:31.683904+00:00
[2023-09-28T18:07:31.702+0000] {processor.py:179} INFO - Processing /home/airflow/.local/lib/python3.8/site-packages/airflow/example_dags/example_latest_only_with_trigger.py took 0.077 seconds
[2023-09-28T18:08:02.480+0000] {processor.py:157} INFO - Started process (PID=325) to work on /home/airflow/.local/lib/python3.8/site-packages/airflow/example_dags/example_latest_only_with_trigger.py
[2023-09-28T18:08:02.482+0000] {processor.py:829} INFO - Processing file /home/airflow/.local/lib/python3.8/site-packages/airflow/example_dags/example_latest_only_with_trigger.py for tasks to queue
[2023-09-28T18:08:02.485+0000] {logging_mixin.py:151} INFO - [2023-09-28T18:08:02.484+0000] {dagbag.py:539} INFO - Filling up the DagBag from /home/airflow/.local/lib/python3.8/site-packages/airflow/example_dags/example_latest_only_with_trigger.py
[2023-09-28T18:08:02.489+0000] {processor.py:839} INFO - DAG(s) dict_keys(['latest_only_with_trigger']) retrieved from /home/airflow/.local/lib/python3.8/site-packages/airflow/example_dags/example_latest_only_with_trigger.py
[2023-09-28T18:08:02.506+0000] {logging_mixin.py:151} INFO - [2023-09-28T18:08:02.506+0000] {dag.py:2915} INFO - Sync 1 DAGs
[2023-09-28T18:08:02.523+0000] {logging_mixin.py:151} INFO - [2023-09-28T18:08:02.522+0000] {dag.py:3696} INFO - Setting next_dagrun for latest_only_with_trigger to 2023-09-28T14:08:02.522787+00:00, run_after=2023-09-28T18:08:02.522787+00:00
[2023-09-28T18:08:02.536+0000] {processor.py:179} INFO - Processing /home/airflow/.local/lib/python3.8/site-packages/airflow/example_dags/example_latest_only_with_trigger.py took 0.058 seconds
[2023-09-28T18:08:32.682+0000] {processor.py:157} INFO - Started process (PID=379) to work on /home/airflow/.local/lib/python3.8/site-packages/airflow/example_dags/example_latest_only_with_trigger.py
[2023-09-28T18:08:32.685+0000] {processor.py:829} INFO - Processing file /home/airflow/.local/lib/python3.8/site-packages/airflow/example_dags/example_latest_only_with_trigger.py for tasks to queue
[2023-09-28T18:08:32.687+0000] {logging_mixin.py:151} INFO - [2023-09-28T18:08:32.687+0000] {dagbag.py:539} INFO - Filling up the DagBag from /home/airflow/.local/lib/python3.8/site-packages/airflow/example_dags/example_latest_only_with_trigger.py
[2023-09-28T18:08:32.692+0000] {processor.py:839} INFO - DAG(s) dict_keys(['latest_only_with_trigger']) retrieved from /home/airflow/.local/lib/python3.8/site-packages/airflow/example_dags/example_latest_only_with_trigger.py
[2023-09-28T18:08:32.711+0000] {logging_mixin.py:151} INFO - [2023-09-28T18:08:32.711+0000] {dag.py:2915} INFO - Sync 1 DAGs
[2023-09-28T18:08:32.728+0000] {logging_mixin.py:151} INFO - [2023-09-28T18:08:32.728+0000] {dag.py:3696} INFO - Setting next_dagrun for latest_only_with_trigger to 2023-09-28T14:08:32.728359+00:00, run_after=2023-09-28T18:08:32.728359+00:00
[2023-09-28T18:08:32.741+0000] {processor.py:179} INFO - Processing /home/airflow/.local/lib/python3.8/site-packages/airflow/example_dags/example_latest_only_with_trigger.py took 0.062 seconds
[2023-09-28T18:09:03.504+0000] {processor.py:157} INFO - Started process (PID=433) to work on /home/airflow/.local/lib/python3.8/site-packages/airflow/example_dags/example_latest_only_with_trigger.py
[2023-09-28T18:09:03.505+0000] {processor.py:829} INFO - Processing file /home/airflow/.local/lib/python3.8/site-packages/airflow/example_dags/example_latest_only_with_trigger.py for tasks to queue
[2023-09-28T18:09:03.508+0000] {logging_mixin.py:151} INFO - [2023-09-28T18:09:03.507+0000] {dagbag.py:539} INFO - Filling up the DagBag from /home/airflow/.local/lib/python3.8/site-packages/airflow/example_dags/example_latest_only_with_trigger.py
[2023-09-28T18:09:03.512+0000] {processor.py:839} INFO - DAG(s) dict_keys(['latest_only_with_trigger']) retrieved from /home/airflow/.local/lib/python3.8/site-packages/airflow/example_dags/example_latest_only_with_trigger.py
[2023-09-28T18:09:03.528+0000] {logging_mixin.py:151} INFO - [2023-09-28T18:09:03.528+0000] {dag.py:2915} INFO - Sync 1 DAGs
[2023-09-28T18:09:03.544+0000] {logging_mixin.py:151} INFO - [2023-09-28T18:09:03.544+0000] {dag.py:3696} INFO - Setting next_dagrun for latest_only_with_trigger to 2023-09-28T14:09:03.544201+00:00, run_after=2023-09-28T18:09:03.544201+00:00
[2023-09-28T18:09:03.555+0000] {processor.py:179} INFO - Processing /home/airflow/.local/lib/python3.8/site-packages/airflow/example_dags/example_latest_only_with_trigger.py took 0.053 seconds
[2023-09-28T18:09:34.261+0000] {processor.py:157} INFO - Started process (PID=486) to work on /home/airflow/.local/lib/python3.8/site-packages/airflow/example_dags/example_latest_only_with_trigger.py
[2023-09-28T18:09:34.262+0000] {processor.py:829} INFO - Processing file /home/airflow/.local/lib/python3.8/site-packages/airflow/example_dags/example_latest_only_with_trigger.py for tasks to queue
[2023-09-28T18:09:34.265+0000] {logging_mixin.py:151} INFO - [2023-09-28T18:09:34.265+0000] {dagbag.py:539} INFO - Filling up the DagBag from /home/airflow/.local/lib/python3.8/site-packages/airflow/example_dags/example_latest_only_with_trigger.py
[2023-09-28T18:09:34.270+0000] {processor.py:839} INFO - DAG(s) dict_keys(['latest_only_with_trigger']) retrieved from /home/airflow/.local/lib/python3.8/site-packages/airflow/example_dags/example_latest_only_with_trigger.py
[2023-09-28T18:09:34.287+0000] {logging_mixin.py:151} INFO - [2023-09-28T18:09:34.287+0000] {dag.py:2915} INFO - Sync 1 DAGs
[2023-09-28T18:09:34.301+0000] {logging_mixin.py:151} INFO - [2023-09-28T18:09:34.301+0000] {dag.py:3696} INFO - Setting next_dagrun for latest_only_with_trigger to 2023-09-28T14:09:34.301035+00:00, run_after=2023-09-28T18:09:34.301035+00:00
[2023-09-28T18:09:34.313+0000] {processor.py:179} INFO - Processing /home/airflow/.local/lib/python3.8/site-packages/airflow/example_dags/example_latest_only_with_trigger.py took 0.055 seconds
[2023-09-28T18:10:04.975+0000] {processor.py:157} INFO - Started process (PID=540) to work on /home/airflow/.local/lib/python3.8/site-packages/airflow/example_dags/example_latest_only_with_trigger.py
[2023-09-28T18:10:04.977+0000] {processor.py:829} INFO - Processing file /home/airflow/.local/lib/python3.8/site-packages/airflow/example_dags/example_latest_only_with_trigger.py for tasks to queue
[2023-09-28T18:10:04.980+0000] {logging_mixin.py:151} INFO - [2023-09-28T18:10:04.979+0000] {dagbag.py:539} INFO - Filling up the DagBag from /home/airflow/.local/lib/python3.8/site-packages/airflow/example_dags/example_latest_only_with_trigger.py
[2023-09-28T18:10:04.984+0000] {processor.py:839} INFO - DAG(s) dict_keys(['latest_only_with_trigger']) retrieved from /home/airflow/.local/lib/python3.8/site-packages/airflow/example_dags/example_latest_only_with_trigger.py
[2023-09-28T18:10:05.001+0000] {logging_mixin.py:151} INFO - [2023-09-28T18:10:05.001+0000] {dag.py:2915} INFO - Sync 1 DAGs
[2023-09-28T18:10:05.015+0000] {logging_mixin.py:151} INFO - [2023-09-28T18:10:05.015+0000] {dag.py:3696} INFO - Setting next_dagrun for latest_only_with_trigger to 2023-09-28T14:10:05.015067+00:00, run_after=2023-09-28T18:10:05.015067+00:00
[2023-09-28T18:10:05.032+0000] {processor.py:179} INFO - Processing /home/airflow/.local/lib/python3.8/site-packages/airflow/example_dags/example_latest_only_with_trigger.py took 0.060 seconds
[2023-09-28T18:10:35.889+0000] {processor.py:157} INFO - Started process (PID=594) to work on /home/airflow/.local/lib/python3.8/site-packages/airflow/example_dags/example_latest_only_with_trigger.py
[2023-09-28T18:10:35.891+0000] {processor.py:829} INFO - Processing file /home/airflow/.local/lib/python3.8/site-packages/airflow/example_dags/example_latest_only_with_trigger.py for tasks to queue
[2023-09-28T18:10:35.894+0000] {logging_mixin.py:151} INFO - [2023-09-28T18:10:35.894+0000] {dagbag.py:539} INFO - Filling up the DagBag from /home/airflow/.local/lib/python3.8/site-packages/airflow/example_dags/example_latest_only_with_trigger.py
[2023-09-28T18:10:35.899+0000] {processor.py:839} INFO - DAG(s) dict_keys(['latest_only_with_trigger']) retrieved from /home/airflow/.local/lib/python3.8/site-packages/airflow/example_dags/example_latest_only_with_trigger.py
[2023-09-28T18:10:35.918+0000] {logging_mixin.py:151} INFO - [2023-09-28T18:10:35.918+0000] {dag.py:2915} INFO - Sync 1 DAGs
[2023-09-28T18:10:35.933+0000] {logging_mixin.py:151} INFO - [2023-09-28T18:10:35.933+0000] {dag.py:3696} INFO - Setting next_dagrun for latest_only_with_trigger to 2023-09-28T14:10:35.933357+00:00, run_after=2023-09-28T18:10:35.933357+00:00
[2023-09-28T18:10:35.946+0000] {processor.py:179} INFO - Processing /home/airflow/.local/lib/python3.8/site-packages/airflow/example_dags/example_latest_only_with_trigger.py took 0.060 seconds
[2023-09-28T18:11:07.062+0000] {processor.py:157} INFO - Started process (PID=648) to work on /home/airflow/.local/lib/python3.8/site-packages/airflow/example_dags/example_latest_only_with_trigger.py
[2023-09-28T18:11:07.065+0000] {processor.py:829} INFO - Processing file /home/airflow/.local/lib/python3.8/site-packages/airflow/example_dags/example_latest_only_with_trigger.py for tasks to queue
[2023-09-28T18:11:07.069+0000] {logging_mixin.py:151} INFO - [2023-09-28T18:11:07.069+0000] {dagbag.py:539} INFO - Filling up the DagBag from /home/airflow/.local/lib/python3.8/site-packages/airflow/example_dags/example_latest_only_with_trigger.py
[2023-09-28T18:11:07.082+0000] {processor.py:839} INFO - DAG(s) dict_keys(['latest_only_with_trigger']) retrieved from /home/airflow/.local/lib/python3.8/site-packages/airflow/example_dags/example_latest_only_with_trigger.py
[2023-09-28T18:11:07.101+0000] {logging_mixin.py:151} INFO - [2023-09-28T18:11:07.100+0000] {dag.py:2915} INFO - Sync 1 DAGs
[2023-09-28T18:11:07.119+0000] {logging_mixin.py:151} INFO - [2023-09-28T18:11:07.116+0000] {dag.py:3696} INFO - Setting next_dagrun for latest_only_with_trigger to 2023-09-28T14:11:07.116402+00:00, run_after=2023-09-28T18:11:07.116402+00:00
[2023-09-28T18:11:07.168+0000] {processor.py:179} INFO - Processing /home/airflow/.local/lib/python3.8/site-packages/airflow/example_dags/example_latest_only_with_trigger.py took 0.111 seconds
[2023-09-28T18:13:56.842+0000] {processor.py:157} INFO - Started process (PID=55) to work on /home/airflow/.local/lib/python3.8/site-packages/airflow/example_dags/example_latest_only_with_trigger.py
[2023-09-28T18:13:56.845+0000] {processor.py:829} INFO - Processing file /home/airflow/.local/lib/python3.8/site-packages/airflow/example_dags/example_latest_only_with_trigger.py for tasks to queue
[2023-09-28T18:13:56.849+0000] {logging_mixin.py:151} INFO - [2023-09-28T18:13:56.849+0000] {dagbag.py:539} INFO - Filling up the DagBag from /home/airflow/.local/lib/python3.8/site-packages/airflow/example_dags/example_latest_only_with_trigger.py
[2023-09-28T18:13:56.854+0000] {processor.py:839} INFO - DAG(s) dict_keys(['latest_only_with_trigger']) retrieved from /home/airflow/.local/lib/python3.8/site-packages/airflow/example_dags/example_latest_only_with_trigger.py
[2023-09-28T18:13:56.945+0000] {logging_mixin.py:151} INFO - [2023-09-28T18:13:56.945+0000] {manager.py:499} INFO - Created Permission View: %s
[2023-09-28T18:13:56.953+0000] {logging_mixin.py:151} INFO - [2023-09-28T18:13:56.953+0000] {manager.py:499} INFO - Created Permission View: %s
[2023-09-28T18:13:56.958+0000] {logging_mixin.py:151} INFO - [2023-09-28T18:13:56.958+0000] {manager.py:499} INFO - Created Permission View: %s
[2023-09-28T18:13:56.959+0000] {logging_mixin.py:151} INFO - [2023-09-28T18:13:56.959+0000] {security.py:708} INFO - Not syncing DAG-level permissions for DAG 'DAG:latest_only_with_trigger' as access control is unset.
[2023-09-28T18:13:56.961+0000] {logging_mixin.py:151} INFO - [2023-09-28T18:13:56.960+0000] {dag.py:2915} INFO - Sync 1 DAGs
[2023-09-28T18:13:56.968+0000] {logging_mixin.py:151} INFO - [2023-09-28T18:13:56.968+0000] {dag.py:2937} INFO - Creating ORM DAG for latest_only_with_trigger
[2023-09-28T18:13:56.976+0000] {logging_mixin.py:151} INFO - [2023-09-28T18:13:56.975+0000] {dag.py:3696} INFO - Setting next_dagrun for latest_only_with_trigger to 2023-09-28T14:13:56.975746+00:00, run_after=2023-09-28T18:13:56.975746+00:00
[2023-09-28T18:13:56.990+0000] {processor.py:179} INFO - Processing /home/airflow/.local/lib/python3.8/site-packages/airflow/example_dags/example_latest_only_with_trigger.py took 0.150 seconds
[2023-09-28T18:14:27.025+0000] {processor.py:157} INFO - Started process (PID=109) to work on /home/airflow/.local/lib/python3.8/site-packages/airflow/example_dags/example_latest_only_with_trigger.py
[2023-09-28T18:14:27.028+0000] {processor.py:829} INFO - Processing file /home/airflow/.local/lib/python3.8/site-packages/airflow/example_dags/example_latest_only_with_trigger.py for tasks to queue
[2023-09-28T18:14:27.031+0000] {logging_mixin.py:151} INFO - [2023-09-28T18:14:27.031+0000] {dagbag.py:539} INFO - Filling up the DagBag from /home/airflow/.local/lib/python3.8/site-packages/airflow/example_dags/example_latest_only_with_trigger.py
[2023-09-28T18:14:27.036+0000] {processor.py:839} INFO - DAG(s) dict_keys(['latest_only_with_trigger']) retrieved from /home/airflow/.local/lib/python3.8/site-packages/airflow/example_dags/example_latest_only_with_trigger.py
[2023-09-28T18:14:27.054+0000] {logging_mixin.py:151} INFO - [2023-09-28T18:14:27.054+0000] {dag.py:2915} INFO - Sync 1 DAGs
[2023-09-28T18:14:27.070+0000] {logging_mixin.py:151} INFO - [2023-09-28T18:14:27.069+0000] {dag.py:3696} INFO - Setting next_dagrun for latest_only_with_trigger to 2023-09-28T14:14:27.069741+00:00, run_after=2023-09-28T18:14:27.069741+00:00
[2023-09-28T18:14:27.086+0000] {processor.py:179} INFO - Processing /home/airflow/.local/lib/python3.8/site-packages/airflow/example_dags/example_latest_only_with_trigger.py took 0.063 seconds
[2023-09-28T18:14:57.707+0000] {processor.py:157} INFO - Started process (PID=163) to work on /home/airflow/.local/lib/python3.8/site-packages/airflow/example_dags/example_latest_only_with_trigger.py
[2023-09-28T18:14:57.709+0000] {processor.py:829} INFO - Processing file /home/airflow/.local/lib/python3.8/site-packages/airflow/example_dags/example_latest_only_with_trigger.py for tasks to queue
[2023-09-28T18:14:57.712+0000] {logging_mixin.py:151} INFO - [2023-09-28T18:14:57.712+0000] {dagbag.py:539} INFO - Filling up the DagBag from /home/airflow/.local/lib/python3.8/site-packages/airflow/example_dags/example_latest_only_with_trigger.py
[2023-09-28T18:14:57.717+0000] {processor.py:839} INFO - DAG(s) dict_keys(['latest_only_with_trigger']) retrieved from /home/airflow/.local/lib/python3.8/site-packages/airflow/example_dags/example_latest_only_with_trigger.py
[2023-09-28T18:14:57.735+0000] {logging_mixin.py:151} INFO - [2023-09-28T18:14:57.735+0000] {dag.py:2915} INFO - Sync 1 DAGs
[2023-09-28T18:14:57.750+0000] {logging_mixin.py:151} INFO - [2023-09-28T18:14:57.750+0000] {dag.py:3696} INFO - Setting next_dagrun for latest_only_with_trigger to 2023-09-28T14:14:57.750432+00:00, run_after=2023-09-28T18:14:57.750432+00:00
[2023-09-28T18:14:57.764+0000] {processor.py:179} INFO - Processing /home/airflow/.local/lib/python3.8/site-packages/airflow/example_dags/example_latest_only_with_trigger.py took 0.059 seconds
[2023-09-28T18:15:28.500+0000] {processor.py:157} INFO - Started process (PID=217) to work on /home/airflow/.local/lib/python3.8/site-packages/airflow/example_dags/example_latest_only_with_trigger.py
[2023-09-28T18:15:28.502+0000] {processor.py:829} INFO - Processing file /home/airflow/.local/lib/python3.8/site-packages/airflow/example_dags/example_latest_only_with_trigger.py for tasks to queue
[2023-09-28T18:15:28.505+0000] {logging_mixin.py:151} INFO - [2023-09-28T18:15:28.504+0000] {dagbag.py:539} INFO - Filling up the DagBag from /home/airflow/.local/lib/python3.8/site-packages/airflow/example_dags/example_latest_only_with_trigger.py
[2023-09-28T18:15:28.509+0000] {processor.py:839} INFO - DAG(s) dict_keys(['latest_only_with_trigger']) retrieved from /home/airflow/.local/lib/python3.8/site-packages/airflow/example_dags/example_latest_only_with_trigger.py
[2023-09-28T18:15:28.526+0000] {logging_mixin.py:151} INFO - [2023-09-28T18:15:28.526+0000] {dag.py:2915} INFO - Sync 1 DAGs
[2023-09-28T18:15:28.539+0000] {logging_mixin.py:151} INFO - [2023-09-28T18:15:28.539+0000] {dag.py:3696} INFO - Setting next_dagrun for latest_only_with_trigger to 2023-09-28T14:15:28.539164+00:00, run_after=2023-09-28T18:15:28.539164+00:00
[2023-09-28T18:15:28.551+0000] {processor.py:179} INFO - Processing /home/airflow/.local/lib/python3.8/site-packages/airflow/example_dags/example_latest_only_with_trigger.py took 0.053 seconds
[2023-09-28T18:15:59.158+0000] {processor.py:157} INFO - Started process (PID=271) to work on /home/airflow/.local/lib/python3.8/site-packages/airflow/example_dags/example_latest_only_with_trigger.py
[2023-09-28T18:15:59.160+0000] {processor.py:829} INFO - Processing file /home/airflow/.local/lib/python3.8/site-packages/airflow/example_dags/example_latest_only_with_trigger.py for tasks to queue
[2023-09-28T18:15:59.162+0000] {logging_mixin.py:151} INFO - [2023-09-28T18:15:59.162+0000] {dagbag.py:539} INFO - Filling up the DagBag from /home/airflow/.local/lib/python3.8/site-packages/airflow/example_dags/example_latest_only_with_trigger.py
[2023-09-28T18:15:59.167+0000] {processor.py:839} INFO - DAG(s) dict_keys(['latest_only_with_trigger']) retrieved from /home/airflow/.local/lib/python3.8/site-packages/airflow/example_dags/example_latest_only_with_trigger.py
[2023-09-28T18:15:59.182+0000] {logging_mixin.py:151} INFO - [2023-09-28T18:15:59.181+0000] {dag.py:2915} INFO - Sync 1 DAGs
[2023-09-28T18:15:59.200+0000] {logging_mixin.py:151} INFO - [2023-09-28T18:15:59.200+0000] {dag.py:3696} INFO - Setting next_dagrun for latest_only_with_trigger to 2023-09-28T14:15:59.199952+00:00, run_after=2023-09-28T18:15:59.199952+00:00
[2023-09-28T18:15:59.220+0000] {processor.py:179} INFO - Processing /home/airflow/.local/lib/python3.8/site-packages/airflow/example_dags/example_latest_only_with_trigger.py took 0.064 seconds
[2023-09-28T18:16:29.869+0000] {processor.py:157} INFO - Started process (PID=325) to work on /home/airflow/.local/lib/python3.8/site-packages/airflow/example_dags/example_latest_only_with_trigger.py
[2023-09-28T18:16:29.872+0000] {processor.py:829} INFO - Processing file /home/airflow/.local/lib/python3.8/site-packages/airflow/example_dags/example_latest_only_with_trigger.py for tasks to queue
[2023-09-28T18:16:29.874+0000] {logging_mixin.py:151} INFO - [2023-09-28T18:16:29.874+0000] {dagbag.py:539} INFO - Filling up the DagBag from /home/airflow/.local/lib/python3.8/site-packages/airflow/example_dags/example_latest_only_with_trigger.py
[2023-09-28T18:16:29.879+0000] {processor.py:839} INFO - DAG(s) dict_keys(['latest_only_with_trigger']) retrieved from /home/airflow/.local/lib/python3.8/site-packages/airflow/example_dags/example_latest_only_with_trigger.py
[2023-09-28T18:16:29.895+0000] {logging_mixin.py:151} INFO - [2023-09-28T18:16:29.895+0000] {dag.py:2915} INFO - Sync 1 DAGs
[2023-09-28T18:16:29.909+0000] {logging_mixin.py:151} INFO - [2023-09-28T18:16:29.909+0000] {dag.py:3696} INFO - Setting next_dagrun for latest_only_with_trigger to 2023-09-28T14:16:29.909113+00:00, run_after=2023-09-28T18:16:29.909113+00:00
[2023-09-28T18:16:29.928+0000] {processor.py:179} INFO - Processing /home/airflow/.local/lib/python3.8/site-packages/airflow/example_dags/example_latest_only_with_trigger.py took 0.062 seconds
[2023-09-28T18:17:00.711+0000] {processor.py:157} INFO - Started process (PID=379) to work on /home/airflow/.local/lib/python3.8/site-packages/airflow/example_dags/example_latest_only_with_trigger.py
[2023-09-28T18:17:00.713+0000] {processor.py:829} INFO - Processing file /home/airflow/.local/lib/python3.8/site-packages/airflow/example_dags/example_latest_only_with_trigger.py for tasks to queue
[2023-09-28T18:17:00.715+0000] {logging_mixin.py:151} INFO - [2023-09-28T18:17:00.715+0000] {dagbag.py:539} INFO - Filling up the DagBag from /home/airflow/.local/lib/python3.8/site-packages/airflow/example_dags/example_latest_only_with_trigger.py
[2023-09-28T18:17:00.720+0000] {processor.py:839} INFO - DAG(s) dict_keys(['latest_only_with_trigger']) retrieved from /home/airflow/.local/lib/python3.8/site-packages/airflow/example_dags/example_latest_only_with_trigger.py
[2023-09-28T18:17:00.737+0000] {logging_mixin.py:151} INFO - [2023-09-28T18:17:00.736+0000] {dag.py:2915} INFO - Sync 1 DAGs
[2023-09-28T18:17:00.749+0000] {logging_mixin.py:151} INFO - [2023-09-28T18:17:00.749+0000] {dag.py:3696} INFO - Setting next_dagrun for latest_only_with_trigger to 2023-09-28T14:17:00.749038+00:00, run_after=2023-09-28T18:17:00.749038+00:00
[2023-09-28T18:17:00.760+0000] {processor.py:179} INFO - Processing /home/airflow/.local/lib/python3.8/site-packages/airflow/example_dags/example_latest_only_with_trigger.py took 0.051 seconds
[2023-09-28T18:17:31.221+0000] {processor.py:157} INFO - Started process (PID=432) to work on /home/airflow/.local/lib/python3.8/site-packages/airflow/example_dags/example_latest_only_with_trigger.py
[2023-09-28T18:17:31.223+0000] {processor.py:829} INFO - Processing file /home/airflow/.local/lib/python3.8/site-packages/airflow/example_dags/example_latest_only_with_trigger.py for tasks to queue
[2023-09-28T18:17:31.227+0000] {logging_mixin.py:151} INFO - [2023-09-28T18:17:31.227+0000] {dagbag.py:539} INFO - Filling up the DagBag from /home/airflow/.local/lib/python3.8/site-packages/airflow/example_dags/example_latest_only_with_trigger.py
[2023-09-28T18:17:31.232+0000] {processor.py:839} INFO - DAG(s) dict_keys(['latest_only_with_trigger']) retrieved from /home/airflow/.local/lib/python3.8/site-packages/airflow/example_dags/example_latest_only_with_trigger.py
[2023-09-28T18:17:31.251+0000] {logging_mixin.py:151} INFO - [2023-09-28T18:17:31.251+0000] {dag.py:2915} INFO - Sync 1 DAGs
[2023-09-28T18:17:31.266+0000] {logging_mixin.py:151} INFO - [2023-09-28T18:17:31.266+0000] {dag.py:3696} INFO - Setting next_dagrun for latest_only_with_trigger to 2023-09-28T14:17:31.265914+00:00, run_after=2023-09-28T18:17:31.265914+00:00
[2023-09-28T18:17:31.282+0000] {processor.py:179} INFO - Processing /home/airflow/.local/lib/python3.8/site-packages/airflow/example_dags/example_latest_only_with_trigger.py took 0.063 seconds
[2023-09-28T18:18:02.039+0000] {processor.py:157} INFO - Started process (PID=487) to work on /home/airflow/.local/lib/python3.8/site-packages/airflow/example_dags/example_latest_only_with_trigger.py
[2023-09-28T18:18:02.041+0000] {processor.py:829} INFO - Processing file /home/airflow/.local/lib/python3.8/site-packages/airflow/example_dags/example_latest_only_with_trigger.py for tasks to queue
[2023-09-28T18:18:02.044+0000] {logging_mixin.py:151} INFO - [2023-09-28T18:18:02.044+0000] {dagbag.py:539} INFO - Filling up the DagBag from /home/airflow/.local/lib/python3.8/site-packages/airflow/example_dags/example_latest_only_with_trigger.py
[2023-09-28T18:18:02.048+0000] {processor.py:839} INFO - DAG(s) dict_keys(['latest_only_with_trigger']) retrieved from /home/airflow/.local/lib/python3.8/site-packages/airflow/example_dags/example_latest_only_with_trigger.py
[2023-09-28T18:18:02.065+0000] {logging_mixin.py:151} INFO - [2023-09-28T18:18:02.064+0000] {dag.py:2915} INFO - Sync 1 DAGs
[2023-09-28T18:18:02.076+0000] {logging_mixin.py:151} INFO - [2023-09-28T18:18:02.076+0000] {dag.py:3696} INFO - Setting next_dagrun for latest_only_with_trigger to 2023-09-28T14:18:02.076612+00:00, run_after=2023-09-28T18:18:02.076612+00:00
[2023-09-28T18:18:02.087+0000] {processor.py:179} INFO - Processing /home/airflow/.local/lib/python3.8/site-packages/airflow/example_dags/example_latest_only_with_trigger.py took 0.050 seconds
[2023-09-28T18:18:32.705+0000] {processor.py:157} INFO - Started process (PID=541) to work on /home/airflow/.local/lib/python3.8/site-packages/airflow/example_dags/example_latest_only_with_trigger.py
[2023-09-28T18:18:32.707+0000] {processor.py:829} INFO - Processing file /home/airflow/.local/lib/python3.8/site-packages/airflow/example_dags/example_latest_only_with_trigger.py for tasks to queue
[2023-09-28T18:18:32.711+0000] {logging_mixin.py:151} INFO - [2023-09-28T18:18:32.710+0000] {dagbag.py:539} INFO - Filling up the DagBag from /home/airflow/.local/lib/python3.8/site-packages/airflow/example_dags/example_latest_only_with_trigger.py
[2023-09-28T18:18:32.716+0000] {processor.py:839} INFO - DAG(s) dict_keys(['latest_only_with_trigger']) retrieved from /home/airflow/.local/lib/python3.8/site-packages/airflow/example_dags/example_latest_only_with_trigger.py
[2023-09-28T18:18:32.733+0000] {logging_mixin.py:151} INFO - [2023-09-28T18:18:32.733+0000] {dag.py:2915} INFO - Sync 1 DAGs
[2023-09-28T18:18:32.747+0000] {logging_mixin.py:151} INFO - [2023-09-28T18:18:32.746+0000] {dag.py:3696} INFO - Setting next_dagrun for latest_only_with_trigger to 2023-09-28T14:18:32.746621+00:00, run_after=2023-09-28T18:18:32.746621+00:00
[2023-09-28T18:18:32.759+0000] {processor.py:179} INFO - Processing /home/airflow/.local/lib/python3.8/site-packages/airflow/example_dags/example_latest_only_with_trigger.py took 0.057 seconds
[2023-09-28T18:19:03.603+0000] {processor.py:157} INFO - Started process (PID=596) to work on /home/airflow/.local/lib/python3.8/site-packages/airflow/example_dags/example_latest_only_with_trigger.py
[2023-09-28T18:19:03.605+0000] {processor.py:829} INFO - Processing file /home/airflow/.local/lib/python3.8/site-packages/airflow/example_dags/example_latest_only_with_trigger.py for tasks to queue
[2023-09-28T18:19:03.608+0000] {logging_mixin.py:151} INFO - [2023-09-28T18:19:03.607+0000] {dagbag.py:539} INFO - Filling up the DagBag from /home/airflow/.local/lib/python3.8/site-packages/airflow/example_dags/example_latest_only_with_trigger.py
[2023-09-28T18:19:03.613+0000] {processor.py:839} INFO - DAG(s) dict_keys(['latest_only_with_trigger']) retrieved from /home/airflow/.local/lib/python3.8/site-packages/airflow/example_dags/example_latest_only_with_trigger.py
[2023-09-28T18:19:03.630+0000] {logging_mixin.py:151} INFO - [2023-09-28T18:19:03.630+0000] {dag.py:2915} INFO - Sync 1 DAGs
[2023-09-28T18:19:03.644+0000] {logging_mixin.py:151} INFO - [2023-09-28T18:19:03.644+0000] {dag.py:3696} INFO - Setting next_dagrun for latest_only_with_trigger to 2023-09-28T14:19:03.643893+00:00, run_after=2023-09-28T18:19:03.643893+00:00
[2023-09-28T18:19:03.658+0000] {processor.py:179} INFO - Processing /home/airflow/.local/lib/python3.8/site-packages/airflow/example_dags/example_latest_only_with_trigger.py took 0.057 seconds
[2023-09-28T18:19:34.336+0000] {processor.py:157} INFO - Started process (PID=650) to work on /home/airflow/.local/lib/python3.8/site-packages/airflow/example_dags/example_latest_only_with_trigger.py
[2023-09-28T18:19:34.338+0000] {processor.py:829} INFO - Processing file /home/airflow/.local/lib/python3.8/site-packages/airflow/example_dags/example_latest_only_with_trigger.py for tasks to queue
[2023-09-28T18:19:34.341+0000] {logging_mixin.py:151} INFO - [2023-09-28T18:19:34.341+0000] {dagbag.py:539} INFO - Filling up the DagBag from /home/airflow/.local/lib/python3.8/site-packages/airflow/example_dags/example_latest_only_with_trigger.py
[2023-09-28T18:19:34.346+0000] {processor.py:839} INFO - DAG(s) dict_keys(['latest_only_with_trigger']) retrieved from /home/airflow/.local/lib/python3.8/site-packages/airflow/example_dags/example_latest_only_with_trigger.py
[2023-09-28T18:19:34.366+0000] {logging_mixin.py:151} INFO - [2023-09-28T18:19:34.366+0000] {dag.py:2915} INFO - Sync 1 DAGs
[2023-09-28T18:19:34.380+0000] {logging_mixin.py:151} INFO - [2023-09-28T18:19:34.380+0000] {dag.py:3696} INFO - Setting next_dagrun for latest_only_with_trigger to 2023-09-28T14:19:34.380450+00:00, run_after=2023-09-28T18:19:34.380450+00:00
[2023-09-28T18:19:34.393+0000] {processor.py:179} INFO - Processing /home/airflow/.local/lib/python3.8/site-packages/airflow/example_dags/example_latest_only_with_trigger.py took 0.060 seconds
[2023-09-28T18:20:05.044+0000] {processor.py:157} INFO - Started process (PID=704) to work on /home/airflow/.local/lib/python3.8/site-packages/airflow/example_dags/example_latest_only_with_trigger.py
[2023-09-28T18:20:05.046+0000] {processor.py:829} INFO - Processing file /home/airflow/.local/lib/python3.8/site-packages/airflow/example_dags/example_latest_only_with_trigger.py for tasks to queue
[2023-09-28T18:20:05.049+0000] {logging_mixin.py:151} INFO - [2023-09-28T18:20:05.049+0000] {dagbag.py:539} INFO - Filling up the DagBag from /home/airflow/.local/lib/python3.8/site-packages/airflow/example_dags/example_latest_only_with_trigger.py
[2023-09-28T18:20:05.054+0000] {processor.py:839} INFO - DAG(s) dict_keys(['latest_only_with_trigger']) retrieved from /home/airflow/.local/lib/python3.8/site-packages/airflow/example_dags/example_latest_only_with_trigger.py
[2023-09-28T18:20:05.071+0000] {logging_mixin.py:151} INFO - [2023-09-28T18:20:05.071+0000] {dag.py:2915} INFO - Sync 1 DAGs
[2023-09-28T18:20:05.085+0000] {logging_mixin.py:151} INFO - [2023-09-28T18:20:05.085+0000] {dag.py:3696} INFO - Setting next_dagrun for latest_only_with_trigger to 2023-09-28T14:20:05.085316+00:00, run_after=2023-09-28T18:20:05.085316+00:00
[2023-09-28T18:20:05.101+0000] {processor.py:179} INFO - Processing /home/airflow/.local/lib/python3.8/site-packages/airflow/example_dags/example_latest_only_with_trigger.py took 0.059 seconds
[2023-09-28T18:20:35.688+0000] {processor.py:157} INFO - Started process (PID=757) to work on /home/airflow/.local/lib/python3.8/site-packages/airflow/example_dags/example_latest_only_with_trigger.py
[2023-09-28T18:20:35.690+0000] {processor.py:829} INFO - Processing file /home/airflow/.local/lib/python3.8/site-packages/airflow/example_dags/example_latest_only_with_trigger.py for tasks to queue
[2023-09-28T18:20:35.693+0000] {logging_mixin.py:151} INFO - [2023-09-28T18:20:35.693+0000] {dagbag.py:539} INFO - Filling up the DagBag from /home/airflow/.local/lib/python3.8/site-packages/airflow/example_dags/example_latest_only_with_trigger.py
[2023-09-28T18:20:35.698+0000] {processor.py:839} INFO - DAG(s) dict_keys(['latest_only_with_trigger']) retrieved from /home/airflow/.local/lib/python3.8/site-packages/airflow/example_dags/example_latest_only_with_trigger.py
[2023-09-28T18:20:35.715+0000] {logging_mixin.py:151} INFO - [2023-09-28T18:20:35.715+0000] {dag.py:2915} INFO - Sync 1 DAGs
[2023-09-28T18:20:35.728+0000] {logging_mixin.py:151} INFO - [2023-09-28T18:20:35.728+0000] {dag.py:3696} INFO - Setting next_dagrun for latest_only_with_trigger to 2023-09-28T14:20:35.728473+00:00, run_after=2023-09-28T18:20:35.728473+00:00
[2023-09-28T18:20:35.740+0000] {processor.py:179} INFO - Processing /home/airflow/.local/lib/python3.8/site-packages/airflow/example_dags/example_latest_only_with_trigger.py took 0.054 seconds
[2023-09-28T18:21:06.357+0000] {processor.py:157} INFO - Started process (PID=811) to work on /home/airflow/.local/lib/python3.8/site-packages/airflow/example_dags/example_latest_only_with_trigger.py
[2023-09-28T18:21:06.362+0000] {processor.py:829} INFO - Processing file /home/airflow/.local/lib/python3.8/site-packages/airflow/example_dags/example_latest_only_with_trigger.py for tasks to queue
[2023-09-28T18:21:06.364+0000] {logging_mixin.py:151} INFO - [2023-09-28T18:21:06.364+0000] {dagbag.py:539} INFO - Filling up the DagBag from /home/airflow/.local/lib/python3.8/site-packages/airflow/example_dags/example_latest_only_with_trigger.py
[2023-09-28T18:21:06.369+0000] {processor.py:839} INFO - DAG(s) dict_keys(['latest_only_with_trigger']) retrieved from /home/airflow/.local/lib/python3.8/site-packages/airflow/example_dags/example_latest_only_with_trigger.py
[2023-09-28T18:21:06.388+0000] {logging_mixin.py:151} INFO - [2023-09-28T18:21:06.387+0000] {dag.py:2915} INFO - Sync 1 DAGs
[2023-09-28T18:21:06.403+0000] {logging_mixin.py:151} INFO - [2023-09-28T18:21:06.402+0000] {dag.py:3696} INFO - Setting next_dagrun for latest_only_with_trigger to 2023-09-28T14:21:06.402690+00:00, run_after=2023-09-28T18:21:06.402690+00:00
[2023-09-28T18:21:06.417+0000] {processor.py:179} INFO - Processing /home/airflow/.local/lib/python3.8/site-packages/airflow/example_dags/example_latest_only_with_trigger.py took 0.064 seconds
[2023-09-28T18:21:37.421+0000] {processor.py:157} INFO - Started process (PID=865) to work on /home/airflow/.local/lib/python3.8/site-packages/airflow/example_dags/example_latest_only_with_trigger.py
[2023-09-28T18:21:37.423+0000] {processor.py:829} INFO - Processing file /home/airflow/.local/lib/python3.8/site-packages/airflow/example_dags/example_latest_only_with_trigger.py for tasks to queue
[2023-09-28T18:21:37.426+0000] {logging_mixin.py:151} INFO - [2023-09-28T18:21:37.425+0000] {dagbag.py:539} INFO - Filling up the DagBag from /home/airflow/.local/lib/python3.8/site-packages/airflow/example_dags/example_latest_only_with_trigger.py
[2023-09-28T18:21:37.431+0000] {processor.py:839} INFO - DAG(s) dict_keys(['latest_only_with_trigger']) retrieved from /home/airflow/.local/lib/python3.8/site-packages/airflow/example_dags/example_latest_only_with_trigger.py
[2023-09-28T18:21:37.448+0000] {logging_mixin.py:151} INFO - [2023-09-28T18:21:37.448+0000] {dag.py:2915} INFO - Sync 1 DAGs
[2023-09-28T18:21:37.463+0000] {logging_mixin.py:151} INFO - [2023-09-28T18:21:37.463+0000] {dag.py:3696} INFO - Setting next_dagrun for latest_only_with_trigger to 2023-09-28T14:21:37.463634+00:00, run_after=2023-09-28T18:21:37.463634+00:00
[2023-09-28T18:21:37.478+0000] {processor.py:179} INFO - Processing /home/airflow/.local/lib/python3.8/site-packages/airflow/example_dags/example_latest_only_with_trigger.py took 0.060 seconds
[2023-09-28T18:22:08.163+0000] {processor.py:157} INFO - Started process (PID=919) to work on /home/airflow/.local/lib/python3.8/site-packages/airflow/example_dags/example_latest_only_with_trigger.py
[2023-09-28T18:22:08.165+0000] {processor.py:829} INFO - Processing file /home/airflow/.local/lib/python3.8/site-packages/airflow/example_dags/example_latest_only_with_trigger.py for tasks to queue
[2023-09-28T18:22:08.167+0000] {logging_mixin.py:151} INFO - [2023-09-28T18:22:08.167+0000] {dagbag.py:539} INFO - Filling up the DagBag from /home/airflow/.local/lib/python3.8/site-packages/airflow/example_dags/example_latest_only_with_trigger.py
[2023-09-28T18:22:08.172+0000] {processor.py:839} INFO - DAG(s) dict_keys(['latest_only_with_trigger']) retrieved from /home/airflow/.local/lib/python3.8/site-packages/airflow/example_dags/example_latest_only_with_trigger.py
[2023-09-28T18:22:08.188+0000] {logging_mixin.py:151} INFO - [2023-09-28T18:22:08.187+0000] {dag.py:2915} INFO - Sync 1 DAGs
[2023-09-28T18:22:08.200+0000] {logging_mixin.py:151} INFO - [2023-09-28T18:22:08.200+0000] {dag.py:3696} INFO - Setting next_dagrun for latest_only_with_trigger to 2023-09-28T14:22:08.200194+00:00, run_after=2023-09-28T18:22:08.200194+00:00
[2023-09-28T18:22:08.211+0000] {processor.py:179} INFO - Processing /home/airflow/.local/lib/python3.8/site-packages/airflow/example_dags/example_latest_only_with_trigger.py took 0.050 seconds
[2023-09-28T18:22:38.942+0000] {processor.py:157} INFO - Started process (PID=972) to work on /home/airflow/.local/lib/python3.8/site-packages/airflow/example_dags/example_latest_only_with_trigger.py
[2023-09-28T18:22:38.944+0000] {processor.py:829} INFO - Processing file /home/airflow/.local/lib/python3.8/site-packages/airflow/example_dags/example_latest_only_with_trigger.py for tasks to queue
[2023-09-28T18:22:38.946+0000] {logging_mixin.py:151} INFO - [2023-09-28T18:22:38.946+0000] {dagbag.py:539} INFO - Filling up the DagBag from /home/airflow/.local/lib/python3.8/site-packages/airflow/example_dags/example_latest_only_with_trigger.py
[2023-09-28T18:22:38.951+0000] {processor.py:839} INFO - DAG(s) dict_keys(['latest_only_with_trigger']) retrieved from /home/airflow/.local/lib/python3.8/site-packages/airflow/example_dags/example_latest_only_with_trigger.py
[2023-09-28T18:22:38.967+0000] {logging_mixin.py:151} INFO - [2023-09-28T18:22:38.967+0000] {dag.py:2915} INFO - Sync 1 DAGs
[2023-09-28T18:22:38.985+0000] {logging_mixin.py:151} INFO - [2023-09-28T18:22:38.985+0000] {dag.py:3696} INFO - Setting next_dagrun for latest_only_with_trigger to 2023-09-28T14:22:38.985494+00:00, run_after=2023-09-28T18:22:38.985494+00:00
[2023-09-28T18:22:39.005+0000] {processor.py:179} INFO - Processing /home/airflow/.local/lib/python3.8/site-packages/airflow/example_dags/example_latest_only_with_trigger.py took 0.066 seconds
[2023-09-28T18:23:09.900+0000] {processor.py:157} INFO - Started process (PID=1025) to work on /home/airflow/.local/lib/python3.8/site-packages/airflow/example_dags/example_latest_only_with_trigger.py
[2023-09-28T18:23:09.902+0000] {processor.py:829} INFO - Processing file /home/airflow/.local/lib/python3.8/site-packages/airflow/example_dags/example_latest_only_with_trigger.py for tasks to queue
[2023-09-28T18:23:09.905+0000] {logging_mixin.py:151} INFO - [2023-09-28T18:23:09.905+0000] {dagbag.py:539} INFO - Filling up the DagBag from /home/airflow/.local/lib/python3.8/site-packages/airflow/example_dags/example_latest_only_with_trigger.py
[2023-09-28T18:23:09.910+0000] {processor.py:839} INFO - DAG(s) dict_keys(['latest_only_with_trigger']) retrieved from /home/airflow/.local/lib/python3.8/site-packages/airflow/example_dags/example_latest_only_with_trigger.py
[2023-09-28T18:23:09.928+0000] {logging_mixin.py:151} INFO - [2023-09-28T18:23:09.928+0000] {dag.py:2915} INFO - Sync 1 DAGs
[2023-09-28T18:23:09.940+0000] {logging_mixin.py:151} INFO - [2023-09-28T18:23:09.940+0000] {dag.py:3696} INFO - Setting next_dagrun for latest_only_with_trigger to 2023-09-28T14:23:09.940617+00:00, run_after=2023-09-28T18:23:09.940617+00:00
[2023-09-28T18:23:09.954+0000] {processor.py:179} INFO - Processing /home/airflow/.local/lib/python3.8/site-packages/airflow/example_dags/example_latest_only_with_trigger.py took 0.058 seconds
[2023-09-28T18:23:40.987+0000] {processor.py:157} INFO - Started process (PID=1079) to work on /home/airflow/.local/lib/python3.8/site-packages/airflow/example_dags/example_latest_only_with_trigger.py
[2023-09-28T18:23:40.989+0000] {processor.py:829} INFO - Processing file /home/airflow/.local/lib/python3.8/site-packages/airflow/example_dags/example_latest_only_with_trigger.py for tasks to queue
[2023-09-28T18:23:40.991+0000] {logging_mixin.py:151} INFO - [2023-09-28T18:23:40.991+0000] {dagbag.py:539} INFO - Filling up the DagBag from /home/airflow/.local/lib/python3.8/site-packages/airflow/example_dags/example_latest_only_with_trigger.py
[2023-09-28T18:23:40.996+0000] {processor.py:839} INFO - DAG(s) dict_keys(['latest_only_with_trigger']) retrieved from /home/airflow/.local/lib/python3.8/site-packages/airflow/example_dags/example_latest_only_with_trigger.py
[2023-09-28T18:23:41.011+0000] {logging_mixin.py:151} INFO - [2023-09-28T18:23:41.011+0000] {dag.py:2915} INFO - Sync 1 DAGs
[2023-09-28T18:23:41.023+0000] {logging_mixin.py:151} INFO - [2023-09-28T18:23:41.023+0000] {dag.py:3696} INFO - Setting next_dagrun for latest_only_with_trigger to 2023-09-28T14:23:41.023667+00:00, run_after=2023-09-28T18:23:41.023667+00:00
[2023-09-28T18:23:41.034+0000] {processor.py:179} INFO - Processing /home/airflow/.local/lib/python3.8/site-packages/airflow/example_dags/example_latest_only_with_trigger.py took 0.050 seconds
[2023-09-28T18:34:44.087+0000] {processor.py:157} INFO - Started process (PID=56) to work on /home/airflow/.local/lib/python3.8/site-packages/airflow/example_dags/example_latest_only_with_trigger.py
[2023-09-28T18:34:44.090+0000] {processor.py:829} INFO - Processing file /home/airflow/.local/lib/python3.8/site-packages/airflow/example_dags/example_latest_only_with_trigger.py for tasks to queue
[2023-09-28T18:34:44.093+0000] {logging_mixin.py:151} INFO - [2023-09-28T18:34:44.093+0000] {dagbag.py:539} INFO - Filling up the DagBag from /home/airflow/.local/lib/python3.8/site-packages/airflow/example_dags/example_latest_only_with_trigger.py
[2023-09-28T18:34:44.104+0000] {processor.py:839} INFO - DAG(s) dict_keys(['latest_only_with_trigger']) retrieved from /home/airflow/.local/lib/python3.8/site-packages/airflow/example_dags/example_latest_only_with_trigger.py
[2023-09-28T18:34:44.127+0000] {logging_mixin.py:151} INFO - [2023-09-28T18:34:44.127+0000] {dag.py:2915} INFO - Sync 1 DAGs
[2023-09-28T18:34:44.146+0000] {logging_mixin.py:151} INFO - [2023-09-28T18:34:44.146+0000] {dag.py:3696} INFO - Setting next_dagrun for latest_only_with_trigger to 2023-09-28T14:34:44.145910+00:00, run_after=2023-09-28T18:34:44.145910+00:00
[2023-09-28T18:34:44.173+0000] {processor.py:179} INFO - Processing /home/airflow/.local/lib/python3.8/site-packages/airflow/example_dags/example_latest_only_with_trigger.py took 0.088 seconds
[2023-09-28T18:35:14.995+0000] {processor.py:157} INFO - Started process (PID=110) to work on /home/airflow/.local/lib/python3.8/site-packages/airflow/example_dags/example_latest_only_with_trigger.py
[2023-09-28T18:35:14.997+0000] {processor.py:829} INFO - Processing file /home/airflow/.local/lib/python3.8/site-packages/airflow/example_dags/example_latest_only_with_trigger.py for tasks to queue
[2023-09-28T18:35:14.999+0000] {logging_mixin.py:151} INFO - [2023-09-28T18:35:14.999+0000] {dagbag.py:539} INFO - Filling up the DagBag from /home/airflow/.local/lib/python3.8/site-packages/airflow/example_dags/example_latest_only_with_trigger.py
[2023-09-28T18:35:15.004+0000] {processor.py:839} INFO - DAG(s) dict_keys(['latest_only_with_trigger']) retrieved from /home/airflow/.local/lib/python3.8/site-packages/airflow/example_dags/example_latest_only_with_trigger.py
[2023-09-28T18:35:15.021+0000] {logging_mixin.py:151} INFO - [2023-09-28T18:35:15.021+0000] {dag.py:2915} INFO - Sync 1 DAGs
[2023-09-28T18:35:15.036+0000] {logging_mixin.py:151} INFO - [2023-09-28T18:35:15.035+0000] {dag.py:3696} INFO - Setting next_dagrun for latest_only_with_trigger to 2023-09-28T14:35:15.035767+00:00, run_after=2023-09-28T18:35:15.035767+00:00
[2023-09-28T18:35:15.048+0000] {processor.py:179} INFO - Processing /home/airflow/.local/lib/python3.8/site-packages/airflow/example_dags/example_latest_only_with_trigger.py took 0.055 seconds
[2023-09-28T18:35:45.390+0000] {processor.py:157} INFO - Started process (PID=164) to work on /home/airflow/.local/lib/python3.8/site-packages/airflow/example_dags/example_latest_only_with_trigger.py
[2023-09-28T18:35:45.392+0000] {processor.py:829} INFO - Processing file /home/airflow/.local/lib/python3.8/site-packages/airflow/example_dags/example_latest_only_with_trigger.py for tasks to queue
[2023-09-28T18:35:45.394+0000] {logging_mixin.py:151} INFO - [2023-09-28T18:35:45.394+0000] {dagbag.py:539} INFO - Filling up the DagBag from /home/airflow/.local/lib/python3.8/site-packages/airflow/example_dags/example_latest_only_with_trigger.py
[2023-09-28T18:35:45.399+0000] {processor.py:839} INFO - DAG(s) dict_keys(['latest_only_with_trigger']) retrieved from /home/airflow/.local/lib/python3.8/site-packages/airflow/example_dags/example_latest_only_with_trigger.py
[2023-09-28T18:35:45.415+0000] {logging_mixin.py:151} INFO - [2023-09-28T18:35:45.415+0000] {dag.py:2915} INFO - Sync 1 DAGs
[2023-09-28T18:35:45.429+0000] {logging_mixin.py:151} INFO - [2023-09-28T18:35:45.428+0000] {dag.py:3696} INFO - Setting next_dagrun for latest_only_with_trigger to 2023-09-28T14:35:45.428789+00:00, run_after=2023-09-28T18:35:45.428789+00:00
[2023-09-28T18:35:45.439+0000] {processor.py:179} INFO - Processing /home/airflow/.local/lib/python3.8/site-packages/airflow/example_dags/example_latest_only_with_trigger.py took 0.052 seconds
[2023-09-28T18:36:16.395+0000] {processor.py:157} INFO - Started process (PID=218) to work on /home/airflow/.local/lib/python3.8/site-packages/airflow/example_dags/example_latest_only_with_trigger.py
[2023-09-28T18:36:16.396+0000] {processor.py:829} INFO - Processing file /home/airflow/.local/lib/python3.8/site-packages/airflow/example_dags/example_latest_only_with_trigger.py for tasks to queue
[2023-09-28T18:36:16.399+0000] {logging_mixin.py:151} INFO - [2023-09-28T18:36:16.399+0000] {dagbag.py:539} INFO - Filling up the DagBag from /home/airflow/.local/lib/python3.8/site-packages/airflow/example_dags/example_latest_only_with_trigger.py
[2023-09-28T18:36:16.403+0000] {processor.py:839} INFO - DAG(s) dict_keys(['latest_only_with_trigger']) retrieved from /home/airflow/.local/lib/python3.8/site-packages/airflow/example_dags/example_latest_only_with_trigger.py
[2023-09-28T18:36:16.420+0000] {logging_mixin.py:151} INFO - [2023-09-28T18:36:16.420+0000] {dag.py:2915} INFO - Sync 1 DAGs
[2023-09-28T18:36:16.436+0000] {logging_mixin.py:151} INFO - [2023-09-28T18:36:16.436+0000] {dag.py:3696} INFO - Setting next_dagrun for latest_only_with_trigger to 2023-09-28T14:36:16.436593+00:00, run_after=2023-09-28T18:36:16.436593+00:00
[2023-09-28T18:36:16.449+0000] {processor.py:179} INFO - Processing /home/airflow/.local/lib/python3.8/site-packages/airflow/example_dags/example_latest_only_with_trigger.py took 0.057 seconds
