[2023-09-28T18:05:29.421+0000] {processor.py:157} INFO - Started process (PID=63) to work on /home/airflow/.local/lib/python3.8/site-packages/airflow/example_dags/example_python_operator.py
[2023-09-28T18:05:29.426+0000] {processor.py:829} INFO - Processing file /home/airflow/.local/lib/python3.8/site-packages/airflow/example_dags/example_python_operator.py for tasks to queue
[2023-09-28T18:05:29.445+0000] {logging_mixin.py:151} INFO - [2023-09-28T18:05:29.444+0000] {dagbag.py:539} INFO - Filling up the DagBag from /home/airflow/.local/lib/python3.8/site-packages/airflow/example_dags/example_python_operator.py
[2023-09-28T18:05:29.457+0000] {processor.py:839} INFO - DAG(s) dict_keys(['example_python_operator']) retrieved from /home/airflow/.local/lib/python3.8/site-packages/airflow/example_dags/example_python_operator.py
[2023-09-28T18:05:29.476+0000] {logging_mixin.py:151} INFO - [2023-09-28T18:05:29.475+0000] {dag.py:2915} INFO - Sync 1 DAGs
[2023-09-28T18:05:29.493+0000] {logging_mixin.py:151} INFO - [2023-09-28T18:05:29.492+0000] {dag.py:3696} INFO - Setting next_dagrun for example_python_operator to None, run_after=None
[2023-09-28T18:05:29.519+0000] {processor.py:179} INFO - Processing /home/airflow/.local/lib/python3.8/site-packages/airflow/example_dags/example_python_operator.py took 0.102 seconds
[2023-09-28T18:06:00.067+0000] {processor.py:157} INFO - Started process (PID=116) to work on /home/airflow/.local/lib/python3.8/site-packages/airflow/example_dags/example_python_operator.py
[2023-09-28T18:06:00.069+0000] {processor.py:829} INFO - Processing file /home/airflow/.local/lib/python3.8/site-packages/airflow/example_dags/example_python_operator.py for tasks to queue
[2023-09-28T18:06:00.071+0000] {logging_mixin.py:151} INFO - [2023-09-28T18:06:00.071+0000] {dagbag.py:539} INFO - Filling up the DagBag from /home/airflow/.local/lib/python3.8/site-packages/airflow/example_dags/example_python_operator.py
[2023-09-28T18:06:00.078+0000] {processor.py:839} INFO - DAG(s) dict_keys(['example_python_operator']) retrieved from /home/airflow/.local/lib/python3.8/site-packages/airflow/example_dags/example_python_operator.py
[2023-09-28T18:06:00.191+0000] {logging_mixin.py:151} INFO - [2023-09-28T18:06:00.191+0000] {security.py:708} INFO - Not syncing DAG-level permissions for DAG 'DAG:example_python_operator' as access control is unset.
[2023-09-28T18:06:00.192+0000] {logging_mixin.py:151} INFO - [2023-09-28T18:06:00.192+0000] {dag.py:2915} INFO - Sync 1 DAGs
[2023-09-28T18:06:00.200+0000] {logging_mixin.py:151} INFO - [2023-09-28T18:06:00.200+0000] {dag.py:3696} INFO - Setting next_dagrun for example_python_operator to None, run_after=None
[2023-09-28T18:06:00.230+0000] {processor.py:179} INFO - Processing /home/airflow/.local/lib/python3.8/site-packages/airflow/example_dags/example_python_operator.py took 0.166 seconds
[2023-09-28T18:06:31.051+0000] {processor.py:157} INFO - Started process (PID=170) to work on /home/airflow/.local/lib/python3.8/site-packages/airflow/example_dags/example_python_operator.py
[2023-09-28T18:06:31.053+0000] {processor.py:829} INFO - Processing file /home/airflow/.local/lib/python3.8/site-packages/airflow/example_dags/example_python_operator.py for tasks to queue
[2023-09-28T18:06:31.056+0000] {logging_mixin.py:151} INFO - [2023-09-28T18:06:31.055+0000] {dagbag.py:539} INFO - Filling up the DagBag from /home/airflow/.local/lib/python3.8/site-packages/airflow/example_dags/example_python_operator.py
[2023-09-28T18:06:31.064+0000] {processor.py:839} INFO - DAG(s) dict_keys(['example_python_operator']) retrieved from /home/airflow/.local/lib/python3.8/site-packages/airflow/example_dags/example_python_operator.py
[2023-09-28T18:06:31.083+0000] {logging_mixin.py:151} INFO - [2023-09-28T18:06:31.083+0000] {dag.py:2915} INFO - Sync 1 DAGs
[2023-09-28T18:06:31.091+0000] {logging_mixin.py:151} INFO - [2023-09-28T18:06:31.091+0000] {dag.py:3696} INFO - Setting next_dagrun for example_python_operator to None, run_after=None
[2023-09-28T18:06:31.104+0000] {processor.py:179} INFO - Processing /home/airflow/.local/lib/python3.8/site-packages/airflow/example_dags/example_python_operator.py took 0.056 seconds
[2023-09-28T18:07:01.250+0000] {processor.py:157} INFO - Started process (PID=224) to work on /home/airflow/.local/lib/python3.8/site-packages/airflow/example_dags/example_python_operator.py
[2023-09-28T18:07:01.252+0000] {processor.py:829} INFO - Processing file /home/airflow/.local/lib/python3.8/site-packages/airflow/example_dags/example_python_operator.py for tasks to queue
[2023-09-28T18:07:01.255+0000] {logging_mixin.py:151} INFO - [2023-09-28T18:07:01.254+0000] {dagbag.py:539} INFO - Filling up the DagBag from /home/airflow/.local/lib/python3.8/site-packages/airflow/example_dags/example_python_operator.py
[2023-09-28T18:07:01.262+0000] {processor.py:839} INFO - DAG(s) dict_keys(['example_python_operator']) retrieved from /home/airflow/.local/lib/python3.8/site-packages/airflow/example_dags/example_python_operator.py
[2023-09-28T18:07:01.281+0000] {logging_mixin.py:151} INFO - [2023-09-28T18:07:01.281+0000] {dag.py:2915} INFO - Sync 1 DAGs
[2023-09-28T18:07:01.289+0000] {logging_mixin.py:151} INFO - [2023-09-28T18:07:01.289+0000] {dag.py:3696} INFO - Setting next_dagrun for example_python_operator to None, run_after=None
[2023-09-28T18:07:01.305+0000] {processor.py:179} INFO - Processing /home/airflow/.local/lib/python3.8/site-packages/airflow/example_dags/example_python_operator.py took 0.057 seconds
[2023-09-28T18:07:32.046+0000] {processor.py:157} INFO - Started process (PID=278) to work on /home/airflow/.local/lib/python3.8/site-packages/airflow/example_dags/example_python_operator.py
[2023-09-28T18:07:32.048+0000] {processor.py:829} INFO - Processing file /home/airflow/.local/lib/python3.8/site-packages/airflow/example_dags/example_python_operator.py for tasks to queue
[2023-09-28T18:07:32.050+0000] {logging_mixin.py:151} INFO - [2023-09-28T18:07:32.050+0000] {dagbag.py:539} INFO - Filling up the DagBag from /home/airflow/.local/lib/python3.8/site-packages/airflow/example_dags/example_python_operator.py
[2023-09-28T18:07:32.058+0000] {processor.py:839} INFO - DAG(s) dict_keys(['example_python_operator']) retrieved from /home/airflow/.local/lib/python3.8/site-packages/airflow/example_dags/example_python_operator.py
[2023-09-28T18:07:32.078+0000] {logging_mixin.py:151} INFO - [2023-09-28T18:07:32.078+0000] {dag.py:2915} INFO - Sync 1 DAGs
[2023-09-28T18:07:32.088+0000] {logging_mixin.py:151} INFO - [2023-09-28T18:07:32.088+0000] {dag.py:3696} INFO - Setting next_dagrun for example_python_operator to None, run_after=None
[2023-09-28T18:07:32.102+0000] {processor.py:179} INFO - Processing /home/airflow/.local/lib/python3.8/site-packages/airflow/example_dags/example_python_operator.py took 0.059 seconds
[2023-09-28T18:08:02.892+0000] {processor.py:157} INFO - Started process (PID=332) to work on /home/airflow/.local/lib/python3.8/site-packages/airflow/example_dags/example_python_operator.py
[2023-09-28T18:08:02.894+0000] {processor.py:829} INFO - Processing file /home/airflow/.local/lib/python3.8/site-packages/airflow/example_dags/example_python_operator.py for tasks to queue
[2023-09-28T18:08:02.897+0000] {logging_mixin.py:151} INFO - [2023-09-28T18:08:02.897+0000] {dagbag.py:539} INFO - Filling up the DagBag from /home/airflow/.local/lib/python3.8/site-packages/airflow/example_dags/example_python_operator.py
[2023-09-28T18:08:02.904+0000] {processor.py:839} INFO - DAG(s) dict_keys(['example_python_operator']) retrieved from /home/airflow/.local/lib/python3.8/site-packages/airflow/example_dags/example_python_operator.py
[2023-09-28T18:08:02.919+0000] {logging_mixin.py:151} INFO - [2023-09-28T18:08:02.919+0000] {dag.py:2915} INFO - Sync 1 DAGs
[2023-09-28T18:08:02.927+0000] {logging_mixin.py:151} INFO - [2023-09-28T18:08:02.927+0000] {dag.py:3696} INFO - Setting next_dagrun for example_python_operator to None, run_after=None
[2023-09-28T18:08:02.938+0000] {processor.py:179} INFO - Processing /home/airflow/.local/lib/python3.8/site-packages/airflow/example_dags/example_python_operator.py took 0.049 seconds
[2023-09-28T18:08:33.046+0000] {processor.py:157} INFO - Started process (PID=386) to work on /home/airflow/.local/lib/python3.8/site-packages/airflow/example_dags/example_python_operator.py
[2023-09-28T18:08:33.051+0000] {processor.py:829} INFO - Processing file /home/airflow/.local/lib/python3.8/site-packages/airflow/example_dags/example_python_operator.py for tasks to queue
[2023-09-28T18:08:33.053+0000] {logging_mixin.py:151} INFO - [2023-09-28T18:08:33.053+0000] {dagbag.py:539} INFO - Filling up the DagBag from /home/airflow/.local/lib/python3.8/site-packages/airflow/example_dags/example_python_operator.py
[2023-09-28T18:08:33.060+0000] {processor.py:839} INFO - DAG(s) dict_keys(['example_python_operator']) retrieved from /home/airflow/.local/lib/python3.8/site-packages/airflow/example_dags/example_python_operator.py
[2023-09-28T18:08:33.078+0000] {logging_mixin.py:151} INFO - [2023-09-28T18:08:33.078+0000] {dag.py:2915} INFO - Sync 1 DAGs
[2023-09-28T18:08:33.086+0000] {logging_mixin.py:151} INFO - [2023-09-28T18:08:33.086+0000] {dag.py:3696} INFO - Setting next_dagrun for example_python_operator to None, run_after=None
[2023-09-28T18:08:33.101+0000] {processor.py:179} INFO - Processing /home/airflow/.local/lib/python3.8/site-packages/airflow/example_dags/example_python_operator.py took 0.057 seconds
[2023-09-28T18:09:03.888+0000] {processor.py:157} INFO - Started process (PID=440) to work on /home/airflow/.local/lib/python3.8/site-packages/airflow/example_dags/example_python_operator.py
[2023-09-28T18:09:03.890+0000] {processor.py:829} INFO - Processing file /home/airflow/.local/lib/python3.8/site-packages/airflow/example_dags/example_python_operator.py for tasks to queue
[2023-09-28T18:09:03.892+0000] {logging_mixin.py:151} INFO - [2023-09-28T18:09:03.892+0000] {dagbag.py:539} INFO - Filling up the DagBag from /home/airflow/.local/lib/python3.8/site-packages/airflow/example_dags/example_python_operator.py
[2023-09-28T18:09:03.899+0000] {processor.py:839} INFO - DAG(s) dict_keys(['example_python_operator']) retrieved from /home/airflow/.local/lib/python3.8/site-packages/airflow/example_dags/example_python_operator.py
[2023-09-28T18:09:03.918+0000] {logging_mixin.py:151} INFO - [2023-09-28T18:09:03.918+0000] {dag.py:2915} INFO - Sync 1 DAGs
[2023-09-28T18:09:03.927+0000] {logging_mixin.py:151} INFO - [2023-09-28T18:09:03.927+0000] {dag.py:3696} INFO - Setting next_dagrun for example_python_operator to None, run_after=None
[2023-09-28T18:09:03.943+0000] {processor.py:179} INFO - Processing /home/airflow/.local/lib/python3.8/site-packages/airflow/example_dags/example_python_operator.py took 0.058 seconds
[2023-09-28T18:09:34.616+0000] {processor.py:157} INFO - Started process (PID=493) to work on /home/airflow/.local/lib/python3.8/site-packages/airflow/example_dags/example_python_operator.py
[2023-09-28T18:09:34.618+0000] {processor.py:829} INFO - Processing file /home/airflow/.local/lib/python3.8/site-packages/airflow/example_dags/example_python_operator.py for tasks to queue
[2023-09-28T18:09:34.621+0000] {logging_mixin.py:151} INFO - [2023-09-28T18:09:34.621+0000] {dagbag.py:539} INFO - Filling up the DagBag from /home/airflow/.local/lib/python3.8/site-packages/airflow/example_dags/example_python_operator.py
[2023-09-28T18:09:34.632+0000] {processor.py:839} INFO - DAG(s) dict_keys(['example_python_operator']) retrieved from /home/airflow/.local/lib/python3.8/site-packages/airflow/example_dags/example_python_operator.py
[2023-09-28T18:09:34.653+0000] {logging_mixin.py:151} INFO - [2023-09-28T18:09:34.653+0000] {dag.py:2915} INFO - Sync 1 DAGs
[2023-09-28T18:09:34.662+0000] {logging_mixin.py:151} INFO - [2023-09-28T18:09:34.662+0000] {dag.py:3696} INFO - Setting next_dagrun for example_python_operator to None, run_after=None
[2023-09-28T18:09:34.677+0000] {processor.py:179} INFO - Processing /home/airflow/.local/lib/python3.8/site-packages/airflow/example_dags/example_python_operator.py took 0.063 seconds
[2023-09-28T18:10:05.372+0000] {processor.py:157} INFO - Started process (PID=547) to work on /home/airflow/.local/lib/python3.8/site-packages/airflow/example_dags/example_python_operator.py
[2023-09-28T18:10:05.375+0000] {processor.py:829} INFO - Processing file /home/airflow/.local/lib/python3.8/site-packages/airflow/example_dags/example_python_operator.py for tasks to queue
[2023-09-28T18:10:05.377+0000] {logging_mixin.py:151} INFO - [2023-09-28T18:10:05.377+0000] {dagbag.py:539} INFO - Filling up the DagBag from /home/airflow/.local/lib/python3.8/site-packages/airflow/example_dags/example_python_operator.py
[2023-09-28T18:10:05.385+0000] {processor.py:839} INFO - DAG(s) dict_keys(['example_python_operator']) retrieved from /home/airflow/.local/lib/python3.8/site-packages/airflow/example_dags/example_python_operator.py
[2023-09-28T18:10:05.403+0000] {logging_mixin.py:151} INFO - [2023-09-28T18:10:05.403+0000] {dag.py:2915} INFO - Sync 1 DAGs
[2023-09-28T18:10:05.414+0000] {logging_mixin.py:151} INFO - [2023-09-28T18:10:05.414+0000] {dag.py:3696} INFO - Setting next_dagrun for example_python_operator to None, run_after=None
[2023-09-28T18:10:05.429+0000] {processor.py:179} INFO - Processing /home/airflow/.local/lib/python3.8/site-packages/airflow/example_dags/example_python_operator.py took 0.059 seconds
[2023-09-28T18:10:36.277+0000] {processor.py:157} INFO - Started process (PID=601) to work on /home/airflow/.local/lib/python3.8/site-packages/airflow/example_dags/example_python_operator.py
[2023-09-28T18:10:36.280+0000] {processor.py:829} INFO - Processing file /home/airflow/.local/lib/python3.8/site-packages/airflow/example_dags/example_python_operator.py for tasks to queue
[2023-09-28T18:10:36.282+0000] {logging_mixin.py:151} INFO - [2023-09-28T18:10:36.282+0000] {dagbag.py:539} INFO - Filling up the DagBag from /home/airflow/.local/lib/python3.8/site-packages/airflow/example_dags/example_python_operator.py
[2023-09-28T18:10:36.289+0000] {processor.py:839} INFO - DAG(s) dict_keys(['example_python_operator']) retrieved from /home/airflow/.local/lib/python3.8/site-packages/airflow/example_dags/example_python_operator.py
[2023-09-28T18:10:36.308+0000] {logging_mixin.py:151} INFO - [2023-09-28T18:10:36.308+0000] {dag.py:2915} INFO - Sync 1 DAGs
[2023-09-28T18:10:36.318+0000] {logging_mixin.py:151} INFO - [2023-09-28T18:10:36.318+0000] {dag.py:3696} INFO - Setting next_dagrun for example_python_operator to None, run_after=None
[2023-09-28T18:10:36.334+0000] {processor.py:179} INFO - Processing /home/airflow/.local/lib/python3.8/site-packages/airflow/example_dags/example_python_operator.py took 0.059 seconds
[2023-09-28T18:11:07.626+0000] {processor.py:157} INFO - Started process (PID=655) to work on /home/airflow/.local/lib/python3.8/site-packages/airflow/example_dags/example_python_operator.py
[2023-09-28T18:11:07.630+0000] {processor.py:829} INFO - Processing file /home/airflow/.local/lib/python3.8/site-packages/airflow/example_dags/example_python_operator.py for tasks to queue
[2023-09-28T18:11:07.635+0000] {logging_mixin.py:151} INFO - [2023-09-28T18:11:07.635+0000] {dagbag.py:539} INFO - Filling up the DagBag from /home/airflow/.local/lib/python3.8/site-packages/airflow/example_dags/example_python_operator.py
[2023-09-28T18:11:07.654+0000] {processor.py:839} INFO - DAG(s) dict_keys(['example_python_operator']) retrieved from /home/airflow/.local/lib/python3.8/site-packages/airflow/example_dags/example_python_operator.py
[2023-09-28T18:11:07.692+0000] {logging_mixin.py:151} INFO - [2023-09-28T18:11:07.692+0000] {dag.py:2915} INFO - Sync 1 DAGs
[2023-09-28T18:11:07.706+0000] {logging_mixin.py:151} INFO - [2023-09-28T18:11:07.706+0000] {dag.py:3696} INFO - Setting next_dagrun for example_python_operator to None, run_after=None
[2023-09-28T18:11:07.739+0000] {processor.py:179} INFO - Processing /home/airflow/.local/lib/python3.8/site-packages/airflow/example_dags/example_python_operator.py took 0.117 seconds
[2023-09-28T18:13:57.524+0000] {processor.py:157} INFO - Started process (PID=62) to work on /home/airflow/.local/lib/python3.8/site-packages/airflow/example_dags/example_python_operator.py
[2023-09-28T18:13:57.527+0000] {processor.py:829} INFO - Processing file /home/airflow/.local/lib/python3.8/site-packages/airflow/example_dags/example_python_operator.py for tasks to queue
[2023-09-28T18:13:57.533+0000] {logging_mixin.py:151} INFO - [2023-09-28T18:13:57.532+0000] {dagbag.py:539} INFO - Filling up the DagBag from /home/airflow/.local/lib/python3.8/site-packages/airflow/example_dags/example_python_operator.py
[2023-09-28T18:13:57.542+0000] {processor.py:839} INFO - DAG(s) dict_keys(['example_python_operator']) retrieved from /home/airflow/.local/lib/python3.8/site-packages/airflow/example_dags/example_python_operator.py
[2023-09-28T18:13:57.615+0000] {logging_mixin.py:151} INFO - [2023-09-28T18:13:57.615+0000] {manager.py:499} INFO - Created Permission View: %s
[2023-09-28T18:13:57.625+0000] {logging_mixin.py:151} INFO - [2023-09-28T18:13:57.624+0000] {manager.py:499} INFO - Created Permission View: %s
[2023-09-28T18:13:57.631+0000] {logging_mixin.py:151} INFO - [2023-09-28T18:13:57.631+0000] {manager.py:499} INFO - Created Permission View: %s
[2023-09-28T18:13:57.632+0000] {logging_mixin.py:151} INFO - [2023-09-28T18:13:57.632+0000] {security.py:708} INFO - Not syncing DAG-level permissions for DAG 'DAG:example_python_operator' as access control is unset.
[2023-09-28T18:13:57.633+0000] {logging_mixin.py:151} INFO - [2023-09-28T18:13:57.633+0000] {dag.py:2915} INFO - Sync 1 DAGs
[2023-09-28T18:13:57.641+0000] {logging_mixin.py:151} INFO - [2023-09-28T18:13:57.641+0000] {dag.py:2937} INFO - Creating ORM DAG for example_python_operator
[2023-09-28T18:13:57.644+0000] {logging_mixin.py:151} INFO - [2023-09-28T18:13:57.644+0000] {dag.py:3696} INFO - Setting next_dagrun for example_python_operator to None, run_after=None
[2023-09-28T18:13:57.659+0000] {processor.py:179} INFO - Processing /home/airflow/.local/lib/python3.8/site-packages/airflow/example_dags/example_python_operator.py took 0.137 seconds
[2023-09-28T18:14:28.392+0000] {processor.py:157} INFO - Started process (PID=116) to work on /home/airflow/.local/lib/python3.8/site-packages/airflow/example_dags/example_python_operator.py
[2023-09-28T18:14:28.394+0000] {processor.py:829} INFO - Processing file /home/airflow/.local/lib/python3.8/site-packages/airflow/example_dags/example_python_operator.py for tasks to queue
[2023-09-28T18:14:28.396+0000] {logging_mixin.py:151} INFO - [2023-09-28T18:14:28.396+0000] {dagbag.py:539} INFO - Filling up the DagBag from /home/airflow/.local/lib/python3.8/site-packages/airflow/example_dags/example_python_operator.py
[2023-09-28T18:14:28.405+0000] {processor.py:839} INFO - DAG(s) dict_keys(['example_python_operator']) retrieved from /home/airflow/.local/lib/python3.8/site-packages/airflow/example_dags/example_python_operator.py
[2023-09-28T18:14:28.423+0000] {logging_mixin.py:151} INFO - [2023-09-28T18:14:28.423+0000] {dag.py:2915} INFO - Sync 1 DAGs
[2023-09-28T18:14:28.431+0000] {logging_mixin.py:151} INFO - [2023-09-28T18:14:28.431+0000] {dag.py:3696} INFO - Setting next_dagrun for example_python_operator to None, run_after=None
[2023-09-28T18:14:28.444+0000] {processor.py:179} INFO - Processing /home/airflow/.local/lib/python3.8/site-packages/airflow/example_dags/example_python_operator.py took 0.055 seconds
[2023-09-28T18:14:59.114+0000] {processor.py:157} INFO - Started process (PID=170) to work on /home/airflow/.local/lib/python3.8/site-packages/airflow/example_dags/example_python_operator.py
[2023-09-28T18:14:59.115+0000] {processor.py:829} INFO - Processing file /home/airflow/.local/lib/python3.8/site-packages/airflow/example_dags/example_python_operator.py for tasks to queue
[2023-09-28T18:14:59.117+0000] {logging_mixin.py:151} INFO - [2023-09-28T18:14:59.117+0000] {dagbag.py:539} INFO - Filling up the DagBag from /home/airflow/.local/lib/python3.8/site-packages/airflow/example_dags/example_python_operator.py
[2023-09-28T18:14:59.125+0000] {processor.py:839} INFO - DAG(s) dict_keys(['example_python_operator']) retrieved from /home/airflow/.local/lib/python3.8/site-packages/airflow/example_dags/example_python_operator.py
[2023-09-28T18:14:59.142+0000] {logging_mixin.py:151} INFO - [2023-09-28T18:14:59.142+0000] {dag.py:2915} INFO - Sync 1 DAGs
[2023-09-28T18:14:59.153+0000] {logging_mixin.py:151} INFO - [2023-09-28T18:14:59.153+0000] {dag.py:3696} INFO - Setting next_dagrun for example_python_operator to None, run_after=None
[2023-09-28T18:14:59.166+0000] {processor.py:179} INFO - Processing /home/airflow/.local/lib/python3.8/site-packages/airflow/example_dags/example_python_operator.py took 0.054 seconds
[2023-09-28T18:15:29.884+0000] {processor.py:157} INFO - Started process (PID=224) to work on /home/airflow/.local/lib/python3.8/site-packages/airflow/example_dags/example_python_operator.py
[2023-09-28T18:15:29.886+0000] {processor.py:829} INFO - Processing file /home/airflow/.local/lib/python3.8/site-packages/airflow/example_dags/example_python_operator.py for tasks to queue
[2023-09-28T18:15:29.889+0000] {logging_mixin.py:151} INFO - [2023-09-28T18:15:29.889+0000] {dagbag.py:539} INFO - Filling up the DagBag from /home/airflow/.local/lib/python3.8/site-packages/airflow/example_dags/example_python_operator.py
[2023-09-28T18:15:29.897+0000] {processor.py:839} INFO - DAG(s) dict_keys(['example_python_operator']) retrieved from /home/airflow/.local/lib/python3.8/site-packages/airflow/example_dags/example_python_operator.py
[2023-09-28T18:15:29.916+0000] {logging_mixin.py:151} INFO - [2023-09-28T18:15:29.916+0000] {dag.py:2915} INFO - Sync 1 DAGs
[2023-09-28T18:15:29.924+0000] {logging_mixin.py:151} INFO - [2023-09-28T18:15:29.924+0000] {dag.py:3696} INFO - Setting next_dagrun for example_python_operator to None, run_after=None
[2023-09-28T18:15:29.939+0000] {processor.py:179} INFO - Processing /home/airflow/.local/lib/python3.8/site-packages/airflow/example_dags/example_python_operator.py took 0.057 seconds
[2023-09-28T18:16:00.617+0000] {processor.py:157} INFO - Started process (PID=278) to work on /home/airflow/.local/lib/python3.8/site-packages/airflow/example_dags/example_python_operator.py
[2023-09-28T18:16:00.618+0000] {processor.py:829} INFO - Processing file /home/airflow/.local/lib/python3.8/site-packages/airflow/example_dags/example_python_operator.py for tasks to queue
[2023-09-28T18:16:00.621+0000] {logging_mixin.py:151} INFO - [2023-09-28T18:16:00.621+0000] {dagbag.py:539} INFO - Filling up the DagBag from /home/airflow/.local/lib/python3.8/site-packages/airflow/example_dags/example_python_operator.py
[2023-09-28T18:16:00.631+0000] {processor.py:839} INFO - DAG(s) dict_keys(['example_python_operator']) retrieved from /home/airflow/.local/lib/python3.8/site-packages/airflow/example_dags/example_python_operator.py
[2023-09-28T18:16:00.650+0000] {logging_mixin.py:151} INFO - [2023-09-28T18:16:00.650+0000] {dag.py:2915} INFO - Sync 1 DAGs
[2023-09-28T18:16:00.659+0000] {logging_mixin.py:151} INFO - [2023-09-28T18:16:00.659+0000] {dag.py:3696} INFO - Setting next_dagrun for example_python_operator to None, run_after=None
[2023-09-28T18:16:00.674+0000] {processor.py:179} INFO - Processing /home/airflow/.local/lib/python3.8/site-packages/airflow/example_dags/example_python_operator.py took 0.060 seconds
[2023-09-28T18:16:31.288+0000] {processor.py:157} INFO - Started process (PID=332) to work on /home/airflow/.local/lib/python3.8/site-packages/airflow/example_dags/example_python_operator.py
[2023-09-28T18:16:31.290+0000] {processor.py:829} INFO - Processing file /home/airflow/.local/lib/python3.8/site-packages/airflow/example_dags/example_python_operator.py for tasks to queue
[2023-09-28T18:16:31.292+0000] {logging_mixin.py:151} INFO - [2023-09-28T18:16:31.292+0000] {dagbag.py:539} INFO - Filling up the DagBag from /home/airflow/.local/lib/python3.8/site-packages/airflow/example_dags/example_python_operator.py
[2023-09-28T18:16:31.300+0000] {processor.py:839} INFO - DAG(s) dict_keys(['example_python_operator']) retrieved from /home/airflow/.local/lib/python3.8/site-packages/airflow/example_dags/example_python_operator.py
[2023-09-28T18:16:31.317+0000] {logging_mixin.py:151} INFO - [2023-09-28T18:16:31.317+0000] {dag.py:2915} INFO - Sync 1 DAGs
[2023-09-28T18:16:31.325+0000] {logging_mixin.py:151} INFO - [2023-09-28T18:16:31.325+0000] {dag.py:3696} INFO - Setting next_dagrun for example_python_operator to None, run_after=None
[2023-09-28T18:16:31.340+0000] {processor.py:179} INFO - Processing /home/airflow/.local/lib/python3.8/site-packages/airflow/example_dags/example_python_operator.py took 0.054 seconds
[2023-09-28T18:17:02.073+0000] {processor.py:157} INFO - Started process (PID=386) to work on /home/airflow/.local/lib/python3.8/site-packages/airflow/example_dags/example_python_operator.py
[2023-09-28T18:17:02.075+0000] {processor.py:829} INFO - Processing file /home/airflow/.local/lib/python3.8/site-packages/airflow/example_dags/example_python_operator.py for tasks to queue
[2023-09-28T18:17:02.077+0000] {logging_mixin.py:151} INFO - [2023-09-28T18:17:02.077+0000] {dagbag.py:539} INFO - Filling up the DagBag from /home/airflow/.local/lib/python3.8/site-packages/airflow/example_dags/example_python_operator.py
[2023-09-28T18:17:02.084+0000] {processor.py:839} INFO - DAG(s) dict_keys(['example_python_operator']) retrieved from /home/airflow/.local/lib/python3.8/site-packages/airflow/example_dags/example_python_operator.py
[2023-09-28T18:17:02.103+0000] {logging_mixin.py:151} INFO - [2023-09-28T18:17:02.103+0000] {dag.py:2915} INFO - Sync 1 DAGs
[2023-09-28T18:17:02.111+0000] {logging_mixin.py:151} INFO - [2023-09-28T18:17:02.111+0000] {dag.py:3696} INFO - Setting next_dagrun for example_python_operator to None, run_after=None
[2023-09-28T18:17:02.124+0000] {processor.py:179} INFO - Processing /home/airflow/.local/lib/python3.8/site-packages/airflow/example_dags/example_python_operator.py took 0.054 seconds
[2023-09-28T18:17:32.657+0000] {processor.py:157} INFO - Started process (PID=439) to work on /home/airflow/.local/lib/python3.8/site-packages/airflow/example_dags/example_python_operator.py
[2023-09-28T18:17:32.659+0000] {processor.py:829} INFO - Processing file /home/airflow/.local/lib/python3.8/site-packages/airflow/example_dags/example_python_operator.py for tasks to queue
[2023-09-28T18:17:32.661+0000] {logging_mixin.py:151} INFO - [2023-09-28T18:17:32.661+0000] {dagbag.py:539} INFO - Filling up the DagBag from /home/airflow/.local/lib/python3.8/site-packages/airflow/example_dags/example_python_operator.py
[2023-09-28T18:17:32.669+0000] {processor.py:839} INFO - DAG(s) dict_keys(['example_python_operator']) retrieved from /home/airflow/.local/lib/python3.8/site-packages/airflow/example_dags/example_python_operator.py
[2023-09-28T18:17:32.688+0000] {logging_mixin.py:151} INFO - [2023-09-28T18:17:32.688+0000] {dag.py:2915} INFO - Sync 1 DAGs
[2023-09-28T18:17:32.697+0000] {logging_mixin.py:151} INFO - [2023-09-28T18:17:32.697+0000] {dag.py:3696} INFO - Setting next_dagrun for example_python_operator to None, run_after=None
[2023-09-28T18:17:32.715+0000] {processor.py:179} INFO - Processing /home/airflow/.local/lib/python3.8/site-packages/airflow/example_dags/example_python_operator.py took 0.060 seconds
[2023-09-28T18:18:03.387+0000] {processor.py:157} INFO - Started process (PID=494) to work on /home/airflow/.local/lib/python3.8/site-packages/airflow/example_dags/example_python_operator.py
[2023-09-28T18:18:03.389+0000] {processor.py:829} INFO - Processing file /home/airflow/.local/lib/python3.8/site-packages/airflow/example_dags/example_python_operator.py for tasks to queue
[2023-09-28T18:18:03.391+0000] {logging_mixin.py:151} INFO - [2023-09-28T18:18:03.391+0000] {dagbag.py:539} INFO - Filling up the DagBag from /home/airflow/.local/lib/python3.8/site-packages/airflow/example_dags/example_python_operator.py
[2023-09-28T18:18:03.397+0000] {processor.py:839} INFO - DAG(s) dict_keys(['example_python_operator']) retrieved from /home/airflow/.local/lib/python3.8/site-packages/airflow/example_dags/example_python_operator.py
[2023-09-28T18:18:03.415+0000] {logging_mixin.py:151} INFO - [2023-09-28T18:18:03.415+0000] {dag.py:2915} INFO - Sync 1 DAGs
[2023-09-28T18:18:03.424+0000] {logging_mixin.py:151} INFO - [2023-09-28T18:18:03.424+0000] {dag.py:3696} INFO - Setting next_dagrun for example_python_operator to None, run_after=None
[2023-09-28T18:18:03.440+0000] {processor.py:179} INFO - Processing /home/airflow/.local/lib/python3.8/site-packages/airflow/example_dags/example_python_operator.py took 0.055 seconds
[2023-09-28T18:18:34.169+0000] {processor.py:157} INFO - Started process (PID=548) to work on /home/airflow/.local/lib/python3.8/site-packages/airflow/example_dags/example_python_operator.py
[2023-09-28T18:18:34.171+0000] {processor.py:829} INFO - Processing file /home/airflow/.local/lib/python3.8/site-packages/airflow/example_dags/example_python_operator.py for tasks to queue
[2023-09-28T18:18:34.173+0000] {logging_mixin.py:151} INFO - [2023-09-28T18:18:34.173+0000] {dagbag.py:539} INFO - Filling up the DagBag from /home/airflow/.local/lib/python3.8/site-packages/airflow/example_dags/example_python_operator.py
[2023-09-28T18:18:34.181+0000] {processor.py:839} INFO - DAG(s) dict_keys(['example_python_operator']) retrieved from /home/airflow/.local/lib/python3.8/site-packages/airflow/example_dags/example_python_operator.py
[2023-09-28T18:18:34.198+0000] {logging_mixin.py:151} INFO - [2023-09-28T18:18:34.198+0000] {dag.py:2915} INFO - Sync 1 DAGs
[2023-09-28T18:18:34.207+0000] {logging_mixin.py:151} INFO - [2023-09-28T18:18:34.207+0000] {dag.py:3696} INFO - Setting next_dagrun for example_python_operator to None, run_after=None
[2023-09-28T18:18:34.220+0000] {processor.py:179} INFO - Processing /home/airflow/.local/lib/python3.8/site-packages/airflow/example_dags/example_python_operator.py took 0.053 seconds
[2023-09-28T18:19:05.050+0000] {processor.py:157} INFO - Started process (PID=603) to work on /home/airflow/.local/lib/python3.8/site-packages/airflow/example_dags/example_python_operator.py
[2023-09-28T18:19:05.055+0000] {processor.py:829} INFO - Processing file /home/airflow/.local/lib/python3.8/site-packages/airflow/example_dags/example_python_operator.py for tasks to queue
[2023-09-28T18:19:05.058+0000] {logging_mixin.py:151} INFO - [2023-09-28T18:19:05.057+0000] {dagbag.py:539} INFO - Filling up the DagBag from /home/airflow/.local/lib/python3.8/site-packages/airflow/example_dags/example_python_operator.py
[2023-09-28T18:19:05.066+0000] {processor.py:839} INFO - DAG(s) dict_keys(['example_python_operator']) retrieved from /home/airflow/.local/lib/python3.8/site-packages/airflow/example_dags/example_python_operator.py
[2023-09-28T18:19:05.084+0000] {logging_mixin.py:151} INFO - [2023-09-28T18:19:05.084+0000] {dag.py:2915} INFO - Sync 1 DAGs
[2023-09-28T18:19:05.093+0000] {logging_mixin.py:151} INFO - [2023-09-28T18:19:05.093+0000] {dag.py:3696} INFO - Setting next_dagrun for example_python_operator to None, run_after=None
[2023-09-28T18:19:05.106+0000] {processor.py:179} INFO - Processing /home/airflow/.local/lib/python3.8/site-packages/airflow/example_dags/example_python_operator.py took 0.059 seconds
[2023-09-28T18:19:35.788+0000] {processor.py:157} INFO - Started process (PID=657) to work on /home/airflow/.local/lib/python3.8/site-packages/airflow/example_dags/example_python_operator.py
[2023-09-28T18:19:35.790+0000] {processor.py:829} INFO - Processing file /home/airflow/.local/lib/python3.8/site-packages/airflow/example_dags/example_python_operator.py for tasks to queue
[2023-09-28T18:19:35.793+0000] {logging_mixin.py:151} INFO - [2023-09-28T18:19:35.793+0000] {dagbag.py:539} INFO - Filling up the DagBag from /home/airflow/.local/lib/python3.8/site-packages/airflow/example_dags/example_python_operator.py
[2023-09-28T18:19:35.801+0000] {processor.py:839} INFO - DAG(s) dict_keys(['example_python_operator']) retrieved from /home/airflow/.local/lib/python3.8/site-packages/airflow/example_dags/example_python_operator.py
[2023-09-28T18:19:35.822+0000] {logging_mixin.py:151} INFO - [2023-09-28T18:19:35.822+0000] {dag.py:2915} INFO - Sync 1 DAGs
[2023-09-28T18:19:35.831+0000] {logging_mixin.py:151} INFO - [2023-09-28T18:19:35.831+0000] {dag.py:3696} INFO - Setting next_dagrun for example_python_operator to None, run_after=None
[2023-09-28T18:19:35.845+0000] {processor.py:179} INFO - Processing /home/airflow/.local/lib/python3.8/site-packages/airflow/example_dags/example_python_operator.py took 0.060 seconds
[2023-09-28T18:20:06.485+0000] {processor.py:157} INFO - Started process (PID=711) to work on /home/airflow/.local/lib/python3.8/site-packages/airflow/example_dags/example_python_operator.py
[2023-09-28T18:20:06.488+0000] {processor.py:829} INFO - Processing file /home/airflow/.local/lib/python3.8/site-packages/airflow/example_dags/example_python_operator.py for tasks to queue
[2023-09-28T18:20:06.490+0000] {logging_mixin.py:151} INFO - [2023-09-28T18:20:06.490+0000] {dagbag.py:539} INFO - Filling up the DagBag from /home/airflow/.local/lib/python3.8/site-packages/airflow/example_dags/example_python_operator.py
[2023-09-28T18:20:06.499+0000] {processor.py:839} INFO - DAG(s) dict_keys(['example_python_operator']) retrieved from /home/airflow/.local/lib/python3.8/site-packages/airflow/example_dags/example_python_operator.py
[2023-09-28T18:20:06.519+0000] {logging_mixin.py:151} INFO - [2023-09-28T18:20:06.519+0000] {dag.py:2915} INFO - Sync 1 DAGs
[2023-09-28T18:20:06.529+0000] {logging_mixin.py:151} INFO - [2023-09-28T18:20:06.528+0000] {dag.py:3696} INFO - Setting next_dagrun for example_python_operator to None, run_after=None
[2023-09-28T18:20:06.541+0000] {processor.py:179} INFO - Processing /home/airflow/.local/lib/python3.8/site-packages/airflow/example_dags/example_python_operator.py took 0.058 seconds
[2023-09-28T18:20:37.078+0000] {processor.py:157} INFO - Started process (PID=764) to work on /home/airflow/.local/lib/python3.8/site-packages/airflow/example_dags/example_python_operator.py
[2023-09-28T18:20:37.080+0000] {processor.py:829} INFO - Processing file /home/airflow/.local/lib/python3.8/site-packages/airflow/example_dags/example_python_operator.py for tasks to queue
[2023-09-28T18:20:37.082+0000] {logging_mixin.py:151} INFO - [2023-09-28T18:20:37.082+0000] {dagbag.py:539} INFO - Filling up the DagBag from /home/airflow/.local/lib/python3.8/site-packages/airflow/example_dags/example_python_operator.py
[2023-09-28T18:20:37.089+0000] {processor.py:839} INFO - DAG(s) dict_keys(['example_python_operator']) retrieved from /home/airflow/.local/lib/python3.8/site-packages/airflow/example_dags/example_python_operator.py
[2023-09-28T18:20:37.107+0000] {logging_mixin.py:151} INFO - [2023-09-28T18:20:37.107+0000] {dag.py:2915} INFO - Sync 1 DAGs
[2023-09-28T18:20:37.115+0000] {logging_mixin.py:151} INFO - [2023-09-28T18:20:37.115+0000] {dag.py:3696} INFO - Setting next_dagrun for example_python_operator to None, run_after=None
[2023-09-28T18:20:37.130+0000] {processor.py:179} INFO - Processing /home/airflow/.local/lib/python3.8/site-packages/airflow/example_dags/example_python_operator.py took 0.054 seconds
[2023-09-28T18:21:07.932+0000] {processor.py:157} INFO - Started process (PID=818) to work on /home/airflow/.local/lib/python3.8/site-packages/airflow/example_dags/example_python_operator.py
[2023-09-28T18:21:07.936+0000] {processor.py:829} INFO - Processing file /home/airflow/.local/lib/python3.8/site-packages/airflow/example_dags/example_python_operator.py for tasks to queue
[2023-09-28T18:21:07.939+0000] {logging_mixin.py:151} INFO - [2023-09-28T18:21:07.939+0000] {dagbag.py:539} INFO - Filling up the DagBag from /home/airflow/.local/lib/python3.8/site-packages/airflow/example_dags/example_python_operator.py
[2023-09-28T18:21:07.947+0000] {processor.py:839} INFO - DAG(s) dict_keys(['example_python_operator']) retrieved from /home/airflow/.local/lib/python3.8/site-packages/airflow/example_dags/example_python_operator.py
[2023-09-28T18:21:07.979+0000] {logging_mixin.py:151} INFO - [2023-09-28T18:21:07.979+0000] {dag.py:2915} INFO - Sync 1 DAGs
[2023-09-28T18:21:07.990+0000] {logging_mixin.py:151} INFO - [2023-09-28T18:21:07.990+0000] {dag.py:3696} INFO - Setting next_dagrun for example_python_operator to None, run_after=None
[2023-09-28T18:21:08.010+0000] {processor.py:179} INFO - Processing /home/airflow/.local/lib/python3.8/site-packages/airflow/example_dags/example_python_operator.py took 0.080 seconds
[2023-09-28T18:21:38.852+0000] {processor.py:157} INFO - Started process (PID=872) to work on /home/airflow/.local/lib/python3.8/site-packages/airflow/example_dags/example_python_operator.py
[2023-09-28T18:21:38.854+0000] {processor.py:829} INFO - Processing file /home/airflow/.local/lib/python3.8/site-packages/airflow/example_dags/example_python_operator.py for tasks to queue
[2023-09-28T18:21:38.857+0000] {logging_mixin.py:151} INFO - [2023-09-28T18:21:38.857+0000] {dagbag.py:539} INFO - Filling up the DagBag from /home/airflow/.local/lib/python3.8/site-packages/airflow/example_dags/example_python_operator.py
[2023-09-28T18:21:38.864+0000] {processor.py:839} INFO - DAG(s) dict_keys(['example_python_operator']) retrieved from /home/airflow/.local/lib/python3.8/site-packages/airflow/example_dags/example_python_operator.py
[2023-09-28T18:21:38.885+0000] {logging_mixin.py:151} INFO - [2023-09-28T18:21:38.885+0000] {dag.py:2915} INFO - Sync 1 DAGs
[2023-09-28T18:21:38.893+0000] {logging_mixin.py:151} INFO - [2023-09-28T18:21:38.893+0000] {dag.py:3696} INFO - Setting next_dagrun for example_python_operator to None, run_after=None
[2023-09-28T18:21:38.906+0000] {processor.py:179} INFO - Processing /home/airflow/.local/lib/python3.8/site-packages/airflow/example_dags/example_python_operator.py took 0.056 seconds
[2023-09-28T18:22:09.538+0000] {processor.py:157} INFO - Started process (PID=926) to work on /home/airflow/.local/lib/python3.8/site-packages/airflow/example_dags/example_python_operator.py
[2023-09-28T18:22:09.540+0000] {processor.py:829} INFO - Processing file /home/airflow/.local/lib/python3.8/site-packages/airflow/example_dags/example_python_operator.py for tasks to queue
[2023-09-28T18:22:09.542+0000] {logging_mixin.py:151} INFO - [2023-09-28T18:22:09.541+0000] {dagbag.py:539} INFO - Filling up the DagBag from /home/airflow/.local/lib/python3.8/site-packages/airflow/example_dags/example_python_operator.py
[2023-09-28T18:22:09.549+0000] {processor.py:839} INFO - DAG(s) dict_keys(['example_python_operator']) retrieved from /home/airflow/.local/lib/python3.8/site-packages/airflow/example_dags/example_python_operator.py
[2023-09-28T18:22:09.567+0000] {logging_mixin.py:151} INFO - [2023-09-28T18:22:09.567+0000] {dag.py:2915} INFO - Sync 1 DAGs
[2023-09-28T18:22:09.576+0000] {logging_mixin.py:151} INFO - [2023-09-28T18:22:09.576+0000] {dag.py:3696} INFO - Setting next_dagrun for example_python_operator to None, run_after=None
[2023-09-28T18:22:09.587+0000] {processor.py:179} INFO - Processing /home/airflow/.local/lib/python3.8/site-packages/airflow/example_dags/example_python_operator.py took 0.052 seconds
[2023-09-28T18:22:40.377+0000] {processor.py:157} INFO - Started process (PID=979) to work on /home/airflow/.local/lib/python3.8/site-packages/airflow/example_dags/example_python_operator.py
[2023-09-28T18:22:40.379+0000] {processor.py:829} INFO - Processing file /home/airflow/.local/lib/python3.8/site-packages/airflow/example_dags/example_python_operator.py for tasks to queue
[2023-09-28T18:22:40.381+0000] {logging_mixin.py:151} INFO - [2023-09-28T18:22:40.381+0000] {dagbag.py:539} INFO - Filling up the DagBag from /home/airflow/.local/lib/python3.8/site-packages/airflow/example_dags/example_python_operator.py
[2023-09-28T18:22:40.388+0000] {processor.py:839} INFO - DAG(s) dict_keys(['example_python_operator']) retrieved from /home/airflow/.local/lib/python3.8/site-packages/airflow/example_dags/example_python_operator.py
[2023-09-28T18:22:40.407+0000] {logging_mixin.py:151} INFO - [2023-09-28T18:22:40.406+0000] {dag.py:2915} INFO - Sync 1 DAGs
[2023-09-28T18:22:40.415+0000] {logging_mixin.py:151} INFO - [2023-09-28T18:22:40.415+0000] {dag.py:3696} INFO - Setting next_dagrun for example_python_operator to None, run_after=None
[2023-09-28T18:22:40.428+0000] {processor.py:179} INFO - Processing /home/airflow/.local/lib/python3.8/site-packages/airflow/example_dags/example_python_operator.py took 0.053 seconds
[2023-09-28T18:23:11.367+0000] {processor.py:157} INFO - Started process (PID=1032) to work on /home/airflow/.local/lib/python3.8/site-packages/airflow/example_dags/example_python_operator.py
[2023-09-28T18:23:11.370+0000] {processor.py:829} INFO - Processing file /home/airflow/.local/lib/python3.8/site-packages/airflow/example_dags/example_python_operator.py for tasks to queue
[2023-09-28T18:23:11.373+0000] {logging_mixin.py:151} INFO - [2023-09-28T18:23:11.373+0000] {dagbag.py:539} INFO - Filling up the DagBag from /home/airflow/.local/lib/python3.8/site-packages/airflow/example_dags/example_python_operator.py
[2023-09-28T18:23:11.381+0000] {processor.py:839} INFO - DAG(s) dict_keys(['example_python_operator']) retrieved from /home/airflow/.local/lib/python3.8/site-packages/airflow/example_dags/example_python_operator.py
[2023-09-28T18:23:11.399+0000] {logging_mixin.py:151} INFO - [2023-09-28T18:23:11.399+0000] {dag.py:2915} INFO - Sync 1 DAGs
[2023-09-28T18:23:11.410+0000] {logging_mixin.py:151} INFO - [2023-09-28T18:23:11.410+0000] {dag.py:3696} INFO - Setting next_dagrun for example_python_operator to None, run_after=None
[2023-09-28T18:23:11.425+0000] {processor.py:179} INFO - Processing /home/airflow/.local/lib/python3.8/site-packages/airflow/example_dags/example_python_operator.py took 0.060 seconds
[2023-09-28T18:23:42.349+0000] {processor.py:157} INFO - Started process (PID=1086) to work on /home/airflow/.local/lib/python3.8/site-packages/airflow/example_dags/example_python_operator.py
[2023-09-28T18:23:42.351+0000] {processor.py:829} INFO - Processing file /home/airflow/.local/lib/python3.8/site-packages/airflow/example_dags/example_python_operator.py for tasks to queue
[2023-09-28T18:23:42.354+0000] {logging_mixin.py:151} INFO - [2023-09-28T18:23:42.353+0000] {dagbag.py:539} INFO - Filling up the DagBag from /home/airflow/.local/lib/python3.8/site-packages/airflow/example_dags/example_python_operator.py
[2023-09-28T18:23:42.363+0000] {processor.py:839} INFO - DAG(s) dict_keys(['example_python_operator']) retrieved from /home/airflow/.local/lib/python3.8/site-packages/airflow/example_dags/example_python_operator.py
[2023-09-28T18:23:42.383+0000] {logging_mixin.py:151} INFO - [2023-09-28T18:23:42.383+0000] {dag.py:2915} INFO - Sync 1 DAGs
[2023-09-28T18:23:42.392+0000] {logging_mixin.py:151} INFO - [2023-09-28T18:23:42.392+0000] {dag.py:3696} INFO - Setting next_dagrun for example_python_operator to None, run_after=None
[2023-09-28T18:23:42.408+0000] {processor.py:179} INFO - Processing /home/airflow/.local/lib/python3.8/site-packages/airflow/example_dags/example_python_operator.py took 0.063 seconds
[2023-09-28T18:34:44.568+0000] {processor.py:157} INFO - Started process (PID=63) to work on /home/airflow/.local/lib/python3.8/site-packages/airflow/example_dags/example_python_operator.py
[2023-09-28T18:34:44.571+0000] {processor.py:829} INFO - Processing file /home/airflow/.local/lib/python3.8/site-packages/airflow/example_dags/example_python_operator.py for tasks to queue
[2023-09-28T18:34:44.574+0000] {logging_mixin.py:151} INFO - [2023-09-28T18:34:44.574+0000] {dagbag.py:539} INFO - Filling up the DagBag from /home/airflow/.local/lib/python3.8/site-packages/airflow/example_dags/example_python_operator.py
[2023-09-28T18:34:44.587+0000] {processor.py:839} INFO - DAG(s) dict_keys(['example_python_operator']) retrieved from /home/airflow/.local/lib/python3.8/site-packages/airflow/example_dags/example_python_operator.py
[2023-09-28T18:34:44.603+0000] {logging_mixin.py:151} INFO - [2023-09-28T18:34:44.603+0000] {dag.py:2915} INFO - Sync 1 DAGs
[2023-09-28T18:34:44.616+0000] {logging_mixin.py:151} INFO - [2023-09-28T18:34:44.616+0000] {dag.py:3696} INFO - Setting next_dagrun for example_python_operator to None, run_after=None
[2023-09-28T18:34:44.638+0000] {processor.py:179} INFO - Processing /home/airflow/.local/lib/python3.8/site-packages/airflow/example_dags/example_python_operator.py took 0.082 seconds
[2023-09-28T18:35:15.408+0000] {processor.py:157} INFO - Started process (PID=117) to work on /home/airflow/.local/lib/python3.8/site-packages/airflow/example_dags/example_python_operator.py
[2023-09-28T18:35:15.412+0000] {processor.py:829} INFO - Processing file /home/airflow/.local/lib/python3.8/site-packages/airflow/example_dags/example_python_operator.py for tasks to queue
[2023-09-28T18:35:15.416+0000] {logging_mixin.py:151} INFO - [2023-09-28T18:35:15.416+0000] {dagbag.py:539} INFO - Filling up the DagBag from /home/airflow/.local/lib/python3.8/site-packages/airflow/example_dags/example_python_operator.py
[2023-09-28T18:35:15.425+0000] {processor.py:839} INFO - DAG(s) dict_keys(['example_python_operator']) retrieved from /home/airflow/.local/lib/python3.8/site-packages/airflow/example_dags/example_python_operator.py
[2023-09-28T18:35:15.496+0000] {logging_mixin.py:151} INFO - [2023-09-28T18:35:15.496+0000] {security.py:708} INFO - Not syncing DAG-level permissions for DAG 'DAG:example_python_operator' as access control is unset.
[2023-09-28T18:35:15.498+0000] {logging_mixin.py:151} INFO - [2023-09-28T18:35:15.498+0000] {dag.py:2915} INFO - Sync 1 DAGs
[2023-09-28T18:35:15.506+0000] {logging_mixin.py:151} INFO - [2023-09-28T18:35:15.506+0000] {dag.py:3696} INFO - Setting next_dagrun for example_python_operator to None, run_after=None
[2023-09-28T18:35:15.530+0000] {processor.py:179} INFO - Processing /home/airflow/.local/lib/python3.8/site-packages/airflow/example_dags/example_python_operator.py took 0.124 seconds
[2023-09-28T18:35:45.953+0000] {processor.py:157} INFO - Started process (PID=172) to work on /home/airflow/.local/lib/python3.8/site-packages/airflow/example_dags/example_python_operator.py
[2023-09-28T18:35:45.955+0000] {processor.py:829} INFO - Processing file /home/airflow/.local/lib/python3.8/site-packages/airflow/example_dags/example_python_operator.py for tasks to queue
[2023-09-28T18:35:45.957+0000] {logging_mixin.py:151} INFO - [2023-09-28T18:35:45.957+0000] {dagbag.py:539} INFO - Filling up the DagBag from /home/airflow/.local/lib/python3.8/site-packages/airflow/example_dags/example_python_operator.py
[2023-09-28T18:35:45.965+0000] {processor.py:839} INFO - DAG(s) dict_keys(['example_python_operator']) retrieved from /home/airflow/.local/lib/python3.8/site-packages/airflow/example_dags/example_python_operator.py
[2023-09-28T18:35:45.983+0000] {logging_mixin.py:151} INFO - [2023-09-28T18:35:45.983+0000] {dag.py:2915} INFO - Sync 1 DAGs
[2023-09-28T18:35:45.992+0000] {logging_mixin.py:151} INFO - [2023-09-28T18:35:45.991+0000] {dag.py:3696} INFO - Setting next_dagrun for example_python_operator to None, run_after=None
[2023-09-28T18:35:46.004+0000] {processor.py:179} INFO - Processing /home/airflow/.local/lib/python3.8/site-packages/airflow/example_dags/example_python_operator.py took 0.055 seconds
[2023-09-28T18:36:16.803+0000] {processor.py:157} INFO - Started process (PID=225) to work on /home/airflow/.local/lib/python3.8/site-packages/airflow/example_dags/example_python_operator.py
[2023-09-28T18:36:16.806+0000] {processor.py:829} INFO - Processing file /home/airflow/.local/lib/python3.8/site-packages/airflow/example_dags/example_python_operator.py for tasks to queue
[2023-09-28T18:36:16.808+0000] {logging_mixin.py:151} INFO - [2023-09-28T18:36:16.808+0000] {dagbag.py:539} INFO - Filling up the DagBag from /home/airflow/.local/lib/python3.8/site-packages/airflow/example_dags/example_python_operator.py
[2023-09-28T18:36:16.817+0000] {processor.py:839} INFO - DAG(s) dict_keys(['example_python_operator']) retrieved from /home/airflow/.local/lib/python3.8/site-packages/airflow/example_dags/example_python_operator.py
[2023-09-28T18:36:16.839+0000] {logging_mixin.py:151} INFO - [2023-09-28T18:36:16.839+0000] {dag.py:2915} INFO - Sync 1 DAGs
[2023-09-28T18:36:16.850+0000] {logging_mixin.py:151} INFO - [2023-09-28T18:36:16.850+0000] {dag.py:3696} INFO - Setting next_dagrun for example_python_operator to None, run_after=None
[2023-09-28T18:36:16.866+0000] {processor.py:179} INFO - Processing /home/airflow/.local/lib/python3.8/site-packages/airflow/example_dags/example_python_operator.py took 0.065 seconds
