[2023-09-28T18:05:28.981+0000] {processor.py:157} INFO - Started process (PID=58) to work on /home/airflow/.local/lib/python3.8/site-packages/airflow/example_dags/example_dynamic_task_mapping_with_no_taskflow_operators.py
[2023-09-28T18:05:28.985+0000] {processor.py:829} INFO - Processing file /home/airflow/.local/lib/python3.8/site-packages/airflow/example_dags/example_dynamic_task_mapping_with_no_taskflow_operators.py for tasks to queue
[2023-09-28T18:05:28.997+0000] {logging_mixin.py:151} INFO - [2023-09-28T18:05:28.996+0000] {dagbag.py:539} INFO - Filling up the DagBag from /home/airflow/.local/lib/python3.8/site-packages/airflow/example_dags/example_dynamic_task_mapping_with_no_taskflow_operators.py
[2023-09-28T18:05:29.008+0000] {processor.py:839} INFO - DAG(s) dict_keys(['example_dynamic_task_mapping_with_no_taskflow_operators']) retrieved from /home/airflow/.local/lib/python3.8/site-packages/airflow/example_dags/example_dynamic_task_mapping_with_no_taskflow_operators.py
[2023-09-28T18:05:29.022+0000] {logging_mixin.py:151} INFO - [2023-09-28T18:05:29.022+0000] {dag.py:2915} INFO - Sync 1 DAGs
[2023-09-28T18:05:29.047+0000] {logging_mixin.py:151} INFO - [2023-09-28T18:05:29.047+0000] {dag.py:3696} INFO - Setting next_dagrun for example_dynamic_task_mapping_with_no_taskflow_operators to 2023-09-27T18:05:29.046959+00:00, run_after=2023-09-28T18:05:29.046959+00:00
[2023-09-28T18:05:29.068+0000] {processor.py:179} INFO - Processing /home/airflow/.local/lib/python3.8/site-packages/airflow/example_dags/example_dynamic_task_mapping_with_no_taskflow_operators.py took 0.095 seconds
[2023-09-28T18:05:59.790+0000] {processor.py:157} INFO - Started process (PID=111) to work on /home/airflow/.local/lib/python3.8/site-packages/airflow/example_dags/example_dynamic_task_mapping_with_no_taskflow_operators.py
[2023-09-28T18:05:59.793+0000] {processor.py:829} INFO - Processing file /home/airflow/.local/lib/python3.8/site-packages/airflow/example_dags/example_dynamic_task_mapping_with_no_taskflow_operators.py for tasks to queue
[2023-09-28T18:05:59.795+0000] {logging_mixin.py:151} INFO - [2023-09-28T18:05:59.795+0000] {dagbag.py:539} INFO - Filling up the DagBag from /home/airflow/.local/lib/python3.8/site-packages/airflow/example_dags/example_dynamic_task_mapping_with_no_taskflow_operators.py
[2023-09-28T18:05:59.800+0000] {processor.py:839} INFO - DAG(s) dict_keys(['example_dynamic_task_mapping_with_no_taskflow_operators']) retrieved from /home/airflow/.local/lib/python3.8/site-packages/airflow/example_dags/example_dynamic_task_mapping_with_no_taskflow_operators.py
[2023-09-28T18:05:59.815+0000] {logging_mixin.py:151} INFO - [2023-09-28T18:05:59.815+0000] {dag.py:2915} INFO - Sync 1 DAGs
[2023-09-28T18:05:59.829+0000] {logging_mixin.py:151} INFO - [2023-09-28T18:05:59.829+0000] {dag.py:3696} INFO - Setting next_dagrun for example_dynamic_task_mapping_with_no_taskflow_operators to 2023-09-27T18:05:59.829256+00:00, run_after=2023-09-28T18:05:59.829256+00:00
[2023-09-28T18:05:59.840+0000] {processor.py:179} INFO - Processing /home/airflow/.local/lib/python3.8/site-packages/airflow/example_dags/example_dynamic_task_mapping_with_no_taskflow_operators.py took 0.051 seconds
[2023-09-28T18:06:30.728+0000] {processor.py:157} INFO - Started process (PID=164) to work on /home/airflow/.local/lib/python3.8/site-packages/airflow/example_dags/example_dynamic_task_mapping_with_no_taskflow_operators.py
[2023-09-28T18:06:30.731+0000] {processor.py:829} INFO - Processing file /home/airflow/.local/lib/python3.8/site-packages/airflow/example_dags/example_dynamic_task_mapping_with_no_taskflow_operators.py for tasks to queue
[2023-09-28T18:06:30.734+0000] {logging_mixin.py:151} INFO - [2023-09-28T18:06:30.733+0000] {dagbag.py:539} INFO - Filling up the DagBag from /home/airflow/.local/lib/python3.8/site-packages/airflow/example_dags/example_dynamic_task_mapping_with_no_taskflow_operators.py
[2023-09-28T18:06:30.738+0000] {processor.py:839} INFO - DAG(s) dict_keys(['example_dynamic_task_mapping_with_no_taskflow_operators']) retrieved from /home/airflow/.local/lib/python3.8/site-packages/airflow/example_dags/example_dynamic_task_mapping_with_no_taskflow_operators.py
[2023-09-28T18:06:30.755+0000] {logging_mixin.py:151} INFO - [2023-09-28T18:06:30.754+0000] {dag.py:2915} INFO - Sync 1 DAGs
[2023-09-28T18:06:30.769+0000] {logging_mixin.py:151} INFO - [2023-09-28T18:06:30.769+0000] {dag.py:3696} INFO - Setting next_dagrun for example_dynamic_task_mapping_with_no_taskflow_operators to 2023-09-27T18:06:30.768834+00:00, run_after=2023-09-28T18:06:30.768834+00:00
[2023-09-28T18:06:30.784+0000] {processor.py:179} INFO - Processing /home/airflow/.local/lib/python3.8/site-packages/airflow/example_dags/example_dynamic_task_mapping_with_no_taskflow_operators.py took 0.059 seconds
[2023-09-28T18:07:00.920+0000] {processor.py:157} INFO - Started process (PID=218) to work on /home/airflow/.local/lib/python3.8/site-packages/airflow/example_dags/example_dynamic_task_mapping_with_no_taskflow_operators.py
[2023-09-28T18:07:00.921+0000] {processor.py:829} INFO - Processing file /home/airflow/.local/lib/python3.8/site-packages/airflow/example_dags/example_dynamic_task_mapping_with_no_taskflow_operators.py for tasks to queue
[2023-09-28T18:07:00.924+0000] {logging_mixin.py:151} INFO - [2023-09-28T18:07:00.923+0000] {dagbag.py:539} INFO - Filling up the DagBag from /home/airflow/.local/lib/python3.8/site-packages/airflow/example_dags/example_dynamic_task_mapping_with_no_taskflow_operators.py
[2023-09-28T18:07:00.929+0000] {processor.py:839} INFO - DAG(s) dict_keys(['example_dynamic_task_mapping_with_no_taskflow_operators']) retrieved from /home/airflow/.local/lib/python3.8/site-packages/airflow/example_dags/example_dynamic_task_mapping_with_no_taskflow_operators.py
[2023-09-28T18:07:00.945+0000] {logging_mixin.py:151} INFO - [2023-09-28T18:07:00.944+0000] {dag.py:2915} INFO - Sync 1 DAGs
[2023-09-28T18:07:00.961+0000] {logging_mixin.py:151} INFO - [2023-09-28T18:07:00.961+0000] {dag.py:3696} INFO - Setting next_dagrun for example_dynamic_task_mapping_with_no_taskflow_operators to 2023-09-27T18:07:00.960874+00:00, run_after=2023-09-28T18:07:00.960874+00:00
[2023-09-28T18:07:00.973+0000] {processor.py:179} INFO - Processing /home/airflow/.local/lib/python3.8/site-packages/airflow/example_dags/example_dynamic_task_mapping_with_no_taskflow_operators.py took 0.056 seconds
[2023-09-28T18:07:31.733+0000] {processor.py:157} INFO - Started process (PID=273) to work on /home/airflow/.local/lib/python3.8/site-packages/airflow/example_dags/example_dynamic_task_mapping_with_no_taskflow_operators.py
[2023-09-28T18:07:31.735+0000] {processor.py:829} INFO - Processing file /home/airflow/.local/lib/python3.8/site-packages/airflow/example_dags/example_dynamic_task_mapping_with_no_taskflow_operators.py for tasks to queue
[2023-09-28T18:07:31.738+0000] {logging_mixin.py:151} INFO - [2023-09-28T18:07:31.738+0000] {dagbag.py:539} INFO - Filling up the DagBag from /home/airflow/.local/lib/python3.8/site-packages/airflow/example_dags/example_dynamic_task_mapping_with_no_taskflow_operators.py
[2023-09-28T18:07:31.744+0000] {processor.py:839} INFO - DAG(s) dict_keys(['example_dynamic_task_mapping_with_no_taskflow_operators']) retrieved from /home/airflow/.local/lib/python3.8/site-packages/airflow/example_dags/example_dynamic_task_mapping_with_no_taskflow_operators.py
[2023-09-28T18:07:31.760+0000] {logging_mixin.py:151} INFO - [2023-09-28T18:07:31.760+0000] {dag.py:2915} INFO - Sync 1 DAGs
[2023-09-28T18:07:31.775+0000] {logging_mixin.py:151} INFO - [2023-09-28T18:07:31.775+0000] {dag.py:3696} INFO - Setting next_dagrun for example_dynamic_task_mapping_with_no_taskflow_operators to 2023-09-27T18:07:31.775070+00:00, run_after=2023-09-28T18:07:31.775070+00:00
[2023-09-28T18:07:31.788+0000] {processor.py:179} INFO - Processing /home/airflow/.local/lib/python3.8/site-packages/airflow/example_dags/example_dynamic_task_mapping_with_no_taskflow_operators.py took 0.057 seconds
[2023-09-28T18:08:02.562+0000] {processor.py:157} INFO - Started process (PID=327) to work on /home/airflow/.local/lib/python3.8/site-packages/airflow/example_dags/example_dynamic_task_mapping_with_no_taskflow_operators.py
[2023-09-28T18:08:02.565+0000] {processor.py:829} INFO - Processing file /home/airflow/.local/lib/python3.8/site-packages/airflow/example_dags/example_dynamic_task_mapping_with_no_taskflow_operators.py for tasks to queue
[2023-09-28T18:08:02.568+0000] {logging_mixin.py:151} INFO - [2023-09-28T18:08:02.567+0000] {dagbag.py:539} INFO - Filling up the DagBag from /home/airflow/.local/lib/python3.8/site-packages/airflow/example_dags/example_dynamic_task_mapping_with_no_taskflow_operators.py
[2023-09-28T18:08:02.573+0000] {processor.py:839} INFO - DAG(s) dict_keys(['example_dynamic_task_mapping_with_no_taskflow_operators']) retrieved from /home/airflow/.local/lib/python3.8/site-packages/airflow/example_dags/example_dynamic_task_mapping_with_no_taskflow_operators.py
[2023-09-28T18:08:02.589+0000] {logging_mixin.py:151} INFO - [2023-09-28T18:08:02.589+0000] {dag.py:2915} INFO - Sync 1 DAGs
[2023-09-28T18:08:02.605+0000] {logging_mixin.py:151} INFO - [2023-09-28T18:08:02.605+0000] {dag.py:3696} INFO - Setting next_dagrun for example_dynamic_task_mapping_with_no_taskflow_operators to 2023-09-27T18:08:02.605511+00:00, run_after=2023-09-28T18:08:02.605511+00:00
[2023-09-28T18:08:02.618+0000] {processor.py:179} INFO - Processing /home/airflow/.local/lib/python3.8/site-packages/airflow/example_dags/example_dynamic_task_mapping_with_no_taskflow_operators.py took 0.059 seconds
[2023-09-28T18:08:32.716+0000] {processor.py:157} INFO - Started process (PID=380) to work on /home/airflow/.local/lib/python3.8/site-packages/airflow/example_dags/example_dynamic_task_mapping_with_no_taskflow_operators.py
[2023-09-28T18:08:32.718+0000] {processor.py:829} INFO - Processing file /home/airflow/.local/lib/python3.8/site-packages/airflow/example_dags/example_dynamic_task_mapping_with_no_taskflow_operators.py for tasks to queue
[2023-09-28T18:08:32.720+0000] {logging_mixin.py:151} INFO - [2023-09-28T18:08:32.719+0000] {dagbag.py:539} INFO - Filling up the DagBag from /home/airflow/.local/lib/python3.8/site-packages/airflow/example_dags/example_dynamic_task_mapping_with_no_taskflow_operators.py
[2023-09-28T18:08:32.726+0000] {processor.py:839} INFO - DAG(s) dict_keys(['example_dynamic_task_mapping_with_no_taskflow_operators']) retrieved from /home/airflow/.local/lib/python3.8/site-packages/airflow/example_dags/example_dynamic_task_mapping_with_no_taskflow_operators.py
[2023-09-28T18:08:32.743+0000] {logging_mixin.py:151} INFO - [2023-09-28T18:08:32.743+0000] {dag.py:2915} INFO - Sync 1 DAGs
[2023-09-28T18:08:32.759+0000] {logging_mixin.py:151} INFO - [2023-09-28T18:08:32.759+0000] {dag.py:3696} INFO - Setting next_dagrun for example_dynamic_task_mapping_with_no_taskflow_operators to 2023-09-27T18:08:32.758980+00:00, run_after=2023-09-28T18:08:32.758980+00:00
[2023-09-28T18:08:32.776+0000] {processor.py:179} INFO - Processing /home/airflow/.local/lib/python3.8/site-packages/airflow/example_dags/example_dynamic_task_mapping_with_no_taskflow_operators.py took 0.062 seconds
[2023-09-28T18:09:03.587+0000] {processor.py:157} INFO - Started process (PID=435) to work on /home/airflow/.local/lib/python3.8/site-packages/airflow/example_dags/example_dynamic_task_mapping_with_no_taskflow_operators.py
[2023-09-28T18:09:03.590+0000] {processor.py:829} INFO - Processing file /home/airflow/.local/lib/python3.8/site-packages/airflow/example_dags/example_dynamic_task_mapping_with_no_taskflow_operators.py for tasks to queue
[2023-09-28T18:09:03.592+0000] {logging_mixin.py:151} INFO - [2023-09-28T18:09:03.592+0000] {dagbag.py:539} INFO - Filling up the DagBag from /home/airflow/.local/lib/python3.8/site-packages/airflow/example_dags/example_dynamic_task_mapping_with_no_taskflow_operators.py
[2023-09-28T18:09:03.597+0000] {processor.py:839} INFO - DAG(s) dict_keys(['example_dynamic_task_mapping_with_no_taskflow_operators']) retrieved from /home/airflow/.local/lib/python3.8/site-packages/airflow/example_dags/example_dynamic_task_mapping_with_no_taskflow_operators.py
[2023-09-28T18:09:03.612+0000] {logging_mixin.py:151} INFO - [2023-09-28T18:09:03.612+0000] {dag.py:2915} INFO - Sync 1 DAGs
[2023-09-28T18:09:03.629+0000] {logging_mixin.py:151} INFO - [2023-09-28T18:09:03.629+0000] {dag.py:3696} INFO - Setting next_dagrun for example_dynamic_task_mapping_with_no_taskflow_operators to 2023-09-27T18:09:03.629525+00:00, run_after=2023-09-28T18:09:03.629525+00:00
[2023-09-28T18:09:03.642+0000] {processor.py:179} INFO - Processing /home/airflow/.local/lib/python3.8/site-packages/airflow/example_dags/example_dynamic_task_mapping_with_no_taskflow_operators.py took 0.057 seconds
[2023-09-28T18:09:34.343+0000] {processor.py:157} INFO - Started process (PID=488) to work on /home/airflow/.local/lib/python3.8/site-packages/airflow/example_dags/example_dynamic_task_mapping_with_no_taskflow_operators.py
[2023-09-28T18:09:34.345+0000] {processor.py:829} INFO - Processing file /home/airflow/.local/lib/python3.8/site-packages/airflow/example_dags/example_dynamic_task_mapping_with_no_taskflow_operators.py for tasks to queue
[2023-09-28T18:09:34.347+0000] {logging_mixin.py:151} INFO - [2023-09-28T18:09:34.347+0000] {dagbag.py:539} INFO - Filling up the DagBag from /home/airflow/.local/lib/python3.8/site-packages/airflow/example_dags/example_dynamic_task_mapping_with_no_taskflow_operators.py
[2023-09-28T18:09:34.353+0000] {processor.py:839} INFO - DAG(s) dict_keys(['example_dynamic_task_mapping_with_no_taskflow_operators']) retrieved from /home/airflow/.local/lib/python3.8/site-packages/airflow/example_dags/example_dynamic_task_mapping_with_no_taskflow_operators.py
[2023-09-28T18:09:34.370+0000] {logging_mixin.py:151} INFO - [2023-09-28T18:09:34.370+0000] {dag.py:2915} INFO - Sync 1 DAGs
[2023-09-28T18:09:34.386+0000] {logging_mixin.py:151} INFO - [2023-09-28T18:09:34.386+0000] {dag.py:3696} INFO - Setting next_dagrun for example_dynamic_task_mapping_with_no_taskflow_operators to 2023-09-27T18:09:34.386379+00:00, run_after=2023-09-28T18:09:34.386379+00:00
[2023-09-28T18:09:34.400+0000] {processor.py:179} INFO - Processing /home/airflow/.local/lib/python3.8/site-packages/airflow/example_dags/example_dynamic_task_mapping_with_no_taskflow_operators.py took 0.059 seconds
[2023-09-28T18:10:05.058+0000] {processor.py:157} INFO - Started process (PID=542) to work on /home/airflow/.local/lib/python3.8/site-packages/airflow/example_dags/example_dynamic_task_mapping_with_no_taskflow_operators.py
[2023-09-28T18:10:05.061+0000] {processor.py:829} INFO - Processing file /home/airflow/.local/lib/python3.8/site-packages/airflow/example_dags/example_dynamic_task_mapping_with_no_taskflow_operators.py for tasks to queue
[2023-09-28T18:10:05.063+0000] {logging_mixin.py:151} INFO - [2023-09-28T18:10:05.063+0000] {dagbag.py:539} INFO - Filling up the DagBag from /home/airflow/.local/lib/python3.8/site-packages/airflow/example_dags/example_dynamic_task_mapping_with_no_taskflow_operators.py
[2023-09-28T18:10:05.069+0000] {processor.py:839} INFO - DAG(s) dict_keys(['example_dynamic_task_mapping_with_no_taskflow_operators']) retrieved from /home/airflow/.local/lib/python3.8/site-packages/airflow/example_dags/example_dynamic_task_mapping_with_no_taskflow_operators.py
[2023-09-28T18:10:05.085+0000] {logging_mixin.py:151} INFO - [2023-09-28T18:10:05.084+0000] {dag.py:2915} INFO - Sync 1 DAGs
[2023-09-28T18:10:05.100+0000] {logging_mixin.py:151} INFO - [2023-09-28T18:10:05.099+0000] {dag.py:3696} INFO - Setting next_dagrun for example_dynamic_task_mapping_with_no_taskflow_operators to 2023-09-27T18:10:05.099641+00:00, run_after=2023-09-28T18:10:05.099641+00:00
[2023-09-28T18:10:05.112+0000] {processor.py:179} INFO - Processing /home/airflow/.local/lib/python3.8/site-packages/airflow/example_dags/example_dynamic_task_mapping_with_no_taskflow_operators.py took 0.056 seconds
[2023-09-28T18:10:35.974+0000] {processor.py:157} INFO - Started process (PID=596) to work on /home/airflow/.local/lib/python3.8/site-packages/airflow/example_dags/example_dynamic_task_mapping_with_no_taskflow_operators.py
[2023-09-28T18:10:35.976+0000] {processor.py:829} INFO - Processing file /home/airflow/.local/lib/python3.8/site-packages/airflow/example_dags/example_dynamic_task_mapping_with_no_taskflow_operators.py for tasks to queue
[2023-09-28T18:10:35.980+0000] {logging_mixin.py:151} INFO - [2023-09-28T18:10:35.980+0000] {dagbag.py:539} INFO - Filling up the DagBag from /home/airflow/.local/lib/python3.8/site-packages/airflow/example_dags/example_dynamic_task_mapping_with_no_taskflow_operators.py
[2023-09-28T18:10:35.985+0000] {processor.py:839} INFO - DAG(s) dict_keys(['example_dynamic_task_mapping_with_no_taskflow_operators']) retrieved from /home/airflow/.local/lib/python3.8/site-packages/airflow/example_dags/example_dynamic_task_mapping_with_no_taskflow_operators.py
[2023-09-28T18:10:36.001+0000] {logging_mixin.py:151} INFO - [2023-09-28T18:10:36.001+0000] {dag.py:2915} INFO - Sync 1 DAGs
[2023-09-28T18:10:36.015+0000] {logging_mixin.py:151} INFO - [2023-09-28T18:10:36.015+0000] {dag.py:3696} INFO - Setting next_dagrun for example_dynamic_task_mapping_with_no_taskflow_operators to 2023-09-27T18:10:36.015366+00:00, run_after=2023-09-28T18:10:36.015366+00:00
[2023-09-28T18:10:36.027+0000] {processor.py:179} INFO - Processing /home/airflow/.local/lib/python3.8/site-packages/airflow/example_dags/example_dynamic_task_mapping_with_no_taskflow_operators.py took 0.056 seconds
[2023-09-28T18:11:07.199+0000] {processor.py:157} INFO - Started process (PID=650) to work on /home/airflow/.local/lib/python3.8/site-packages/airflow/example_dags/example_dynamic_task_mapping_with_no_taskflow_operators.py
[2023-09-28T18:11:07.201+0000] {processor.py:829} INFO - Processing file /home/airflow/.local/lib/python3.8/site-packages/airflow/example_dags/example_dynamic_task_mapping_with_no_taskflow_operators.py for tasks to queue
[2023-09-28T18:11:07.203+0000] {logging_mixin.py:151} INFO - [2023-09-28T18:11:07.203+0000] {dagbag.py:539} INFO - Filling up the DagBag from /home/airflow/.local/lib/python3.8/site-packages/airflow/example_dags/example_dynamic_task_mapping_with_no_taskflow_operators.py
[2023-09-28T18:11:07.209+0000] {processor.py:839} INFO - DAG(s) dict_keys(['example_dynamic_task_mapping_with_no_taskflow_operators']) retrieved from /home/airflow/.local/lib/python3.8/site-packages/airflow/example_dags/example_dynamic_task_mapping_with_no_taskflow_operators.py
[2023-09-28T18:11:07.225+0000] {logging_mixin.py:151} INFO - [2023-09-28T18:11:07.225+0000] {dag.py:2915} INFO - Sync 1 DAGs
[2023-09-28T18:11:07.241+0000] {logging_mixin.py:151} INFO - [2023-09-28T18:11:07.240+0000] {dag.py:3696} INFO - Setting next_dagrun for example_dynamic_task_mapping_with_no_taskflow_operators to 2023-09-27T18:11:07.240755+00:00, run_after=2023-09-28T18:11:07.240755+00:00
[2023-09-28T18:11:07.261+0000] {processor.py:179} INFO - Processing /home/airflow/.local/lib/python3.8/site-packages/airflow/example_dags/example_dynamic_task_mapping_with_no_taskflow_operators.py took 0.065 seconds
[2023-09-28T18:13:57.018+0000] {processor.py:157} INFO - Started process (PID=57) to work on /home/airflow/.local/lib/python3.8/site-packages/airflow/example_dags/example_dynamic_task_mapping_with_no_taskflow_operators.py
[2023-09-28T18:13:57.020+0000] {processor.py:829} INFO - Processing file /home/airflow/.local/lib/python3.8/site-packages/airflow/example_dags/example_dynamic_task_mapping_with_no_taskflow_operators.py for tasks to queue
[2023-09-28T18:13:57.023+0000] {logging_mixin.py:151} INFO - [2023-09-28T18:13:57.023+0000] {dagbag.py:539} INFO - Filling up the DagBag from /home/airflow/.local/lib/python3.8/site-packages/airflow/example_dags/example_dynamic_task_mapping_with_no_taskflow_operators.py
[2023-09-28T18:13:57.029+0000] {processor.py:839} INFO - DAG(s) dict_keys(['example_dynamic_task_mapping_with_no_taskflow_operators']) retrieved from /home/airflow/.local/lib/python3.8/site-packages/airflow/example_dags/example_dynamic_task_mapping_with_no_taskflow_operators.py
[2023-09-28T18:13:57.130+0000] {logging_mixin.py:151} INFO - [2023-09-28T18:13:57.130+0000] {manager.py:499} INFO - Created Permission View: %s
[2023-09-28T18:13:57.139+0000] {logging_mixin.py:151} INFO - [2023-09-28T18:13:57.138+0000] {manager.py:499} INFO - Created Permission View: %s
[2023-09-28T18:13:57.145+0000] {logging_mixin.py:151} INFO - [2023-09-28T18:13:57.145+0000] {manager.py:499} INFO - Created Permission View: %s
[2023-09-28T18:13:57.146+0000] {logging_mixin.py:151} INFO - [2023-09-28T18:13:57.146+0000] {security.py:708} INFO - Not syncing DAG-level permissions for DAG 'DAG:example_dynamic_task_mapping_with_no_taskflow_operators' as access control is unset.
[2023-09-28T18:13:57.147+0000] {logging_mixin.py:151} INFO - [2023-09-28T18:13:57.147+0000] {dag.py:2915} INFO - Sync 1 DAGs
[2023-09-28T18:13:57.155+0000] {logging_mixin.py:151} INFO - [2023-09-28T18:13:57.155+0000] {dag.py:2937} INFO - Creating ORM DAG for example_dynamic_task_mapping_with_no_taskflow_operators
[2023-09-28T18:13:57.163+0000] {logging_mixin.py:151} INFO - [2023-09-28T18:13:57.162+0000] {dag.py:3696} INFO - Setting next_dagrun for example_dynamic_task_mapping_with_no_taskflow_operators to 2023-09-27T18:13:57.162728+00:00, run_after=2023-09-28T18:13:57.162728+00:00
[2023-09-28T18:13:57.178+0000] {processor.py:179} INFO - Processing /home/airflow/.local/lib/python3.8/site-packages/airflow/example_dags/example_dynamic_task_mapping_with_no_taskflow_operators.py took 0.162 seconds
[2023-09-28T18:14:28.058+0000] {processor.py:157} INFO - Started process (PID=111) to work on /home/airflow/.local/lib/python3.8/site-packages/airflow/example_dags/example_dynamic_task_mapping_with_no_taskflow_operators.py
[2023-09-28T18:14:28.061+0000] {processor.py:829} INFO - Processing file /home/airflow/.local/lib/python3.8/site-packages/airflow/example_dags/example_dynamic_task_mapping_with_no_taskflow_operators.py for tasks to queue
[2023-09-28T18:14:28.065+0000] {logging_mixin.py:151} INFO - [2023-09-28T18:14:28.064+0000] {dagbag.py:539} INFO - Filling up the DagBag from /home/airflow/.local/lib/python3.8/site-packages/airflow/example_dags/example_dynamic_task_mapping_with_no_taskflow_operators.py
[2023-09-28T18:14:28.075+0000] {processor.py:839} INFO - DAG(s) dict_keys(['example_dynamic_task_mapping_with_no_taskflow_operators']) retrieved from /home/airflow/.local/lib/python3.8/site-packages/airflow/example_dags/example_dynamic_task_mapping_with_no_taskflow_operators.py
[2023-09-28T18:14:28.095+0000] {logging_mixin.py:151} INFO - [2023-09-28T18:14:28.095+0000] {dag.py:2915} INFO - Sync 1 DAGs
[2023-09-28T18:14:28.111+0000] {logging_mixin.py:151} INFO - [2023-09-28T18:14:28.111+0000] {dag.py:3696} INFO - Setting next_dagrun for example_dynamic_task_mapping_with_no_taskflow_operators to 2023-09-27T18:14:28.111348+00:00, run_after=2023-09-28T18:14:28.111348+00:00
[2023-09-28T18:14:28.123+0000] {processor.py:179} INFO - Processing /home/airflow/.local/lib/python3.8/site-packages/airflow/example_dags/example_dynamic_task_mapping_with_no_taskflow_operators.py took 0.068 seconds
[2023-09-28T18:14:58.800+0000] {processor.py:157} INFO - Started process (PID=165) to work on /home/airflow/.local/lib/python3.8/site-packages/airflow/example_dags/example_dynamic_task_mapping_with_no_taskflow_operators.py
[2023-09-28T18:14:58.803+0000] {processor.py:829} INFO - Processing file /home/airflow/.local/lib/python3.8/site-packages/airflow/example_dags/example_dynamic_task_mapping_with_no_taskflow_operators.py for tasks to queue
[2023-09-28T18:14:58.805+0000] {logging_mixin.py:151} INFO - [2023-09-28T18:14:58.805+0000] {dagbag.py:539} INFO - Filling up the DagBag from /home/airflow/.local/lib/python3.8/site-packages/airflow/example_dags/example_dynamic_task_mapping_with_no_taskflow_operators.py
[2023-09-28T18:14:58.811+0000] {processor.py:839} INFO - DAG(s) dict_keys(['example_dynamic_task_mapping_with_no_taskflow_operators']) retrieved from /home/airflow/.local/lib/python3.8/site-packages/airflow/example_dags/example_dynamic_task_mapping_with_no_taskflow_operators.py
[2023-09-28T18:14:58.828+0000] {logging_mixin.py:151} INFO - [2023-09-28T18:14:58.827+0000] {dag.py:2915} INFO - Sync 1 DAGs
[2023-09-28T18:14:58.843+0000] {logging_mixin.py:151} INFO - [2023-09-28T18:14:58.843+0000] {dag.py:3696} INFO - Setting next_dagrun for example_dynamic_task_mapping_with_no_taskflow_operators to 2023-09-27T18:14:58.842815+00:00, run_after=2023-09-28T18:14:58.842815+00:00
[2023-09-28T18:14:58.856+0000] {processor.py:179} INFO - Processing /home/airflow/.local/lib/python3.8/site-packages/airflow/example_dags/example_dynamic_task_mapping_with_no_taskflow_operators.py took 0.059 seconds
[2023-09-28T18:15:29.550+0000] {processor.py:157} INFO - Started process (PID=219) to work on /home/airflow/.local/lib/python3.8/site-packages/airflow/example_dags/example_dynamic_task_mapping_with_no_taskflow_operators.py
[2023-09-28T18:15:29.553+0000] {processor.py:829} INFO - Processing file /home/airflow/.local/lib/python3.8/site-packages/airflow/example_dags/example_dynamic_task_mapping_with_no_taskflow_operators.py for tasks to queue
[2023-09-28T18:15:29.555+0000] {logging_mixin.py:151} INFO - [2023-09-28T18:15:29.555+0000] {dagbag.py:539} INFO - Filling up the DagBag from /home/airflow/.local/lib/python3.8/site-packages/airflow/example_dags/example_dynamic_task_mapping_with_no_taskflow_operators.py
[2023-09-28T18:15:29.561+0000] {processor.py:839} INFO - DAG(s) dict_keys(['example_dynamic_task_mapping_with_no_taskflow_operators']) retrieved from /home/airflow/.local/lib/python3.8/site-packages/airflow/example_dags/example_dynamic_task_mapping_with_no_taskflow_operators.py
[2023-09-28T18:15:29.579+0000] {logging_mixin.py:151} INFO - [2023-09-28T18:15:29.578+0000] {dag.py:2915} INFO - Sync 1 DAGs
[2023-09-28T18:15:29.593+0000] {logging_mixin.py:151} INFO - [2023-09-28T18:15:29.592+0000] {dag.py:3696} INFO - Setting next_dagrun for example_dynamic_task_mapping_with_no_taskflow_operators to 2023-09-27T18:15:29.592742+00:00, run_after=2023-09-28T18:15:29.592742+00:00
[2023-09-28T18:15:29.605+0000] {processor.py:179} INFO - Processing /home/airflow/.local/lib/python3.8/site-packages/airflow/example_dags/example_dynamic_task_mapping_with_no_taskflow_operators.py took 0.058 seconds
[2023-09-28T18:16:00.277+0000] {processor.py:157} INFO - Started process (PID=273) to work on /home/airflow/.local/lib/python3.8/site-packages/airflow/example_dags/example_dynamic_task_mapping_with_no_taskflow_operators.py
[2023-09-28T18:16:00.280+0000] {processor.py:829} INFO - Processing file /home/airflow/.local/lib/python3.8/site-packages/airflow/example_dags/example_dynamic_task_mapping_with_no_taskflow_operators.py for tasks to queue
[2023-09-28T18:16:00.284+0000] {logging_mixin.py:151} INFO - [2023-09-28T18:16:00.284+0000] {dagbag.py:539} INFO - Filling up the DagBag from /home/airflow/.local/lib/python3.8/site-packages/airflow/example_dags/example_dynamic_task_mapping_with_no_taskflow_operators.py
[2023-09-28T18:16:00.290+0000] {processor.py:839} INFO - DAG(s) dict_keys(['example_dynamic_task_mapping_with_no_taskflow_operators']) retrieved from /home/airflow/.local/lib/python3.8/site-packages/airflow/example_dags/example_dynamic_task_mapping_with_no_taskflow_operators.py
[2023-09-28T18:16:00.309+0000] {logging_mixin.py:151} INFO - [2023-09-28T18:16:00.308+0000] {dag.py:2915} INFO - Sync 1 DAGs
[2023-09-28T18:16:00.323+0000] {logging_mixin.py:151} INFO - [2023-09-28T18:16:00.323+0000] {dag.py:3696} INFO - Setting next_dagrun for example_dynamic_task_mapping_with_no_taskflow_operators to 2023-09-27T18:16:00.322442+00:00, run_after=2023-09-28T18:16:00.322442+00:00
[2023-09-28T18:16:00.334+0000] {processor.py:179} INFO - Processing /home/airflow/.local/lib/python3.8/site-packages/airflow/example_dags/example_dynamic_task_mapping_with_no_taskflow_operators.py took 0.060 seconds
[2023-09-28T18:16:30.966+0000] {processor.py:157} INFO - Started process (PID=327) to work on /home/airflow/.local/lib/python3.8/site-packages/airflow/example_dags/example_dynamic_task_mapping_with_no_taskflow_operators.py
[2023-09-28T18:16:30.968+0000] {processor.py:829} INFO - Processing file /home/airflow/.local/lib/python3.8/site-packages/airflow/example_dags/example_dynamic_task_mapping_with_no_taskflow_operators.py for tasks to queue
[2023-09-28T18:16:30.971+0000] {logging_mixin.py:151} INFO - [2023-09-28T18:16:30.971+0000] {dagbag.py:539} INFO - Filling up the DagBag from /home/airflow/.local/lib/python3.8/site-packages/airflow/example_dags/example_dynamic_task_mapping_with_no_taskflow_operators.py
[2023-09-28T18:16:30.978+0000] {processor.py:839} INFO - DAG(s) dict_keys(['example_dynamic_task_mapping_with_no_taskflow_operators']) retrieved from /home/airflow/.local/lib/python3.8/site-packages/airflow/example_dags/example_dynamic_task_mapping_with_no_taskflow_operators.py
[2023-09-28T18:16:30.998+0000] {logging_mixin.py:151} INFO - [2023-09-28T18:16:30.997+0000] {dag.py:2915} INFO - Sync 1 DAGs
[2023-09-28T18:16:31.012+0000] {logging_mixin.py:151} INFO - [2023-09-28T18:16:31.012+0000] {dag.py:3696} INFO - Setting next_dagrun for example_dynamic_task_mapping_with_no_taskflow_operators to 2023-09-27T18:16:31.012223+00:00, run_after=2023-09-28T18:16:31.012223+00:00
[2023-09-28T18:16:31.025+0000] {processor.py:179} INFO - Processing /home/airflow/.local/lib/python3.8/site-packages/airflow/example_dags/example_dynamic_task_mapping_with_no_taskflow_operators.py took 0.065 seconds
[2023-09-28T18:17:01.762+0000] {processor.py:157} INFO - Started process (PID=381) to work on /home/airflow/.local/lib/python3.8/site-packages/airflow/example_dags/example_dynamic_task_mapping_with_no_taskflow_operators.py
[2023-09-28T18:17:01.765+0000] {processor.py:829} INFO - Processing file /home/airflow/.local/lib/python3.8/site-packages/airflow/example_dags/example_dynamic_task_mapping_with_no_taskflow_operators.py for tasks to queue
[2023-09-28T18:17:01.769+0000] {logging_mixin.py:151} INFO - [2023-09-28T18:17:01.768+0000] {dagbag.py:539} INFO - Filling up the DagBag from /home/airflow/.local/lib/python3.8/site-packages/airflow/example_dags/example_dynamic_task_mapping_with_no_taskflow_operators.py
[2023-09-28T18:17:01.776+0000] {processor.py:839} INFO - DAG(s) dict_keys(['example_dynamic_task_mapping_with_no_taskflow_operators']) retrieved from /home/airflow/.local/lib/python3.8/site-packages/airflow/example_dags/example_dynamic_task_mapping_with_no_taskflow_operators.py
[2023-09-28T18:17:01.793+0000] {logging_mixin.py:151} INFO - [2023-09-28T18:17:01.793+0000] {dag.py:2915} INFO - Sync 1 DAGs
[2023-09-28T18:17:01.806+0000] {logging_mixin.py:151} INFO - [2023-09-28T18:17:01.806+0000] {dag.py:3696} INFO - Setting next_dagrun for example_dynamic_task_mapping_with_no_taskflow_operators to 2023-09-27T18:17:01.806332+00:00, run_after=2023-09-28T18:17:01.806332+00:00
[2023-09-28T18:17:01.819+0000] {processor.py:179} INFO - Processing /home/airflow/.local/lib/python3.8/site-packages/airflow/example_dags/example_dynamic_task_mapping_with_no_taskflow_operators.py took 0.061 seconds
[2023-09-28T18:17:32.335+0000] {processor.py:157} INFO - Started process (PID=434) to work on /home/airflow/.local/lib/python3.8/site-packages/airflow/example_dags/example_dynamic_task_mapping_with_no_taskflow_operators.py
[2023-09-28T18:17:32.338+0000] {processor.py:829} INFO - Processing file /home/airflow/.local/lib/python3.8/site-packages/airflow/example_dags/example_dynamic_task_mapping_with_no_taskflow_operators.py for tasks to queue
[2023-09-28T18:17:32.341+0000] {logging_mixin.py:151} INFO - [2023-09-28T18:17:32.341+0000] {dagbag.py:539} INFO - Filling up the DagBag from /home/airflow/.local/lib/python3.8/site-packages/airflow/example_dags/example_dynamic_task_mapping_with_no_taskflow_operators.py
[2023-09-28T18:17:32.346+0000] {processor.py:839} INFO - DAG(s) dict_keys(['example_dynamic_task_mapping_with_no_taskflow_operators']) retrieved from /home/airflow/.local/lib/python3.8/site-packages/airflow/example_dags/example_dynamic_task_mapping_with_no_taskflow_operators.py
[2023-09-28T18:17:32.365+0000] {logging_mixin.py:151} INFO - [2023-09-28T18:17:32.365+0000] {dag.py:2915} INFO - Sync 1 DAGs
[2023-09-28T18:17:32.378+0000] {logging_mixin.py:151} INFO - [2023-09-28T18:17:32.378+0000] {dag.py:3696} INFO - Setting next_dagrun for example_dynamic_task_mapping_with_no_taskflow_operators to 2023-09-27T18:17:32.378380+00:00, run_after=2023-09-28T18:17:32.378380+00:00
[2023-09-28T18:17:32.392+0000] {processor.py:179} INFO - Processing /home/airflow/.local/lib/python3.8/site-packages/airflow/example_dags/example_dynamic_task_mapping_with_no_taskflow_operators.py took 0.060 seconds
[2023-09-28T18:18:03.066+0000] {processor.py:157} INFO - Started process (PID=489) to work on /home/airflow/.local/lib/python3.8/site-packages/airflow/example_dags/example_dynamic_task_mapping_with_no_taskflow_operators.py
[2023-09-28T18:18:03.070+0000] {processor.py:829} INFO - Processing file /home/airflow/.local/lib/python3.8/site-packages/airflow/example_dags/example_dynamic_task_mapping_with_no_taskflow_operators.py for tasks to queue
[2023-09-28T18:18:03.073+0000] {logging_mixin.py:151} INFO - [2023-09-28T18:18:03.072+0000] {dagbag.py:539} INFO - Filling up the DagBag from /home/airflow/.local/lib/python3.8/site-packages/airflow/example_dags/example_dynamic_task_mapping_with_no_taskflow_operators.py
[2023-09-28T18:18:03.079+0000] {processor.py:839} INFO - DAG(s) dict_keys(['example_dynamic_task_mapping_with_no_taskflow_operators']) retrieved from /home/airflow/.local/lib/python3.8/site-packages/airflow/example_dags/example_dynamic_task_mapping_with_no_taskflow_operators.py
[2023-09-28T18:18:03.096+0000] {logging_mixin.py:151} INFO - [2023-09-28T18:18:03.096+0000] {dag.py:2915} INFO - Sync 1 DAGs
[2023-09-28T18:18:03.111+0000] {logging_mixin.py:151} INFO - [2023-09-28T18:18:03.111+0000] {dag.py:3696} INFO - Setting next_dagrun for example_dynamic_task_mapping_with_no_taskflow_operators to 2023-09-27T18:18:03.110994+00:00, run_after=2023-09-28T18:18:03.110994+00:00
[2023-09-28T18:18:03.123+0000] {processor.py:179} INFO - Processing /home/airflow/.local/lib/python3.8/site-packages/airflow/example_dags/example_dynamic_task_mapping_with_no_taskflow_operators.py took 0.061 seconds
[2023-09-28T18:18:33.845+0000] {processor.py:157} INFO - Started process (PID=543) to work on /home/airflow/.local/lib/python3.8/site-packages/airflow/example_dags/example_dynamic_task_mapping_with_no_taskflow_operators.py
[2023-09-28T18:18:33.848+0000] {processor.py:829} INFO - Processing file /home/airflow/.local/lib/python3.8/site-packages/airflow/example_dags/example_dynamic_task_mapping_with_no_taskflow_operators.py for tasks to queue
[2023-09-28T18:18:33.851+0000] {logging_mixin.py:151} INFO - [2023-09-28T18:18:33.851+0000] {dagbag.py:539} INFO - Filling up the DagBag from /home/airflow/.local/lib/python3.8/site-packages/airflow/example_dags/example_dynamic_task_mapping_with_no_taskflow_operators.py
[2023-09-28T18:18:33.857+0000] {processor.py:839} INFO - DAG(s) dict_keys(['example_dynamic_task_mapping_with_no_taskflow_operators']) retrieved from /home/airflow/.local/lib/python3.8/site-packages/airflow/example_dags/example_dynamic_task_mapping_with_no_taskflow_operators.py
[2023-09-28T18:18:33.875+0000] {logging_mixin.py:151} INFO - [2023-09-28T18:18:33.874+0000] {dag.py:2915} INFO - Sync 1 DAGs
[2023-09-28T18:18:33.888+0000] {logging_mixin.py:151} INFO - [2023-09-28T18:18:33.888+0000] {dag.py:3696} INFO - Setting next_dagrun for example_dynamic_task_mapping_with_no_taskflow_operators to 2023-09-27T18:18:33.888250+00:00, run_after=2023-09-28T18:18:33.888250+00:00
[2023-09-28T18:18:33.899+0000] {processor.py:179} INFO - Processing /home/airflow/.local/lib/python3.8/site-packages/airflow/example_dags/example_dynamic_task_mapping_with_no_taskflow_operators.py took 0.057 seconds
[2023-09-28T18:19:04.715+0000] {processor.py:157} INFO - Started process (PID=598) to work on /home/airflow/.local/lib/python3.8/site-packages/airflow/example_dags/example_dynamic_task_mapping_with_no_taskflow_operators.py
[2023-09-28T18:19:04.718+0000] {processor.py:829} INFO - Processing file /home/airflow/.local/lib/python3.8/site-packages/airflow/example_dags/example_dynamic_task_mapping_with_no_taskflow_operators.py for tasks to queue
[2023-09-28T18:19:04.722+0000] {logging_mixin.py:151} INFO - [2023-09-28T18:19:04.722+0000] {dagbag.py:539} INFO - Filling up the DagBag from /home/airflow/.local/lib/python3.8/site-packages/airflow/example_dags/example_dynamic_task_mapping_with_no_taskflow_operators.py
[2023-09-28T18:19:04.730+0000] {processor.py:839} INFO - DAG(s) dict_keys(['example_dynamic_task_mapping_with_no_taskflow_operators']) retrieved from /home/airflow/.local/lib/python3.8/site-packages/airflow/example_dags/example_dynamic_task_mapping_with_no_taskflow_operators.py
[2023-09-28T18:19:04.746+0000] {logging_mixin.py:151} INFO - [2023-09-28T18:19:04.746+0000] {dag.py:2915} INFO - Sync 1 DAGs
[2023-09-28T18:19:04.760+0000] {logging_mixin.py:151} INFO - [2023-09-28T18:19:04.760+0000] {dag.py:3696} INFO - Setting next_dagrun for example_dynamic_task_mapping_with_no_taskflow_operators to 2023-09-27T18:19:04.760121+00:00, run_after=2023-09-28T18:19:04.760121+00:00
[2023-09-28T18:19:04.773+0000] {processor.py:179} INFO - Processing /home/airflow/.local/lib/python3.8/site-packages/airflow/example_dags/example_dynamic_task_mapping_with_no_taskflow_operators.py took 0.061 seconds
[2023-09-28T18:19:35.452+0000] {processor.py:157} INFO - Started process (PID=652) to work on /home/airflow/.local/lib/python3.8/site-packages/airflow/example_dags/example_dynamic_task_mapping_with_no_taskflow_operators.py
[2023-09-28T18:19:35.454+0000] {processor.py:829} INFO - Processing file /home/airflow/.local/lib/python3.8/site-packages/airflow/example_dags/example_dynamic_task_mapping_with_no_taskflow_operators.py for tasks to queue
[2023-09-28T18:19:35.461+0000] {logging_mixin.py:151} INFO - [2023-09-28T18:19:35.460+0000] {dagbag.py:539} INFO - Filling up the DagBag from /home/airflow/.local/lib/python3.8/site-packages/airflow/example_dags/example_dynamic_task_mapping_with_no_taskflow_operators.py
[2023-09-28T18:19:35.471+0000] {processor.py:839} INFO - DAG(s) dict_keys(['example_dynamic_task_mapping_with_no_taskflow_operators']) retrieved from /home/airflow/.local/lib/python3.8/site-packages/airflow/example_dags/example_dynamic_task_mapping_with_no_taskflow_operators.py
[2023-09-28T18:19:35.490+0000] {logging_mixin.py:151} INFO - [2023-09-28T18:19:35.490+0000] {dag.py:2915} INFO - Sync 1 DAGs
[2023-09-28T18:19:35.504+0000] {logging_mixin.py:151} INFO - [2023-09-28T18:19:35.504+0000] {dag.py:3696} INFO - Setting next_dagrun for example_dynamic_task_mapping_with_no_taskflow_operators to 2023-09-27T18:19:35.504048+00:00, run_after=2023-09-28T18:19:35.504048+00:00
[2023-09-28T18:19:35.517+0000] {processor.py:179} INFO - Processing /home/airflow/.local/lib/python3.8/site-packages/airflow/example_dags/example_dynamic_task_mapping_with_no_taskflow_operators.py took 0.068 seconds
[2023-09-28T18:20:06.154+0000] {processor.py:157} INFO - Started process (PID=706) to work on /home/airflow/.local/lib/python3.8/site-packages/airflow/example_dags/example_dynamic_task_mapping_with_no_taskflow_operators.py
[2023-09-28T18:20:06.157+0000] {processor.py:829} INFO - Processing file /home/airflow/.local/lib/python3.8/site-packages/airflow/example_dags/example_dynamic_task_mapping_with_no_taskflow_operators.py for tasks to queue
[2023-09-28T18:20:06.160+0000] {logging_mixin.py:151} INFO - [2023-09-28T18:20:06.160+0000] {dagbag.py:539} INFO - Filling up the DagBag from /home/airflow/.local/lib/python3.8/site-packages/airflow/example_dags/example_dynamic_task_mapping_with_no_taskflow_operators.py
[2023-09-28T18:20:06.167+0000] {processor.py:839} INFO - DAG(s) dict_keys(['example_dynamic_task_mapping_with_no_taskflow_operators']) retrieved from /home/airflow/.local/lib/python3.8/site-packages/airflow/example_dags/example_dynamic_task_mapping_with_no_taskflow_operators.py
[2023-09-28T18:20:06.188+0000] {logging_mixin.py:151} INFO - [2023-09-28T18:20:06.188+0000] {dag.py:2915} INFO - Sync 1 DAGs
[2023-09-28T18:20:06.203+0000] {logging_mixin.py:151} INFO - [2023-09-28T18:20:06.203+0000] {dag.py:3696} INFO - Setting next_dagrun for example_dynamic_task_mapping_with_no_taskflow_operators to 2023-09-27T18:20:06.202946+00:00, run_after=2023-09-28T18:20:06.202946+00:00
[2023-09-28T18:20:06.215+0000] {processor.py:179} INFO - Processing /home/airflow/.local/lib/python3.8/site-packages/airflow/example_dags/example_dynamic_task_mapping_with_no_taskflow_operators.py took 0.064 seconds
[2023-09-28T18:20:36.757+0000] {processor.py:157} INFO - Started process (PID=759) to work on /home/airflow/.local/lib/python3.8/site-packages/airflow/example_dags/example_dynamic_task_mapping_with_no_taskflow_operators.py
[2023-09-28T18:20:36.759+0000] {processor.py:829} INFO - Processing file /home/airflow/.local/lib/python3.8/site-packages/airflow/example_dags/example_dynamic_task_mapping_with_no_taskflow_operators.py for tasks to queue
[2023-09-28T18:20:36.763+0000] {logging_mixin.py:151} INFO - [2023-09-28T18:20:36.762+0000] {dagbag.py:539} INFO - Filling up the DagBag from /home/airflow/.local/lib/python3.8/site-packages/airflow/example_dags/example_dynamic_task_mapping_with_no_taskflow_operators.py
[2023-09-28T18:20:36.769+0000] {processor.py:839} INFO - DAG(s) dict_keys(['example_dynamic_task_mapping_with_no_taskflow_operators']) retrieved from /home/airflow/.local/lib/python3.8/site-packages/airflow/example_dags/example_dynamic_task_mapping_with_no_taskflow_operators.py
[2023-09-28T18:20:36.786+0000] {logging_mixin.py:151} INFO - [2023-09-28T18:20:36.785+0000] {dag.py:2915} INFO - Sync 1 DAGs
[2023-09-28T18:20:36.799+0000] {logging_mixin.py:151} INFO - [2023-09-28T18:20:36.799+0000] {dag.py:3696} INFO - Setting next_dagrun for example_dynamic_task_mapping_with_no_taskflow_operators to 2023-09-27T18:20:36.799308+00:00, run_after=2023-09-28T18:20:36.799308+00:00
[2023-09-28T18:20:36.811+0000] {processor.py:179} INFO - Processing /home/airflow/.local/lib/python3.8/site-packages/airflow/example_dags/example_dynamic_task_mapping_with_no_taskflow_operators.py took 0.057 seconds
[2023-09-28T18:21:07.483+0000] {processor.py:157} INFO - Started process (PID=813) to work on /home/airflow/.local/lib/python3.8/site-packages/airflow/example_dags/example_dynamic_task_mapping_with_no_taskflow_operators.py
[2023-09-28T18:21:07.486+0000] {processor.py:829} INFO - Processing file /home/airflow/.local/lib/python3.8/site-packages/airflow/example_dags/example_dynamic_task_mapping_with_no_taskflow_operators.py for tasks to queue
[2023-09-28T18:21:07.491+0000] {logging_mixin.py:151} INFO - [2023-09-28T18:21:07.491+0000] {dagbag.py:539} INFO - Filling up the DagBag from /home/airflow/.local/lib/python3.8/site-packages/airflow/example_dags/example_dynamic_task_mapping_with_no_taskflow_operators.py
[2023-09-28T18:21:07.499+0000] {processor.py:839} INFO - DAG(s) dict_keys(['example_dynamic_task_mapping_with_no_taskflow_operators']) retrieved from /home/airflow/.local/lib/python3.8/site-packages/airflow/example_dags/example_dynamic_task_mapping_with_no_taskflow_operators.py
[2023-09-28T18:21:07.523+0000] {logging_mixin.py:151} INFO - [2023-09-28T18:21:07.523+0000] {dag.py:2915} INFO - Sync 1 DAGs
[2023-09-28T18:21:07.545+0000] {logging_mixin.py:151} INFO - [2023-09-28T18:21:07.544+0000] {dag.py:3696} INFO - Setting next_dagrun for example_dynamic_task_mapping_with_no_taskflow_operators to 2023-09-27T18:21:07.544382+00:00, run_after=2023-09-28T18:21:07.544382+00:00
[2023-09-28T18:21:07.564+0000] {processor.py:179} INFO - Processing /home/airflow/.local/lib/python3.8/site-packages/airflow/example_dags/example_dynamic_task_mapping_with_no_taskflow_operators.py took 0.083 seconds
[2023-09-28T18:21:38.533+0000] {processor.py:157} INFO - Started process (PID=867) to work on /home/airflow/.local/lib/python3.8/site-packages/airflow/example_dags/example_dynamic_task_mapping_with_no_taskflow_operators.py
[2023-09-28T18:21:38.536+0000] {processor.py:829} INFO - Processing file /home/airflow/.local/lib/python3.8/site-packages/airflow/example_dags/example_dynamic_task_mapping_with_no_taskflow_operators.py for tasks to queue
[2023-09-28T18:21:38.542+0000] {logging_mixin.py:151} INFO - [2023-09-28T18:21:38.542+0000] {dagbag.py:539} INFO - Filling up the DagBag from /home/airflow/.local/lib/python3.8/site-packages/airflow/example_dags/example_dynamic_task_mapping_with_no_taskflow_operators.py
[2023-09-28T18:21:38.549+0000] {processor.py:839} INFO - DAG(s) dict_keys(['example_dynamic_task_mapping_with_no_taskflow_operators']) retrieved from /home/airflow/.local/lib/python3.8/site-packages/airflow/example_dags/example_dynamic_task_mapping_with_no_taskflow_operators.py
[2023-09-28T18:21:38.570+0000] {logging_mixin.py:151} INFO - [2023-09-28T18:21:38.570+0000] {dag.py:2915} INFO - Sync 1 DAGs
[2023-09-28T18:21:38.584+0000] {logging_mixin.py:151} INFO - [2023-09-28T18:21:38.584+0000] {dag.py:3696} INFO - Setting next_dagrun for example_dynamic_task_mapping_with_no_taskflow_operators to 2023-09-27T18:21:38.584443+00:00, run_after=2023-09-28T18:21:38.584443+00:00
[2023-09-28T18:21:38.596+0000] {processor.py:179} INFO - Processing /home/airflow/.local/lib/python3.8/site-packages/airflow/example_dags/example_dynamic_task_mapping_with_no_taskflow_operators.py took 0.067 seconds
[2023-09-28T18:22:09.213+0000] {processor.py:157} INFO - Started process (PID=921) to work on /home/airflow/.local/lib/python3.8/site-packages/airflow/example_dags/example_dynamic_task_mapping_with_no_taskflow_operators.py
[2023-09-28T18:22:09.216+0000] {processor.py:829} INFO - Processing file /home/airflow/.local/lib/python3.8/site-packages/airflow/example_dags/example_dynamic_task_mapping_with_no_taskflow_operators.py for tasks to queue
[2023-09-28T18:22:09.218+0000] {logging_mixin.py:151} INFO - [2023-09-28T18:22:09.218+0000] {dagbag.py:539} INFO - Filling up the DagBag from /home/airflow/.local/lib/python3.8/site-packages/airflow/example_dags/example_dynamic_task_mapping_with_no_taskflow_operators.py
[2023-09-28T18:22:09.225+0000] {processor.py:839} INFO - DAG(s) dict_keys(['example_dynamic_task_mapping_with_no_taskflow_operators']) retrieved from /home/airflow/.local/lib/python3.8/site-packages/airflow/example_dags/example_dynamic_task_mapping_with_no_taskflow_operators.py
[2023-09-28T18:22:09.243+0000] {logging_mixin.py:151} INFO - [2023-09-28T18:22:09.243+0000] {dag.py:2915} INFO - Sync 1 DAGs
[2023-09-28T18:22:09.257+0000] {logging_mixin.py:151} INFO - [2023-09-28T18:22:09.257+0000] {dag.py:3696} INFO - Setting next_dagrun for example_dynamic_task_mapping_with_no_taskflow_operators to 2023-09-27T18:22:09.257268+00:00, run_after=2023-09-28T18:22:09.257268+00:00
[2023-09-28T18:22:09.269+0000] {processor.py:179} INFO - Processing /home/airflow/.local/lib/python3.8/site-packages/airflow/example_dags/example_dynamic_task_mapping_with_no_taskflow_operators.py took 0.060 seconds
[2023-09-28T18:22:40.039+0000] {processor.py:157} INFO - Started process (PID=974) to work on /home/airflow/.local/lib/python3.8/site-packages/airflow/example_dags/example_dynamic_task_mapping_with_no_taskflow_operators.py
[2023-09-28T18:22:40.042+0000] {processor.py:829} INFO - Processing file /home/airflow/.local/lib/python3.8/site-packages/airflow/example_dags/example_dynamic_task_mapping_with_no_taskflow_operators.py for tasks to queue
[2023-09-28T18:22:40.046+0000] {logging_mixin.py:151} INFO - [2023-09-28T18:22:40.045+0000] {dagbag.py:539} INFO - Filling up the DagBag from /home/airflow/.local/lib/python3.8/site-packages/airflow/example_dags/example_dynamic_task_mapping_with_no_taskflow_operators.py
[2023-09-28T18:22:40.052+0000] {processor.py:839} INFO - DAG(s) dict_keys(['example_dynamic_task_mapping_with_no_taskflow_operators']) retrieved from /home/airflow/.local/lib/python3.8/site-packages/airflow/example_dags/example_dynamic_task_mapping_with_no_taskflow_operators.py
[2023-09-28T18:22:40.073+0000] {logging_mixin.py:151} INFO - [2023-09-28T18:22:40.073+0000] {dag.py:2915} INFO - Sync 1 DAGs
[2023-09-28T18:22:40.087+0000] {logging_mixin.py:151} INFO - [2023-09-28T18:22:40.087+0000] {dag.py:3696} INFO - Setting next_dagrun for example_dynamic_task_mapping_with_no_taskflow_operators to 2023-09-27T18:22:40.087015+00:00, run_after=2023-09-28T18:22:40.087015+00:00
[2023-09-28T18:22:40.099+0000] {processor.py:179} INFO - Processing /home/airflow/.local/lib/python3.8/site-packages/airflow/example_dags/example_dynamic_task_mapping_with_no_taskflow_operators.py took 0.063 seconds
[2023-09-28T18:23:11.021+0000] {processor.py:157} INFO - Started process (PID=1027) to work on /home/airflow/.local/lib/python3.8/site-packages/airflow/example_dags/example_dynamic_task_mapping_with_no_taskflow_operators.py
[2023-09-28T18:23:11.024+0000] {processor.py:829} INFO - Processing file /home/airflow/.local/lib/python3.8/site-packages/airflow/example_dags/example_dynamic_task_mapping_with_no_taskflow_operators.py for tasks to queue
[2023-09-28T18:23:11.027+0000] {logging_mixin.py:151} INFO - [2023-09-28T18:23:11.027+0000] {dagbag.py:539} INFO - Filling up the DagBag from /home/airflow/.local/lib/python3.8/site-packages/airflow/example_dags/example_dynamic_task_mapping_with_no_taskflow_operators.py
[2023-09-28T18:23:11.034+0000] {processor.py:839} INFO - DAG(s) dict_keys(['example_dynamic_task_mapping_with_no_taskflow_operators']) retrieved from /home/airflow/.local/lib/python3.8/site-packages/airflow/example_dags/example_dynamic_task_mapping_with_no_taskflow_operators.py
[2023-09-28T18:23:11.052+0000] {logging_mixin.py:151} INFO - [2023-09-28T18:23:11.052+0000] {dag.py:2915} INFO - Sync 1 DAGs
[2023-09-28T18:23:11.066+0000] {logging_mixin.py:151} INFO - [2023-09-28T18:23:11.066+0000] {dag.py:3696} INFO - Setting next_dagrun for example_dynamic_task_mapping_with_no_taskflow_operators to 2023-09-27T18:23:11.066243+00:00, run_after=2023-09-28T18:23:11.066243+00:00
[2023-09-28T18:23:11.077+0000] {processor.py:179} INFO - Processing /home/airflow/.local/lib/python3.8/site-packages/airflow/example_dags/example_dynamic_task_mapping_with_no_taskflow_operators.py took 0.060 seconds
[2023-09-28T18:23:42.022+0000] {processor.py:157} INFO - Started process (PID=1081) to work on /home/airflow/.local/lib/python3.8/site-packages/airflow/example_dags/example_dynamic_task_mapping_with_no_taskflow_operators.py
[2023-09-28T18:23:42.024+0000] {processor.py:829} INFO - Processing file /home/airflow/.local/lib/python3.8/site-packages/airflow/example_dags/example_dynamic_task_mapping_with_no_taskflow_operators.py for tasks to queue
[2023-09-28T18:23:42.027+0000] {logging_mixin.py:151} INFO - [2023-09-28T18:23:42.027+0000] {dagbag.py:539} INFO - Filling up the DagBag from /home/airflow/.local/lib/python3.8/site-packages/airflow/example_dags/example_dynamic_task_mapping_with_no_taskflow_operators.py
[2023-09-28T18:23:42.033+0000] {processor.py:839} INFO - DAG(s) dict_keys(['example_dynamic_task_mapping_with_no_taskflow_operators']) retrieved from /home/airflow/.local/lib/python3.8/site-packages/airflow/example_dags/example_dynamic_task_mapping_with_no_taskflow_operators.py
[2023-09-28T18:23:42.050+0000] {logging_mixin.py:151} INFO - [2023-09-28T18:23:42.049+0000] {dag.py:2915} INFO - Sync 1 DAGs
[2023-09-28T18:23:42.064+0000] {logging_mixin.py:151} INFO - [2023-09-28T18:23:42.064+0000] {dag.py:3696} INFO - Setting next_dagrun for example_dynamic_task_mapping_with_no_taskflow_operators to 2023-09-27T18:23:42.064240+00:00, run_after=2023-09-28T18:23:42.064240+00:00
[2023-09-28T18:23:42.076+0000] {processor.py:179} INFO - Processing /home/airflow/.local/lib/python3.8/site-packages/airflow/example_dags/example_dynamic_task_mapping_with_no_taskflow_operators.py took 0.056 seconds
[2023-09-28T18:34:44.214+0000] {processor.py:157} INFO - Started process (PID=58) to work on /home/airflow/.local/lib/python3.8/site-packages/airflow/example_dags/example_dynamic_task_mapping_with_no_taskflow_operators.py
[2023-09-28T18:34:44.216+0000] {processor.py:829} INFO - Processing file /home/airflow/.local/lib/python3.8/site-packages/airflow/example_dags/example_dynamic_task_mapping_with_no_taskflow_operators.py for tasks to queue
[2023-09-28T18:34:44.222+0000] {logging_mixin.py:151} INFO - [2023-09-28T18:34:44.222+0000] {dagbag.py:539} INFO - Filling up the DagBag from /home/airflow/.local/lib/python3.8/site-packages/airflow/example_dags/example_dynamic_task_mapping_with_no_taskflow_operators.py
[2023-09-28T18:34:44.231+0000] {processor.py:839} INFO - DAG(s) dict_keys(['example_dynamic_task_mapping_with_no_taskflow_operators']) retrieved from /home/airflow/.local/lib/python3.8/site-packages/airflow/example_dags/example_dynamic_task_mapping_with_no_taskflow_operators.py
[2023-09-28T18:34:44.247+0000] {logging_mixin.py:151} INFO - [2023-09-28T18:34:44.247+0000] {dag.py:2915} INFO - Sync 1 DAGs
[2023-09-28T18:34:44.273+0000] {logging_mixin.py:151} INFO - [2023-09-28T18:34:44.273+0000] {dag.py:3696} INFO - Setting next_dagrun for example_dynamic_task_mapping_with_no_taskflow_operators to 2023-09-27T18:34:44.273458+00:00, run_after=2023-09-28T18:34:44.273458+00:00
[2023-09-28T18:34:44.291+0000] {processor.py:179} INFO - Processing /home/airflow/.local/lib/python3.8/site-packages/airflow/example_dags/example_dynamic_task_mapping_with_no_taskflow_operators.py took 0.082 seconds
[2023-09-28T18:35:15.090+0000] {processor.py:157} INFO - Started process (PID=112) to work on /home/airflow/.local/lib/python3.8/site-packages/airflow/example_dags/example_dynamic_task_mapping_with_no_taskflow_operators.py
[2023-09-28T18:35:15.092+0000] {processor.py:829} INFO - Processing file /home/airflow/.local/lib/python3.8/site-packages/airflow/example_dags/example_dynamic_task_mapping_with_no_taskflow_operators.py for tasks to queue
[2023-09-28T18:35:15.094+0000] {logging_mixin.py:151} INFO - [2023-09-28T18:35:15.094+0000] {dagbag.py:539} INFO - Filling up the DagBag from /home/airflow/.local/lib/python3.8/site-packages/airflow/example_dags/example_dynamic_task_mapping_with_no_taskflow_operators.py
[2023-09-28T18:35:15.099+0000] {processor.py:839} INFO - DAG(s) dict_keys(['example_dynamic_task_mapping_with_no_taskflow_operators']) retrieved from /home/airflow/.local/lib/python3.8/site-packages/airflow/example_dags/example_dynamic_task_mapping_with_no_taskflow_operators.py
[2023-09-28T18:35:15.115+0000] {logging_mixin.py:151} INFO - [2023-09-28T18:35:15.115+0000] {dag.py:2915} INFO - Sync 1 DAGs
[2023-09-28T18:35:15.129+0000] {logging_mixin.py:151} INFO - [2023-09-28T18:35:15.129+0000] {dag.py:3696} INFO - Setting next_dagrun for example_dynamic_task_mapping_with_no_taskflow_operators to 2023-09-27T18:35:15.129479+00:00, run_after=2023-09-28T18:35:15.129479+00:00
[2023-09-28T18:35:15.143+0000] {processor.py:179} INFO - Processing /home/airflow/.local/lib/python3.8/site-packages/airflow/example_dags/example_dynamic_task_mapping_with_no_taskflow_operators.py took 0.056 seconds
[2023-09-28T18:35:45.465+0000] {processor.py:157} INFO - Started process (PID=165) to work on /home/airflow/.local/lib/python3.8/site-packages/airflow/example_dags/example_dynamic_task_mapping_with_no_taskflow_operators.py
[2023-09-28T18:35:45.468+0000] {processor.py:829} INFO - Processing file /home/airflow/.local/lib/python3.8/site-packages/airflow/example_dags/example_dynamic_task_mapping_with_no_taskflow_operators.py for tasks to queue
[2023-09-28T18:35:45.471+0000] {logging_mixin.py:151} INFO - [2023-09-28T18:35:45.471+0000] {dagbag.py:539} INFO - Filling up the DagBag from /home/airflow/.local/lib/python3.8/site-packages/airflow/example_dags/example_dynamic_task_mapping_with_no_taskflow_operators.py
[2023-09-28T18:35:45.477+0000] {processor.py:839} INFO - DAG(s) dict_keys(['example_dynamic_task_mapping_with_no_taskflow_operators']) retrieved from /home/airflow/.local/lib/python3.8/site-packages/airflow/example_dags/example_dynamic_task_mapping_with_no_taskflow_operators.py
[2023-09-28T18:35:45.495+0000] {logging_mixin.py:151} INFO - [2023-09-28T18:35:45.495+0000] {dag.py:2915} INFO - Sync 1 DAGs
[2023-09-28T18:35:45.510+0000] {logging_mixin.py:151} INFO - [2023-09-28T18:35:45.510+0000] {dag.py:3696} INFO - Setting next_dagrun for example_dynamic_task_mapping_with_no_taskflow_operators to 2023-09-27T18:35:45.509845+00:00, run_after=2023-09-28T18:35:45.509845+00:00
[2023-09-28T18:35:45.525+0000] {processor.py:179} INFO - Processing /home/airflow/.local/lib/python3.8/site-packages/airflow/example_dags/example_dynamic_task_mapping_with_no_taskflow_operators.py took 0.063 seconds
[2023-09-28T18:36:16.480+0000] {processor.py:157} INFO - Started process (PID=220) to work on /home/airflow/.local/lib/python3.8/site-packages/airflow/example_dags/example_dynamic_task_mapping_with_no_taskflow_operators.py
[2023-09-28T18:36:16.484+0000] {processor.py:829} INFO - Processing file /home/airflow/.local/lib/python3.8/site-packages/airflow/example_dags/example_dynamic_task_mapping_with_no_taskflow_operators.py for tasks to queue
[2023-09-28T18:36:16.486+0000] {logging_mixin.py:151} INFO - [2023-09-28T18:36:16.486+0000] {dagbag.py:539} INFO - Filling up the DagBag from /home/airflow/.local/lib/python3.8/site-packages/airflow/example_dags/example_dynamic_task_mapping_with_no_taskflow_operators.py
[2023-09-28T18:36:16.491+0000] {processor.py:839} INFO - DAG(s) dict_keys(['example_dynamic_task_mapping_with_no_taskflow_operators']) retrieved from /home/airflow/.local/lib/python3.8/site-packages/airflow/example_dags/example_dynamic_task_mapping_with_no_taskflow_operators.py
[2023-09-28T18:36:16.510+0000] {logging_mixin.py:151} INFO - [2023-09-28T18:36:16.510+0000] {dag.py:2915} INFO - Sync 1 DAGs
[2023-09-28T18:36:16.526+0000] {logging_mixin.py:151} INFO - [2023-09-28T18:36:16.526+0000] {dag.py:3696} INFO - Setting next_dagrun for example_dynamic_task_mapping_with_no_taskflow_operators to 2023-09-27T18:36:16.526194+00:00, run_after=2023-09-28T18:36:16.526194+00:00
[2023-09-28T18:36:16.539+0000] {processor.py:179} INFO - Processing /home/airflow/.local/lib/python3.8/site-packages/airflow/example_dags/example_dynamic_task_mapping_with_no_taskflow_operators.py took 0.061 seconds
