[2023-09-28T18:05:27.427+0000] {processor.py:157} INFO - Started process (PID=40) to work on /home/airflow/.local/lib/python3.8/site-packages/airflow/example_dags/example_bash_operator.py
[2023-09-28T18:05:27.429+0000] {processor.py:829} INFO - Processing file /home/airflow/.local/lib/python3.8/site-packages/airflow/example_dags/example_bash_operator.py for tasks to queue
[2023-09-28T18:05:27.432+0000] {logging_mixin.py:151} INFO - [2023-09-28T18:05:27.432+0000] {dagbag.py:539} INFO - Filling up the DagBag from /home/airflow/.local/lib/python3.8/site-packages/airflow/example_dags/example_bash_operator.py
[2023-09-28T18:05:27.445+0000] {processor.py:839} INFO - DAG(s) dict_keys(['example_bash_operator']) retrieved from /home/airflow/.local/lib/python3.8/site-packages/airflow/example_dags/example_bash_operator.py
[2023-09-28T18:05:27.457+0000] {logging_mixin.py:151} INFO - [2023-09-28T18:05:27.457+0000] {dag.py:2915} INFO - Sync 1 DAGs
[2023-09-28T18:05:27.492+0000] {logging_mixin.py:151} INFO - [2023-09-28T18:05:27.492+0000] {dag.py:3696} INFO - Setting next_dagrun for example_bash_operator to 2023-09-27T00:00:00+00:00, run_after=2023-09-28T00:00:00+00:00
[2023-09-28T18:05:27.510+0000] {processor.py:179} INFO - Processing /home/airflow/.local/lib/python3.8/site-packages/airflow/example_dags/example_bash_operator.py took 0.085 seconds
[2023-09-28T18:05:57.715+0000] {processor.py:157} INFO - Started process (PID=92) to work on /home/airflow/.local/lib/python3.8/site-packages/airflow/example_dags/example_bash_operator.py
[2023-09-28T18:05:57.718+0000] {processor.py:829} INFO - Processing file /home/airflow/.local/lib/python3.8/site-packages/airflow/example_dags/example_bash_operator.py for tasks to queue
[2023-09-28T18:05:57.720+0000] {logging_mixin.py:151} INFO - [2023-09-28T18:05:57.720+0000] {dagbag.py:539} INFO - Filling up the DagBag from /home/airflow/.local/lib/python3.8/site-packages/airflow/example_dags/example_bash_operator.py
[2023-09-28T18:05:57.729+0000] {processor.py:839} INFO - DAG(s) dict_keys(['example_bash_operator']) retrieved from /home/airflow/.local/lib/python3.8/site-packages/airflow/example_dags/example_bash_operator.py
[2023-09-28T18:05:57.749+0000] {logging_mixin.py:151} INFO - [2023-09-28T18:05:57.749+0000] {dag.py:2915} INFO - Sync 1 DAGs
[2023-09-28T18:05:57.767+0000] {logging_mixin.py:151} INFO - [2023-09-28T18:05:57.767+0000] {dag.py:3696} INFO - Setting next_dagrun for example_bash_operator to 2023-09-27T00:00:00+00:00, run_after=2023-09-28T00:00:00+00:00
[2023-09-28T18:05:57.784+0000] {processor.py:179} INFO - Processing /home/airflow/.local/lib/python3.8/site-packages/airflow/example_dags/example_bash_operator.py took 0.071 seconds
[2023-09-28T18:06:28.660+0000] {processor.py:157} INFO - Started process (PID=146) to work on /home/airflow/.local/lib/python3.8/site-packages/airflow/example_dags/example_bash_operator.py
[2023-09-28T18:06:28.663+0000] {processor.py:829} INFO - Processing file /home/airflow/.local/lib/python3.8/site-packages/airflow/example_dags/example_bash_operator.py for tasks to queue
[2023-09-28T18:06:28.665+0000] {logging_mixin.py:151} INFO - [2023-09-28T18:06:28.665+0000] {dagbag.py:539} INFO - Filling up the DagBag from /home/airflow/.local/lib/python3.8/site-packages/airflow/example_dags/example_bash_operator.py
[2023-09-28T18:06:28.674+0000] {processor.py:839} INFO - DAG(s) dict_keys(['example_bash_operator']) retrieved from /home/airflow/.local/lib/python3.8/site-packages/airflow/example_dags/example_bash_operator.py
[2023-09-28T18:06:28.695+0000] {logging_mixin.py:151} INFO - [2023-09-28T18:06:28.695+0000] {dag.py:2915} INFO - Sync 1 DAGs
[2023-09-28T18:06:28.712+0000] {logging_mixin.py:151} INFO - [2023-09-28T18:06:28.712+0000] {dag.py:3696} INFO - Setting next_dagrun for example_bash_operator to 2023-09-27T00:00:00+00:00, run_after=2023-09-28T00:00:00+00:00
[2023-09-28T18:06:28.724+0000] {processor.py:179} INFO - Processing /home/airflow/.local/lib/python3.8/site-packages/airflow/example_dags/example_bash_operator.py took 0.066 seconds
[2023-09-28T18:06:58.811+0000] {processor.py:157} INFO - Started process (PID=200) to work on /home/airflow/.local/lib/python3.8/site-packages/airflow/example_dags/example_bash_operator.py
[2023-09-28T18:06:58.814+0000] {processor.py:829} INFO - Processing file /home/airflow/.local/lib/python3.8/site-packages/airflow/example_dags/example_bash_operator.py for tasks to queue
[2023-09-28T18:06:58.817+0000] {logging_mixin.py:151} INFO - [2023-09-28T18:06:58.816+0000] {dagbag.py:539} INFO - Filling up the DagBag from /home/airflow/.local/lib/python3.8/site-packages/airflow/example_dags/example_bash_operator.py
[2023-09-28T18:06:58.824+0000] {processor.py:839} INFO - DAG(s) dict_keys(['example_bash_operator']) retrieved from /home/airflow/.local/lib/python3.8/site-packages/airflow/example_dags/example_bash_operator.py
[2023-09-28T18:06:58.843+0000] {logging_mixin.py:151} INFO - [2023-09-28T18:06:58.843+0000] {dag.py:2915} INFO - Sync 1 DAGs
[2023-09-28T18:06:58.862+0000] {logging_mixin.py:151} INFO - [2023-09-28T18:06:58.862+0000] {dag.py:3696} INFO - Setting next_dagrun for example_bash_operator to 2023-09-27T00:00:00+00:00, run_after=2023-09-28T00:00:00+00:00
[2023-09-28T18:06:58.877+0000] {processor.py:179} INFO - Processing /home/airflow/.local/lib/python3.8/site-packages/airflow/example_dags/example_bash_operator.py took 0.068 seconds
[2023-09-28T18:07:29.702+0000] {processor.py:157} INFO - Started process (PID=254) to work on /home/airflow/.local/lib/python3.8/site-packages/airflow/example_dags/example_bash_operator.py
[2023-09-28T18:07:29.704+0000] {processor.py:829} INFO - Processing file /home/airflow/.local/lib/python3.8/site-packages/airflow/example_dags/example_bash_operator.py for tasks to queue
[2023-09-28T18:07:29.706+0000] {logging_mixin.py:151} INFO - [2023-09-28T18:07:29.706+0000] {dagbag.py:539} INFO - Filling up the DagBag from /home/airflow/.local/lib/python3.8/site-packages/airflow/example_dags/example_bash_operator.py
[2023-09-28T18:07:29.718+0000] {processor.py:839} INFO - DAG(s) dict_keys(['example_bash_operator']) retrieved from /home/airflow/.local/lib/python3.8/site-packages/airflow/example_dags/example_bash_operator.py
[2023-09-28T18:07:29.738+0000] {logging_mixin.py:151} INFO - [2023-09-28T18:07:29.738+0000] {dag.py:2915} INFO - Sync 1 DAGs
[2023-09-28T18:07:29.754+0000] {logging_mixin.py:151} INFO - [2023-09-28T18:07:29.754+0000] {dag.py:3696} INFO - Setting next_dagrun for example_bash_operator to 2023-09-27T00:00:00+00:00, run_after=2023-09-28T00:00:00+00:00
[2023-09-28T18:07:29.767+0000] {processor.py:179} INFO - Processing /home/airflow/.local/lib/python3.8/site-packages/airflow/example_dags/example_bash_operator.py took 0.068 seconds
[2023-09-28T18:08:00.499+0000] {processor.py:157} INFO - Started process (PID=308) to work on /home/airflow/.local/lib/python3.8/site-packages/airflow/example_dags/example_bash_operator.py
[2023-09-28T18:08:00.501+0000] {processor.py:829} INFO - Processing file /home/airflow/.local/lib/python3.8/site-packages/airflow/example_dags/example_bash_operator.py for tasks to queue
[2023-09-28T18:08:00.503+0000] {logging_mixin.py:151} INFO - [2023-09-28T18:08:00.503+0000] {dagbag.py:539} INFO - Filling up the DagBag from /home/airflow/.local/lib/python3.8/site-packages/airflow/example_dags/example_bash_operator.py
[2023-09-28T18:08:00.511+0000] {processor.py:839} INFO - DAG(s) dict_keys(['example_bash_operator']) retrieved from /home/airflow/.local/lib/python3.8/site-packages/airflow/example_dags/example_bash_operator.py
[2023-09-28T18:08:00.531+0000] {logging_mixin.py:151} INFO - [2023-09-28T18:08:00.531+0000] {dag.py:2915} INFO - Sync 1 DAGs
[2023-09-28T18:08:00.543+0000] {logging_mixin.py:151} INFO - [2023-09-28T18:08:00.543+0000] {dag.py:3696} INFO - Setting next_dagrun for example_bash_operator to 2023-09-27T00:00:00+00:00, run_after=2023-09-28T00:00:00+00:00
[2023-09-28T18:08:00.553+0000] {processor.py:179} INFO - Processing /home/airflow/.local/lib/python3.8/site-packages/airflow/example_dags/example_bash_operator.py took 0.057 seconds
[2023-09-28T18:08:30.630+0000] {processor.py:157} INFO - Started process (PID=362) to work on /home/airflow/.local/lib/python3.8/site-packages/airflow/example_dags/example_bash_operator.py
[2023-09-28T18:08:30.633+0000] {processor.py:829} INFO - Processing file /home/airflow/.local/lib/python3.8/site-packages/airflow/example_dags/example_bash_operator.py for tasks to queue
[2023-09-28T18:08:30.635+0000] {logging_mixin.py:151} INFO - [2023-09-28T18:08:30.635+0000] {dagbag.py:539} INFO - Filling up the DagBag from /home/airflow/.local/lib/python3.8/site-packages/airflow/example_dags/example_bash_operator.py
[2023-09-28T18:08:30.643+0000] {processor.py:839} INFO - DAG(s) dict_keys(['example_bash_operator']) retrieved from /home/airflow/.local/lib/python3.8/site-packages/airflow/example_dags/example_bash_operator.py
[2023-09-28T18:08:30.667+0000] {logging_mixin.py:151} INFO - [2023-09-28T18:08:30.667+0000] {dag.py:2915} INFO - Sync 1 DAGs
[2023-09-28T18:08:30.689+0000] {logging_mixin.py:151} INFO - [2023-09-28T18:08:30.689+0000] {dag.py:3696} INFO - Setting next_dagrun for example_bash_operator to 2023-09-27T00:00:00+00:00, run_after=2023-09-28T00:00:00+00:00
[2023-09-28T18:08:30.703+0000] {processor.py:179} INFO - Processing /home/airflow/.local/lib/python3.8/site-packages/airflow/example_dags/example_bash_operator.py took 0.076 seconds
[2023-09-28T18:09:01.536+0000] {processor.py:157} INFO - Started process (PID=416) to work on /home/airflow/.local/lib/python3.8/site-packages/airflow/example_dags/example_bash_operator.py
[2023-09-28T18:09:01.538+0000] {processor.py:829} INFO - Processing file /home/airflow/.local/lib/python3.8/site-packages/airflow/example_dags/example_bash_operator.py for tasks to queue
[2023-09-28T18:09:01.540+0000] {logging_mixin.py:151} INFO - [2023-09-28T18:09:01.540+0000] {dagbag.py:539} INFO - Filling up the DagBag from /home/airflow/.local/lib/python3.8/site-packages/airflow/example_dags/example_bash_operator.py
[2023-09-28T18:09:01.548+0000] {processor.py:839} INFO - DAG(s) dict_keys(['example_bash_operator']) retrieved from /home/airflow/.local/lib/python3.8/site-packages/airflow/example_dags/example_bash_operator.py
[2023-09-28T18:09:01.570+0000] {logging_mixin.py:151} INFO - [2023-09-28T18:09:01.570+0000] {dag.py:2915} INFO - Sync 1 DAGs
[2023-09-28T18:09:01.586+0000] {logging_mixin.py:151} INFO - [2023-09-28T18:09:01.585+0000] {dag.py:3696} INFO - Setting next_dagrun for example_bash_operator to 2023-09-27T00:00:00+00:00, run_after=2023-09-28T00:00:00+00:00
[2023-09-28T18:09:01.599+0000] {processor.py:179} INFO - Processing /home/airflow/.local/lib/python3.8/site-packages/airflow/example_dags/example_bash_operator.py took 0.066 seconds
[2023-09-28T18:09:32.267+0000] {processor.py:157} INFO - Started process (PID=469) to work on /home/airflow/.local/lib/python3.8/site-packages/airflow/example_dags/example_bash_operator.py
[2023-09-28T18:09:32.270+0000] {processor.py:829} INFO - Processing file /home/airflow/.local/lib/python3.8/site-packages/airflow/example_dags/example_bash_operator.py for tasks to queue
[2023-09-28T18:09:32.272+0000] {logging_mixin.py:151} INFO - [2023-09-28T18:09:32.272+0000] {dagbag.py:539} INFO - Filling up the DagBag from /home/airflow/.local/lib/python3.8/site-packages/airflow/example_dags/example_bash_operator.py
[2023-09-28T18:09:32.280+0000] {processor.py:839} INFO - DAG(s) dict_keys(['example_bash_operator']) retrieved from /home/airflow/.local/lib/python3.8/site-packages/airflow/example_dags/example_bash_operator.py
[2023-09-28T18:09:32.302+0000] {logging_mixin.py:151} INFO - [2023-09-28T18:09:32.301+0000] {dag.py:2915} INFO - Sync 1 DAGs
[2023-09-28T18:09:32.320+0000] {logging_mixin.py:151} INFO - [2023-09-28T18:09:32.320+0000] {dag.py:3696} INFO - Setting next_dagrun for example_bash_operator to 2023-09-27T00:00:00+00:00, run_after=2023-09-28T00:00:00+00:00
[2023-09-28T18:09:32.337+0000] {processor.py:179} INFO - Processing /home/airflow/.local/lib/python3.8/site-packages/airflow/example_dags/example_bash_operator.py took 0.071 seconds
[2023-09-28T18:10:03.105+0000] {processor.py:157} INFO - Started process (PID=523) to work on /home/airflow/.local/lib/python3.8/site-packages/airflow/example_dags/example_bash_operator.py
[2023-09-28T18:10:03.108+0000] {processor.py:829} INFO - Processing file /home/airflow/.local/lib/python3.8/site-packages/airflow/example_dags/example_bash_operator.py for tasks to queue
[2023-09-28T18:10:03.110+0000] {logging_mixin.py:151} INFO - [2023-09-28T18:10:03.110+0000] {dagbag.py:539} INFO - Filling up the DagBag from /home/airflow/.local/lib/python3.8/site-packages/airflow/example_dags/example_bash_operator.py
[2023-09-28T18:10:03.118+0000] {processor.py:839} INFO - DAG(s) dict_keys(['example_bash_operator']) retrieved from /home/airflow/.local/lib/python3.8/site-packages/airflow/example_dags/example_bash_operator.py
[2023-09-28T18:10:03.140+0000] {logging_mixin.py:151} INFO - [2023-09-28T18:10:03.140+0000] {dag.py:2915} INFO - Sync 1 DAGs
[2023-09-28T18:10:03.158+0000] {logging_mixin.py:151} INFO - [2023-09-28T18:10:03.158+0000] {dag.py:3696} INFO - Setting next_dagrun for example_bash_operator to 2023-09-27T00:00:00+00:00, run_after=2023-09-28T00:00:00+00:00
[2023-09-28T18:10:03.174+0000] {processor.py:179} INFO - Processing /home/airflow/.local/lib/python3.8/site-packages/airflow/example_dags/example_bash_operator.py took 0.072 seconds
[2023-09-28T18:10:34.841+0000] {processor.py:157} INFO - Started process (PID=577) to work on /home/airflow/.local/lib/python3.8/site-packages/airflow/example_dags/example_bash_operator.py
[2023-09-28T18:10:34.844+0000] {processor.py:829} INFO - Processing file /home/airflow/.local/lib/python3.8/site-packages/airflow/example_dags/example_bash_operator.py for tasks to queue
[2023-09-28T18:10:34.847+0000] {logging_mixin.py:151} INFO - [2023-09-28T18:10:34.846+0000] {dagbag.py:539} INFO - Filling up the DagBag from /home/airflow/.local/lib/python3.8/site-packages/airflow/example_dags/example_bash_operator.py
[2023-09-28T18:10:34.855+0000] {processor.py:839} INFO - DAG(s) dict_keys(['example_bash_operator']) retrieved from /home/airflow/.local/lib/python3.8/site-packages/airflow/example_dags/example_bash_operator.py
[2023-09-28T18:10:34.875+0000] {logging_mixin.py:151} INFO - [2023-09-28T18:10:34.875+0000] {dag.py:2915} INFO - Sync 1 DAGs
[2023-09-28T18:10:34.890+0000] {logging_mixin.py:151} INFO - [2023-09-28T18:10:34.890+0000] {dag.py:3696} INFO - Setting next_dagrun for example_bash_operator to 2023-09-27T00:00:00+00:00, run_after=2023-09-28T00:00:00+00:00
[2023-09-28T18:10:34.905+0000] {processor.py:179} INFO - Processing /home/airflow/.local/lib/python3.8/site-packages/airflow/example_dags/example_bash_operator.py took 0.067 seconds
[2023-09-28T18:11:06.096+0000] {processor.py:157} INFO - Started process (PID=632) to work on /home/airflow/.local/lib/python3.8/site-packages/airflow/example_dags/example_bash_operator.py
[2023-09-28T18:11:06.106+0000] {processor.py:829} INFO - Processing file /home/airflow/.local/lib/python3.8/site-packages/airflow/example_dags/example_bash_operator.py for tasks to queue
[2023-09-28T18:11:06.115+0000] {logging_mixin.py:151} INFO - [2023-09-28T18:11:06.114+0000] {dagbag.py:539} INFO - Filling up the DagBag from /home/airflow/.local/lib/python3.8/site-packages/airflow/example_dags/example_bash_operator.py
[2023-09-28T18:11:06.152+0000] {processor.py:839} INFO - DAG(s) dict_keys(['example_bash_operator']) retrieved from /home/airflow/.local/lib/python3.8/site-packages/airflow/example_dags/example_bash_operator.py
[2023-09-28T18:11:06.193+0000] {logging_mixin.py:151} INFO - [2023-09-28T18:11:06.192+0000] {dag.py:2915} INFO - Sync 1 DAGs
[2023-09-28T18:11:06.221+0000] {logging_mixin.py:151} INFO - [2023-09-28T18:11:06.221+0000] {dag.py:3696} INFO - Setting next_dagrun for example_bash_operator to 2023-09-27T00:00:00+00:00, run_after=2023-09-28T00:00:00+00:00
[2023-09-28T18:11:06.237+0000] {processor.py:179} INFO - Processing /home/airflow/.local/lib/python3.8/site-packages/airflow/example_dags/example_bash_operator.py took 0.147 seconds
[2023-09-28T18:13:54.352+0000] {processor.py:157} INFO - Started process (PID=39) to work on /home/airflow/.local/lib/python3.8/site-packages/airflow/example_dags/example_bash_operator.py
[2023-09-28T18:13:54.355+0000] {processor.py:829} INFO - Processing file /home/airflow/.local/lib/python3.8/site-packages/airflow/example_dags/example_bash_operator.py for tasks to queue
[2023-09-28T18:13:54.360+0000] {logging_mixin.py:151} INFO - [2023-09-28T18:13:54.359+0000] {dagbag.py:539} INFO - Filling up the DagBag from /home/airflow/.local/lib/python3.8/site-packages/airflow/example_dags/example_bash_operator.py
[2023-09-28T18:13:54.373+0000] {processor.py:839} INFO - DAG(s) dict_keys(['example_bash_operator']) retrieved from /home/airflow/.local/lib/python3.8/site-packages/airflow/example_dags/example_bash_operator.py
[2023-09-28T18:13:54.512+0000] {logging_mixin.py:151} INFO - [2023-09-28T18:13:54.511+0000] {manager.py:499} INFO - Created Permission View: %s
[2023-09-28T18:13:54.522+0000] {logging_mixin.py:151} INFO - [2023-09-28T18:13:54.521+0000] {manager.py:499} INFO - Created Permission View: %s
[2023-09-28T18:13:54.529+0000] {logging_mixin.py:151} INFO - [2023-09-28T18:13:54.528+0000] {manager.py:499} INFO - Created Permission View: %s
[2023-09-28T18:13:54.531+0000] {logging_mixin.py:151} INFO - [2023-09-28T18:13:54.531+0000] {security.py:708} INFO - Not syncing DAG-level permissions for DAG 'DAG:example_bash_operator' as access control is unset.
[2023-09-28T18:13:54.533+0000] {logging_mixin.py:151} INFO - [2023-09-28T18:13:54.533+0000] {dag.py:2915} INFO - Sync 1 DAGs
[2023-09-28T18:13:54.545+0000] {logging_mixin.py:151} INFO - [2023-09-28T18:13:54.545+0000] {dag.py:2937} INFO - Creating ORM DAG for example_bash_operator
[2023-09-28T18:13:54.554+0000] {logging_mixin.py:151} INFO - [2023-09-28T18:13:54.554+0000] {dag.py:3696} INFO - Setting next_dagrun for example_bash_operator to 2023-09-27T00:00:00+00:00, run_after=2023-09-28T00:00:00+00:00
[2023-09-28T18:13:54.570+0000] {processor.py:179} INFO - Processing /home/airflow/.local/lib/python3.8/site-packages/airflow/example_dags/example_bash_operator.py took 0.223 seconds
[2023-09-28T18:14:25.185+0000] {processor.py:157} INFO - Started process (PID=93) to work on /home/airflow/.local/lib/python3.8/site-packages/airflow/example_dags/example_bash_operator.py
[2023-09-28T18:14:25.188+0000] {processor.py:829} INFO - Processing file /home/airflow/.local/lib/python3.8/site-packages/airflow/example_dags/example_bash_operator.py for tasks to queue
[2023-09-28T18:14:25.190+0000] {logging_mixin.py:151} INFO - [2023-09-28T18:14:25.190+0000] {dagbag.py:539} INFO - Filling up the DagBag from /home/airflow/.local/lib/python3.8/site-packages/airflow/example_dags/example_bash_operator.py
[2023-09-28T18:14:25.199+0000] {processor.py:839} INFO - DAG(s) dict_keys(['example_bash_operator']) retrieved from /home/airflow/.local/lib/python3.8/site-packages/airflow/example_dags/example_bash_operator.py
[2023-09-28T18:14:25.220+0000] {logging_mixin.py:151} INFO - [2023-09-28T18:14:25.220+0000] {dag.py:2915} INFO - Sync 1 DAGs
[2023-09-28T18:14:25.236+0000] {logging_mixin.py:151} INFO - [2023-09-28T18:14:25.236+0000] {dag.py:3696} INFO - Setting next_dagrun for example_bash_operator to 2023-09-27T00:00:00+00:00, run_after=2023-09-28T00:00:00+00:00
[2023-09-28T18:14:25.249+0000] {processor.py:179} INFO - Processing /home/airflow/.local/lib/python3.8/site-packages/airflow/example_dags/example_bash_operator.py took 0.067 seconds
[2023-09-28T18:14:55.902+0000] {processor.py:157} INFO - Started process (PID=147) to work on /home/airflow/.local/lib/python3.8/site-packages/airflow/example_dags/example_bash_operator.py
[2023-09-28T18:14:55.904+0000] {processor.py:829} INFO - Processing file /home/airflow/.local/lib/python3.8/site-packages/airflow/example_dags/example_bash_operator.py for tasks to queue
[2023-09-28T18:14:55.906+0000] {logging_mixin.py:151} INFO - [2023-09-28T18:14:55.906+0000] {dagbag.py:539} INFO - Filling up the DagBag from /home/airflow/.local/lib/python3.8/site-packages/airflow/example_dags/example_bash_operator.py
[2023-09-28T18:14:55.914+0000] {processor.py:839} INFO - DAG(s) dict_keys(['example_bash_operator']) retrieved from /home/airflow/.local/lib/python3.8/site-packages/airflow/example_dags/example_bash_operator.py
[2023-09-28T18:14:55.936+0000] {logging_mixin.py:151} INFO - [2023-09-28T18:14:55.936+0000] {dag.py:2915} INFO - Sync 1 DAGs
[2023-09-28T18:14:55.958+0000] {logging_mixin.py:151} INFO - [2023-09-28T18:14:55.958+0000] {dag.py:3696} INFO - Setting next_dagrun for example_bash_operator to 2023-09-27T00:00:00+00:00, run_after=2023-09-28T00:00:00+00:00
[2023-09-28T18:14:55.971+0000] {processor.py:179} INFO - Processing /home/airflow/.local/lib/python3.8/site-packages/airflow/example_dags/example_bash_operator.py took 0.071 seconds
[2023-09-28T18:15:26.653+0000] {processor.py:157} INFO - Started process (PID=201) to work on /home/airflow/.local/lib/python3.8/site-packages/airflow/example_dags/example_bash_operator.py
[2023-09-28T18:15:26.655+0000] {processor.py:829} INFO - Processing file /home/airflow/.local/lib/python3.8/site-packages/airflow/example_dags/example_bash_operator.py for tasks to queue
[2023-09-28T18:15:26.659+0000] {logging_mixin.py:151} INFO - [2023-09-28T18:15:26.658+0000] {dagbag.py:539} INFO - Filling up the DagBag from /home/airflow/.local/lib/python3.8/site-packages/airflow/example_dags/example_bash_operator.py
[2023-09-28T18:15:26.667+0000] {processor.py:839} INFO - DAG(s) dict_keys(['example_bash_operator']) retrieved from /home/airflow/.local/lib/python3.8/site-packages/airflow/example_dags/example_bash_operator.py
[2023-09-28T18:15:26.686+0000] {logging_mixin.py:151} INFO - [2023-09-28T18:15:26.686+0000] {dag.py:2915} INFO - Sync 1 DAGs
[2023-09-28T18:15:26.704+0000] {logging_mixin.py:151} INFO - [2023-09-28T18:15:26.704+0000] {dag.py:3696} INFO - Setting next_dagrun for example_bash_operator to 2023-09-27T00:00:00+00:00, run_after=2023-09-28T00:00:00+00:00
[2023-09-28T18:15:26.718+0000] {processor.py:179} INFO - Processing /home/airflow/.local/lib/python3.8/site-packages/airflow/example_dags/example_bash_operator.py took 0.067 seconds
[2023-09-28T18:15:57.372+0000] {processor.py:157} INFO - Started process (PID=255) to work on /home/airflow/.local/lib/python3.8/site-packages/airflow/example_dags/example_bash_operator.py
[2023-09-28T18:15:57.374+0000] {processor.py:829} INFO - Processing file /home/airflow/.local/lib/python3.8/site-packages/airflow/example_dags/example_bash_operator.py for tasks to queue
[2023-09-28T18:15:57.376+0000] {logging_mixin.py:151} INFO - [2023-09-28T18:15:57.376+0000] {dagbag.py:539} INFO - Filling up the DagBag from /home/airflow/.local/lib/python3.8/site-packages/airflow/example_dags/example_bash_operator.py
[2023-09-28T18:15:57.384+0000] {processor.py:839} INFO - DAG(s) dict_keys(['example_bash_operator']) retrieved from /home/airflow/.local/lib/python3.8/site-packages/airflow/example_dags/example_bash_operator.py
[2023-09-28T18:15:57.406+0000] {logging_mixin.py:151} INFO - [2023-09-28T18:15:57.405+0000] {dag.py:2915} INFO - Sync 1 DAGs
[2023-09-28T18:15:57.427+0000] {logging_mixin.py:151} INFO - [2023-09-28T18:15:57.427+0000] {dag.py:3696} INFO - Setting next_dagrun for example_bash_operator to 2023-09-27T00:00:00+00:00, run_after=2023-09-28T00:00:00+00:00
[2023-09-28T18:15:57.440+0000] {processor.py:179} INFO - Processing /home/airflow/.local/lib/python3.8/site-packages/airflow/example_dags/example_bash_operator.py took 0.071 seconds
[2023-09-28T18:16:27.980+0000] {processor.py:157} INFO - Started process (PID=309) to work on /home/airflow/.local/lib/python3.8/site-packages/airflow/example_dags/example_bash_operator.py
[2023-09-28T18:16:27.983+0000] {processor.py:829} INFO - Processing file /home/airflow/.local/lib/python3.8/site-packages/airflow/example_dags/example_bash_operator.py for tasks to queue
[2023-09-28T18:16:27.985+0000] {logging_mixin.py:151} INFO - [2023-09-28T18:16:27.985+0000] {dagbag.py:539} INFO - Filling up the DagBag from /home/airflow/.local/lib/python3.8/site-packages/airflow/example_dags/example_bash_operator.py
[2023-09-28T18:16:27.993+0000] {processor.py:839} INFO - DAG(s) dict_keys(['example_bash_operator']) retrieved from /home/airflow/.local/lib/python3.8/site-packages/airflow/example_dags/example_bash_operator.py
[2023-09-28T18:16:28.020+0000] {logging_mixin.py:151} INFO - [2023-09-28T18:16:28.020+0000] {dag.py:2915} INFO - Sync 1 DAGs
[2023-09-28T18:16:28.039+0000] {logging_mixin.py:151} INFO - [2023-09-28T18:16:28.038+0000] {dag.py:3696} INFO - Setting next_dagrun for example_bash_operator to 2023-09-27T00:00:00+00:00, run_after=2023-09-28T00:00:00+00:00
[2023-09-28T18:16:28.058+0000] {processor.py:179} INFO - Processing /home/airflow/.local/lib/python3.8/site-packages/airflow/example_dags/example_bash_operator.py took 0.080 seconds
[2023-09-28T18:16:58.838+0000] {processor.py:157} INFO - Started process (PID=363) to work on /home/airflow/.local/lib/python3.8/site-packages/airflow/example_dags/example_bash_operator.py
[2023-09-28T18:16:58.840+0000] {processor.py:829} INFO - Processing file /home/airflow/.local/lib/python3.8/site-packages/airflow/example_dags/example_bash_operator.py for tasks to queue
[2023-09-28T18:16:58.842+0000] {logging_mixin.py:151} INFO - [2023-09-28T18:16:58.842+0000] {dagbag.py:539} INFO - Filling up the DagBag from /home/airflow/.local/lib/python3.8/site-packages/airflow/example_dags/example_bash_operator.py
[2023-09-28T18:16:58.850+0000] {processor.py:839} INFO - DAG(s) dict_keys(['example_bash_operator']) retrieved from /home/airflow/.local/lib/python3.8/site-packages/airflow/example_dags/example_bash_operator.py
[2023-09-28T18:16:58.870+0000] {logging_mixin.py:151} INFO - [2023-09-28T18:16:58.870+0000] {dag.py:2915} INFO - Sync 1 DAGs
[2023-09-28T18:16:58.888+0000] {logging_mixin.py:151} INFO - [2023-09-28T18:16:58.888+0000] {dag.py:3696} INFO - Setting next_dagrun for example_bash_operator to 2023-09-27T00:00:00+00:00, run_after=2023-09-28T00:00:00+00:00
[2023-09-28T18:16:58.901+0000] {processor.py:179} INFO - Processing /home/airflow/.local/lib/python3.8/site-packages/airflow/example_dags/example_bash_operator.py took 0.066 seconds
[2023-09-28T18:17:29.471+0000] {processor.py:157} INFO - Started process (PID=416) to work on /home/airflow/.local/lib/python3.8/site-packages/airflow/example_dags/example_bash_operator.py
[2023-09-28T18:17:29.473+0000] {processor.py:829} INFO - Processing file /home/airflow/.local/lib/python3.8/site-packages/airflow/example_dags/example_bash_operator.py for tasks to queue
[2023-09-28T18:17:29.475+0000] {logging_mixin.py:151} INFO - [2023-09-28T18:17:29.475+0000] {dagbag.py:539} INFO - Filling up the DagBag from /home/airflow/.local/lib/python3.8/site-packages/airflow/example_dags/example_bash_operator.py
[2023-09-28T18:17:29.483+0000] {processor.py:839} INFO - DAG(s) dict_keys(['example_bash_operator']) retrieved from /home/airflow/.local/lib/python3.8/site-packages/airflow/example_dags/example_bash_operator.py
[2023-09-28T18:17:29.504+0000] {logging_mixin.py:151} INFO - [2023-09-28T18:17:29.504+0000] {dag.py:2915} INFO - Sync 1 DAGs
[2023-09-28T18:17:29.520+0000] {logging_mixin.py:151} INFO - [2023-09-28T18:17:29.520+0000] {dag.py:3696} INFO - Setting next_dagrun for example_bash_operator to 2023-09-27T00:00:00+00:00, run_after=2023-09-28T00:00:00+00:00
[2023-09-28T18:17:29.533+0000] {processor.py:179} INFO - Processing /home/airflow/.local/lib/python3.8/site-packages/airflow/example_dags/example_bash_operator.py took 0.064 seconds
[2023-09-28T18:18:00.203+0000] {processor.py:157} INFO - Started process (PID=471) to work on /home/airflow/.local/lib/python3.8/site-packages/airflow/example_dags/example_bash_operator.py
[2023-09-28T18:18:00.205+0000] {processor.py:829} INFO - Processing file /home/airflow/.local/lib/python3.8/site-packages/airflow/example_dags/example_bash_operator.py for tasks to queue
[2023-09-28T18:18:00.208+0000] {logging_mixin.py:151} INFO - [2023-09-28T18:18:00.208+0000] {dagbag.py:539} INFO - Filling up the DagBag from /home/airflow/.local/lib/python3.8/site-packages/airflow/example_dags/example_bash_operator.py
[2023-09-28T18:18:00.219+0000] {processor.py:839} INFO - DAG(s) dict_keys(['example_bash_operator']) retrieved from /home/airflow/.local/lib/python3.8/site-packages/airflow/example_dags/example_bash_operator.py
[2023-09-28T18:18:00.243+0000] {logging_mixin.py:151} INFO - [2023-09-28T18:18:00.243+0000] {dag.py:2915} INFO - Sync 1 DAGs
[2023-09-28T18:18:00.259+0000] {logging_mixin.py:151} INFO - [2023-09-28T18:18:00.259+0000] {dag.py:3696} INFO - Setting next_dagrun for example_bash_operator to 2023-09-27T00:00:00+00:00, run_after=2023-09-28T00:00:00+00:00
[2023-09-28T18:18:00.273+0000] {processor.py:179} INFO - Processing /home/airflow/.local/lib/python3.8/site-packages/airflow/example_dags/example_bash_operator.py took 0.073 seconds
[2023-09-28T18:18:30.916+0000] {processor.py:157} INFO - Started process (PID=525) to work on /home/airflow/.local/lib/python3.8/site-packages/airflow/example_dags/example_bash_operator.py
[2023-09-28T18:18:30.918+0000] {processor.py:829} INFO - Processing file /home/airflow/.local/lib/python3.8/site-packages/airflow/example_dags/example_bash_operator.py for tasks to queue
[2023-09-28T18:18:30.920+0000] {logging_mixin.py:151} INFO - [2023-09-28T18:18:30.920+0000] {dagbag.py:539} INFO - Filling up the DagBag from /home/airflow/.local/lib/python3.8/site-packages/airflow/example_dags/example_bash_operator.py
[2023-09-28T18:18:30.929+0000] {processor.py:839} INFO - DAG(s) dict_keys(['example_bash_operator']) retrieved from /home/airflow/.local/lib/python3.8/site-packages/airflow/example_dags/example_bash_operator.py
[2023-09-28T18:18:30.950+0000] {logging_mixin.py:151} INFO - [2023-09-28T18:18:30.950+0000] {dag.py:2915} INFO - Sync 1 DAGs
[2023-09-28T18:18:30.966+0000] {logging_mixin.py:151} INFO - [2023-09-28T18:18:30.966+0000] {dag.py:3696} INFO - Setting next_dagrun for example_bash_operator to 2023-09-27T00:00:00+00:00, run_after=2023-09-28T00:00:00+00:00
[2023-09-28T18:18:30.979+0000] {processor.py:179} INFO - Processing /home/airflow/.local/lib/python3.8/site-packages/airflow/example_dags/example_bash_operator.py took 0.066 seconds
[2023-09-28T18:19:01.810+0000] {processor.py:157} INFO - Started process (PID=580) to work on /home/airflow/.local/lib/python3.8/site-packages/airflow/example_dags/example_bash_operator.py
[2023-09-28T18:19:01.812+0000] {processor.py:829} INFO - Processing file /home/airflow/.local/lib/python3.8/site-packages/airflow/example_dags/example_bash_operator.py for tasks to queue
[2023-09-28T18:19:01.814+0000] {logging_mixin.py:151} INFO - [2023-09-28T18:19:01.814+0000] {dagbag.py:539} INFO - Filling up the DagBag from /home/airflow/.local/lib/python3.8/site-packages/airflow/example_dags/example_bash_operator.py
[2023-09-28T18:19:01.823+0000] {processor.py:839} INFO - DAG(s) dict_keys(['example_bash_operator']) retrieved from /home/airflow/.local/lib/python3.8/site-packages/airflow/example_dags/example_bash_operator.py
[2023-09-28T18:19:01.846+0000] {logging_mixin.py:151} INFO - [2023-09-28T18:19:01.846+0000] {dag.py:2915} INFO - Sync 1 DAGs
[2023-09-28T18:19:01.865+0000] {logging_mixin.py:151} INFO - [2023-09-28T18:19:01.865+0000] {dag.py:3696} INFO - Setting next_dagrun for example_bash_operator to 2023-09-27T00:00:00+00:00, run_after=2023-09-28T00:00:00+00:00
[2023-09-28T18:19:01.877+0000] {processor.py:179} INFO - Processing /home/airflow/.local/lib/python3.8/site-packages/airflow/example_dags/example_bash_operator.py took 0.070 seconds
[2023-09-28T18:19:32.565+0000] {processor.py:157} INFO - Started process (PID=634) to work on /home/airflow/.local/lib/python3.8/site-packages/airflow/example_dags/example_bash_operator.py
[2023-09-28T18:19:32.567+0000] {processor.py:829} INFO - Processing file /home/airflow/.local/lib/python3.8/site-packages/airflow/example_dags/example_bash_operator.py for tasks to queue
[2023-09-28T18:19:32.570+0000] {logging_mixin.py:151} INFO - [2023-09-28T18:19:32.570+0000] {dagbag.py:539} INFO - Filling up the DagBag from /home/airflow/.local/lib/python3.8/site-packages/airflow/example_dags/example_bash_operator.py
[2023-09-28T18:19:32.578+0000] {processor.py:839} INFO - DAG(s) dict_keys(['example_bash_operator']) retrieved from /home/airflow/.local/lib/python3.8/site-packages/airflow/example_dags/example_bash_operator.py
[2023-09-28T18:19:32.599+0000] {logging_mixin.py:151} INFO - [2023-09-28T18:19:32.599+0000] {dag.py:2915} INFO - Sync 1 DAGs
[2023-09-28T18:19:32.615+0000] {logging_mixin.py:151} INFO - [2023-09-28T18:19:32.615+0000] {dag.py:3696} INFO - Setting next_dagrun for example_bash_operator to 2023-09-27T00:00:00+00:00, run_after=2023-09-28T00:00:00+00:00
[2023-09-28T18:19:32.628+0000] {processor.py:179} INFO - Processing /home/airflow/.local/lib/python3.8/site-packages/airflow/example_dags/example_bash_operator.py took 0.065 seconds
[2023-09-28T18:20:03.270+0000] {processor.py:157} INFO - Started process (PID=688) to work on /home/airflow/.local/lib/python3.8/site-packages/airflow/example_dags/example_bash_operator.py
[2023-09-28T18:20:03.272+0000] {processor.py:829} INFO - Processing file /home/airflow/.local/lib/python3.8/site-packages/airflow/example_dags/example_bash_operator.py for tasks to queue
[2023-09-28T18:20:03.274+0000] {logging_mixin.py:151} INFO - [2023-09-28T18:20:03.274+0000] {dagbag.py:539} INFO - Filling up the DagBag from /home/airflow/.local/lib/python3.8/site-packages/airflow/example_dags/example_bash_operator.py
[2023-09-28T18:20:03.283+0000] {processor.py:839} INFO - DAG(s) dict_keys(['example_bash_operator']) retrieved from /home/airflow/.local/lib/python3.8/site-packages/airflow/example_dags/example_bash_operator.py
[2023-09-28T18:20:03.307+0000] {logging_mixin.py:151} INFO - [2023-09-28T18:20:03.307+0000] {dag.py:2915} INFO - Sync 1 DAGs
[2023-09-28T18:20:03.322+0000] {logging_mixin.py:151} INFO - [2023-09-28T18:20:03.322+0000] {dag.py:3696} INFO - Setting next_dagrun for example_bash_operator to 2023-09-27T00:00:00+00:00, run_after=2023-09-28T00:00:00+00:00
[2023-09-28T18:20:03.337+0000] {processor.py:179} INFO - Processing /home/airflow/.local/lib/python3.8/site-packages/airflow/example_dags/example_bash_operator.py took 0.070 seconds
[2023-09-28T18:20:33.939+0000] {processor.py:157} INFO - Started process (PID=741) to work on /home/airflow/.local/lib/python3.8/site-packages/airflow/example_dags/example_bash_operator.py
[2023-09-28T18:20:33.941+0000] {processor.py:829} INFO - Processing file /home/airflow/.local/lib/python3.8/site-packages/airflow/example_dags/example_bash_operator.py for tasks to queue
[2023-09-28T18:20:33.945+0000] {logging_mixin.py:151} INFO - [2023-09-28T18:20:33.945+0000] {dagbag.py:539} INFO - Filling up the DagBag from /home/airflow/.local/lib/python3.8/site-packages/airflow/example_dags/example_bash_operator.py
[2023-09-28T18:20:33.953+0000] {processor.py:839} INFO - DAG(s) dict_keys(['example_bash_operator']) retrieved from /home/airflow/.local/lib/python3.8/site-packages/airflow/example_dags/example_bash_operator.py
[2023-09-28T18:20:33.976+0000] {logging_mixin.py:151} INFO - [2023-09-28T18:20:33.976+0000] {dag.py:2915} INFO - Sync 1 DAGs
[2023-09-28T18:20:33.992+0000] {logging_mixin.py:151} INFO - [2023-09-28T18:20:33.992+0000] {dag.py:3696} INFO - Setting next_dagrun for example_bash_operator to 2023-09-27T00:00:00+00:00, run_after=2023-09-28T00:00:00+00:00
[2023-09-28T18:20:34.006+0000] {processor.py:179} INFO - Processing /home/airflow/.local/lib/python3.8/site-packages/airflow/example_dags/example_bash_operator.py took 0.070 seconds
[2023-09-28T18:21:04.562+0000] {processor.py:157} INFO - Started process (PID=795) to work on /home/airflow/.local/lib/python3.8/site-packages/airflow/example_dags/example_bash_operator.py
[2023-09-28T18:21:04.564+0000] {processor.py:829} INFO - Processing file /home/airflow/.local/lib/python3.8/site-packages/airflow/example_dags/example_bash_operator.py for tasks to queue
[2023-09-28T18:21:04.566+0000] {logging_mixin.py:151} INFO - [2023-09-28T18:21:04.566+0000] {dagbag.py:539} INFO - Filling up the DagBag from /home/airflow/.local/lib/python3.8/site-packages/airflow/example_dags/example_bash_operator.py
[2023-09-28T18:21:04.574+0000] {processor.py:839} INFO - DAG(s) dict_keys(['example_bash_operator']) retrieved from /home/airflow/.local/lib/python3.8/site-packages/airflow/example_dags/example_bash_operator.py
[2023-09-28T18:21:04.594+0000] {logging_mixin.py:151} INFO - [2023-09-28T18:21:04.594+0000] {dag.py:2915} INFO - Sync 1 DAGs
[2023-09-28T18:21:04.610+0000] {logging_mixin.py:151} INFO - [2023-09-28T18:21:04.610+0000] {dag.py:3696} INFO - Setting next_dagrun for example_bash_operator to 2023-09-27T00:00:00+00:00, run_after=2023-09-28T00:00:00+00:00
[2023-09-28T18:21:04.624+0000] {processor.py:179} INFO - Processing /home/airflow/.local/lib/python3.8/site-packages/airflow/example_dags/example_bash_operator.py took 0.064 seconds
[2023-09-28T18:21:35.632+0000] {processor.py:157} INFO - Started process (PID=849) to work on /home/airflow/.local/lib/python3.8/site-packages/airflow/example_dags/example_bash_operator.py
[2023-09-28T18:21:35.637+0000] {processor.py:829} INFO - Processing file /home/airflow/.local/lib/python3.8/site-packages/airflow/example_dags/example_bash_operator.py for tasks to queue
[2023-09-28T18:21:35.639+0000] {logging_mixin.py:151} INFO - [2023-09-28T18:21:35.639+0000] {dagbag.py:539} INFO - Filling up the DagBag from /home/airflow/.local/lib/python3.8/site-packages/airflow/example_dags/example_bash_operator.py
[2023-09-28T18:21:35.646+0000] {processor.py:839} INFO - DAG(s) dict_keys(['example_bash_operator']) retrieved from /home/airflow/.local/lib/python3.8/site-packages/airflow/example_dags/example_bash_operator.py
[2023-09-28T18:21:35.669+0000] {logging_mixin.py:151} INFO - [2023-09-28T18:21:35.669+0000] {dag.py:2915} INFO - Sync 1 DAGs
[2023-09-28T18:21:35.685+0000] {logging_mixin.py:151} INFO - [2023-09-28T18:21:35.685+0000] {dag.py:3696} INFO - Setting next_dagrun for example_bash_operator to 2023-09-27T00:00:00+00:00, run_after=2023-09-28T00:00:00+00:00
[2023-09-28T18:21:35.699+0000] {processor.py:179} INFO - Processing /home/airflow/.local/lib/python3.8/site-packages/airflow/example_dags/example_bash_operator.py took 0.070 seconds
[2023-09-28T18:22:06.284+0000] {processor.py:157} INFO - Started process (PID=903) to work on /home/airflow/.local/lib/python3.8/site-packages/airflow/example_dags/example_bash_operator.py
[2023-09-28T18:22:06.286+0000] {processor.py:829} INFO - Processing file /home/airflow/.local/lib/python3.8/site-packages/airflow/example_dags/example_bash_operator.py for tasks to queue
[2023-09-28T18:22:06.289+0000] {logging_mixin.py:151} INFO - [2023-09-28T18:22:06.289+0000] {dagbag.py:539} INFO - Filling up the DagBag from /home/airflow/.local/lib/python3.8/site-packages/airflow/example_dags/example_bash_operator.py
[2023-09-28T18:22:06.297+0000] {processor.py:839} INFO - DAG(s) dict_keys(['example_bash_operator']) retrieved from /home/airflow/.local/lib/python3.8/site-packages/airflow/example_dags/example_bash_operator.py
[2023-09-28T18:22:06.318+0000] {logging_mixin.py:151} INFO - [2023-09-28T18:22:06.318+0000] {dag.py:2915} INFO - Sync 1 DAGs
[2023-09-28T18:22:06.333+0000] {logging_mixin.py:151} INFO - [2023-09-28T18:22:06.332+0000] {dag.py:3696} INFO - Setting next_dagrun for example_bash_operator to 2023-09-27T00:00:00+00:00, run_after=2023-09-28T00:00:00+00:00
[2023-09-28T18:22:06.347+0000] {processor.py:179} INFO - Processing /home/airflow/.local/lib/python3.8/site-packages/airflow/example_dags/example_bash_operator.py took 0.066 seconds
[2023-09-28T18:22:37.161+0000] {processor.py:157} INFO - Started process (PID=956) to work on /home/airflow/.local/lib/python3.8/site-packages/airflow/example_dags/example_bash_operator.py
[2023-09-28T18:22:37.163+0000] {processor.py:829} INFO - Processing file /home/airflow/.local/lib/python3.8/site-packages/airflow/example_dags/example_bash_operator.py for tasks to queue
[2023-09-28T18:22:37.165+0000] {logging_mixin.py:151} INFO - [2023-09-28T18:22:37.165+0000] {dagbag.py:539} INFO - Filling up the DagBag from /home/airflow/.local/lib/python3.8/site-packages/airflow/example_dags/example_bash_operator.py
[2023-09-28T18:22:37.173+0000] {processor.py:839} INFO - DAG(s) dict_keys(['example_bash_operator']) retrieved from /home/airflow/.local/lib/python3.8/site-packages/airflow/example_dags/example_bash_operator.py
[2023-09-28T18:22:37.194+0000] {logging_mixin.py:151} INFO - [2023-09-28T18:22:37.194+0000] {dag.py:2915} INFO - Sync 1 DAGs
[2023-09-28T18:22:37.215+0000] {logging_mixin.py:151} INFO - [2023-09-28T18:22:37.214+0000] {dag.py:3696} INFO - Setting next_dagrun for example_bash_operator to 2023-09-27T00:00:00+00:00, run_after=2023-09-28T00:00:00+00:00
[2023-09-28T18:22:37.228+0000] {processor.py:179} INFO - Processing /home/airflow/.local/lib/python3.8/site-packages/airflow/example_dags/example_bash_operator.py took 0.069 seconds
[2023-09-28T18:23:08.010+0000] {processor.py:157} INFO - Started process (PID=1009) to work on /home/airflow/.local/lib/python3.8/site-packages/airflow/example_dags/example_bash_operator.py
[2023-09-28T18:23:08.012+0000] {processor.py:829} INFO - Processing file /home/airflow/.local/lib/python3.8/site-packages/airflow/example_dags/example_bash_operator.py for tasks to queue
[2023-09-28T18:23:08.015+0000] {logging_mixin.py:151} INFO - [2023-09-28T18:23:08.015+0000] {dagbag.py:539} INFO - Filling up the DagBag from /home/airflow/.local/lib/python3.8/site-packages/airflow/example_dags/example_bash_operator.py
[2023-09-28T18:23:08.023+0000] {processor.py:839} INFO - DAG(s) dict_keys(['example_bash_operator']) retrieved from /home/airflow/.local/lib/python3.8/site-packages/airflow/example_dags/example_bash_operator.py
[2023-09-28T18:23:08.050+0000] {logging_mixin.py:151} INFO - [2023-09-28T18:23:08.050+0000] {dag.py:2915} INFO - Sync 1 DAGs
[2023-09-28T18:23:08.075+0000] {logging_mixin.py:151} INFO - [2023-09-28T18:23:08.074+0000] {dag.py:3696} INFO - Setting next_dagrun for example_bash_operator to 2023-09-27T00:00:00+00:00, run_after=2023-09-28T00:00:00+00:00
[2023-09-28T18:23:08.135+0000] {processor.py:179} INFO - Processing /home/airflow/.local/lib/python3.8/site-packages/airflow/example_dags/example_bash_operator.py took 0.128 seconds
[2023-09-28T18:23:39.113+0000] {processor.py:157} INFO - Started process (PID=1063) to work on /home/airflow/.local/lib/python3.8/site-packages/airflow/example_dags/example_bash_operator.py
[2023-09-28T18:23:39.115+0000] {processor.py:829} INFO - Processing file /home/airflow/.local/lib/python3.8/site-packages/airflow/example_dags/example_bash_operator.py for tasks to queue
[2023-09-28T18:23:39.118+0000] {logging_mixin.py:151} INFO - [2023-09-28T18:23:39.118+0000] {dagbag.py:539} INFO - Filling up the DagBag from /home/airflow/.local/lib/python3.8/site-packages/airflow/example_dags/example_bash_operator.py
[2023-09-28T18:23:39.129+0000] {processor.py:839} INFO - DAG(s) dict_keys(['example_bash_operator']) retrieved from /home/airflow/.local/lib/python3.8/site-packages/airflow/example_dags/example_bash_operator.py
[2023-09-28T18:23:39.149+0000] {logging_mixin.py:151} INFO - [2023-09-28T18:23:39.149+0000] {dag.py:2915} INFO - Sync 1 DAGs
[2023-09-28T18:23:39.164+0000] {logging_mixin.py:151} INFO - [2023-09-28T18:23:39.164+0000] {dag.py:3696} INFO - Setting next_dagrun for example_bash_operator to 2023-09-27T00:00:00+00:00, run_after=2023-09-28T00:00:00+00:00
[2023-09-28T18:23:39.177+0000] {processor.py:179} INFO - Processing /home/airflow/.local/lib/python3.8/site-packages/airflow/example_dags/example_bash_operator.py took 0.066 seconds
[2023-09-28T18:34:42.557+0000] {processor.py:157} INFO - Started process (PID=40) to work on /home/airflow/.local/lib/python3.8/site-packages/airflow/example_dags/example_bash_operator.py
[2023-09-28T18:34:42.559+0000] {processor.py:829} INFO - Processing file /home/airflow/.local/lib/python3.8/site-packages/airflow/example_dags/example_bash_operator.py for tasks to queue
[2023-09-28T18:34:42.562+0000] {logging_mixin.py:151} INFO - [2023-09-28T18:34:42.562+0000] {dagbag.py:539} INFO - Filling up the DagBag from /home/airflow/.local/lib/python3.8/site-packages/airflow/example_dags/example_bash_operator.py
[2023-09-28T18:34:42.574+0000] {processor.py:839} INFO - DAG(s) dict_keys(['example_bash_operator']) retrieved from /home/airflow/.local/lib/python3.8/site-packages/airflow/example_dags/example_bash_operator.py
[2023-09-28T18:34:42.584+0000] {logging_mixin.py:151} INFO - [2023-09-28T18:34:42.584+0000] {dag.py:2915} INFO - Sync 1 DAGs
[2023-09-28T18:34:42.640+0000] {logging_mixin.py:151} INFO - [2023-09-28T18:34:42.640+0000] {dag.py:3696} INFO - Setting next_dagrun for example_bash_operator to 2023-09-27T00:00:00+00:00, run_after=2023-09-28T00:00:00+00:00
[2023-09-28T18:34:42.655+0000] {processor.py:179} INFO - Processing /home/airflow/.local/lib/python3.8/site-packages/airflow/example_dags/example_bash_operator.py took 0.100 seconds
[2023-09-28T18:35:12.966+0000] {processor.py:157} INFO - Started process (PID=93) to work on /home/airflow/.local/lib/python3.8/site-packages/airflow/example_dags/example_bash_operator.py
[2023-09-28T18:35:12.968+0000] {processor.py:829} INFO - Processing file /home/airflow/.local/lib/python3.8/site-packages/airflow/example_dags/example_bash_operator.py for tasks to queue
[2023-09-28T18:35:12.974+0000] {logging_mixin.py:151} INFO - [2023-09-28T18:35:12.974+0000] {dagbag.py:539} INFO - Filling up the DagBag from /home/airflow/.local/lib/python3.8/site-packages/airflow/example_dags/example_bash_operator.py
[2023-09-28T18:35:12.983+0000] {processor.py:839} INFO - DAG(s) dict_keys(['example_bash_operator']) retrieved from /home/airflow/.local/lib/python3.8/site-packages/airflow/example_dags/example_bash_operator.py
[2023-09-28T18:35:13.013+0000] {logging_mixin.py:151} INFO - [2023-09-28T18:35:13.013+0000] {dag.py:2915} INFO - Sync 1 DAGs
[2023-09-28T18:35:13.033+0000] {logging_mixin.py:151} INFO - [2023-09-28T18:35:13.033+0000] {dag.py:3696} INFO - Setting next_dagrun for example_bash_operator to 2023-09-27T00:00:00+00:00, run_after=2023-09-28T00:00:00+00:00
[2023-09-28T18:35:13.050+0000] {processor.py:179} INFO - Processing /home/airflow/.local/lib/python3.8/site-packages/airflow/example_dags/example_bash_operator.py took 0.087 seconds
[2023-09-28T18:35:43.201+0000] {processor.py:157} INFO - Started process (PID=147) to work on /home/airflow/.local/lib/python3.8/site-packages/airflow/example_dags/example_bash_operator.py
[2023-09-28T18:35:43.205+0000] {processor.py:829} INFO - Processing file /home/airflow/.local/lib/python3.8/site-packages/airflow/example_dags/example_bash_operator.py for tasks to queue
[2023-09-28T18:35:43.212+0000] {logging_mixin.py:151} INFO - [2023-09-28T18:35:43.211+0000] {dagbag.py:539} INFO - Filling up the DagBag from /home/airflow/.local/lib/python3.8/site-packages/airflow/example_dags/example_bash_operator.py
[2023-09-28T18:35:43.243+0000] {processor.py:839} INFO - DAG(s) dict_keys(['example_bash_operator']) retrieved from /home/airflow/.local/lib/python3.8/site-packages/airflow/example_dags/example_bash_operator.py
[2023-09-28T18:35:43.281+0000] {logging_mixin.py:151} INFO - [2023-09-28T18:35:43.281+0000] {dag.py:2915} INFO - Sync 1 DAGs
[2023-09-28T18:35:43.304+0000] {logging_mixin.py:151} INFO - [2023-09-28T18:35:43.304+0000] {dag.py:3696} INFO - Setting next_dagrun for example_bash_operator to 2023-09-27T00:00:00+00:00, run_after=2023-09-28T00:00:00+00:00
[2023-09-28T18:35:43.319+0000] {processor.py:179} INFO - Processing /home/airflow/.local/lib/python3.8/site-packages/airflow/example_dags/example_bash_operator.py took 0.121 seconds
[2023-09-28T18:36:13.380+0000] {processor.py:157} INFO - Started process (PID=201) to work on /home/airflow/.local/lib/python3.8/site-packages/airflow/example_dags/example_bash_operator.py
[2023-09-28T18:36:13.382+0000] {processor.py:829} INFO - Processing file /home/airflow/.local/lib/python3.8/site-packages/airflow/example_dags/example_bash_operator.py for tasks to queue
[2023-09-28T18:36:13.384+0000] {logging_mixin.py:151} INFO - [2023-09-28T18:36:13.384+0000] {dagbag.py:539} INFO - Filling up the DagBag from /home/airflow/.local/lib/python3.8/site-packages/airflow/example_dags/example_bash_operator.py
[2023-09-28T18:36:13.392+0000] {processor.py:839} INFO - DAG(s) dict_keys(['example_bash_operator']) retrieved from /home/airflow/.local/lib/python3.8/site-packages/airflow/example_dags/example_bash_operator.py
[2023-09-28T18:36:13.416+0000] {logging_mixin.py:151} INFO - [2023-09-28T18:36:13.416+0000] {dag.py:2915} INFO - Sync 1 DAGs
[2023-09-28T18:36:13.435+0000] {logging_mixin.py:151} INFO - [2023-09-28T18:36:13.435+0000] {dag.py:3696} INFO - Setting next_dagrun for example_bash_operator to 2023-09-27T00:00:00+00:00, run_after=2023-09-28T00:00:00+00:00
[2023-09-28T18:36:13.451+0000] {processor.py:179} INFO - Processing /home/airflow/.local/lib/python3.8/site-packages/airflow/example_dags/example_bash_operator.py took 0.074 seconds
