[2023-09-28T18:05:28.181+0000] {processor.py:157} INFO - Started process (PID=48) to work on /home/airflow/.local/lib/python3.8/site-packages/airflow/example_dags/example_dag_decorator.py
[2023-09-28T18:05:28.184+0000] {processor.py:829} INFO - Processing file /home/airflow/.local/lib/python3.8/site-packages/airflow/example_dags/example_dag_decorator.py for tasks to queue
[2023-09-28T18:05:28.187+0000] {logging_mixin.py:151} INFO - [2023-09-28T18:05:28.187+0000] {dagbag.py:539} INFO - Filling up the DagBag from /home/airflow/.local/lib/python3.8/site-packages/airflow/example_dags/example_dag_decorator.py
[2023-09-28T18:05:28.303+0000] {processor.py:839} INFO - DAG(s) dict_keys(['example_dag_decorator']) retrieved from /home/airflow/.local/lib/python3.8/site-packages/airflow/example_dags/example_dag_decorator.py
[2023-09-28T18:05:28.321+0000] {logging_mixin.py:151} INFO - [2023-09-28T18:05:28.321+0000] {dag.py:2915} INFO - Sync 1 DAGs
[2023-09-28T18:05:28.333+0000] {logging_mixin.py:151} INFO - [2023-09-28T18:05:28.333+0000] {dag.py:3696} INFO - Setting next_dagrun for example_dag_decorator to None, run_after=None
[2023-09-28T18:05:28.351+0000] {processor.py:179} INFO - Processing /home/airflow/.local/lib/python3.8/site-packages/airflow/example_dags/example_dag_decorator.py took 0.176 seconds
[2023-09-28T18:05:59.224+0000] {processor.py:157} INFO - Started process (PID=101) to work on /home/airflow/.local/lib/python3.8/site-packages/airflow/example_dags/example_dag_decorator.py
[2023-09-28T18:05:59.226+0000] {processor.py:829} INFO - Processing file /home/airflow/.local/lib/python3.8/site-packages/airflow/example_dags/example_dag_decorator.py for tasks to queue
[2023-09-28T18:05:59.228+0000] {logging_mixin.py:151} INFO - [2023-09-28T18:05:59.228+0000] {dagbag.py:539} INFO - Filling up the DagBag from /home/airflow/.local/lib/python3.8/site-packages/airflow/example_dags/example_dag_decorator.py
[2023-09-28T18:05:59.271+0000] {processor.py:839} INFO - DAG(s) dict_keys(['example_dag_decorator']) retrieved from /home/airflow/.local/lib/python3.8/site-packages/airflow/example_dags/example_dag_decorator.py
[2023-09-28T18:05:59.398+0000] {logging_mixin.py:151} INFO - [2023-09-28T18:05:59.398+0000] {security.py:708} INFO - Not syncing DAG-level permissions for DAG 'DAG:example_dag_decorator' as access control is unset.
[2023-09-28T18:05:59.399+0000] {logging_mixin.py:151} INFO - [2023-09-28T18:05:59.399+0000] {dag.py:2915} INFO - Sync 1 DAGs
[2023-09-28T18:05:59.411+0000] {logging_mixin.py:151} INFO - [2023-09-28T18:05:59.411+0000] {dag.py:3696} INFO - Setting next_dagrun for example_dag_decorator to None, run_after=None
[2023-09-28T18:05:59.424+0000] {processor.py:179} INFO - Processing /home/airflow/.local/lib/python3.8/site-packages/airflow/example_dags/example_dag_decorator.py took 0.202 seconds
[2023-09-28T18:06:30.175+0000] {processor.py:157} INFO - Started process (PID=155) to work on /home/airflow/.local/lib/python3.8/site-packages/airflow/example_dags/example_dag_decorator.py
[2023-09-28T18:06:30.179+0000] {processor.py:829} INFO - Processing file /home/airflow/.local/lib/python3.8/site-packages/airflow/example_dags/example_dag_decorator.py for tasks to queue
[2023-09-28T18:06:30.184+0000] {logging_mixin.py:151} INFO - [2023-09-28T18:06:30.184+0000] {dagbag.py:539} INFO - Filling up the DagBag from /home/airflow/.local/lib/python3.8/site-packages/airflow/example_dags/example_dag_decorator.py
[2023-09-28T18:06:30.224+0000] {processor.py:839} INFO - DAG(s) dict_keys(['example_dag_decorator']) retrieved from /home/airflow/.local/lib/python3.8/site-packages/airflow/example_dags/example_dag_decorator.py
[2023-09-28T18:06:30.278+0000] {logging_mixin.py:151} INFO - [2023-09-28T18:06:30.278+0000] {security.py:708} INFO - Not syncing DAG-level permissions for DAG 'DAG:example_dag_decorator' as access control is unset.
[2023-09-28T18:06:30.280+0000] {logging_mixin.py:151} INFO - [2023-09-28T18:06:30.279+0000] {dag.py:2915} INFO - Sync 1 DAGs
[2023-09-28T18:06:30.288+0000] {logging_mixin.py:151} INFO - [2023-09-28T18:06:30.288+0000] {dag.py:3696} INFO - Setting next_dagrun for example_dag_decorator to None, run_after=None
[2023-09-28T18:06:30.306+0000] {processor.py:179} INFO - Processing /home/airflow/.local/lib/python3.8/site-packages/airflow/example_dags/example_dag_decorator.py took 0.134 seconds
[2023-09-28T18:07:00.463+0000] {processor.py:157} INFO - Started process (PID=209) to work on /home/airflow/.local/lib/python3.8/site-packages/airflow/example_dags/example_dag_decorator.py
[2023-09-28T18:07:00.465+0000] {processor.py:829} INFO - Processing file /home/airflow/.local/lib/python3.8/site-packages/airflow/example_dags/example_dag_decorator.py for tasks to queue
[2023-09-28T18:07:00.468+0000] {logging_mixin.py:151} INFO - [2023-09-28T18:07:00.467+0000] {dagbag.py:539} INFO - Filling up the DagBag from /home/airflow/.local/lib/python3.8/site-packages/airflow/example_dags/example_dag_decorator.py
[2023-09-28T18:07:00.512+0000] {processor.py:839} INFO - DAG(s) dict_keys(['example_dag_decorator']) retrieved from /home/airflow/.local/lib/python3.8/site-packages/airflow/example_dags/example_dag_decorator.py
[2023-09-28T18:07:00.577+0000] {logging_mixin.py:151} INFO - [2023-09-28T18:07:00.577+0000] {security.py:708} INFO - Not syncing DAG-level permissions for DAG 'DAG:example_dag_decorator' as access control is unset.
[2023-09-28T18:07:00.579+0000] {logging_mixin.py:151} INFO - [2023-09-28T18:07:00.578+0000] {dag.py:2915} INFO - Sync 1 DAGs
[2023-09-28T18:07:00.585+0000] {logging_mixin.py:151} INFO - [2023-09-28T18:07:00.585+0000] {dag.py:3696} INFO - Setting next_dagrun for example_dag_decorator to None, run_after=None
[2023-09-28T18:07:00.599+0000] {processor.py:179} INFO - Processing /home/airflow/.local/lib/python3.8/site-packages/airflow/example_dags/example_dag_decorator.py took 0.139 seconds
[2023-09-28T18:07:31.178+0000] {processor.py:157} INFO - Started process (PID=263) to work on /home/airflow/.local/lib/python3.8/site-packages/airflow/example_dags/example_dag_decorator.py
[2023-09-28T18:07:31.180+0000] {processor.py:829} INFO - Processing file /home/airflow/.local/lib/python3.8/site-packages/airflow/example_dags/example_dag_decorator.py for tasks to queue
[2023-09-28T18:07:31.182+0000] {logging_mixin.py:151} INFO - [2023-09-28T18:07:31.182+0000] {dagbag.py:539} INFO - Filling up the DagBag from /home/airflow/.local/lib/python3.8/site-packages/airflow/example_dags/example_dag_decorator.py
[2023-09-28T18:07:31.227+0000] {processor.py:839} INFO - DAG(s) dict_keys(['example_dag_decorator']) retrieved from /home/airflow/.local/lib/python3.8/site-packages/airflow/example_dags/example_dag_decorator.py
[2023-09-28T18:07:31.292+0000] {logging_mixin.py:151} INFO - [2023-09-28T18:07:31.292+0000] {security.py:708} INFO - Not syncing DAG-level permissions for DAG 'DAG:example_dag_decorator' as access control is unset.
[2023-09-28T18:07:31.293+0000] {logging_mixin.py:151} INFO - [2023-09-28T18:07:31.293+0000] {dag.py:2915} INFO - Sync 1 DAGs
[2023-09-28T18:07:31.300+0000] {logging_mixin.py:151} INFO - [2023-09-28T18:07:31.300+0000] {dag.py:3696} INFO - Setting next_dagrun for example_dag_decorator to None, run_after=None
[2023-09-28T18:07:31.316+0000] {processor.py:179} INFO - Processing /home/airflow/.local/lib/python3.8/site-packages/airflow/example_dags/example_dag_decorator.py took 0.140 seconds
[2023-09-28T18:08:02.034+0000] {processor.py:157} INFO - Started process (PID=317) to work on /home/airflow/.local/lib/python3.8/site-packages/airflow/example_dags/example_dag_decorator.py
[2023-09-28T18:08:02.036+0000] {processor.py:829} INFO - Processing file /home/airflow/.local/lib/python3.8/site-packages/airflow/example_dags/example_dag_decorator.py for tasks to queue
[2023-09-28T18:08:02.038+0000] {logging_mixin.py:151} INFO - [2023-09-28T18:08:02.038+0000] {dagbag.py:539} INFO - Filling up the DagBag from /home/airflow/.local/lib/python3.8/site-packages/airflow/example_dags/example_dag_decorator.py
[2023-09-28T18:08:02.073+0000] {processor.py:839} INFO - DAG(s) dict_keys(['example_dag_decorator']) retrieved from /home/airflow/.local/lib/python3.8/site-packages/airflow/example_dags/example_dag_decorator.py
[2023-09-28T18:08:02.093+0000] {logging_mixin.py:151} INFO - [2023-09-28T18:08:02.093+0000] {dag.py:2915} INFO - Sync 1 DAGs
[2023-09-28T18:08:02.100+0000] {logging_mixin.py:151} INFO - [2023-09-28T18:08:02.100+0000] {dag.py:3696} INFO - Setting next_dagrun for example_dag_decorator to None, run_after=None
[2023-09-28T18:08:02.113+0000] {processor.py:179} INFO - Processing /home/airflow/.local/lib/python3.8/site-packages/airflow/example_dags/example_dag_decorator.py took 0.082 seconds
[2023-09-28T18:08:32.159+0000] {processor.py:157} INFO - Started process (PID=371) to work on /home/airflow/.local/lib/python3.8/site-packages/airflow/example_dags/example_dag_decorator.py
[2023-09-28T18:08:32.161+0000] {processor.py:829} INFO - Processing file /home/airflow/.local/lib/python3.8/site-packages/airflow/example_dags/example_dag_decorator.py for tasks to queue
[2023-09-28T18:08:32.164+0000] {logging_mixin.py:151} INFO - [2023-09-28T18:08:32.163+0000] {dagbag.py:539} INFO - Filling up the DagBag from /home/airflow/.local/lib/python3.8/site-packages/airflow/example_dags/example_dag_decorator.py
[2023-09-28T18:08:32.207+0000] {processor.py:839} INFO - DAG(s) dict_keys(['example_dag_decorator']) retrieved from /home/airflow/.local/lib/python3.8/site-packages/airflow/example_dags/example_dag_decorator.py
[2023-09-28T18:08:32.275+0000] {logging_mixin.py:151} INFO - [2023-09-28T18:08:32.275+0000] {security.py:708} INFO - Not syncing DAG-level permissions for DAG 'DAG:example_dag_decorator' as access control is unset.
[2023-09-28T18:08:32.277+0000] {logging_mixin.py:151} INFO - [2023-09-28T18:08:32.277+0000] {dag.py:2915} INFO - Sync 1 DAGs
[2023-09-28T18:08:32.285+0000] {logging_mixin.py:151} INFO - [2023-09-28T18:08:32.285+0000] {dag.py:3696} INFO - Setting next_dagrun for example_dag_decorator to None, run_after=None
[2023-09-28T18:08:32.301+0000] {processor.py:179} INFO - Processing /home/airflow/.local/lib/python3.8/site-packages/airflow/example_dags/example_dag_decorator.py took 0.145 seconds
[2023-09-28T18:09:03.006+0000] {processor.py:157} INFO - Started process (PID=425) to work on /home/airflow/.local/lib/python3.8/site-packages/airflow/example_dags/example_dag_decorator.py
[2023-09-28T18:09:03.008+0000] {processor.py:829} INFO - Processing file /home/airflow/.local/lib/python3.8/site-packages/airflow/example_dags/example_dag_decorator.py for tasks to queue
[2023-09-28T18:09:03.012+0000] {logging_mixin.py:151} INFO - [2023-09-28T18:09:03.011+0000] {dagbag.py:539} INFO - Filling up the DagBag from /home/airflow/.local/lib/python3.8/site-packages/airflow/example_dags/example_dag_decorator.py
[2023-09-28T18:09:03.049+0000] {processor.py:839} INFO - DAG(s) dict_keys(['example_dag_decorator']) retrieved from /home/airflow/.local/lib/python3.8/site-packages/airflow/example_dags/example_dag_decorator.py
[2023-09-28T18:09:03.103+0000] {logging_mixin.py:151} INFO - [2023-09-28T18:09:03.103+0000] {security.py:708} INFO - Not syncing DAG-level permissions for DAG 'DAG:example_dag_decorator' as access control is unset.
[2023-09-28T18:09:03.104+0000] {logging_mixin.py:151} INFO - [2023-09-28T18:09:03.104+0000] {dag.py:2915} INFO - Sync 1 DAGs
[2023-09-28T18:09:03.111+0000] {logging_mixin.py:151} INFO - [2023-09-28T18:09:03.111+0000] {dag.py:3696} INFO - Setting next_dagrun for example_dag_decorator to None, run_after=None
[2023-09-28T18:09:03.124+0000] {processor.py:179} INFO - Processing /home/airflow/.local/lib/python3.8/site-packages/airflow/example_dags/example_dag_decorator.py took 0.120 seconds
[2023-09-28T18:09:33.754+0000] {processor.py:157} INFO - Started process (PID=478) to work on /home/airflow/.local/lib/python3.8/site-packages/airflow/example_dags/example_dag_decorator.py
[2023-09-28T18:09:33.756+0000] {processor.py:829} INFO - Processing file /home/airflow/.local/lib/python3.8/site-packages/airflow/example_dags/example_dag_decorator.py for tasks to queue
[2023-09-28T18:09:33.758+0000] {logging_mixin.py:151} INFO - [2023-09-28T18:09:33.758+0000] {dagbag.py:539} INFO - Filling up the DagBag from /home/airflow/.local/lib/python3.8/site-packages/airflow/example_dags/example_dag_decorator.py
[2023-09-28T18:09:33.797+0000] {processor.py:839} INFO - DAG(s) dict_keys(['example_dag_decorator']) retrieved from /home/airflow/.local/lib/python3.8/site-packages/airflow/example_dags/example_dag_decorator.py
[2023-09-28T18:09:33.852+0000] {logging_mixin.py:151} INFO - [2023-09-28T18:09:33.852+0000] {security.py:708} INFO - Not syncing DAG-level permissions for DAG 'DAG:example_dag_decorator' as access control is unset.
[2023-09-28T18:09:33.853+0000] {logging_mixin.py:151} INFO - [2023-09-28T18:09:33.853+0000] {dag.py:2915} INFO - Sync 1 DAGs
[2023-09-28T18:09:33.861+0000] {logging_mixin.py:151} INFO - [2023-09-28T18:09:33.861+0000] {dag.py:3696} INFO - Setting next_dagrun for example_dag_decorator to None, run_after=None
[2023-09-28T18:09:33.873+0000] {processor.py:179} INFO - Processing /home/airflow/.local/lib/python3.8/site-packages/airflow/example_dags/example_dag_decorator.py took 0.120 seconds
[2023-09-28T18:10:04.584+0000] {processor.py:157} INFO - Started process (PID=532) to work on /home/airflow/.local/lib/python3.8/site-packages/airflow/example_dags/example_dag_decorator.py
[2023-09-28T18:10:04.586+0000] {processor.py:829} INFO - Processing file /home/airflow/.local/lib/python3.8/site-packages/airflow/example_dags/example_dag_decorator.py for tasks to queue
[2023-09-28T18:10:04.588+0000] {logging_mixin.py:151} INFO - [2023-09-28T18:10:04.588+0000] {dagbag.py:539} INFO - Filling up the DagBag from /home/airflow/.local/lib/python3.8/site-packages/airflow/example_dags/example_dag_decorator.py
[2023-09-28T18:10:04.629+0000] {processor.py:839} INFO - DAG(s) dict_keys(['example_dag_decorator']) retrieved from /home/airflow/.local/lib/python3.8/site-packages/airflow/example_dags/example_dag_decorator.py
[2023-09-28T18:10:04.695+0000] {logging_mixin.py:151} INFO - [2023-09-28T18:10:04.695+0000] {security.py:708} INFO - Not syncing DAG-level permissions for DAG 'DAG:example_dag_decorator' as access control is unset.
[2023-09-28T18:10:04.697+0000] {logging_mixin.py:151} INFO - [2023-09-28T18:10:04.697+0000] {dag.py:2915} INFO - Sync 1 DAGs
[2023-09-28T18:10:04.704+0000] {logging_mixin.py:151} INFO - [2023-09-28T18:10:04.704+0000] {dag.py:3696} INFO - Setting next_dagrun for example_dag_decorator to None, run_after=None
[2023-09-28T18:10:04.717+0000] {processor.py:179} INFO - Processing /home/airflow/.local/lib/python3.8/site-packages/airflow/example_dags/example_dag_decorator.py took 0.136 seconds
[2023-09-28T18:10:35.380+0000] {processor.py:157} INFO - Started process (PID=586) to work on /home/airflow/.local/lib/python3.8/site-packages/airflow/example_dags/example_dag_decorator.py
[2023-09-28T18:10:35.382+0000] {processor.py:829} INFO - Processing file /home/airflow/.local/lib/python3.8/site-packages/airflow/example_dags/example_dag_decorator.py for tasks to queue
[2023-09-28T18:10:35.384+0000] {logging_mixin.py:151} INFO - [2023-09-28T18:10:35.384+0000] {dagbag.py:539} INFO - Filling up the DagBag from /home/airflow/.local/lib/python3.8/site-packages/airflow/example_dags/example_dag_decorator.py
[2023-09-28T18:10:35.424+0000] {processor.py:839} INFO - DAG(s) dict_keys(['example_dag_decorator']) retrieved from /home/airflow/.local/lib/python3.8/site-packages/airflow/example_dags/example_dag_decorator.py
[2023-09-28T18:10:35.484+0000] {logging_mixin.py:151} INFO - [2023-09-28T18:10:35.484+0000] {security.py:708} INFO - Not syncing DAG-level permissions for DAG 'DAG:example_dag_decorator' as access control is unset.
[2023-09-28T18:10:35.486+0000] {logging_mixin.py:151} INFO - [2023-09-28T18:10:35.486+0000] {dag.py:2915} INFO - Sync 1 DAGs
[2023-09-28T18:10:35.493+0000] {logging_mixin.py:151} INFO - [2023-09-28T18:10:35.493+0000] {dag.py:3696} INFO - Setting next_dagrun for example_dag_decorator to None, run_after=None
[2023-09-28T18:10:35.503+0000] {processor.py:179} INFO - Processing /home/airflow/.local/lib/python3.8/site-packages/airflow/example_dags/example_dag_decorator.py took 0.126 seconds
[2023-09-28T18:11:06.591+0000] {processor.py:157} INFO - Started process (PID=640) to work on /home/airflow/.local/lib/python3.8/site-packages/airflow/example_dags/example_dag_decorator.py
[2023-09-28T18:11:06.593+0000] {processor.py:829} INFO - Processing file /home/airflow/.local/lib/python3.8/site-packages/airflow/example_dags/example_dag_decorator.py for tasks to queue
[2023-09-28T18:11:06.596+0000] {logging_mixin.py:151} INFO - [2023-09-28T18:11:06.596+0000] {dagbag.py:539} INFO - Filling up the DagBag from /home/airflow/.local/lib/python3.8/site-packages/airflow/example_dags/example_dag_decorator.py
[2023-09-28T18:11:06.665+0000] {processor.py:839} INFO - DAG(s) dict_keys(['example_dag_decorator']) retrieved from /home/airflow/.local/lib/python3.8/site-packages/airflow/example_dags/example_dag_decorator.py
[2023-09-28T18:11:06.741+0000] {logging_mixin.py:151} INFO - [2023-09-28T18:11:06.741+0000] {security.py:708} INFO - Not syncing DAG-level permissions for DAG 'DAG:example_dag_decorator' as access control is unset.
[2023-09-28T18:11:06.742+0000] {logging_mixin.py:151} INFO - [2023-09-28T18:11:06.742+0000] {dag.py:2915} INFO - Sync 1 DAGs
[2023-09-28T18:11:06.758+0000] {logging_mixin.py:151} INFO - [2023-09-28T18:11:06.757+0000] {dag.py:3696} INFO - Setting next_dagrun for example_dag_decorator to None, run_after=None
[2023-09-28T18:11:06.772+0000] {processor.py:179} INFO - Processing /home/airflow/.local/lib/python3.8/site-packages/airflow/example_dags/example_dag_decorator.py took 0.183 seconds
[2023-09-28T18:13:55.679+0000] {processor.py:157} INFO - Started process (PID=47) to work on /home/airflow/.local/lib/python3.8/site-packages/airflow/example_dags/example_dag_decorator.py
[2023-09-28T18:13:55.682+0000] {processor.py:829} INFO - Processing file /home/airflow/.local/lib/python3.8/site-packages/airflow/example_dags/example_dag_decorator.py for tasks to queue
[2023-09-28T18:13:55.688+0000] {logging_mixin.py:151} INFO - [2023-09-28T18:13:55.687+0000] {dagbag.py:539} INFO - Filling up the DagBag from /home/airflow/.local/lib/python3.8/site-packages/airflow/example_dags/example_dag_decorator.py
[2023-09-28T18:13:55.813+0000] {processor.py:839} INFO - DAG(s) dict_keys(['example_dag_decorator']) retrieved from /home/airflow/.local/lib/python3.8/site-packages/airflow/example_dags/example_dag_decorator.py
[2023-09-28T18:13:55.903+0000] {logging_mixin.py:151} INFO - [2023-09-28T18:13:55.903+0000] {manager.py:499} INFO - Created Permission View: %s
[2023-09-28T18:13:55.913+0000] {logging_mixin.py:151} INFO - [2023-09-28T18:13:55.913+0000] {manager.py:499} INFO - Created Permission View: %s
[2023-09-28T18:13:55.918+0000] {logging_mixin.py:151} INFO - [2023-09-28T18:13:55.918+0000] {manager.py:499} INFO - Created Permission View: %s
[2023-09-28T18:13:55.919+0000] {logging_mixin.py:151} INFO - [2023-09-28T18:13:55.919+0000] {security.py:708} INFO - Not syncing DAG-level permissions for DAG 'DAG:example_dag_decorator' as access control is unset.
[2023-09-28T18:13:55.921+0000] {logging_mixin.py:151} INFO - [2023-09-28T18:13:55.920+0000] {dag.py:2915} INFO - Sync 1 DAGs
[2023-09-28T18:13:55.929+0000] {logging_mixin.py:151} INFO - [2023-09-28T18:13:55.929+0000] {dag.py:2937} INFO - Creating ORM DAG for example_dag_decorator
[2023-09-28T18:13:55.931+0000] {logging_mixin.py:151} INFO - [2023-09-28T18:13:55.930+0000] {dag.py:3696} INFO - Setting next_dagrun for example_dag_decorator to None, run_after=None
[2023-09-28T18:13:55.946+0000] {processor.py:179} INFO - Processing /home/airflow/.local/lib/python3.8/site-packages/airflow/example_dags/example_dag_decorator.py took 0.273 seconds
[2023-09-28T18:14:26.539+0000] {processor.py:157} INFO - Started process (PID=101) to work on /home/airflow/.local/lib/python3.8/site-packages/airflow/example_dags/example_dag_decorator.py
[2023-09-28T18:14:26.541+0000] {processor.py:829} INFO - Processing file /home/airflow/.local/lib/python3.8/site-packages/airflow/example_dags/example_dag_decorator.py for tasks to queue
[2023-09-28T18:14:26.545+0000] {logging_mixin.py:151} INFO - [2023-09-28T18:14:26.545+0000] {dagbag.py:539} INFO - Filling up the DagBag from /home/airflow/.local/lib/python3.8/site-packages/airflow/example_dags/example_dag_decorator.py
[2023-09-28T18:14:26.596+0000] {processor.py:839} INFO - DAG(s) dict_keys(['example_dag_decorator']) retrieved from /home/airflow/.local/lib/python3.8/site-packages/airflow/example_dags/example_dag_decorator.py
[2023-09-28T18:14:26.678+0000] {logging_mixin.py:151} INFO - [2023-09-28T18:14:26.678+0000] {security.py:708} INFO - Not syncing DAG-level permissions for DAG 'DAG:example_dag_decorator' as access control is unset.
[2023-09-28T18:14:26.679+0000] {logging_mixin.py:151} INFO - [2023-09-28T18:14:26.679+0000] {dag.py:2915} INFO - Sync 1 DAGs
[2023-09-28T18:14:26.688+0000] {logging_mixin.py:151} INFO - [2023-09-28T18:14:26.687+0000] {dag.py:3696} INFO - Setting next_dagrun for example_dag_decorator to None, run_after=None
[2023-09-28T18:14:26.701+0000] {processor.py:179} INFO - Processing /home/airflow/.local/lib/python3.8/site-packages/airflow/example_dags/example_dag_decorator.py took 0.165 seconds
[2023-09-28T18:14:57.304+0000] {processor.py:157} INFO - Started process (PID=155) to work on /home/airflow/.local/lib/python3.8/site-packages/airflow/example_dags/example_dag_decorator.py
[2023-09-28T18:14:57.307+0000] {processor.py:829} INFO - Processing file /home/airflow/.local/lib/python3.8/site-packages/airflow/example_dags/example_dag_decorator.py for tasks to queue
[2023-09-28T18:14:57.312+0000] {logging_mixin.py:151} INFO - [2023-09-28T18:14:57.312+0000] {dagbag.py:539} INFO - Filling up the DagBag from /home/airflow/.local/lib/python3.8/site-packages/airflow/example_dags/example_dag_decorator.py
[2023-09-28T18:14:57.368+0000] {processor.py:839} INFO - DAG(s) dict_keys(['example_dag_decorator']) retrieved from /home/airflow/.local/lib/python3.8/site-packages/airflow/example_dags/example_dag_decorator.py
[2023-09-28T18:14:57.435+0000] {logging_mixin.py:151} INFO - [2023-09-28T18:14:57.435+0000] {security.py:708} INFO - Not syncing DAG-level permissions for DAG 'DAG:example_dag_decorator' as access control is unset.
[2023-09-28T18:14:57.436+0000] {logging_mixin.py:151} INFO - [2023-09-28T18:14:57.436+0000] {dag.py:2915} INFO - Sync 1 DAGs
[2023-09-28T18:14:57.444+0000] {logging_mixin.py:151} INFO - [2023-09-28T18:14:57.444+0000] {dag.py:3696} INFO - Setting next_dagrun for example_dag_decorator to None, run_after=None
[2023-09-28T18:14:57.459+0000] {processor.py:179} INFO - Processing /home/airflow/.local/lib/python3.8/site-packages/airflow/example_dags/example_dag_decorator.py took 0.158 seconds
[2023-09-28T18:15:27.973+0000] {processor.py:157} INFO - Started process (PID=209) to work on /home/airflow/.local/lib/python3.8/site-packages/airflow/example_dags/example_dag_decorator.py
[2023-09-28T18:15:27.977+0000] {processor.py:829} INFO - Processing file /home/airflow/.local/lib/python3.8/site-packages/airflow/example_dags/example_dag_decorator.py for tasks to queue
[2023-09-28T18:15:27.979+0000] {logging_mixin.py:151} INFO - [2023-09-28T18:15:27.979+0000] {dagbag.py:539} INFO - Filling up the DagBag from /home/airflow/.local/lib/python3.8/site-packages/airflow/example_dags/example_dag_decorator.py
[2023-09-28T18:15:28.022+0000] {processor.py:839} INFO - DAG(s) dict_keys(['example_dag_decorator']) retrieved from /home/airflow/.local/lib/python3.8/site-packages/airflow/example_dags/example_dag_decorator.py
[2023-09-28T18:15:28.097+0000] {logging_mixin.py:151} INFO - [2023-09-28T18:15:28.097+0000] {security.py:708} INFO - Not syncing DAG-level permissions for DAG 'DAG:example_dag_decorator' as access control is unset.
[2023-09-28T18:15:28.099+0000] {logging_mixin.py:151} INFO - [2023-09-28T18:15:28.099+0000] {dag.py:2915} INFO - Sync 1 DAGs
[2023-09-28T18:15:28.106+0000] {logging_mixin.py:151} INFO - [2023-09-28T18:15:28.106+0000] {dag.py:3696} INFO - Setting next_dagrun for example_dag_decorator to None, run_after=None
[2023-09-28T18:15:28.121+0000] {processor.py:179} INFO - Processing /home/airflow/.local/lib/python3.8/site-packages/airflow/example_dags/example_dag_decorator.py took 0.151 seconds
[2023-09-28T18:15:58.774+0000] {processor.py:157} INFO - Started process (PID=263) to work on /home/airflow/.local/lib/python3.8/site-packages/airflow/example_dags/example_dag_decorator.py
[2023-09-28T18:15:58.778+0000] {processor.py:829} INFO - Processing file /home/airflow/.local/lib/python3.8/site-packages/airflow/example_dags/example_dag_decorator.py for tasks to queue
[2023-09-28T18:15:58.780+0000] {logging_mixin.py:151} INFO - [2023-09-28T18:15:58.780+0000] {dagbag.py:539} INFO - Filling up the DagBag from /home/airflow/.local/lib/python3.8/site-packages/airflow/example_dags/example_dag_decorator.py
[2023-09-28T18:15:58.823+0000] {processor.py:839} INFO - DAG(s) dict_keys(['example_dag_decorator']) retrieved from /home/airflow/.local/lib/python3.8/site-packages/airflow/example_dags/example_dag_decorator.py
[2023-09-28T18:15:58.888+0000] {logging_mixin.py:151} INFO - [2023-09-28T18:15:58.888+0000] {security.py:708} INFO - Not syncing DAG-level permissions for DAG 'DAG:example_dag_decorator' as access control is unset.
[2023-09-28T18:15:58.889+0000] {logging_mixin.py:151} INFO - [2023-09-28T18:15:58.889+0000] {dag.py:2915} INFO - Sync 1 DAGs
[2023-09-28T18:15:58.896+0000] {logging_mixin.py:151} INFO - [2023-09-28T18:15:58.896+0000] {dag.py:3696} INFO - Setting next_dagrun for example_dag_decorator to None, run_after=None
[2023-09-28T18:15:58.910+0000] {processor.py:179} INFO - Processing /home/airflow/.local/lib/python3.8/site-packages/airflow/example_dags/example_dag_decorator.py took 0.138 seconds
[2023-09-28T18:16:29.470+0000] {processor.py:157} INFO - Started process (PID=317) to work on /home/airflow/.local/lib/python3.8/site-packages/airflow/example_dags/example_dag_decorator.py
[2023-09-28T18:16:29.473+0000] {processor.py:829} INFO - Processing file /home/airflow/.local/lib/python3.8/site-packages/airflow/example_dags/example_dag_decorator.py for tasks to queue
[2023-09-28T18:16:29.476+0000] {logging_mixin.py:151} INFO - [2023-09-28T18:16:29.476+0000] {dagbag.py:539} INFO - Filling up the DagBag from /home/airflow/.local/lib/python3.8/site-packages/airflow/example_dags/example_dag_decorator.py
[2023-09-28T18:16:29.521+0000] {processor.py:839} INFO - DAG(s) dict_keys(['example_dag_decorator']) retrieved from /home/airflow/.local/lib/python3.8/site-packages/airflow/example_dags/example_dag_decorator.py
[2023-09-28T18:16:29.541+0000] {logging_mixin.py:151} INFO - [2023-09-28T18:16:29.541+0000] {dag.py:2915} INFO - Sync 1 DAGs
[2023-09-28T18:16:29.551+0000] {logging_mixin.py:151} INFO - [2023-09-28T18:16:29.551+0000] {dag.py:3696} INFO - Setting next_dagrun for example_dag_decorator to None, run_after=None
[2023-09-28T18:16:29.564+0000] {processor.py:179} INFO - Processing /home/airflow/.local/lib/python3.8/site-packages/airflow/example_dags/example_dag_decorator.py took 0.098 seconds
[2023-09-28T18:17:00.265+0000] {processor.py:157} INFO - Started process (PID=371) to work on /home/airflow/.local/lib/python3.8/site-packages/airflow/example_dags/example_dag_decorator.py
[2023-09-28T18:17:00.268+0000] {processor.py:829} INFO - Processing file /home/airflow/.local/lib/python3.8/site-packages/airflow/example_dags/example_dag_decorator.py for tasks to queue
[2023-09-28T18:17:00.270+0000] {logging_mixin.py:151} INFO - [2023-09-28T18:17:00.270+0000] {dagbag.py:539} INFO - Filling up the DagBag from /home/airflow/.local/lib/python3.8/site-packages/airflow/example_dags/example_dag_decorator.py
[2023-09-28T18:17:00.312+0000] {processor.py:839} INFO - DAG(s) dict_keys(['example_dag_decorator']) retrieved from /home/airflow/.local/lib/python3.8/site-packages/airflow/example_dags/example_dag_decorator.py
[2023-09-28T18:17:00.381+0000] {logging_mixin.py:151} INFO - [2023-09-28T18:17:00.381+0000] {security.py:708} INFO - Not syncing DAG-level permissions for DAG 'DAG:example_dag_decorator' as access control is unset.
[2023-09-28T18:17:00.383+0000] {logging_mixin.py:151} INFO - [2023-09-28T18:17:00.383+0000] {dag.py:2915} INFO - Sync 1 DAGs
[2023-09-28T18:17:00.390+0000] {logging_mixin.py:151} INFO - [2023-09-28T18:17:00.389+0000] {dag.py:3696} INFO - Setting next_dagrun for example_dag_decorator to None, run_after=None
[2023-09-28T18:17:00.404+0000] {processor.py:179} INFO - Processing /home/airflow/.local/lib/python3.8/site-packages/airflow/example_dags/example_dag_decorator.py took 0.142 seconds
[2023-09-28T18:17:30.786+0000] {processor.py:157} INFO - Started process (PID=424) to work on /home/airflow/.local/lib/python3.8/site-packages/airflow/example_dags/example_dag_decorator.py
[2023-09-28T18:17:30.788+0000] {processor.py:829} INFO - Processing file /home/airflow/.local/lib/python3.8/site-packages/airflow/example_dags/example_dag_decorator.py for tasks to queue
[2023-09-28T18:17:30.790+0000] {logging_mixin.py:151} INFO - [2023-09-28T18:17:30.790+0000] {dagbag.py:539} INFO - Filling up the DagBag from /home/airflow/.local/lib/python3.8/site-packages/airflow/example_dags/example_dag_decorator.py
[2023-09-28T18:17:30.831+0000] {processor.py:839} INFO - DAG(s) dict_keys(['example_dag_decorator']) retrieved from /home/airflow/.local/lib/python3.8/site-packages/airflow/example_dags/example_dag_decorator.py
[2023-09-28T18:17:30.908+0000] {logging_mixin.py:151} INFO - [2023-09-28T18:17:30.907+0000] {security.py:708} INFO - Not syncing DAG-level permissions for DAG 'DAG:example_dag_decorator' as access control is unset.
[2023-09-28T18:17:30.909+0000] {logging_mixin.py:151} INFO - [2023-09-28T18:17:30.909+0000] {dag.py:2915} INFO - Sync 1 DAGs
[2023-09-28T18:17:30.917+0000] {logging_mixin.py:151} INFO - [2023-09-28T18:17:30.917+0000] {dag.py:3696} INFO - Setting next_dagrun for example_dag_decorator to None, run_after=None
[2023-09-28T18:17:30.930+0000] {processor.py:179} INFO - Processing /home/airflow/.local/lib/python3.8/site-packages/airflow/example_dags/example_dag_decorator.py took 0.146 seconds
[2023-09-28T18:18:01.584+0000] {processor.py:157} INFO - Started process (PID=479) to work on /home/airflow/.local/lib/python3.8/site-packages/airflow/example_dags/example_dag_decorator.py
[2023-09-28T18:18:01.587+0000] {processor.py:829} INFO - Processing file /home/airflow/.local/lib/python3.8/site-packages/airflow/example_dags/example_dag_decorator.py for tasks to queue
[2023-09-28T18:18:01.589+0000] {logging_mixin.py:151} INFO - [2023-09-28T18:18:01.589+0000] {dagbag.py:539} INFO - Filling up the DagBag from /home/airflow/.local/lib/python3.8/site-packages/airflow/example_dags/example_dag_decorator.py
[2023-09-28T18:18:01.630+0000] {processor.py:839} INFO - DAG(s) dict_keys(['example_dag_decorator']) retrieved from /home/airflow/.local/lib/python3.8/site-packages/airflow/example_dags/example_dag_decorator.py
[2023-09-28T18:18:01.706+0000] {logging_mixin.py:151} INFO - [2023-09-28T18:18:01.706+0000] {security.py:708} INFO - Not syncing DAG-level permissions for DAG 'DAG:example_dag_decorator' as access control is unset.
[2023-09-28T18:18:01.708+0000] {logging_mixin.py:151} INFO - [2023-09-28T18:18:01.708+0000] {dag.py:2915} INFO - Sync 1 DAGs
[2023-09-28T18:18:01.716+0000] {logging_mixin.py:151} INFO - [2023-09-28T18:18:01.716+0000] {dag.py:3696} INFO - Setting next_dagrun for example_dag_decorator to None, run_after=None
[2023-09-28T18:18:01.730+0000] {processor.py:179} INFO - Processing /home/airflow/.local/lib/python3.8/site-packages/airflow/example_dags/example_dag_decorator.py took 0.148 seconds
[2023-09-28T18:18:32.323+0000] {processor.py:157} INFO - Started process (PID=533) to work on /home/airflow/.local/lib/python3.8/site-packages/airflow/example_dags/example_dag_decorator.py
[2023-09-28T18:18:32.325+0000] {processor.py:829} INFO - Processing file /home/airflow/.local/lib/python3.8/site-packages/airflow/example_dags/example_dag_decorator.py for tasks to queue
[2023-09-28T18:18:32.328+0000] {logging_mixin.py:151} INFO - [2023-09-28T18:18:32.328+0000] {dagbag.py:539} INFO - Filling up the DagBag from /home/airflow/.local/lib/python3.8/site-packages/airflow/example_dags/example_dag_decorator.py
[2023-09-28T18:18:32.374+0000] {processor.py:839} INFO - DAG(s) dict_keys(['example_dag_decorator']) retrieved from /home/airflow/.local/lib/python3.8/site-packages/airflow/example_dags/example_dag_decorator.py
[2023-09-28T18:18:32.446+0000] {logging_mixin.py:151} INFO - [2023-09-28T18:18:32.445+0000] {security.py:708} INFO - Not syncing DAG-level permissions for DAG 'DAG:example_dag_decorator' as access control is unset.
[2023-09-28T18:18:32.447+0000] {logging_mixin.py:151} INFO - [2023-09-28T18:18:32.447+0000] {dag.py:2915} INFO - Sync 1 DAGs
[2023-09-28T18:18:32.455+0000] {logging_mixin.py:151} INFO - [2023-09-28T18:18:32.455+0000] {dag.py:3696} INFO - Setting next_dagrun for example_dag_decorator to None, run_after=None
[2023-09-28T18:18:32.469+0000] {processor.py:179} INFO - Processing /home/airflow/.local/lib/python3.8/site-packages/airflow/example_dags/example_dag_decorator.py took 0.149 seconds
[2023-09-28T18:19:03.221+0000] {processor.py:157} INFO - Started process (PID=588) to work on /home/airflow/.local/lib/python3.8/site-packages/airflow/example_dags/example_dag_decorator.py
[2023-09-28T18:19:03.224+0000] {processor.py:829} INFO - Processing file /home/airflow/.local/lib/python3.8/site-packages/airflow/example_dags/example_dag_decorator.py for tasks to queue
[2023-09-28T18:19:03.226+0000] {logging_mixin.py:151} INFO - [2023-09-28T18:19:03.226+0000] {dagbag.py:539} INFO - Filling up the DagBag from /home/airflow/.local/lib/python3.8/site-packages/airflow/example_dags/example_dag_decorator.py
[2023-09-28T18:19:03.267+0000] {processor.py:839} INFO - DAG(s) dict_keys(['example_dag_decorator']) retrieved from /home/airflow/.local/lib/python3.8/site-packages/airflow/example_dags/example_dag_decorator.py
[2023-09-28T18:19:03.331+0000] {logging_mixin.py:151} INFO - [2023-09-28T18:19:03.330+0000] {security.py:708} INFO - Not syncing DAG-level permissions for DAG 'DAG:example_dag_decorator' as access control is unset.
[2023-09-28T18:19:03.332+0000] {logging_mixin.py:151} INFO - [2023-09-28T18:19:03.332+0000] {dag.py:2915} INFO - Sync 1 DAGs
[2023-09-28T18:19:03.338+0000] {logging_mixin.py:151} INFO - [2023-09-28T18:19:03.338+0000] {dag.py:3696} INFO - Setting next_dagrun for example_dag_decorator to None, run_after=None
[2023-09-28T18:19:03.353+0000] {processor.py:179} INFO - Processing /home/airflow/.local/lib/python3.8/site-packages/airflow/example_dags/example_dag_decorator.py took 0.134 seconds
[2023-09-28T18:19:33.971+0000] {processor.py:157} INFO - Started process (PID=642) to work on /home/airflow/.local/lib/python3.8/site-packages/airflow/example_dags/example_dag_decorator.py
[2023-09-28T18:19:33.974+0000] {processor.py:829} INFO - Processing file /home/airflow/.local/lib/python3.8/site-packages/airflow/example_dags/example_dag_decorator.py for tasks to queue
[2023-09-28T18:19:33.976+0000] {logging_mixin.py:151} INFO - [2023-09-28T18:19:33.976+0000] {dagbag.py:539} INFO - Filling up the DagBag from /home/airflow/.local/lib/python3.8/site-packages/airflow/example_dags/example_dag_decorator.py
[2023-09-28T18:19:34.018+0000] {processor.py:839} INFO - DAG(s) dict_keys(['example_dag_decorator']) retrieved from /home/airflow/.local/lib/python3.8/site-packages/airflow/example_dags/example_dag_decorator.py
[2023-09-28T18:19:34.084+0000] {logging_mixin.py:151} INFO - [2023-09-28T18:19:34.084+0000] {security.py:708} INFO - Not syncing DAG-level permissions for DAG 'DAG:example_dag_decorator' as access control is unset.
[2023-09-28T18:19:34.086+0000] {logging_mixin.py:151} INFO - [2023-09-28T18:19:34.086+0000] {dag.py:2915} INFO - Sync 1 DAGs
[2023-09-28T18:19:34.093+0000] {logging_mixin.py:151} INFO - [2023-09-28T18:19:34.093+0000] {dag.py:3696} INFO - Setting next_dagrun for example_dag_decorator to None, run_after=None
[2023-09-28T18:19:34.106+0000] {processor.py:179} INFO - Processing /home/airflow/.local/lib/python3.8/site-packages/airflow/example_dags/example_dag_decorator.py took 0.137 seconds
[2023-09-28T18:20:04.665+0000] {processor.py:157} INFO - Started process (PID=696) to work on /home/airflow/.local/lib/python3.8/site-packages/airflow/example_dags/example_dag_decorator.py
[2023-09-28T18:20:04.667+0000] {processor.py:829} INFO - Processing file /home/airflow/.local/lib/python3.8/site-packages/airflow/example_dags/example_dag_decorator.py for tasks to queue
[2023-09-28T18:20:04.671+0000] {logging_mixin.py:151} INFO - [2023-09-28T18:20:04.671+0000] {dagbag.py:539} INFO - Filling up the DagBag from /home/airflow/.local/lib/python3.8/site-packages/airflow/example_dags/example_dag_decorator.py
[2023-09-28T18:20:04.712+0000] {processor.py:839} INFO - DAG(s) dict_keys(['example_dag_decorator']) retrieved from /home/airflow/.local/lib/python3.8/site-packages/airflow/example_dags/example_dag_decorator.py
[2023-09-28T18:20:04.778+0000] {logging_mixin.py:151} INFO - [2023-09-28T18:20:04.778+0000] {security.py:708} INFO - Not syncing DAG-level permissions for DAG 'DAG:example_dag_decorator' as access control is unset.
[2023-09-28T18:20:04.779+0000] {logging_mixin.py:151} INFO - [2023-09-28T18:20:04.779+0000] {dag.py:2915} INFO - Sync 1 DAGs
[2023-09-28T18:20:04.786+0000] {logging_mixin.py:151} INFO - [2023-09-28T18:20:04.786+0000] {dag.py:3696} INFO - Setting next_dagrun for example_dag_decorator to None, run_after=None
[2023-09-28T18:20:04.799+0000] {processor.py:179} INFO - Processing /home/airflow/.local/lib/python3.8/site-packages/airflow/example_dags/example_dag_decorator.py took 0.137 seconds
[2023-09-28T18:20:35.276+0000] {processor.py:157} INFO - Started process (PID=749) to work on /home/airflow/.local/lib/python3.8/site-packages/airflow/example_dags/example_dag_decorator.py
[2023-09-28T18:20:35.278+0000] {processor.py:829} INFO - Processing file /home/airflow/.local/lib/python3.8/site-packages/airflow/example_dags/example_dag_decorator.py for tasks to queue
[2023-09-28T18:20:35.280+0000] {logging_mixin.py:151} INFO - [2023-09-28T18:20:35.280+0000] {dagbag.py:539} INFO - Filling up the DagBag from /home/airflow/.local/lib/python3.8/site-packages/airflow/example_dags/example_dag_decorator.py
[2023-09-28T18:20:35.322+0000] {processor.py:839} INFO - DAG(s) dict_keys(['example_dag_decorator']) retrieved from /home/airflow/.local/lib/python3.8/site-packages/airflow/example_dags/example_dag_decorator.py
[2023-09-28T18:20:35.385+0000] {logging_mixin.py:151} INFO - [2023-09-28T18:20:35.385+0000] {security.py:708} INFO - Not syncing DAG-level permissions for DAG 'DAG:example_dag_decorator' as access control is unset.
[2023-09-28T18:20:35.386+0000] {logging_mixin.py:151} INFO - [2023-09-28T18:20:35.386+0000] {dag.py:2915} INFO - Sync 1 DAGs
[2023-09-28T18:20:35.394+0000] {logging_mixin.py:151} INFO - [2023-09-28T18:20:35.394+0000] {dag.py:3696} INFO - Setting next_dagrun for example_dag_decorator to None, run_after=None
[2023-09-28T18:20:35.408+0000] {processor.py:179} INFO - Processing /home/airflow/.local/lib/python3.8/site-packages/airflow/example_dags/example_dag_decorator.py took 0.134 seconds
[2023-09-28T18:21:05.966+0000] {processor.py:157} INFO - Started process (PID=803) to work on /home/airflow/.local/lib/python3.8/site-packages/airflow/example_dags/example_dag_decorator.py
[2023-09-28T18:21:05.969+0000] {processor.py:829} INFO - Processing file /home/airflow/.local/lib/python3.8/site-packages/airflow/example_dags/example_dag_decorator.py for tasks to queue
[2023-09-28T18:21:05.972+0000] {logging_mixin.py:151} INFO - [2023-09-28T18:21:05.972+0000] {dagbag.py:539} INFO - Filling up the DagBag from /home/airflow/.local/lib/python3.8/site-packages/airflow/example_dags/example_dag_decorator.py
[2023-09-28T18:21:06.013+0000] {processor.py:839} INFO - DAG(s) dict_keys(['example_dag_decorator']) retrieved from /home/airflow/.local/lib/python3.8/site-packages/airflow/example_dags/example_dag_decorator.py
[2023-09-28T18:21:06.082+0000] {logging_mixin.py:151} INFO - [2023-09-28T18:21:06.081+0000] {security.py:708} INFO - Not syncing DAG-level permissions for DAG 'DAG:example_dag_decorator' as access control is unset.
[2023-09-28T18:21:06.083+0000] {logging_mixin.py:151} INFO - [2023-09-28T18:21:06.083+0000] {dag.py:2915} INFO - Sync 1 DAGs
[2023-09-28T18:21:06.090+0000] {logging_mixin.py:151} INFO - [2023-09-28T18:21:06.090+0000] {dag.py:3696} INFO - Setting next_dagrun for example_dag_decorator to None, run_after=None
[2023-09-28T18:21:06.106+0000] {processor.py:179} INFO - Processing /home/airflow/.local/lib/python3.8/site-packages/airflow/example_dags/example_dag_decorator.py took 0.142 seconds
[2023-09-28T18:21:37.038+0000] {processor.py:157} INFO - Started process (PID=857) to work on /home/airflow/.local/lib/python3.8/site-packages/airflow/example_dags/example_dag_decorator.py
[2023-09-28T18:21:37.041+0000] {processor.py:829} INFO - Processing file /home/airflow/.local/lib/python3.8/site-packages/airflow/example_dags/example_dag_decorator.py for tasks to queue
[2023-09-28T18:21:37.045+0000] {logging_mixin.py:151} INFO - [2023-09-28T18:21:37.045+0000] {dagbag.py:539} INFO - Filling up the DagBag from /home/airflow/.local/lib/python3.8/site-packages/airflow/example_dags/example_dag_decorator.py
[2023-09-28T18:21:37.091+0000] {processor.py:839} INFO - DAG(s) dict_keys(['example_dag_decorator']) retrieved from /home/airflow/.local/lib/python3.8/site-packages/airflow/example_dags/example_dag_decorator.py
[2023-09-28T18:21:37.156+0000] {logging_mixin.py:151} INFO - [2023-09-28T18:21:37.155+0000] {security.py:708} INFO - Not syncing DAG-level permissions for DAG 'DAG:example_dag_decorator' as access control is unset.
[2023-09-28T18:21:37.157+0000] {logging_mixin.py:151} INFO - [2023-09-28T18:21:37.157+0000] {dag.py:2915} INFO - Sync 1 DAGs
[2023-09-28T18:21:37.165+0000] {logging_mixin.py:151} INFO - [2023-09-28T18:21:37.165+0000] {dag.py:3696} INFO - Setting next_dagrun for example_dag_decorator to None, run_after=None
[2023-09-28T18:21:37.179+0000] {processor.py:179} INFO - Processing /home/airflow/.local/lib/python3.8/site-packages/airflow/example_dags/example_dag_decorator.py took 0.146 seconds
[2023-09-28T18:22:07.690+0000] {processor.py:157} INFO - Started process (PID=911) to work on /home/airflow/.local/lib/python3.8/site-packages/airflow/example_dags/example_dag_decorator.py
[2023-09-28T18:22:07.693+0000] {processor.py:829} INFO - Processing file /home/airflow/.local/lib/python3.8/site-packages/airflow/example_dags/example_dag_decorator.py for tasks to queue
[2023-09-28T18:22:07.696+0000] {logging_mixin.py:151} INFO - [2023-09-28T18:22:07.696+0000] {dagbag.py:539} INFO - Filling up the DagBag from /home/airflow/.local/lib/python3.8/site-packages/airflow/example_dags/example_dag_decorator.py
[2023-09-28T18:22:07.748+0000] {processor.py:839} INFO - DAG(s) dict_keys(['example_dag_decorator']) retrieved from /home/airflow/.local/lib/python3.8/site-packages/airflow/example_dags/example_dag_decorator.py
[2023-09-28T18:22:07.823+0000] {logging_mixin.py:151} INFO - [2023-09-28T18:22:07.822+0000] {security.py:708} INFO - Not syncing DAG-level permissions for DAG 'DAG:example_dag_decorator' as access control is unset.
[2023-09-28T18:22:07.825+0000] {logging_mixin.py:151} INFO - [2023-09-28T18:22:07.825+0000] {dag.py:2915} INFO - Sync 1 DAGs
[2023-09-28T18:22:07.834+0000] {logging_mixin.py:151} INFO - [2023-09-28T18:22:07.833+0000] {dag.py:3696} INFO - Setting next_dagrun for example_dag_decorator to None, run_after=None
[2023-09-28T18:22:07.848+0000] {processor.py:179} INFO - Processing /home/airflow/.local/lib/python3.8/site-packages/airflow/example_dags/example_dag_decorator.py took 0.164 seconds
[2023-09-28T18:22:38.550+0000] {processor.py:157} INFO - Started process (PID=964) to work on /home/airflow/.local/lib/python3.8/site-packages/airflow/example_dags/example_dag_decorator.py
[2023-09-28T18:22:38.555+0000] {processor.py:829} INFO - Processing file /home/airflow/.local/lib/python3.8/site-packages/airflow/example_dags/example_dag_decorator.py for tasks to queue
[2023-09-28T18:22:38.560+0000] {logging_mixin.py:151} INFO - [2023-09-28T18:22:38.559+0000] {dagbag.py:539} INFO - Filling up the DagBag from /home/airflow/.local/lib/python3.8/site-packages/airflow/example_dags/example_dag_decorator.py
[2023-09-28T18:22:38.603+0000] {processor.py:839} INFO - DAG(s) dict_keys(['example_dag_decorator']) retrieved from /home/airflow/.local/lib/python3.8/site-packages/airflow/example_dags/example_dag_decorator.py
[2023-09-28T18:22:38.668+0000] {logging_mixin.py:151} INFO - [2023-09-28T18:22:38.668+0000] {security.py:708} INFO - Not syncing DAG-level permissions for DAG 'DAG:example_dag_decorator' as access control is unset.
[2023-09-28T18:22:38.669+0000] {logging_mixin.py:151} INFO - [2023-09-28T18:22:38.669+0000] {dag.py:2915} INFO - Sync 1 DAGs
[2023-09-28T18:22:38.677+0000] {logging_mixin.py:151} INFO - [2023-09-28T18:22:38.677+0000] {dag.py:3696} INFO - Setting next_dagrun for example_dag_decorator to None, run_after=None
[2023-09-28T18:22:38.693+0000] {processor.py:179} INFO - Processing /home/airflow/.local/lib/python3.8/site-packages/airflow/example_dags/example_dag_decorator.py took 0.146 seconds
[2023-09-28T18:23:09.514+0000] {processor.py:157} INFO - Started process (PID=1017) to work on /home/airflow/.local/lib/python3.8/site-packages/airflow/example_dags/example_dag_decorator.py
[2023-09-28T18:23:09.517+0000] {processor.py:829} INFO - Processing file /home/airflow/.local/lib/python3.8/site-packages/airflow/example_dags/example_dag_decorator.py for tasks to queue
[2023-09-28T18:23:09.521+0000] {logging_mixin.py:151} INFO - [2023-09-28T18:23:09.521+0000] {dagbag.py:539} INFO - Filling up the DagBag from /home/airflow/.local/lib/python3.8/site-packages/airflow/example_dags/example_dag_decorator.py
[2023-09-28T18:23:09.565+0000] {processor.py:839} INFO - DAG(s) dict_keys(['example_dag_decorator']) retrieved from /home/airflow/.local/lib/python3.8/site-packages/airflow/example_dags/example_dag_decorator.py
[2023-09-28T18:23:09.639+0000] {logging_mixin.py:151} INFO - [2023-09-28T18:23:09.639+0000] {security.py:708} INFO - Not syncing DAG-level permissions for DAG 'DAG:example_dag_decorator' as access control is unset.
[2023-09-28T18:23:09.641+0000] {logging_mixin.py:151} INFO - [2023-09-28T18:23:09.640+0000] {dag.py:2915} INFO - Sync 1 DAGs
[2023-09-28T18:23:09.648+0000] {logging_mixin.py:151} INFO - [2023-09-28T18:23:09.648+0000] {dag.py:3696} INFO - Setting next_dagrun for example_dag_decorator to None, run_after=None
[2023-09-28T18:23:09.662+0000] {processor.py:179} INFO - Processing /home/airflow/.local/lib/python3.8/site-packages/airflow/example_dags/example_dag_decorator.py took 0.153 seconds
[2023-09-28T18:23:40.516+0000] {processor.py:157} INFO - Started process (PID=1071) to work on /home/airflow/.local/lib/python3.8/site-packages/airflow/example_dags/example_dag_decorator.py
[2023-09-28T18:23:40.519+0000] {processor.py:829} INFO - Processing file /home/airflow/.local/lib/python3.8/site-packages/airflow/example_dags/example_dag_decorator.py for tasks to queue
[2023-09-28T18:23:40.523+0000] {logging_mixin.py:151} INFO - [2023-09-28T18:23:40.523+0000] {dagbag.py:539} INFO - Filling up the DagBag from /home/airflow/.local/lib/python3.8/site-packages/airflow/example_dags/example_dag_decorator.py
[2023-09-28T18:23:40.575+0000] {processor.py:839} INFO - DAG(s) dict_keys(['example_dag_decorator']) retrieved from /home/airflow/.local/lib/python3.8/site-packages/airflow/example_dags/example_dag_decorator.py
[2023-09-28T18:23:40.656+0000] {logging_mixin.py:151} INFO - [2023-09-28T18:23:40.656+0000] {security.py:708} INFO - Not syncing DAG-level permissions for DAG 'DAG:example_dag_decorator' as access control is unset.
[2023-09-28T18:23:40.658+0000] {logging_mixin.py:151} INFO - [2023-09-28T18:23:40.658+0000] {dag.py:2915} INFO - Sync 1 DAGs
[2023-09-28T18:23:40.665+0000] {logging_mixin.py:151} INFO - [2023-09-28T18:23:40.665+0000] {dag.py:3696} INFO - Setting next_dagrun for example_dag_decorator to None, run_after=None
[2023-09-28T18:23:40.680+0000] {processor.py:179} INFO - Processing /home/airflow/.local/lib/python3.8/site-packages/airflow/example_dags/example_dag_decorator.py took 0.169 seconds
[2023-09-28T18:34:43.225+0000] {processor.py:157} INFO - Started process (PID=48) to work on /home/airflow/.local/lib/python3.8/site-packages/airflow/example_dags/example_dag_decorator.py
[2023-09-28T18:34:43.228+0000] {processor.py:829} INFO - Processing file /home/airflow/.local/lib/python3.8/site-packages/airflow/example_dags/example_dag_decorator.py for tasks to queue
[2023-09-28T18:34:43.231+0000] {logging_mixin.py:151} INFO - [2023-09-28T18:34:43.231+0000] {dagbag.py:539} INFO - Filling up the DagBag from /home/airflow/.local/lib/python3.8/site-packages/airflow/example_dags/example_dag_decorator.py
[2023-09-28T18:34:43.340+0000] {processor.py:839} INFO - DAG(s) dict_keys(['example_dag_decorator']) retrieved from /home/airflow/.local/lib/python3.8/site-packages/airflow/example_dags/example_dag_decorator.py
[2023-09-28T18:34:43.371+0000] {logging_mixin.py:151} INFO - [2023-09-28T18:34:43.371+0000] {dag.py:2915} INFO - Sync 1 DAGs
[2023-09-28T18:34:43.384+0000] {logging_mixin.py:151} INFO - [2023-09-28T18:34:43.384+0000] {dag.py:3696} INFO - Setting next_dagrun for example_dag_decorator to None, run_after=None
[2023-09-28T18:34:43.400+0000] {processor.py:179} INFO - Processing /home/airflow/.local/lib/python3.8/site-packages/airflow/example_dags/example_dag_decorator.py took 0.178 seconds
[2023-09-28T18:35:13.478+0000] {processor.py:157} INFO - Started process (PID=102) to work on /home/airflow/.local/lib/python3.8/site-packages/airflow/example_dags/example_dag_decorator.py
[2023-09-28T18:35:13.483+0000] {processor.py:829} INFO - Processing file /home/airflow/.local/lib/python3.8/site-packages/airflow/example_dags/example_dag_decorator.py for tasks to queue
[2023-09-28T18:35:13.486+0000] {logging_mixin.py:151} INFO - [2023-09-28T18:35:13.486+0000] {dagbag.py:539} INFO - Filling up the DagBag from /home/airflow/.local/lib/python3.8/site-packages/airflow/example_dags/example_dag_decorator.py
[2023-09-28T18:35:13.534+0000] {processor.py:839} INFO - DAG(s) dict_keys(['example_dag_decorator']) retrieved from /home/airflow/.local/lib/python3.8/site-packages/airflow/example_dags/example_dag_decorator.py
[2023-09-28T18:35:13.684+0000] {logging_mixin.py:151} INFO - [2023-09-28T18:35:13.683+0000] {security.py:708} INFO - Not syncing DAG-level permissions for DAG 'DAG:example_dag_decorator' as access control is unset.
[2023-09-28T18:35:13.686+0000] {logging_mixin.py:151} INFO - [2023-09-28T18:35:13.686+0000] {dag.py:2915} INFO - Sync 1 DAGs
[2023-09-28T18:35:13.694+0000] {logging_mixin.py:151} INFO - [2023-09-28T18:35:13.694+0000] {dag.py:3696} INFO - Setting next_dagrun for example_dag_decorator to None, run_after=None
[2023-09-28T18:35:13.708+0000] {processor.py:179} INFO - Processing /home/airflow/.local/lib/python3.8/site-packages/airflow/example_dags/example_dag_decorator.py took 0.233 seconds
[2023-09-28T18:35:43.954+0000] {processor.py:157} INFO - Started process (PID=156) to work on /home/airflow/.local/lib/python3.8/site-packages/airflow/example_dags/example_dag_decorator.py
[2023-09-28T18:35:43.956+0000] {processor.py:829} INFO - Processing file /home/airflow/.local/lib/python3.8/site-packages/airflow/example_dags/example_dag_decorator.py for tasks to queue
[2023-09-28T18:35:43.958+0000] {logging_mixin.py:151} INFO - [2023-09-28T18:35:43.958+0000] {dagbag.py:539} INFO - Filling up the DagBag from /home/airflow/.local/lib/python3.8/site-packages/airflow/example_dags/example_dag_decorator.py
[2023-09-28T18:35:44.004+0000] {processor.py:839} INFO - DAG(s) dict_keys(['example_dag_decorator']) retrieved from /home/airflow/.local/lib/python3.8/site-packages/airflow/example_dags/example_dag_decorator.py
[2023-09-28T18:35:44.083+0000] {logging_mixin.py:151} INFO - [2023-09-28T18:35:44.083+0000] {security.py:708} INFO - Not syncing DAG-level permissions for DAG 'DAG:example_dag_decorator' as access control is unset.
[2023-09-28T18:35:44.085+0000] {logging_mixin.py:151} INFO - [2023-09-28T18:35:44.085+0000] {dag.py:2915} INFO - Sync 1 DAGs
[2023-09-28T18:35:44.092+0000] {logging_mixin.py:151} INFO - [2023-09-28T18:35:44.092+0000] {dag.py:3696} INFO - Setting next_dagrun for example_dag_decorator to None, run_after=None
[2023-09-28T18:35:44.104+0000] {processor.py:179} INFO - Processing /home/airflow/.local/lib/python3.8/site-packages/airflow/example_dags/example_dag_decorator.py took 0.153 seconds
[2023-09-28T18:36:14.840+0000] {processor.py:157} INFO - Started process (PID=210) to work on /home/airflow/.local/lib/python3.8/site-packages/airflow/example_dags/example_dag_decorator.py
[2023-09-28T18:36:14.843+0000] {processor.py:829} INFO - Processing file /home/airflow/.local/lib/python3.8/site-packages/airflow/example_dags/example_dag_decorator.py for tasks to queue
[2023-09-28T18:36:14.845+0000] {logging_mixin.py:151} INFO - [2023-09-28T18:36:14.845+0000] {dagbag.py:539} INFO - Filling up the DagBag from /home/airflow/.local/lib/python3.8/site-packages/airflow/example_dags/example_dag_decorator.py
[2023-09-28T18:36:14.887+0000] {processor.py:839} INFO - DAG(s) dict_keys(['example_dag_decorator']) retrieved from /home/airflow/.local/lib/python3.8/site-packages/airflow/example_dags/example_dag_decorator.py
[2023-09-28T18:36:14.950+0000] {logging_mixin.py:151} INFO - [2023-09-28T18:36:14.950+0000] {security.py:708} INFO - Not syncing DAG-level permissions for DAG 'DAG:example_dag_decorator' as access control is unset.
[2023-09-28T18:36:14.982+0000] {logging_mixin.py:151} INFO - [2023-09-28T18:36:14.982+0000] {dag.py:2915} INFO - Sync 1 DAGs
[2023-09-28T18:36:14.990+0000] {logging_mixin.py:151} INFO - [2023-09-28T18:36:14.990+0000] {dag.py:3696} INFO - Setting next_dagrun for example_dag_decorator to None, run_after=None
[2023-09-28T18:36:15.004+0000] {processor.py:179} INFO - Processing /home/airflow/.local/lib/python3.8/site-packages/airflow/example_dags/example_dag_decorator.py took 0.167 seconds
