[2023-09-28T18:05:30.029+0000] {processor.py:157} INFO - Started process (PID=72) to work on /home/airflow/.local/lib/python3.8/site-packages/airflow/example_dags/example_params_ui_tutorial.py
[2023-09-28T18:05:30.032+0000] {processor.py:829} INFO - Processing file /home/airflow/.local/lib/python3.8/site-packages/airflow/example_dags/example_params_ui_tutorial.py for tasks to queue
[2023-09-28T18:05:30.035+0000] {logging_mixin.py:151} INFO - [2023-09-28T18:05:30.035+0000] {dagbag.py:539} INFO - Filling up the DagBag from /home/airflow/.local/lib/python3.8/site-packages/airflow/example_dags/example_params_ui_tutorial.py
[2023-09-28T18:05:30.098+0000] {processor.py:839} INFO - DAG(s) dict_keys(['example_params_ui_tutorial']) retrieved from /home/airflow/.local/lib/python3.8/site-packages/airflow/example_dags/example_params_ui_tutorial.py
[2023-09-28T18:05:30.112+0000] {logging_mixin.py:151} INFO - [2023-09-28T18:05:30.112+0000] {dag.py:2915} INFO - Sync 1 DAGs
[2023-09-28T18:05:30.123+0000] {logging_mixin.py:151} INFO - [2023-09-28T18:05:30.123+0000] {dag.py:3696} INFO - Setting next_dagrun for example_params_ui_tutorial to None, run_after=None
[2023-09-28T18:05:30.142+0000] {processor.py:179} INFO - Processing /home/airflow/.local/lib/python3.8/site-packages/airflow/example_dags/example_params_ui_tutorial.py took 0.117 seconds
[2023-09-28T18:06:00.648+0000] {processor.py:157} INFO - Started process (PID=125) to work on /home/airflow/.local/lib/python3.8/site-packages/airflow/example_dags/example_params_ui_tutorial.py
[2023-09-28T18:06:00.650+0000] {processor.py:829} INFO - Processing file /home/airflow/.local/lib/python3.8/site-packages/airflow/example_dags/example_params_ui_tutorial.py for tasks to queue
[2023-09-28T18:06:00.653+0000] {logging_mixin.py:151} INFO - [2023-09-28T18:06:00.653+0000] {dagbag.py:539} INFO - Filling up the DagBag from /home/airflow/.local/lib/python3.8/site-packages/airflow/example_dags/example_params_ui_tutorial.py
[2023-09-28T18:06:00.675+0000] {processor.py:839} INFO - DAG(s) dict_keys(['example_params_ui_tutorial']) retrieved from /home/airflow/.local/lib/python3.8/site-packages/airflow/example_dags/example_params_ui_tutorial.py
[2023-09-28T18:06:00.708+0000] {logging_mixin.py:151} INFO - [2023-09-28T18:06:00.708+0000] {dag.py:2915} INFO - Sync 1 DAGs
[2023-09-28T18:06:00.722+0000] {logging_mixin.py:151} INFO - [2023-09-28T18:06:00.722+0000] {dag.py:3696} INFO - Setting next_dagrun for example_params_ui_tutorial to None, run_after=None
[2023-09-28T18:06:00.737+0000] {processor.py:179} INFO - Processing /home/airflow/.local/lib/python3.8/site-packages/airflow/example_dags/example_params_ui_tutorial.py took 0.091 seconds
[2023-09-28T18:06:31.537+0000] {processor.py:157} INFO - Started process (PID=179) to work on /home/airflow/.local/lib/python3.8/site-packages/airflow/example_dags/example_params_ui_tutorial.py
[2023-09-28T18:06:31.539+0000] {processor.py:829} INFO - Processing file /home/airflow/.local/lib/python3.8/site-packages/airflow/example_dags/example_params_ui_tutorial.py for tasks to queue
[2023-09-28T18:06:31.542+0000] {logging_mixin.py:151} INFO - [2023-09-28T18:06:31.541+0000] {dagbag.py:539} INFO - Filling up the DagBag from /home/airflow/.local/lib/python3.8/site-packages/airflow/example_dags/example_params_ui_tutorial.py
[2023-09-28T18:06:31.565+0000] {processor.py:839} INFO - DAG(s) dict_keys(['example_params_ui_tutorial']) retrieved from /home/airflow/.local/lib/python3.8/site-packages/airflow/example_dags/example_params_ui_tutorial.py
[2023-09-28T18:06:31.599+0000] {logging_mixin.py:151} INFO - [2023-09-28T18:06:31.599+0000] {dag.py:2915} INFO - Sync 1 DAGs
[2023-09-28T18:06:31.608+0000] {logging_mixin.py:151} INFO - [2023-09-28T18:06:31.608+0000] {dag.py:3696} INFO - Setting next_dagrun for example_params_ui_tutorial to None, run_after=None
[2023-09-28T18:06:31.625+0000] {processor.py:179} INFO - Processing /home/airflow/.local/lib/python3.8/site-packages/airflow/example_dags/example_params_ui_tutorial.py took 0.092 seconds
[2023-09-28T18:07:01.726+0000] {processor.py:157} INFO - Started process (PID=233) to work on /home/airflow/.local/lib/python3.8/site-packages/airflow/example_dags/example_params_ui_tutorial.py
[2023-09-28T18:07:01.729+0000] {processor.py:829} INFO - Processing file /home/airflow/.local/lib/python3.8/site-packages/airflow/example_dags/example_params_ui_tutorial.py for tasks to queue
[2023-09-28T18:07:01.732+0000] {logging_mixin.py:151} INFO - [2023-09-28T18:07:01.732+0000] {dagbag.py:539} INFO - Filling up the DagBag from /home/airflow/.local/lib/python3.8/site-packages/airflow/example_dags/example_params_ui_tutorial.py
[2023-09-28T18:07:01.753+0000] {processor.py:839} INFO - DAG(s) dict_keys(['example_params_ui_tutorial']) retrieved from /home/airflow/.local/lib/python3.8/site-packages/airflow/example_dags/example_params_ui_tutorial.py
[2023-09-28T18:07:01.785+0000] {logging_mixin.py:151} INFO - [2023-09-28T18:07:01.784+0000] {dag.py:2915} INFO - Sync 1 DAGs
[2023-09-28T18:07:01.799+0000] {logging_mixin.py:151} INFO - [2023-09-28T18:07:01.799+0000] {dag.py:3696} INFO - Setting next_dagrun for example_params_ui_tutorial to None, run_after=None
[2023-09-28T18:07:01.815+0000] {processor.py:179} INFO - Processing /home/airflow/.local/lib/python3.8/site-packages/airflow/example_dags/example_params_ui_tutorial.py took 0.091 seconds
[2023-09-28T18:07:32.414+0000] {processor.py:157} INFO - Started process (PID=287) to work on /home/airflow/.local/lib/python3.8/site-packages/airflow/example_dags/example_params_ui_tutorial.py
[2023-09-28T18:07:32.416+0000] {processor.py:829} INFO - Processing file /home/airflow/.local/lib/python3.8/site-packages/airflow/example_dags/example_params_ui_tutorial.py for tasks to queue
[2023-09-28T18:07:32.419+0000] {logging_mixin.py:151} INFO - [2023-09-28T18:07:32.419+0000] {dagbag.py:539} INFO - Filling up the DagBag from /home/airflow/.local/lib/python3.8/site-packages/airflow/example_dags/example_params_ui_tutorial.py
[2023-09-28T18:07:32.440+0000] {processor.py:839} INFO - DAG(s) dict_keys(['example_params_ui_tutorial']) retrieved from /home/airflow/.local/lib/python3.8/site-packages/airflow/example_dags/example_params_ui_tutorial.py
[2023-09-28T18:07:32.478+0000] {logging_mixin.py:151} INFO - [2023-09-28T18:07:32.478+0000] {dag.py:2915} INFO - Sync 1 DAGs
[2023-09-28T18:07:32.489+0000] {logging_mixin.py:151} INFO - [2023-09-28T18:07:32.489+0000] {dag.py:3696} INFO - Setting next_dagrun for example_params_ui_tutorial to None, run_after=None
[2023-09-28T18:07:32.503+0000] {processor.py:179} INFO - Processing /home/airflow/.local/lib/python3.8/site-packages/airflow/example_dags/example_params_ui_tutorial.py took 0.092 seconds
[2023-09-28T18:08:03.356+0000] {processor.py:157} INFO - Started process (PID=341) to work on /home/airflow/.local/lib/python3.8/site-packages/airflow/example_dags/example_params_ui_tutorial.py
[2023-09-28T18:08:03.358+0000] {processor.py:829} INFO - Processing file /home/airflow/.local/lib/python3.8/site-packages/airflow/example_dags/example_params_ui_tutorial.py for tasks to queue
[2023-09-28T18:08:03.361+0000] {logging_mixin.py:151} INFO - [2023-09-28T18:08:03.360+0000] {dagbag.py:539} INFO - Filling up the DagBag from /home/airflow/.local/lib/python3.8/site-packages/airflow/example_dags/example_params_ui_tutorial.py
[2023-09-28T18:08:03.383+0000] {processor.py:839} INFO - DAG(s) dict_keys(['example_params_ui_tutorial']) retrieved from /home/airflow/.local/lib/python3.8/site-packages/airflow/example_dags/example_params_ui_tutorial.py
[2023-09-28T18:08:03.414+0000] {logging_mixin.py:151} INFO - [2023-09-28T18:08:03.413+0000] {dag.py:2915} INFO - Sync 1 DAGs
[2023-09-28T18:08:03.421+0000] {logging_mixin.py:151} INFO - [2023-09-28T18:08:03.421+0000] {dag.py:3696} INFO - Setting next_dagrun for example_params_ui_tutorial to None, run_after=None
[2023-09-28T18:08:03.436+0000] {processor.py:179} INFO - Processing /home/airflow/.local/lib/python3.8/site-packages/airflow/example_dags/example_params_ui_tutorial.py took 0.082 seconds
[2023-09-28T18:08:33.501+0000] {processor.py:157} INFO - Started process (PID=395) to work on /home/airflow/.local/lib/python3.8/site-packages/airflow/example_dags/example_params_ui_tutorial.py
[2023-09-28T18:08:33.504+0000] {processor.py:829} INFO - Processing file /home/airflow/.local/lib/python3.8/site-packages/airflow/example_dags/example_params_ui_tutorial.py for tasks to queue
[2023-09-28T18:08:33.505+0000] {logging_mixin.py:151} INFO - [2023-09-28T18:08:33.505+0000] {dagbag.py:539} INFO - Filling up the DagBag from /home/airflow/.local/lib/python3.8/site-packages/airflow/example_dags/example_params_ui_tutorial.py
[2023-09-28T18:08:33.525+0000] {processor.py:839} INFO - DAG(s) dict_keys(['example_params_ui_tutorial']) retrieved from /home/airflow/.local/lib/python3.8/site-packages/airflow/example_dags/example_params_ui_tutorial.py
[2023-09-28T18:08:33.555+0000] {logging_mixin.py:151} INFO - [2023-09-28T18:08:33.555+0000] {dag.py:2915} INFO - Sync 1 DAGs
[2023-09-28T18:08:33.564+0000] {logging_mixin.py:151} INFO - [2023-09-28T18:08:33.564+0000] {dag.py:3696} INFO - Setting next_dagrun for example_params_ui_tutorial to None, run_after=None
[2023-09-28T18:08:33.580+0000] {processor.py:179} INFO - Processing /home/airflow/.local/lib/python3.8/site-packages/airflow/example_dags/example_params_ui_tutorial.py took 0.081 seconds
[2023-09-28T18:09:04.265+0000] {processor.py:157} INFO - Started process (PID=449) to work on /home/airflow/.local/lib/python3.8/site-packages/airflow/example_dags/example_params_ui_tutorial.py
[2023-09-28T18:09:04.268+0000] {processor.py:829} INFO - Processing file /home/airflow/.local/lib/python3.8/site-packages/airflow/example_dags/example_params_ui_tutorial.py for tasks to queue
[2023-09-28T18:09:04.270+0000] {logging_mixin.py:151} INFO - [2023-09-28T18:09:04.270+0000] {dagbag.py:539} INFO - Filling up the DagBag from /home/airflow/.local/lib/python3.8/site-packages/airflow/example_dags/example_params_ui_tutorial.py
[2023-09-28T18:09:04.292+0000] {processor.py:839} INFO - DAG(s) dict_keys(['example_params_ui_tutorial']) retrieved from /home/airflow/.local/lib/python3.8/site-packages/airflow/example_dags/example_params_ui_tutorial.py
[2023-09-28T18:09:04.324+0000] {logging_mixin.py:151} INFO - [2023-09-28T18:09:04.324+0000] {dag.py:2915} INFO - Sync 1 DAGs
[2023-09-28T18:09:04.332+0000] {logging_mixin.py:151} INFO - [2023-09-28T18:09:04.332+0000] {dag.py:3696} INFO - Setting next_dagrun for example_params_ui_tutorial to None, run_after=None
[2023-09-28T18:09:04.345+0000] {processor.py:179} INFO - Processing /home/airflow/.local/lib/python3.8/site-packages/airflow/example_dags/example_params_ui_tutorial.py took 0.082 seconds
[2023-09-28T18:09:35.032+0000] {processor.py:157} INFO - Started process (PID=502) to work on /home/airflow/.local/lib/python3.8/site-packages/airflow/example_dags/example_params_ui_tutorial.py
[2023-09-28T18:09:35.034+0000] {processor.py:829} INFO - Processing file /home/airflow/.local/lib/python3.8/site-packages/airflow/example_dags/example_params_ui_tutorial.py for tasks to queue
[2023-09-28T18:09:35.036+0000] {logging_mixin.py:151} INFO - [2023-09-28T18:09:35.036+0000] {dagbag.py:539} INFO - Filling up the DagBag from /home/airflow/.local/lib/python3.8/site-packages/airflow/example_dags/example_params_ui_tutorial.py
[2023-09-28T18:09:35.058+0000] {processor.py:839} INFO - DAG(s) dict_keys(['example_params_ui_tutorial']) retrieved from /home/airflow/.local/lib/python3.8/site-packages/airflow/example_dags/example_params_ui_tutorial.py
[2023-09-28T18:09:35.090+0000] {logging_mixin.py:151} INFO - [2023-09-28T18:09:35.090+0000] {dag.py:2915} INFO - Sync 1 DAGs
[2023-09-28T18:09:35.100+0000] {logging_mixin.py:151} INFO - [2023-09-28T18:09:35.100+0000] {dag.py:3696} INFO - Setting next_dagrun for example_params_ui_tutorial to None, run_after=None
[2023-09-28T18:09:35.114+0000] {processor.py:179} INFO - Processing /home/airflow/.local/lib/python3.8/site-packages/airflow/example_dags/example_params_ui_tutorial.py took 0.085 seconds
[2023-09-28T18:10:05.861+0000] {processor.py:157} INFO - Started process (PID=556) to work on /home/airflow/.local/lib/python3.8/site-packages/airflow/example_dags/example_params_ui_tutorial.py
[2023-09-28T18:10:05.864+0000] {processor.py:829} INFO - Processing file /home/airflow/.local/lib/python3.8/site-packages/airflow/example_dags/example_params_ui_tutorial.py for tasks to queue
[2023-09-28T18:10:05.866+0000] {logging_mixin.py:151} INFO - [2023-09-28T18:10:05.866+0000] {dagbag.py:539} INFO - Filling up the DagBag from /home/airflow/.local/lib/python3.8/site-packages/airflow/example_dags/example_params_ui_tutorial.py
[2023-09-28T18:10:05.892+0000] {processor.py:839} INFO - DAG(s) dict_keys(['example_params_ui_tutorial']) retrieved from /home/airflow/.local/lib/python3.8/site-packages/airflow/example_dags/example_params_ui_tutorial.py
[2023-09-28T18:10:05.939+0000] {logging_mixin.py:151} INFO - [2023-09-28T18:10:05.939+0000] {dag.py:2915} INFO - Sync 1 DAGs
[2023-09-28T18:10:05.955+0000] {logging_mixin.py:151} INFO - [2023-09-28T18:10:05.955+0000] {dag.py:3696} INFO - Setting next_dagrun for example_params_ui_tutorial to None, run_after=None
[2023-09-28T18:10:05.977+0000] {processor.py:179} INFO - Processing /home/airflow/.local/lib/python3.8/site-packages/airflow/example_dags/example_params_ui_tutorial.py took 0.121 seconds
[2023-09-28T18:10:36.672+0000] {processor.py:157} INFO - Started process (PID=610) to work on /home/airflow/.local/lib/python3.8/site-packages/airflow/example_dags/example_params_ui_tutorial.py
[2023-09-28T18:10:36.674+0000] {processor.py:829} INFO - Processing file /home/airflow/.local/lib/python3.8/site-packages/airflow/example_dags/example_params_ui_tutorial.py for tasks to queue
[2023-09-28T18:10:36.677+0000] {logging_mixin.py:151} INFO - [2023-09-28T18:10:36.677+0000] {dagbag.py:539} INFO - Filling up the DagBag from /home/airflow/.local/lib/python3.8/site-packages/airflow/example_dags/example_params_ui_tutorial.py
[2023-09-28T18:10:36.699+0000] {processor.py:839} INFO - DAG(s) dict_keys(['example_params_ui_tutorial']) retrieved from /home/airflow/.local/lib/python3.8/site-packages/airflow/example_dags/example_params_ui_tutorial.py
[2023-09-28T18:10:36.732+0000] {logging_mixin.py:151} INFO - [2023-09-28T18:10:36.732+0000] {dag.py:2915} INFO - Sync 1 DAGs
[2023-09-28T18:10:36.742+0000] {logging_mixin.py:151} INFO - [2023-09-28T18:10:36.742+0000] {dag.py:3696} INFO - Setting next_dagrun for example_params_ui_tutorial to None, run_after=None
[2023-09-28T18:10:36.755+0000] {processor.py:179} INFO - Processing /home/airflow/.local/lib/python3.8/site-packages/airflow/example_dags/example_params_ui_tutorial.py took 0.085 seconds
[2023-09-28T18:11:08.183+0000] {processor.py:157} INFO - Started process (PID=664) to work on /home/airflow/.local/lib/python3.8/site-packages/airflow/example_dags/example_params_ui_tutorial.py
[2023-09-28T18:11:08.189+0000] {processor.py:829} INFO - Processing file /home/airflow/.local/lib/python3.8/site-packages/airflow/example_dags/example_params_ui_tutorial.py for tasks to queue
[2023-09-28T18:11:08.194+0000] {logging_mixin.py:151} INFO - [2023-09-28T18:11:08.193+0000] {dagbag.py:539} INFO - Filling up the DagBag from /home/airflow/.local/lib/python3.8/site-packages/airflow/example_dags/example_params_ui_tutorial.py
[2023-09-28T18:11:08.232+0000] {processor.py:839} INFO - DAG(s) dict_keys(['example_params_ui_tutorial']) retrieved from /home/airflow/.local/lib/python3.8/site-packages/airflow/example_dags/example_params_ui_tutorial.py
[2023-09-28T18:11:08.298+0000] {logging_mixin.py:151} INFO - [2023-09-28T18:11:08.298+0000] {dag.py:2915} INFO - Sync 1 DAGs
[2023-09-28T18:11:08.315+0000] {logging_mixin.py:151} INFO - [2023-09-28T18:11:08.314+0000] {dag.py:3696} INFO - Setting next_dagrun for example_params_ui_tutorial to None, run_after=None
[2023-09-28T18:11:08.342+0000] {processor.py:179} INFO - Processing /home/airflow/.local/lib/python3.8/site-packages/airflow/example_dags/example_params_ui_tutorial.py took 0.162 seconds
[2023-09-28T18:13:58.331+0000] {processor.py:157} INFO - Started process (PID=71) to work on /home/airflow/.local/lib/python3.8/site-packages/airflow/example_dags/example_params_ui_tutorial.py
[2023-09-28T18:13:58.335+0000] {processor.py:829} INFO - Processing file /home/airflow/.local/lib/python3.8/site-packages/airflow/example_dags/example_params_ui_tutorial.py for tasks to queue
[2023-09-28T18:13:58.344+0000] {logging_mixin.py:151} INFO - [2023-09-28T18:13:58.343+0000] {dagbag.py:539} INFO - Filling up the DagBag from /home/airflow/.local/lib/python3.8/site-packages/airflow/example_dags/example_params_ui_tutorial.py
[2023-09-28T18:13:58.368+0000] {processor.py:839} INFO - DAG(s) dict_keys(['example_params_ui_tutorial']) retrieved from /home/airflow/.local/lib/python3.8/site-packages/airflow/example_dags/example_params_ui_tutorial.py
[2023-09-28T18:13:58.452+0000] {logging_mixin.py:151} INFO - [2023-09-28T18:13:58.452+0000] {manager.py:499} INFO - Created Permission View: %s
[2023-09-28T18:13:58.462+0000] {logging_mixin.py:151} INFO - [2023-09-28T18:13:58.462+0000] {manager.py:499} INFO - Created Permission View: %s
[2023-09-28T18:13:58.468+0000] {logging_mixin.py:151} INFO - [2023-09-28T18:13:58.468+0000] {manager.py:499} INFO - Created Permission View: %s
[2023-09-28T18:13:58.469+0000] {logging_mixin.py:151} INFO - [2023-09-28T18:13:58.469+0000] {security.py:708} INFO - Not syncing DAG-level permissions for DAG 'DAG:example_params_ui_tutorial' as access control is unset.
[2023-09-28T18:13:58.470+0000] {logging_mixin.py:151} INFO - [2023-09-28T18:13:58.470+0000] {dag.py:2915} INFO - Sync 1 DAGs
[2023-09-28T18:13:58.479+0000] {logging_mixin.py:151} INFO - [2023-09-28T18:13:58.479+0000] {dag.py:2937} INFO - Creating ORM DAG for example_params_ui_tutorial
[2023-09-28T18:13:58.480+0000] {logging_mixin.py:151} INFO - [2023-09-28T18:13:58.480+0000] {dag.py:3696} INFO - Setting next_dagrun for example_params_ui_tutorial to None, run_after=None
[2023-09-28T18:13:58.493+0000] {processor.py:179} INFO - Processing /home/airflow/.local/lib/python3.8/site-packages/airflow/example_dags/example_params_ui_tutorial.py took 0.164 seconds
[2023-09-28T18:14:28.770+0000] {processor.py:157} INFO - Started process (PID=125) to work on /home/airflow/.local/lib/python3.8/site-packages/airflow/example_dags/example_params_ui_tutorial.py
[2023-09-28T18:14:28.772+0000] {processor.py:829} INFO - Processing file /home/airflow/.local/lib/python3.8/site-packages/airflow/example_dags/example_params_ui_tutorial.py for tasks to queue
[2023-09-28T18:14:28.774+0000] {logging_mixin.py:151} INFO - [2023-09-28T18:14:28.774+0000] {dagbag.py:539} INFO - Filling up the DagBag from /home/airflow/.local/lib/python3.8/site-packages/airflow/example_dags/example_params_ui_tutorial.py
[2023-09-28T18:14:28.796+0000] {processor.py:839} INFO - DAG(s) dict_keys(['example_params_ui_tutorial']) retrieved from /home/airflow/.local/lib/python3.8/site-packages/airflow/example_dags/example_params_ui_tutorial.py
[2023-09-28T18:14:28.828+0000] {logging_mixin.py:151} INFO - [2023-09-28T18:14:28.828+0000] {dag.py:2915} INFO - Sync 1 DAGs
[2023-09-28T18:14:28.838+0000] {logging_mixin.py:151} INFO - [2023-09-28T18:14:28.838+0000] {dag.py:3696} INFO - Setting next_dagrun for example_params_ui_tutorial to None, run_after=None
[2023-09-28T18:14:28.851+0000] {processor.py:179} INFO - Processing /home/airflow/.local/lib/python3.8/site-packages/airflow/example_dags/example_params_ui_tutorial.py took 0.084 seconds
[2023-09-28T18:14:59.585+0000] {processor.py:157} INFO - Started process (PID=179) to work on /home/airflow/.local/lib/python3.8/site-packages/airflow/example_dags/example_params_ui_tutorial.py
[2023-09-28T18:14:59.587+0000] {processor.py:829} INFO - Processing file /home/airflow/.local/lib/python3.8/site-packages/airflow/example_dags/example_params_ui_tutorial.py for tasks to queue
[2023-09-28T18:14:59.590+0000] {logging_mixin.py:151} INFO - [2023-09-28T18:14:59.589+0000] {dagbag.py:539} INFO - Filling up the DagBag from /home/airflow/.local/lib/python3.8/site-packages/airflow/example_dags/example_params_ui_tutorial.py
[2023-09-28T18:14:59.611+0000] {processor.py:839} INFO - DAG(s) dict_keys(['example_params_ui_tutorial']) retrieved from /home/airflow/.local/lib/python3.8/site-packages/airflow/example_dags/example_params_ui_tutorial.py
[2023-09-28T18:14:59.642+0000] {logging_mixin.py:151} INFO - [2023-09-28T18:14:59.642+0000] {dag.py:2915} INFO - Sync 1 DAGs
[2023-09-28T18:14:59.650+0000] {logging_mixin.py:151} INFO - [2023-09-28T18:14:59.650+0000] {dag.py:3696} INFO - Setting next_dagrun for example_params_ui_tutorial to None, run_after=None
[2023-09-28T18:14:59.664+0000] {processor.py:179} INFO - Processing /home/airflow/.local/lib/python3.8/site-packages/airflow/example_dags/example_params_ui_tutorial.py took 0.081 seconds
[2023-09-28T18:15:30.256+0000] {processor.py:157} INFO - Started process (PID=233) to work on /home/airflow/.local/lib/python3.8/site-packages/airflow/example_dags/example_params_ui_tutorial.py
[2023-09-28T18:15:30.259+0000] {processor.py:829} INFO - Processing file /home/airflow/.local/lib/python3.8/site-packages/airflow/example_dags/example_params_ui_tutorial.py for tasks to queue
[2023-09-28T18:15:30.261+0000] {logging_mixin.py:151} INFO - [2023-09-28T18:15:30.261+0000] {dagbag.py:539} INFO - Filling up the DagBag from /home/airflow/.local/lib/python3.8/site-packages/airflow/example_dags/example_params_ui_tutorial.py
[2023-09-28T18:15:30.282+0000] {processor.py:839} INFO - DAG(s) dict_keys(['example_params_ui_tutorial']) retrieved from /home/airflow/.local/lib/python3.8/site-packages/airflow/example_dags/example_params_ui_tutorial.py
[2023-09-28T18:15:30.322+0000] {logging_mixin.py:151} INFO - [2023-09-28T18:15:30.322+0000] {dag.py:2915} INFO - Sync 1 DAGs
[2023-09-28T18:15:30.331+0000] {logging_mixin.py:151} INFO - [2023-09-28T18:15:30.331+0000] {dag.py:3696} INFO - Setting next_dagrun for example_params_ui_tutorial to None, run_after=None
[2023-09-28T18:15:30.344+0000] {processor.py:179} INFO - Processing /home/airflow/.local/lib/python3.8/site-packages/airflow/example_dags/example_params_ui_tutorial.py took 0.090 seconds
[2023-09-28T18:16:00.982+0000] {processor.py:157} INFO - Started process (PID=287) to work on /home/airflow/.local/lib/python3.8/site-packages/airflow/example_dags/example_params_ui_tutorial.py
[2023-09-28T18:16:00.984+0000] {processor.py:829} INFO - Processing file /home/airflow/.local/lib/python3.8/site-packages/airflow/example_dags/example_params_ui_tutorial.py for tasks to queue
[2023-09-28T18:16:00.986+0000] {logging_mixin.py:151} INFO - [2023-09-28T18:16:00.986+0000] {dagbag.py:539} INFO - Filling up the DagBag from /home/airflow/.local/lib/python3.8/site-packages/airflow/example_dags/example_params_ui_tutorial.py
[2023-09-28T18:16:01.007+0000] {processor.py:839} INFO - DAG(s) dict_keys(['example_params_ui_tutorial']) retrieved from /home/airflow/.local/lib/python3.8/site-packages/airflow/example_dags/example_params_ui_tutorial.py
[2023-09-28T18:16:01.039+0000] {logging_mixin.py:151} INFO - [2023-09-28T18:16:01.039+0000] {dag.py:2915} INFO - Sync 1 DAGs
[2023-09-28T18:16:01.049+0000] {logging_mixin.py:151} INFO - [2023-09-28T18:16:01.048+0000] {dag.py:3696} INFO - Setting next_dagrun for example_params_ui_tutorial to None, run_after=None
[2023-09-28T18:16:01.063+0000] {processor.py:179} INFO - Processing /home/airflow/.local/lib/python3.8/site-packages/airflow/example_dags/example_params_ui_tutorial.py took 0.083 seconds
[2023-09-28T18:16:31.683+0000] {processor.py:157} INFO - Started process (PID=341) to work on /home/airflow/.local/lib/python3.8/site-packages/airflow/example_dags/example_params_ui_tutorial.py
[2023-09-28T18:16:31.684+0000] {processor.py:829} INFO - Processing file /home/airflow/.local/lib/python3.8/site-packages/airflow/example_dags/example_params_ui_tutorial.py for tasks to queue
[2023-09-28T18:16:31.686+0000] {logging_mixin.py:151} INFO - [2023-09-28T18:16:31.686+0000] {dagbag.py:539} INFO - Filling up the DagBag from /home/airflow/.local/lib/python3.8/site-packages/airflow/example_dags/example_params_ui_tutorial.py
[2023-09-28T18:16:31.709+0000] {processor.py:839} INFO - DAG(s) dict_keys(['example_params_ui_tutorial']) retrieved from /home/airflow/.local/lib/python3.8/site-packages/airflow/example_dags/example_params_ui_tutorial.py
[2023-09-28T18:16:31.745+0000] {logging_mixin.py:151} INFO - [2023-09-28T18:16:31.745+0000] {dag.py:2915} INFO - Sync 1 DAGs
[2023-09-28T18:16:31.758+0000] {logging_mixin.py:151} INFO - [2023-09-28T18:16:31.758+0000] {dag.py:3696} INFO - Setting next_dagrun for example_params_ui_tutorial to None, run_after=None
[2023-09-28T18:16:31.773+0000] {processor.py:179} INFO - Processing /home/airflow/.local/lib/python3.8/site-packages/airflow/example_dags/example_params_ui_tutorial.py took 0.093 seconds
[2023-09-28T18:17:02.477+0000] {processor.py:157} INFO - Started process (PID=395) to work on /home/airflow/.local/lib/python3.8/site-packages/airflow/example_dags/example_params_ui_tutorial.py
[2023-09-28T18:17:02.481+0000] {processor.py:829} INFO - Processing file /home/airflow/.local/lib/python3.8/site-packages/airflow/example_dags/example_params_ui_tutorial.py for tasks to queue
[2023-09-28T18:17:02.483+0000] {logging_mixin.py:151} INFO - [2023-09-28T18:17:02.483+0000] {dagbag.py:539} INFO - Filling up the DagBag from /home/airflow/.local/lib/python3.8/site-packages/airflow/example_dags/example_params_ui_tutorial.py
[2023-09-28T18:17:02.504+0000] {processor.py:839} INFO - DAG(s) dict_keys(['example_params_ui_tutorial']) retrieved from /home/airflow/.local/lib/python3.8/site-packages/airflow/example_dags/example_params_ui_tutorial.py
[2023-09-28T18:17:02.536+0000] {logging_mixin.py:151} INFO - [2023-09-28T18:17:02.536+0000] {dag.py:2915} INFO - Sync 1 DAGs
[2023-09-28T18:17:02.546+0000] {logging_mixin.py:151} INFO - [2023-09-28T18:17:02.546+0000] {dag.py:3696} INFO - Setting next_dagrun for example_params_ui_tutorial to None, run_after=None
[2023-09-28T18:17:02.561+0000] {processor.py:179} INFO - Processing /home/airflow/.local/lib/python3.8/site-packages/airflow/example_dags/example_params_ui_tutorial.py took 0.086 seconds
[2023-09-28T18:17:33.013+0000] {processor.py:157} INFO - Started process (PID=448) to work on /home/airflow/.local/lib/python3.8/site-packages/airflow/example_dags/example_params_ui_tutorial.py
[2023-09-28T18:17:33.015+0000] {processor.py:829} INFO - Processing file /home/airflow/.local/lib/python3.8/site-packages/airflow/example_dags/example_params_ui_tutorial.py for tasks to queue
[2023-09-28T18:17:33.017+0000] {logging_mixin.py:151} INFO - [2023-09-28T18:17:33.017+0000] {dagbag.py:539} INFO - Filling up the DagBag from /home/airflow/.local/lib/python3.8/site-packages/airflow/example_dags/example_params_ui_tutorial.py
[2023-09-28T18:17:33.037+0000] {processor.py:839} INFO - DAG(s) dict_keys(['example_params_ui_tutorial']) retrieved from /home/airflow/.local/lib/python3.8/site-packages/airflow/example_dags/example_params_ui_tutorial.py
[2023-09-28T18:17:33.074+0000] {logging_mixin.py:151} INFO - [2023-09-28T18:17:33.074+0000] {dag.py:2915} INFO - Sync 1 DAGs
[2023-09-28T18:17:33.086+0000] {logging_mixin.py:151} INFO - [2023-09-28T18:17:33.086+0000] {dag.py:3696} INFO - Setting next_dagrun for example_params_ui_tutorial to None, run_after=None
[2023-09-28T18:17:33.098+0000] {processor.py:179} INFO - Processing /home/airflow/.local/lib/python3.8/site-packages/airflow/example_dags/example_params_ui_tutorial.py took 0.088 seconds
[2023-09-28T18:18:03.872+0000] {processor.py:157} INFO - Started process (PID=503) to work on /home/airflow/.local/lib/python3.8/site-packages/airflow/example_dags/example_params_ui_tutorial.py
[2023-09-28T18:18:03.873+0000] {processor.py:829} INFO - Processing file /home/airflow/.local/lib/python3.8/site-packages/airflow/example_dags/example_params_ui_tutorial.py for tasks to queue
[2023-09-28T18:18:03.875+0000] {logging_mixin.py:151} INFO - [2023-09-28T18:18:03.875+0000] {dagbag.py:539} INFO - Filling up the DagBag from /home/airflow/.local/lib/python3.8/site-packages/airflow/example_dags/example_params_ui_tutorial.py
[2023-09-28T18:18:03.896+0000] {processor.py:839} INFO - DAG(s) dict_keys(['example_params_ui_tutorial']) retrieved from /home/airflow/.local/lib/python3.8/site-packages/airflow/example_dags/example_params_ui_tutorial.py
[2023-09-28T18:18:03.927+0000] {logging_mixin.py:151} INFO - [2023-09-28T18:18:03.927+0000] {dag.py:2915} INFO - Sync 1 DAGs
[2023-09-28T18:18:03.941+0000] {logging_mixin.py:151} INFO - [2023-09-28T18:18:03.941+0000] {dag.py:3696} INFO - Setting next_dagrun for example_params_ui_tutorial to None, run_after=None
[2023-09-28T18:18:03.955+0000] {processor.py:179} INFO - Processing /home/airflow/.local/lib/python3.8/site-packages/airflow/example_dags/example_params_ui_tutorial.py took 0.086 seconds
[2023-09-28T18:18:34.660+0000] {processor.py:157} INFO - Started process (PID=557) to work on /home/airflow/.local/lib/python3.8/site-packages/airflow/example_dags/example_params_ui_tutorial.py
[2023-09-28T18:18:34.663+0000] {processor.py:829} INFO - Processing file /home/airflow/.local/lib/python3.8/site-packages/airflow/example_dags/example_params_ui_tutorial.py for tasks to queue
[2023-09-28T18:18:34.666+0000] {logging_mixin.py:151} INFO - [2023-09-28T18:18:34.666+0000] {dagbag.py:539} INFO - Filling up the DagBag from /home/airflow/.local/lib/python3.8/site-packages/airflow/example_dags/example_params_ui_tutorial.py
[2023-09-28T18:18:34.688+0000] {processor.py:839} INFO - DAG(s) dict_keys(['example_params_ui_tutorial']) retrieved from /home/airflow/.local/lib/python3.8/site-packages/airflow/example_dags/example_params_ui_tutorial.py
[2023-09-28T18:18:34.722+0000] {logging_mixin.py:151} INFO - [2023-09-28T18:18:34.722+0000] {dag.py:2915} INFO - Sync 1 DAGs
[2023-09-28T18:18:34.732+0000] {logging_mixin.py:151} INFO - [2023-09-28T18:18:34.732+0000] {dag.py:3696} INFO - Setting next_dagrun for example_params_ui_tutorial to None, run_after=None
[2023-09-28T18:18:34.752+0000] {processor.py:179} INFO - Processing /home/airflow/.local/lib/python3.8/site-packages/airflow/example_dags/example_params_ui_tutorial.py took 0.094 seconds
[2023-09-28T18:19:05.408+0000] {processor.py:157} INFO - Started process (PID=612) to work on /home/airflow/.local/lib/python3.8/site-packages/airflow/example_dags/example_params_ui_tutorial.py
[2023-09-28T18:19:05.410+0000] {processor.py:829} INFO - Processing file /home/airflow/.local/lib/python3.8/site-packages/airflow/example_dags/example_params_ui_tutorial.py for tasks to queue
[2023-09-28T18:19:05.413+0000] {logging_mixin.py:151} INFO - [2023-09-28T18:19:05.413+0000] {dagbag.py:539} INFO - Filling up the DagBag from /home/airflow/.local/lib/python3.8/site-packages/airflow/example_dags/example_params_ui_tutorial.py
[2023-09-28T18:19:05.433+0000] {processor.py:839} INFO - DAG(s) dict_keys(['example_params_ui_tutorial']) retrieved from /home/airflow/.local/lib/python3.8/site-packages/airflow/example_dags/example_params_ui_tutorial.py
[2023-09-28T18:19:05.467+0000] {logging_mixin.py:151} INFO - [2023-09-28T18:19:05.467+0000] {dag.py:2915} INFO - Sync 1 DAGs
[2023-09-28T18:19:05.477+0000] {logging_mixin.py:151} INFO - [2023-09-28T18:19:05.476+0000] {dag.py:3696} INFO - Setting next_dagrun for example_params_ui_tutorial to None, run_after=None
[2023-09-28T18:19:05.491+0000] {processor.py:179} INFO - Processing /home/airflow/.local/lib/python3.8/site-packages/airflow/example_dags/example_params_ui_tutorial.py took 0.086 seconds
[2023-09-28T18:19:36.154+0000] {processor.py:157} INFO - Started process (PID=666) to work on /home/airflow/.local/lib/python3.8/site-packages/airflow/example_dags/example_params_ui_tutorial.py
[2023-09-28T18:19:36.157+0000] {processor.py:829} INFO - Processing file /home/airflow/.local/lib/python3.8/site-packages/airflow/example_dags/example_params_ui_tutorial.py for tasks to queue
[2023-09-28T18:19:36.159+0000] {logging_mixin.py:151} INFO - [2023-09-28T18:19:36.159+0000] {dagbag.py:539} INFO - Filling up the DagBag from /home/airflow/.local/lib/python3.8/site-packages/airflow/example_dags/example_params_ui_tutorial.py
[2023-09-28T18:19:36.181+0000] {processor.py:839} INFO - DAG(s) dict_keys(['example_params_ui_tutorial']) retrieved from /home/airflow/.local/lib/python3.8/site-packages/airflow/example_dags/example_params_ui_tutorial.py
[2023-09-28T18:19:36.214+0000] {logging_mixin.py:151} INFO - [2023-09-28T18:19:36.214+0000] {dag.py:2915} INFO - Sync 1 DAGs
[2023-09-28T18:19:36.229+0000] {logging_mixin.py:151} INFO - [2023-09-28T18:19:36.229+0000] {dag.py:3696} INFO - Setting next_dagrun for example_params_ui_tutorial to None, run_after=None
[2023-09-28T18:19:36.245+0000] {processor.py:179} INFO - Processing /home/airflow/.local/lib/python3.8/site-packages/airflow/example_dags/example_params_ui_tutorial.py took 0.093 seconds
[2023-09-28T18:20:06.854+0000] {processor.py:157} INFO - Started process (PID=720) to work on /home/airflow/.local/lib/python3.8/site-packages/airflow/example_dags/example_params_ui_tutorial.py
[2023-09-28T18:20:06.856+0000] {processor.py:829} INFO - Processing file /home/airflow/.local/lib/python3.8/site-packages/airflow/example_dags/example_params_ui_tutorial.py for tasks to queue
[2023-09-28T18:20:06.862+0000] {logging_mixin.py:151} INFO - [2023-09-28T18:20:06.862+0000] {dagbag.py:539} INFO - Filling up the DagBag from /home/airflow/.local/lib/python3.8/site-packages/airflow/example_dags/example_params_ui_tutorial.py
[2023-09-28T18:20:06.885+0000] {processor.py:839} INFO - DAG(s) dict_keys(['example_params_ui_tutorial']) retrieved from /home/airflow/.local/lib/python3.8/site-packages/airflow/example_dags/example_params_ui_tutorial.py
[2023-09-28T18:20:06.920+0000] {logging_mixin.py:151} INFO - [2023-09-28T18:20:06.920+0000] {dag.py:2915} INFO - Sync 1 DAGs
[2023-09-28T18:20:06.930+0000] {logging_mixin.py:151} INFO - [2023-09-28T18:20:06.930+0000] {dag.py:3696} INFO - Setting next_dagrun for example_params_ui_tutorial to None, run_after=None
[2023-09-28T18:20:06.943+0000] {processor.py:179} INFO - Processing /home/airflow/.local/lib/python3.8/site-packages/airflow/example_dags/example_params_ui_tutorial.py took 0.091 seconds
[2023-09-28T18:20:37.514+0000] {processor.py:157} INFO - Started process (PID=773) to work on /home/airflow/.local/lib/python3.8/site-packages/airflow/example_dags/example_params_ui_tutorial.py
[2023-09-28T18:20:37.518+0000] {processor.py:829} INFO - Processing file /home/airflow/.local/lib/python3.8/site-packages/airflow/example_dags/example_params_ui_tutorial.py for tasks to queue
[2023-09-28T18:20:37.520+0000] {logging_mixin.py:151} INFO - [2023-09-28T18:20:37.520+0000] {dagbag.py:539} INFO - Filling up the DagBag from /home/airflow/.local/lib/python3.8/site-packages/airflow/example_dags/example_params_ui_tutorial.py
[2023-09-28T18:20:37.541+0000] {processor.py:839} INFO - DAG(s) dict_keys(['example_params_ui_tutorial']) retrieved from /home/airflow/.local/lib/python3.8/site-packages/airflow/example_dags/example_params_ui_tutorial.py
[2023-09-28T18:20:37.575+0000] {logging_mixin.py:151} INFO - [2023-09-28T18:20:37.575+0000] {dag.py:2915} INFO - Sync 1 DAGs
[2023-09-28T18:20:37.584+0000] {logging_mixin.py:151} INFO - [2023-09-28T18:20:37.584+0000] {dag.py:3696} INFO - Setting next_dagrun for example_params_ui_tutorial to None, run_after=None
[2023-09-28T18:20:37.597+0000] {processor.py:179} INFO - Processing /home/airflow/.local/lib/python3.8/site-packages/airflow/example_dags/example_params_ui_tutorial.py took 0.085 seconds
[2023-09-28T18:21:08.439+0000] {processor.py:157} INFO - Started process (PID=827) to work on /home/airflow/.local/lib/python3.8/site-packages/airflow/example_dags/example_params_ui_tutorial.py
[2023-09-28T18:21:08.443+0000] {processor.py:829} INFO - Processing file /home/airflow/.local/lib/python3.8/site-packages/airflow/example_dags/example_params_ui_tutorial.py for tasks to queue
[2023-09-28T18:21:08.445+0000] {logging_mixin.py:151} INFO - [2023-09-28T18:21:08.445+0000] {dagbag.py:539} INFO - Filling up the DagBag from /home/airflow/.local/lib/python3.8/site-packages/airflow/example_dags/example_params_ui_tutorial.py
[2023-09-28T18:21:08.467+0000] {processor.py:839} INFO - DAG(s) dict_keys(['example_params_ui_tutorial']) retrieved from /home/airflow/.local/lib/python3.8/site-packages/airflow/example_dags/example_params_ui_tutorial.py
[2023-09-28T18:21:08.501+0000] {logging_mixin.py:151} INFO - [2023-09-28T18:21:08.501+0000] {dag.py:2915} INFO - Sync 1 DAGs
[2023-09-28T18:21:08.512+0000] {logging_mixin.py:151} INFO - [2023-09-28T18:21:08.511+0000] {dag.py:3696} INFO - Setting next_dagrun for example_params_ui_tutorial to None, run_after=None
[2023-09-28T18:21:08.526+0000] {processor.py:179} INFO - Processing /home/airflow/.local/lib/python3.8/site-packages/airflow/example_dags/example_params_ui_tutorial.py took 0.090 seconds
[2023-09-28T18:21:39.229+0000] {processor.py:157} INFO - Started process (PID=881) to work on /home/airflow/.local/lib/python3.8/site-packages/airflow/example_dags/example_params_ui_tutorial.py
[2023-09-28T18:21:39.231+0000] {processor.py:829} INFO - Processing file /home/airflow/.local/lib/python3.8/site-packages/airflow/example_dags/example_params_ui_tutorial.py for tasks to queue
[2023-09-28T18:21:39.233+0000] {logging_mixin.py:151} INFO - [2023-09-28T18:21:39.233+0000] {dagbag.py:539} INFO - Filling up the DagBag from /home/airflow/.local/lib/python3.8/site-packages/airflow/example_dags/example_params_ui_tutorial.py
[2023-09-28T18:21:39.254+0000] {processor.py:839} INFO - DAG(s) dict_keys(['example_params_ui_tutorial']) retrieved from /home/airflow/.local/lib/python3.8/site-packages/airflow/example_dags/example_params_ui_tutorial.py
[2023-09-28T18:21:39.288+0000] {logging_mixin.py:151} INFO - [2023-09-28T18:21:39.287+0000] {dag.py:2915} INFO - Sync 1 DAGs
[2023-09-28T18:21:39.296+0000] {logging_mixin.py:151} INFO - [2023-09-28T18:21:39.296+0000] {dag.py:3696} INFO - Setting next_dagrun for example_params_ui_tutorial to None, run_after=None
[2023-09-28T18:21:39.309+0000] {processor.py:179} INFO - Processing /home/airflow/.local/lib/python3.8/site-packages/airflow/example_dags/example_params_ui_tutorial.py took 0.083 seconds
[2023-09-28T18:22:10.011+0000] {processor.py:157} INFO - Started process (PID=935) to work on /home/airflow/.local/lib/python3.8/site-packages/airflow/example_dags/example_params_ui_tutorial.py
[2023-09-28T18:22:10.014+0000] {processor.py:829} INFO - Processing file /home/airflow/.local/lib/python3.8/site-packages/airflow/example_dags/example_params_ui_tutorial.py for tasks to queue
[2023-09-28T18:22:10.017+0000] {logging_mixin.py:151} INFO - [2023-09-28T18:22:10.017+0000] {dagbag.py:539} INFO - Filling up the DagBag from /home/airflow/.local/lib/python3.8/site-packages/airflow/example_dags/example_params_ui_tutorial.py
[2023-09-28T18:22:10.038+0000] {processor.py:839} INFO - DAG(s) dict_keys(['example_params_ui_tutorial']) retrieved from /home/airflow/.local/lib/python3.8/site-packages/airflow/example_dags/example_params_ui_tutorial.py
[2023-09-28T18:22:10.070+0000] {logging_mixin.py:151} INFO - [2023-09-28T18:22:10.069+0000] {dag.py:2915} INFO - Sync 1 DAGs
[2023-09-28T18:22:10.079+0000] {logging_mixin.py:151} INFO - [2023-09-28T18:22:10.079+0000] {dag.py:3696} INFO - Setting next_dagrun for example_params_ui_tutorial to None, run_after=None
[2023-09-28T18:22:10.098+0000] {processor.py:179} INFO - Processing /home/airflow/.local/lib/python3.8/site-packages/airflow/example_dags/example_params_ui_tutorial.py took 0.090 seconds
[2023-09-28T18:22:40.794+0000] {processor.py:157} INFO - Started process (PID=988) to work on /home/airflow/.local/lib/python3.8/site-packages/airflow/example_dags/example_params_ui_tutorial.py
[2023-09-28T18:22:40.796+0000] {processor.py:829} INFO - Processing file /home/airflow/.local/lib/python3.8/site-packages/airflow/example_dags/example_params_ui_tutorial.py for tasks to queue
[2023-09-28T18:22:40.799+0000] {logging_mixin.py:151} INFO - [2023-09-28T18:22:40.799+0000] {dagbag.py:539} INFO - Filling up the DagBag from /home/airflow/.local/lib/python3.8/site-packages/airflow/example_dags/example_params_ui_tutorial.py
[2023-09-28T18:22:40.820+0000] {processor.py:839} INFO - DAG(s) dict_keys(['example_params_ui_tutorial']) retrieved from /home/airflow/.local/lib/python3.8/site-packages/airflow/example_dags/example_params_ui_tutorial.py
[2023-09-28T18:22:40.852+0000] {logging_mixin.py:151} INFO - [2023-09-28T18:22:40.852+0000] {dag.py:2915} INFO - Sync 1 DAGs
[2023-09-28T18:22:40.868+0000] {logging_mixin.py:151} INFO - [2023-09-28T18:22:40.868+0000] {dag.py:3696} INFO - Setting next_dagrun for example_params_ui_tutorial to None, run_after=None
[2023-09-28T18:22:40.887+0000] {processor.py:179} INFO - Processing /home/airflow/.local/lib/python3.8/site-packages/airflow/example_dags/example_params_ui_tutorial.py took 0.095 seconds
[2023-09-28T18:23:11.748+0000] {processor.py:157} INFO - Started process (PID=1041) to work on /home/airflow/.local/lib/python3.8/site-packages/airflow/example_dags/example_params_ui_tutorial.py
[2023-09-28T18:23:11.751+0000] {processor.py:829} INFO - Processing file /home/airflow/.local/lib/python3.8/site-packages/airflow/example_dags/example_params_ui_tutorial.py for tasks to queue
[2023-09-28T18:23:11.753+0000] {logging_mixin.py:151} INFO - [2023-09-28T18:23:11.753+0000] {dagbag.py:539} INFO - Filling up the DagBag from /home/airflow/.local/lib/python3.8/site-packages/airflow/example_dags/example_params_ui_tutorial.py
[2023-09-28T18:23:11.774+0000] {processor.py:839} INFO - DAG(s) dict_keys(['example_params_ui_tutorial']) retrieved from /home/airflow/.local/lib/python3.8/site-packages/airflow/example_dags/example_params_ui_tutorial.py
[2023-09-28T18:23:11.808+0000] {logging_mixin.py:151} INFO - [2023-09-28T18:23:11.808+0000] {dag.py:2915} INFO - Sync 1 DAGs
[2023-09-28T18:23:11.817+0000] {logging_mixin.py:151} INFO - [2023-09-28T18:23:11.817+0000] {dag.py:3696} INFO - Setting next_dagrun for example_params_ui_tutorial to None, run_after=None
[2023-09-28T18:23:11.829+0000] {processor.py:179} INFO - Processing /home/airflow/.local/lib/python3.8/site-packages/airflow/example_dags/example_params_ui_tutorial.py took 0.083 seconds
[2023-09-28T18:23:42.736+0000] {processor.py:157} INFO - Started process (PID=1095) to work on /home/airflow/.local/lib/python3.8/site-packages/airflow/example_dags/example_params_ui_tutorial.py
[2023-09-28T18:23:42.738+0000] {processor.py:829} INFO - Processing file /home/airflow/.local/lib/python3.8/site-packages/airflow/example_dags/example_params_ui_tutorial.py for tasks to queue
[2023-09-28T18:23:42.744+0000] {logging_mixin.py:151} INFO - [2023-09-28T18:23:42.743+0000] {dagbag.py:539} INFO - Filling up the DagBag from /home/airflow/.local/lib/python3.8/site-packages/airflow/example_dags/example_params_ui_tutorial.py
[2023-09-28T18:23:42.766+0000] {processor.py:839} INFO - DAG(s) dict_keys(['example_params_ui_tutorial']) retrieved from /home/airflow/.local/lib/python3.8/site-packages/airflow/example_dags/example_params_ui_tutorial.py
[2023-09-28T18:23:42.800+0000] {logging_mixin.py:151} INFO - [2023-09-28T18:23:42.800+0000] {dag.py:2915} INFO - Sync 1 DAGs
[2023-09-28T18:23:42.809+0000] {logging_mixin.py:151} INFO - [2023-09-28T18:23:42.809+0000] {dag.py:3696} INFO - Setting next_dagrun for example_params_ui_tutorial to None, run_after=None
[2023-09-28T18:23:42.823+0000] {processor.py:179} INFO - Processing /home/airflow/.local/lib/python3.8/site-packages/airflow/example_dags/example_params_ui_tutorial.py took 0.089 seconds
[2023-09-28T18:34:45.114+0000] {processor.py:157} INFO - Started process (PID=72) to work on /home/airflow/.local/lib/python3.8/site-packages/airflow/example_dags/example_params_ui_tutorial.py
[2023-09-28T18:34:45.119+0000] {processor.py:829} INFO - Processing file /home/airflow/.local/lib/python3.8/site-packages/airflow/example_dags/example_params_ui_tutorial.py for tasks to queue
[2023-09-28T18:34:45.125+0000] {logging_mixin.py:151} INFO - [2023-09-28T18:34:45.124+0000] {dagbag.py:539} INFO - Filling up the DagBag from /home/airflow/.local/lib/python3.8/site-packages/airflow/example_dags/example_params_ui_tutorial.py
[2023-09-28T18:34:45.164+0000] {processor.py:839} INFO - DAG(s) dict_keys(['example_params_ui_tutorial']) retrieved from /home/airflow/.local/lib/python3.8/site-packages/airflow/example_dags/example_params_ui_tutorial.py
[2023-09-28T18:34:45.177+0000] {logging_mixin.py:151} INFO - [2023-09-28T18:34:45.177+0000] {dag.py:2915} INFO - Sync 1 DAGs
[2023-09-28T18:34:45.190+0000] {logging_mixin.py:151} INFO - [2023-09-28T18:34:45.190+0000] {dag.py:3696} INFO - Setting next_dagrun for example_params_ui_tutorial to None, run_after=None
[2023-09-28T18:34:45.222+0000] {processor.py:179} INFO - Processing /home/airflow/.local/lib/python3.8/site-packages/airflow/example_dags/example_params_ui_tutorial.py took 0.116 seconds
[2023-09-28T18:35:15.853+0000] {processor.py:157} INFO - Started process (PID=126) to work on /home/airflow/.local/lib/python3.8/site-packages/airflow/example_dags/example_params_ui_tutorial.py
[2023-09-28T18:35:15.856+0000] {processor.py:829} INFO - Processing file /home/airflow/.local/lib/python3.8/site-packages/airflow/example_dags/example_params_ui_tutorial.py for tasks to queue
[2023-09-28T18:35:15.859+0000] {logging_mixin.py:151} INFO - [2023-09-28T18:35:15.858+0000] {dagbag.py:539} INFO - Filling up the DagBag from /home/airflow/.local/lib/python3.8/site-packages/airflow/example_dags/example_params_ui_tutorial.py
[2023-09-28T18:35:15.881+0000] {processor.py:839} INFO - DAG(s) dict_keys(['example_params_ui_tutorial']) retrieved from /home/airflow/.local/lib/python3.8/site-packages/airflow/example_dags/example_params_ui_tutorial.py
[2023-09-28T18:35:15.928+0000] {logging_mixin.py:151} INFO - [2023-09-28T18:35:15.927+0000] {dag.py:2915} INFO - Sync 1 DAGs
[2023-09-28T18:35:15.943+0000] {logging_mixin.py:151} INFO - [2023-09-28T18:35:15.943+0000] {dag.py:3696} INFO - Setting next_dagrun for example_params_ui_tutorial to None, run_after=None
[2023-09-28T18:35:15.987+0000] {processor.py:179} INFO - Processing /home/airflow/.local/lib/python3.8/site-packages/airflow/example_dags/example_params_ui_tutorial.py took 0.136 seconds
[2023-09-28T18:35:46.292+0000] {processor.py:157} INFO - Started process (PID=180) to work on /home/airflow/.local/lib/python3.8/site-packages/airflow/example_dags/example_params_ui_tutorial.py
[2023-09-28T18:35:46.294+0000] {processor.py:829} INFO - Processing file /home/airflow/.local/lib/python3.8/site-packages/airflow/example_dags/example_params_ui_tutorial.py for tasks to queue
[2023-09-28T18:35:46.297+0000] {logging_mixin.py:151} INFO - [2023-09-28T18:35:46.297+0000] {dagbag.py:539} INFO - Filling up the DagBag from /home/airflow/.local/lib/python3.8/site-packages/airflow/example_dags/example_params_ui_tutorial.py
[2023-09-28T18:35:46.321+0000] {processor.py:839} INFO - DAG(s) dict_keys(['example_params_ui_tutorial']) retrieved from /home/airflow/.local/lib/python3.8/site-packages/airflow/example_dags/example_params_ui_tutorial.py
[2023-09-28T18:35:46.354+0000] {logging_mixin.py:151} INFO - [2023-09-28T18:35:46.354+0000] {dag.py:2915} INFO - Sync 1 DAGs
[2023-09-28T18:35:46.363+0000] {logging_mixin.py:151} INFO - [2023-09-28T18:35:46.363+0000] {dag.py:3696} INFO - Setting next_dagrun for example_params_ui_tutorial to None, run_after=None
[2023-09-28T18:35:46.375+0000] {processor.py:179} INFO - Processing /home/airflow/.local/lib/python3.8/site-packages/airflow/example_dags/example_params_ui_tutorial.py took 0.086 seconds
[2023-09-28T18:36:17.177+0000] {processor.py:157} INFO - Started process (PID=234) to work on /home/airflow/.local/lib/python3.8/site-packages/airflow/example_dags/example_params_ui_tutorial.py
[2023-09-28T18:36:17.179+0000] {processor.py:829} INFO - Processing file /home/airflow/.local/lib/python3.8/site-packages/airflow/example_dags/example_params_ui_tutorial.py for tasks to queue
[2023-09-28T18:36:17.181+0000] {logging_mixin.py:151} INFO - [2023-09-28T18:36:17.181+0000] {dagbag.py:539} INFO - Filling up the DagBag from /home/airflow/.local/lib/python3.8/site-packages/airflow/example_dags/example_params_ui_tutorial.py
[2023-09-28T18:36:17.202+0000] {processor.py:839} INFO - DAG(s) dict_keys(['example_params_ui_tutorial']) retrieved from /home/airflow/.local/lib/python3.8/site-packages/airflow/example_dags/example_params_ui_tutorial.py
[2023-09-28T18:36:17.235+0000] {logging_mixin.py:151} INFO - [2023-09-28T18:36:17.234+0000] {dag.py:2915} INFO - Sync 1 DAGs
[2023-09-28T18:36:17.243+0000] {logging_mixin.py:151} INFO - [2023-09-28T18:36:17.243+0000] {dag.py:3696} INFO - Setting next_dagrun for example_params_ui_tutorial to None, run_after=None
[2023-09-28T18:36:17.256+0000] {processor.py:179} INFO - Processing /home/airflow/.local/lib/python3.8/site-packages/airflow/example_dags/example_params_ui_tutorial.py took 0.082 seconds
