[2023-09-28T18:05:27.341+0000] {processor.py:157} INFO - Started process (PID=39) to work on /home/airflow/.local/lib/python3.8/site-packages/airflow/example_dags/example_short_circuit_operator.py
[2023-09-28T18:05:27.343+0000] {processor.py:829} INFO - Processing file /home/airflow/.local/lib/python3.8/site-packages/airflow/example_dags/example_short_circuit_operator.py for tasks to queue
[2023-09-28T18:05:27.346+0000] {logging_mixin.py:151} INFO - [2023-09-28T18:05:27.346+0000] {dagbag.py:539} INFO - Filling up the DagBag from /home/airflow/.local/lib/python3.8/site-packages/airflow/example_dags/example_short_circuit_operator.py
[2023-09-28T18:05:27.356+0000] {processor.py:839} INFO - DAG(s) dict_keys(['example_short_circuit_operator']) retrieved from /home/airflow/.local/lib/python3.8/site-packages/airflow/example_dags/example_short_circuit_operator.py
[2023-09-28T18:05:27.366+0000] {logging_mixin.py:151} INFO - [2023-09-28T18:05:27.366+0000] {dag.py:2915} INFO - Sync 1 DAGs
[2023-09-28T18:05:27.383+0000] {logging_mixin.py:151} INFO - [2023-09-28T18:05:27.383+0000] {dag.py:3696} INFO - Setting next_dagrun for example_short_circuit_operator to 2023-09-27T18:05:27.382893+00:00, run_after=2023-09-28T18:05:27.382893+00:00
[2023-09-28T18:05:27.397+0000] {processor.py:179} INFO - Processing /home/airflow/.local/lib/python3.8/site-packages/airflow/example_dags/example_short_circuit_operator.py took 0.058 seconds
[2023-09-28T18:05:57.696+0000] {processor.py:157} INFO - Started process (PID=91) to work on /home/airflow/.local/lib/python3.8/site-packages/airflow/example_dags/example_short_circuit_operator.py
[2023-09-28T18:05:57.697+0000] {processor.py:829} INFO - Processing file /home/airflow/.local/lib/python3.8/site-packages/airflow/example_dags/example_short_circuit_operator.py for tasks to queue
[2023-09-28T18:05:57.700+0000] {logging_mixin.py:151} INFO - [2023-09-28T18:05:57.699+0000] {dagbag.py:539} INFO - Filling up the DagBag from /home/airflow/.local/lib/python3.8/site-packages/airflow/example_dags/example_short_circuit_operator.py
[2023-09-28T18:05:57.705+0000] {processor.py:839} INFO - DAG(s) dict_keys(['example_short_circuit_operator']) retrieved from /home/airflow/.local/lib/python3.8/site-packages/airflow/example_dags/example_short_circuit_operator.py
[2023-09-28T18:05:57.725+0000] {logging_mixin.py:151} INFO - [2023-09-28T18:05:57.725+0000] {dag.py:2915} INFO - Sync 1 DAGs
[2023-09-28T18:05:57.739+0000] {logging_mixin.py:151} INFO - [2023-09-28T18:05:57.739+0000] {dag.py:3696} INFO - Setting next_dagrun for example_short_circuit_operator to 2023-09-27T18:05:57.739216+00:00, run_after=2023-09-28T18:05:57.739216+00:00
[2023-09-28T18:05:57.752+0000] {processor.py:179} INFO - Processing /home/airflow/.local/lib/python3.8/site-packages/airflow/example_dags/example_short_circuit_operator.py took 0.059 seconds
[2023-09-28T18:06:28.618+0000] {processor.py:157} INFO - Started process (PID=145) to work on /home/airflow/.local/lib/python3.8/site-packages/airflow/example_dags/example_short_circuit_operator.py
[2023-09-28T18:06:28.620+0000] {processor.py:829} INFO - Processing file /home/airflow/.local/lib/python3.8/site-packages/airflow/example_dags/example_short_circuit_operator.py for tasks to queue
[2023-09-28T18:06:28.623+0000] {logging_mixin.py:151} INFO - [2023-09-28T18:06:28.623+0000] {dagbag.py:539} INFO - Filling up the DagBag from /home/airflow/.local/lib/python3.8/site-packages/airflow/example_dags/example_short_circuit_operator.py
[2023-09-28T18:06:28.629+0000] {processor.py:839} INFO - DAG(s) dict_keys(['example_short_circuit_operator']) retrieved from /home/airflow/.local/lib/python3.8/site-packages/airflow/example_dags/example_short_circuit_operator.py
[2023-09-28T18:06:28.650+0000] {logging_mixin.py:151} INFO - [2023-09-28T18:06:28.650+0000] {dag.py:2915} INFO - Sync 1 DAGs
[2023-09-28T18:06:28.668+0000] {logging_mixin.py:151} INFO - [2023-09-28T18:06:28.668+0000] {dag.py:3696} INFO - Setting next_dagrun for example_short_circuit_operator to 2023-09-27T18:06:28.667973+00:00, run_after=2023-09-28T18:06:28.667973+00:00
[2023-09-28T18:06:28.682+0000] {processor.py:179} INFO - Processing /home/airflow/.local/lib/python3.8/site-packages/airflow/example_dags/example_short_circuit_operator.py took 0.067 seconds
[2023-09-28T18:06:58.770+0000] {processor.py:157} INFO - Started process (PID=199) to work on /home/airflow/.local/lib/python3.8/site-packages/airflow/example_dags/example_short_circuit_operator.py
[2023-09-28T18:06:58.772+0000] {processor.py:829} INFO - Processing file /home/airflow/.local/lib/python3.8/site-packages/airflow/example_dags/example_short_circuit_operator.py for tasks to queue
[2023-09-28T18:06:58.778+0000] {logging_mixin.py:151} INFO - [2023-09-28T18:06:58.778+0000] {dagbag.py:539} INFO - Filling up the DagBag from /home/airflow/.local/lib/python3.8/site-packages/airflow/example_dags/example_short_circuit_operator.py
[2023-09-28T18:06:58.785+0000] {processor.py:839} INFO - DAG(s) dict_keys(['example_short_circuit_operator']) retrieved from /home/airflow/.local/lib/python3.8/site-packages/airflow/example_dags/example_short_circuit_operator.py
[2023-09-28T18:06:58.805+0000] {logging_mixin.py:151} INFO - [2023-09-28T18:06:58.805+0000] {dag.py:2915} INFO - Sync 1 DAGs
[2023-09-28T18:06:58.823+0000] {logging_mixin.py:151} INFO - [2023-09-28T18:06:58.822+0000] {dag.py:3696} INFO - Setting next_dagrun for example_short_circuit_operator to 2023-09-27T18:06:58.822830+00:00, run_after=2023-09-28T18:06:58.822830+00:00
[2023-09-28T18:06:58.841+0000] {processor.py:179} INFO - Processing /home/airflow/.local/lib/python3.8/site-packages/airflow/example_dags/example_short_circuit_operator.py took 0.074 seconds
[2023-09-28T18:07:29.665+0000] {processor.py:157} INFO - Started process (PID=253) to work on /home/airflow/.local/lib/python3.8/site-packages/airflow/example_dags/example_short_circuit_operator.py
[2023-09-28T18:07:29.667+0000] {processor.py:829} INFO - Processing file /home/airflow/.local/lib/python3.8/site-packages/airflow/example_dags/example_short_circuit_operator.py for tasks to queue
[2023-09-28T18:07:29.669+0000] {logging_mixin.py:151} INFO - [2023-09-28T18:07:29.669+0000] {dagbag.py:539} INFO - Filling up the DagBag from /home/airflow/.local/lib/python3.8/site-packages/airflow/example_dags/example_short_circuit_operator.py
[2023-09-28T18:07:29.675+0000] {processor.py:839} INFO - DAG(s) dict_keys(['example_short_circuit_operator']) retrieved from /home/airflow/.local/lib/python3.8/site-packages/airflow/example_dags/example_short_circuit_operator.py
[2023-09-28T18:07:29.694+0000] {logging_mixin.py:151} INFO - [2023-09-28T18:07:29.694+0000] {dag.py:2915} INFO - Sync 1 DAGs
[2023-09-28T18:07:29.711+0000] {logging_mixin.py:151} INFO - [2023-09-28T18:07:29.711+0000] {dag.py:3696} INFO - Setting next_dagrun for example_short_circuit_operator to 2023-09-27T18:07:29.711465+00:00, run_after=2023-09-28T18:07:29.711465+00:00
[2023-09-28T18:07:29.724+0000] {processor.py:179} INFO - Processing /home/airflow/.local/lib/python3.8/site-packages/airflow/example_dags/example_short_circuit_operator.py took 0.061 seconds
[2023-09-28T18:08:00.420+0000] {processor.py:157} INFO - Started process (PID=307) to work on /home/airflow/.local/lib/python3.8/site-packages/airflow/example_dags/example_short_circuit_operator.py
[2023-09-28T18:08:00.422+0000] {processor.py:829} INFO - Processing file /home/airflow/.local/lib/python3.8/site-packages/airflow/example_dags/example_short_circuit_operator.py for tasks to queue
[2023-09-28T18:08:00.424+0000] {logging_mixin.py:151} INFO - [2023-09-28T18:08:00.424+0000] {dagbag.py:539} INFO - Filling up the DagBag from /home/airflow/.local/lib/python3.8/site-packages/airflow/example_dags/example_short_circuit_operator.py
[2023-09-28T18:08:00.429+0000] {processor.py:839} INFO - DAG(s) dict_keys(['example_short_circuit_operator']) retrieved from /home/airflow/.local/lib/python3.8/site-packages/airflow/example_dags/example_short_circuit_operator.py
[2023-09-28T18:08:00.446+0000] {logging_mixin.py:151} INFO - [2023-09-28T18:08:00.446+0000] {dag.py:2915} INFO - Sync 1 DAGs
[2023-09-28T18:08:00.460+0000] {logging_mixin.py:151} INFO - [2023-09-28T18:08:00.460+0000] {dag.py:3696} INFO - Setting next_dagrun for example_short_circuit_operator to 2023-09-27T18:08:00.460349+00:00, run_after=2023-09-28T18:08:00.460349+00:00
[2023-09-28T18:08:00.480+0000] {processor.py:179} INFO - Processing /home/airflow/.local/lib/python3.8/site-packages/airflow/example_dags/example_short_circuit_operator.py took 0.062 seconds
[2023-09-28T18:08:30.592+0000] {processor.py:157} INFO - Started process (PID=361) to work on /home/airflow/.local/lib/python3.8/site-packages/airflow/example_dags/example_short_circuit_operator.py
[2023-09-28T18:08:30.594+0000] {processor.py:829} INFO - Processing file /home/airflow/.local/lib/python3.8/site-packages/airflow/example_dags/example_short_circuit_operator.py for tasks to queue
[2023-09-28T18:08:30.596+0000] {logging_mixin.py:151} INFO - [2023-09-28T18:08:30.596+0000] {dagbag.py:539} INFO - Filling up the DagBag from /home/airflow/.local/lib/python3.8/site-packages/airflow/example_dags/example_short_circuit_operator.py
[2023-09-28T18:08:30.601+0000] {processor.py:839} INFO - DAG(s) dict_keys(['example_short_circuit_operator']) retrieved from /home/airflow/.local/lib/python3.8/site-packages/airflow/example_dags/example_short_circuit_operator.py
[2023-09-28T18:08:30.621+0000] {logging_mixin.py:151} INFO - [2023-09-28T18:08:30.620+0000] {dag.py:2915} INFO - Sync 1 DAGs
[2023-09-28T18:08:30.637+0000] {logging_mixin.py:151} INFO - [2023-09-28T18:08:30.637+0000] {dag.py:3696} INFO - Setting next_dagrun for example_short_circuit_operator to 2023-09-27T18:08:30.637528+00:00, run_after=2023-09-28T18:08:30.637528+00:00
[2023-09-28T18:08:30.652+0000] {processor.py:179} INFO - Processing /home/airflow/.local/lib/python3.8/site-packages/airflow/example_dags/example_short_circuit_operator.py took 0.063 seconds
[2023-09-28T18:09:01.490+0000] {processor.py:157} INFO - Started process (PID=415) to work on /home/airflow/.local/lib/python3.8/site-packages/airflow/example_dags/example_short_circuit_operator.py
[2023-09-28T18:09:01.492+0000] {processor.py:829} INFO - Processing file /home/airflow/.local/lib/python3.8/site-packages/airflow/example_dags/example_short_circuit_operator.py for tasks to queue
[2023-09-28T18:09:01.495+0000] {logging_mixin.py:151} INFO - [2023-09-28T18:09:01.495+0000] {dagbag.py:539} INFO - Filling up the DagBag from /home/airflow/.local/lib/python3.8/site-packages/airflow/example_dags/example_short_circuit_operator.py
[2023-09-28T18:09:01.501+0000] {processor.py:839} INFO - DAG(s) dict_keys(['example_short_circuit_operator']) retrieved from /home/airflow/.local/lib/python3.8/site-packages/airflow/example_dags/example_short_circuit_operator.py
[2023-09-28T18:09:01.517+0000] {logging_mixin.py:151} INFO - [2023-09-28T18:09:01.517+0000] {dag.py:2915} INFO - Sync 1 DAGs
[2023-09-28T18:09:01.534+0000] {logging_mixin.py:151} INFO - [2023-09-28T18:09:01.534+0000] {dag.py:3696} INFO - Setting next_dagrun for example_short_circuit_operator to 2023-09-27T18:09:01.533918+00:00, run_after=2023-09-28T18:09:01.533918+00:00
[2023-09-28T18:09:01.547+0000] {processor.py:179} INFO - Processing /home/airflow/.local/lib/python3.8/site-packages/airflow/example_dags/example_short_circuit_operator.py took 0.059 seconds
[2023-09-28T18:09:32.235+0000] {processor.py:157} INFO - Started process (PID=468) to work on /home/airflow/.local/lib/python3.8/site-packages/airflow/example_dags/example_short_circuit_operator.py
[2023-09-28T18:09:32.237+0000] {processor.py:829} INFO - Processing file /home/airflow/.local/lib/python3.8/site-packages/airflow/example_dags/example_short_circuit_operator.py for tasks to queue
[2023-09-28T18:09:32.239+0000] {logging_mixin.py:151} INFO - [2023-09-28T18:09:32.239+0000] {dagbag.py:539} INFO - Filling up the DagBag from /home/airflow/.local/lib/python3.8/site-packages/airflow/example_dags/example_short_circuit_operator.py
[2023-09-28T18:09:32.246+0000] {processor.py:839} INFO - DAG(s) dict_keys(['example_short_circuit_operator']) retrieved from /home/airflow/.local/lib/python3.8/site-packages/airflow/example_dags/example_short_circuit_operator.py
[2023-09-28T18:09:32.267+0000] {logging_mixin.py:151} INFO - [2023-09-28T18:09:32.267+0000] {dag.py:2915} INFO - Sync 1 DAGs
[2023-09-28T18:09:32.282+0000] {logging_mixin.py:151} INFO - [2023-09-28T18:09:32.282+0000] {dag.py:3696} INFO - Setting next_dagrun for example_short_circuit_operator to 2023-09-27T18:09:32.282100+00:00, run_after=2023-09-28T18:09:32.282100+00:00
[2023-09-28T18:09:32.294+0000] {processor.py:179} INFO - Processing /home/airflow/.local/lib/python3.8/site-packages/airflow/example_dags/example_short_circuit_operator.py took 0.061 seconds
[2023-09-28T18:10:03.069+0000] {processor.py:157} INFO - Started process (PID=522) to work on /home/airflow/.local/lib/python3.8/site-packages/airflow/example_dags/example_short_circuit_operator.py
[2023-09-28T18:10:03.071+0000] {processor.py:829} INFO - Processing file /home/airflow/.local/lib/python3.8/site-packages/airflow/example_dags/example_short_circuit_operator.py for tasks to queue
[2023-09-28T18:10:03.074+0000] {logging_mixin.py:151} INFO - [2023-09-28T18:10:03.073+0000] {dagbag.py:539} INFO - Filling up the DagBag from /home/airflow/.local/lib/python3.8/site-packages/airflow/example_dags/example_short_circuit_operator.py
[2023-09-28T18:10:03.080+0000] {processor.py:839} INFO - DAG(s) dict_keys(['example_short_circuit_operator']) retrieved from /home/airflow/.local/lib/python3.8/site-packages/airflow/example_dags/example_short_circuit_operator.py
[2023-09-28T18:10:03.098+0000] {logging_mixin.py:151} INFO - [2023-09-28T18:10:03.098+0000] {dag.py:2915} INFO - Sync 1 DAGs
[2023-09-28T18:10:03.113+0000] {logging_mixin.py:151} INFO - [2023-09-28T18:10:03.113+0000] {dag.py:3696} INFO - Setting next_dagrun for example_short_circuit_operator to 2023-09-27T18:10:03.113111+00:00, run_after=2023-09-28T18:10:03.113111+00:00
[2023-09-28T18:10:03.126+0000] {processor.py:179} INFO - Processing /home/airflow/.local/lib/python3.8/site-packages/airflow/example_dags/example_short_circuit_operator.py took 0.059 seconds
[2023-09-28T18:10:34.822+0000] {processor.py:157} INFO - Started process (PID=576) to work on /home/airflow/.local/lib/python3.8/site-packages/airflow/example_dags/example_short_circuit_operator.py
[2023-09-28T18:10:34.824+0000] {processor.py:829} INFO - Processing file /home/airflow/.local/lib/python3.8/site-packages/airflow/example_dags/example_short_circuit_operator.py for tasks to queue
[2023-09-28T18:10:34.826+0000] {logging_mixin.py:151} INFO - [2023-09-28T18:10:34.826+0000] {dagbag.py:539} INFO - Filling up the DagBag from /home/airflow/.local/lib/python3.8/site-packages/airflow/example_dags/example_short_circuit_operator.py
[2023-09-28T18:10:34.832+0000] {processor.py:839} INFO - DAG(s) dict_keys(['example_short_circuit_operator']) retrieved from /home/airflow/.local/lib/python3.8/site-packages/airflow/example_dags/example_short_circuit_operator.py
[2023-09-28T18:10:34.853+0000] {logging_mixin.py:151} INFO - [2023-09-28T18:10:34.853+0000] {dag.py:2915} INFO - Sync 1 DAGs
[2023-09-28T18:10:34.867+0000] {logging_mixin.py:151} INFO - [2023-09-28T18:10:34.867+0000] {dag.py:3696} INFO - Setting next_dagrun for example_short_circuit_operator to 2023-09-27T18:10:34.867022+00:00, run_after=2023-09-28T18:10:34.867022+00:00
[2023-09-28T18:10:34.880+0000] {processor.py:179} INFO - Processing /home/airflow/.local/lib/python3.8/site-packages/airflow/example_dags/example_short_circuit_operator.py took 0.061 seconds
[2023-09-28T18:11:06.017+0000] {processor.py:157} INFO - Started process (PID=631) to work on /home/airflow/.local/lib/python3.8/site-packages/airflow/example_dags/example_short_circuit_operator.py
[2023-09-28T18:11:06.022+0000] {processor.py:829} INFO - Processing file /home/airflow/.local/lib/python3.8/site-packages/airflow/example_dags/example_short_circuit_operator.py for tasks to queue
[2023-09-28T18:11:06.029+0000] {logging_mixin.py:151} INFO - [2023-09-28T18:11:06.028+0000] {dagbag.py:539} INFO - Filling up the DagBag from /home/airflow/.local/lib/python3.8/site-packages/airflow/example_dags/example_short_circuit_operator.py
[2023-09-28T18:11:06.043+0000] {processor.py:839} INFO - DAG(s) dict_keys(['example_short_circuit_operator']) retrieved from /home/airflow/.local/lib/python3.8/site-packages/airflow/example_dags/example_short_circuit_operator.py
[2023-09-28T18:11:06.091+0000] {logging_mixin.py:151} INFO - [2023-09-28T18:11:06.091+0000] {dag.py:2915} INFO - Sync 1 DAGs
[2023-09-28T18:11:06.137+0000] {logging_mixin.py:151} INFO - [2023-09-28T18:11:06.137+0000] {dag.py:3696} INFO - Setting next_dagrun for example_short_circuit_operator to 2023-09-27T18:11:06.137208+00:00, run_after=2023-09-28T18:11:06.137208+00:00
[2023-09-28T18:11:06.179+0000] {processor.py:179} INFO - Processing /home/airflow/.local/lib/python3.8/site-packages/airflow/example_dags/example_short_circuit_operator.py took 0.165 seconds
[2023-09-28T18:13:54.190+0000] {processor.py:157} INFO - Started process (PID=38) to work on /home/airflow/.local/lib/python3.8/site-packages/airflow/example_dags/example_short_circuit_operator.py
[2023-09-28T18:13:54.192+0000] {processor.py:829} INFO - Processing file /home/airflow/.local/lib/python3.8/site-packages/airflow/example_dags/example_short_circuit_operator.py for tasks to queue
[2023-09-28T18:13:54.194+0000] {logging_mixin.py:151} INFO - [2023-09-28T18:13:54.194+0000] {dagbag.py:539} INFO - Filling up the DagBag from /home/airflow/.local/lib/python3.8/site-packages/airflow/example_dags/example_short_circuit_operator.py
[2023-09-28T18:13:54.204+0000] {processor.py:839} INFO - DAG(s) dict_keys(['example_short_circuit_operator']) retrieved from /home/airflow/.local/lib/python3.8/site-packages/airflow/example_dags/example_short_circuit_operator.py
[2023-09-28T18:13:54.274+0000] {logging_mixin.py:151} INFO - [2023-09-28T18:13:54.274+0000] {manager.py:499} INFO - Created Permission View: %s
[2023-09-28T18:13:54.283+0000] {logging_mixin.py:151} INFO - [2023-09-28T18:13:54.283+0000] {manager.py:499} INFO - Created Permission View: %s
[2023-09-28T18:13:54.289+0000] {logging_mixin.py:151} INFO - [2023-09-28T18:13:54.288+0000] {manager.py:499} INFO - Created Permission View: %s
[2023-09-28T18:13:54.290+0000] {logging_mixin.py:151} INFO - [2023-09-28T18:13:54.290+0000] {security.py:708} INFO - Not syncing DAG-level permissions for DAG 'DAG:example_short_circuit_operator' as access control is unset.
[2023-09-28T18:13:54.291+0000] {logging_mixin.py:151} INFO - [2023-09-28T18:13:54.291+0000] {dag.py:2915} INFO - Sync 1 DAGs
[2023-09-28T18:13:54.299+0000] {logging_mixin.py:151} INFO - [2023-09-28T18:13:54.299+0000] {dag.py:2937} INFO - Creating ORM DAG for example_short_circuit_operator
[2023-09-28T18:13:54.307+0000] {logging_mixin.py:151} INFO - [2023-09-28T18:13:54.307+0000] {dag.py:3696} INFO - Setting next_dagrun for example_short_circuit_operator to 2023-09-27T18:13:54.307422+00:00, run_after=2023-09-28T18:13:54.307422+00:00
[2023-09-28T18:13:54.321+0000] {processor.py:179} INFO - Processing /home/airflow/.local/lib/python3.8/site-packages/airflow/example_dags/example_short_circuit_operator.py took 0.133 seconds
[2023-09-28T18:14:25.115+0000] {processor.py:157} INFO - Started process (PID=92) to work on /home/airflow/.local/lib/python3.8/site-packages/airflow/example_dags/example_short_circuit_operator.py
[2023-09-28T18:14:25.117+0000] {processor.py:829} INFO - Processing file /home/airflow/.local/lib/python3.8/site-packages/airflow/example_dags/example_short_circuit_operator.py for tasks to queue
[2023-09-28T18:14:25.121+0000] {logging_mixin.py:151} INFO - [2023-09-28T18:14:25.120+0000] {dagbag.py:539} INFO - Filling up the DagBag from /home/airflow/.local/lib/python3.8/site-packages/airflow/example_dags/example_short_circuit_operator.py
[2023-09-28T18:14:25.127+0000] {processor.py:839} INFO - DAG(s) dict_keys(['example_short_circuit_operator']) retrieved from /home/airflow/.local/lib/python3.8/site-packages/airflow/example_dags/example_short_circuit_operator.py
[2023-09-28T18:14:25.145+0000] {logging_mixin.py:151} INFO - [2023-09-28T18:14:25.145+0000] {dag.py:2915} INFO - Sync 1 DAGs
[2023-09-28T18:14:25.159+0000] {logging_mixin.py:151} INFO - [2023-09-28T18:14:25.159+0000] {dag.py:3696} INFO - Setting next_dagrun for example_short_circuit_operator to 2023-09-27T18:14:25.159070+00:00, run_after=2023-09-28T18:14:25.159070+00:00
[2023-09-28T18:14:25.175+0000] {processor.py:179} INFO - Processing /home/airflow/.local/lib/python3.8/site-packages/airflow/example_dags/example_short_circuit_operator.py took 0.063 seconds
[2023-09-28T18:14:55.867+0000] {processor.py:157} INFO - Started process (PID=146) to work on /home/airflow/.local/lib/python3.8/site-packages/airflow/example_dags/example_short_circuit_operator.py
[2023-09-28T18:14:55.870+0000] {processor.py:829} INFO - Processing file /home/airflow/.local/lib/python3.8/site-packages/airflow/example_dags/example_short_circuit_operator.py for tasks to queue
[2023-09-28T18:14:55.875+0000] {logging_mixin.py:151} INFO - [2023-09-28T18:14:55.875+0000] {dagbag.py:539} INFO - Filling up the DagBag from /home/airflow/.local/lib/python3.8/site-packages/airflow/example_dags/example_short_circuit_operator.py
[2023-09-28T18:14:55.884+0000] {processor.py:839} INFO - DAG(s) dict_keys(['example_short_circuit_operator']) retrieved from /home/airflow/.local/lib/python3.8/site-packages/airflow/example_dags/example_short_circuit_operator.py
[2023-09-28T18:14:55.903+0000] {logging_mixin.py:151} INFO - [2023-09-28T18:14:55.903+0000] {dag.py:2915} INFO - Sync 1 DAGs
[2023-09-28T18:14:55.918+0000] {logging_mixin.py:151} INFO - [2023-09-28T18:14:55.918+0000] {dag.py:3696} INFO - Setting next_dagrun for example_short_circuit_operator to 2023-09-27T18:14:55.917958+00:00, run_after=2023-09-28T18:14:55.917958+00:00
[2023-09-28T18:14:55.931+0000] {processor.py:179} INFO - Processing /home/airflow/.local/lib/python3.8/site-packages/airflow/example_dags/example_short_circuit_operator.py took 0.066 seconds
[2023-09-28T18:15:26.611+0000] {processor.py:157} INFO - Started process (PID=200) to work on /home/airflow/.local/lib/python3.8/site-packages/airflow/example_dags/example_short_circuit_operator.py
[2023-09-28T18:15:26.613+0000] {processor.py:829} INFO - Processing file /home/airflow/.local/lib/python3.8/site-packages/airflow/example_dags/example_short_circuit_operator.py for tasks to queue
[2023-09-28T18:15:26.616+0000] {logging_mixin.py:151} INFO - [2023-09-28T18:15:26.616+0000] {dagbag.py:539} INFO - Filling up the DagBag from /home/airflow/.local/lib/python3.8/site-packages/airflow/example_dags/example_short_circuit_operator.py
[2023-09-28T18:15:26.622+0000] {processor.py:839} INFO - DAG(s) dict_keys(['example_short_circuit_operator']) retrieved from /home/airflow/.local/lib/python3.8/site-packages/airflow/example_dags/example_short_circuit_operator.py
[2023-09-28T18:15:26.640+0000] {logging_mixin.py:151} INFO - [2023-09-28T18:15:26.640+0000] {dag.py:2915} INFO - Sync 1 DAGs
[2023-09-28T18:15:26.656+0000] {logging_mixin.py:151} INFO - [2023-09-28T18:15:26.656+0000] {dag.py:3696} INFO - Setting next_dagrun for example_short_circuit_operator to 2023-09-27T18:15:26.656101+00:00, run_after=2023-09-28T18:15:26.656101+00:00
[2023-09-28T18:15:26.668+0000] {processor.py:179} INFO - Processing /home/airflow/.local/lib/python3.8/site-packages/airflow/example_dags/example_short_circuit_operator.py took 0.060 seconds
[2023-09-28T18:15:57.331+0000] {processor.py:157} INFO - Started process (PID=254) to work on /home/airflow/.local/lib/python3.8/site-packages/airflow/example_dags/example_short_circuit_operator.py
[2023-09-28T18:15:57.333+0000] {processor.py:829} INFO - Processing file /home/airflow/.local/lib/python3.8/site-packages/airflow/example_dags/example_short_circuit_operator.py for tasks to queue
[2023-09-28T18:15:57.335+0000] {logging_mixin.py:151} INFO - [2023-09-28T18:15:57.335+0000] {dagbag.py:539} INFO - Filling up the DagBag from /home/airflow/.local/lib/python3.8/site-packages/airflow/example_dags/example_short_circuit_operator.py
[2023-09-28T18:15:57.341+0000] {processor.py:839} INFO - DAG(s) dict_keys(['example_short_circuit_operator']) retrieved from /home/airflow/.local/lib/python3.8/site-packages/airflow/example_dags/example_short_circuit_operator.py
[2023-09-28T18:15:57.360+0000] {logging_mixin.py:151} INFO - [2023-09-28T18:15:57.360+0000] {dag.py:2915} INFO - Sync 1 DAGs
[2023-09-28T18:15:57.378+0000] {logging_mixin.py:151} INFO - [2023-09-28T18:15:57.378+0000] {dag.py:3696} INFO - Setting next_dagrun for example_short_circuit_operator to 2023-09-27T18:15:57.378657+00:00, run_after=2023-09-28T18:15:57.378657+00:00
[2023-09-28T18:15:57.392+0000] {processor.py:179} INFO - Processing /home/airflow/.local/lib/python3.8/site-packages/airflow/example_dags/example_short_circuit_operator.py took 0.063 seconds
[2023-09-28T18:16:27.893+0000] {processor.py:157} INFO - Started process (PID=308) to work on /home/airflow/.local/lib/python3.8/site-packages/airflow/example_dags/example_short_circuit_operator.py
[2023-09-28T18:16:27.895+0000] {processor.py:829} INFO - Processing file /home/airflow/.local/lib/python3.8/site-packages/airflow/example_dags/example_short_circuit_operator.py for tasks to queue
[2023-09-28T18:16:27.898+0000] {logging_mixin.py:151} INFO - [2023-09-28T18:16:27.898+0000] {dagbag.py:539} INFO - Filling up the DagBag from /home/airflow/.local/lib/python3.8/site-packages/airflow/example_dags/example_short_circuit_operator.py
[2023-09-28T18:16:27.905+0000] {processor.py:839} INFO - DAG(s) dict_keys(['example_short_circuit_operator']) retrieved from /home/airflow/.local/lib/python3.8/site-packages/airflow/example_dags/example_short_circuit_operator.py
[2023-09-28T18:16:27.928+0000] {logging_mixin.py:151} INFO - [2023-09-28T18:16:27.928+0000] {dag.py:2915} INFO - Sync 1 DAGs
[2023-09-28T18:16:27.943+0000] {logging_mixin.py:151} INFO - [2023-09-28T18:16:27.943+0000] {dag.py:3696} INFO - Setting next_dagrun for example_short_circuit_operator to 2023-09-27T18:16:27.943431+00:00, run_after=2023-09-28T18:16:27.943431+00:00
[2023-09-28T18:16:27.957+0000] {processor.py:179} INFO - Processing /home/airflow/.local/lib/python3.8/site-packages/airflow/example_dags/example_short_circuit_operator.py took 0.067 seconds
[2023-09-28T18:16:58.794+0000] {processor.py:157} INFO - Started process (PID=362) to work on /home/airflow/.local/lib/python3.8/site-packages/airflow/example_dags/example_short_circuit_operator.py
[2023-09-28T18:16:58.796+0000] {processor.py:829} INFO - Processing file /home/airflow/.local/lib/python3.8/site-packages/airflow/example_dags/example_short_circuit_operator.py for tasks to queue
[2023-09-28T18:16:58.799+0000] {logging_mixin.py:151} INFO - [2023-09-28T18:16:58.799+0000] {dagbag.py:539} INFO - Filling up the DagBag from /home/airflow/.local/lib/python3.8/site-packages/airflow/example_dags/example_short_circuit_operator.py
[2023-09-28T18:16:58.805+0000] {processor.py:839} INFO - DAG(s) dict_keys(['example_short_circuit_operator']) retrieved from /home/airflow/.local/lib/python3.8/site-packages/airflow/example_dags/example_short_circuit_operator.py
[2023-09-28T18:16:58.823+0000] {logging_mixin.py:151} INFO - [2023-09-28T18:16:58.823+0000] {dag.py:2915} INFO - Sync 1 DAGs
[2023-09-28T18:16:58.844+0000] {logging_mixin.py:151} INFO - [2023-09-28T18:16:58.844+0000] {dag.py:3696} INFO - Setting next_dagrun for example_short_circuit_operator to 2023-09-27T18:16:58.844440+00:00, run_after=2023-09-28T18:16:58.844440+00:00
[2023-09-28T18:16:58.856+0000] {processor.py:179} INFO - Processing /home/airflow/.local/lib/python3.8/site-packages/airflow/example_dags/example_short_circuit_operator.py took 0.065 seconds
[2023-09-28T18:17:29.392+0000] {processor.py:157} INFO - Started process (PID=415) to work on /home/airflow/.local/lib/python3.8/site-packages/airflow/example_dags/example_short_circuit_operator.py
[2023-09-28T18:17:29.395+0000] {processor.py:829} INFO - Processing file /home/airflow/.local/lib/python3.8/site-packages/airflow/example_dags/example_short_circuit_operator.py for tasks to queue
[2023-09-28T18:17:29.397+0000] {logging_mixin.py:151} INFO - [2023-09-28T18:17:29.397+0000] {dagbag.py:539} INFO - Filling up the DagBag from /home/airflow/.local/lib/python3.8/site-packages/airflow/example_dags/example_short_circuit_operator.py
[2023-09-28T18:17:29.404+0000] {processor.py:839} INFO - DAG(s) dict_keys(['example_short_circuit_operator']) retrieved from /home/airflow/.local/lib/python3.8/site-packages/airflow/example_dags/example_short_circuit_operator.py
[2023-09-28T18:17:29.422+0000] {logging_mixin.py:151} INFO - [2023-09-28T18:17:29.422+0000] {dag.py:2915} INFO - Sync 1 DAGs
[2023-09-28T18:17:29.437+0000] {logging_mixin.py:151} INFO - [2023-09-28T18:17:29.436+0000] {dag.py:3696} INFO - Setting next_dagrun for example_short_circuit_operator to 2023-09-27T18:17:29.436761+00:00, run_after=2023-09-28T18:17:29.436761+00:00
[2023-09-28T18:17:29.455+0000] {processor.py:179} INFO - Processing /home/airflow/.local/lib/python3.8/site-packages/airflow/example_dags/example_short_circuit_operator.py took 0.065 seconds
[2023-09-28T18:18:00.128+0000] {processor.py:157} INFO - Started process (PID=470) to work on /home/airflow/.local/lib/python3.8/site-packages/airflow/example_dags/example_short_circuit_operator.py
[2023-09-28T18:18:00.130+0000] {processor.py:829} INFO - Processing file /home/airflow/.local/lib/python3.8/site-packages/airflow/example_dags/example_short_circuit_operator.py for tasks to queue
[2023-09-28T18:18:00.133+0000] {logging_mixin.py:151} INFO - [2023-09-28T18:18:00.133+0000] {dagbag.py:539} INFO - Filling up the DagBag from /home/airflow/.local/lib/python3.8/site-packages/airflow/example_dags/example_short_circuit_operator.py
[2023-09-28T18:18:00.140+0000] {processor.py:839} INFO - DAG(s) dict_keys(['example_short_circuit_operator']) retrieved from /home/airflow/.local/lib/python3.8/site-packages/airflow/example_dags/example_short_circuit_operator.py
[2023-09-28T18:18:00.159+0000] {logging_mixin.py:151} INFO - [2023-09-28T18:18:00.159+0000] {dag.py:2915} INFO - Sync 1 DAGs
[2023-09-28T18:18:00.176+0000] {logging_mixin.py:151} INFO - [2023-09-28T18:18:00.176+0000] {dag.py:3696} INFO - Setting next_dagrun for example_short_circuit_operator to 2023-09-27T18:18:00.176553+00:00, run_after=2023-09-28T18:18:00.176553+00:00
[2023-09-28T18:18:00.193+0000] {processor.py:179} INFO - Processing /home/airflow/.local/lib/python3.8/site-packages/airflow/example_dags/example_short_circuit_operator.py took 0.068 seconds
[2023-09-28T18:18:30.858+0000] {processor.py:157} INFO - Started process (PID=524) to work on /home/airflow/.local/lib/python3.8/site-packages/airflow/example_dags/example_short_circuit_operator.py
[2023-09-28T18:18:30.860+0000] {processor.py:829} INFO - Processing file /home/airflow/.local/lib/python3.8/site-packages/airflow/example_dags/example_short_circuit_operator.py for tasks to queue
[2023-09-28T18:18:30.863+0000] {logging_mixin.py:151} INFO - [2023-09-28T18:18:30.862+0000] {dagbag.py:539} INFO - Filling up the DagBag from /home/airflow/.local/lib/python3.8/site-packages/airflow/example_dags/example_short_circuit_operator.py
[2023-09-28T18:18:30.868+0000] {processor.py:839} INFO - DAG(s) dict_keys(['example_short_circuit_operator']) retrieved from /home/airflow/.local/lib/python3.8/site-packages/airflow/example_dags/example_short_circuit_operator.py
[2023-09-28T18:18:30.886+0000] {logging_mixin.py:151} INFO - [2023-09-28T18:18:30.886+0000] {dag.py:2915} INFO - Sync 1 DAGs
[2023-09-28T18:18:30.900+0000] {logging_mixin.py:151} INFO - [2023-09-28T18:18:30.900+0000] {dag.py:3696} INFO - Setting next_dagrun for example_short_circuit_operator to 2023-09-27T18:18:30.900087+00:00, run_after=2023-09-28T18:18:30.900087+00:00
[2023-09-28T18:18:30.919+0000] {processor.py:179} INFO - Processing /home/airflow/.local/lib/python3.8/site-packages/airflow/example_dags/example_short_circuit_operator.py took 0.063 seconds
[2023-09-28T18:19:01.773+0000] {processor.py:157} INFO - Started process (PID=579) to work on /home/airflow/.local/lib/python3.8/site-packages/airflow/example_dags/example_short_circuit_operator.py
[2023-09-28T18:19:01.775+0000] {processor.py:829} INFO - Processing file /home/airflow/.local/lib/python3.8/site-packages/airflow/example_dags/example_short_circuit_operator.py for tasks to queue
[2023-09-28T18:19:01.778+0000] {logging_mixin.py:151} INFO - [2023-09-28T18:19:01.778+0000] {dagbag.py:539} INFO - Filling up the DagBag from /home/airflow/.local/lib/python3.8/site-packages/airflow/example_dags/example_short_circuit_operator.py
[2023-09-28T18:19:01.784+0000] {processor.py:839} INFO - DAG(s) dict_keys(['example_short_circuit_operator']) retrieved from /home/airflow/.local/lib/python3.8/site-packages/airflow/example_dags/example_short_circuit_operator.py
[2023-09-28T18:19:01.803+0000] {logging_mixin.py:151} INFO - [2023-09-28T18:19:01.803+0000] {dag.py:2915} INFO - Sync 1 DAGs
[2023-09-28T18:19:01.819+0000] {logging_mixin.py:151} INFO - [2023-09-28T18:19:01.819+0000] {dag.py:3696} INFO - Setting next_dagrun for example_short_circuit_operator to 2023-09-27T18:19:01.819028+00:00, run_after=2023-09-28T18:19:01.819028+00:00
[2023-09-28T18:19:01.836+0000] {processor.py:179} INFO - Processing /home/airflow/.local/lib/python3.8/site-packages/airflow/example_dags/example_short_circuit_operator.py took 0.066 seconds
[2023-09-28T18:19:32.525+0000] {processor.py:157} INFO - Started process (PID=633) to work on /home/airflow/.local/lib/python3.8/site-packages/airflow/example_dags/example_short_circuit_operator.py
[2023-09-28T18:19:32.527+0000] {processor.py:829} INFO - Processing file /home/airflow/.local/lib/python3.8/site-packages/airflow/example_dags/example_short_circuit_operator.py for tasks to queue
[2023-09-28T18:19:32.529+0000] {logging_mixin.py:151} INFO - [2023-09-28T18:19:32.529+0000] {dagbag.py:539} INFO - Filling up the DagBag from /home/airflow/.local/lib/python3.8/site-packages/airflow/example_dags/example_short_circuit_operator.py
[2023-09-28T18:19:32.535+0000] {processor.py:839} INFO - DAG(s) dict_keys(['example_short_circuit_operator']) retrieved from /home/airflow/.local/lib/python3.8/site-packages/airflow/example_dags/example_short_circuit_operator.py
[2023-09-28T18:19:32.552+0000] {logging_mixin.py:151} INFO - [2023-09-28T18:19:32.552+0000] {dag.py:2915} INFO - Sync 1 DAGs
[2023-09-28T18:19:32.567+0000] {logging_mixin.py:151} INFO - [2023-09-28T18:19:32.567+0000] {dag.py:3696} INFO - Setting next_dagrun for example_short_circuit_operator to 2023-09-27T18:19:32.567530+00:00, run_after=2023-09-28T18:19:32.567530+00:00
[2023-09-28T18:19:32.580+0000] {processor.py:179} INFO - Processing /home/airflow/.local/lib/python3.8/site-packages/airflow/example_dags/example_short_circuit_operator.py took 0.057 seconds
[2023-09-28T18:20:03.235+0000] {processor.py:157} INFO - Started process (PID=687) to work on /home/airflow/.local/lib/python3.8/site-packages/airflow/example_dags/example_short_circuit_operator.py
[2023-09-28T18:20:03.237+0000] {processor.py:829} INFO - Processing file /home/airflow/.local/lib/python3.8/site-packages/airflow/example_dags/example_short_circuit_operator.py for tasks to queue
[2023-09-28T18:20:03.239+0000] {logging_mixin.py:151} INFO - [2023-09-28T18:20:03.239+0000] {dagbag.py:539} INFO - Filling up the DagBag from /home/airflow/.local/lib/python3.8/site-packages/airflow/example_dags/example_short_circuit_operator.py
[2023-09-28T18:20:03.245+0000] {processor.py:839} INFO - DAG(s) dict_keys(['example_short_circuit_operator']) retrieved from /home/airflow/.local/lib/python3.8/site-packages/airflow/example_dags/example_short_circuit_operator.py
[2023-09-28T18:20:03.263+0000] {logging_mixin.py:151} INFO - [2023-09-28T18:20:03.263+0000] {dag.py:2915} INFO - Sync 1 DAGs
[2023-09-28T18:20:03.278+0000] {logging_mixin.py:151} INFO - [2023-09-28T18:20:03.278+0000] {dag.py:3696} INFO - Setting next_dagrun for example_short_circuit_operator to 2023-09-27T18:20:03.278452+00:00, run_after=2023-09-28T18:20:03.278452+00:00
[2023-09-28T18:20:03.292+0000] {processor.py:179} INFO - Processing /home/airflow/.local/lib/python3.8/site-packages/airflow/example_dags/example_short_circuit_operator.py took 0.060 seconds
[2023-09-28T18:20:33.899+0000] {processor.py:157} INFO - Started process (PID=740) to work on /home/airflow/.local/lib/python3.8/site-packages/airflow/example_dags/example_short_circuit_operator.py
[2023-09-28T18:20:33.900+0000] {processor.py:829} INFO - Processing file /home/airflow/.local/lib/python3.8/site-packages/airflow/example_dags/example_short_circuit_operator.py for tasks to queue
[2023-09-28T18:20:33.904+0000] {logging_mixin.py:151} INFO - [2023-09-28T18:20:33.904+0000] {dagbag.py:539} INFO - Filling up the DagBag from /home/airflow/.local/lib/python3.8/site-packages/airflow/example_dags/example_short_circuit_operator.py
[2023-09-28T18:20:33.911+0000] {processor.py:839} INFO - DAG(s) dict_keys(['example_short_circuit_operator']) retrieved from /home/airflow/.local/lib/python3.8/site-packages/airflow/example_dags/example_short_circuit_operator.py
[2023-09-28T18:20:33.928+0000] {logging_mixin.py:151} INFO - [2023-09-28T18:20:33.928+0000] {dag.py:2915} INFO - Sync 1 DAGs
[2023-09-28T18:20:33.943+0000] {logging_mixin.py:151} INFO - [2023-09-28T18:20:33.943+0000] {dag.py:3696} INFO - Setting next_dagrun for example_short_circuit_operator to 2023-09-27T18:20:33.942926+00:00, run_after=2023-09-28T18:20:33.942926+00:00
[2023-09-28T18:20:33.956+0000] {processor.py:179} INFO - Processing /home/airflow/.local/lib/python3.8/site-packages/airflow/example_dags/example_short_circuit_operator.py took 0.061 seconds
[2023-09-28T18:21:04.531+0000] {processor.py:157} INFO - Started process (PID=794) to work on /home/airflow/.local/lib/python3.8/site-packages/airflow/example_dags/example_short_circuit_operator.py
[2023-09-28T18:21:04.533+0000] {processor.py:829} INFO - Processing file /home/airflow/.local/lib/python3.8/site-packages/airflow/example_dags/example_short_circuit_operator.py for tasks to queue
[2023-09-28T18:21:04.536+0000] {logging_mixin.py:151} INFO - [2023-09-28T18:21:04.536+0000] {dagbag.py:539} INFO - Filling up the DagBag from /home/airflow/.local/lib/python3.8/site-packages/airflow/example_dags/example_short_circuit_operator.py
[2023-09-28T18:21:04.542+0000] {processor.py:839} INFO - DAG(s) dict_keys(['example_short_circuit_operator']) retrieved from /home/airflow/.local/lib/python3.8/site-packages/airflow/example_dags/example_short_circuit_operator.py
[2023-09-28T18:21:04.560+0000] {logging_mixin.py:151} INFO - [2023-09-28T18:21:04.560+0000] {dag.py:2915} INFO - Sync 1 DAGs
[2023-09-28T18:21:04.576+0000] {logging_mixin.py:151} INFO - [2023-09-28T18:21:04.576+0000] {dag.py:3696} INFO - Setting next_dagrun for example_short_circuit_operator to 2023-09-27T18:21:04.576199+00:00, run_after=2023-09-28T18:21:04.576199+00:00
[2023-09-28T18:21:04.589+0000] {processor.py:179} INFO - Processing /home/airflow/.local/lib/python3.8/site-packages/airflow/example_dags/example_short_circuit_operator.py took 0.061 seconds
[2023-09-28T18:21:35.588+0000] {processor.py:157} INFO - Started process (PID=848) to work on /home/airflow/.local/lib/python3.8/site-packages/airflow/example_dags/example_short_circuit_operator.py
[2023-09-28T18:21:35.592+0000] {processor.py:829} INFO - Processing file /home/airflow/.local/lib/python3.8/site-packages/airflow/example_dags/example_short_circuit_operator.py for tasks to queue
[2023-09-28T18:21:35.595+0000] {logging_mixin.py:151} INFO - [2023-09-28T18:21:35.594+0000] {dagbag.py:539} INFO - Filling up the DagBag from /home/airflow/.local/lib/python3.8/site-packages/airflow/example_dags/example_short_circuit_operator.py
[2023-09-28T18:21:35.601+0000] {processor.py:839} INFO - DAG(s) dict_keys(['example_short_circuit_operator']) retrieved from /home/airflow/.local/lib/python3.8/site-packages/airflow/example_dags/example_short_circuit_operator.py
[2023-09-28T18:21:35.620+0000] {logging_mixin.py:151} INFO - [2023-09-28T18:21:35.620+0000] {dag.py:2915} INFO - Sync 1 DAGs
[2023-09-28T18:21:35.634+0000] {logging_mixin.py:151} INFO - [2023-09-28T18:21:35.634+0000] {dag.py:3696} INFO - Setting next_dagrun for example_short_circuit_operator to 2023-09-27T18:21:35.633959+00:00, run_after=2023-09-28T18:21:35.633959+00:00
[2023-09-28T18:21:35.648+0000] {processor.py:179} INFO - Processing /home/airflow/.local/lib/python3.8/site-packages/airflow/example_dags/example_short_circuit_operator.py took 0.063 seconds
[2023-09-28T18:22:06.230+0000] {processor.py:157} INFO - Started process (PID=902) to work on /home/airflow/.local/lib/python3.8/site-packages/airflow/example_dags/example_short_circuit_operator.py
[2023-09-28T18:22:06.233+0000] {processor.py:829} INFO - Processing file /home/airflow/.local/lib/python3.8/site-packages/airflow/example_dags/example_short_circuit_operator.py for tasks to queue
[2023-09-28T18:22:06.236+0000] {logging_mixin.py:151} INFO - [2023-09-28T18:22:06.236+0000] {dagbag.py:539} INFO - Filling up the DagBag from /home/airflow/.local/lib/python3.8/site-packages/airflow/example_dags/example_short_circuit_operator.py
[2023-09-28T18:22:06.243+0000] {processor.py:839} INFO - DAG(s) dict_keys(['example_short_circuit_operator']) retrieved from /home/airflow/.local/lib/python3.8/site-packages/airflow/example_dags/example_short_circuit_operator.py
[2023-09-28T18:22:06.261+0000] {logging_mixin.py:151} INFO - [2023-09-28T18:22:06.261+0000] {dag.py:2915} INFO - Sync 1 DAGs
[2023-09-28T18:22:06.277+0000] {logging_mixin.py:151} INFO - [2023-09-28T18:22:06.276+0000] {dag.py:3696} INFO - Setting next_dagrun for example_short_circuit_operator to 2023-09-27T18:22:06.276796+00:00, run_after=2023-09-28T18:22:06.276796+00:00
[2023-09-28T18:22:06.293+0000] {processor.py:179} INFO - Processing /home/airflow/.local/lib/python3.8/site-packages/airflow/example_dags/example_short_circuit_operator.py took 0.065 seconds
[2023-09-28T18:22:37.122+0000] {processor.py:157} INFO - Started process (PID=955) to work on /home/airflow/.local/lib/python3.8/site-packages/airflow/example_dags/example_short_circuit_operator.py
[2023-09-28T18:22:37.124+0000] {processor.py:829} INFO - Processing file /home/airflow/.local/lib/python3.8/site-packages/airflow/example_dags/example_short_circuit_operator.py for tasks to queue
[2023-09-28T18:22:37.126+0000] {logging_mixin.py:151} INFO - [2023-09-28T18:22:37.126+0000] {dagbag.py:539} INFO - Filling up the DagBag from /home/airflow/.local/lib/python3.8/site-packages/airflow/example_dags/example_short_circuit_operator.py
[2023-09-28T18:22:37.133+0000] {processor.py:839} INFO - DAG(s) dict_keys(['example_short_circuit_operator']) retrieved from /home/airflow/.local/lib/python3.8/site-packages/airflow/example_dags/example_short_circuit_operator.py
[2023-09-28T18:22:37.152+0000] {logging_mixin.py:151} INFO - [2023-09-28T18:22:37.152+0000] {dag.py:2915} INFO - Sync 1 DAGs
[2023-09-28T18:22:37.170+0000] {logging_mixin.py:151} INFO - [2023-09-28T18:22:37.170+0000] {dag.py:3696} INFO - Setting next_dagrun for example_short_circuit_operator to 2023-09-27T18:22:37.170226+00:00, run_after=2023-09-28T18:22:37.170226+00:00
[2023-09-28T18:22:37.184+0000] {processor.py:179} INFO - Processing /home/airflow/.local/lib/python3.8/site-packages/airflow/example_dags/example_short_circuit_operator.py took 0.064 seconds
[2023-09-28T18:23:07.956+0000] {processor.py:157} INFO - Started process (PID=1008) to work on /home/airflow/.local/lib/python3.8/site-packages/airflow/example_dags/example_short_circuit_operator.py
[2023-09-28T18:23:07.960+0000] {processor.py:829} INFO - Processing file /home/airflow/.local/lib/python3.8/site-packages/airflow/example_dags/example_short_circuit_operator.py for tasks to queue
[2023-09-28T18:23:07.962+0000] {logging_mixin.py:151} INFO - [2023-09-28T18:23:07.962+0000] {dagbag.py:539} INFO - Filling up the DagBag from /home/airflow/.local/lib/python3.8/site-packages/airflow/example_dags/example_short_circuit_operator.py
[2023-09-28T18:23:07.968+0000] {processor.py:839} INFO - DAG(s) dict_keys(['example_short_circuit_operator']) retrieved from /home/airflow/.local/lib/python3.8/site-packages/airflow/example_dags/example_short_circuit_operator.py
[2023-09-28T18:23:07.986+0000] {logging_mixin.py:151} INFO - [2023-09-28T18:23:07.985+0000] {dag.py:2915} INFO - Sync 1 DAGs
[2023-09-28T18:23:08.002+0000] {logging_mixin.py:151} INFO - [2023-09-28T18:23:08.002+0000] {dag.py:3696} INFO - Setting next_dagrun for example_short_circuit_operator to 2023-09-27T18:23:08.002426+00:00, run_after=2023-09-28T18:23:08.002426+00:00
[2023-09-28T18:23:08.018+0000] {processor.py:179} INFO - Processing /home/airflow/.local/lib/python3.8/site-packages/airflow/example_dags/example_short_circuit_operator.py took 0.065 seconds
[2023-09-28T18:23:39.026+0000] {processor.py:157} INFO - Started process (PID=1062) to work on /home/airflow/.local/lib/python3.8/site-packages/airflow/example_dags/example_short_circuit_operator.py
[2023-09-28T18:23:39.028+0000] {processor.py:829} INFO - Processing file /home/airflow/.local/lib/python3.8/site-packages/airflow/example_dags/example_short_circuit_operator.py for tasks to queue
[2023-09-28T18:23:39.031+0000] {logging_mixin.py:151} INFO - [2023-09-28T18:23:39.030+0000] {dagbag.py:539} INFO - Filling up the DagBag from /home/airflow/.local/lib/python3.8/site-packages/airflow/example_dags/example_short_circuit_operator.py
[2023-09-28T18:23:39.036+0000] {processor.py:839} INFO - DAG(s) dict_keys(['example_short_circuit_operator']) retrieved from /home/airflow/.local/lib/python3.8/site-packages/airflow/example_dags/example_short_circuit_operator.py
[2023-09-28T18:23:39.056+0000] {logging_mixin.py:151} INFO - [2023-09-28T18:23:39.056+0000] {dag.py:2915} INFO - Sync 1 DAGs
[2023-09-28T18:23:39.072+0000] {logging_mixin.py:151} INFO - [2023-09-28T18:23:39.072+0000] {dag.py:3696} INFO - Setting next_dagrun for example_short_circuit_operator to 2023-09-27T18:23:39.072010+00:00, run_after=2023-09-28T18:23:39.072010+00:00
[2023-09-28T18:23:39.085+0000] {processor.py:179} INFO - Processing /home/airflow/.local/lib/python3.8/site-packages/airflow/example_dags/example_short_circuit_operator.py took 0.062 seconds
[2023-09-28T18:34:42.479+0000] {processor.py:157} INFO - Started process (PID=39) to work on /home/airflow/.local/lib/python3.8/site-packages/airflow/example_dags/example_short_circuit_operator.py
[2023-09-28T18:34:42.481+0000] {processor.py:829} INFO - Processing file /home/airflow/.local/lib/python3.8/site-packages/airflow/example_dags/example_short_circuit_operator.py for tasks to queue
[2023-09-28T18:34:42.484+0000] {logging_mixin.py:151} INFO - [2023-09-28T18:34:42.484+0000] {dagbag.py:539} INFO - Filling up the DagBag from /home/airflow/.local/lib/python3.8/site-packages/airflow/example_dags/example_short_circuit_operator.py
[2023-09-28T18:34:42.494+0000] {processor.py:839} INFO - DAG(s) dict_keys(['example_short_circuit_operator']) retrieved from /home/airflow/.local/lib/python3.8/site-packages/airflow/example_dags/example_short_circuit_operator.py
[2023-09-28T18:34:42.503+0000] {logging_mixin.py:151} INFO - [2023-09-28T18:34:42.503+0000] {dag.py:2915} INFO - Sync 1 DAGs
[2023-09-28T18:34:42.521+0000] {logging_mixin.py:151} INFO - [2023-09-28T18:34:42.521+0000] {dag.py:3696} INFO - Setting next_dagrun for example_short_circuit_operator to 2023-09-27T18:34:42.521290+00:00, run_after=2023-09-28T18:34:42.521290+00:00
[2023-09-28T18:34:42.534+0000] {processor.py:179} INFO - Processing /home/airflow/.local/lib/python3.8/site-packages/airflow/example_dags/example_short_circuit_operator.py took 0.057 seconds
[2023-09-28T18:35:12.924+0000] {processor.py:157} INFO - Started process (PID=92) to work on /home/airflow/.local/lib/python3.8/site-packages/airflow/example_dags/example_short_circuit_operator.py
[2023-09-28T18:35:12.928+0000] {processor.py:829} INFO - Processing file /home/airflow/.local/lib/python3.8/site-packages/airflow/example_dags/example_short_circuit_operator.py for tasks to queue
[2023-09-28T18:35:12.931+0000] {logging_mixin.py:151} INFO - [2023-09-28T18:35:12.930+0000] {dagbag.py:539} INFO - Filling up the DagBag from /home/airflow/.local/lib/python3.8/site-packages/airflow/example_dags/example_short_circuit_operator.py
[2023-09-28T18:35:12.938+0000] {processor.py:839} INFO - DAG(s) dict_keys(['example_short_circuit_operator']) retrieved from /home/airflow/.local/lib/python3.8/site-packages/airflow/example_dags/example_short_circuit_operator.py
[2023-09-28T18:35:12.963+0000] {logging_mixin.py:151} INFO - [2023-09-28T18:35:12.963+0000] {dag.py:2915} INFO - Sync 1 DAGs
[2023-09-28T18:35:12.979+0000] {logging_mixin.py:151} INFO - [2023-09-28T18:35:12.978+0000] {dag.py:3696} INFO - Setting next_dagrun for example_short_circuit_operator to 2023-09-27T18:35:12.978834+00:00, run_after=2023-09-28T18:35:12.978834+00:00
[2023-09-28T18:35:12.998+0000] {processor.py:179} INFO - Processing /home/airflow/.local/lib/python3.8/site-packages/airflow/example_dags/example_short_circuit_operator.py took 0.076 seconds
[2023-09-28T18:35:43.158+0000] {processor.py:157} INFO - Started process (PID=146) to work on /home/airflow/.local/lib/python3.8/site-packages/airflow/example_dags/example_short_circuit_operator.py
[2023-09-28T18:35:43.160+0000] {processor.py:829} INFO - Processing file /home/airflow/.local/lib/python3.8/site-packages/airflow/example_dags/example_short_circuit_operator.py for tasks to queue
[2023-09-28T18:35:43.163+0000] {logging_mixin.py:151} INFO - [2023-09-28T18:35:43.163+0000] {dagbag.py:539} INFO - Filling up the DagBag from /home/airflow/.local/lib/python3.8/site-packages/airflow/example_dags/example_short_circuit_operator.py
[2023-09-28T18:35:43.169+0000] {processor.py:839} INFO - DAG(s) dict_keys(['example_short_circuit_operator']) retrieved from /home/airflow/.local/lib/python3.8/site-packages/airflow/example_dags/example_short_circuit_operator.py
[2023-09-28T18:35:43.193+0000] {logging_mixin.py:151} INFO - [2023-09-28T18:35:43.193+0000] {dag.py:2915} INFO - Sync 1 DAGs
[2023-09-28T18:35:43.214+0000] {logging_mixin.py:151} INFO - [2023-09-28T18:35:43.214+0000] {dag.py:3696} INFO - Setting next_dagrun for example_short_circuit_operator to 2023-09-27T18:35:43.214553+00:00, run_after=2023-09-28T18:35:43.214553+00:00
[2023-09-28T18:35:43.236+0000] {processor.py:179} INFO - Processing /home/airflow/.local/lib/python3.8/site-packages/airflow/example_dags/example_short_circuit_operator.py took 0.081 seconds
[2023-09-28T18:36:13.304+0000] {processor.py:157} INFO - Started process (PID=200) to work on /home/airflow/.local/lib/python3.8/site-packages/airflow/example_dags/example_short_circuit_operator.py
[2023-09-28T18:36:13.306+0000] {processor.py:829} INFO - Processing file /home/airflow/.local/lib/python3.8/site-packages/airflow/example_dags/example_short_circuit_operator.py for tasks to queue
[2023-09-28T18:36:13.309+0000] {logging_mixin.py:151} INFO - [2023-09-28T18:36:13.309+0000] {dagbag.py:539} INFO - Filling up the DagBag from /home/airflow/.local/lib/python3.8/site-packages/airflow/example_dags/example_short_circuit_operator.py
[2023-09-28T18:36:13.315+0000] {processor.py:839} INFO - DAG(s) dict_keys(['example_short_circuit_operator']) retrieved from /home/airflow/.local/lib/python3.8/site-packages/airflow/example_dags/example_short_circuit_operator.py
[2023-09-28T18:36:13.331+0000] {logging_mixin.py:151} INFO - [2023-09-28T18:36:13.331+0000] {dag.py:2915} INFO - Sync 1 DAGs
[2023-09-28T18:36:13.344+0000] {logging_mixin.py:151} INFO - [2023-09-28T18:36:13.344+0000] {dag.py:3696} INFO - Setting next_dagrun for example_short_circuit_operator to 2023-09-27T18:36:13.344168+00:00, run_after=2023-09-28T18:36:13.344168+00:00
[2023-09-28T18:36:13.355+0000] {processor.py:179} INFO - Processing /home/airflow/.local/lib/python3.8/site-packages/airflow/example_dags/example_short_circuit_operator.py took 0.054 seconds
