[2023-09-28T18:05:29.114+0000] {processor.py:157} INFO - Started process (PID=59) to work on /home/airflow/.local/lib/python3.8/site-packages/airflow/example_dags/example_setup_teardown_taskflow.py
[2023-09-28T18:05:29.116+0000] {processor.py:829} INFO - Processing file /home/airflow/.local/lib/python3.8/site-packages/airflow/example_dags/example_setup_teardown_taskflow.py for tasks to queue
[2023-09-28T18:05:29.119+0000] {logging_mixin.py:151} INFO - [2023-09-28T18:05:29.119+0000] {dagbag.py:539} INFO - Filling up the DagBag from /home/airflow/.local/lib/python3.8/site-packages/airflow/example_dags/example_setup_teardown_taskflow.py
[2023-09-28T18:05:29.129+0000] {processor.py:839} INFO - DAG(s) dict_keys(['example_setup_teardown_taskflow']) retrieved from /home/airflow/.local/lib/python3.8/site-packages/airflow/example_dags/example_setup_teardown_taskflow.py
[2023-09-28T18:05:29.149+0000] {logging_mixin.py:151} INFO - [2023-09-28T18:05:29.149+0000] {dag.py:2915} INFO - Sync 1 DAGs
[2023-09-28T18:05:29.168+0000] {logging_mixin.py:151} INFO - [2023-09-28T18:05:29.168+0000] {dag.py:3696} INFO - Setting next_dagrun for example_setup_teardown_taskflow to 2023-09-27T18:05:29.168591+00:00, run_after=2023-09-28T18:05:29.168591+00:00
[2023-09-28T18:05:29.186+0000] {processor.py:179} INFO - Processing /home/airflow/.local/lib/python3.8/site-packages/airflow/example_dags/example_setup_teardown_taskflow.py took 0.075 seconds
[2023-09-28T18:05:59.865+0000] {processor.py:157} INFO - Started process (PID=112) to work on /home/airflow/.local/lib/python3.8/site-packages/airflow/example_dags/example_setup_teardown_taskflow.py
[2023-09-28T18:05:59.867+0000] {processor.py:829} INFO - Processing file /home/airflow/.local/lib/python3.8/site-packages/airflow/example_dags/example_setup_teardown_taskflow.py for tasks to queue
[2023-09-28T18:05:59.869+0000] {logging_mixin.py:151} INFO - [2023-09-28T18:05:59.869+0000] {dagbag.py:539} INFO - Filling up the DagBag from /home/airflow/.local/lib/python3.8/site-packages/airflow/example_dags/example_setup_teardown_taskflow.py
[2023-09-28T18:05:59.876+0000] {processor.py:839} INFO - DAG(s) dict_keys(['example_setup_teardown_taskflow']) retrieved from /home/airflow/.local/lib/python3.8/site-packages/airflow/example_dags/example_setup_teardown_taskflow.py
[2023-09-28T18:05:59.893+0000] {logging_mixin.py:151} INFO - [2023-09-28T18:05:59.893+0000] {dag.py:2915} INFO - Sync 1 DAGs
[2023-09-28T18:05:59.910+0000] {logging_mixin.py:151} INFO - [2023-09-28T18:05:59.910+0000] {dag.py:3696} INFO - Setting next_dagrun for example_setup_teardown_taskflow to 2023-09-27T18:05:59.909876+00:00, run_after=2023-09-28T18:05:59.909876+00:00
[2023-09-28T18:05:59.925+0000] {processor.py:179} INFO - Processing /home/airflow/.local/lib/python3.8/site-packages/airflow/example_dags/example_setup_teardown_taskflow.py took 0.063 seconds
[2023-09-28T18:06:30.811+0000] {processor.py:157} INFO - Started process (PID=166) to work on /home/airflow/.local/lib/python3.8/site-packages/airflow/example_dags/example_setup_teardown_taskflow.py
[2023-09-28T18:06:30.813+0000] {processor.py:829} INFO - Processing file /home/airflow/.local/lib/python3.8/site-packages/airflow/example_dags/example_setup_teardown_taskflow.py for tasks to queue
[2023-09-28T18:06:30.815+0000] {logging_mixin.py:151} INFO - [2023-09-28T18:06:30.815+0000] {dagbag.py:539} INFO - Filling up the DagBag from /home/airflow/.local/lib/python3.8/site-packages/airflow/example_dags/example_setup_teardown_taskflow.py
[2023-09-28T18:06:30.822+0000] {processor.py:839} INFO - DAG(s) dict_keys(['example_setup_teardown_taskflow']) retrieved from /home/airflow/.local/lib/python3.8/site-packages/airflow/example_dags/example_setup_teardown_taskflow.py
[2023-09-28T18:06:30.839+0000] {logging_mixin.py:151} INFO - [2023-09-28T18:06:30.838+0000] {dag.py:2915} INFO - Sync 1 DAGs
[2023-09-28T18:06:30.851+0000] {logging_mixin.py:151} INFO - [2023-09-28T18:06:30.851+0000] {dag.py:3696} INFO - Setting next_dagrun for example_setup_teardown_taskflow to 2023-09-27T18:06:30.851666+00:00, run_after=2023-09-28T18:06:30.851666+00:00
[2023-09-28T18:06:30.864+0000] {processor.py:179} INFO - Processing /home/airflow/.local/lib/python3.8/site-packages/airflow/example_dags/example_setup_teardown_taskflow.py took 0.055 seconds
[2023-09-28T18:07:00.953+0000] {processor.py:157} INFO - Started process (PID=219) to work on /home/airflow/.local/lib/python3.8/site-packages/airflow/example_dags/example_setup_teardown_taskflow.py
[2023-09-28T18:07:00.956+0000] {processor.py:829} INFO - Processing file /home/airflow/.local/lib/python3.8/site-packages/airflow/example_dags/example_setup_teardown_taskflow.py for tasks to queue
[2023-09-28T18:07:00.958+0000] {logging_mixin.py:151} INFO - [2023-09-28T18:07:00.958+0000] {dagbag.py:539} INFO - Filling up the DagBag from /home/airflow/.local/lib/python3.8/site-packages/airflow/example_dags/example_setup_teardown_taskflow.py
[2023-09-28T18:07:00.965+0000] {processor.py:839} INFO - DAG(s) dict_keys(['example_setup_teardown_taskflow']) retrieved from /home/airflow/.local/lib/python3.8/site-packages/airflow/example_dags/example_setup_teardown_taskflow.py
[2023-09-28T18:07:00.982+0000] {logging_mixin.py:151} INFO - [2023-09-28T18:07:00.982+0000] {dag.py:2915} INFO - Sync 1 DAGs
[2023-09-28T18:07:00.998+0000] {logging_mixin.py:151} INFO - [2023-09-28T18:07:00.998+0000] {dag.py:3696} INFO - Setting next_dagrun for example_setup_teardown_taskflow to 2023-09-27T18:07:00.998105+00:00, run_after=2023-09-28T18:07:00.998105+00:00
[2023-09-28T18:07:01.011+0000] {processor.py:179} INFO - Processing /home/airflow/.local/lib/python3.8/site-packages/airflow/example_dags/example_setup_teardown_taskflow.py took 0.061 seconds
[2023-09-28T18:07:31.814+0000] {processor.py:157} INFO - Started process (PID=274) to work on /home/airflow/.local/lib/python3.8/site-packages/airflow/example_dags/example_setup_teardown_taskflow.py
[2023-09-28T18:07:31.817+0000] {processor.py:829} INFO - Processing file /home/airflow/.local/lib/python3.8/site-packages/airflow/example_dags/example_setup_teardown_taskflow.py for tasks to queue
[2023-09-28T18:07:31.820+0000] {logging_mixin.py:151} INFO - [2023-09-28T18:07:31.819+0000] {dagbag.py:539} INFO - Filling up the DagBag from /home/airflow/.local/lib/python3.8/site-packages/airflow/example_dags/example_setup_teardown_taskflow.py
[2023-09-28T18:07:31.826+0000] {processor.py:839} INFO - DAG(s) dict_keys(['example_setup_teardown_taskflow']) retrieved from /home/airflow/.local/lib/python3.8/site-packages/airflow/example_dags/example_setup_teardown_taskflow.py
[2023-09-28T18:07:31.845+0000] {logging_mixin.py:151} INFO - [2023-09-28T18:07:31.844+0000] {dag.py:2915} INFO - Sync 1 DAGs
[2023-09-28T18:07:31.859+0000] {logging_mixin.py:151} INFO - [2023-09-28T18:07:31.859+0000] {dag.py:3696} INFO - Setting next_dagrun for example_setup_teardown_taskflow to 2023-09-27T18:07:31.859207+00:00, run_after=2023-09-28T18:07:31.859207+00:00
[2023-09-28T18:07:31.872+0000] {processor.py:179} INFO - Processing /home/airflow/.local/lib/python3.8/site-packages/airflow/example_dags/example_setup_teardown_taskflow.py took 0.060 seconds
[2023-09-28T18:08:02.645+0000] {processor.py:157} INFO - Started process (PID=328) to work on /home/airflow/.local/lib/python3.8/site-packages/airflow/example_dags/example_setup_teardown_taskflow.py
[2023-09-28T18:08:02.647+0000] {processor.py:829} INFO - Processing file /home/airflow/.local/lib/python3.8/site-packages/airflow/example_dags/example_setup_teardown_taskflow.py for tasks to queue
[2023-09-28T18:08:02.650+0000] {logging_mixin.py:151} INFO - [2023-09-28T18:08:02.649+0000] {dagbag.py:539} INFO - Filling up the DagBag from /home/airflow/.local/lib/python3.8/site-packages/airflow/example_dags/example_setup_teardown_taskflow.py
[2023-09-28T18:08:02.657+0000] {processor.py:839} INFO - DAG(s) dict_keys(['example_setup_teardown_taskflow']) retrieved from /home/airflow/.local/lib/python3.8/site-packages/airflow/example_dags/example_setup_teardown_taskflow.py
[2023-09-28T18:08:02.674+0000] {logging_mixin.py:151} INFO - [2023-09-28T18:08:02.674+0000] {dag.py:2915} INFO - Sync 1 DAGs
[2023-09-28T18:08:02.689+0000] {logging_mixin.py:151} INFO - [2023-09-28T18:08:02.689+0000] {dag.py:3696} INFO - Setting next_dagrun for example_setup_teardown_taskflow to 2023-09-27T18:08:02.689627+00:00, run_after=2023-09-28T18:08:02.689627+00:00
[2023-09-28T18:08:02.703+0000] {processor.py:179} INFO - Processing /home/airflow/.local/lib/python3.8/site-packages/airflow/example_dags/example_setup_teardown_taskflow.py took 0.061 seconds
[2023-09-28T18:08:32.802+0000] {processor.py:157} INFO - Started process (PID=382) to work on /home/airflow/.local/lib/python3.8/site-packages/airflow/example_dags/example_setup_teardown_taskflow.py
[2023-09-28T18:08:32.805+0000] {processor.py:829} INFO - Processing file /home/airflow/.local/lib/python3.8/site-packages/airflow/example_dags/example_setup_teardown_taskflow.py for tasks to queue
[2023-09-28T18:08:32.807+0000] {logging_mixin.py:151} INFO - [2023-09-28T18:08:32.807+0000] {dagbag.py:539} INFO - Filling up the DagBag from /home/airflow/.local/lib/python3.8/site-packages/airflow/example_dags/example_setup_teardown_taskflow.py
[2023-09-28T18:08:32.813+0000] {processor.py:839} INFO - DAG(s) dict_keys(['example_setup_teardown_taskflow']) retrieved from /home/airflow/.local/lib/python3.8/site-packages/airflow/example_dags/example_setup_teardown_taskflow.py
[2023-09-28T18:08:32.829+0000] {logging_mixin.py:151} INFO - [2023-09-28T18:08:32.829+0000] {dag.py:2915} INFO - Sync 1 DAGs
[2023-09-28T18:08:32.843+0000] {logging_mixin.py:151} INFO - [2023-09-28T18:08:32.843+0000] {dag.py:3696} INFO - Setting next_dagrun for example_setup_teardown_taskflow to 2023-09-27T18:08:32.843056+00:00, run_after=2023-09-28T18:08:32.843056+00:00
[2023-09-28T18:08:32.857+0000] {processor.py:179} INFO - Processing /home/airflow/.local/lib/python3.8/site-packages/airflow/example_dags/example_setup_teardown_taskflow.py took 0.057 seconds
[2023-09-28T18:09:03.669+0000] {processor.py:157} INFO - Started process (PID=436) to work on /home/airflow/.local/lib/python3.8/site-packages/airflow/example_dags/example_setup_teardown_taskflow.py
[2023-09-28T18:09:03.672+0000] {processor.py:829} INFO - Processing file /home/airflow/.local/lib/python3.8/site-packages/airflow/example_dags/example_setup_teardown_taskflow.py for tasks to queue
[2023-09-28T18:09:03.675+0000] {logging_mixin.py:151} INFO - [2023-09-28T18:09:03.674+0000] {dagbag.py:539} INFO - Filling up the DagBag from /home/airflow/.local/lib/python3.8/site-packages/airflow/example_dags/example_setup_teardown_taskflow.py
[2023-09-28T18:09:03.681+0000] {processor.py:839} INFO - DAG(s) dict_keys(['example_setup_teardown_taskflow']) retrieved from /home/airflow/.local/lib/python3.8/site-packages/airflow/example_dags/example_setup_teardown_taskflow.py
[2023-09-28T18:09:03.698+0000] {logging_mixin.py:151} INFO - [2023-09-28T18:09:03.698+0000] {dag.py:2915} INFO - Sync 1 DAGs
[2023-09-28T18:09:03.713+0000] {logging_mixin.py:151} INFO - [2023-09-28T18:09:03.712+0000] {dag.py:3696} INFO - Setting next_dagrun for example_setup_teardown_taskflow to 2023-09-27T18:09:03.712771+00:00, run_after=2023-09-28T18:09:03.712771+00:00
[2023-09-28T18:09:03.725+0000] {processor.py:179} INFO - Processing /home/airflow/.local/lib/python3.8/site-packages/airflow/example_dags/example_setup_teardown_taskflow.py took 0.058 seconds
[2023-09-28T18:09:34.425+0000] {processor.py:157} INFO - Started process (PID=489) to work on /home/airflow/.local/lib/python3.8/site-packages/airflow/example_dags/example_setup_teardown_taskflow.py
[2023-09-28T18:09:34.428+0000] {processor.py:829} INFO - Processing file /home/airflow/.local/lib/python3.8/site-packages/airflow/example_dags/example_setup_teardown_taskflow.py for tasks to queue
[2023-09-28T18:09:34.430+0000] {logging_mixin.py:151} INFO - [2023-09-28T18:09:34.430+0000] {dagbag.py:539} INFO - Filling up the DagBag from /home/airflow/.local/lib/python3.8/site-packages/airflow/example_dags/example_setup_teardown_taskflow.py
[2023-09-28T18:09:34.437+0000] {processor.py:839} INFO - DAG(s) dict_keys(['example_setup_teardown_taskflow']) retrieved from /home/airflow/.local/lib/python3.8/site-packages/airflow/example_dags/example_setup_teardown_taskflow.py
[2023-09-28T18:09:34.455+0000] {logging_mixin.py:151} INFO - [2023-09-28T18:09:34.455+0000] {dag.py:2915} INFO - Sync 1 DAGs
[2023-09-28T18:09:34.471+0000] {logging_mixin.py:151} INFO - [2023-09-28T18:09:34.471+0000] {dag.py:3696} INFO - Setting next_dagrun for example_setup_teardown_taskflow to 2023-09-27T18:09:34.470839+00:00, run_after=2023-09-28T18:09:34.470839+00:00
[2023-09-28T18:09:34.484+0000] {processor.py:179} INFO - Processing /home/airflow/.local/lib/python3.8/site-packages/airflow/example_dags/example_setup_teardown_taskflow.py took 0.061 seconds
[2023-09-28T18:10:05.139+0000] {processor.py:157} INFO - Started process (PID=543) to work on /home/airflow/.local/lib/python3.8/site-packages/airflow/example_dags/example_setup_teardown_taskflow.py
[2023-09-28T18:10:05.141+0000] {processor.py:829} INFO - Processing file /home/airflow/.local/lib/python3.8/site-packages/airflow/example_dags/example_setup_teardown_taskflow.py for tasks to queue
[2023-09-28T18:10:05.143+0000] {logging_mixin.py:151} INFO - [2023-09-28T18:10:05.143+0000] {dagbag.py:539} INFO - Filling up the DagBag from /home/airflow/.local/lib/python3.8/site-packages/airflow/example_dags/example_setup_teardown_taskflow.py
[2023-09-28T18:10:05.149+0000] {processor.py:839} INFO - DAG(s) dict_keys(['example_setup_teardown_taskflow']) retrieved from /home/airflow/.local/lib/python3.8/site-packages/airflow/example_dags/example_setup_teardown_taskflow.py
[2023-09-28T18:10:05.168+0000] {logging_mixin.py:151} INFO - [2023-09-28T18:10:05.167+0000] {dag.py:2915} INFO - Sync 1 DAGs
[2023-09-28T18:10:05.182+0000] {logging_mixin.py:151} INFO - [2023-09-28T18:10:05.182+0000] {dag.py:3696} INFO - Setting next_dagrun for example_setup_teardown_taskflow to 2023-09-27T18:10:05.182083+00:00, run_after=2023-09-28T18:10:05.182083+00:00
[2023-09-28T18:10:05.195+0000] {processor.py:179} INFO - Processing /home/airflow/.local/lib/python3.8/site-packages/airflow/example_dags/example_setup_teardown_taskflow.py took 0.058 seconds
[2023-09-28T18:10:36.057+0000] {processor.py:157} INFO - Started process (PID=597) to work on /home/airflow/.local/lib/python3.8/site-packages/airflow/example_dags/example_setup_teardown_taskflow.py
[2023-09-28T18:10:36.061+0000] {processor.py:829} INFO - Processing file /home/airflow/.local/lib/python3.8/site-packages/airflow/example_dags/example_setup_teardown_taskflow.py for tasks to queue
[2023-09-28T18:10:36.063+0000] {logging_mixin.py:151} INFO - [2023-09-28T18:10:36.063+0000] {dagbag.py:539} INFO - Filling up the DagBag from /home/airflow/.local/lib/python3.8/site-packages/airflow/example_dags/example_setup_teardown_taskflow.py
[2023-09-28T18:10:36.070+0000] {processor.py:839} INFO - DAG(s) dict_keys(['example_setup_teardown_taskflow']) retrieved from /home/airflow/.local/lib/python3.8/site-packages/airflow/example_dags/example_setup_teardown_taskflow.py
[2023-09-28T18:10:36.088+0000] {logging_mixin.py:151} INFO - [2023-09-28T18:10:36.088+0000] {dag.py:2915} INFO - Sync 1 DAGs
[2023-09-28T18:10:36.103+0000] {logging_mixin.py:151} INFO - [2023-09-28T18:10:36.103+0000] {dag.py:3696} INFO - Setting next_dagrun for example_setup_teardown_taskflow to 2023-09-27T18:10:36.102968+00:00, run_after=2023-09-28T18:10:36.102968+00:00
[2023-09-28T18:10:36.117+0000] {processor.py:179} INFO - Processing /home/airflow/.local/lib/python3.8/site-packages/airflow/example_dags/example_setup_teardown_taskflow.py took 0.064 seconds
[2023-09-28T18:11:07.295+0000] {processor.py:157} INFO - Started process (PID=651) to work on /home/airflow/.local/lib/python3.8/site-packages/airflow/example_dags/example_setup_teardown_taskflow.py
[2023-09-28T18:11:07.297+0000] {processor.py:829} INFO - Processing file /home/airflow/.local/lib/python3.8/site-packages/airflow/example_dags/example_setup_teardown_taskflow.py for tasks to queue
[2023-09-28T18:11:07.300+0000] {logging_mixin.py:151} INFO - [2023-09-28T18:11:07.300+0000] {dagbag.py:539} INFO - Filling up the DagBag from /home/airflow/.local/lib/python3.8/site-packages/airflow/example_dags/example_setup_teardown_taskflow.py
[2023-09-28T18:11:07.309+0000] {processor.py:839} INFO - DAG(s) dict_keys(['example_setup_teardown_taskflow']) retrieved from /home/airflow/.local/lib/python3.8/site-packages/airflow/example_dags/example_setup_teardown_taskflow.py
[2023-09-28T18:11:07.327+0000] {logging_mixin.py:151} INFO - [2023-09-28T18:11:07.326+0000] {dag.py:2915} INFO - Sync 1 DAGs
[2023-09-28T18:11:07.342+0000] {logging_mixin.py:151} INFO - [2023-09-28T18:11:07.342+0000] {dag.py:3696} INFO - Setting next_dagrun for example_setup_teardown_taskflow to 2023-09-27T18:11:07.341914+00:00, run_after=2023-09-28T18:11:07.341914+00:00
[2023-09-28T18:11:07.355+0000] {processor.py:179} INFO - Processing /home/airflow/.local/lib/python3.8/site-packages/airflow/example_dags/example_setup_teardown_taskflow.py took 0.062 seconds
[2023-09-28T18:13:57.204+0000] {processor.py:157} INFO - Started process (PID=58) to work on /home/airflow/.local/lib/python3.8/site-packages/airflow/example_dags/example_setup_teardown_taskflow.py
[2023-09-28T18:13:57.206+0000] {processor.py:829} INFO - Processing file /home/airflow/.local/lib/python3.8/site-packages/airflow/example_dags/example_setup_teardown_taskflow.py for tasks to queue
[2023-09-28T18:13:57.208+0000] {logging_mixin.py:151} INFO - [2023-09-28T18:13:57.208+0000] {dagbag.py:539} INFO - Filling up the DagBag from /home/airflow/.local/lib/python3.8/site-packages/airflow/example_dags/example_setup_teardown_taskflow.py
[2023-09-28T18:13:57.216+0000] {processor.py:839} INFO - DAG(s) dict_keys(['example_setup_teardown_taskflow']) retrieved from /home/airflow/.local/lib/python3.8/site-packages/airflow/example_dags/example_setup_teardown_taskflow.py
[2023-09-28T18:13:57.287+0000] {logging_mixin.py:151} INFO - [2023-09-28T18:13:57.287+0000] {manager.py:499} INFO - Created Permission View: %s
[2023-09-28T18:13:57.294+0000] {logging_mixin.py:151} INFO - [2023-09-28T18:13:57.294+0000] {manager.py:499} INFO - Created Permission View: %s
[2023-09-28T18:13:57.299+0000] {logging_mixin.py:151} INFO - [2023-09-28T18:13:57.299+0000] {manager.py:499} INFO - Created Permission View: %s
[2023-09-28T18:13:57.301+0000] {logging_mixin.py:151} INFO - [2023-09-28T18:13:57.301+0000] {security.py:708} INFO - Not syncing DAG-level permissions for DAG 'DAG:example_setup_teardown_taskflow' as access control is unset.
[2023-09-28T18:13:57.302+0000] {logging_mixin.py:151} INFO - [2023-09-28T18:13:57.302+0000] {dag.py:2915} INFO - Sync 1 DAGs
[2023-09-28T18:13:57.311+0000] {logging_mixin.py:151} INFO - [2023-09-28T18:13:57.311+0000] {dag.py:2937} INFO - Creating ORM DAG for example_setup_teardown_taskflow
[2023-09-28T18:13:57.319+0000] {logging_mixin.py:151} INFO - [2023-09-28T18:13:57.319+0000] {dag.py:3696} INFO - Setting next_dagrun for example_setup_teardown_taskflow to 2023-09-27T18:13:57.319193+00:00, run_after=2023-09-28T18:13:57.319193+00:00
[2023-09-28T18:13:57.331+0000] {processor.py:179} INFO - Processing /home/airflow/.local/lib/python3.8/site-packages/airflow/example_dags/example_setup_teardown_taskflow.py took 0.130 seconds
[2023-09-28T18:14:28.147+0000] {processor.py:157} INFO - Started process (PID=112) to work on /home/airflow/.local/lib/python3.8/site-packages/airflow/example_dags/example_setup_teardown_taskflow.py
[2023-09-28T18:14:28.153+0000] {processor.py:829} INFO - Processing file /home/airflow/.local/lib/python3.8/site-packages/airflow/example_dags/example_setup_teardown_taskflow.py for tasks to queue
[2023-09-28T18:14:28.155+0000] {logging_mixin.py:151} INFO - [2023-09-28T18:14:28.155+0000] {dagbag.py:539} INFO - Filling up the DagBag from /home/airflow/.local/lib/python3.8/site-packages/airflow/example_dags/example_setup_teardown_taskflow.py
[2023-09-28T18:14:28.162+0000] {processor.py:839} INFO - DAG(s) dict_keys(['example_setup_teardown_taskflow']) retrieved from /home/airflow/.local/lib/python3.8/site-packages/airflow/example_dags/example_setup_teardown_taskflow.py
[2023-09-28T18:14:28.178+0000] {logging_mixin.py:151} INFO - [2023-09-28T18:14:28.178+0000] {dag.py:2915} INFO - Sync 1 DAGs
[2023-09-28T18:14:28.193+0000] {logging_mixin.py:151} INFO - [2023-09-28T18:14:28.193+0000] {dag.py:3696} INFO - Setting next_dagrun for example_setup_teardown_taskflow to 2023-09-27T18:14:28.193440+00:00, run_after=2023-09-28T18:14:28.193440+00:00
[2023-09-28T18:14:28.207+0000] {processor.py:179} INFO - Processing /home/airflow/.local/lib/python3.8/site-packages/airflow/example_dags/example_setup_teardown_taskflow.py took 0.062 seconds
[2023-09-28T18:14:58.881+0000] {processor.py:157} INFO - Started process (PID=166) to work on /home/airflow/.local/lib/python3.8/site-packages/airflow/example_dags/example_setup_teardown_taskflow.py
[2023-09-28T18:14:58.883+0000] {processor.py:829} INFO - Processing file /home/airflow/.local/lib/python3.8/site-packages/airflow/example_dags/example_setup_teardown_taskflow.py for tasks to queue
[2023-09-28T18:14:58.885+0000] {logging_mixin.py:151} INFO - [2023-09-28T18:14:58.885+0000] {dagbag.py:539} INFO - Filling up the DagBag from /home/airflow/.local/lib/python3.8/site-packages/airflow/example_dags/example_setup_teardown_taskflow.py
[2023-09-28T18:14:58.891+0000] {processor.py:839} INFO - DAG(s) dict_keys(['example_setup_teardown_taskflow']) retrieved from /home/airflow/.local/lib/python3.8/site-packages/airflow/example_dags/example_setup_teardown_taskflow.py
[2023-09-28T18:14:58.908+0000] {logging_mixin.py:151} INFO - [2023-09-28T18:14:58.908+0000] {dag.py:2915} INFO - Sync 1 DAGs
[2023-09-28T18:14:58.922+0000] {logging_mixin.py:151} INFO - [2023-09-28T18:14:58.922+0000] {dag.py:3696} INFO - Setting next_dagrun for example_setup_teardown_taskflow to 2023-09-27T18:14:58.922537+00:00, run_after=2023-09-28T18:14:58.922537+00:00
[2023-09-28T18:14:58.935+0000] {processor.py:179} INFO - Processing /home/airflow/.local/lib/python3.8/site-packages/airflow/example_dags/example_setup_teardown_taskflow.py took 0.057 seconds
[2023-09-28T18:15:29.629+0000] {processor.py:157} INFO - Started process (PID=220) to work on /home/airflow/.local/lib/python3.8/site-packages/airflow/example_dags/example_setup_teardown_taskflow.py
[2023-09-28T18:15:29.631+0000] {processor.py:829} INFO - Processing file /home/airflow/.local/lib/python3.8/site-packages/airflow/example_dags/example_setup_teardown_taskflow.py for tasks to queue
[2023-09-28T18:15:29.633+0000] {logging_mixin.py:151} INFO - [2023-09-28T18:15:29.633+0000] {dagbag.py:539} INFO - Filling up the DagBag from /home/airflow/.local/lib/python3.8/site-packages/airflow/example_dags/example_setup_teardown_taskflow.py
[2023-09-28T18:15:29.639+0000] {processor.py:839} INFO - DAG(s) dict_keys(['example_setup_teardown_taskflow']) retrieved from /home/airflow/.local/lib/python3.8/site-packages/airflow/example_dags/example_setup_teardown_taskflow.py
[2023-09-28T18:15:29.656+0000] {logging_mixin.py:151} INFO - [2023-09-28T18:15:29.656+0000] {dag.py:2915} INFO - Sync 1 DAGs
[2023-09-28T18:15:29.670+0000] {logging_mixin.py:151} INFO - [2023-09-28T18:15:29.670+0000] {dag.py:3696} INFO - Setting next_dagrun for example_setup_teardown_taskflow to 2023-09-27T18:15:29.669856+00:00, run_after=2023-09-28T18:15:29.669856+00:00
[2023-09-28T18:15:29.682+0000] {processor.py:179} INFO - Processing /home/airflow/.local/lib/python3.8/site-packages/airflow/example_dags/example_setup_teardown_taskflow.py took 0.056 seconds
[2023-09-28T18:16:00.360+0000] {processor.py:157} INFO - Started process (PID=274) to work on /home/airflow/.local/lib/python3.8/site-packages/airflow/example_dags/example_setup_teardown_taskflow.py
[2023-09-28T18:16:00.362+0000] {processor.py:829} INFO - Processing file /home/airflow/.local/lib/python3.8/site-packages/airflow/example_dags/example_setup_teardown_taskflow.py for tasks to queue
[2023-09-28T18:16:00.365+0000] {logging_mixin.py:151} INFO - [2023-09-28T18:16:00.364+0000] {dagbag.py:539} INFO - Filling up the DagBag from /home/airflow/.local/lib/python3.8/site-packages/airflow/example_dags/example_setup_teardown_taskflow.py
[2023-09-28T18:16:00.371+0000] {processor.py:839} INFO - DAG(s) dict_keys(['example_setup_teardown_taskflow']) retrieved from /home/airflow/.local/lib/python3.8/site-packages/airflow/example_dags/example_setup_teardown_taskflow.py
[2023-09-28T18:16:00.391+0000] {logging_mixin.py:151} INFO - [2023-09-28T18:16:00.390+0000] {dag.py:2915} INFO - Sync 1 DAGs
[2023-09-28T18:16:00.405+0000] {logging_mixin.py:151} INFO - [2023-09-28T18:16:00.405+0000] {dag.py:3696} INFO - Setting next_dagrun for example_setup_teardown_taskflow to 2023-09-27T18:16:00.405329+00:00, run_after=2023-09-28T18:16:00.405329+00:00
[2023-09-28T18:16:00.418+0000] {processor.py:179} INFO - Processing /home/airflow/.local/lib/python3.8/site-packages/airflow/example_dags/example_setup_teardown_taskflow.py took 0.061 seconds
[2023-09-28T18:16:31.050+0000] {processor.py:157} INFO - Started process (PID=328) to work on /home/airflow/.local/lib/python3.8/site-packages/airflow/example_dags/example_setup_teardown_taskflow.py
[2023-09-28T18:16:31.052+0000] {processor.py:829} INFO - Processing file /home/airflow/.local/lib/python3.8/site-packages/airflow/example_dags/example_setup_teardown_taskflow.py for tasks to queue
[2023-09-28T18:16:31.054+0000] {logging_mixin.py:151} INFO - [2023-09-28T18:16:31.054+0000] {dagbag.py:539} INFO - Filling up the DagBag from /home/airflow/.local/lib/python3.8/site-packages/airflow/example_dags/example_setup_teardown_taskflow.py
[2023-09-28T18:16:31.061+0000] {processor.py:839} INFO - DAG(s) dict_keys(['example_setup_teardown_taskflow']) retrieved from /home/airflow/.local/lib/python3.8/site-packages/airflow/example_dags/example_setup_teardown_taskflow.py
[2023-09-28T18:16:31.079+0000] {logging_mixin.py:151} INFO - [2023-09-28T18:16:31.079+0000] {dag.py:2915} INFO - Sync 1 DAGs
[2023-09-28T18:16:31.093+0000] {logging_mixin.py:151} INFO - [2023-09-28T18:16:31.093+0000] {dag.py:3696} INFO - Setting next_dagrun for example_setup_teardown_taskflow to 2023-09-27T18:16:31.093394+00:00, run_after=2023-09-28T18:16:31.093394+00:00
[2023-09-28T18:16:31.105+0000] {processor.py:179} INFO - Processing /home/airflow/.local/lib/python3.8/site-packages/airflow/example_dags/example_setup_teardown_taskflow.py took 0.058 seconds
[2023-09-28T18:17:01.843+0000] {processor.py:157} INFO - Started process (PID=382) to work on /home/airflow/.local/lib/python3.8/site-packages/airflow/example_dags/example_setup_teardown_taskflow.py
[2023-09-28T18:17:01.845+0000] {processor.py:829} INFO - Processing file /home/airflow/.local/lib/python3.8/site-packages/airflow/example_dags/example_setup_teardown_taskflow.py for tasks to queue
[2023-09-28T18:17:01.848+0000] {logging_mixin.py:151} INFO - [2023-09-28T18:17:01.847+0000] {dagbag.py:539} INFO - Filling up the DagBag from /home/airflow/.local/lib/python3.8/site-packages/airflow/example_dags/example_setup_teardown_taskflow.py
[2023-09-28T18:17:01.854+0000] {processor.py:839} INFO - DAG(s) dict_keys(['example_setup_teardown_taskflow']) retrieved from /home/airflow/.local/lib/python3.8/site-packages/airflow/example_dags/example_setup_teardown_taskflow.py
[2023-09-28T18:17:01.871+0000] {logging_mixin.py:151} INFO - [2023-09-28T18:17:01.871+0000] {dag.py:2915} INFO - Sync 1 DAGs
[2023-09-28T18:17:01.885+0000] {logging_mixin.py:151} INFO - [2023-09-28T18:17:01.885+0000] {dag.py:3696} INFO - Setting next_dagrun for example_setup_teardown_taskflow to 2023-09-27T18:17:01.885225+00:00, run_after=2023-09-28T18:17:01.885225+00:00
[2023-09-28T18:17:01.898+0000] {processor.py:179} INFO - Processing /home/airflow/.local/lib/python3.8/site-packages/airflow/example_dags/example_setup_teardown_taskflow.py took 0.057 seconds
[2023-09-28T18:17:32.415+0000] {processor.py:157} INFO - Started process (PID=435) to work on /home/airflow/.local/lib/python3.8/site-packages/airflow/example_dags/example_setup_teardown_taskflow.py
[2023-09-28T18:17:32.418+0000] {processor.py:829} INFO - Processing file /home/airflow/.local/lib/python3.8/site-packages/airflow/example_dags/example_setup_teardown_taskflow.py for tasks to queue
[2023-09-28T18:17:32.420+0000] {logging_mixin.py:151} INFO - [2023-09-28T18:17:32.420+0000] {dagbag.py:539} INFO - Filling up the DagBag from /home/airflow/.local/lib/python3.8/site-packages/airflow/example_dags/example_setup_teardown_taskflow.py
[2023-09-28T18:17:32.428+0000] {processor.py:839} INFO - DAG(s) dict_keys(['example_setup_teardown_taskflow']) retrieved from /home/airflow/.local/lib/python3.8/site-packages/airflow/example_dags/example_setup_teardown_taskflow.py
[2023-09-28T18:17:32.446+0000] {logging_mixin.py:151} INFO - [2023-09-28T18:17:32.446+0000] {dag.py:2915} INFO - Sync 1 DAGs
[2023-09-28T18:17:32.461+0000] {logging_mixin.py:151} INFO - [2023-09-28T18:17:32.461+0000] {dag.py:3696} INFO - Setting next_dagrun for example_setup_teardown_taskflow to 2023-09-27T18:17:32.461636+00:00, run_after=2023-09-28T18:17:32.461636+00:00
[2023-09-28T18:17:32.473+0000] {processor.py:179} INFO - Processing /home/airflow/.local/lib/python3.8/site-packages/airflow/example_dags/example_setup_teardown_taskflow.py took 0.060 seconds
[2023-09-28T18:18:03.147+0000] {processor.py:157} INFO - Started process (PID=490) to work on /home/airflow/.local/lib/python3.8/site-packages/airflow/example_dags/example_setup_teardown_taskflow.py
[2023-09-28T18:18:03.149+0000] {processor.py:829} INFO - Processing file /home/airflow/.local/lib/python3.8/site-packages/airflow/example_dags/example_setup_teardown_taskflow.py for tasks to queue
[2023-09-28T18:18:03.152+0000] {logging_mixin.py:151} INFO - [2023-09-28T18:18:03.152+0000] {dagbag.py:539} INFO - Filling up the DagBag from /home/airflow/.local/lib/python3.8/site-packages/airflow/example_dags/example_setup_teardown_taskflow.py
[2023-09-28T18:18:03.158+0000] {processor.py:839} INFO - DAG(s) dict_keys(['example_setup_teardown_taskflow']) retrieved from /home/airflow/.local/lib/python3.8/site-packages/airflow/example_dags/example_setup_teardown_taskflow.py
[2023-09-28T18:18:03.174+0000] {logging_mixin.py:151} INFO - [2023-09-28T18:18:03.174+0000] {dag.py:2915} INFO - Sync 1 DAGs
[2023-09-28T18:18:03.188+0000] {logging_mixin.py:151} INFO - [2023-09-28T18:18:03.188+0000] {dag.py:3696} INFO - Setting next_dagrun for example_setup_teardown_taskflow to 2023-09-27T18:18:03.188089+00:00, run_after=2023-09-28T18:18:03.188089+00:00
[2023-09-28T18:18:03.200+0000] {processor.py:179} INFO - Processing /home/airflow/.local/lib/python3.8/site-packages/airflow/example_dags/example_setup_teardown_taskflow.py took 0.055 seconds
[2023-09-28T18:18:33.923+0000] {processor.py:157} INFO - Started process (PID=544) to work on /home/airflow/.local/lib/python3.8/site-packages/airflow/example_dags/example_setup_teardown_taskflow.py
[2023-09-28T18:18:33.925+0000] {processor.py:829} INFO - Processing file /home/airflow/.local/lib/python3.8/site-packages/airflow/example_dags/example_setup_teardown_taskflow.py for tasks to queue
[2023-09-28T18:18:33.927+0000] {logging_mixin.py:151} INFO - [2023-09-28T18:18:33.927+0000] {dagbag.py:539} INFO - Filling up the DagBag from /home/airflow/.local/lib/python3.8/site-packages/airflow/example_dags/example_setup_teardown_taskflow.py
[2023-09-28T18:18:33.934+0000] {processor.py:839} INFO - DAG(s) dict_keys(['example_setup_teardown_taskflow']) retrieved from /home/airflow/.local/lib/python3.8/site-packages/airflow/example_dags/example_setup_teardown_taskflow.py
[2023-09-28T18:18:33.951+0000] {logging_mixin.py:151} INFO - [2023-09-28T18:18:33.951+0000] {dag.py:2915} INFO - Sync 1 DAGs
[2023-09-28T18:18:33.965+0000] {logging_mixin.py:151} INFO - [2023-09-28T18:18:33.965+0000] {dag.py:3696} INFO - Setting next_dagrun for example_setup_teardown_taskflow to 2023-09-27T18:18:33.965008+00:00, run_after=2023-09-28T18:18:33.965008+00:00
[2023-09-28T18:18:33.977+0000] {processor.py:179} INFO - Processing /home/airflow/.local/lib/python3.8/site-packages/airflow/example_dags/example_setup_teardown_taskflow.py took 0.057 seconds
[2023-09-28T18:19:04.798+0000] {processor.py:157} INFO - Started process (PID=599) to work on /home/airflow/.local/lib/python3.8/site-packages/airflow/example_dags/example_setup_teardown_taskflow.py
[2023-09-28T18:19:04.800+0000] {processor.py:829} INFO - Processing file /home/airflow/.local/lib/python3.8/site-packages/airflow/example_dags/example_setup_teardown_taskflow.py for tasks to queue
[2023-09-28T18:19:04.803+0000] {logging_mixin.py:151} INFO - [2023-09-28T18:19:04.803+0000] {dagbag.py:539} INFO - Filling up the DagBag from /home/airflow/.local/lib/python3.8/site-packages/airflow/example_dags/example_setup_teardown_taskflow.py
[2023-09-28T18:19:04.810+0000] {processor.py:839} INFO - DAG(s) dict_keys(['example_setup_teardown_taskflow']) retrieved from /home/airflow/.local/lib/python3.8/site-packages/airflow/example_dags/example_setup_teardown_taskflow.py
[2023-09-28T18:19:04.827+0000] {logging_mixin.py:151} INFO - [2023-09-28T18:19:04.827+0000] {dag.py:2915} INFO - Sync 1 DAGs
[2023-09-28T18:19:04.841+0000] {logging_mixin.py:151} INFO - [2023-09-28T18:19:04.841+0000] {dag.py:3696} INFO - Setting next_dagrun for example_setup_teardown_taskflow to 2023-09-27T18:19:04.841478+00:00, run_after=2023-09-28T18:19:04.841478+00:00
[2023-09-28T18:19:04.853+0000] {processor.py:179} INFO - Processing /home/airflow/.local/lib/python3.8/site-packages/airflow/example_dags/example_setup_teardown_taskflow.py took 0.058 seconds
[2023-09-28T18:19:35.541+0000] {processor.py:157} INFO - Started process (PID=653) to work on /home/airflow/.local/lib/python3.8/site-packages/airflow/example_dags/example_setup_teardown_taskflow.py
[2023-09-28T18:19:35.543+0000] {processor.py:829} INFO - Processing file /home/airflow/.local/lib/python3.8/site-packages/airflow/example_dags/example_setup_teardown_taskflow.py for tasks to queue
[2023-09-28T18:19:35.545+0000] {logging_mixin.py:151} INFO - [2023-09-28T18:19:35.545+0000] {dagbag.py:539} INFO - Filling up the DagBag from /home/airflow/.local/lib/python3.8/site-packages/airflow/example_dags/example_setup_teardown_taskflow.py
[2023-09-28T18:19:35.552+0000] {processor.py:839} INFO - DAG(s) dict_keys(['example_setup_teardown_taskflow']) retrieved from /home/airflow/.local/lib/python3.8/site-packages/airflow/example_dags/example_setup_teardown_taskflow.py
[2023-09-28T18:19:35.570+0000] {logging_mixin.py:151} INFO - [2023-09-28T18:19:35.570+0000] {dag.py:2915} INFO - Sync 1 DAGs
[2023-09-28T18:19:35.584+0000] {logging_mixin.py:151} INFO - [2023-09-28T18:19:35.584+0000] {dag.py:3696} INFO - Setting next_dagrun for example_setup_teardown_taskflow to 2023-09-27T18:19:35.583881+00:00, run_after=2023-09-28T18:19:35.583881+00:00
[2023-09-28T18:19:35.598+0000] {processor.py:179} INFO - Processing /home/airflow/.local/lib/python3.8/site-packages/airflow/example_dags/example_setup_teardown_taskflow.py took 0.059 seconds
[2023-09-28T18:20:06.241+0000] {processor.py:157} INFO - Started process (PID=707) to work on /home/airflow/.local/lib/python3.8/site-packages/airflow/example_dags/example_setup_teardown_taskflow.py
[2023-09-28T18:20:06.244+0000] {processor.py:829} INFO - Processing file /home/airflow/.local/lib/python3.8/site-packages/airflow/example_dags/example_setup_teardown_taskflow.py for tasks to queue
[2023-09-28T18:20:06.246+0000] {logging_mixin.py:151} INFO - [2023-09-28T18:20:06.246+0000] {dagbag.py:539} INFO - Filling up the DagBag from /home/airflow/.local/lib/python3.8/site-packages/airflow/example_dags/example_setup_teardown_taskflow.py
[2023-09-28T18:20:06.252+0000] {processor.py:839} INFO - DAG(s) dict_keys(['example_setup_teardown_taskflow']) retrieved from /home/airflow/.local/lib/python3.8/site-packages/airflow/example_dags/example_setup_teardown_taskflow.py
[2023-09-28T18:20:06.269+0000] {logging_mixin.py:151} INFO - [2023-09-28T18:20:06.269+0000] {dag.py:2915} INFO - Sync 1 DAGs
[2023-09-28T18:20:06.284+0000] {logging_mixin.py:151} INFO - [2023-09-28T18:20:06.284+0000] {dag.py:3696} INFO - Setting next_dagrun for example_setup_teardown_taskflow to 2023-09-27T18:20:06.283949+00:00, run_after=2023-09-28T18:20:06.283949+00:00
[2023-09-28T18:20:06.297+0000] {processor.py:179} INFO - Processing /home/airflow/.local/lib/python3.8/site-packages/airflow/example_dags/example_setup_teardown_taskflow.py took 0.058 seconds
[2023-09-28T18:20:36.835+0000] {processor.py:157} INFO - Started process (PID=760) to work on /home/airflow/.local/lib/python3.8/site-packages/airflow/example_dags/example_setup_teardown_taskflow.py
[2023-09-28T18:20:36.839+0000] {processor.py:829} INFO - Processing file /home/airflow/.local/lib/python3.8/site-packages/airflow/example_dags/example_setup_teardown_taskflow.py for tasks to queue
[2023-09-28T18:20:36.841+0000] {logging_mixin.py:151} INFO - [2023-09-28T18:20:36.841+0000] {dagbag.py:539} INFO - Filling up the DagBag from /home/airflow/.local/lib/python3.8/site-packages/airflow/example_dags/example_setup_teardown_taskflow.py
[2023-09-28T18:20:36.847+0000] {processor.py:839} INFO - DAG(s) dict_keys(['example_setup_teardown_taskflow']) retrieved from /home/airflow/.local/lib/python3.8/site-packages/airflow/example_dags/example_setup_teardown_taskflow.py
[2023-09-28T18:20:36.865+0000] {logging_mixin.py:151} INFO - [2023-09-28T18:20:36.865+0000] {dag.py:2915} INFO - Sync 1 DAGs
[2023-09-28T18:20:36.879+0000] {logging_mixin.py:151} INFO - [2023-09-28T18:20:36.878+0000] {dag.py:3696} INFO - Setting next_dagrun for example_setup_teardown_taskflow to 2023-09-27T18:20:36.878718+00:00, run_after=2023-09-28T18:20:36.878718+00:00
[2023-09-28T18:20:36.892+0000] {processor.py:179} INFO - Processing /home/airflow/.local/lib/python3.8/site-packages/airflow/example_dags/example_setup_teardown_taskflow.py took 0.059 seconds
[2023-09-28T18:21:07.595+0000] {processor.py:157} INFO - Started process (PID=814) to work on /home/airflow/.local/lib/python3.8/site-packages/airflow/example_dags/example_setup_teardown_taskflow.py
[2023-09-28T18:21:07.601+0000] {processor.py:829} INFO - Processing file /home/airflow/.local/lib/python3.8/site-packages/airflow/example_dags/example_setup_teardown_taskflow.py for tasks to queue
[2023-09-28T18:21:07.605+0000] {logging_mixin.py:151} INFO - [2023-09-28T18:21:07.604+0000] {dagbag.py:539} INFO - Filling up the DagBag from /home/airflow/.local/lib/python3.8/site-packages/airflow/example_dags/example_setup_teardown_taskflow.py
[2023-09-28T18:21:07.614+0000] {processor.py:839} INFO - DAG(s) dict_keys(['example_setup_teardown_taskflow']) retrieved from /home/airflow/.local/lib/python3.8/site-packages/airflow/example_dags/example_setup_teardown_taskflow.py
[2023-09-28T18:21:07.636+0000] {logging_mixin.py:151} INFO - [2023-09-28T18:21:07.635+0000] {dag.py:2915} INFO - Sync 1 DAGs
[2023-09-28T18:21:07.664+0000] {logging_mixin.py:151} INFO - [2023-09-28T18:21:07.664+0000] {dag.py:3696} INFO - Setting next_dagrun for example_setup_teardown_taskflow to 2023-09-27T18:21:07.663671+00:00, run_after=2023-09-28T18:21:07.663671+00:00
[2023-09-28T18:21:07.697+0000] {processor.py:179} INFO - Processing /home/airflow/.local/lib/python3.8/site-packages/airflow/example_dags/example_setup_teardown_taskflow.py took 0.105 seconds
[2023-09-28T18:21:38.622+0000] {processor.py:157} INFO - Started process (PID=868) to work on /home/airflow/.local/lib/python3.8/site-packages/airflow/example_dags/example_setup_teardown_taskflow.py
[2023-09-28T18:21:38.624+0000] {processor.py:829} INFO - Processing file /home/airflow/.local/lib/python3.8/site-packages/airflow/example_dags/example_setup_teardown_taskflow.py for tasks to queue
[2023-09-28T18:21:38.627+0000] {logging_mixin.py:151} INFO - [2023-09-28T18:21:38.627+0000] {dagbag.py:539} INFO - Filling up the DagBag from /home/airflow/.local/lib/python3.8/site-packages/airflow/example_dags/example_setup_teardown_taskflow.py
[2023-09-28T18:21:38.634+0000] {processor.py:839} INFO - DAG(s) dict_keys(['example_setup_teardown_taskflow']) retrieved from /home/airflow/.local/lib/python3.8/site-packages/airflow/example_dags/example_setup_teardown_taskflow.py
[2023-09-28T18:21:38.651+0000] {logging_mixin.py:151} INFO - [2023-09-28T18:21:38.651+0000] {dag.py:2915} INFO - Sync 1 DAGs
[2023-09-28T18:21:38.666+0000] {logging_mixin.py:151} INFO - [2023-09-28T18:21:38.665+0000] {dag.py:3696} INFO - Setting next_dagrun for example_setup_teardown_taskflow to 2023-09-27T18:21:38.665789+00:00, run_after=2023-09-28T18:21:38.665789+00:00
[2023-09-28T18:21:38.679+0000] {processor.py:179} INFO - Processing /home/airflow/.local/lib/python3.8/site-packages/airflow/example_dags/example_setup_teardown_taskflow.py took 0.060 seconds
[2023-09-28T18:22:09.292+0000] {processor.py:157} INFO - Started process (PID=922) to work on /home/airflow/.local/lib/python3.8/site-packages/airflow/example_dags/example_setup_teardown_taskflow.py
[2023-09-28T18:22:09.295+0000] {processor.py:829} INFO - Processing file /home/airflow/.local/lib/python3.8/site-packages/airflow/example_dags/example_setup_teardown_taskflow.py for tasks to queue
[2023-09-28T18:22:09.297+0000] {logging_mixin.py:151} INFO - [2023-09-28T18:22:09.297+0000] {dagbag.py:539} INFO - Filling up the DagBag from /home/airflow/.local/lib/python3.8/site-packages/airflow/example_dags/example_setup_teardown_taskflow.py
[2023-09-28T18:22:09.304+0000] {processor.py:839} INFO - DAG(s) dict_keys(['example_setup_teardown_taskflow']) retrieved from /home/airflow/.local/lib/python3.8/site-packages/airflow/example_dags/example_setup_teardown_taskflow.py
[2023-09-28T18:22:09.320+0000] {logging_mixin.py:151} INFO - [2023-09-28T18:22:09.320+0000] {dag.py:2915} INFO - Sync 1 DAGs
[2023-09-28T18:22:09.333+0000] {logging_mixin.py:151} INFO - [2023-09-28T18:22:09.333+0000] {dag.py:3696} INFO - Setting next_dagrun for example_setup_teardown_taskflow to 2023-09-27T18:22:09.333336+00:00, run_after=2023-09-28T18:22:09.333336+00:00
[2023-09-28T18:22:09.344+0000] {processor.py:179} INFO - Processing /home/airflow/.local/lib/python3.8/site-packages/airflow/example_dags/example_setup_teardown_taskflow.py took 0.055 seconds
[2023-09-28T18:22:40.123+0000] {processor.py:157} INFO - Started process (PID=975) to work on /home/airflow/.local/lib/python3.8/site-packages/airflow/example_dags/example_setup_teardown_taskflow.py
[2023-09-28T18:22:40.126+0000] {processor.py:829} INFO - Processing file /home/airflow/.local/lib/python3.8/site-packages/airflow/example_dags/example_setup_teardown_taskflow.py for tasks to queue
[2023-09-28T18:22:40.128+0000] {logging_mixin.py:151} INFO - [2023-09-28T18:22:40.128+0000] {dagbag.py:539} INFO - Filling up the DagBag from /home/airflow/.local/lib/python3.8/site-packages/airflow/example_dags/example_setup_teardown_taskflow.py
[2023-09-28T18:22:40.134+0000] {processor.py:839} INFO - DAG(s) dict_keys(['example_setup_teardown_taskflow']) retrieved from /home/airflow/.local/lib/python3.8/site-packages/airflow/example_dags/example_setup_teardown_taskflow.py
[2023-09-28T18:22:40.151+0000] {logging_mixin.py:151} INFO - [2023-09-28T18:22:40.151+0000] {dag.py:2915} INFO - Sync 1 DAGs
[2023-09-28T18:22:40.165+0000] {logging_mixin.py:151} INFO - [2023-09-28T18:22:40.165+0000] {dag.py:3696} INFO - Setting next_dagrun for example_setup_teardown_taskflow to 2023-09-27T18:22:40.165559+00:00, run_after=2023-09-28T18:22:40.165559+00:00
[2023-09-28T18:22:40.177+0000] {processor.py:179} INFO - Processing /home/airflow/.local/lib/python3.8/site-packages/airflow/example_dags/example_setup_teardown_taskflow.py took 0.057 seconds
[2023-09-28T18:23:11.101+0000] {processor.py:157} INFO - Started process (PID=1028) to work on /home/airflow/.local/lib/python3.8/site-packages/airflow/example_dags/example_setup_teardown_taskflow.py
[2023-09-28T18:23:11.103+0000] {processor.py:829} INFO - Processing file /home/airflow/.local/lib/python3.8/site-packages/airflow/example_dags/example_setup_teardown_taskflow.py for tasks to queue
[2023-09-28T18:23:11.105+0000] {logging_mixin.py:151} INFO - [2023-09-28T18:23:11.105+0000] {dagbag.py:539} INFO - Filling up the DagBag from /home/airflow/.local/lib/python3.8/site-packages/airflow/example_dags/example_setup_teardown_taskflow.py
[2023-09-28T18:23:11.112+0000] {processor.py:839} INFO - DAG(s) dict_keys(['example_setup_teardown_taskflow']) retrieved from /home/airflow/.local/lib/python3.8/site-packages/airflow/example_dags/example_setup_teardown_taskflow.py
[2023-09-28T18:23:11.135+0000] {logging_mixin.py:151} INFO - [2023-09-28T18:23:11.135+0000] {dag.py:2915} INFO - Sync 1 DAGs
[2023-09-28T18:23:11.149+0000] {logging_mixin.py:151} INFO - [2023-09-28T18:23:11.149+0000] {dag.py:3696} INFO - Setting next_dagrun for example_setup_teardown_taskflow to 2023-09-27T18:23:11.149439+00:00, run_after=2023-09-28T18:23:11.149439+00:00
[2023-09-28T18:23:11.164+0000] {processor.py:179} INFO - Processing /home/airflow/.local/lib/python3.8/site-packages/airflow/example_dags/example_setup_teardown_taskflow.py took 0.065 seconds
[2023-09-28T18:23:42.099+0000] {processor.py:157} INFO - Started process (PID=1082) to work on /home/airflow/.local/lib/python3.8/site-packages/airflow/example_dags/example_setup_teardown_taskflow.py
[2023-09-28T18:23:42.101+0000] {processor.py:829} INFO - Processing file /home/airflow/.local/lib/python3.8/site-packages/airflow/example_dags/example_setup_teardown_taskflow.py for tasks to queue
[2023-09-28T18:23:42.103+0000] {logging_mixin.py:151} INFO - [2023-09-28T18:23:42.103+0000] {dagbag.py:539} INFO - Filling up the DagBag from /home/airflow/.local/lib/python3.8/site-packages/airflow/example_dags/example_setup_teardown_taskflow.py
[2023-09-28T18:23:42.110+0000] {processor.py:839} INFO - DAG(s) dict_keys(['example_setup_teardown_taskflow']) retrieved from /home/airflow/.local/lib/python3.8/site-packages/airflow/example_dags/example_setup_teardown_taskflow.py
[2023-09-28T18:23:42.127+0000] {logging_mixin.py:151} INFO - [2023-09-28T18:23:42.127+0000] {dag.py:2915} INFO - Sync 1 DAGs
[2023-09-28T18:23:42.144+0000] {logging_mixin.py:151} INFO - [2023-09-28T18:23:42.144+0000] {dag.py:3696} INFO - Setting next_dagrun for example_setup_teardown_taskflow to 2023-09-27T18:23:42.144110+00:00, run_after=2023-09-28T18:23:42.144110+00:00
[2023-09-28T18:23:42.156+0000] {processor.py:179} INFO - Processing /home/airflow/.local/lib/python3.8/site-packages/airflow/example_dags/example_setup_teardown_taskflow.py took 0.059 seconds
[2023-09-28T18:34:44.332+0000] {processor.py:157} INFO - Started process (PID=59) to work on /home/airflow/.local/lib/python3.8/site-packages/airflow/example_dags/example_setup_teardown_taskflow.py
[2023-09-28T18:34:44.334+0000] {processor.py:829} INFO - Processing file /home/airflow/.local/lib/python3.8/site-packages/airflow/example_dags/example_setup_teardown_taskflow.py for tasks to queue
[2023-09-28T18:34:44.337+0000] {logging_mixin.py:151} INFO - [2023-09-28T18:34:44.337+0000] {dagbag.py:539} INFO - Filling up the DagBag from /home/airflow/.local/lib/python3.8/site-packages/airflow/example_dags/example_setup_teardown_taskflow.py
[2023-09-28T18:34:44.347+0000] {processor.py:839} INFO - DAG(s) dict_keys(['example_setup_teardown_taskflow']) retrieved from /home/airflow/.local/lib/python3.8/site-packages/airflow/example_dags/example_setup_teardown_taskflow.py
[2023-09-28T18:34:44.368+0000] {logging_mixin.py:151} INFO - [2023-09-28T18:34:44.368+0000] {dag.py:2915} INFO - Sync 1 DAGs
[2023-09-28T18:34:44.387+0000] {logging_mixin.py:151} INFO - [2023-09-28T18:34:44.387+0000] {dag.py:3696} INFO - Setting next_dagrun for example_setup_teardown_taskflow to 2023-09-27T18:34:44.387270+00:00, run_after=2023-09-28T18:34:44.387270+00:00
[2023-09-28T18:34:44.404+0000] {processor.py:179} INFO - Processing /home/airflow/.local/lib/python3.8/site-packages/airflow/example_dags/example_setup_teardown_taskflow.py took 0.078 seconds
[2023-09-28T18:35:15.172+0000] {processor.py:157} INFO - Started process (PID=113) to work on /home/airflow/.local/lib/python3.8/site-packages/airflow/example_dags/example_setup_teardown_taskflow.py
[2023-09-28T18:35:15.174+0000] {processor.py:829} INFO - Processing file /home/airflow/.local/lib/python3.8/site-packages/airflow/example_dags/example_setup_teardown_taskflow.py for tasks to queue
[2023-09-28T18:35:15.177+0000] {logging_mixin.py:151} INFO - [2023-09-28T18:35:15.176+0000] {dagbag.py:539} INFO - Filling up the DagBag from /home/airflow/.local/lib/python3.8/site-packages/airflow/example_dags/example_setup_teardown_taskflow.py
[2023-09-28T18:35:15.183+0000] {processor.py:839} INFO - DAG(s) dict_keys(['example_setup_teardown_taskflow']) retrieved from /home/airflow/.local/lib/python3.8/site-packages/airflow/example_dags/example_setup_teardown_taskflow.py
[2023-09-28T18:35:15.202+0000] {logging_mixin.py:151} INFO - [2023-09-28T18:35:15.202+0000] {dag.py:2915} INFO - Sync 1 DAGs
[2023-09-28T18:35:15.216+0000] {logging_mixin.py:151} INFO - [2023-09-28T18:35:15.216+0000] {dag.py:3696} INFO - Setting next_dagrun for example_setup_teardown_taskflow to 2023-09-27T18:35:15.215919+00:00, run_after=2023-09-28T18:35:15.215919+00:00
[2023-09-28T18:35:15.229+0000] {processor.py:179} INFO - Processing /home/airflow/.local/lib/python3.8/site-packages/airflow/example_dags/example_setup_teardown_taskflow.py took 0.059 seconds
[2023-09-28T18:35:45.473+0000] {processor.py:157} INFO - Started process (PID=166) to work on /home/airflow/.local/lib/python3.8/site-packages/airflow/example_dags/example_setup_teardown_taskflow.py
[2023-09-28T18:35:45.475+0000] {processor.py:829} INFO - Processing file /home/airflow/.local/lib/python3.8/site-packages/airflow/example_dags/example_setup_teardown_taskflow.py for tasks to queue
[2023-09-28T18:35:45.479+0000] {logging_mixin.py:151} INFO - [2023-09-28T18:35:45.478+0000] {dagbag.py:539} INFO - Filling up the DagBag from /home/airflow/.local/lib/python3.8/site-packages/airflow/example_dags/example_setup_teardown_taskflow.py
[2023-09-28T18:35:45.486+0000] {processor.py:839} INFO - DAG(s) dict_keys(['example_setup_teardown_taskflow']) retrieved from /home/airflow/.local/lib/python3.8/site-packages/airflow/example_dags/example_setup_teardown_taskflow.py
[2023-09-28T18:35:45.503+0000] {logging_mixin.py:151} INFO - [2023-09-28T18:35:45.503+0000] {dag.py:2915} INFO - Sync 1 DAGs
[2023-09-28T18:35:45.516+0000] {logging_mixin.py:151} INFO - [2023-09-28T18:35:45.516+0000] {dag.py:3696} INFO - Setting next_dagrun for example_setup_teardown_taskflow to 2023-09-27T18:35:45.516173+00:00, run_after=2023-09-28T18:35:45.516173+00:00
[2023-09-28T18:35:45.532+0000] {processor.py:179} INFO - Processing /home/airflow/.local/lib/python3.8/site-packages/airflow/example_dags/example_setup_teardown_taskflow.py took 0.061 seconds
[2023-09-28T18:36:16.568+0000] {processor.py:157} INFO - Started process (PID=221) to work on /home/airflow/.local/lib/python3.8/site-packages/airflow/example_dags/example_setup_teardown_taskflow.py
[2023-09-28T18:36:16.571+0000] {processor.py:829} INFO - Processing file /home/airflow/.local/lib/python3.8/site-packages/airflow/example_dags/example_setup_teardown_taskflow.py for tasks to queue
[2023-09-28T18:36:16.573+0000] {logging_mixin.py:151} INFO - [2023-09-28T18:36:16.573+0000] {dagbag.py:539} INFO - Filling up the DagBag from /home/airflow/.local/lib/python3.8/site-packages/airflow/example_dags/example_setup_teardown_taskflow.py
[2023-09-28T18:36:16.580+0000] {processor.py:839} INFO - DAG(s) dict_keys(['example_setup_teardown_taskflow']) retrieved from /home/airflow/.local/lib/python3.8/site-packages/airflow/example_dags/example_setup_teardown_taskflow.py
[2023-09-28T18:36:16.598+0000] {logging_mixin.py:151} INFO - [2023-09-28T18:36:16.597+0000] {dag.py:2915} INFO - Sync 1 DAGs
[2023-09-28T18:36:16.615+0000] {logging_mixin.py:151} INFO - [2023-09-28T18:36:16.615+0000] {dag.py:3696} INFO - Setting next_dagrun for example_setup_teardown_taskflow to 2023-09-27T18:36:16.615306+00:00, run_after=2023-09-28T18:36:16.615306+00:00
[2023-09-28T18:36:16.628+0000] {processor.py:179} INFO - Processing /home/airflow/.local/lib/python3.8/site-packages/airflow/example_dags/example_setup_teardown_taskflow.py took 0.062 seconds
