[2023-09-28T18:05:27.753+0000] {processor.py:157} INFO - Started process (PID=43) to work on /home/airflow/.local/lib/python3.8/site-packages/airflow/example_dags/example_setup_teardown.py
[2023-09-28T18:05:27.754+0000] {processor.py:829} INFO - Processing file /home/airflow/.local/lib/python3.8/site-packages/airflow/example_dags/example_setup_teardown.py for tasks to queue
[2023-09-28T18:05:27.758+0000] {logging_mixin.py:151} INFO - [2023-09-28T18:05:27.758+0000] {dagbag.py:539} INFO - Filling up the DagBag from /home/airflow/.local/lib/python3.8/site-packages/airflow/example_dags/example_setup_teardown.py
[2023-09-28T18:05:27.769+0000] {processor.py:839} INFO - DAG(s) dict_keys(['example_setup_teardown']) retrieved from /home/airflow/.local/lib/python3.8/site-packages/airflow/example_dags/example_setup_teardown.py
[2023-09-28T18:05:27.782+0000] {logging_mixin.py:151} INFO - [2023-09-28T18:05:27.782+0000] {dag.py:2915} INFO - Sync 1 DAGs
[2023-09-28T18:05:27.801+0000] {logging_mixin.py:151} INFO - [2023-09-28T18:05:27.801+0000] {dag.py:3696} INFO - Setting next_dagrun for example_setup_teardown to 2023-09-27T18:05:27.801091+00:00, run_after=2023-09-28T18:05:27.801091+00:00
[2023-09-28T18:05:27.820+0000] {processor.py:179} INFO - Processing /home/airflow/.local/lib/python3.8/site-packages/airflow/example_dags/example_setup_teardown.py took 0.070 seconds
[2023-09-28T18:05:57.859+0000] {processor.py:157} INFO - Started process (PID=95) to work on /home/airflow/.local/lib/python3.8/site-packages/airflow/example_dags/example_setup_teardown.py
[2023-09-28T18:05:57.862+0000] {processor.py:829} INFO - Processing file /home/airflow/.local/lib/python3.8/site-packages/airflow/example_dags/example_setup_teardown.py for tasks to queue
[2023-09-28T18:05:57.864+0000] {logging_mixin.py:151} INFO - [2023-09-28T18:05:57.864+0000] {dagbag.py:539} INFO - Filling up the DagBag from /home/airflow/.local/lib/python3.8/site-packages/airflow/example_dags/example_setup_teardown.py
[2023-09-28T18:05:57.869+0000] {processor.py:839} INFO - DAG(s) dict_keys(['example_setup_teardown']) retrieved from /home/airflow/.local/lib/python3.8/site-packages/airflow/example_dags/example_setup_teardown.py
[2023-09-28T18:05:57.886+0000] {logging_mixin.py:151} INFO - [2023-09-28T18:05:57.886+0000] {dag.py:2915} INFO - Sync 1 DAGs
[2023-09-28T18:05:57.900+0000] {logging_mixin.py:151} INFO - [2023-09-28T18:05:57.900+0000] {dag.py:3696} INFO - Setting next_dagrun for example_setup_teardown to 2023-09-27T18:05:57.900243+00:00, run_after=2023-09-28T18:05:57.900243+00:00
[2023-09-28T18:05:57.912+0000] {processor.py:179} INFO - Processing /home/airflow/.local/lib/python3.8/site-packages/airflow/example_dags/example_setup_teardown.py took 0.055 seconds
[2023-09-28T18:06:28.787+0000] {processor.py:157} INFO - Started process (PID=149) to work on /home/airflow/.local/lib/python3.8/site-packages/airflow/example_dags/example_setup_teardown.py
[2023-09-28T18:06:28.790+0000] {processor.py:829} INFO - Processing file /home/airflow/.local/lib/python3.8/site-packages/airflow/example_dags/example_setup_teardown.py for tasks to queue
[2023-09-28T18:06:28.795+0000] {logging_mixin.py:151} INFO - [2023-09-28T18:06:28.795+0000] {dagbag.py:539} INFO - Filling up the DagBag from /home/airflow/.local/lib/python3.8/site-packages/airflow/example_dags/example_setup_teardown.py
[2023-09-28T18:06:28.801+0000] {processor.py:839} INFO - DAG(s) dict_keys(['example_setup_teardown']) retrieved from /home/airflow/.local/lib/python3.8/site-packages/airflow/example_dags/example_setup_teardown.py
[2023-09-28T18:06:28.818+0000] {logging_mixin.py:151} INFO - [2023-09-28T18:06:28.818+0000] {dag.py:2915} INFO - Sync 1 DAGs
[2023-09-28T18:06:28.838+0000] {logging_mixin.py:151} INFO - [2023-09-28T18:06:28.837+0000] {dag.py:3696} INFO - Setting next_dagrun for example_setup_teardown to 2023-09-27T18:06:28.837626+00:00, run_after=2023-09-28T18:06:28.837626+00:00
[2023-09-28T18:06:28.852+0000] {processor.py:179} INFO - Processing /home/airflow/.local/lib/python3.8/site-packages/airflow/example_dags/example_setup_teardown.py took 0.068 seconds
[2023-09-28T18:06:58.946+0000] {processor.py:157} INFO - Started process (PID=203) to work on /home/airflow/.local/lib/python3.8/site-packages/airflow/example_dags/example_setup_teardown.py
[2023-09-28T18:06:58.948+0000] {processor.py:829} INFO - Processing file /home/airflow/.local/lib/python3.8/site-packages/airflow/example_dags/example_setup_teardown.py for tasks to queue
[2023-09-28T18:06:58.950+0000] {logging_mixin.py:151} INFO - [2023-09-28T18:06:58.950+0000] {dagbag.py:539} INFO - Filling up the DagBag from /home/airflow/.local/lib/python3.8/site-packages/airflow/example_dags/example_setup_teardown.py
[2023-09-28T18:06:58.955+0000] {processor.py:839} INFO - DAG(s) dict_keys(['example_setup_teardown']) retrieved from /home/airflow/.local/lib/python3.8/site-packages/airflow/example_dags/example_setup_teardown.py
[2023-09-28T18:06:58.973+0000] {logging_mixin.py:151} INFO - [2023-09-28T18:06:58.973+0000] {dag.py:2915} INFO - Sync 1 DAGs
[2023-09-28T18:06:58.990+0000] {logging_mixin.py:151} INFO - [2023-09-28T18:06:58.990+0000] {dag.py:3696} INFO - Setting next_dagrun for example_setup_teardown to 2023-09-27T18:06:58.990459+00:00, run_after=2023-09-28T18:06:58.990459+00:00
[2023-09-28T18:06:59.004+0000] {processor.py:179} INFO - Processing /home/airflow/.local/lib/python3.8/site-packages/airflow/example_dags/example_setup_teardown.py took 0.060 seconds
[2023-09-28T18:07:29.829+0000] {processor.py:157} INFO - Started process (PID=257) to work on /home/airflow/.local/lib/python3.8/site-packages/airflow/example_dags/example_setup_teardown.py
[2023-09-28T18:07:29.831+0000] {processor.py:829} INFO - Processing file /home/airflow/.local/lib/python3.8/site-packages/airflow/example_dags/example_setup_teardown.py for tasks to queue
[2023-09-28T18:07:29.833+0000] {logging_mixin.py:151} INFO - [2023-09-28T18:07:29.833+0000] {dagbag.py:539} INFO - Filling up the DagBag from /home/airflow/.local/lib/python3.8/site-packages/airflow/example_dags/example_setup_teardown.py
[2023-09-28T18:07:29.838+0000] {processor.py:839} INFO - DAG(s) dict_keys(['example_setup_teardown']) retrieved from /home/airflow/.local/lib/python3.8/site-packages/airflow/example_dags/example_setup_teardown.py
[2023-09-28T18:07:29.855+0000] {logging_mixin.py:151} INFO - [2023-09-28T18:07:29.855+0000] {dag.py:2915} INFO - Sync 1 DAGs
[2023-09-28T18:07:29.869+0000] {logging_mixin.py:151} INFO - [2023-09-28T18:07:29.869+0000] {dag.py:3696} INFO - Setting next_dagrun for example_setup_teardown to 2023-09-27T18:07:29.869196+00:00, run_after=2023-09-28T18:07:29.869196+00:00
[2023-09-28T18:07:29.883+0000] {processor.py:179} INFO - Processing /home/airflow/.local/lib/python3.8/site-packages/airflow/example_dags/example_setup_teardown.py took 0.057 seconds
[2023-09-28T18:08:00.658+0000] {processor.py:157} INFO - Started process (PID=311) to work on /home/airflow/.local/lib/python3.8/site-packages/airflow/example_dags/example_setup_teardown.py
[2023-09-28T18:08:00.660+0000] {processor.py:829} INFO - Processing file /home/airflow/.local/lib/python3.8/site-packages/airflow/example_dags/example_setup_teardown.py for tasks to queue
[2023-09-28T18:08:00.662+0000] {logging_mixin.py:151} INFO - [2023-09-28T18:08:00.662+0000] {dagbag.py:539} INFO - Filling up the DagBag from /home/airflow/.local/lib/python3.8/site-packages/airflow/example_dags/example_setup_teardown.py
[2023-09-28T18:08:00.668+0000] {processor.py:839} INFO - DAG(s) dict_keys(['example_setup_teardown']) retrieved from /home/airflow/.local/lib/python3.8/site-packages/airflow/example_dags/example_setup_teardown.py
[2023-09-28T18:08:00.686+0000] {logging_mixin.py:151} INFO - [2023-09-28T18:08:00.686+0000] {dag.py:2915} INFO - Sync 1 DAGs
[2023-09-28T18:08:00.701+0000] {logging_mixin.py:151} INFO - [2023-09-28T18:08:00.701+0000] {dag.py:3696} INFO - Setting next_dagrun for example_setup_teardown to 2023-09-27T18:08:00.701656+00:00, run_after=2023-09-28T18:08:00.701656+00:00
[2023-09-28T18:08:00.713+0000] {processor.py:179} INFO - Processing /home/airflow/.local/lib/python3.8/site-packages/airflow/example_dags/example_setup_teardown.py took 0.057 seconds
[2023-09-28T18:08:30.757+0000] {processor.py:157} INFO - Started process (PID=365) to work on /home/airflow/.local/lib/python3.8/site-packages/airflow/example_dags/example_setup_teardown.py
[2023-09-28T18:08:30.759+0000] {processor.py:829} INFO - Processing file /home/airflow/.local/lib/python3.8/site-packages/airflow/example_dags/example_setup_teardown.py for tasks to queue
[2023-09-28T18:08:30.762+0000] {logging_mixin.py:151} INFO - [2023-09-28T18:08:30.762+0000] {dagbag.py:539} INFO - Filling up the DagBag from /home/airflow/.local/lib/python3.8/site-packages/airflow/example_dags/example_setup_teardown.py
[2023-09-28T18:08:30.767+0000] {processor.py:839} INFO - DAG(s) dict_keys(['example_setup_teardown']) retrieved from /home/airflow/.local/lib/python3.8/site-packages/airflow/example_dags/example_setup_teardown.py
[2023-09-28T18:08:30.786+0000] {logging_mixin.py:151} INFO - [2023-09-28T18:08:30.786+0000] {dag.py:2915} INFO - Sync 1 DAGs
[2023-09-28T18:08:30.801+0000] {logging_mixin.py:151} INFO - [2023-09-28T18:08:30.801+0000] {dag.py:3696} INFO - Setting next_dagrun for example_setup_teardown to 2023-09-27T18:08:30.800781+00:00, run_after=2023-09-28T18:08:30.800781+00:00
[2023-09-28T18:08:30.816+0000] {processor.py:179} INFO - Processing /home/airflow/.local/lib/python3.8/site-packages/airflow/example_dags/example_setup_teardown.py took 0.062 seconds
[2023-09-28T18:09:01.654+0000] {processor.py:157} INFO - Started process (PID=419) to work on /home/airflow/.local/lib/python3.8/site-packages/airflow/example_dags/example_setup_teardown.py
[2023-09-28T18:09:01.656+0000] {processor.py:829} INFO - Processing file /home/airflow/.local/lib/python3.8/site-packages/airflow/example_dags/example_setup_teardown.py for tasks to queue
[2023-09-28T18:09:01.658+0000] {logging_mixin.py:151} INFO - [2023-09-28T18:09:01.657+0000] {dagbag.py:539} INFO - Filling up the DagBag from /home/airflow/.local/lib/python3.8/site-packages/airflow/example_dags/example_setup_teardown.py
[2023-09-28T18:09:01.663+0000] {processor.py:839} INFO - DAG(s) dict_keys(['example_setup_teardown']) retrieved from /home/airflow/.local/lib/python3.8/site-packages/airflow/example_dags/example_setup_teardown.py
[2023-09-28T18:09:01.679+0000] {logging_mixin.py:151} INFO - [2023-09-28T18:09:01.679+0000] {dag.py:2915} INFO - Sync 1 DAGs
[2023-09-28T18:09:01.692+0000] {logging_mixin.py:151} INFO - [2023-09-28T18:09:01.692+0000] {dag.py:3696} INFO - Setting next_dagrun for example_setup_teardown to 2023-09-27T18:09:01.692586+00:00, run_after=2023-09-28T18:09:01.692586+00:00
[2023-09-28T18:09:01.706+0000] {processor.py:179} INFO - Processing /home/airflow/.local/lib/python3.8/site-packages/airflow/example_dags/example_setup_teardown.py took 0.055 seconds
[2023-09-28T18:09:32.399+0000] {processor.py:157} INFO - Started process (PID=472) to work on /home/airflow/.local/lib/python3.8/site-packages/airflow/example_dags/example_setup_teardown.py
[2023-09-28T18:09:32.401+0000] {processor.py:829} INFO - Processing file /home/airflow/.local/lib/python3.8/site-packages/airflow/example_dags/example_setup_teardown.py for tasks to queue
[2023-09-28T18:09:32.404+0000] {logging_mixin.py:151} INFO - [2023-09-28T18:09:32.403+0000] {dagbag.py:539} INFO - Filling up the DagBag from /home/airflow/.local/lib/python3.8/site-packages/airflow/example_dags/example_setup_teardown.py
[2023-09-28T18:09:32.409+0000] {processor.py:839} INFO - DAG(s) dict_keys(['example_setup_teardown']) retrieved from /home/airflow/.local/lib/python3.8/site-packages/airflow/example_dags/example_setup_teardown.py
[2023-09-28T18:09:32.426+0000] {logging_mixin.py:151} INFO - [2023-09-28T18:09:32.426+0000] {dag.py:2915} INFO - Sync 1 DAGs
[2023-09-28T18:09:32.443+0000] {logging_mixin.py:151} INFO - [2023-09-28T18:09:32.443+0000] {dag.py:3696} INFO - Setting next_dagrun for example_setup_teardown to 2023-09-27T18:09:32.443327+00:00, run_after=2023-09-28T18:09:32.443327+00:00
[2023-09-28T18:09:32.459+0000] {processor.py:179} INFO - Processing /home/airflow/.local/lib/python3.8/site-packages/airflow/example_dags/example_setup_teardown.py took 0.062 seconds
[2023-09-28T18:10:03.230+0000] {processor.py:157} INFO - Started process (PID=526) to work on /home/airflow/.local/lib/python3.8/site-packages/airflow/example_dags/example_setup_teardown.py
[2023-09-28T18:10:03.232+0000] {processor.py:829} INFO - Processing file /home/airflow/.local/lib/python3.8/site-packages/airflow/example_dags/example_setup_teardown.py for tasks to queue
[2023-09-28T18:10:03.235+0000] {logging_mixin.py:151} INFO - [2023-09-28T18:10:03.234+0000] {dagbag.py:539} INFO - Filling up the DagBag from /home/airflow/.local/lib/python3.8/site-packages/airflow/example_dags/example_setup_teardown.py
[2023-09-28T18:10:03.239+0000] {processor.py:839} INFO - DAG(s) dict_keys(['example_setup_teardown']) retrieved from /home/airflow/.local/lib/python3.8/site-packages/airflow/example_dags/example_setup_teardown.py
[2023-09-28T18:10:03.258+0000] {logging_mixin.py:151} INFO - [2023-09-28T18:10:03.257+0000] {dag.py:2915} INFO - Sync 1 DAGs
[2023-09-28T18:10:03.274+0000] {logging_mixin.py:151} INFO - [2023-09-28T18:10:03.274+0000] {dag.py:3696} INFO - Setting next_dagrun for example_setup_teardown to 2023-09-27T18:10:03.274240+00:00, run_after=2023-09-28T18:10:03.274240+00:00
[2023-09-28T18:10:03.293+0000] {processor.py:179} INFO - Processing /home/airflow/.local/lib/python3.8/site-packages/airflow/example_dags/example_setup_teardown.py took 0.066 seconds
[2023-09-28T18:10:34.990+0000] {processor.py:157} INFO - Started process (PID=580) to work on /home/airflow/.local/lib/python3.8/site-packages/airflow/example_dags/example_setup_teardown.py
[2023-09-28T18:10:34.992+0000] {processor.py:829} INFO - Processing file /home/airflow/.local/lib/python3.8/site-packages/airflow/example_dags/example_setup_teardown.py for tasks to queue
[2023-09-28T18:10:34.995+0000] {logging_mixin.py:151} INFO - [2023-09-28T18:10:34.994+0000] {dagbag.py:539} INFO - Filling up the DagBag from /home/airflow/.local/lib/python3.8/site-packages/airflow/example_dags/example_setup_teardown.py
[2023-09-28T18:10:35.001+0000] {processor.py:839} INFO - DAG(s) dict_keys(['example_setup_teardown']) retrieved from /home/airflow/.local/lib/python3.8/site-packages/airflow/example_dags/example_setup_teardown.py
[2023-09-28T18:10:35.020+0000] {logging_mixin.py:151} INFO - [2023-09-28T18:10:35.019+0000] {dag.py:2915} INFO - Sync 1 DAGs
[2023-09-28T18:10:35.035+0000] {logging_mixin.py:151} INFO - [2023-09-28T18:10:35.034+0000] {dag.py:3696} INFO - Setting next_dagrun for example_setup_teardown to 2023-09-27T18:10:35.034762+00:00, run_after=2023-09-28T18:10:35.034762+00:00
[2023-09-28T18:10:35.048+0000] {processor.py:179} INFO - Processing /home/airflow/.local/lib/python3.8/site-packages/airflow/example_dags/example_setup_teardown.py took 0.061 seconds
[2023-09-28T18:11:06.335+0000] {processor.py:157} INFO - Started process (PID=635) to work on /home/airflow/.local/lib/python3.8/site-packages/airflow/example_dags/example_setup_teardown.py
[2023-09-28T18:11:06.338+0000] {processor.py:829} INFO - Processing file /home/airflow/.local/lib/python3.8/site-packages/airflow/example_dags/example_setup_teardown.py for tasks to queue
[2023-09-28T18:11:06.342+0000] {logging_mixin.py:151} INFO - [2023-09-28T18:11:06.341+0000] {dagbag.py:539} INFO - Filling up the DagBag from /home/airflow/.local/lib/python3.8/site-packages/airflow/example_dags/example_setup_teardown.py
[2023-09-28T18:11:06.349+0000] {processor.py:839} INFO - DAG(s) dict_keys(['example_setup_teardown']) retrieved from /home/airflow/.local/lib/python3.8/site-packages/airflow/example_dags/example_setup_teardown.py
[2023-09-28T18:11:06.369+0000] {logging_mixin.py:151} INFO - [2023-09-28T18:11:06.369+0000] {dag.py:2915} INFO - Sync 1 DAGs
[2023-09-28T18:11:06.386+0000] {logging_mixin.py:151} INFO - [2023-09-28T18:11:06.386+0000] {dag.py:3696} INFO - Setting next_dagrun for example_setup_teardown to 2023-09-27T18:11:06.386114+00:00, run_after=2023-09-28T18:11:06.386114+00:00
[2023-09-28T18:11:06.404+0000] {processor.py:179} INFO - Processing /home/airflow/.local/lib/python3.8/site-packages/airflow/example_dags/example_setup_teardown.py took 0.072 seconds
[2023-09-28T18:13:54.797+0000] {processor.py:157} INFO - Started process (PID=42) to work on /home/airflow/.local/lib/python3.8/site-packages/airflow/example_dags/example_setup_teardown.py
[2023-09-28T18:13:54.800+0000] {processor.py:829} INFO - Processing file /home/airflow/.local/lib/python3.8/site-packages/airflow/example_dags/example_setup_teardown.py for tasks to queue
[2023-09-28T18:13:54.802+0000] {logging_mixin.py:151} INFO - [2023-09-28T18:13:54.802+0000] {dagbag.py:539} INFO - Filling up the DagBag from /home/airflow/.local/lib/python3.8/site-packages/airflow/example_dags/example_setup_teardown.py
[2023-09-28T18:13:54.816+0000] {processor.py:839} INFO - DAG(s) dict_keys(['example_setup_teardown']) retrieved from /home/airflow/.local/lib/python3.8/site-packages/airflow/example_dags/example_setup_teardown.py
[2023-09-28T18:13:54.925+0000] {logging_mixin.py:151} INFO - [2023-09-28T18:13:54.925+0000] {manager.py:499} INFO - Created Permission View: %s
[2023-09-28T18:13:54.941+0000] {logging_mixin.py:151} INFO - [2023-09-28T18:13:54.941+0000] {manager.py:499} INFO - Created Permission View: %s
[2023-09-28T18:13:54.947+0000] {logging_mixin.py:151} INFO - [2023-09-28T18:13:54.947+0000] {manager.py:499} INFO - Created Permission View: %s
[2023-09-28T18:13:54.948+0000] {logging_mixin.py:151} INFO - [2023-09-28T18:13:54.948+0000] {security.py:708} INFO - Not syncing DAG-level permissions for DAG 'DAG:example_setup_teardown' as access control is unset.
[2023-09-28T18:13:54.950+0000] {logging_mixin.py:151} INFO - [2023-09-28T18:13:54.950+0000] {dag.py:2915} INFO - Sync 1 DAGs
[2023-09-28T18:13:54.960+0000] {logging_mixin.py:151} INFO - [2023-09-28T18:13:54.960+0000] {dag.py:2937} INFO - Creating ORM DAG for example_setup_teardown
[2023-09-28T18:13:54.970+0000] {logging_mixin.py:151} INFO - [2023-09-28T18:13:54.970+0000] {dag.py:3696} INFO - Setting next_dagrun for example_setup_teardown to 2023-09-27T18:13:54.969813+00:00, run_after=2023-09-28T18:13:54.969813+00:00
[2023-09-28T18:13:54.986+0000] {processor.py:179} INFO - Processing /home/airflow/.local/lib/python3.8/site-packages/airflow/example_dags/example_setup_teardown.py took 0.191 seconds
[2023-09-28T18:14:25.355+0000] {processor.py:157} INFO - Started process (PID=96) to work on /home/airflow/.local/lib/python3.8/site-packages/airflow/example_dags/example_setup_teardown.py
[2023-09-28T18:14:25.357+0000] {processor.py:829} INFO - Processing file /home/airflow/.local/lib/python3.8/site-packages/airflow/example_dags/example_setup_teardown.py for tasks to queue
[2023-09-28T18:14:25.359+0000] {logging_mixin.py:151} INFO - [2023-09-28T18:14:25.359+0000] {dagbag.py:539} INFO - Filling up the DagBag from /home/airflow/.local/lib/python3.8/site-packages/airflow/example_dags/example_setup_teardown.py
[2023-09-28T18:14:25.365+0000] {processor.py:839} INFO - DAG(s) dict_keys(['example_setup_teardown']) retrieved from /home/airflow/.local/lib/python3.8/site-packages/airflow/example_dags/example_setup_teardown.py
[2023-09-28T18:14:25.383+0000] {logging_mixin.py:151} INFO - [2023-09-28T18:14:25.383+0000] {dag.py:2915} INFO - Sync 1 DAGs
[2023-09-28T18:14:25.397+0000] {logging_mixin.py:151} INFO - [2023-09-28T18:14:25.397+0000] {dag.py:3696} INFO - Setting next_dagrun for example_setup_teardown to 2023-09-27T18:14:25.397467+00:00, run_after=2023-09-28T18:14:25.397467+00:00
[2023-09-28T18:14:25.409+0000] {processor.py:179} INFO - Processing /home/airflow/.local/lib/python3.8/site-packages/airflow/example_dags/example_setup_teardown.py took 0.057 seconds
[2023-09-28T18:14:56.035+0000] {processor.py:157} INFO - Started process (PID=150) to work on /home/airflow/.local/lib/python3.8/site-packages/airflow/example_dags/example_setup_teardown.py
[2023-09-28T18:14:56.037+0000] {processor.py:829} INFO - Processing file /home/airflow/.local/lib/python3.8/site-packages/airflow/example_dags/example_setup_teardown.py for tasks to queue
[2023-09-28T18:14:56.039+0000] {logging_mixin.py:151} INFO - [2023-09-28T18:14:56.039+0000] {dagbag.py:539} INFO - Filling up the DagBag from /home/airflow/.local/lib/python3.8/site-packages/airflow/example_dags/example_setup_teardown.py
[2023-09-28T18:14:56.045+0000] {processor.py:839} INFO - DAG(s) dict_keys(['example_setup_teardown']) retrieved from /home/airflow/.local/lib/python3.8/site-packages/airflow/example_dags/example_setup_teardown.py
[2023-09-28T18:14:56.061+0000] {logging_mixin.py:151} INFO - [2023-09-28T18:14:56.061+0000] {dag.py:2915} INFO - Sync 1 DAGs
[2023-09-28T18:14:56.075+0000] {logging_mixin.py:151} INFO - [2023-09-28T18:14:56.075+0000] {dag.py:3696} INFO - Setting next_dagrun for example_setup_teardown to 2023-09-27T18:14:56.075391+00:00, run_after=2023-09-28T18:14:56.075391+00:00
[2023-09-28T18:14:56.097+0000] {processor.py:179} INFO - Processing /home/airflow/.local/lib/python3.8/site-packages/airflow/example_dags/example_setup_teardown.py took 0.064 seconds
[2023-09-28T18:15:26.782+0000] {processor.py:157} INFO - Started process (PID=204) to work on /home/airflow/.local/lib/python3.8/site-packages/airflow/example_dags/example_setup_teardown.py
[2023-09-28T18:15:26.784+0000] {processor.py:829} INFO - Processing file /home/airflow/.local/lib/python3.8/site-packages/airflow/example_dags/example_setup_teardown.py for tasks to queue
[2023-09-28T18:15:26.787+0000] {logging_mixin.py:151} INFO - [2023-09-28T18:15:26.787+0000] {dagbag.py:539} INFO - Filling up the DagBag from /home/airflow/.local/lib/python3.8/site-packages/airflow/example_dags/example_setup_teardown.py
[2023-09-28T18:15:26.792+0000] {processor.py:839} INFO - DAG(s) dict_keys(['example_setup_teardown']) retrieved from /home/airflow/.local/lib/python3.8/site-packages/airflow/example_dags/example_setup_teardown.py
[2023-09-28T18:15:26.809+0000] {logging_mixin.py:151} INFO - [2023-09-28T18:15:26.809+0000] {dag.py:2915} INFO - Sync 1 DAGs
[2023-09-28T18:15:26.825+0000] {logging_mixin.py:151} INFO - [2023-09-28T18:15:26.824+0000] {dag.py:3696} INFO - Setting next_dagrun for example_setup_teardown to 2023-09-27T18:15:26.824721+00:00, run_after=2023-09-28T18:15:26.824721+00:00
[2023-09-28T18:15:26.842+0000] {processor.py:179} INFO - Processing /home/airflow/.local/lib/python3.8/site-packages/airflow/example_dags/example_setup_teardown.py took 0.063 seconds
[2023-09-28T18:15:57.490+0000] {processor.py:157} INFO - Started process (PID=258) to work on /home/airflow/.local/lib/python3.8/site-packages/airflow/example_dags/example_setup_teardown.py
[2023-09-28T18:15:57.493+0000] {processor.py:829} INFO - Processing file /home/airflow/.local/lib/python3.8/site-packages/airflow/example_dags/example_setup_teardown.py for tasks to queue
[2023-09-28T18:15:57.495+0000] {logging_mixin.py:151} INFO - [2023-09-28T18:15:57.495+0000] {dagbag.py:539} INFO - Filling up the DagBag from /home/airflow/.local/lib/python3.8/site-packages/airflow/example_dags/example_setup_teardown.py
[2023-09-28T18:15:57.500+0000] {processor.py:839} INFO - DAG(s) dict_keys(['example_setup_teardown']) retrieved from /home/airflow/.local/lib/python3.8/site-packages/airflow/example_dags/example_setup_teardown.py
[2023-09-28T18:15:57.517+0000] {logging_mixin.py:151} INFO - [2023-09-28T18:15:57.517+0000] {dag.py:2915} INFO - Sync 1 DAGs
[2023-09-28T18:15:57.530+0000] {logging_mixin.py:151} INFO - [2023-09-28T18:15:57.530+0000] {dag.py:3696} INFO - Setting next_dagrun for example_setup_teardown to 2023-09-27T18:15:57.530615+00:00, run_after=2023-09-28T18:15:57.530615+00:00
[2023-09-28T18:15:57.545+0000] {processor.py:179} INFO - Processing /home/airflow/.local/lib/python3.8/site-packages/airflow/example_dags/example_setup_teardown.py took 0.057 seconds
[2023-09-28T18:16:28.164+0000] {processor.py:157} INFO - Started process (PID=312) to work on /home/airflow/.local/lib/python3.8/site-packages/airflow/example_dags/example_setup_teardown.py
[2023-09-28T18:16:28.166+0000] {processor.py:829} INFO - Processing file /home/airflow/.local/lib/python3.8/site-packages/airflow/example_dags/example_setup_teardown.py for tasks to queue
[2023-09-28T18:16:28.169+0000] {logging_mixin.py:151} INFO - [2023-09-28T18:16:28.169+0000] {dagbag.py:539} INFO - Filling up the DagBag from /home/airflow/.local/lib/python3.8/site-packages/airflow/example_dags/example_setup_teardown.py
[2023-09-28T18:16:28.174+0000] {processor.py:839} INFO - DAG(s) dict_keys(['example_setup_teardown']) retrieved from /home/airflow/.local/lib/python3.8/site-packages/airflow/example_dags/example_setup_teardown.py
[2023-09-28T18:16:28.193+0000] {logging_mixin.py:151} INFO - [2023-09-28T18:16:28.193+0000] {dag.py:2915} INFO - Sync 1 DAGs
[2023-09-28T18:16:28.209+0000] {logging_mixin.py:151} INFO - [2023-09-28T18:16:28.208+0000] {dag.py:3696} INFO - Setting next_dagrun for example_setup_teardown to 2023-09-27T18:16:28.208731+00:00, run_after=2023-09-28T18:16:28.208731+00:00
[2023-09-28T18:16:28.220+0000] {processor.py:179} INFO - Processing /home/airflow/.local/lib/python3.8/site-packages/airflow/example_dags/example_setup_teardown.py took 0.058 seconds
[2023-09-28T18:16:58.962+0000] {processor.py:157} INFO - Started process (PID=366) to work on /home/airflow/.local/lib/python3.8/site-packages/airflow/example_dags/example_setup_teardown.py
[2023-09-28T18:16:58.965+0000] {processor.py:829} INFO - Processing file /home/airflow/.local/lib/python3.8/site-packages/airflow/example_dags/example_setup_teardown.py for tasks to queue
[2023-09-28T18:16:58.967+0000] {logging_mixin.py:151} INFO - [2023-09-28T18:16:58.967+0000] {dagbag.py:539} INFO - Filling up the DagBag from /home/airflow/.local/lib/python3.8/site-packages/airflow/example_dags/example_setup_teardown.py
[2023-09-28T18:16:58.972+0000] {processor.py:839} INFO - DAG(s) dict_keys(['example_setup_teardown']) retrieved from /home/airflow/.local/lib/python3.8/site-packages/airflow/example_dags/example_setup_teardown.py
[2023-09-28T18:16:58.989+0000] {logging_mixin.py:151} INFO - [2023-09-28T18:16:58.989+0000] {dag.py:2915} INFO - Sync 1 DAGs
[2023-09-28T18:16:59.004+0000] {logging_mixin.py:151} INFO - [2023-09-28T18:16:59.004+0000] {dag.py:3696} INFO - Setting next_dagrun for example_setup_teardown to 2023-09-27T18:16:59.004495+00:00, run_after=2023-09-28T18:16:59.004495+00:00
[2023-09-28T18:16:59.021+0000] {processor.py:179} INFO - Processing /home/airflow/.local/lib/python3.8/site-packages/airflow/example_dags/example_setup_teardown.py took 0.060 seconds
[2023-09-28T18:17:29.633+0000] {processor.py:157} INFO - Started process (PID=419) to work on /home/airflow/.local/lib/python3.8/site-packages/airflow/example_dags/example_setup_teardown.py
[2023-09-28T18:17:29.636+0000] {processor.py:829} INFO - Processing file /home/airflow/.local/lib/python3.8/site-packages/airflow/example_dags/example_setup_teardown.py for tasks to queue
[2023-09-28T18:17:29.642+0000] {logging_mixin.py:151} INFO - [2023-09-28T18:17:29.642+0000] {dagbag.py:539} INFO - Filling up the DagBag from /home/airflow/.local/lib/python3.8/site-packages/airflow/example_dags/example_setup_teardown.py
[2023-09-28T18:17:29.648+0000] {processor.py:839} INFO - DAG(s) dict_keys(['example_setup_teardown']) retrieved from /home/airflow/.local/lib/python3.8/site-packages/airflow/example_dags/example_setup_teardown.py
[2023-09-28T18:17:29.665+0000] {logging_mixin.py:151} INFO - [2023-09-28T18:17:29.665+0000] {dag.py:2915} INFO - Sync 1 DAGs
[2023-09-28T18:17:29.679+0000] {logging_mixin.py:151} INFO - [2023-09-28T18:17:29.679+0000] {dag.py:3696} INFO - Setting next_dagrun for example_setup_teardown to 2023-09-27T18:17:29.679268+00:00, run_after=2023-09-28T18:17:29.679268+00:00
[2023-09-28T18:17:29.692+0000] {processor.py:179} INFO - Processing /home/airflow/.local/lib/python3.8/site-packages/airflow/example_dags/example_setup_teardown.py took 0.062 seconds
[2023-09-28T18:18:00.378+0000] {processor.py:157} INFO - Started process (PID=474) to work on /home/airflow/.local/lib/python3.8/site-packages/airflow/example_dags/example_setup_teardown.py
[2023-09-28T18:18:00.384+0000] {processor.py:829} INFO - Processing file /home/airflow/.local/lib/python3.8/site-packages/airflow/example_dags/example_setup_teardown.py for tasks to queue
[2023-09-28T18:18:00.388+0000] {logging_mixin.py:151} INFO - [2023-09-28T18:18:00.387+0000] {dagbag.py:539} INFO - Filling up the DagBag from /home/airflow/.local/lib/python3.8/site-packages/airflow/example_dags/example_setup_teardown.py
[2023-09-28T18:18:00.392+0000] {processor.py:839} INFO - DAG(s) dict_keys(['example_setup_teardown']) retrieved from /home/airflow/.local/lib/python3.8/site-packages/airflow/example_dags/example_setup_teardown.py
[2023-09-28T18:18:00.409+0000] {logging_mixin.py:151} INFO - [2023-09-28T18:18:00.409+0000] {dag.py:2915} INFO - Sync 1 DAGs
[2023-09-28T18:18:00.423+0000] {logging_mixin.py:151} INFO - [2023-09-28T18:18:00.423+0000] {dag.py:3696} INFO - Setting next_dagrun for example_setup_teardown to 2023-09-27T18:18:00.422989+00:00, run_after=2023-09-28T18:18:00.422989+00:00
[2023-09-28T18:18:00.434+0000] {processor.py:179} INFO - Processing /home/airflow/.local/lib/python3.8/site-packages/airflow/example_dags/example_setup_teardown.py took 0.059 seconds
[2023-09-28T18:18:31.032+0000] {processor.py:157} INFO - Started process (PID=528) to work on /home/airflow/.local/lib/python3.8/site-packages/airflow/example_dags/example_setup_teardown.py
[2023-09-28T18:18:31.034+0000] {processor.py:829} INFO - Processing file /home/airflow/.local/lib/python3.8/site-packages/airflow/example_dags/example_setup_teardown.py for tasks to queue
[2023-09-28T18:18:31.037+0000] {logging_mixin.py:151} INFO - [2023-09-28T18:18:31.036+0000] {dagbag.py:539} INFO - Filling up the DagBag from /home/airflow/.local/lib/python3.8/site-packages/airflow/example_dags/example_setup_teardown.py
[2023-09-28T18:18:31.042+0000] {processor.py:839} INFO - DAG(s) dict_keys(['example_setup_teardown']) retrieved from /home/airflow/.local/lib/python3.8/site-packages/airflow/example_dags/example_setup_teardown.py
[2023-09-28T18:18:31.059+0000] {logging_mixin.py:151} INFO - [2023-09-28T18:18:31.059+0000] {dag.py:2915} INFO - Sync 1 DAGs
[2023-09-28T18:18:31.073+0000] {logging_mixin.py:151} INFO - [2023-09-28T18:18:31.073+0000] {dag.py:3696} INFO - Setting next_dagrun for example_setup_teardown to 2023-09-27T18:18:31.073105+00:00, run_after=2023-09-28T18:18:31.073105+00:00
[2023-09-28T18:18:31.086+0000] {processor.py:179} INFO - Processing /home/airflow/.local/lib/python3.8/site-packages/airflow/example_dags/example_setup_teardown.py took 0.057 seconds
[2023-09-28T18:19:01.943+0000] {processor.py:157} INFO - Started process (PID=583) to work on /home/airflow/.local/lib/python3.8/site-packages/airflow/example_dags/example_setup_teardown.py
[2023-09-28T18:19:01.945+0000] {processor.py:829} INFO - Processing file /home/airflow/.local/lib/python3.8/site-packages/airflow/example_dags/example_setup_teardown.py for tasks to queue
[2023-09-28T18:19:01.947+0000] {logging_mixin.py:151} INFO - [2023-09-28T18:19:01.947+0000] {dagbag.py:539} INFO - Filling up the DagBag from /home/airflow/.local/lib/python3.8/site-packages/airflow/example_dags/example_setup_teardown.py
[2023-09-28T18:19:01.952+0000] {processor.py:839} INFO - DAG(s) dict_keys(['example_setup_teardown']) retrieved from /home/airflow/.local/lib/python3.8/site-packages/airflow/example_dags/example_setup_teardown.py
[2023-09-28T18:19:01.968+0000] {logging_mixin.py:151} INFO - [2023-09-28T18:19:01.968+0000] {dag.py:2915} INFO - Sync 1 DAGs
[2023-09-28T18:19:01.983+0000] {logging_mixin.py:151} INFO - [2023-09-28T18:19:01.983+0000] {dag.py:3696} INFO - Setting next_dagrun for example_setup_teardown to 2023-09-27T18:19:01.982872+00:00, run_after=2023-09-28T18:19:01.982872+00:00
[2023-09-28T18:19:01.997+0000] {processor.py:179} INFO - Processing /home/airflow/.local/lib/python3.8/site-packages/airflow/example_dags/example_setup_teardown.py took 0.057 seconds
[2023-09-28T18:19:32.688+0000] {processor.py:157} INFO - Started process (PID=637) to work on /home/airflow/.local/lib/python3.8/site-packages/airflow/example_dags/example_setup_teardown.py
[2023-09-28T18:19:32.690+0000] {processor.py:829} INFO - Processing file /home/airflow/.local/lib/python3.8/site-packages/airflow/example_dags/example_setup_teardown.py for tasks to queue
[2023-09-28T18:19:32.694+0000] {logging_mixin.py:151} INFO - [2023-09-28T18:19:32.694+0000] {dagbag.py:539} INFO - Filling up the DagBag from /home/airflow/.local/lib/python3.8/site-packages/airflow/example_dags/example_setup_teardown.py
[2023-09-28T18:19:32.699+0000] {processor.py:839} INFO - DAG(s) dict_keys(['example_setup_teardown']) retrieved from /home/airflow/.local/lib/python3.8/site-packages/airflow/example_dags/example_setup_teardown.py
[2023-09-28T18:19:32.716+0000] {logging_mixin.py:151} INFO - [2023-09-28T18:19:32.716+0000] {dag.py:2915} INFO - Sync 1 DAGs
[2023-09-28T18:19:32.732+0000] {logging_mixin.py:151} INFO - [2023-09-28T18:19:32.732+0000] {dag.py:3696} INFO - Setting next_dagrun for example_setup_teardown to 2023-09-27T18:19:32.732167+00:00, run_after=2023-09-28T18:19:32.732167+00:00
[2023-09-28T18:19:32.748+0000] {processor.py:179} INFO - Processing /home/airflow/.local/lib/python3.8/site-packages/airflow/example_dags/example_setup_teardown.py took 0.062 seconds
[2023-09-28T18:20:03.400+0000] {processor.py:157} INFO - Started process (PID=691) to work on /home/airflow/.local/lib/python3.8/site-packages/airflow/example_dags/example_setup_teardown.py
[2023-09-28T18:20:03.401+0000] {processor.py:829} INFO - Processing file /home/airflow/.local/lib/python3.8/site-packages/airflow/example_dags/example_setup_teardown.py for tasks to queue
[2023-09-28T18:20:03.404+0000] {logging_mixin.py:151} INFO - [2023-09-28T18:20:03.403+0000] {dagbag.py:539} INFO - Filling up the DagBag from /home/airflow/.local/lib/python3.8/site-packages/airflow/example_dags/example_setup_teardown.py
[2023-09-28T18:20:03.408+0000] {processor.py:839} INFO - DAG(s) dict_keys(['example_setup_teardown']) retrieved from /home/airflow/.local/lib/python3.8/site-packages/airflow/example_dags/example_setup_teardown.py
[2023-09-28T18:20:03.425+0000] {logging_mixin.py:151} INFO - [2023-09-28T18:20:03.425+0000] {dag.py:2915} INFO - Sync 1 DAGs
[2023-09-28T18:20:03.439+0000] {logging_mixin.py:151} INFO - [2023-09-28T18:20:03.439+0000] {dag.py:3696} INFO - Setting next_dagrun for example_setup_teardown to 2023-09-27T18:20:03.439311+00:00, run_after=2023-09-28T18:20:03.439311+00:00
[2023-09-28T18:20:03.454+0000] {processor.py:179} INFO - Processing /home/airflow/.local/lib/python3.8/site-packages/airflow/example_dags/example_setup_teardown.py took 0.057 seconds
[2023-09-28T18:20:34.068+0000] {processor.py:157} INFO - Started process (PID=744) to work on /home/airflow/.local/lib/python3.8/site-packages/airflow/example_dags/example_setup_teardown.py
[2023-09-28T18:20:34.070+0000] {processor.py:829} INFO - Processing file /home/airflow/.local/lib/python3.8/site-packages/airflow/example_dags/example_setup_teardown.py for tasks to queue
[2023-09-28T18:20:34.073+0000] {logging_mixin.py:151} INFO - [2023-09-28T18:20:34.072+0000] {dagbag.py:539} INFO - Filling up the DagBag from /home/airflow/.local/lib/python3.8/site-packages/airflow/example_dags/example_setup_teardown.py
[2023-09-28T18:20:34.078+0000] {processor.py:839} INFO - DAG(s) dict_keys(['example_setup_teardown']) retrieved from /home/airflow/.local/lib/python3.8/site-packages/airflow/example_dags/example_setup_teardown.py
[2023-09-28T18:20:34.093+0000] {logging_mixin.py:151} INFO - [2023-09-28T18:20:34.093+0000] {dag.py:2915} INFO - Sync 1 DAGs
[2023-09-28T18:20:34.107+0000] {logging_mixin.py:151} INFO - [2023-09-28T18:20:34.107+0000] {dag.py:3696} INFO - Setting next_dagrun for example_setup_teardown to 2023-09-27T18:20:34.107327+00:00, run_after=2023-09-28T18:20:34.107327+00:00
[2023-09-28T18:20:34.122+0000] {processor.py:179} INFO - Processing /home/airflow/.local/lib/python3.8/site-packages/airflow/example_dags/example_setup_teardown.py took 0.057 seconds
[2023-09-28T18:21:04.697+0000] {processor.py:157} INFO - Started process (PID=798) to work on /home/airflow/.local/lib/python3.8/site-packages/airflow/example_dags/example_setup_teardown.py
[2023-09-28T18:21:04.699+0000] {processor.py:829} INFO - Processing file /home/airflow/.local/lib/python3.8/site-packages/airflow/example_dags/example_setup_teardown.py for tasks to queue
[2023-09-28T18:21:04.703+0000] {logging_mixin.py:151} INFO - [2023-09-28T18:21:04.703+0000] {dagbag.py:539} INFO - Filling up the DagBag from /home/airflow/.local/lib/python3.8/site-packages/airflow/example_dags/example_setup_teardown.py
[2023-09-28T18:21:04.708+0000] {processor.py:839} INFO - DAG(s) dict_keys(['example_setup_teardown']) retrieved from /home/airflow/.local/lib/python3.8/site-packages/airflow/example_dags/example_setup_teardown.py
[2023-09-28T18:21:04.724+0000] {logging_mixin.py:151} INFO - [2023-09-28T18:21:04.724+0000] {dag.py:2915} INFO - Sync 1 DAGs
[2023-09-28T18:21:04.741+0000] {logging_mixin.py:151} INFO - [2023-09-28T18:21:04.741+0000] {dag.py:3696} INFO - Setting next_dagrun for example_setup_teardown to 2023-09-27T18:21:04.741289+00:00, run_after=2023-09-28T18:21:04.741289+00:00
[2023-09-28T18:21:04.755+0000] {processor.py:179} INFO - Processing /home/airflow/.local/lib/python3.8/site-packages/airflow/example_dags/example_setup_teardown.py took 0.060 seconds
[2023-09-28T18:21:35.761+0000] {processor.py:157} INFO - Started process (PID=852) to work on /home/airflow/.local/lib/python3.8/site-packages/airflow/example_dags/example_setup_teardown.py
[2023-09-28T18:21:35.764+0000] {processor.py:829} INFO - Processing file /home/airflow/.local/lib/python3.8/site-packages/airflow/example_dags/example_setup_teardown.py for tasks to queue
[2023-09-28T18:21:35.767+0000] {logging_mixin.py:151} INFO - [2023-09-28T18:21:35.766+0000] {dagbag.py:539} INFO - Filling up the DagBag from /home/airflow/.local/lib/python3.8/site-packages/airflow/example_dags/example_setup_teardown.py
[2023-09-28T18:21:35.772+0000] {processor.py:839} INFO - DAG(s) dict_keys(['example_setup_teardown']) retrieved from /home/airflow/.local/lib/python3.8/site-packages/airflow/example_dags/example_setup_teardown.py
[2023-09-28T18:21:35.789+0000] {logging_mixin.py:151} INFO - [2023-09-28T18:21:35.789+0000] {dag.py:2915} INFO - Sync 1 DAGs
[2023-09-28T18:21:35.805+0000] {logging_mixin.py:151} INFO - [2023-09-28T18:21:35.805+0000] {dag.py:3696} INFO - Setting next_dagrun for example_setup_teardown to 2023-09-27T18:21:35.804979+00:00, run_after=2023-09-28T18:21:35.804979+00:00
[2023-09-28T18:21:35.819+0000] {processor.py:179} INFO - Processing /home/airflow/.local/lib/python3.8/site-packages/airflow/example_dags/example_setup_teardown.py took 0.061 seconds
[2023-09-28T18:22:06.398+0000] {processor.py:157} INFO - Started process (PID=906) to work on /home/airflow/.local/lib/python3.8/site-packages/airflow/example_dags/example_setup_teardown.py
[2023-09-28T18:22:06.403+0000] {processor.py:829} INFO - Processing file /home/airflow/.local/lib/python3.8/site-packages/airflow/example_dags/example_setup_teardown.py for tasks to queue
[2023-09-28T18:22:06.406+0000] {logging_mixin.py:151} INFO - [2023-09-28T18:22:06.405+0000] {dagbag.py:539} INFO - Filling up the DagBag from /home/airflow/.local/lib/python3.8/site-packages/airflow/example_dags/example_setup_teardown.py
[2023-09-28T18:22:06.411+0000] {processor.py:839} INFO - DAG(s) dict_keys(['example_setup_teardown']) retrieved from /home/airflow/.local/lib/python3.8/site-packages/airflow/example_dags/example_setup_teardown.py
[2023-09-28T18:22:06.427+0000] {logging_mixin.py:151} INFO - [2023-09-28T18:22:06.427+0000] {dag.py:2915} INFO - Sync 1 DAGs
[2023-09-28T18:22:06.451+0000] {logging_mixin.py:151} INFO - [2023-09-28T18:22:06.451+0000] {dag.py:3696} INFO - Setting next_dagrun for example_setup_teardown to 2023-09-27T18:22:06.450906+00:00, run_after=2023-09-28T18:22:06.450906+00:00
[2023-09-28T18:22:06.467+0000] {processor.py:179} INFO - Processing /home/airflow/.local/lib/python3.8/site-packages/airflow/example_dags/example_setup_teardown.py took 0.071 seconds
[2023-09-28T18:22:37.288+0000] {processor.py:157} INFO - Started process (PID=959) to work on /home/airflow/.local/lib/python3.8/site-packages/airflow/example_dags/example_setup_teardown.py
[2023-09-28T18:22:37.290+0000] {processor.py:829} INFO - Processing file /home/airflow/.local/lib/python3.8/site-packages/airflow/example_dags/example_setup_teardown.py for tasks to queue
[2023-09-28T18:22:37.294+0000] {logging_mixin.py:151} INFO - [2023-09-28T18:22:37.294+0000] {dagbag.py:539} INFO - Filling up the DagBag from /home/airflow/.local/lib/python3.8/site-packages/airflow/example_dags/example_setup_teardown.py
[2023-09-28T18:22:37.299+0000] {processor.py:839} INFO - DAG(s) dict_keys(['example_setup_teardown']) retrieved from /home/airflow/.local/lib/python3.8/site-packages/airflow/example_dags/example_setup_teardown.py
[2023-09-28T18:22:37.315+0000] {logging_mixin.py:151} INFO - [2023-09-28T18:22:37.315+0000] {dag.py:2915} INFO - Sync 1 DAGs
[2023-09-28T18:22:37.329+0000] {logging_mixin.py:151} INFO - [2023-09-28T18:22:37.328+0000] {dag.py:3696} INFO - Setting next_dagrun for example_setup_teardown to 2023-09-27T18:22:37.328563+00:00, run_after=2023-09-28T18:22:37.328563+00:00
[2023-09-28T18:22:37.349+0000] {processor.py:179} INFO - Processing /home/airflow/.local/lib/python3.8/site-packages/airflow/example_dags/example_setup_teardown.py took 0.063 seconds
[2023-09-28T18:23:08.213+0000] {processor.py:157} INFO - Started process (PID=1012) to work on /home/airflow/.local/lib/python3.8/site-packages/airflow/example_dags/example_setup_teardown.py
[2023-09-28T18:23:08.216+0000] {processor.py:829} INFO - Processing file /home/airflow/.local/lib/python3.8/site-packages/airflow/example_dags/example_setup_teardown.py for tasks to queue
[2023-09-28T18:23:08.220+0000] {logging_mixin.py:151} INFO - [2023-09-28T18:23:08.219+0000] {dagbag.py:539} INFO - Filling up the DagBag from /home/airflow/.local/lib/python3.8/site-packages/airflow/example_dags/example_setup_teardown.py
[2023-09-28T18:23:08.225+0000] {processor.py:839} INFO - DAG(s) dict_keys(['example_setup_teardown']) retrieved from /home/airflow/.local/lib/python3.8/site-packages/airflow/example_dags/example_setup_teardown.py
[2023-09-28T18:23:08.246+0000] {logging_mixin.py:151} INFO - [2023-09-28T18:23:08.245+0000] {dag.py:2915} INFO - Sync 1 DAGs
[2023-09-28T18:23:08.264+0000] {logging_mixin.py:151} INFO - [2023-09-28T18:23:08.263+0000] {dag.py:3696} INFO - Setting next_dagrun for example_setup_teardown to 2023-09-27T18:23:08.263696+00:00, run_after=2023-09-28T18:23:08.263696+00:00
[2023-09-28T18:23:08.287+0000] {processor.py:179} INFO - Processing /home/airflow/.local/lib/python3.8/site-packages/airflow/example_dags/example_setup_teardown.py took 0.077 seconds
[2023-09-28T18:23:39.281+0000] {processor.py:157} INFO - Started process (PID=1066) to work on /home/airflow/.local/lib/python3.8/site-packages/airflow/example_dags/example_setup_teardown.py
[2023-09-28T18:23:39.283+0000] {processor.py:829} INFO - Processing file /home/airflow/.local/lib/python3.8/site-packages/airflow/example_dags/example_setup_teardown.py for tasks to queue
[2023-09-28T18:23:39.285+0000] {logging_mixin.py:151} INFO - [2023-09-28T18:23:39.285+0000] {dagbag.py:539} INFO - Filling up the DagBag from /home/airflow/.local/lib/python3.8/site-packages/airflow/example_dags/example_setup_teardown.py
[2023-09-28T18:23:39.291+0000] {processor.py:839} INFO - DAG(s) dict_keys(['example_setup_teardown']) retrieved from /home/airflow/.local/lib/python3.8/site-packages/airflow/example_dags/example_setup_teardown.py
[2023-09-28T18:23:39.309+0000] {logging_mixin.py:151} INFO - [2023-09-28T18:23:39.309+0000] {dag.py:2915} INFO - Sync 1 DAGs
[2023-09-28T18:23:39.326+0000] {logging_mixin.py:151} INFO - [2023-09-28T18:23:39.326+0000] {dag.py:3696} INFO - Setting next_dagrun for example_setup_teardown to 2023-09-27T18:23:39.326616+00:00, run_after=2023-09-28T18:23:39.326616+00:00
[2023-09-28T18:23:39.341+0000] {processor.py:179} INFO - Processing /home/airflow/.local/lib/python3.8/site-packages/airflow/example_dags/example_setup_teardown.py took 0.062 seconds
[2023-09-28T18:34:42.848+0000] {processor.py:157} INFO - Started process (PID=43) to work on /home/airflow/.local/lib/python3.8/site-packages/airflow/example_dags/example_setup_teardown.py
[2023-09-28T18:34:42.850+0000] {processor.py:829} INFO - Processing file /home/airflow/.local/lib/python3.8/site-packages/airflow/example_dags/example_setup_teardown.py for tasks to queue
[2023-09-28T18:34:42.853+0000] {logging_mixin.py:151} INFO - [2023-09-28T18:34:42.853+0000] {dagbag.py:539} INFO - Filling up the DagBag from /home/airflow/.local/lib/python3.8/site-packages/airflow/example_dags/example_setup_teardown.py
[2023-09-28T18:34:42.862+0000] {processor.py:839} INFO - DAG(s) dict_keys(['example_setup_teardown']) retrieved from /home/airflow/.local/lib/python3.8/site-packages/airflow/example_dags/example_setup_teardown.py
[2023-09-28T18:34:42.874+0000] {logging_mixin.py:151} INFO - [2023-09-28T18:34:42.874+0000] {dag.py:2915} INFO - Sync 1 DAGs
[2023-09-28T18:34:42.894+0000] {logging_mixin.py:151} INFO - [2023-09-28T18:34:42.894+0000] {dag.py:3696} INFO - Setting next_dagrun for example_setup_teardown to 2023-09-27T18:34:42.894454+00:00, run_after=2023-09-28T18:34:42.894454+00:00
[2023-09-28T18:34:42.909+0000] {processor.py:179} INFO - Processing /home/airflow/.local/lib/python3.8/site-packages/airflow/example_dags/example_setup_teardown.py took 0.064 seconds
[2023-09-28T18:35:13.119+0000] {processor.py:157} INFO - Started process (PID=96) to work on /home/airflow/.local/lib/python3.8/site-packages/airflow/example_dags/example_setup_teardown.py
[2023-09-28T18:35:13.121+0000] {processor.py:829} INFO - Processing file /home/airflow/.local/lib/python3.8/site-packages/airflow/example_dags/example_setup_teardown.py for tasks to queue
[2023-09-28T18:35:13.124+0000] {logging_mixin.py:151} INFO - [2023-09-28T18:35:13.123+0000] {dagbag.py:539} INFO - Filling up the DagBag from /home/airflow/.local/lib/python3.8/site-packages/airflow/example_dags/example_setup_teardown.py
[2023-09-28T18:35:13.135+0000] {processor.py:839} INFO - DAG(s) dict_keys(['example_setup_teardown']) retrieved from /home/airflow/.local/lib/python3.8/site-packages/airflow/example_dags/example_setup_teardown.py
[2023-09-28T18:35:13.152+0000] {logging_mixin.py:151} INFO - [2023-09-28T18:35:13.152+0000] {dag.py:2915} INFO - Sync 1 DAGs
[2023-09-28T18:35:13.170+0000] {logging_mixin.py:151} INFO - [2023-09-28T18:35:13.170+0000] {dag.py:3696} INFO - Setting next_dagrun for example_setup_teardown to 2023-09-27T18:35:13.170486+00:00, run_after=2023-09-28T18:35:13.170486+00:00
[2023-09-28T18:35:13.184+0000] {processor.py:179} INFO - Processing /home/airflow/.local/lib/python3.8/site-packages/airflow/example_dags/example_setup_teardown.py took 0.070 seconds
[2023-09-28T18:35:43.375+0000] {processor.py:157} INFO - Started process (PID=150) to work on /home/airflow/.local/lib/python3.8/site-packages/airflow/example_dags/example_setup_teardown.py
[2023-09-28T18:35:43.377+0000] {processor.py:829} INFO - Processing file /home/airflow/.local/lib/python3.8/site-packages/airflow/example_dags/example_setup_teardown.py for tasks to queue
[2023-09-28T18:35:43.379+0000] {logging_mixin.py:151} INFO - [2023-09-28T18:35:43.379+0000] {dagbag.py:539} INFO - Filling up the DagBag from /home/airflow/.local/lib/python3.8/site-packages/airflow/example_dags/example_setup_teardown.py
[2023-09-28T18:35:43.385+0000] {processor.py:839} INFO - DAG(s) dict_keys(['example_setup_teardown']) retrieved from /home/airflow/.local/lib/python3.8/site-packages/airflow/example_dags/example_setup_teardown.py
[2023-09-28T18:35:43.404+0000] {logging_mixin.py:151} INFO - [2023-09-28T18:35:43.403+0000] {dag.py:2915} INFO - Sync 1 DAGs
[2023-09-28T18:35:43.420+0000] {logging_mixin.py:151} INFO - [2023-09-28T18:35:43.419+0000] {dag.py:3696} INFO - Setting next_dagrun for example_setup_teardown to 2023-09-27T18:35:43.419807+00:00, run_after=2023-09-28T18:35:43.419807+00:00
[2023-09-28T18:35:43.441+0000] {processor.py:179} INFO - Processing /home/airflow/.local/lib/python3.8/site-packages/airflow/example_dags/example_setup_teardown.py took 0.069 seconds
[2023-09-28T18:36:13.581+0000] {processor.py:157} INFO - Started process (PID=204) to work on /home/airflow/.local/lib/python3.8/site-packages/airflow/example_dags/example_setup_teardown.py
[2023-09-28T18:36:13.584+0000] {processor.py:829} INFO - Processing file /home/airflow/.local/lib/python3.8/site-packages/airflow/example_dags/example_setup_teardown.py for tasks to queue
[2023-09-28T18:36:13.586+0000] {logging_mixin.py:151} INFO - [2023-09-28T18:36:13.586+0000] {dagbag.py:539} INFO - Filling up the DagBag from /home/airflow/.local/lib/python3.8/site-packages/airflow/example_dags/example_setup_teardown.py
[2023-09-28T18:36:13.592+0000] {processor.py:839} INFO - DAG(s) dict_keys(['example_setup_teardown']) retrieved from /home/airflow/.local/lib/python3.8/site-packages/airflow/example_dags/example_setup_teardown.py
[2023-09-28T18:36:13.610+0000] {logging_mixin.py:151} INFO - [2023-09-28T18:36:13.610+0000] {dag.py:2915} INFO - Sync 1 DAGs
[2023-09-28T18:36:13.624+0000] {logging_mixin.py:151} INFO - [2023-09-28T18:36:13.624+0000] {dag.py:3696} INFO - Setting next_dagrun for example_setup_teardown to 2023-09-27T18:36:13.624294+00:00, run_after=2023-09-28T18:36:13.624294+00:00
[2023-09-28T18:36:13.636+0000] {processor.py:179} INFO - Processing /home/airflow/.local/lib/python3.8/site-packages/airflow/example_dags/example_setup_teardown.py took 0.058 seconds
