[2023-09-28T18:05:28.806+0000] {processor.py:157} INFO - Started process (PID=55) to work on /home/airflow/.local/lib/python3.8/site-packages/airflow/example_dags/example_branch_day_of_week_operator.py
[2023-09-28T18:05:28.808+0000] {processor.py:829} INFO - Processing file /home/airflow/.local/lib/python3.8/site-packages/airflow/example_dags/example_branch_day_of_week_operator.py for tasks to queue
[2023-09-28T18:05:28.812+0000] {logging_mixin.py:151} INFO - [2023-09-28T18:05:28.812+0000] {dagbag.py:539} INFO - Filling up the DagBag from /home/airflow/.local/lib/python3.8/site-packages/airflow/example_dags/example_branch_day_of_week_operator.py
[2023-09-28T18:05:28.831+0000] {processor.py:839} INFO - DAG(s) dict_keys(['example_weekday_branch_operator']) retrieved from /home/airflow/.local/lib/python3.8/site-packages/airflow/example_dags/example_branch_day_of_week_operator.py
[2023-09-28T18:05:28.865+0000] {logging_mixin.py:151} INFO - [2023-09-28T18:05:28.865+0000] {dag.py:2915} INFO - Sync 1 DAGs
[2023-09-28T18:05:28.889+0000] {logging_mixin.py:151} INFO - [2023-09-28T18:05:28.889+0000] {dag.py:3696} INFO - Setting next_dagrun for example_weekday_branch_operator to 2023-09-27T00:00:00+00:00, run_after=2023-09-28T00:00:00+00:00
[2023-09-28T18:05:28.911+0000] {processor.py:179} INFO - Processing /home/airflow/.local/lib/python3.8/site-packages/airflow/example_dags/example_branch_day_of_week_operator.py took 0.110 seconds
[2023-09-28T18:05:59.659+0000] {processor.py:157} INFO - Started process (PID=108) to work on /home/airflow/.local/lib/python3.8/site-packages/airflow/example_dags/example_branch_day_of_week_operator.py
[2023-09-28T18:05:59.662+0000] {processor.py:829} INFO - Processing file /home/airflow/.local/lib/python3.8/site-packages/airflow/example_dags/example_branch_day_of_week_operator.py for tasks to queue
[2023-09-28T18:05:59.665+0000] {logging_mixin.py:151} INFO - [2023-09-28T18:05:59.664+0000] {dagbag.py:539} INFO - Filling up the DagBag from /home/airflow/.local/lib/python3.8/site-packages/airflow/example_dags/example_branch_day_of_week_operator.py
[2023-09-28T18:05:59.671+0000] {processor.py:839} INFO - DAG(s) dict_keys(['example_weekday_branch_operator']) retrieved from /home/airflow/.local/lib/python3.8/site-packages/airflow/example_dags/example_branch_day_of_week_operator.py
[2023-09-28T18:05:59.688+0000] {logging_mixin.py:151} INFO - [2023-09-28T18:05:59.688+0000] {dag.py:2915} INFO - Sync 1 DAGs
[2023-09-28T18:05:59.704+0000] {logging_mixin.py:151} INFO - [2023-09-28T18:05:59.704+0000] {dag.py:3696} INFO - Setting next_dagrun for example_weekday_branch_operator to 2023-09-27T00:00:00+00:00, run_after=2023-09-28T00:00:00+00:00
[2023-09-28T18:05:59.719+0000] {processor.py:179} INFO - Processing /home/airflow/.local/lib/python3.8/site-packages/airflow/example_dags/example_branch_day_of_week_operator.py took 0.064 seconds
[2023-09-28T18:06:30.638+0000] {processor.py:157} INFO - Started process (PID=162) to work on /home/airflow/.local/lib/python3.8/site-packages/airflow/example_dags/example_branch_day_of_week_operator.py
[2023-09-28T18:06:30.640+0000] {processor.py:829} INFO - Processing file /home/airflow/.local/lib/python3.8/site-packages/airflow/example_dags/example_branch_day_of_week_operator.py for tasks to queue
[2023-09-28T18:06:30.643+0000] {logging_mixin.py:151} INFO - [2023-09-28T18:06:30.643+0000] {dagbag.py:539} INFO - Filling up the DagBag from /home/airflow/.local/lib/python3.8/site-packages/airflow/example_dags/example_branch_day_of_week_operator.py
[2023-09-28T18:06:30.649+0000] {processor.py:839} INFO - DAG(s) dict_keys(['example_weekday_branch_operator']) retrieved from /home/airflow/.local/lib/python3.8/site-packages/airflow/example_dags/example_branch_day_of_week_operator.py
[2023-09-28T18:06:30.670+0000] {logging_mixin.py:151} INFO - [2023-09-28T18:06:30.670+0000] {dag.py:2915} INFO - Sync 1 DAGs
[2023-09-28T18:06:30.685+0000] {logging_mixin.py:151} INFO - [2023-09-28T18:06:30.685+0000] {dag.py:3696} INFO - Setting next_dagrun for example_weekday_branch_operator to 2023-09-27T00:00:00+00:00, run_after=2023-09-28T00:00:00+00:00
[2023-09-28T18:06:30.701+0000] {processor.py:179} INFO - Processing /home/airflow/.local/lib/python3.8/site-packages/airflow/example_dags/example_branch_day_of_week_operator.py took 0.066 seconds
[2023-09-28T18:07:00.832+0000] {processor.py:157} INFO - Started process (PID=216) to work on /home/airflow/.local/lib/python3.8/site-packages/airflow/example_dags/example_branch_day_of_week_operator.py
[2023-09-28T18:07:00.835+0000] {processor.py:829} INFO - Processing file /home/airflow/.local/lib/python3.8/site-packages/airflow/example_dags/example_branch_day_of_week_operator.py for tasks to queue
[2023-09-28T18:07:00.838+0000] {logging_mixin.py:151} INFO - [2023-09-28T18:07:00.837+0000] {dagbag.py:539} INFO - Filling up the DagBag from /home/airflow/.local/lib/python3.8/site-packages/airflow/example_dags/example_branch_day_of_week_operator.py
[2023-09-28T18:07:00.844+0000] {processor.py:839} INFO - DAG(s) dict_keys(['example_weekday_branch_operator']) retrieved from /home/airflow/.local/lib/python3.8/site-packages/airflow/example_dags/example_branch_day_of_week_operator.py
[2023-09-28T18:07:00.862+0000] {logging_mixin.py:151} INFO - [2023-09-28T18:07:00.862+0000] {dag.py:2915} INFO - Sync 1 DAGs
[2023-09-28T18:07:00.879+0000] {logging_mixin.py:151} INFO - [2023-09-28T18:07:00.879+0000] {dag.py:3696} INFO - Setting next_dagrun for example_weekday_branch_operator to 2023-09-27T00:00:00+00:00, run_after=2023-09-28T00:00:00+00:00
[2023-09-28T18:07:00.893+0000] {processor.py:179} INFO - Processing /home/airflow/.local/lib/python3.8/site-packages/airflow/example_dags/example_branch_day_of_week_operator.py took 0.063 seconds
[2023-09-28T18:07:31.608+0000] {processor.py:157} INFO - Started process (PID=270) to work on /home/airflow/.local/lib/python3.8/site-packages/airflow/example_dags/example_branch_day_of_week_operator.py
[2023-09-28T18:07:31.611+0000] {processor.py:829} INFO - Processing file /home/airflow/.local/lib/python3.8/site-packages/airflow/example_dags/example_branch_day_of_week_operator.py for tasks to queue
[2023-09-28T18:07:31.614+0000] {logging_mixin.py:151} INFO - [2023-09-28T18:07:31.613+0000] {dagbag.py:539} INFO - Filling up the DagBag from /home/airflow/.local/lib/python3.8/site-packages/airflow/example_dags/example_branch_day_of_week_operator.py
[2023-09-28T18:07:31.620+0000] {processor.py:839} INFO - DAG(s) dict_keys(['example_weekday_branch_operator']) retrieved from /home/airflow/.local/lib/python3.8/site-packages/airflow/example_dags/example_branch_day_of_week_operator.py
[2023-09-28T18:07:31.641+0000] {logging_mixin.py:151} INFO - [2023-09-28T18:07:31.641+0000] {dag.py:2915} INFO - Sync 1 DAGs
[2023-09-28T18:07:31.663+0000] {logging_mixin.py:151} INFO - [2023-09-28T18:07:31.663+0000] {dag.py:3696} INFO - Setting next_dagrun for example_weekday_branch_operator to 2023-09-27T00:00:00+00:00, run_after=2023-09-28T00:00:00+00:00
[2023-09-28T18:07:31.684+0000] {processor.py:179} INFO - Processing /home/airflow/.local/lib/python3.8/site-packages/airflow/example_dags/example_branch_day_of_week_operator.py took 0.079 seconds
[2023-09-28T18:08:02.408+0000] {processor.py:157} INFO - Started process (PID=324) to work on /home/airflow/.local/lib/python3.8/site-packages/airflow/example_dags/example_branch_day_of_week_operator.py
[2023-09-28T18:08:02.410+0000] {processor.py:829} INFO - Processing file /home/airflow/.local/lib/python3.8/site-packages/airflow/example_dags/example_branch_day_of_week_operator.py for tasks to queue
[2023-09-28T18:08:02.412+0000] {logging_mixin.py:151} INFO - [2023-09-28T18:08:02.412+0000] {dagbag.py:539} INFO - Filling up the DagBag from /home/airflow/.local/lib/python3.8/site-packages/airflow/example_dags/example_branch_day_of_week_operator.py
[2023-09-28T18:08:02.418+0000] {processor.py:839} INFO - DAG(s) dict_keys(['example_weekday_branch_operator']) retrieved from /home/airflow/.local/lib/python3.8/site-packages/airflow/example_dags/example_branch_day_of_week_operator.py
[2023-09-28T18:08:02.436+0000] {logging_mixin.py:151} INFO - [2023-09-28T18:08:02.436+0000] {dag.py:2915} INFO - Sync 1 DAGs
[2023-09-28T18:08:02.452+0000] {logging_mixin.py:151} INFO - [2023-09-28T18:08:02.452+0000] {dag.py:3696} INFO - Setting next_dagrun for example_weekday_branch_operator to 2023-09-27T00:00:00+00:00, run_after=2023-09-28T00:00:00+00:00
[2023-09-28T18:08:02.465+0000] {processor.py:179} INFO - Processing /home/airflow/.local/lib/python3.8/site-packages/airflow/example_dags/example_branch_day_of_week_operator.py took 0.060 seconds
[2023-09-28T18:08:32.626+0000] {processor.py:157} INFO - Started process (PID=378) to work on /home/airflow/.local/lib/python3.8/site-packages/airflow/example_dags/example_branch_day_of_week_operator.py
[2023-09-28T18:08:32.628+0000] {processor.py:829} INFO - Processing file /home/airflow/.local/lib/python3.8/site-packages/airflow/example_dags/example_branch_day_of_week_operator.py for tasks to queue
[2023-09-28T18:08:32.630+0000] {logging_mixin.py:151} INFO - [2023-09-28T18:08:32.630+0000] {dagbag.py:539} INFO - Filling up the DagBag from /home/airflow/.local/lib/python3.8/site-packages/airflow/example_dags/example_branch_day_of_week_operator.py
[2023-09-28T18:08:32.636+0000] {processor.py:839} INFO - DAG(s) dict_keys(['example_weekday_branch_operator']) retrieved from /home/airflow/.local/lib/python3.8/site-packages/airflow/example_dags/example_branch_day_of_week_operator.py
[2023-09-28T18:08:32.658+0000] {logging_mixin.py:151} INFO - [2023-09-28T18:08:32.657+0000] {dag.py:2915} INFO - Sync 1 DAGs
[2023-09-28T18:08:32.675+0000] {logging_mixin.py:151} INFO - [2023-09-28T18:08:32.675+0000] {dag.py:3696} INFO - Setting next_dagrun for example_weekday_branch_operator to 2023-09-27T00:00:00+00:00, run_after=2023-09-28T00:00:00+00:00
[2023-09-28T18:08:32.692+0000] {processor.py:179} INFO - Processing /home/airflow/.local/lib/python3.8/site-packages/airflow/example_dags/example_branch_day_of_week_operator.py took 0.069 seconds
[2023-09-28T18:09:03.424+0000] {processor.py:157} INFO - Started process (PID=432) to work on /home/airflow/.local/lib/python3.8/site-packages/airflow/example_dags/example_branch_day_of_week_operator.py
[2023-09-28T18:09:03.426+0000] {processor.py:829} INFO - Processing file /home/airflow/.local/lib/python3.8/site-packages/airflow/example_dags/example_branch_day_of_week_operator.py for tasks to queue
[2023-09-28T18:09:03.428+0000] {logging_mixin.py:151} INFO - [2023-09-28T18:09:03.428+0000] {dagbag.py:539} INFO - Filling up the DagBag from /home/airflow/.local/lib/python3.8/site-packages/airflow/example_dags/example_branch_day_of_week_operator.py
[2023-09-28T18:09:03.434+0000] {processor.py:839} INFO - DAG(s) dict_keys(['example_weekday_branch_operator']) retrieved from /home/airflow/.local/lib/python3.8/site-packages/airflow/example_dags/example_branch_day_of_week_operator.py
[2023-09-28T18:09:03.452+0000] {logging_mixin.py:151} INFO - [2023-09-28T18:09:03.452+0000] {dag.py:2915} INFO - Sync 1 DAGs
[2023-09-28T18:09:03.466+0000] {logging_mixin.py:151} INFO - [2023-09-28T18:09:03.466+0000] {dag.py:3696} INFO - Setting next_dagrun for example_weekday_branch_operator to 2023-09-27T00:00:00+00:00, run_after=2023-09-28T00:00:00+00:00
[2023-09-28T18:09:03.479+0000] {processor.py:179} INFO - Processing /home/airflow/.local/lib/python3.8/site-packages/airflow/example_dags/example_branch_day_of_week_operator.py took 0.057 seconds
[2023-09-28T18:09:34.180+0000] {processor.py:157} INFO - Started process (PID=485) to work on /home/airflow/.local/lib/python3.8/site-packages/airflow/example_dags/example_branch_day_of_week_operator.py
[2023-09-28T18:09:34.182+0000] {processor.py:829} INFO - Processing file /home/airflow/.local/lib/python3.8/site-packages/airflow/example_dags/example_branch_day_of_week_operator.py for tasks to queue
[2023-09-28T18:09:34.185+0000] {logging_mixin.py:151} INFO - [2023-09-28T18:09:34.184+0000] {dagbag.py:539} INFO - Filling up the DagBag from /home/airflow/.local/lib/python3.8/site-packages/airflow/example_dags/example_branch_day_of_week_operator.py
[2023-09-28T18:09:34.191+0000] {processor.py:839} INFO - DAG(s) dict_keys(['example_weekday_branch_operator']) retrieved from /home/airflow/.local/lib/python3.8/site-packages/airflow/example_dags/example_branch_day_of_week_operator.py
[2023-09-28T18:09:34.208+0000] {logging_mixin.py:151} INFO - [2023-09-28T18:09:34.208+0000] {dag.py:2915} INFO - Sync 1 DAGs
[2023-09-28T18:09:34.226+0000] {logging_mixin.py:151} INFO - [2023-09-28T18:09:34.225+0000] {dag.py:3696} INFO - Setting next_dagrun for example_weekday_branch_operator to 2023-09-27T00:00:00+00:00, run_after=2023-09-28T00:00:00+00:00
[2023-09-28T18:09:34.236+0000] {processor.py:179} INFO - Processing /home/airflow/.local/lib/python3.8/site-packages/airflow/example_dags/example_branch_day_of_week_operator.py took 0.060 seconds
[2023-09-28T18:10:04.941+0000] {processor.py:157} INFO - Started process (PID=539) to work on /home/airflow/.local/lib/python3.8/site-packages/airflow/example_dags/example_branch_day_of_week_operator.py
[2023-09-28T18:10:04.943+0000] {processor.py:829} INFO - Processing file /home/airflow/.local/lib/python3.8/site-packages/airflow/example_dags/example_branch_day_of_week_operator.py for tasks to queue
[2023-09-28T18:10:04.949+0000] {logging_mixin.py:151} INFO - [2023-09-28T18:10:04.949+0000] {dagbag.py:539} INFO - Filling up the DagBag from /home/airflow/.local/lib/python3.8/site-packages/airflow/example_dags/example_branch_day_of_week_operator.py
[2023-09-28T18:10:04.955+0000] {processor.py:839} INFO - DAG(s) dict_keys(['example_weekday_branch_operator']) retrieved from /home/airflow/.local/lib/python3.8/site-packages/airflow/example_dags/example_branch_day_of_week_operator.py
[2023-09-28T18:10:04.976+0000] {logging_mixin.py:151} INFO - [2023-09-28T18:10:04.976+0000] {dag.py:2915} INFO - Sync 1 DAGs
[2023-09-28T18:10:04.993+0000] {logging_mixin.py:151} INFO - [2023-09-28T18:10:04.993+0000] {dag.py:3696} INFO - Setting next_dagrun for example_weekday_branch_operator to 2023-09-27T00:00:00+00:00, run_after=2023-09-28T00:00:00+00:00
[2023-09-28T18:10:05.007+0000] {processor.py:179} INFO - Processing /home/airflow/.local/lib/python3.8/site-packages/airflow/example_dags/example_branch_day_of_week_operator.py took 0.068 seconds
[2023-09-28T18:10:35.826+0000] {processor.py:157} INFO - Started process (PID=593) to work on /home/airflow/.local/lib/python3.8/site-packages/airflow/example_dags/example_branch_day_of_week_operator.py
[2023-09-28T18:10:35.829+0000] {processor.py:829} INFO - Processing file /home/airflow/.local/lib/python3.8/site-packages/airflow/example_dags/example_branch_day_of_week_operator.py for tasks to queue
[2023-09-28T18:10:35.832+0000] {logging_mixin.py:151} INFO - [2023-09-28T18:10:35.831+0000] {dagbag.py:539} INFO - Filling up the DagBag from /home/airflow/.local/lib/python3.8/site-packages/airflow/example_dags/example_branch_day_of_week_operator.py
[2023-09-28T18:10:35.838+0000] {processor.py:839} INFO - DAG(s) dict_keys(['example_weekday_branch_operator']) retrieved from /home/airflow/.local/lib/python3.8/site-packages/airflow/example_dags/example_branch_day_of_week_operator.py
[2023-09-28T18:10:35.856+0000] {logging_mixin.py:151} INFO - [2023-09-28T18:10:35.856+0000] {dag.py:2915} INFO - Sync 1 DAGs
[2023-09-28T18:10:35.872+0000] {logging_mixin.py:151} INFO - [2023-09-28T18:10:35.872+0000] {dag.py:3696} INFO - Setting next_dagrun for example_weekday_branch_operator to 2023-09-27T00:00:00+00:00, run_after=2023-09-28T00:00:00+00:00
[2023-09-28T18:10:35.890+0000] {processor.py:179} INFO - Processing /home/airflow/.local/lib/python3.8/site-packages/airflow/example_dags/example_branch_day_of_week_operator.py took 0.066 seconds
[2023-09-28T18:11:07.009+0000] {processor.py:157} INFO - Started process (PID=647) to work on /home/airflow/.local/lib/python3.8/site-packages/airflow/example_dags/example_branch_day_of_week_operator.py
[2023-09-28T18:11:07.011+0000] {processor.py:829} INFO - Processing file /home/airflow/.local/lib/python3.8/site-packages/airflow/example_dags/example_branch_day_of_week_operator.py for tasks to queue
[2023-09-28T18:11:07.014+0000] {logging_mixin.py:151} INFO - [2023-09-28T18:11:07.014+0000] {dagbag.py:539} INFO - Filling up the DagBag from /home/airflow/.local/lib/python3.8/site-packages/airflow/example_dags/example_branch_day_of_week_operator.py
[2023-09-28T18:11:07.024+0000] {processor.py:839} INFO - DAG(s) dict_keys(['example_weekday_branch_operator']) retrieved from /home/airflow/.local/lib/python3.8/site-packages/airflow/example_dags/example_branch_day_of_week_operator.py
[2023-09-28T18:11:07.068+0000] {logging_mixin.py:151} INFO - [2023-09-28T18:11:07.068+0000] {dag.py:2915} INFO - Sync 1 DAGs
[2023-09-28T18:11:07.094+0000] {logging_mixin.py:151} INFO - [2023-09-28T18:11:07.094+0000] {dag.py:3696} INFO - Setting next_dagrun for example_weekday_branch_operator to 2023-09-27T00:00:00+00:00, run_after=2023-09-28T00:00:00+00:00
[2023-09-28T18:11:07.109+0000] {processor.py:179} INFO - Processing /home/airflow/.local/lib/python3.8/site-packages/airflow/example_dags/example_branch_day_of_week_operator.py took 0.103 seconds
[2023-09-28T18:13:56.666+0000] {processor.py:157} INFO - Started process (PID=54) to work on /home/airflow/.local/lib/python3.8/site-packages/airflow/example_dags/example_branch_day_of_week_operator.py
[2023-09-28T18:13:56.669+0000] {processor.py:829} INFO - Processing file /home/airflow/.local/lib/python3.8/site-packages/airflow/example_dags/example_branch_day_of_week_operator.py for tasks to queue
[2023-09-28T18:13:56.673+0000] {logging_mixin.py:151} INFO - [2023-09-28T18:13:56.673+0000] {dagbag.py:539} INFO - Filling up the DagBag from /home/airflow/.local/lib/python3.8/site-packages/airflow/example_dags/example_branch_day_of_week_operator.py
[2023-09-28T18:13:56.681+0000] {processor.py:839} INFO - DAG(s) dict_keys(['example_weekday_branch_operator']) retrieved from /home/airflow/.local/lib/python3.8/site-packages/airflow/example_dags/example_branch_day_of_week_operator.py
[2023-09-28T18:13:56.751+0000] {logging_mixin.py:151} INFO - [2023-09-28T18:13:56.751+0000] {manager.py:499} INFO - Created Permission View: %s
[2023-09-28T18:13:56.766+0000] {logging_mixin.py:151} INFO - [2023-09-28T18:13:56.765+0000] {manager.py:499} INFO - Created Permission View: %s
[2023-09-28T18:13:56.774+0000] {logging_mixin.py:151} INFO - [2023-09-28T18:13:56.774+0000] {manager.py:499} INFO - Created Permission View: %s
[2023-09-28T18:13:56.775+0000] {logging_mixin.py:151} INFO - [2023-09-28T18:13:56.775+0000] {security.py:708} INFO - Not syncing DAG-level permissions for DAG 'DAG:example_weekday_branch_operator' as access control is unset.
[2023-09-28T18:13:56.776+0000] {logging_mixin.py:151} INFO - [2023-09-28T18:13:56.776+0000] {dag.py:2915} INFO - Sync 1 DAGs
[2023-09-28T18:13:56.786+0000] {logging_mixin.py:151} INFO - [2023-09-28T18:13:56.785+0000] {dag.py:2937} INFO - Creating ORM DAG for example_weekday_branch_operator
[2023-09-28T18:13:56.795+0000] {logging_mixin.py:151} INFO - [2023-09-28T18:13:56.795+0000] {dag.py:3696} INFO - Setting next_dagrun for example_weekday_branch_operator to 2023-09-27T00:00:00+00:00, run_after=2023-09-28T00:00:00+00:00
[2023-09-28T18:13:56.814+0000] {processor.py:179} INFO - Processing /home/airflow/.local/lib/python3.8/site-packages/airflow/example_dags/example_branch_day_of_week_operator.py took 0.153 seconds
[2023-09-28T18:14:26.920+0000] {processor.py:157} INFO - Started process (PID=108) to work on /home/airflow/.local/lib/python3.8/site-packages/airflow/example_dags/example_branch_day_of_week_operator.py
[2023-09-28T18:14:26.923+0000] {processor.py:829} INFO - Processing file /home/airflow/.local/lib/python3.8/site-packages/airflow/example_dags/example_branch_day_of_week_operator.py for tasks to queue
[2023-09-28T18:14:26.925+0000] {logging_mixin.py:151} INFO - [2023-09-28T18:14:26.925+0000] {dagbag.py:539} INFO - Filling up the DagBag from /home/airflow/.local/lib/python3.8/site-packages/airflow/example_dags/example_branch_day_of_week_operator.py
[2023-09-28T18:14:26.931+0000] {processor.py:839} INFO - DAG(s) dict_keys(['example_weekday_branch_operator']) retrieved from /home/airflow/.local/lib/python3.8/site-packages/airflow/example_dags/example_branch_day_of_week_operator.py
[2023-09-28T18:14:26.948+0000] {logging_mixin.py:151} INFO - [2023-09-28T18:14:26.948+0000] {dag.py:2915} INFO - Sync 1 DAGs
[2023-09-28T18:14:26.966+0000] {logging_mixin.py:151} INFO - [2023-09-28T18:14:26.966+0000] {dag.py:3696} INFO - Setting next_dagrun for example_weekday_branch_operator to 2023-09-27T00:00:00+00:00, run_after=2023-09-28T00:00:00+00:00
[2023-09-28T18:14:26.985+0000] {processor.py:179} INFO - Processing /home/airflow/.local/lib/python3.8/site-packages/airflow/example_dags/example_branch_day_of_week_operator.py took 0.067 seconds
[2023-09-28T18:14:57.683+0000] {processor.py:157} INFO - Started process (PID=162) to work on /home/airflow/.local/lib/python3.8/site-packages/airflow/example_dags/example_branch_day_of_week_operator.py
[2023-09-28T18:14:57.685+0000] {processor.py:829} INFO - Processing file /home/airflow/.local/lib/python3.8/site-packages/airflow/example_dags/example_branch_day_of_week_operator.py for tasks to queue
[2023-09-28T18:14:57.690+0000] {logging_mixin.py:151} INFO - [2023-09-28T18:14:57.689+0000] {dagbag.py:539} INFO - Filling up the DagBag from /home/airflow/.local/lib/python3.8/site-packages/airflow/example_dags/example_branch_day_of_week_operator.py
[2023-09-28T18:14:57.696+0000] {processor.py:839} INFO - DAG(s) dict_keys(['example_weekday_branch_operator']) retrieved from /home/airflow/.local/lib/python3.8/site-packages/airflow/example_dags/example_branch_day_of_week_operator.py
[2023-09-28T18:14:57.717+0000] {logging_mixin.py:151} INFO - [2023-09-28T18:14:57.717+0000] {dag.py:2915} INFO - Sync 1 DAGs
[2023-09-28T18:14:57.732+0000] {logging_mixin.py:151} INFO - [2023-09-28T18:14:57.732+0000] {dag.py:3696} INFO - Setting next_dagrun for example_weekday_branch_operator to 2023-09-27T00:00:00+00:00, run_after=2023-09-28T00:00:00+00:00
[2023-09-28T18:14:57.746+0000] {processor.py:179} INFO - Processing /home/airflow/.local/lib/python3.8/site-packages/airflow/example_dags/example_branch_day_of_week_operator.py took 0.066 seconds
[2023-09-28T18:15:28.411+0000] {processor.py:157} INFO - Started process (PID=216) to work on /home/airflow/.local/lib/python3.8/site-packages/airflow/example_dags/example_branch_day_of_week_operator.py
[2023-09-28T18:15:28.413+0000] {processor.py:829} INFO - Processing file /home/airflow/.local/lib/python3.8/site-packages/airflow/example_dags/example_branch_day_of_week_operator.py for tasks to queue
[2023-09-28T18:15:28.416+0000] {logging_mixin.py:151} INFO - [2023-09-28T18:15:28.416+0000] {dagbag.py:539} INFO - Filling up the DagBag from /home/airflow/.local/lib/python3.8/site-packages/airflow/example_dags/example_branch_day_of_week_operator.py
[2023-09-28T18:15:28.421+0000] {processor.py:839} INFO - DAG(s) dict_keys(['example_weekday_branch_operator']) retrieved from /home/airflow/.local/lib/python3.8/site-packages/airflow/example_dags/example_branch_day_of_week_operator.py
[2023-09-28T18:15:28.439+0000] {logging_mixin.py:151} INFO - [2023-09-28T18:15:28.439+0000] {dag.py:2915} INFO - Sync 1 DAGs
[2023-09-28T18:15:28.455+0000] {logging_mixin.py:151} INFO - [2023-09-28T18:15:28.454+0000] {dag.py:3696} INFO - Setting next_dagrun for example_weekday_branch_operator to 2023-09-27T00:00:00+00:00, run_after=2023-09-28T00:00:00+00:00
[2023-09-28T18:15:28.468+0000] {processor.py:179} INFO - Processing /home/airflow/.local/lib/python3.8/site-packages/airflow/example_dags/example_branch_day_of_week_operator.py took 0.059 seconds
[2023-09-28T18:15:59.135+0000] {processor.py:157} INFO - Started process (PID=270) to work on /home/airflow/.local/lib/python3.8/site-packages/airflow/example_dags/example_branch_day_of_week_operator.py
[2023-09-28T18:15:59.136+0000] {processor.py:829} INFO - Processing file /home/airflow/.local/lib/python3.8/site-packages/airflow/example_dags/example_branch_day_of_week_operator.py for tasks to queue
[2023-09-28T18:15:59.138+0000] {logging_mixin.py:151} INFO - [2023-09-28T18:15:59.138+0000] {dagbag.py:539} INFO - Filling up the DagBag from /home/airflow/.local/lib/python3.8/site-packages/airflow/example_dags/example_branch_day_of_week_operator.py
[2023-09-28T18:15:59.146+0000] {processor.py:839} INFO - DAG(s) dict_keys(['example_weekday_branch_operator']) retrieved from /home/airflow/.local/lib/python3.8/site-packages/airflow/example_dags/example_branch_day_of_week_operator.py
[2023-09-28T18:15:59.167+0000] {logging_mixin.py:151} INFO - [2023-09-28T18:15:59.167+0000] {dag.py:2915} INFO - Sync 1 DAGs
[2023-09-28T18:15:59.182+0000] {logging_mixin.py:151} INFO - [2023-09-28T18:15:59.182+0000] {dag.py:3696} INFO - Setting next_dagrun for example_weekday_branch_operator to 2023-09-27T00:00:00+00:00, run_after=2023-09-28T00:00:00+00:00
[2023-09-28T18:15:59.198+0000] {processor.py:179} INFO - Processing /home/airflow/.local/lib/python3.8/site-packages/airflow/example_dags/example_branch_day_of_week_operator.py took 0.065 seconds
[2023-09-28T18:16:29.850+0000] {processor.py:157} INFO - Started process (PID=324) to work on /home/airflow/.local/lib/python3.8/site-packages/airflow/example_dags/example_branch_day_of_week_operator.py
[2023-09-28T18:16:29.852+0000] {processor.py:829} INFO - Processing file /home/airflow/.local/lib/python3.8/site-packages/airflow/example_dags/example_branch_day_of_week_operator.py for tasks to queue
[2023-09-28T18:16:29.854+0000] {logging_mixin.py:151} INFO - [2023-09-28T18:16:29.854+0000] {dagbag.py:539} INFO - Filling up the DagBag from /home/airflow/.local/lib/python3.8/site-packages/airflow/example_dags/example_branch_day_of_week_operator.py
[2023-09-28T18:16:29.860+0000] {processor.py:839} INFO - DAG(s) dict_keys(['example_weekday_branch_operator']) retrieved from /home/airflow/.local/lib/python3.8/site-packages/airflow/example_dags/example_branch_day_of_week_operator.py
[2023-09-28T18:16:29.878+0000] {logging_mixin.py:151} INFO - [2023-09-28T18:16:29.878+0000] {dag.py:2915} INFO - Sync 1 DAGs
[2023-09-28T18:16:29.893+0000] {logging_mixin.py:151} INFO - [2023-09-28T18:16:29.893+0000] {dag.py:3696} INFO - Setting next_dagrun for example_weekday_branch_operator to 2023-09-27T00:00:00+00:00, run_after=2023-09-28T00:00:00+00:00
[2023-09-28T18:16:29.906+0000] {processor.py:179} INFO - Processing /home/airflow/.local/lib/python3.8/site-packages/airflow/example_dags/example_branch_day_of_week_operator.py took 0.058 seconds
[2023-09-28T18:17:00.639+0000] {processor.py:157} INFO - Started process (PID=378) to work on /home/airflow/.local/lib/python3.8/site-packages/airflow/example_dags/example_branch_day_of_week_operator.py
[2023-09-28T18:17:00.640+0000] {processor.py:829} INFO - Processing file /home/airflow/.local/lib/python3.8/site-packages/airflow/example_dags/example_branch_day_of_week_operator.py for tasks to queue
[2023-09-28T18:17:00.642+0000] {logging_mixin.py:151} INFO - [2023-09-28T18:17:00.642+0000] {dagbag.py:539} INFO - Filling up the DagBag from /home/airflow/.local/lib/python3.8/site-packages/airflow/example_dags/example_branch_day_of_week_operator.py
[2023-09-28T18:17:00.648+0000] {processor.py:839} INFO - DAG(s) dict_keys(['example_weekday_branch_operator']) retrieved from /home/airflow/.local/lib/python3.8/site-packages/airflow/example_dags/example_branch_day_of_week_operator.py
[2023-09-28T18:17:00.663+0000] {logging_mixin.py:151} INFO - [2023-09-28T18:17:00.663+0000] {dag.py:2915} INFO - Sync 1 DAGs
[2023-09-28T18:17:00.677+0000] {logging_mixin.py:151} INFO - [2023-09-28T18:17:00.677+0000] {dag.py:3696} INFO - Setting next_dagrun for example_weekday_branch_operator to 2023-09-27T00:00:00+00:00, run_after=2023-09-28T00:00:00+00:00
[2023-09-28T18:17:00.687+0000] {processor.py:179} INFO - Processing /home/airflow/.local/lib/python3.8/site-packages/airflow/example_dags/example_branch_day_of_week_operator.py took 0.051 seconds
[2023-09-28T18:17:31.210+0000] {processor.py:157} INFO - Started process (PID=431) to work on /home/airflow/.local/lib/python3.8/site-packages/airflow/example_dags/example_branch_day_of_week_operator.py
[2023-09-28T18:17:31.212+0000] {processor.py:829} INFO - Processing file /home/airflow/.local/lib/python3.8/site-packages/airflow/example_dags/example_branch_day_of_week_operator.py for tasks to queue
[2023-09-28T18:17:31.216+0000] {logging_mixin.py:151} INFO - [2023-09-28T18:17:31.215+0000] {dagbag.py:539} INFO - Filling up the DagBag from /home/airflow/.local/lib/python3.8/site-packages/airflow/example_dags/example_branch_day_of_week_operator.py
[2023-09-28T18:17:31.222+0000] {processor.py:839} INFO - DAG(s) dict_keys(['example_weekday_branch_operator']) retrieved from /home/airflow/.local/lib/python3.8/site-packages/airflow/example_dags/example_branch_day_of_week_operator.py
[2023-09-28T18:17:31.240+0000] {logging_mixin.py:151} INFO - [2023-09-28T18:17:31.240+0000] {dag.py:2915} INFO - Sync 1 DAGs
[2023-09-28T18:17:31.255+0000] {logging_mixin.py:151} INFO - [2023-09-28T18:17:31.255+0000] {dag.py:3696} INFO - Setting next_dagrun for example_weekday_branch_operator to 2023-09-27T00:00:00+00:00, run_after=2023-09-28T00:00:00+00:00
[2023-09-28T18:17:31.268+0000] {processor.py:179} INFO - Processing /home/airflow/.local/lib/python3.8/site-packages/airflow/example_dags/example_branch_day_of_week_operator.py took 0.060 seconds
[2023-09-28T18:18:01.962+0000] {processor.py:157} INFO - Started process (PID=486) to work on /home/airflow/.local/lib/python3.8/site-packages/airflow/example_dags/example_branch_day_of_week_operator.py
[2023-09-28T18:18:01.964+0000] {processor.py:829} INFO - Processing file /home/airflow/.local/lib/python3.8/site-packages/airflow/example_dags/example_branch_day_of_week_operator.py for tasks to queue
[2023-09-28T18:18:01.967+0000] {logging_mixin.py:151} INFO - [2023-09-28T18:18:01.966+0000] {dagbag.py:539} INFO - Filling up the DagBag from /home/airflow/.local/lib/python3.8/site-packages/airflow/example_dags/example_branch_day_of_week_operator.py
[2023-09-28T18:18:01.972+0000] {processor.py:839} INFO - DAG(s) dict_keys(['example_weekday_branch_operator']) retrieved from /home/airflow/.local/lib/python3.8/site-packages/airflow/example_dags/example_branch_day_of_week_operator.py
[2023-09-28T18:18:01.987+0000] {logging_mixin.py:151} INFO - [2023-09-28T18:18:01.987+0000] {dag.py:2915} INFO - Sync 1 DAGs
[2023-09-28T18:18:02.003+0000] {logging_mixin.py:151} INFO - [2023-09-28T18:18:02.002+0000] {dag.py:3696} INFO - Setting next_dagrun for example_weekday_branch_operator to 2023-09-27T00:00:00+00:00, run_after=2023-09-28T00:00:00+00:00
[2023-09-28T18:18:02.015+0000] {processor.py:179} INFO - Processing /home/airflow/.local/lib/python3.8/site-packages/airflow/example_dags/example_branch_day_of_week_operator.py took 0.055 seconds
[2023-09-28T18:18:32.697+0000] {processor.py:157} INFO - Started process (PID=540) to work on /home/airflow/.local/lib/python3.8/site-packages/airflow/example_dags/example_branch_day_of_week_operator.py
[2023-09-28T18:18:32.699+0000] {processor.py:829} INFO - Processing file /home/airflow/.local/lib/python3.8/site-packages/airflow/example_dags/example_branch_day_of_week_operator.py for tasks to queue
[2023-09-28T18:18:32.702+0000] {logging_mixin.py:151} INFO - [2023-09-28T18:18:32.702+0000] {dagbag.py:539} INFO - Filling up the DagBag from /home/airflow/.local/lib/python3.8/site-packages/airflow/example_dags/example_branch_day_of_week_operator.py
[2023-09-28T18:18:32.709+0000] {processor.py:839} INFO - DAG(s) dict_keys(['example_weekday_branch_operator']) retrieved from /home/airflow/.local/lib/python3.8/site-packages/airflow/example_dags/example_branch_day_of_week_operator.py
[2023-09-28T18:18:32.726+0000] {logging_mixin.py:151} INFO - [2023-09-28T18:18:32.726+0000] {dag.py:2915} INFO - Sync 1 DAGs
[2023-09-28T18:18:32.740+0000] {logging_mixin.py:151} INFO - [2023-09-28T18:18:32.740+0000] {dag.py:3696} INFO - Setting next_dagrun for example_weekday_branch_operator to 2023-09-27T00:00:00+00:00, run_after=2023-09-28T00:00:00+00:00
[2023-09-28T18:18:32.754+0000] {processor.py:179} INFO - Processing /home/airflow/.local/lib/python3.8/site-packages/airflow/example_dags/example_branch_day_of_week_operator.py took 0.060 seconds
[2023-09-28T18:19:03.589+0000] {processor.py:157} INFO - Started process (PID=595) to work on /home/airflow/.local/lib/python3.8/site-packages/airflow/example_dags/example_branch_day_of_week_operator.py
[2023-09-28T18:19:03.593+0000] {processor.py:829} INFO - Processing file /home/airflow/.local/lib/python3.8/site-packages/airflow/example_dags/example_branch_day_of_week_operator.py for tasks to queue
[2023-09-28T18:19:03.595+0000] {logging_mixin.py:151} INFO - [2023-09-28T18:19:03.595+0000] {dagbag.py:539} INFO - Filling up the DagBag from /home/airflow/.local/lib/python3.8/site-packages/airflow/example_dags/example_branch_day_of_week_operator.py
[2023-09-28T18:19:03.601+0000] {processor.py:839} INFO - DAG(s) dict_keys(['example_weekday_branch_operator']) retrieved from /home/airflow/.local/lib/python3.8/site-packages/airflow/example_dags/example_branch_day_of_week_operator.py
[2023-09-28T18:19:03.619+0000] {logging_mixin.py:151} INFO - [2023-09-28T18:19:03.619+0000] {dag.py:2915} INFO - Sync 1 DAGs
[2023-09-28T18:19:03.635+0000] {logging_mixin.py:151} INFO - [2023-09-28T18:19:03.635+0000] {dag.py:3696} INFO - Setting next_dagrun for example_weekday_branch_operator to 2023-09-27T00:00:00+00:00, run_after=2023-09-28T00:00:00+00:00
[2023-09-28T18:19:03.648+0000] {processor.py:179} INFO - Processing /home/airflow/.local/lib/python3.8/site-packages/airflow/example_dags/example_branch_day_of_week_operator.py took 0.061 seconds
[2023-09-28T18:19:34.320+0000] {processor.py:157} INFO - Started process (PID=649) to work on /home/airflow/.local/lib/python3.8/site-packages/airflow/example_dags/example_branch_day_of_week_operator.py
[2023-09-28T18:19:34.322+0000] {processor.py:829} INFO - Processing file /home/airflow/.local/lib/python3.8/site-packages/airflow/example_dags/example_branch_day_of_week_operator.py for tasks to queue
[2023-09-28T18:19:34.325+0000] {logging_mixin.py:151} INFO - [2023-09-28T18:19:34.324+0000] {dagbag.py:539} INFO - Filling up the DagBag from /home/airflow/.local/lib/python3.8/site-packages/airflow/example_dags/example_branch_day_of_week_operator.py
[2023-09-28T18:19:34.333+0000] {processor.py:839} INFO - DAG(s) dict_keys(['example_weekday_branch_operator']) retrieved from /home/airflow/.local/lib/python3.8/site-packages/airflow/example_dags/example_branch_day_of_week_operator.py
[2023-09-28T18:19:34.353+0000] {logging_mixin.py:151} INFO - [2023-09-28T18:19:34.353+0000] {dag.py:2915} INFO - Sync 1 DAGs
[2023-09-28T18:19:34.370+0000] {logging_mixin.py:151} INFO - [2023-09-28T18:19:34.370+0000] {dag.py:3696} INFO - Setting next_dagrun for example_weekday_branch_operator to 2023-09-27T00:00:00+00:00, run_after=2023-09-28T00:00:00+00:00
[2023-09-28T18:19:34.383+0000] {processor.py:179} INFO - Processing /home/airflow/.local/lib/python3.8/site-packages/airflow/example_dags/example_branch_day_of_week_operator.py took 0.065 seconds
[2023-09-28T18:20:05.017+0000] {processor.py:157} INFO - Started process (PID=703) to work on /home/airflow/.local/lib/python3.8/site-packages/airflow/example_dags/example_branch_day_of_week_operator.py
[2023-09-28T18:20:05.018+0000] {processor.py:829} INFO - Processing file /home/airflow/.local/lib/python3.8/site-packages/airflow/example_dags/example_branch_day_of_week_operator.py for tasks to queue
[2023-09-28T18:20:05.024+0000] {logging_mixin.py:151} INFO - [2023-09-28T18:20:05.023+0000] {dagbag.py:539} INFO - Filling up the DagBag from /home/airflow/.local/lib/python3.8/site-packages/airflow/example_dags/example_branch_day_of_week_operator.py
[2023-09-28T18:20:05.031+0000] {processor.py:839} INFO - DAG(s) dict_keys(['example_weekday_branch_operator']) retrieved from /home/airflow/.local/lib/python3.8/site-packages/airflow/example_dags/example_branch_day_of_week_operator.py
[2023-09-28T18:20:05.052+0000] {logging_mixin.py:151} INFO - [2023-09-28T18:20:05.052+0000] {dag.py:2915} INFO - Sync 1 DAGs
[2023-09-28T18:20:05.068+0000] {logging_mixin.py:151} INFO - [2023-09-28T18:20:05.068+0000] {dag.py:3696} INFO - Setting next_dagrun for example_weekday_branch_operator to 2023-09-27T00:00:00+00:00, run_after=2023-09-28T00:00:00+00:00
[2023-09-28T18:20:05.082+0000] {processor.py:179} INFO - Processing /home/airflow/.local/lib/python3.8/site-packages/airflow/example_dags/example_branch_day_of_week_operator.py took 0.067 seconds
[2023-09-28T18:20:35.638+0000] {processor.py:157} INFO - Started process (PID=756) to work on /home/airflow/.local/lib/python3.8/site-packages/airflow/example_dags/example_branch_day_of_week_operator.py
[2023-09-28T18:20:35.643+0000] {processor.py:829} INFO - Processing file /home/airflow/.local/lib/python3.8/site-packages/airflow/example_dags/example_branch_day_of_week_operator.py for tasks to queue
[2023-09-28T18:20:35.647+0000] {logging_mixin.py:151} INFO - [2023-09-28T18:20:35.646+0000] {dagbag.py:539} INFO - Filling up the DagBag from /home/airflow/.local/lib/python3.8/site-packages/airflow/example_dags/example_branch_day_of_week_operator.py
[2023-09-28T18:20:35.656+0000] {processor.py:839} INFO - DAG(s) dict_keys(['example_weekday_branch_operator']) retrieved from /home/airflow/.local/lib/python3.8/site-packages/airflow/example_dags/example_branch_day_of_week_operator.py
[2023-09-28T18:20:35.673+0000] {logging_mixin.py:151} INFO - [2023-09-28T18:20:35.673+0000] {dag.py:2915} INFO - Sync 1 DAGs
[2023-09-28T18:20:35.689+0000] {logging_mixin.py:151} INFO - [2023-09-28T18:20:35.689+0000] {dag.py:3696} INFO - Setting next_dagrun for example_weekday_branch_operator to 2023-09-27T00:00:00+00:00, run_after=2023-09-28T00:00:00+00:00
[2023-09-28T18:20:35.704+0000] {processor.py:179} INFO - Processing /home/airflow/.local/lib/python3.8/site-packages/airflow/example_dags/example_branch_day_of_week_operator.py took 0.069 seconds
[2023-09-28T18:21:06.344+0000] {processor.py:157} INFO - Started process (PID=810) to work on /home/airflow/.local/lib/python3.8/site-packages/airflow/example_dags/example_branch_day_of_week_operator.py
[2023-09-28T18:21:06.346+0000] {processor.py:829} INFO - Processing file /home/airflow/.local/lib/python3.8/site-packages/airflow/example_dags/example_branch_day_of_week_operator.py for tasks to queue
[2023-09-28T18:21:06.348+0000] {logging_mixin.py:151} INFO - [2023-09-28T18:21:06.348+0000] {dagbag.py:539} INFO - Filling up the DagBag from /home/airflow/.local/lib/python3.8/site-packages/airflow/example_dags/example_branch_day_of_week_operator.py
[2023-09-28T18:21:06.355+0000] {processor.py:839} INFO - DAG(s) dict_keys(['example_weekday_branch_operator']) retrieved from /home/airflow/.local/lib/python3.8/site-packages/airflow/example_dags/example_branch_day_of_week_operator.py
[2023-09-28T18:21:06.373+0000] {logging_mixin.py:151} INFO - [2023-09-28T18:21:06.373+0000] {dag.py:2915} INFO - Sync 1 DAGs
[2023-09-28T18:21:06.390+0000] {logging_mixin.py:151} INFO - [2023-09-28T18:21:06.390+0000] {dag.py:3696} INFO - Setting next_dagrun for example_weekday_branch_operator to 2023-09-27T00:00:00+00:00, run_after=2023-09-28T00:00:00+00:00
[2023-09-28T18:21:06.403+0000] {processor.py:179} INFO - Processing /home/airflow/.local/lib/python3.8/site-packages/airflow/example_dags/example_branch_day_of_week_operator.py took 0.062 seconds
[2023-09-28T18:21:37.407+0000] {processor.py:157} INFO - Started process (PID=864) to work on /home/airflow/.local/lib/python3.8/site-packages/airflow/example_dags/example_branch_day_of_week_operator.py
[2023-09-28T18:21:37.409+0000] {processor.py:829} INFO - Processing file /home/airflow/.local/lib/python3.8/site-packages/airflow/example_dags/example_branch_day_of_week_operator.py for tasks to queue
[2023-09-28T18:21:37.412+0000] {logging_mixin.py:151} INFO - [2023-09-28T18:21:37.411+0000] {dagbag.py:539} INFO - Filling up the DagBag from /home/airflow/.local/lib/python3.8/site-packages/airflow/example_dags/example_branch_day_of_week_operator.py
[2023-09-28T18:21:37.418+0000] {processor.py:839} INFO - DAG(s) dict_keys(['example_weekday_branch_operator']) retrieved from /home/airflow/.local/lib/python3.8/site-packages/airflow/example_dags/example_branch_day_of_week_operator.py
[2023-09-28T18:21:37.437+0000] {logging_mixin.py:151} INFO - [2023-09-28T18:21:37.437+0000] {dag.py:2915} INFO - Sync 1 DAGs
[2023-09-28T18:21:37.452+0000] {logging_mixin.py:151} INFO - [2023-09-28T18:21:37.452+0000] {dag.py:3696} INFO - Setting next_dagrun for example_weekday_branch_operator to 2023-09-27T00:00:00+00:00, run_after=2023-09-28T00:00:00+00:00
[2023-09-28T18:21:37.467+0000] {processor.py:179} INFO - Processing /home/airflow/.local/lib/python3.8/site-packages/airflow/example_dags/example_branch_day_of_week_operator.py took 0.062 seconds
[2023-09-28T18:22:08.086+0000] {processor.py:157} INFO - Started process (PID=918) to work on /home/airflow/.local/lib/python3.8/site-packages/airflow/example_dags/example_branch_day_of_week_operator.py
[2023-09-28T18:22:08.088+0000] {processor.py:829} INFO - Processing file /home/airflow/.local/lib/python3.8/site-packages/airflow/example_dags/example_branch_day_of_week_operator.py for tasks to queue
[2023-09-28T18:22:08.090+0000] {logging_mixin.py:151} INFO - [2023-09-28T18:22:08.090+0000] {dagbag.py:539} INFO - Filling up the DagBag from /home/airflow/.local/lib/python3.8/site-packages/airflow/example_dags/example_branch_day_of_week_operator.py
[2023-09-28T18:22:08.096+0000] {processor.py:839} INFO - DAG(s) dict_keys(['example_weekday_branch_operator']) retrieved from /home/airflow/.local/lib/python3.8/site-packages/airflow/example_dags/example_branch_day_of_week_operator.py
[2023-09-28T18:22:08.112+0000] {logging_mixin.py:151} INFO - [2023-09-28T18:22:08.112+0000] {dag.py:2915} INFO - Sync 1 DAGs
[2023-09-28T18:22:08.126+0000] {logging_mixin.py:151} INFO - [2023-09-28T18:22:08.126+0000] {dag.py:3696} INFO - Setting next_dagrun for example_weekday_branch_operator to 2023-09-27T00:00:00+00:00, run_after=2023-09-28T00:00:00+00:00
[2023-09-28T18:22:08.138+0000] {processor.py:179} INFO - Processing /home/airflow/.local/lib/python3.8/site-packages/airflow/example_dags/example_branch_day_of_week_operator.py took 0.054 seconds
[2023-09-28T18:22:38.926+0000] {processor.py:157} INFO - Started process (PID=971) to work on /home/airflow/.local/lib/python3.8/site-packages/airflow/example_dags/example_branch_day_of_week_operator.py
[2023-09-28T18:22:38.928+0000] {processor.py:829} INFO - Processing file /home/airflow/.local/lib/python3.8/site-packages/airflow/example_dags/example_branch_day_of_week_operator.py for tasks to queue
[2023-09-28T18:22:38.930+0000] {logging_mixin.py:151} INFO - [2023-09-28T18:22:38.930+0000] {dagbag.py:539} INFO - Filling up the DagBag from /home/airflow/.local/lib/python3.8/site-packages/airflow/example_dags/example_branch_day_of_week_operator.py
[2023-09-28T18:22:38.936+0000] {processor.py:839} INFO - DAG(s) dict_keys(['example_weekday_branch_operator']) retrieved from /home/airflow/.local/lib/python3.8/site-packages/airflow/example_dags/example_branch_day_of_week_operator.py
[2023-09-28T18:22:38.955+0000] {logging_mixin.py:151} INFO - [2023-09-28T18:22:38.955+0000] {dag.py:2915} INFO - Sync 1 DAGs
[2023-09-28T18:22:38.969+0000] {logging_mixin.py:151} INFO - [2023-09-28T18:22:38.969+0000] {dag.py:3696} INFO - Setting next_dagrun for example_weekday_branch_operator to 2023-09-27T00:00:00+00:00, run_after=2023-09-28T00:00:00+00:00
[2023-09-28T18:22:38.982+0000] {processor.py:179} INFO - Processing /home/airflow/.local/lib/python3.8/site-packages/airflow/example_dags/example_branch_day_of_week_operator.py took 0.059 seconds
[2023-09-28T18:23:09.879+0000] {processor.py:157} INFO - Started process (PID=1024) to work on /home/airflow/.local/lib/python3.8/site-packages/airflow/example_dags/example_branch_day_of_week_operator.py
[2023-09-28T18:23:09.882+0000] {processor.py:829} INFO - Processing file /home/airflow/.local/lib/python3.8/site-packages/airflow/example_dags/example_branch_day_of_week_operator.py for tasks to queue
[2023-09-28T18:23:09.887+0000] {logging_mixin.py:151} INFO - [2023-09-28T18:23:09.887+0000] {dagbag.py:539} INFO - Filling up the DagBag from /home/airflow/.local/lib/python3.8/site-packages/airflow/example_dags/example_branch_day_of_week_operator.py
[2023-09-28T18:23:09.897+0000] {processor.py:839} INFO - DAG(s) dict_keys(['example_weekday_branch_operator']) retrieved from /home/airflow/.local/lib/python3.8/site-packages/airflow/example_dags/example_branch_day_of_week_operator.py
[2023-09-28T18:23:09.917+0000] {logging_mixin.py:151} INFO - [2023-09-28T18:23:09.917+0000] {dag.py:2915} INFO - Sync 1 DAGs
[2023-09-28T18:23:09.935+0000] {logging_mixin.py:151} INFO - [2023-09-28T18:23:09.934+0000] {dag.py:3696} INFO - Setting next_dagrun for example_weekday_branch_operator to 2023-09-27T00:00:00+00:00, run_after=2023-09-28T00:00:00+00:00
[2023-09-28T18:23:09.950+0000] {processor.py:179} INFO - Processing /home/airflow/.local/lib/python3.8/site-packages/airflow/example_dags/example_branch_day_of_week_operator.py took 0.073 seconds
[2023-09-28T18:23:40.908+0000] {processor.py:157} INFO - Started process (PID=1078) to work on /home/airflow/.local/lib/python3.8/site-packages/airflow/example_dags/example_branch_day_of_week_operator.py
[2023-09-28T18:23:40.910+0000] {processor.py:829} INFO - Processing file /home/airflow/.local/lib/python3.8/site-packages/airflow/example_dags/example_branch_day_of_week_operator.py for tasks to queue
[2023-09-28T18:23:40.912+0000] {logging_mixin.py:151} INFO - [2023-09-28T18:23:40.912+0000] {dagbag.py:539} INFO - Filling up the DagBag from /home/airflow/.local/lib/python3.8/site-packages/airflow/example_dags/example_branch_day_of_week_operator.py
[2023-09-28T18:23:40.919+0000] {processor.py:839} INFO - DAG(s) dict_keys(['example_weekday_branch_operator']) retrieved from /home/airflow/.local/lib/python3.8/site-packages/airflow/example_dags/example_branch_day_of_week_operator.py
[2023-09-28T18:23:40.936+0000] {logging_mixin.py:151} INFO - [2023-09-28T18:23:40.936+0000] {dag.py:2915} INFO - Sync 1 DAGs
[2023-09-28T18:23:40.950+0000] {logging_mixin.py:151} INFO - [2023-09-28T18:23:40.949+0000] {dag.py:3696} INFO - Setting next_dagrun for example_weekday_branch_operator to 2023-09-27T00:00:00+00:00, run_after=2023-09-28T00:00:00+00:00
[2023-09-28T18:23:40.960+0000] {processor.py:179} INFO - Processing /home/airflow/.local/lib/python3.8/site-packages/airflow/example_dags/example_branch_day_of_week_operator.py took 0.055 seconds
[2023-09-28T18:34:43.915+0000] {processor.py:157} INFO - Started process (PID=55) to work on /home/airflow/.local/lib/python3.8/site-packages/airflow/example_dags/example_branch_day_of_week_operator.py
[2023-09-28T18:34:43.924+0000] {processor.py:829} INFO - Processing file /home/airflow/.local/lib/python3.8/site-packages/airflow/example_dags/example_branch_day_of_week_operator.py for tasks to queue
[2023-09-28T18:34:43.933+0000] {logging_mixin.py:151} INFO - [2023-09-28T18:34:43.933+0000] {dagbag.py:539} INFO - Filling up the DagBag from /home/airflow/.local/lib/python3.8/site-packages/airflow/example_dags/example_branch_day_of_week_operator.py
[2023-09-28T18:34:43.945+0000] {processor.py:839} INFO - DAG(s) dict_keys(['example_weekday_branch_operator']) retrieved from /home/airflow/.local/lib/python3.8/site-packages/airflow/example_dags/example_branch_day_of_week_operator.py
[2023-09-28T18:34:43.984+0000] {logging_mixin.py:151} INFO - [2023-09-28T18:34:43.984+0000] {dag.py:2915} INFO - Sync 1 DAGs
[2023-09-28T18:34:44.036+0000] {logging_mixin.py:151} INFO - [2023-09-28T18:34:44.035+0000] {dag.py:3696} INFO - Setting next_dagrun for example_weekday_branch_operator to 2023-09-27T00:00:00+00:00, run_after=2023-09-28T00:00:00+00:00
[2023-09-28T18:34:44.069+0000] {processor.py:179} INFO - Processing /home/airflow/.local/lib/python3.8/site-packages/airflow/example_dags/example_branch_day_of_week_operator.py took 0.159 seconds
[2023-09-28T18:35:14.906+0000] {processor.py:157} INFO - Started process (PID=109) to work on /home/airflow/.local/lib/python3.8/site-packages/airflow/example_dags/example_branch_day_of_week_operator.py
[2023-09-28T18:35:14.909+0000] {processor.py:829} INFO - Processing file /home/airflow/.local/lib/python3.8/site-packages/airflow/example_dags/example_branch_day_of_week_operator.py for tasks to queue
[2023-09-28T18:35:14.911+0000] {logging_mixin.py:151} INFO - [2023-09-28T18:35:14.911+0000] {dagbag.py:539} INFO - Filling up the DagBag from /home/airflow/.local/lib/python3.8/site-packages/airflow/example_dags/example_branch_day_of_week_operator.py
[2023-09-28T18:35:14.919+0000] {processor.py:839} INFO - DAG(s) dict_keys(['example_weekday_branch_operator']) retrieved from /home/airflow/.local/lib/python3.8/site-packages/airflow/example_dags/example_branch_day_of_week_operator.py
[2023-09-28T18:35:14.939+0000] {logging_mixin.py:151} INFO - [2023-09-28T18:35:14.939+0000] {dag.py:2915} INFO - Sync 1 DAGs
[2023-09-28T18:35:14.954+0000] {logging_mixin.py:151} INFO - [2023-09-28T18:35:14.953+0000] {dag.py:3696} INFO - Setting next_dagrun for example_weekday_branch_operator to 2023-09-27T00:00:00+00:00, run_after=2023-09-28T00:00:00+00:00
[2023-09-28T18:35:14.970+0000] {processor.py:179} INFO - Processing /home/airflow/.local/lib/python3.8/site-packages/airflow/example_dags/example_branch_day_of_week_operator.py took 0.067 seconds
[2023-09-28T18:35:45.305+0000] {processor.py:157} INFO - Started process (PID=163) to work on /home/airflow/.local/lib/python3.8/site-packages/airflow/example_dags/example_branch_day_of_week_operator.py
[2023-09-28T18:35:45.307+0000] {processor.py:829} INFO - Processing file /home/airflow/.local/lib/python3.8/site-packages/airflow/example_dags/example_branch_day_of_week_operator.py for tasks to queue
[2023-09-28T18:35:45.309+0000] {logging_mixin.py:151} INFO - [2023-09-28T18:35:45.309+0000] {dagbag.py:539} INFO - Filling up the DagBag from /home/airflow/.local/lib/python3.8/site-packages/airflow/example_dags/example_branch_day_of_week_operator.py
[2023-09-28T18:35:45.317+0000] {processor.py:839} INFO - DAG(s) dict_keys(['example_weekday_branch_operator']) retrieved from /home/airflow/.local/lib/python3.8/site-packages/airflow/example_dags/example_branch_day_of_week_operator.py
[2023-09-28T18:35:45.336+0000] {logging_mixin.py:151} INFO - [2023-09-28T18:35:45.336+0000] {dag.py:2915} INFO - Sync 1 DAGs
[2023-09-28T18:35:45.350+0000] {logging_mixin.py:151} INFO - [2023-09-28T18:35:45.350+0000] {dag.py:3696} INFO - Setting next_dagrun for example_weekday_branch_operator to 2023-09-27T00:00:00+00:00, run_after=2023-09-28T00:00:00+00:00
[2023-09-28T18:35:45.362+0000] {processor.py:179} INFO - Processing /home/airflow/.local/lib/python3.8/site-packages/airflow/example_dags/example_branch_day_of_week_operator.py took 0.060 seconds
[2023-09-28T18:36:16.312+0000] {processor.py:157} INFO - Started process (PID=217) to work on /home/airflow/.local/lib/python3.8/site-packages/airflow/example_dags/example_branch_day_of_week_operator.py
[2023-09-28T18:36:16.314+0000] {processor.py:829} INFO - Processing file /home/airflow/.local/lib/python3.8/site-packages/airflow/example_dags/example_branch_day_of_week_operator.py for tasks to queue
[2023-09-28T18:36:16.317+0000] {logging_mixin.py:151} INFO - [2023-09-28T18:36:16.317+0000] {dagbag.py:539} INFO - Filling up the DagBag from /home/airflow/.local/lib/python3.8/site-packages/airflow/example_dags/example_branch_day_of_week_operator.py
[2023-09-28T18:36:16.325+0000] {processor.py:839} INFO - DAG(s) dict_keys(['example_weekday_branch_operator']) retrieved from /home/airflow/.local/lib/python3.8/site-packages/airflow/example_dags/example_branch_day_of_week_operator.py
[2023-09-28T18:36:16.343+0000] {logging_mixin.py:151} INFO - [2023-09-28T18:36:16.343+0000] {dag.py:2915} INFO - Sync 1 DAGs
[2023-09-28T18:36:16.357+0000] {logging_mixin.py:151} INFO - [2023-09-28T18:36:16.357+0000] {dag.py:3696} INFO - Setting next_dagrun for example_weekday_branch_operator to 2023-09-27T00:00:00+00:00, run_after=2023-09-28T00:00:00+00:00
[2023-09-28T18:36:16.370+0000] {processor.py:179} INFO - Processing /home/airflow/.local/lib/python3.8/site-packages/airflow/example_dags/example_branch_day_of_week_operator.py took 0.061 seconds
