[2023-09-28T18:05:29.680+0000] {processor.py:157} INFO - Started process (PID=66) to work on /home/airflow/.local/lib/python3.8/site-packages/airflow/example_dags/example_xcom.py
[2023-09-28T18:05:29.683+0000] {processor.py:829} INFO - Processing file /home/airflow/.local/lib/python3.8/site-packages/airflow/example_dags/example_xcom.py for tasks to queue
[2023-09-28T18:05:29.688+0000] {logging_mixin.py:151} INFO - [2023-09-28T18:05:29.688+0000] {dagbag.py:539} INFO - Filling up the DagBag from /home/airflow/.local/lib/python3.8/site-packages/airflow/example_dags/example_xcom.py
[2023-09-28T18:05:29.700+0000] {processor.py:839} INFO - DAG(s) dict_keys(['example_xcom']) retrieved from /home/airflow/.local/lib/python3.8/site-packages/airflow/example_dags/example_xcom.py
[2023-09-28T18:05:29.725+0000] {logging_mixin.py:151} INFO - [2023-09-28T18:05:29.725+0000] {dag.py:2915} INFO - Sync 1 DAGs
[2023-09-28T18:05:29.747+0000] {logging_mixin.py:151} INFO - [2023-09-28T18:05:29.746+0000] {dag.py:3696} INFO - Setting next_dagrun for example_xcom to 2021-01-01T00:00:00+00:00, run_after=2021-01-01T00:00:00+00:00
[2023-09-28T18:05:29.766+0000] {processor.py:179} INFO - Processing /home/airflow/.local/lib/python3.8/site-packages/airflow/example_dags/example_xcom.py took 0.091 seconds
[2023-09-28T18:06:00.330+0000] {processor.py:157} INFO - Started process (PID=119) to work on /home/airflow/.local/lib/python3.8/site-packages/airflow/example_dags/example_xcom.py
[2023-09-28T18:06:00.335+0000] {processor.py:829} INFO - Processing file /home/airflow/.local/lib/python3.8/site-packages/airflow/example_dags/example_xcom.py for tasks to queue
[2023-09-28T18:06:00.337+0000] {logging_mixin.py:151} INFO - [2023-09-28T18:06:00.337+0000] {dagbag.py:539} INFO - Filling up the DagBag from /home/airflow/.local/lib/python3.8/site-packages/airflow/example_dags/example_xcom.py
[2023-09-28T18:06:00.343+0000] {processor.py:839} INFO - DAG(s) dict_keys(['example_xcom']) retrieved from /home/airflow/.local/lib/python3.8/site-packages/airflow/example_dags/example_xcom.py
[2023-09-28T18:06:00.360+0000] {logging_mixin.py:151} INFO - [2023-09-28T18:06:00.360+0000] {dag.py:2915} INFO - Sync 1 DAGs
[2023-09-28T18:06:00.380+0000] {logging_mixin.py:151} INFO - [2023-09-28T18:06:00.380+0000] {dag.py:3696} INFO - Setting next_dagrun for example_xcom to 2021-01-01T00:00:00+00:00, run_after=2021-01-01T00:00:00+00:00
[2023-09-28T18:06:00.394+0000] {processor.py:179} INFO - Processing /home/airflow/.local/lib/python3.8/site-packages/airflow/example_dags/example_xcom.py took 0.067 seconds
[2023-09-28T18:06:31.207+0000] {processor.py:157} INFO - Started process (PID=173) to work on /home/airflow/.local/lib/python3.8/site-packages/airflow/example_dags/example_xcom.py
[2023-09-28T18:06:31.209+0000] {processor.py:829} INFO - Processing file /home/airflow/.local/lib/python3.8/site-packages/airflow/example_dags/example_xcom.py for tasks to queue
[2023-09-28T18:06:31.211+0000] {logging_mixin.py:151} INFO - [2023-09-28T18:06:31.211+0000] {dagbag.py:539} INFO - Filling up the DagBag from /home/airflow/.local/lib/python3.8/site-packages/airflow/example_dags/example_xcom.py
[2023-09-28T18:06:31.217+0000] {processor.py:839} INFO - DAG(s) dict_keys(['example_xcom']) retrieved from /home/airflow/.local/lib/python3.8/site-packages/airflow/example_dags/example_xcom.py
[2023-09-28T18:06:31.234+0000] {logging_mixin.py:151} INFO - [2023-09-28T18:06:31.234+0000] {dag.py:2915} INFO - Sync 1 DAGs
[2023-09-28T18:06:31.246+0000] {logging_mixin.py:151} INFO - [2023-09-28T18:06:31.246+0000] {dag.py:3696} INFO - Setting next_dagrun for example_xcom to 2021-01-01T00:00:00+00:00, run_after=2021-01-01T00:00:00+00:00
[2023-09-28T18:06:31.259+0000] {processor.py:179} INFO - Processing /home/airflow/.local/lib/python3.8/site-packages/airflow/example_dags/example_xcom.py took 0.055 seconds
[2023-09-28T18:07:01.387+0000] {processor.py:157} INFO - Started process (PID=227) to work on /home/airflow/.local/lib/python3.8/site-packages/airflow/example_dags/example_xcom.py
[2023-09-28T18:07:01.389+0000] {processor.py:829} INFO - Processing file /home/airflow/.local/lib/python3.8/site-packages/airflow/example_dags/example_xcom.py for tasks to queue
[2023-09-28T18:07:01.392+0000] {logging_mixin.py:151} INFO - [2023-09-28T18:07:01.392+0000] {dagbag.py:539} INFO - Filling up the DagBag from /home/airflow/.local/lib/python3.8/site-packages/airflow/example_dags/example_xcom.py
[2023-09-28T18:07:01.399+0000] {processor.py:839} INFO - DAG(s) dict_keys(['example_xcom']) retrieved from /home/airflow/.local/lib/python3.8/site-packages/airflow/example_dags/example_xcom.py
[2023-09-28T18:07:01.417+0000] {logging_mixin.py:151} INFO - [2023-09-28T18:07:01.417+0000] {dag.py:2915} INFO - Sync 1 DAGs
[2023-09-28T18:07:01.435+0000] {logging_mixin.py:151} INFO - [2023-09-28T18:07:01.435+0000] {dag.py:3696} INFO - Setting next_dagrun for example_xcom to 2021-01-01T00:00:00+00:00, run_after=2021-01-01T00:00:00+00:00
[2023-09-28T18:07:01.448+0000] {processor.py:179} INFO - Processing /home/airflow/.local/lib/python3.8/site-packages/airflow/example_dags/example_xcom.py took 0.063 seconds
[2023-09-28T18:07:32.162+0000] {processor.py:157} INFO - Started process (PID=281) to work on /home/airflow/.local/lib/python3.8/site-packages/airflow/example_dags/example_xcom.py
[2023-09-28T18:07:32.164+0000] {processor.py:829} INFO - Processing file /home/airflow/.local/lib/python3.8/site-packages/airflow/example_dags/example_xcom.py for tasks to queue
[2023-09-28T18:07:32.165+0000] {logging_mixin.py:151} INFO - [2023-09-28T18:07:32.165+0000] {dagbag.py:539} INFO - Filling up the DagBag from /home/airflow/.local/lib/python3.8/site-packages/airflow/example_dags/example_xcom.py
[2023-09-28T18:07:32.171+0000] {processor.py:839} INFO - DAG(s) dict_keys(['example_xcom']) retrieved from /home/airflow/.local/lib/python3.8/site-packages/airflow/example_dags/example_xcom.py
[2023-09-28T18:07:32.187+0000] {logging_mixin.py:151} INFO - [2023-09-28T18:07:32.186+0000] {dag.py:2915} INFO - Sync 1 DAGs
[2023-09-28T18:07:32.203+0000] {logging_mixin.py:151} INFO - [2023-09-28T18:07:32.203+0000] {dag.py:3696} INFO - Setting next_dagrun for example_xcom to 2021-01-01T00:00:00+00:00, run_after=2021-01-01T00:00:00+00:00
[2023-09-28T18:07:32.217+0000] {processor.py:179} INFO - Processing /home/airflow/.local/lib/python3.8/site-packages/airflow/example_dags/example_xcom.py took 0.058 seconds
[2023-09-28T18:08:03.052+0000] {processor.py:157} INFO - Started process (PID=335) to work on /home/airflow/.local/lib/python3.8/site-packages/airflow/example_dags/example_xcom.py
[2023-09-28T18:08:03.053+0000] {processor.py:829} INFO - Processing file /home/airflow/.local/lib/python3.8/site-packages/airflow/example_dags/example_xcom.py for tasks to queue
[2023-09-28T18:08:03.055+0000] {logging_mixin.py:151} INFO - [2023-09-28T18:08:03.055+0000] {dagbag.py:539} INFO - Filling up the DagBag from /home/airflow/.local/lib/python3.8/site-packages/airflow/example_dags/example_xcom.py
[2023-09-28T18:08:03.061+0000] {processor.py:839} INFO - DAG(s) dict_keys(['example_xcom']) retrieved from /home/airflow/.local/lib/python3.8/site-packages/airflow/example_dags/example_xcom.py
[2023-09-28T18:08:03.076+0000] {logging_mixin.py:151} INFO - [2023-09-28T18:08:03.076+0000] {dag.py:2915} INFO - Sync 1 DAGs
[2023-09-28T18:08:03.089+0000] {logging_mixin.py:151} INFO - [2023-09-28T18:08:03.089+0000] {dag.py:3696} INFO - Setting next_dagrun for example_xcom to 2021-01-01T00:00:00+00:00, run_after=2021-01-01T00:00:00+00:00
[2023-09-28T18:08:03.106+0000] {processor.py:179} INFO - Processing /home/airflow/.local/lib/python3.8/site-packages/airflow/example_dags/example_xcom.py took 0.057 seconds
[2023-09-28T18:08:33.200+0000] {processor.py:157} INFO - Started process (PID=389) to work on /home/airflow/.local/lib/python3.8/site-packages/airflow/example_dags/example_xcom.py
[2023-09-28T18:08:33.202+0000] {processor.py:829} INFO - Processing file /home/airflow/.local/lib/python3.8/site-packages/airflow/example_dags/example_xcom.py for tasks to queue
[2023-09-28T18:08:33.204+0000] {logging_mixin.py:151} INFO - [2023-09-28T18:08:33.204+0000] {dagbag.py:539} INFO - Filling up the DagBag from /home/airflow/.local/lib/python3.8/site-packages/airflow/example_dags/example_xcom.py
[2023-09-28T18:08:33.210+0000] {processor.py:839} INFO - DAG(s) dict_keys(['example_xcom']) retrieved from /home/airflow/.local/lib/python3.8/site-packages/airflow/example_dags/example_xcom.py
[2023-09-28T18:08:33.225+0000] {logging_mixin.py:151} INFO - [2023-09-28T18:08:33.225+0000] {dag.py:2915} INFO - Sync 1 DAGs
[2023-09-28T18:08:33.237+0000] {logging_mixin.py:151} INFO - [2023-09-28T18:08:33.237+0000] {dag.py:3696} INFO - Setting next_dagrun for example_xcom to 2021-01-01T00:00:00+00:00, run_after=2021-01-01T00:00:00+00:00
[2023-09-28T18:08:33.248+0000] {processor.py:179} INFO - Processing /home/airflow/.local/lib/python3.8/site-packages/airflow/example_dags/example_xcom.py took 0.050 seconds
[2023-09-28T18:09:04.006+0000] {processor.py:157} INFO - Started process (PID=443) to work on /home/airflow/.local/lib/python3.8/site-packages/airflow/example_dags/example_xcom.py
[2023-09-28T18:09:04.008+0000] {processor.py:829} INFO - Processing file /home/airflow/.local/lib/python3.8/site-packages/airflow/example_dags/example_xcom.py for tasks to queue
[2023-09-28T18:09:04.011+0000] {logging_mixin.py:151} INFO - [2023-09-28T18:09:04.010+0000] {dagbag.py:539} INFO - Filling up the DagBag from /home/airflow/.local/lib/python3.8/site-packages/airflow/example_dags/example_xcom.py
[2023-09-28T18:09:04.017+0000] {processor.py:839} INFO - DAG(s) dict_keys(['example_xcom']) retrieved from /home/airflow/.local/lib/python3.8/site-packages/airflow/example_dags/example_xcom.py
[2023-09-28T18:09:04.036+0000] {logging_mixin.py:151} INFO - [2023-09-28T18:09:04.036+0000] {dag.py:2915} INFO - Sync 1 DAGs
[2023-09-28T18:09:04.059+0000] {logging_mixin.py:151} INFO - [2023-09-28T18:09:04.058+0000] {dag.py:3696} INFO - Setting next_dagrun for example_xcom to 2021-01-01T00:00:00+00:00, run_after=2021-01-01T00:00:00+00:00
[2023-09-28T18:09:04.072+0000] {processor.py:179} INFO - Processing /home/airflow/.local/lib/python3.8/site-packages/airflow/example_dags/example_xcom.py took 0.068 seconds
[2023-09-28T18:09:34.785+0000] {processor.py:157} INFO - Started process (PID=496) to work on /home/airflow/.local/lib/python3.8/site-packages/airflow/example_dags/example_xcom.py
[2023-09-28T18:09:34.787+0000] {processor.py:829} INFO - Processing file /home/airflow/.local/lib/python3.8/site-packages/airflow/example_dags/example_xcom.py for tasks to queue
[2023-09-28T18:09:34.789+0000] {logging_mixin.py:151} INFO - [2023-09-28T18:09:34.789+0000] {dagbag.py:539} INFO - Filling up the DagBag from /home/airflow/.local/lib/python3.8/site-packages/airflow/example_dags/example_xcom.py
[2023-09-28T18:09:34.795+0000] {processor.py:839} INFO - DAG(s) dict_keys(['example_xcom']) retrieved from /home/airflow/.local/lib/python3.8/site-packages/airflow/example_dags/example_xcom.py
[2023-09-28T18:09:34.811+0000] {logging_mixin.py:151} INFO - [2023-09-28T18:09:34.811+0000] {dag.py:2915} INFO - Sync 1 DAGs
[2023-09-28T18:09:34.825+0000] {logging_mixin.py:151} INFO - [2023-09-28T18:09:34.825+0000] {dag.py:3696} INFO - Setting next_dagrun for example_xcom to 2021-01-01T00:00:00+00:00, run_after=2021-01-01T00:00:00+00:00
[2023-09-28T18:09:34.837+0000] {processor.py:179} INFO - Processing /home/airflow/.local/lib/python3.8/site-packages/airflow/example_dags/example_xcom.py took 0.054 seconds
[2023-09-28T18:10:05.532+0000] {processor.py:157} INFO - Started process (PID=550) to work on /home/airflow/.local/lib/python3.8/site-packages/airflow/example_dags/example_xcom.py
[2023-09-28T18:10:05.534+0000] {processor.py:829} INFO - Processing file /home/airflow/.local/lib/python3.8/site-packages/airflow/example_dags/example_xcom.py for tasks to queue
[2023-09-28T18:10:05.537+0000] {logging_mixin.py:151} INFO - [2023-09-28T18:10:05.536+0000] {dagbag.py:539} INFO - Filling up the DagBag from /home/airflow/.local/lib/python3.8/site-packages/airflow/example_dags/example_xcom.py
[2023-09-28T18:10:05.543+0000] {processor.py:839} INFO - DAG(s) dict_keys(['example_xcom']) retrieved from /home/airflow/.local/lib/python3.8/site-packages/airflow/example_dags/example_xcom.py
[2023-09-28T18:10:05.561+0000] {logging_mixin.py:151} INFO - [2023-09-28T18:10:05.561+0000] {dag.py:2915} INFO - Sync 1 DAGs
[2023-09-28T18:10:05.575+0000] {logging_mixin.py:151} INFO - [2023-09-28T18:10:05.575+0000] {dag.py:3696} INFO - Setting next_dagrun for example_xcom to 2021-01-01T00:00:00+00:00, run_after=2021-01-01T00:00:00+00:00
[2023-09-28T18:10:05.591+0000] {processor.py:179} INFO - Processing /home/airflow/.local/lib/python3.8/site-packages/airflow/example_dags/example_xcom.py took 0.062 seconds
[2023-09-28T18:10:36.411+0000] {processor.py:157} INFO - Started process (PID=604) to work on /home/airflow/.local/lib/python3.8/site-packages/airflow/example_dags/example_xcom.py
[2023-09-28T18:10:36.413+0000] {processor.py:829} INFO - Processing file /home/airflow/.local/lib/python3.8/site-packages/airflow/example_dags/example_xcom.py for tasks to queue
[2023-09-28T18:10:36.416+0000] {logging_mixin.py:151} INFO - [2023-09-28T18:10:36.415+0000] {dagbag.py:539} INFO - Filling up the DagBag from /home/airflow/.local/lib/python3.8/site-packages/airflow/example_dags/example_xcom.py
[2023-09-28T18:10:36.421+0000] {processor.py:839} INFO - DAG(s) dict_keys(['example_xcom']) retrieved from /home/airflow/.local/lib/python3.8/site-packages/airflow/example_dags/example_xcom.py
[2023-09-28T18:10:36.441+0000] {logging_mixin.py:151} INFO - [2023-09-28T18:10:36.441+0000] {dag.py:2915} INFO - Sync 1 DAGs
[2023-09-28T18:10:36.460+0000] {logging_mixin.py:151} INFO - [2023-09-28T18:10:36.459+0000] {dag.py:3696} INFO - Setting next_dagrun for example_xcom to 2021-01-01T00:00:00+00:00, run_after=2021-01-01T00:00:00+00:00
[2023-09-28T18:10:36.478+0000] {processor.py:179} INFO - Processing /home/airflow/.local/lib/python3.8/site-packages/airflow/example_dags/example_xcom.py took 0.069 seconds
[2023-09-28T18:11:07.835+0000] {processor.py:157} INFO - Started process (PID=658) to work on /home/airflow/.local/lib/python3.8/site-packages/airflow/example_dags/example_xcom.py
[2023-09-28T18:11:07.837+0000] {processor.py:829} INFO - Processing file /home/airflow/.local/lib/python3.8/site-packages/airflow/example_dags/example_xcom.py for tasks to queue
[2023-09-28T18:11:07.841+0000] {logging_mixin.py:151} INFO - [2023-09-28T18:11:07.841+0000] {dagbag.py:539} INFO - Filling up the DagBag from /home/airflow/.local/lib/python3.8/site-packages/airflow/example_dags/example_xcom.py
[2023-09-28T18:11:07.848+0000] {processor.py:839} INFO - DAG(s) dict_keys(['example_xcom']) retrieved from /home/airflow/.local/lib/python3.8/site-packages/airflow/example_dags/example_xcom.py
[2023-09-28T18:11:07.875+0000] {logging_mixin.py:151} INFO - [2023-09-28T18:11:07.875+0000] {dag.py:2915} INFO - Sync 1 DAGs
[2023-09-28T18:11:07.893+0000] {logging_mixin.py:151} INFO - [2023-09-28T18:11:07.893+0000] {dag.py:3696} INFO - Setting next_dagrun for example_xcom to 2021-01-01T00:00:00+00:00, run_after=2021-01-01T00:00:00+00:00
[2023-09-28T18:11:07.910+0000] {processor.py:179} INFO - Processing /home/airflow/.local/lib/python3.8/site-packages/airflow/example_dags/example_xcom.py took 0.077 seconds
[2023-09-28T18:13:57.737+0000] {processor.py:157} INFO - Started process (PID=65) to work on /home/airflow/.local/lib/python3.8/site-packages/airflow/example_dags/example_xcom.py
[2023-09-28T18:13:57.739+0000] {processor.py:829} INFO - Processing file /home/airflow/.local/lib/python3.8/site-packages/airflow/example_dags/example_xcom.py for tasks to queue
[2023-09-28T18:13:57.742+0000] {logging_mixin.py:151} INFO - [2023-09-28T18:13:57.742+0000] {dagbag.py:539} INFO - Filling up the DagBag from /home/airflow/.local/lib/python3.8/site-packages/airflow/example_dags/example_xcom.py
[2023-09-28T18:13:57.749+0000] {processor.py:839} INFO - DAG(s) dict_keys(['example_xcom']) retrieved from /home/airflow/.local/lib/python3.8/site-packages/airflow/example_dags/example_xcom.py
[2023-09-28T18:13:57.818+0000] {logging_mixin.py:151} INFO - [2023-09-28T18:13:57.818+0000] {manager.py:499} INFO - Created Permission View: %s
[2023-09-28T18:13:57.830+0000] {logging_mixin.py:151} INFO - [2023-09-28T18:13:57.830+0000] {manager.py:499} INFO - Created Permission View: %s
[2023-09-28T18:13:57.836+0000] {logging_mixin.py:151} INFO - [2023-09-28T18:13:57.836+0000] {manager.py:499} INFO - Created Permission View: %s
[2023-09-28T18:13:57.837+0000] {logging_mixin.py:151} INFO - [2023-09-28T18:13:57.837+0000] {security.py:708} INFO - Not syncing DAG-level permissions for DAG 'DAG:example_xcom' as access control is unset.
[2023-09-28T18:13:57.838+0000] {logging_mixin.py:151} INFO - [2023-09-28T18:13:57.838+0000] {dag.py:2915} INFO - Sync 1 DAGs
[2023-09-28T18:13:57.846+0000] {logging_mixin.py:151} INFO - [2023-09-28T18:13:57.846+0000] {dag.py:2937} INFO - Creating ORM DAG for example_xcom
[2023-09-28T18:13:57.854+0000] {logging_mixin.py:151} INFO - [2023-09-28T18:13:57.854+0000] {dag.py:3696} INFO - Setting next_dagrun for example_xcom to 2021-01-01T00:00:00+00:00, run_after=2021-01-01T00:00:00+00:00
[2023-09-28T18:13:57.873+0000] {processor.py:179} INFO - Processing /home/airflow/.local/lib/python3.8/site-packages/airflow/example_dags/example_xcom.py took 0.139 seconds
[2023-09-28T18:14:28.515+0000] {processor.py:157} INFO - Started process (PID=119) to work on /home/airflow/.local/lib/python3.8/site-packages/airflow/example_dags/example_xcom.py
[2023-09-28T18:14:28.517+0000] {processor.py:829} INFO - Processing file /home/airflow/.local/lib/python3.8/site-packages/airflow/example_dags/example_xcom.py for tasks to queue
[2023-09-28T18:14:28.520+0000] {logging_mixin.py:151} INFO - [2023-09-28T18:14:28.520+0000] {dagbag.py:539} INFO - Filling up the DagBag from /home/airflow/.local/lib/python3.8/site-packages/airflow/example_dags/example_xcom.py
[2023-09-28T18:14:28.526+0000] {processor.py:839} INFO - DAG(s) dict_keys(['example_xcom']) retrieved from /home/airflow/.local/lib/python3.8/site-packages/airflow/example_dags/example_xcom.py
[2023-09-28T18:14:28.545+0000] {logging_mixin.py:151} INFO - [2023-09-28T18:14:28.545+0000] {dag.py:2915} INFO - Sync 1 DAGs
[2023-09-28T18:14:28.564+0000] {logging_mixin.py:151} INFO - [2023-09-28T18:14:28.564+0000] {dag.py:3696} INFO - Setting next_dagrun for example_xcom to 2021-01-01T00:00:00+00:00, run_after=2021-01-01T00:00:00+00:00
[2023-09-28T18:14:28.582+0000] {processor.py:179} INFO - Processing /home/airflow/.local/lib/python3.8/site-packages/airflow/example_dags/example_xcom.py took 0.069 seconds
[2023-09-28T18:14:59.279+0000] {processor.py:157} INFO - Started process (PID=173) to work on /home/airflow/.local/lib/python3.8/site-packages/airflow/example_dags/example_xcom.py
[2023-09-28T18:14:59.281+0000] {processor.py:829} INFO - Processing file /home/airflow/.local/lib/python3.8/site-packages/airflow/example_dags/example_xcom.py for tasks to queue
[2023-09-28T18:14:59.283+0000] {logging_mixin.py:151} INFO - [2023-09-28T18:14:59.283+0000] {dagbag.py:539} INFO - Filling up the DagBag from /home/airflow/.local/lib/python3.8/site-packages/airflow/example_dags/example_xcom.py
[2023-09-28T18:14:59.288+0000] {processor.py:839} INFO - DAG(s) dict_keys(['example_xcom']) retrieved from /home/airflow/.local/lib/python3.8/site-packages/airflow/example_dags/example_xcom.py
[2023-09-28T18:14:59.308+0000] {logging_mixin.py:151} INFO - [2023-09-28T18:14:59.307+0000] {dag.py:2915} INFO - Sync 1 DAGs
[2023-09-28T18:14:59.321+0000] {logging_mixin.py:151} INFO - [2023-09-28T18:14:59.321+0000] {dag.py:3696} INFO - Setting next_dagrun for example_xcom to 2021-01-01T00:00:00+00:00, run_after=2021-01-01T00:00:00+00:00
[2023-09-28T18:14:59.333+0000] {processor.py:179} INFO - Processing /home/airflow/.local/lib/python3.8/site-packages/airflow/example_dags/example_xcom.py took 0.056 seconds
[2023-09-28T18:15:30.000+0000] {processor.py:157} INFO - Started process (PID=227) to work on /home/airflow/.local/lib/python3.8/site-packages/airflow/example_dags/example_xcom.py
[2023-09-28T18:15:30.002+0000] {processor.py:829} INFO - Processing file /home/airflow/.local/lib/python3.8/site-packages/airflow/example_dags/example_xcom.py for tasks to queue
[2023-09-28T18:15:30.006+0000] {logging_mixin.py:151} INFO - [2023-09-28T18:15:30.005+0000] {dagbag.py:539} INFO - Filling up the DagBag from /home/airflow/.local/lib/python3.8/site-packages/airflow/example_dags/example_xcom.py
[2023-09-28T18:15:30.012+0000] {processor.py:839} INFO - DAG(s) dict_keys(['example_xcom']) retrieved from /home/airflow/.local/lib/python3.8/site-packages/airflow/example_dags/example_xcom.py
[2023-09-28T18:15:30.027+0000] {logging_mixin.py:151} INFO - [2023-09-28T18:15:30.027+0000] {dag.py:2915} INFO - Sync 1 DAGs
[2023-09-28T18:15:30.042+0000] {logging_mixin.py:151} INFO - [2023-09-28T18:15:30.042+0000] {dag.py:3696} INFO - Setting next_dagrun for example_xcom to 2021-01-01T00:00:00+00:00, run_after=2021-01-01T00:00:00+00:00
[2023-09-28T18:15:30.060+0000] {processor.py:179} INFO - Processing /home/airflow/.local/lib/python3.8/site-packages/airflow/example_dags/example_xcom.py took 0.063 seconds
[2023-09-28T18:16:00.727+0000] {processor.py:157} INFO - Started process (PID=281) to work on /home/airflow/.local/lib/python3.8/site-packages/airflow/example_dags/example_xcom.py
[2023-09-28T18:16:00.729+0000] {processor.py:829} INFO - Processing file /home/airflow/.local/lib/python3.8/site-packages/airflow/example_dags/example_xcom.py for tasks to queue
[2023-09-28T18:16:00.732+0000] {logging_mixin.py:151} INFO - [2023-09-28T18:16:00.732+0000] {dagbag.py:539} INFO - Filling up the DagBag from /home/airflow/.local/lib/python3.8/site-packages/airflow/example_dags/example_xcom.py
[2023-09-28T18:16:00.738+0000] {processor.py:839} INFO - DAG(s) dict_keys(['example_xcom']) retrieved from /home/airflow/.local/lib/python3.8/site-packages/airflow/example_dags/example_xcom.py
[2023-09-28T18:16:00.756+0000] {logging_mixin.py:151} INFO - [2023-09-28T18:16:00.756+0000] {dag.py:2915} INFO - Sync 1 DAGs
[2023-09-28T18:16:00.770+0000] {logging_mixin.py:151} INFO - [2023-09-28T18:16:00.770+0000] {dag.py:3696} INFO - Setting next_dagrun for example_xcom to 2021-01-01T00:00:00+00:00, run_after=2021-01-01T00:00:00+00:00
[2023-09-28T18:16:00.785+0000] {processor.py:179} INFO - Processing /home/airflow/.local/lib/python3.8/site-packages/airflow/example_dags/example_xcom.py took 0.061 seconds
[2023-09-28T18:16:31.444+0000] {processor.py:157} INFO - Started process (PID=335) to work on /home/airflow/.local/lib/python3.8/site-packages/airflow/example_dags/example_xcom.py
[2023-09-28T18:16:31.446+0000] {processor.py:829} INFO - Processing file /home/airflow/.local/lib/python3.8/site-packages/airflow/example_dags/example_xcom.py for tasks to queue
[2023-09-28T18:16:31.449+0000] {logging_mixin.py:151} INFO - [2023-09-28T18:16:31.449+0000] {dagbag.py:539} INFO - Filling up the DagBag from /home/airflow/.local/lib/python3.8/site-packages/airflow/example_dags/example_xcom.py
[2023-09-28T18:16:31.455+0000] {processor.py:839} INFO - DAG(s) dict_keys(['example_xcom']) retrieved from /home/airflow/.local/lib/python3.8/site-packages/airflow/example_dags/example_xcom.py
[2023-09-28T18:16:31.473+0000] {logging_mixin.py:151} INFO - [2023-09-28T18:16:31.472+0000] {dag.py:2915} INFO - Sync 1 DAGs
[2023-09-28T18:16:31.491+0000] {logging_mixin.py:151} INFO - [2023-09-28T18:16:31.491+0000] {dag.py:3696} INFO - Setting next_dagrun for example_xcom to 2021-01-01T00:00:00+00:00, run_after=2021-01-01T00:00:00+00:00
[2023-09-28T18:16:31.504+0000] {processor.py:179} INFO - Processing /home/airflow/.local/lib/python3.8/site-packages/airflow/example_dags/example_xcom.py took 0.062 seconds
[2023-09-28T18:17:02.236+0000] {processor.py:157} INFO - Started process (PID=389) to work on /home/airflow/.local/lib/python3.8/site-packages/airflow/example_dags/example_xcom.py
[2023-09-28T18:17:02.238+0000] {processor.py:829} INFO - Processing file /home/airflow/.local/lib/python3.8/site-packages/airflow/example_dags/example_xcom.py for tasks to queue
[2023-09-28T18:17:02.241+0000] {logging_mixin.py:151} INFO - [2023-09-28T18:17:02.240+0000] {dagbag.py:539} INFO - Filling up the DagBag from /home/airflow/.local/lib/python3.8/site-packages/airflow/example_dags/example_xcom.py
[2023-09-28T18:17:02.248+0000] {processor.py:839} INFO - DAG(s) dict_keys(['example_xcom']) retrieved from /home/airflow/.local/lib/python3.8/site-packages/airflow/example_dags/example_xcom.py
[2023-09-28T18:17:02.266+0000] {logging_mixin.py:151} INFO - [2023-09-28T18:17:02.266+0000] {dag.py:2915} INFO - Sync 1 DAGs
[2023-09-28T18:17:02.280+0000] {logging_mixin.py:151} INFO - [2023-09-28T18:17:02.280+0000] {dag.py:3696} INFO - Setting next_dagrun for example_xcom to 2021-01-01T00:00:00+00:00, run_after=2021-01-01T00:00:00+00:00
[2023-09-28T18:17:02.293+0000] {processor.py:179} INFO - Processing /home/airflow/.local/lib/python3.8/site-packages/airflow/example_dags/example_xcom.py took 0.059 seconds
[2023-09-28T18:17:32.765+0000] {processor.py:157} INFO - Started process (PID=442) to work on /home/airflow/.local/lib/python3.8/site-packages/airflow/example_dags/example_xcom.py
[2023-09-28T18:17:32.767+0000] {processor.py:829} INFO - Processing file /home/airflow/.local/lib/python3.8/site-packages/airflow/example_dags/example_xcom.py for tasks to queue
[2023-09-28T18:17:32.769+0000] {logging_mixin.py:151} INFO - [2023-09-28T18:17:32.769+0000] {dagbag.py:539} INFO - Filling up the DagBag from /home/airflow/.local/lib/python3.8/site-packages/airflow/example_dags/example_xcom.py
[2023-09-28T18:17:32.775+0000] {processor.py:839} INFO - DAG(s) dict_keys(['example_xcom']) retrieved from /home/airflow/.local/lib/python3.8/site-packages/airflow/example_dags/example_xcom.py
[2023-09-28T18:17:32.793+0000] {logging_mixin.py:151} INFO - [2023-09-28T18:17:32.792+0000] {dag.py:2915} INFO - Sync 1 DAGs
[2023-09-28T18:17:32.807+0000] {logging_mixin.py:151} INFO - [2023-09-28T18:17:32.806+0000] {dag.py:3696} INFO - Setting next_dagrun for example_xcom to 2021-01-01T00:00:00+00:00, run_after=2021-01-01T00:00:00+00:00
[2023-09-28T18:17:32.820+0000] {processor.py:179} INFO - Processing /home/airflow/.local/lib/python3.8/site-packages/airflow/example_dags/example_xcom.py took 0.058 seconds
[2023-09-28T18:18:03.549+0000] {processor.py:157} INFO - Started process (PID=497) to work on /home/airflow/.local/lib/python3.8/site-packages/airflow/example_dags/example_xcom.py
[2023-09-28T18:18:03.550+0000] {processor.py:829} INFO - Processing file /home/airflow/.local/lib/python3.8/site-packages/airflow/example_dags/example_xcom.py for tasks to queue
[2023-09-28T18:18:03.552+0000] {logging_mixin.py:151} INFO - [2023-09-28T18:18:03.552+0000] {dagbag.py:539} INFO - Filling up the DagBag from /home/airflow/.local/lib/python3.8/site-packages/airflow/example_dags/example_xcom.py
[2023-09-28T18:18:03.557+0000] {processor.py:839} INFO - DAG(s) dict_keys(['example_xcom']) retrieved from /home/airflow/.local/lib/python3.8/site-packages/airflow/example_dags/example_xcom.py
[2023-09-28T18:18:03.573+0000] {logging_mixin.py:151} INFO - [2023-09-28T18:18:03.573+0000] {dag.py:2915} INFO - Sync 1 DAGs
[2023-09-28T18:18:03.590+0000] {logging_mixin.py:151} INFO - [2023-09-28T18:18:03.590+0000] {dag.py:3696} INFO - Setting next_dagrun for example_xcom to 2021-01-01T00:00:00+00:00, run_after=2021-01-01T00:00:00+00:00
[2023-09-28T18:18:03.602+0000] {processor.py:179} INFO - Processing /home/airflow/.local/lib/python3.8/site-packages/airflow/example_dags/example_xcom.py took 0.056 seconds
[2023-09-28T18:18:34.329+0000] {processor.py:157} INFO - Started process (PID=551) to work on /home/airflow/.local/lib/python3.8/site-packages/airflow/example_dags/example_xcom.py
[2023-09-28T18:18:34.332+0000] {processor.py:829} INFO - Processing file /home/airflow/.local/lib/python3.8/site-packages/airflow/example_dags/example_xcom.py for tasks to queue
[2023-09-28T18:18:34.335+0000] {logging_mixin.py:151} INFO - [2023-09-28T18:18:34.334+0000] {dagbag.py:539} INFO - Filling up the DagBag from /home/airflow/.local/lib/python3.8/site-packages/airflow/example_dags/example_xcom.py
[2023-09-28T18:18:34.341+0000] {processor.py:839} INFO - DAG(s) dict_keys(['example_xcom']) retrieved from /home/airflow/.local/lib/python3.8/site-packages/airflow/example_dags/example_xcom.py
[2023-09-28T18:18:34.363+0000] {logging_mixin.py:151} INFO - [2023-09-28T18:18:34.363+0000] {dag.py:2915} INFO - Sync 1 DAGs
[2023-09-28T18:18:34.377+0000] {logging_mixin.py:151} INFO - [2023-09-28T18:18:34.377+0000] {dag.py:3696} INFO - Setting next_dagrun for example_xcom to 2021-01-01T00:00:00+00:00, run_after=2021-01-01T00:00:00+00:00
[2023-09-28T18:18:34.389+0000] {processor.py:179} INFO - Processing /home/airflow/.local/lib/python3.8/site-packages/airflow/example_dags/example_xcom.py took 0.062 seconds
[2023-09-28T18:19:05.160+0000] {processor.py:157} INFO - Started process (PID=606) to work on /home/airflow/.local/lib/python3.8/site-packages/airflow/example_dags/example_xcom.py
[2023-09-28T18:19:05.162+0000] {processor.py:829} INFO - Processing file /home/airflow/.local/lib/python3.8/site-packages/airflow/example_dags/example_xcom.py for tasks to queue
[2023-09-28T18:19:05.164+0000] {logging_mixin.py:151} INFO - [2023-09-28T18:19:05.164+0000] {dagbag.py:539} INFO - Filling up the DagBag from /home/airflow/.local/lib/python3.8/site-packages/airflow/example_dags/example_xcom.py
[2023-09-28T18:19:05.170+0000] {processor.py:839} INFO - DAG(s) dict_keys(['example_xcom']) retrieved from /home/airflow/.local/lib/python3.8/site-packages/airflow/example_dags/example_xcom.py
[2023-09-28T18:19:05.185+0000] {logging_mixin.py:151} INFO - [2023-09-28T18:19:05.185+0000] {dag.py:2915} INFO - Sync 1 DAGs
[2023-09-28T18:19:05.199+0000] {logging_mixin.py:151} INFO - [2023-09-28T18:19:05.199+0000] {dag.py:3696} INFO - Setting next_dagrun for example_xcom to 2021-01-01T00:00:00+00:00, run_after=2021-01-01T00:00:00+00:00
[2023-09-28T18:19:05.215+0000] {processor.py:179} INFO - Processing /home/airflow/.local/lib/python3.8/site-packages/airflow/example_dags/example_xcom.py took 0.057 seconds
[2023-09-28T18:19:35.905+0000] {processor.py:157} INFO - Started process (PID=660) to work on /home/airflow/.local/lib/python3.8/site-packages/airflow/example_dags/example_xcom.py
[2023-09-28T18:19:35.906+0000] {processor.py:829} INFO - Processing file /home/airflow/.local/lib/python3.8/site-packages/airflow/example_dags/example_xcom.py for tasks to queue
[2023-09-28T18:19:35.909+0000] {logging_mixin.py:151} INFO - [2023-09-28T18:19:35.909+0000] {dagbag.py:539} INFO - Filling up the DagBag from /home/airflow/.local/lib/python3.8/site-packages/airflow/example_dags/example_xcom.py
[2023-09-28T18:19:35.915+0000] {processor.py:839} INFO - DAG(s) dict_keys(['example_xcom']) retrieved from /home/airflow/.local/lib/python3.8/site-packages/airflow/example_dags/example_xcom.py
[2023-09-28T18:19:35.932+0000] {logging_mixin.py:151} INFO - [2023-09-28T18:19:35.932+0000] {dag.py:2915} INFO - Sync 1 DAGs
[2023-09-28T18:19:35.946+0000] {logging_mixin.py:151} INFO - [2023-09-28T18:19:35.946+0000] {dag.py:3696} INFO - Setting next_dagrun for example_xcom to 2021-01-01T00:00:00+00:00, run_after=2021-01-01T00:00:00+00:00
[2023-09-28T18:19:35.963+0000] {processor.py:179} INFO - Processing /home/airflow/.local/lib/python3.8/site-packages/airflow/example_dags/example_xcom.py took 0.061 seconds
[2023-09-28T18:20:06.601+0000] {processor.py:157} INFO - Started process (PID=714) to work on /home/airflow/.local/lib/python3.8/site-packages/airflow/example_dags/example_xcom.py
[2023-09-28T18:20:06.603+0000] {processor.py:829} INFO - Processing file /home/airflow/.local/lib/python3.8/site-packages/airflow/example_dags/example_xcom.py for tasks to queue
[2023-09-28T18:20:06.605+0000] {logging_mixin.py:151} INFO - [2023-09-28T18:20:06.605+0000] {dagbag.py:539} INFO - Filling up the DagBag from /home/airflow/.local/lib/python3.8/site-packages/airflow/example_dags/example_xcom.py
[2023-09-28T18:20:06.611+0000] {processor.py:839} INFO - DAG(s) dict_keys(['example_xcom']) retrieved from /home/airflow/.local/lib/python3.8/site-packages/airflow/example_dags/example_xcom.py
[2023-09-28T18:20:06.627+0000] {logging_mixin.py:151} INFO - [2023-09-28T18:20:06.627+0000] {dag.py:2915} INFO - Sync 1 DAGs
[2023-09-28T18:20:06.642+0000] {logging_mixin.py:151} INFO - [2023-09-28T18:20:06.642+0000] {dag.py:3696} INFO - Setting next_dagrun for example_xcom to 2021-01-01T00:00:00+00:00, run_after=2021-01-01T00:00:00+00:00
[2023-09-28T18:20:06.657+0000] {processor.py:179} INFO - Processing /home/airflow/.local/lib/python3.8/site-packages/airflow/example_dags/example_xcom.py took 0.058 seconds
[2023-09-28T18:20:37.233+0000] {processor.py:157} INFO - Started process (PID=767) to work on /home/airflow/.local/lib/python3.8/site-packages/airflow/example_dags/example_xcom.py
[2023-09-28T18:20:37.238+0000] {processor.py:829} INFO - Processing file /home/airflow/.local/lib/python3.8/site-packages/airflow/example_dags/example_xcom.py for tasks to queue
[2023-09-28T18:20:37.240+0000] {logging_mixin.py:151} INFO - [2023-09-28T18:20:37.240+0000] {dagbag.py:539} INFO - Filling up the DagBag from /home/airflow/.local/lib/python3.8/site-packages/airflow/example_dags/example_xcom.py
[2023-09-28T18:20:37.250+0000] {processor.py:839} INFO - DAG(s) dict_keys(['example_xcom']) retrieved from /home/airflow/.local/lib/python3.8/site-packages/airflow/example_dags/example_xcom.py
[2023-09-28T18:20:37.274+0000] {logging_mixin.py:151} INFO - [2023-09-28T18:20:37.274+0000] {dag.py:2915} INFO - Sync 1 DAGs
[2023-09-28T18:20:37.288+0000] {logging_mixin.py:151} INFO - [2023-09-28T18:20:37.288+0000] {dag.py:3696} INFO - Setting next_dagrun for example_xcom to 2021-01-01T00:00:00+00:00, run_after=2021-01-01T00:00:00+00:00
[2023-09-28T18:20:37.313+0000] {processor.py:179} INFO - Processing /home/airflow/.local/lib/python3.8/site-packages/airflow/example_dags/example_xcom.py took 0.082 seconds
[2023-09-28T18:21:08.100+0000] {processor.py:157} INFO - Started process (PID=821) to work on /home/airflow/.local/lib/python3.8/site-packages/airflow/example_dags/example_xcom.py
[2023-09-28T18:21:08.103+0000] {processor.py:829} INFO - Processing file /home/airflow/.local/lib/python3.8/site-packages/airflow/example_dags/example_xcom.py for tasks to queue
[2023-09-28T18:21:08.106+0000] {logging_mixin.py:151} INFO - [2023-09-28T18:21:08.106+0000] {dagbag.py:539} INFO - Filling up the DagBag from /home/airflow/.local/lib/python3.8/site-packages/airflow/example_dags/example_xcom.py
[2023-09-28T18:21:08.114+0000] {processor.py:839} INFO - DAG(s) dict_keys(['example_xcom']) retrieved from /home/airflow/.local/lib/python3.8/site-packages/airflow/example_dags/example_xcom.py
[2023-09-28T18:21:08.140+0000] {logging_mixin.py:151} INFO - [2023-09-28T18:21:08.140+0000] {dag.py:2915} INFO - Sync 1 DAGs
[2023-09-28T18:21:08.177+0000] {logging_mixin.py:151} INFO - [2023-09-28T18:21:08.177+0000] {dag.py:3696} INFO - Setting next_dagrun for example_xcom to 2021-01-01T00:00:00+00:00, run_after=2021-01-01T00:00:00+00:00
[2023-09-28T18:21:08.208+0000] {processor.py:179} INFO - Processing /home/airflow/.local/lib/python3.8/site-packages/airflow/example_dags/example_xcom.py took 0.111 seconds
[2023-09-28T18:21:38.968+0000] {processor.py:157} INFO - Started process (PID=875) to work on /home/airflow/.local/lib/python3.8/site-packages/airflow/example_dags/example_xcom.py
[2023-09-28T18:21:38.970+0000] {processor.py:829} INFO - Processing file /home/airflow/.local/lib/python3.8/site-packages/airflow/example_dags/example_xcom.py for tasks to queue
[2023-09-28T18:21:38.976+0000] {logging_mixin.py:151} INFO - [2023-09-28T18:21:38.975+0000] {dagbag.py:539} INFO - Filling up the DagBag from /home/airflow/.local/lib/python3.8/site-packages/airflow/example_dags/example_xcom.py
[2023-09-28T18:21:38.982+0000] {processor.py:839} INFO - DAG(s) dict_keys(['example_xcom']) retrieved from /home/airflow/.local/lib/python3.8/site-packages/airflow/example_dags/example_xcom.py
[2023-09-28T18:21:39.001+0000] {logging_mixin.py:151} INFO - [2023-09-28T18:21:39.001+0000] {dag.py:2915} INFO - Sync 1 DAGs
[2023-09-28T18:21:39.016+0000] {logging_mixin.py:151} INFO - [2023-09-28T18:21:39.016+0000] {dag.py:3696} INFO - Setting next_dagrun for example_xcom to 2021-01-01T00:00:00+00:00, run_after=2021-01-01T00:00:00+00:00
[2023-09-28T18:21:39.033+0000] {processor.py:179} INFO - Processing /home/airflow/.local/lib/python3.8/site-packages/airflow/example_dags/example_xcom.py took 0.067 seconds
[2023-09-28T18:22:09.692+0000] {processor.py:157} INFO - Started process (PID=929) to work on /home/airflow/.local/lib/python3.8/site-packages/airflow/example_dags/example_xcom.py
[2023-09-28T18:22:09.694+0000] {processor.py:829} INFO - Processing file /home/airflow/.local/lib/python3.8/site-packages/airflow/example_dags/example_xcom.py for tasks to queue
[2023-09-28T18:22:09.697+0000] {logging_mixin.py:151} INFO - [2023-09-28T18:22:09.697+0000] {dagbag.py:539} INFO - Filling up the DagBag from /home/airflow/.local/lib/python3.8/site-packages/airflow/example_dags/example_xcom.py
[2023-09-28T18:22:09.703+0000] {processor.py:839} INFO - DAG(s) dict_keys(['example_xcom']) retrieved from /home/airflow/.local/lib/python3.8/site-packages/airflow/example_dags/example_xcom.py
[2023-09-28T18:22:09.719+0000] {logging_mixin.py:151} INFO - [2023-09-28T18:22:09.718+0000] {dag.py:2915} INFO - Sync 1 DAGs
[2023-09-28T18:22:09.733+0000] {logging_mixin.py:151} INFO - [2023-09-28T18:22:09.733+0000] {dag.py:3696} INFO - Setting next_dagrun for example_xcom to 2021-01-01T00:00:00+00:00, run_after=2021-01-01T00:00:00+00:00
[2023-09-28T18:22:09.745+0000] {processor.py:179} INFO - Processing /home/airflow/.local/lib/python3.8/site-packages/airflow/example_dags/example_xcom.py took 0.055 seconds
[2023-09-28T18:22:40.539+0000] {processor.py:157} INFO - Started process (PID=982) to work on /home/airflow/.local/lib/python3.8/site-packages/airflow/example_dags/example_xcom.py
[2023-09-28T18:22:40.541+0000] {processor.py:829} INFO - Processing file /home/airflow/.local/lib/python3.8/site-packages/airflow/example_dags/example_xcom.py for tasks to queue
[2023-09-28T18:22:40.543+0000] {logging_mixin.py:151} INFO - [2023-09-28T18:22:40.543+0000] {dagbag.py:539} INFO - Filling up the DagBag from /home/airflow/.local/lib/python3.8/site-packages/airflow/example_dags/example_xcom.py
[2023-09-28T18:22:40.548+0000] {processor.py:839} INFO - DAG(s) dict_keys(['example_xcom']) retrieved from /home/airflow/.local/lib/python3.8/site-packages/airflow/example_dags/example_xcom.py
[2023-09-28T18:22:40.563+0000] {logging_mixin.py:151} INFO - [2023-09-28T18:22:40.563+0000] {dag.py:2915} INFO - Sync 1 DAGs
[2023-09-28T18:22:40.577+0000] {logging_mixin.py:151} INFO - [2023-09-28T18:22:40.577+0000] {dag.py:3696} INFO - Setting next_dagrun for example_xcom to 2021-01-01T00:00:00+00:00, run_after=2021-01-01T00:00:00+00:00
[2023-09-28T18:22:40.589+0000] {processor.py:179} INFO - Processing /home/airflow/.local/lib/python3.8/site-packages/airflow/example_dags/example_xcom.py took 0.053 seconds
[2023-09-28T18:23:11.498+0000] {processor.py:157} INFO - Started process (PID=1035) to work on /home/airflow/.local/lib/python3.8/site-packages/airflow/example_dags/example_xcom.py
[2023-09-28T18:23:11.500+0000] {processor.py:829} INFO - Processing file /home/airflow/.local/lib/python3.8/site-packages/airflow/example_dags/example_xcom.py for tasks to queue
[2023-09-28T18:23:11.502+0000] {logging_mixin.py:151} INFO - [2023-09-28T18:23:11.502+0000] {dagbag.py:539} INFO - Filling up the DagBag from /home/airflow/.local/lib/python3.8/site-packages/airflow/example_dags/example_xcom.py
[2023-09-28T18:23:11.508+0000] {processor.py:839} INFO - DAG(s) dict_keys(['example_xcom']) retrieved from /home/airflow/.local/lib/python3.8/site-packages/airflow/example_dags/example_xcom.py
[2023-09-28T18:23:11.524+0000] {logging_mixin.py:151} INFO - [2023-09-28T18:23:11.524+0000] {dag.py:2915} INFO - Sync 1 DAGs
[2023-09-28T18:23:11.539+0000] {logging_mixin.py:151} INFO - [2023-09-28T18:23:11.539+0000] {dag.py:3696} INFO - Setting next_dagrun for example_xcom to 2021-01-01T00:00:00+00:00, run_after=2021-01-01T00:00:00+00:00
[2023-09-28T18:23:11.552+0000] {processor.py:179} INFO - Processing /home/airflow/.local/lib/python3.8/site-packages/airflow/example_dags/example_xcom.py took 0.057 seconds
[2023-09-28T18:23:42.467+0000] {processor.py:157} INFO - Started process (PID=1089) to work on /home/airflow/.local/lib/python3.8/site-packages/airflow/example_dags/example_xcom.py
[2023-09-28T18:23:42.470+0000] {processor.py:829} INFO - Processing file /home/airflow/.local/lib/python3.8/site-packages/airflow/example_dags/example_xcom.py for tasks to queue
[2023-09-28T18:23:42.473+0000] {logging_mixin.py:151} INFO - [2023-09-28T18:23:42.473+0000] {dagbag.py:539} INFO - Filling up the DagBag from /home/airflow/.local/lib/python3.8/site-packages/airflow/example_dags/example_xcom.py
[2023-09-28T18:23:42.478+0000] {processor.py:839} INFO - DAG(s) dict_keys(['example_xcom']) retrieved from /home/airflow/.local/lib/python3.8/site-packages/airflow/example_dags/example_xcom.py
[2023-09-28T18:23:42.496+0000] {logging_mixin.py:151} INFO - [2023-09-28T18:23:42.496+0000] {dag.py:2915} INFO - Sync 1 DAGs
[2023-09-28T18:23:42.513+0000] {logging_mixin.py:151} INFO - [2023-09-28T18:23:42.512+0000] {dag.py:3696} INFO - Setting next_dagrun for example_xcom to 2021-01-01T00:00:00+00:00, run_after=2021-01-01T00:00:00+00:00
[2023-09-28T18:23:42.527+0000] {processor.py:179} INFO - Processing /home/airflow/.local/lib/python3.8/site-packages/airflow/example_dags/example_xcom.py took 0.063 seconds
[2023-09-28T18:34:44.763+0000] {processor.py:157} INFO - Started process (PID=66) to work on /home/airflow/.local/lib/python3.8/site-packages/airflow/example_dags/example_xcom.py
[2023-09-28T18:34:44.765+0000] {processor.py:829} INFO - Processing file /home/airflow/.local/lib/python3.8/site-packages/airflow/example_dags/example_xcom.py for tasks to queue
[2023-09-28T18:34:44.768+0000] {logging_mixin.py:151} INFO - [2023-09-28T18:34:44.768+0000] {dagbag.py:539} INFO - Filling up the DagBag from /home/airflow/.local/lib/python3.8/site-packages/airflow/example_dags/example_xcom.py
[2023-09-28T18:34:44.777+0000] {processor.py:839} INFO - DAG(s) dict_keys(['example_xcom']) retrieved from /home/airflow/.local/lib/python3.8/site-packages/airflow/example_dags/example_xcom.py
[2023-09-28T18:34:44.790+0000] {logging_mixin.py:151} INFO - [2023-09-28T18:34:44.790+0000] {dag.py:2915} INFO - Sync 1 DAGs
[2023-09-28T18:34:44.814+0000] {logging_mixin.py:151} INFO - [2023-09-28T18:34:44.814+0000] {dag.py:3696} INFO - Setting next_dagrun for example_xcom to 2021-01-01T00:00:00+00:00, run_after=2021-01-01T00:00:00+00:00
[2023-09-28T18:34:44.837+0000] {processor.py:179} INFO - Processing /home/airflow/.local/lib/python3.8/site-packages/airflow/example_dags/example_xcom.py took 0.077 seconds
[2023-09-28T18:35:15.559+0000] {processor.py:157} INFO - Started process (PID=120) to work on /home/airflow/.local/lib/python3.8/site-packages/airflow/example_dags/example_xcom.py
[2023-09-28T18:35:15.561+0000] {processor.py:829} INFO - Processing file /home/airflow/.local/lib/python3.8/site-packages/airflow/example_dags/example_xcom.py for tasks to queue
[2023-09-28T18:35:15.563+0000] {logging_mixin.py:151} INFO - [2023-09-28T18:35:15.563+0000] {dagbag.py:539} INFO - Filling up the DagBag from /home/airflow/.local/lib/python3.8/site-packages/airflow/example_dags/example_xcom.py
[2023-09-28T18:35:15.569+0000] {processor.py:839} INFO - DAG(s) dict_keys(['example_xcom']) retrieved from /home/airflow/.local/lib/python3.8/site-packages/airflow/example_dags/example_xcom.py
[2023-09-28T18:35:15.587+0000] {logging_mixin.py:151} INFO - [2023-09-28T18:35:15.587+0000] {dag.py:2915} INFO - Sync 1 DAGs
[2023-09-28T18:35:15.601+0000] {logging_mixin.py:151} INFO - [2023-09-28T18:35:15.601+0000] {dag.py:3696} INFO - Setting next_dagrun for example_xcom to 2021-01-01T00:00:00+00:00, run_after=2021-01-01T00:00:00+00:00
[2023-09-28T18:35:15.623+0000] {processor.py:179} INFO - Processing /home/airflow/.local/lib/python3.8/site-packages/airflow/example_dags/example_xcom.py took 0.067 seconds
[2023-09-28T18:35:46.030+0000] {processor.py:157} INFO - Started process (PID=174) to work on /home/airflow/.local/lib/python3.8/site-packages/airflow/example_dags/example_xcom.py
[2023-09-28T18:35:46.032+0000] {processor.py:829} INFO - Processing file /home/airflow/.local/lib/python3.8/site-packages/airflow/example_dags/example_xcom.py for tasks to queue
[2023-09-28T18:35:46.037+0000] {logging_mixin.py:151} INFO - [2023-09-28T18:35:46.037+0000] {dagbag.py:539} INFO - Filling up the DagBag from /home/airflow/.local/lib/python3.8/site-packages/airflow/example_dags/example_xcom.py
[2023-09-28T18:35:46.043+0000] {processor.py:839} INFO - DAG(s) dict_keys(['example_xcom']) retrieved from /home/airflow/.local/lib/python3.8/site-packages/airflow/example_dags/example_xcom.py
[2023-09-28T18:35:46.060+0000] {logging_mixin.py:151} INFO - [2023-09-28T18:35:46.060+0000] {dag.py:2915} INFO - Sync 1 DAGs
[2023-09-28T18:35:46.074+0000] {logging_mixin.py:151} INFO - [2023-09-28T18:35:46.074+0000] {dag.py:3696} INFO - Setting next_dagrun for example_xcom to 2021-01-01T00:00:00+00:00, run_after=2021-01-01T00:00:00+00:00
[2023-09-28T18:35:46.087+0000] {processor.py:179} INFO - Processing /home/airflow/.local/lib/python3.8/site-packages/airflow/example_dags/example_xcom.py took 0.060 seconds
[2023-09-28T18:36:16.929+0000] {processor.py:157} INFO - Started process (PID=228) to work on /home/airflow/.local/lib/python3.8/site-packages/airflow/example_dags/example_xcom.py
[2023-09-28T18:36:16.931+0000] {processor.py:829} INFO - Processing file /home/airflow/.local/lib/python3.8/site-packages/airflow/example_dags/example_xcom.py for tasks to queue
[2023-09-28T18:36:16.933+0000] {logging_mixin.py:151} INFO - [2023-09-28T18:36:16.933+0000] {dagbag.py:539} INFO - Filling up the DagBag from /home/airflow/.local/lib/python3.8/site-packages/airflow/example_dags/example_xcom.py
[2023-09-28T18:36:16.938+0000] {processor.py:839} INFO - DAG(s) dict_keys(['example_xcom']) retrieved from /home/airflow/.local/lib/python3.8/site-packages/airflow/example_dags/example_xcom.py
[2023-09-28T18:36:16.956+0000] {logging_mixin.py:151} INFO - [2023-09-28T18:36:16.956+0000] {dag.py:2915} INFO - Sync 1 DAGs
[2023-09-28T18:36:16.971+0000] {logging_mixin.py:151} INFO - [2023-09-28T18:36:16.970+0000] {dag.py:3696} INFO - Setting next_dagrun for example_xcom to 2021-01-01T00:00:00+00:00, run_after=2021-01-01T00:00:00+00:00
[2023-09-28T18:36:16.987+0000] {processor.py:179} INFO - Processing /home/airflow/.local/lib/python3.8/site-packages/airflow/example_dags/example_xcom.py took 0.060 seconds
