[2023-09-28T18:05:27.651+0000] {processor.py:157} INFO - Started process (PID=42) to work on /home/airflow/.local/lib/python3.8/site-packages/airflow/example_dags/example_nested_branch_dag.py
[2023-09-28T18:05:27.652+0000] {processor.py:829} INFO - Processing file /home/airflow/.local/lib/python3.8/site-packages/airflow/example_dags/example_nested_branch_dag.py for tasks to queue
[2023-09-28T18:05:27.655+0000] {logging_mixin.py:151} INFO - [2023-09-28T18:05:27.655+0000] {dagbag.py:539} INFO - Filling up the DagBag from /home/airflow/.local/lib/python3.8/site-packages/airflow/example_dags/example_nested_branch_dag.py
[2023-09-28T18:05:27.668+0000] {processor.py:839} INFO - DAG(s) dict_keys(['example_nested_branch_dag']) retrieved from /home/airflow/.local/lib/python3.8/site-packages/airflow/example_dags/example_nested_branch_dag.py
[2023-09-28T18:05:27.681+0000] {logging_mixin.py:151} INFO - [2023-09-28T18:05:27.681+0000] {dag.py:2915} INFO - Sync 1 DAGs
[2023-09-28T18:05:27.700+0000] {logging_mixin.py:151} INFO - [2023-09-28T18:05:27.700+0000] {dag.py:3696} INFO - Setting next_dagrun for example_nested_branch_dag to 2023-09-27T00:00:00+00:00, run_after=2023-09-28T00:00:00+00:00
[2023-09-28T18:05:27.719+0000] {processor.py:179} INFO - Processing /home/airflow/.local/lib/python3.8/site-packages/airflow/example_dags/example_nested_branch_dag.py took 0.071 seconds
[2023-09-28T18:05:57.812+0000] {processor.py:157} INFO - Started process (PID=94) to work on /home/airflow/.local/lib/python3.8/site-packages/airflow/example_dags/example_nested_branch_dag.py
[2023-09-28T18:05:57.814+0000] {processor.py:829} INFO - Processing file /home/airflow/.local/lib/python3.8/site-packages/airflow/example_dags/example_nested_branch_dag.py for tasks to queue
[2023-09-28T18:05:57.817+0000] {logging_mixin.py:151} INFO - [2023-09-28T18:05:57.816+0000] {dagbag.py:539} INFO - Filling up the DagBag from /home/airflow/.local/lib/python3.8/site-packages/airflow/example_dags/example_nested_branch_dag.py
[2023-09-28T18:05:57.824+0000] {processor.py:839} INFO - DAG(s) dict_keys(['example_nested_branch_dag']) retrieved from /home/airflow/.local/lib/python3.8/site-packages/airflow/example_dags/example_nested_branch_dag.py
[2023-09-28T18:05:57.841+0000] {logging_mixin.py:151} INFO - [2023-09-28T18:05:57.841+0000] {dag.py:2915} INFO - Sync 1 DAGs
[2023-09-28T18:05:57.862+0000] {logging_mixin.py:151} INFO - [2023-09-28T18:05:57.861+0000] {dag.py:3696} INFO - Setting next_dagrun for example_nested_branch_dag to 2023-09-27T00:00:00+00:00, run_after=2023-09-28T00:00:00+00:00
[2023-09-28T18:05:57.875+0000] {processor.py:179} INFO - Processing /home/airflow/.local/lib/python3.8/site-packages/airflow/example_dags/example_nested_branch_dag.py took 0.065 seconds
[2023-09-28T18:06:28.755+0000] {processor.py:157} INFO - Started process (PID=148) to work on /home/airflow/.local/lib/python3.8/site-packages/airflow/example_dags/example_nested_branch_dag.py
[2023-09-28T18:06:28.758+0000] {processor.py:829} INFO - Processing file /home/airflow/.local/lib/python3.8/site-packages/airflow/example_dags/example_nested_branch_dag.py for tasks to queue
[2023-09-28T18:06:28.760+0000] {logging_mixin.py:151} INFO - [2023-09-28T18:06:28.760+0000] {dagbag.py:539} INFO - Filling up the DagBag from /home/airflow/.local/lib/python3.8/site-packages/airflow/example_dags/example_nested_branch_dag.py
[2023-09-28T18:06:28.768+0000] {processor.py:839} INFO - DAG(s) dict_keys(['example_nested_branch_dag']) retrieved from /home/airflow/.local/lib/python3.8/site-packages/airflow/example_dags/example_nested_branch_dag.py
[2023-09-28T18:06:28.785+0000] {logging_mixin.py:151} INFO - [2023-09-28T18:06:28.785+0000] {dag.py:2915} INFO - Sync 1 DAGs
[2023-09-28T18:06:28.801+0000] {logging_mixin.py:151} INFO - [2023-09-28T18:06:28.801+0000] {dag.py:3696} INFO - Setting next_dagrun for example_nested_branch_dag to 2023-09-27T00:00:00+00:00, run_after=2023-09-28T00:00:00+00:00
[2023-09-28T18:06:28.814+0000] {processor.py:179} INFO - Processing /home/airflow/.local/lib/python3.8/site-packages/airflow/example_dags/example_nested_branch_dag.py took 0.061 seconds
[2023-09-28T18:06:58.903+0000] {processor.py:157} INFO - Started process (PID=202) to work on /home/airflow/.local/lib/python3.8/site-packages/airflow/example_dags/example_nested_branch_dag.py
[2023-09-28T18:06:58.905+0000] {processor.py:829} INFO - Processing file /home/airflow/.local/lib/python3.8/site-packages/airflow/example_dags/example_nested_branch_dag.py for tasks to queue
[2023-09-28T18:06:58.908+0000] {logging_mixin.py:151} INFO - [2023-09-28T18:06:58.907+0000] {dagbag.py:539} INFO - Filling up the DagBag from /home/airflow/.local/lib/python3.8/site-packages/airflow/example_dags/example_nested_branch_dag.py
[2023-09-28T18:06:58.914+0000] {processor.py:839} INFO - DAG(s) dict_keys(['example_nested_branch_dag']) retrieved from /home/airflow/.local/lib/python3.8/site-packages/airflow/example_dags/example_nested_branch_dag.py
[2023-09-28T18:06:58.930+0000] {logging_mixin.py:151} INFO - [2023-09-28T18:06:58.930+0000] {dag.py:2915} INFO - Sync 1 DAGs
[2023-09-28T18:06:58.946+0000] {logging_mixin.py:151} INFO - [2023-09-28T18:06:58.946+0000] {dag.py:3696} INFO - Setting next_dagrun for example_nested_branch_dag to 2023-09-27T00:00:00+00:00, run_after=2023-09-28T00:00:00+00:00
[2023-09-28T18:06:58.960+0000] {processor.py:179} INFO - Processing /home/airflow/.local/lib/python3.8/site-packages/airflow/example_dags/example_nested_branch_dag.py took 0.059 seconds
[2023-09-28T18:07:29.794+0000] {processor.py:157} INFO - Started process (PID=256) to work on /home/airflow/.local/lib/python3.8/site-packages/airflow/example_dags/example_nested_branch_dag.py
[2023-09-28T18:07:29.797+0000] {processor.py:829} INFO - Processing file /home/airflow/.local/lib/python3.8/site-packages/airflow/example_dags/example_nested_branch_dag.py for tasks to queue
[2023-09-28T18:07:29.799+0000] {logging_mixin.py:151} INFO - [2023-09-28T18:07:29.799+0000] {dagbag.py:539} INFO - Filling up the DagBag from /home/airflow/.local/lib/python3.8/site-packages/airflow/example_dags/example_nested_branch_dag.py
[2023-09-28T18:07:29.812+0000] {processor.py:839} INFO - DAG(s) dict_keys(['example_nested_branch_dag']) retrieved from /home/airflow/.local/lib/python3.8/site-packages/airflow/example_dags/example_nested_branch_dag.py
[2023-09-28T18:07:29.830+0000] {logging_mixin.py:151} INFO - [2023-09-28T18:07:29.830+0000] {dag.py:2915} INFO - Sync 1 DAGs
[2023-09-28T18:07:29.845+0000] {logging_mixin.py:151} INFO - [2023-09-28T18:07:29.845+0000] {dag.py:3696} INFO - Setting next_dagrun for example_nested_branch_dag to 2023-09-27T00:00:00+00:00, run_after=2023-09-28T00:00:00+00:00
[2023-09-28T18:07:29.859+0000] {processor.py:179} INFO - Processing /home/airflow/.local/lib/python3.8/site-packages/airflow/example_dags/example_nested_branch_dag.py took 0.067 seconds
[2023-09-28T18:08:00.583+0000] {processor.py:157} INFO - Started process (PID=310) to work on /home/airflow/.local/lib/python3.8/site-packages/airflow/example_dags/example_nested_branch_dag.py
[2023-09-28T18:08:00.585+0000] {processor.py:829} INFO - Processing file /home/airflow/.local/lib/python3.8/site-packages/airflow/example_dags/example_nested_branch_dag.py for tasks to queue
[2023-09-28T18:08:00.587+0000] {logging_mixin.py:151} INFO - [2023-09-28T18:08:00.587+0000] {dagbag.py:539} INFO - Filling up the DagBag from /home/airflow/.local/lib/python3.8/site-packages/airflow/example_dags/example_nested_branch_dag.py
[2023-09-28T18:08:00.593+0000] {processor.py:839} INFO - DAG(s) dict_keys(['example_nested_branch_dag']) retrieved from /home/airflow/.local/lib/python3.8/site-packages/airflow/example_dags/example_nested_branch_dag.py
[2023-09-28T18:08:00.610+0000] {logging_mixin.py:151} INFO - [2023-09-28T18:08:00.610+0000] {dag.py:2915} INFO - Sync 1 DAGs
[2023-09-28T18:08:00.625+0000] {logging_mixin.py:151} INFO - [2023-09-28T18:08:00.625+0000] {dag.py:3696} INFO - Setting next_dagrun for example_nested_branch_dag to 2023-09-27T00:00:00+00:00, run_after=2023-09-28T00:00:00+00:00
[2023-09-28T18:08:00.640+0000] {processor.py:179} INFO - Processing /home/airflow/.local/lib/python3.8/site-packages/airflow/example_dags/example_nested_branch_dag.py took 0.060 seconds
[2023-09-28T18:08:30.728+0000] {processor.py:157} INFO - Started process (PID=364) to work on /home/airflow/.local/lib/python3.8/site-packages/airflow/example_dags/example_nested_branch_dag.py
[2023-09-28T18:08:30.730+0000] {processor.py:829} INFO - Processing file /home/airflow/.local/lib/python3.8/site-packages/airflow/example_dags/example_nested_branch_dag.py for tasks to queue
[2023-09-28T18:08:30.733+0000] {logging_mixin.py:151} INFO - [2023-09-28T18:08:30.732+0000] {dagbag.py:539} INFO - Filling up the DagBag from /home/airflow/.local/lib/python3.8/site-packages/airflow/example_dags/example_nested_branch_dag.py
[2023-09-28T18:08:30.740+0000] {processor.py:839} INFO - DAG(s) dict_keys(['example_nested_branch_dag']) retrieved from /home/airflow/.local/lib/python3.8/site-packages/airflow/example_dags/example_nested_branch_dag.py
[2023-09-28T18:08:30.759+0000] {logging_mixin.py:151} INFO - [2023-09-28T18:08:30.758+0000] {dag.py:2915} INFO - Sync 1 DAGs
[2023-09-28T18:08:30.774+0000] {logging_mixin.py:151} INFO - [2023-09-28T18:08:30.774+0000] {dag.py:3696} INFO - Setting next_dagrun for example_nested_branch_dag to 2023-09-27T00:00:00+00:00, run_after=2023-09-28T00:00:00+00:00
[2023-09-28T18:08:30.790+0000] {processor.py:179} INFO - Processing /home/airflow/.local/lib/python3.8/site-packages/airflow/example_dags/example_nested_branch_dag.py took 0.063 seconds
[2023-09-28T18:09:01.624+0000] {processor.py:157} INFO - Started process (PID=418) to work on /home/airflow/.local/lib/python3.8/site-packages/airflow/example_dags/example_nested_branch_dag.py
[2023-09-28T18:09:01.626+0000] {processor.py:829} INFO - Processing file /home/airflow/.local/lib/python3.8/site-packages/airflow/example_dags/example_nested_branch_dag.py for tasks to queue
[2023-09-28T18:09:01.628+0000] {logging_mixin.py:151} INFO - [2023-09-28T18:09:01.628+0000] {dagbag.py:539} INFO - Filling up the DagBag from /home/airflow/.local/lib/python3.8/site-packages/airflow/example_dags/example_nested_branch_dag.py
[2023-09-28T18:09:01.636+0000] {processor.py:839} INFO - DAG(s) dict_keys(['example_nested_branch_dag']) retrieved from /home/airflow/.local/lib/python3.8/site-packages/airflow/example_dags/example_nested_branch_dag.py
[2023-09-28T18:09:01.661+0000] {logging_mixin.py:151} INFO - [2023-09-28T18:09:01.660+0000] {dag.py:2915} INFO - Sync 1 DAGs
[2023-09-28T18:09:01.675+0000] {logging_mixin.py:151} INFO - [2023-09-28T18:09:01.675+0000] {dag.py:3696} INFO - Setting next_dagrun for example_nested_branch_dag to 2023-09-27T00:00:00+00:00, run_after=2023-09-28T00:00:00+00:00
[2023-09-28T18:09:01.689+0000] {processor.py:179} INFO - Processing /home/airflow/.local/lib/python3.8/site-packages/airflow/example_dags/example_nested_branch_dag.py took 0.067 seconds
[2023-09-28T18:09:32.366+0000] {processor.py:157} INFO - Started process (PID=471) to work on /home/airflow/.local/lib/python3.8/site-packages/airflow/example_dags/example_nested_branch_dag.py
[2023-09-28T18:09:32.367+0000] {processor.py:829} INFO - Processing file /home/airflow/.local/lib/python3.8/site-packages/airflow/example_dags/example_nested_branch_dag.py for tasks to queue
[2023-09-28T18:09:32.372+0000] {logging_mixin.py:151} INFO - [2023-09-28T18:09:32.372+0000] {dagbag.py:539} INFO - Filling up the DagBag from /home/airflow/.local/lib/python3.8/site-packages/airflow/example_dags/example_nested_branch_dag.py
[2023-09-28T18:09:32.380+0000] {processor.py:839} INFO - DAG(s) dict_keys(['example_nested_branch_dag']) retrieved from /home/airflow/.local/lib/python3.8/site-packages/airflow/example_dags/example_nested_branch_dag.py
[2023-09-28T18:09:32.398+0000] {logging_mixin.py:151} INFO - [2023-09-28T18:09:32.398+0000] {dag.py:2915} INFO - Sync 1 DAGs
[2023-09-28T18:09:32.414+0000] {logging_mixin.py:151} INFO - [2023-09-28T18:09:32.413+0000] {dag.py:3696} INFO - Setting next_dagrun for example_nested_branch_dag to 2023-09-27T00:00:00+00:00, run_after=2023-09-28T00:00:00+00:00
[2023-09-28T18:09:32.427+0000] {processor.py:179} INFO - Processing /home/airflow/.local/lib/python3.8/site-packages/airflow/example_dags/example_nested_branch_dag.py took 0.064 seconds
[2023-09-28T18:10:03.201+0000] {processor.py:157} INFO - Started process (PID=525) to work on /home/airflow/.local/lib/python3.8/site-packages/airflow/example_dags/example_nested_branch_dag.py
[2023-09-28T18:10:03.203+0000] {processor.py:829} INFO - Processing file /home/airflow/.local/lib/python3.8/site-packages/airflow/example_dags/example_nested_branch_dag.py for tasks to queue
[2023-09-28T18:10:03.206+0000] {logging_mixin.py:151} INFO - [2023-09-28T18:10:03.206+0000] {dagbag.py:539} INFO - Filling up the DagBag from /home/airflow/.local/lib/python3.8/site-packages/airflow/example_dags/example_nested_branch_dag.py
[2023-09-28T18:10:03.214+0000] {processor.py:839} INFO - DAG(s) dict_keys(['example_nested_branch_dag']) retrieved from /home/airflow/.local/lib/python3.8/site-packages/airflow/example_dags/example_nested_branch_dag.py
[2023-09-28T18:10:03.233+0000] {logging_mixin.py:151} INFO - [2023-09-28T18:10:03.233+0000] {dag.py:2915} INFO - Sync 1 DAGs
[2023-09-28T18:10:03.249+0000] {logging_mixin.py:151} INFO - [2023-09-28T18:10:03.249+0000] {dag.py:3696} INFO - Setting next_dagrun for example_nested_branch_dag to 2023-09-27T00:00:00+00:00, run_after=2023-09-28T00:00:00+00:00
[2023-09-28T18:10:03.265+0000] {processor.py:179} INFO - Processing /home/airflow/.local/lib/python3.8/site-packages/airflow/example_dags/example_nested_branch_dag.py took 0.066 seconds
[2023-09-28T18:10:34.934+0000] {processor.py:157} INFO - Started process (PID=579) to work on /home/airflow/.local/lib/python3.8/site-packages/airflow/example_dags/example_nested_branch_dag.py
[2023-09-28T18:10:34.936+0000] {processor.py:829} INFO - Processing file /home/airflow/.local/lib/python3.8/site-packages/airflow/example_dags/example_nested_branch_dag.py for tasks to queue
[2023-09-28T18:10:34.939+0000] {logging_mixin.py:151} INFO - [2023-09-28T18:10:34.938+0000] {dagbag.py:539} INFO - Filling up the DagBag from /home/airflow/.local/lib/python3.8/site-packages/airflow/example_dags/example_nested_branch_dag.py
[2023-09-28T18:10:34.946+0000] {processor.py:839} INFO - DAG(s) dict_keys(['example_nested_branch_dag']) retrieved from /home/airflow/.local/lib/python3.8/site-packages/airflow/example_dags/example_nested_branch_dag.py
[2023-09-28T18:10:34.962+0000] {logging_mixin.py:151} INFO - [2023-09-28T18:10:34.962+0000] {dag.py:2915} INFO - Sync 1 DAGs
[2023-09-28T18:10:34.979+0000] {logging_mixin.py:151} INFO - [2023-09-28T18:10:34.978+0000] {dag.py:3696} INFO - Setting next_dagrun for example_nested_branch_dag to 2023-09-27T00:00:00+00:00, run_after=2023-09-28T00:00:00+00:00
[2023-09-28T18:10:34.997+0000] {processor.py:179} INFO - Processing /home/airflow/.local/lib/python3.8/site-packages/airflow/example_dags/example_nested_branch_dag.py took 0.065 seconds
[2023-09-28T18:11:06.282+0000] {processor.py:157} INFO - Started process (PID=634) to work on /home/airflow/.local/lib/python3.8/site-packages/airflow/example_dags/example_nested_branch_dag.py
[2023-09-28T18:11:06.289+0000] {processor.py:829} INFO - Processing file /home/airflow/.local/lib/python3.8/site-packages/airflow/example_dags/example_nested_branch_dag.py for tasks to queue
[2023-09-28T18:11:06.294+0000] {logging_mixin.py:151} INFO - [2023-09-28T18:11:06.294+0000] {dagbag.py:539} INFO - Filling up the DagBag from /home/airflow/.local/lib/python3.8/site-packages/airflow/example_dags/example_nested_branch_dag.py
[2023-09-28T18:11:06.304+0000] {processor.py:839} INFO - DAG(s) dict_keys(['example_nested_branch_dag']) retrieved from /home/airflow/.local/lib/python3.8/site-packages/airflow/example_dags/example_nested_branch_dag.py
[2023-09-28T18:11:06.326+0000] {logging_mixin.py:151} INFO - [2023-09-28T18:11:06.326+0000] {dag.py:2915} INFO - Sync 1 DAGs
[2023-09-28T18:11:06.349+0000] {logging_mixin.py:151} INFO - [2023-09-28T18:11:06.349+0000] {dag.py:3696} INFO - Setting next_dagrun for example_nested_branch_dag to 2023-09-27T00:00:00+00:00, run_after=2023-09-28T00:00:00+00:00
[2023-09-28T18:11:06.366+0000] {processor.py:179} INFO - Processing /home/airflow/.local/lib/python3.8/site-packages/airflow/example_dags/example_nested_branch_dag.py took 0.088 seconds
[2023-09-28T18:13:54.788+0000] {processor.py:157} INFO - Started process (PID=41) to work on /home/airflow/.local/lib/python3.8/site-packages/airflow/example_dags/example_nested_branch_dag.py
[2023-09-28T18:13:54.792+0000] {processor.py:829} INFO - Processing file /home/airflow/.local/lib/python3.8/site-packages/airflow/example_dags/example_nested_branch_dag.py for tasks to queue
[2023-09-28T18:13:54.796+0000] {logging_mixin.py:151} INFO - [2023-09-28T18:13:54.796+0000] {dagbag.py:539} INFO - Filling up the DagBag from /home/airflow/.local/lib/python3.8/site-packages/airflow/example_dags/example_nested_branch_dag.py
[2023-09-28T18:13:54.810+0000] {processor.py:839} INFO - DAG(s) dict_keys(['example_nested_branch_dag']) retrieved from /home/airflow/.local/lib/python3.8/site-packages/airflow/example_dags/example_nested_branch_dag.py
[2023-09-28T18:13:54.922+0000] {logging_mixin.py:151} INFO - [2023-09-28T18:13:54.922+0000] {manager.py:499} INFO - Created Permission View: %s
[2023-09-28T18:13:54.931+0000] {logging_mixin.py:151} INFO - [2023-09-28T18:13:54.931+0000] {manager.py:499} INFO - Created Permission View: %s
[2023-09-28T18:13:54.938+0000] {logging_mixin.py:151} INFO - [2023-09-28T18:13:54.938+0000] {manager.py:499} INFO - Created Permission View: %s
[2023-09-28T18:13:54.939+0000] {logging_mixin.py:151} INFO - [2023-09-28T18:13:54.939+0000] {security.py:708} INFO - Not syncing DAG-level permissions for DAG 'DAG:example_nested_branch_dag' as access control is unset.
[2023-09-28T18:13:54.940+0000] {logging_mixin.py:151} INFO - [2023-09-28T18:13:54.940+0000] {dag.py:2915} INFO - Sync 1 DAGs
[2023-09-28T18:13:54.951+0000] {logging_mixin.py:151} INFO - [2023-09-28T18:13:54.951+0000] {dag.py:2937} INFO - Creating ORM DAG for example_nested_branch_dag
[2023-09-28T18:13:54.961+0000] {logging_mixin.py:151} INFO - [2023-09-28T18:13:54.961+0000] {dag.py:3696} INFO - Setting next_dagrun for example_nested_branch_dag to 2023-09-27T00:00:00+00:00, run_after=2023-09-28T00:00:00+00:00
[2023-09-28T18:13:54.978+0000] {processor.py:179} INFO - Processing /home/airflow/.local/lib/python3.8/site-packages/airflow/example_dags/example_nested_branch_dag.py took 0.192 seconds
[2023-09-28T18:14:25.277+0000] {processor.py:157} INFO - Started process (PID=95) to work on /home/airflow/.local/lib/python3.8/site-packages/airflow/example_dags/example_nested_branch_dag.py
[2023-09-28T18:14:25.279+0000] {processor.py:829} INFO - Processing file /home/airflow/.local/lib/python3.8/site-packages/airflow/example_dags/example_nested_branch_dag.py for tasks to queue
[2023-09-28T18:14:25.281+0000] {logging_mixin.py:151} INFO - [2023-09-28T18:14:25.281+0000] {dagbag.py:539} INFO - Filling up the DagBag from /home/airflow/.local/lib/python3.8/site-packages/airflow/example_dags/example_nested_branch_dag.py
[2023-09-28T18:14:25.288+0000] {processor.py:839} INFO - DAG(s) dict_keys(['example_nested_branch_dag']) retrieved from /home/airflow/.local/lib/python3.8/site-packages/airflow/example_dags/example_nested_branch_dag.py
[2023-09-28T18:14:25.306+0000] {logging_mixin.py:151} INFO - [2023-09-28T18:14:25.306+0000] {dag.py:2915} INFO - Sync 1 DAGs
[2023-09-28T18:14:25.319+0000] {logging_mixin.py:151} INFO - [2023-09-28T18:14:25.319+0000] {dag.py:3696} INFO - Setting next_dagrun for example_nested_branch_dag to 2023-09-27T00:00:00+00:00, run_after=2023-09-28T00:00:00+00:00
[2023-09-28T18:14:25.330+0000] {processor.py:179} INFO - Processing /home/airflow/.local/lib/python3.8/site-packages/airflow/example_dags/example_nested_branch_dag.py took 0.056 seconds
[2023-09-28T18:14:55.998+0000] {processor.py:157} INFO - Started process (PID=149) to work on /home/airflow/.local/lib/python3.8/site-packages/airflow/example_dags/example_nested_branch_dag.py
[2023-09-28T18:14:56.000+0000] {processor.py:829} INFO - Processing file /home/airflow/.local/lib/python3.8/site-packages/airflow/example_dags/example_nested_branch_dag.py for tasks to queue
[2023-09-28T18:14:56.005+0000] {logging_mixin.py:151} INFO - [2023-09-28T18:14:56.004+0000] {dagbag.py:539} INFO - Filling up the DagBag from /home/airflow/.local/lib/python3.8/site-packages/airflow/example_dags/example_nested_branch_dag.py
[2023-09-28T18:14:56.012+0000] {processor.py:839} INFO - DAG(s) dict_keys(['example_nested_branch_dag']) retrieved from /home/airflow/.local/lib/python3.8/site-packages/airflow/example_dags/example_nested_branch_dag.py
[2023-09-28T18:14:56.034+0000] {logging_mixin.py:151} INFO - [2023-09-28T18:14:56.034+0000] {dag.py:2915} INFO - Sync 1 DAGs
[2023-09-28T18:14:56.053+0000] {logging_mixin.py:151} INFO - [2023-09-28T18:14:56.053+0000] {dag.py:3696} INFO - Setting next_dagrun for example_nested_branch_dag to 2023-09-27T00:00:00+00:00, run_after=2023-09-28T00:00:00+00:00
[2023-09-28T18:14:56.067+0000] {processor.py:179} INFO - Processing /home/airflow/.local/lib/python3.8/site-packages/airflow/example_dags/example_nested_branch_dag.py took 0.071 seconds
[2023-09-28T18:15:26.747+0000] {processor.py:157} INFO - Started process (PID=203) to work on /home/airflow/.local/lib/python3.8/site-packages/airflow/example_dags/example_nested_branch_dag.py
[2023-09-28T18:15:26.749+0000] {processor.py:829} INFO - Processing file /home/airflow/.local/lib/python3.8/site-packages/airflow/example_dags/example_nested_branch_dag.py for tasks to queue
[2023-09-28T18:15:26.752+0000] {logging_mixin.py:151} INFO - [2023-09-28T18:15:26.751+0000] {dagbag.py:539} INFO - Filling up the DagBag from /home/airflow/.local/lib/python3.8/site-packages/airflow/example_dags/example_nested_branch_dag.py
[2023-09-28T18:15:26.759+0000] {processor.py:839} INFO - DAG(s) dict_keys(['example_nested_branch_dag']) retrieved from /home/airflow/.local/lib/python3.8/site-packages/airflow/example_dags/example_nested_branch_dag.py
[2023-09-28T18:15:26.778+0000] {logging_mixin.py:151} INFO - [2023-09-28T18:15:26.778+0000] {dag.py:2915} INFO - Sync 1 DAGs
[2023-09-28T18:15:26.794+0000] {logging_mixin.py:151} INFO - [2023-09-28T18:15:26.794+0000] {dag.py:3696} INFO - Setting next_dagrun for example_nested_branch_dag to 2023-09-27T00:00:00+00:00, run_after=2023-09-28T00:00:00+00:00
[2023-09-28T18:15:26.810+0000] {processor.py:179} INFO - Processing /home/airflow/.local/lib/python3.8/site-packages/airflow/example_dags/example_nested_branch_dag.py took 0.066 seconds
[2023-09-28T18:15:57.466+0000] {processor.py:157} INFO - Started process (PID=257) to work on /home/airflow/.local/lib/python3.8/site-packages/airflow/example_dags/example_nested_branch_dag.py
[2023-09-28T18:15:57.468+0000] {processor.py:829} INFO - Processing file /home/airflow/.local/lib/python3.8/site-packages/airflow/example_dags/example_nested_branch_dag.py for tasks to queue
[2023-09-28T18:15:57.471+0000] {logging_mixin.py:151} INFO - [2023-09-28T18:15:57.471+0000] {dagbag.py:539} INFO - Filling up the DagBag from /home/airflow/.local/lib/python3.8/site-packages/airflow/example_dags/example_nested_branch_dag.py
[2023-09-28T18:15:57.481+0000] {processor.py:839} INFO - DAG(s) dict_keys(['example_nested_branch_dag']) retrieved from /home/airflow/.local/lib/python3.8/site-packages/airflow/example_dags/example_nested_branch_dag.py
[2023-09-28T18:15:57.500+0000] {logging_mixin.py:151} INFO - [2023-09-28T18:15:57.500+0000] {dag.py:2915} INFO - Sync 1 DAGs
[2023-09-28T18:15:57.514+0000] {logging_mixin.py:151} INFO - [2023-09-28T18:15:57.514+0000] {dag.py:3696} INFO - Setting next_dagrun for example_nested_branch_dag to 2023-09-27T00:00:00+00:00, run_after=2023-09-28T00:00:00+00:00
[2023-09-28T18:15:57.527+0000] {processor.py:179} INFO - Processing /home/airflow/.local/lib/python3.8/site-packages/airflow/example_dags/example_nested_branch_dag.py took 0.063 seconds
[2023-09-28T18:16:28.094+0000] {processor.py:157} INFO - Started process (PID=311) to work on /home/airflow/.local/lib/python3.8/site-packages/airflow/example_dags/example_nested_branch_dag.py
[2023-09-28T18:16:28.095+0000] {processor.py:829} INFO - Processing file /home/airflow/.local/lib/python3.8/site-packages/airflow/example_dags/example_nested_branch_dag.py for tasks to queue
[2023-09-28T18:16:28.099+0000] {logging_mixin.py:151} INFO - [2023-09-28T18:16:28.098+0000] {dagbag.py:539} INFO - Filling up the DagBag from /home/airflow/.local/lib/python3.8/site-packages/airflow/example_dags/example_nested_branch_dag.py
[2023-09-28T18:16:28.106+0000] {processor.py:839} INFO - DAG(s) dict_keys(['example_nested_branch_dag']) retrieved from /home/airflow/.local/lib/python3.8/site-packages/airflow/example_dags/example_nested_branch_dag.py
[2023-09-28T18:16:28.123+0000] {logging_mixin.py:151} INFO - [2023-09-28T18:16:28.123+0000] {dag.py:2915} INFO - Sync 1 DAGs
[2023-09-28T18:16:28.137+0000] {logging_mixin.py:151} INFO - [2023-09-28T18:16:28.137+0000] {dag.py:3696} INFO - Setting next_dagrun for example_nested_branch_dag to 2023-09-27T00:00:00+00:00, run_after=2023-09-28T00:00:00+00:00
[2023-09-28T18:16:28.150+0000] {processor.py:179} INFO - Processing /home/airflow/.local/lib/python3.8/site-packages/airflow/example_dags/example_nested_branch_dag.py took 0.059 seconds
[2023-09-28T18:16:58.930+0000] {processor.py:157} INFO - Started process (PID=365) to work on /home/airflow/.local/lib/python3.8/site-packages/airflow/example_dags/example_nested_branch_dag.py
[2023-09-28T18:16:58.932+0000] {processor.py:829} INFO - Processing file /home/airflow/.local/lib/python3.8/site-packages/airflow/example_dags/example_nested_branch_dag.py for tasks to queue
[2023-09-28T18:16:58.936+0000] {logging_mixin.py:151} INFO - [2023-09-28T18:16:58.936+0000] {dagbag.py:539} INFO - Filling up the DagBag from /home/airflow/.local/lib/python3.8/site-packages/airflow/example_dags/example_nested_branch_dag.py
[2023-09-28T18:16:58.944+0000] {processor.py:839} INFO - DAG(s) dict_keys(['example_nested_branch_dag']) retrieved from /home/airflow/.local/lib/python3.8/site-packages/airflow/example_dags/example_nested_branch_dag.py
[2023-09-28T18:16:58.963+0000] {logging_mixin.py:151} INFO - [2023-09-28T18:16:58.963+0000] {dag.py:2915} INFO - Sync 1 DAGs
[2023-09-28T18:16:58.978+0000] {logging_mixin.py:151} INFO - [2023-09-28T18:16:58.978+0000] {dag.py:3696} INFO - Setting next_dagrun for example_nested_branch_dag to 2023-09-27T00:00:00+00:00, run_after=2023-09-28T00:00:00+00:00
[2023-09-28T18:16:58.992+0000] {processor.py:179} INFO - Processing /home/airflow/.local/lib/python3.8/site-packages/airflow/example_dags/example_nested_branch_dag.py took 0.064 seconds
[2023-09-28T18:17:29.558+0000] {processor.py:157} INFO - Started process (PID=418) to work on /home/airflow/.local/lib/python3.8/site-packages/airflow/example_dags/example_nested_branch_dag.py
[2023-09-28T18:17:29.560+0000] {processor.py:829} INFO - Processing file /home/airflow/.local/lib/python3.8/site-packages/airflow/example_dags/example_nested_branch_dag.py for tasks to queue
[2023-09-28T18:17:29.563+0000] {logging_mixin.py:151} INFO - [2023-09-28T18:17:29.563+0000] {dagbag.py:539} INFO - Filling up the DagBag from /home/airflow/.local/lib/python3.8/site-packages/airflow/example_dags/example_nested_branch_dag.py
[2023-09-28T18:17:29.570+0000] {processor.py:839} INFO - DAG(s) dict_keys(['example_nested_branch_dag']) retrieved from /home/airflow/.local/lib/python3.8/site-packages/airflow/example_dags/example_nested_branch_dag.py
[2023-09-28T18:17:29.586+0000] {logging_mixin.py:151} INFO - [2023-09-28T18:17:29.586+0000] {dag.py:2915} INFO - Sync 1 DAGs
[2023-09-28T18:17:29.599+0000] {logging_mixin.py:151} INFO - [2023-09-28T18:17:29.599+0000] {dag.py:3696} INFO - Setting next_dagrun for example_nested_branch_dag to 2023-09-27T00:00:00+00:00, run_after=2023-09-28T00:00:00+00:00
[2023-09-28T18:17:29.610+0000] {processor.py:179} INFO - Processing /home/airflow/.local/lib/python3.8/site-packages/airflow/example_dags/example_nested_branch_dag.py took 0.055 seconds
[2023-09-28T18:18:00.299+0000] {processor.py:157} INFO - Started process (PID=473) to work on /home/airflow/.local/lib/python3.8/site-packages/airflow/example_dags/example_nested_branch_dag.py
[2023-09-28T18:18:00.301+0000] {processor.py:829} INFO - Processing file /home/airflow/.local/lib/python3.8/site-packages/airflow/example_dags/example_nested_branch_dag.py for tasks to queue
[2023-09-28T18:18:00.304+0000] {logging_mixin.py:151} INFO - [2023-09-28T18:18:00.304+0000] {dagbag.py:539} INFO - Filling up the DagBag from /home/airflow/.local/lib/python3.8/site-packages/airflow/example_dags/example_nested_branch_dag.py
[2023-09-28T18:18:00.311+0000] {processor.py:839} INFO - DAG(s) dict_keys(['example_nested_branch_dag']) retrieved from /home/airflow/.local/lib/python3.8/site-packages/airflow/example_dags/example_nested_branch_dag.py
[2023-09-28T18:18:00.328+0000] {logging_mixin.py:151} INFO - [2023-09-28T18:18:00.328+0000] {dag.py:2915} INFO - Sync 1 DAGs
[2023-09-28T18:18:00.341+0000] {logging_mixin.py:151} INFO - [2023-09-28T18:18:00.341+0000] {dag.py:3696} INFO - Setting next_dagrun for example_nested_branch_dag to 2023-09-27T00:00:00+00:00, run_after=2023-09-28T00:00:00+00:00
[2023-09-28T18:18:00.350+0000] {processor.py:179} INFO - Processing /home/airflow/.local/lib/python3.8/site-packages/airflow/example_dags/example_nested_branch_dag.py took 0.054 seconds
[2023-09-28T18:18:31.004+0000] {processor.py:157} INFO - Started process (PID=527) to work on /home/airflow/.local/lib/python3.8/site-packages/airflow/example_dags/example_nested_branch_dag.py
[2023-09-28T18:18:31.007+0000] {processor.py:829} INFO - Processing file /home/airflow/.local/lib/python3.8/site-packages/airflow/example_dags/example_nested_branch_dag.py for tasks to queue
[2023-09-28T18:18:31.010+0000] {logging_mixin.py:151} INFO - [2023-09-28T18:18:31.010+0000] {dagbag.py:539} INFO - Filling up the DagBag from /home/airflow/.local/lib/python3.8/site-packages/airflow/example_dags/example_nested_branch_dag.py
[2023-09-28T18:18:31.017+0000] {processor.py:839} INFO - DAG(s) dict_keys(['example_nested_branch_dag']) retrieved from /home/airflow/.local/lib/python3.8/site-packages/airflow/example_dags/example_nested_branch_dag.py
[2023-09-28T18:18:31.039+0000] {logging_mixin.py:151} INFO - [2023-09-28T18:18:31.038+0000] {dag.py:2915} INFO - Sync 1 DAGs
[2023-09-28T18:18:31.053+0000] {logging_mixin.py:151} INFO - [2023-09-28T18:18:31.053+0000] {dag.py:3696} INFO - Setting next_dagrun for example_nested_branch_dag to 2023-09-27T00:00:00+00:00, run_after=2023-09-28T00:00:00+00:00
[2023-09-28T18:18:31.068+0000] {processor.py:179} INFO - Processing /home/airflow/.local/lib/python3.8/site-packages/airflow/example_dags/example_nested_branch_dag.py took 0.066 seconds
[2023-09-28T18:19:01.904+0000] {processor.py:157} INFO - Started process (PID=582) to work on /home/airflow/.local/lib/python3.8/site-packages/airflow/example_dags/example_nested_branch_dag.py
[2023-09-28T18:19:01.906+0000] {processor.py:829} INFO - Processing file /home/airflow/.local/lib/python3.8/site-packages/airflow/example_dags/example_nested_branch_dag.py for tasks to queue
[2023-09-28T18:19:01.909+0000] {logging_mixin.py:151} INFO - [2023-09-28T18:19:01.908+0000] {dagbag.py:539} INFO - Filling up the DagBag from /home/airflow/.local/lib/python3.8/site-packages/airflow/example_dags/example_nested_branch_dag.py
[2023-09-28T18:19:01.916+0000] {processor.py:839} INFO - DAG(s) dict_keys(['example_nested_branch_dag']) retrieved from /home/airflow/.local/lib/python3.8/site-packages/airflow/example_dags/example_nested_branch_dag.py
[2023-09-28T18:19:01.933+0000] {logging_mixin.py:151} INFO - [2023-09-28T18:19:01.933+0000] {dag.py:2915} INFO - Sync 1 DAGs
[2023-09-28T18:19:01.950+0000] {logging_mixin.py:151} INFO - [2023-09-28T18:19:01.950+0000] {dag.py:3696} INFO - Setting next_dagrun for example_nested_branch_dag to 2023-09-27T00:00:00+00:00, run_after=2023-09-28T00:00:00+00:00
[2023-09-28T18:19:01.963+0000] {processor.py:179} INFO - Processing /home/airflow/.local/lib/python3.8/site-packages/airflow/example_dags/example_nested_branch_dag.py took 0.061 seconds
[2023-09-28T18:19:32.654+0000] {processor.py:157} INFO - Started process (PID=636) to work on /home/airflow/.local/lib/python3.8/site-packages/airflow/example_dags/example_nested_branch_dag.py
[2023-09-28T18:19:32.657+0000] {processor.py:829} INFO - Processing file /home/airflow/.local/lib/python3.8/site-packages/airflow/example_dags/example_nested_branch_dag.py for tasks to queue
[2023-09-28T18:19:32.663+0000] {logging_mixin.py:151} INFO - [2023-09-28T18:19:32.663+0000] {dagbag.py:539} INFO - Filling up the DagBag from /home/airflow/.local/lib/python3.8/site-packages/airflow/example_dags/example_nested_branch_dag.py
[2023-09-28T18:19:32.671+0000] {processor.py:839} INFO - DAG(s) dict_keys(['example_nested_branch_dag']) retrieved from /home/airflow/.local/lib/python3.8/site-packages/airflow/example_dags/example_nested_branch_dag.py
[2023-09-28T18:19:32.691+0000] {logging_mixin.py:151} INFO - [2023-09-28T18:19:32.690+0000] {dag.py:2915} INFO - Sync 1 DAGs
[2023-09-28T18:19:32.705+0000] {logging_mixin.py:151} INFO - [2023-09-28T18:19:32.705+0000] {dag.py:3696} INFO - Setting next_dagrun for example_nested_branch_dag to 2023-09-27T00:00:00+00:00, run_after=2023-09-28T00:00:00+00:00
[2023-09-28T18:19:32.719+0000] {processor.py:179} INFO - Processing /home/airflow/.local/lib/python3.8/site-packages/airflow/example_dags/example_nested_branch_dag.py took 0.067 seconds
[2023-09-28T18:20:03.362+0000] {processor.py:157} INFO - Started process (PID=690) to work on /home/airflow/.local/lib/python3.8/site-packages/airflow/example_dags/example_nested_branch_dag.py
[2023-09-28T18:20:03.364+0000] {processor.py:829} INFO - Processing file /home/airflow/.local/lib/python3.8/site-packages/airflow/example_dags/example_nested_branch_dag.py for tasks to queue
[2023-09-28T18:20:03.369+0000] {logging_mixin.py:151} INFO - [2023-09-28T18:20:03.369+0000] {dagbag.py:539} INFO - Filling up the DagBag from /home/airflow/.local/lib/python3.8/site-packages/airflow/example_dags/example_nested_branch_dag.py
[2023-09-28T18:20:03.376+0000] {processor.py:839} INFO - DAG(s) dict_keys(['example_nested_branch_dag']) retrieved from /home/airflow/.local/lib/python3.8/site-packages/airflow/example_dags/example_nested_branch_dag.py
[2023-09-28T18:20:03.395+0000] {logging_mixin.py:151} INFO - [2023-09-28T18:20:03.395+0000] {dag.py:2915} INFO - Sync 1 DAGs
[2023-09-28T18:20:03.413+0000] {logging_mixin.py:151} INFO - [2023-09-28T18:20:03.413+0000] {dag.py:3696} INFO - Setting next_dagrun for example_nested_branch_dag to 2023-09-27T00:00:00+00:00, run_after=2023-09-28T00:00:00+00:00
[2023-09-28T18:20:03.427+0000] {processor.py:179} INFO - Processing /home/airflow/.local/lib/python3.8/site-packages/airflow/example_dags/example_nested_branch_dag.py took 0.068 seconds
[2023-09-28T18:20:34.041+0000] {processor.py:157} INFO - Started process (PID=743) to work on /home/airflow/.local/lib/python3.8/site-packages/airflow/example_dags/example_nested_branch_dag.py
[2023-09-28T18:20:34.043+0000] {processor.py:829} INFO - Processing file /home/airflow/.local/lib/python3.8/site-packages/airflow/example_dags/example_nested_branch_dag.py for tasks to queue
[2023-09-28T18:20:34.045+0000] {logging_mixin.py:151} INFO - [2023-09-28T18:20:34.045+0000] {dagbag.py:539} INFO - Filling up the DagBag from /home/airflow/.local/lib/python3.8/site-packages/airflow/example_dags/example_nested_branch_dag.py
[2023-09-28T18:20:34.053+0000] {processor.py:839} INFO - DAG(s) dict_keys(['example_nested_branch_dag']) retrieved from /home/airflow/.local/lib/python3.8/site-packages/airflow/example_dags/example_nested_branch_dag.py
[2023-09-28T18:20:34.074+0000] {logging_mixin.py:151} INFO - [2023-09-28T18:20:34.074+0000] {dag.py:2915} INFO - Sync 1 DAGs
[2023-09-28T18:20:34.090+0000] {logging_mixin.py:151} INFO - [2023-09-28T18:20:34.089+0000] {dag.py:3696} INFO - Setting next_dagrun for example_nested_branch_dag to 2023-09-27T00:00:00+00:00, run_after=2023-09-28T00:00:00+00:00
[2023-09-28T18:20:34.103+0000] {processor.py:179} INFO - Processing /home/airflow/.local/lib/python3.8/site-packages/airflow/example_dags/example_nested_branch_dag.py took 0.065 seconds
[2023-09-28T18:21:04.649+0000] {processor.py:157} INFO - Started process (PID=797) to work on /home/airflow/.local/lib/python3.8/site-packages/airflow/example_dags/example_nested_branch_dag.py
[2023-09-28T18:21:04.652+0000] {processor.py:829} INFO - Processing file /home/airflow/.local/lib/python3.8/site-packages/airflow/example_dags/example_nested_branch_dag.py for tasks to queue
[2023-09-28T18:21:04.654+0000] {logging_mixin.py:151} INFO - [2023-09-28T18:21:04.653+0000] {dagbag.py:539} INFO - Filling up the DagBag from /home/airflow/.local/lib/python3.8/site-packages/airflow/example_dags/example_nested_branch_dag.py
[2023-09-28T18:21:04.661+0000] {processor.py:839} INFO - DAG(s) dict_keys(['example_nested_branch_dag']) retrieved from /home/airflow/.local/lib/python3.8/site-packages/airflow/example_dags/example_nested_branch_dag.py
[2023-09-28T18:21:04.688+0000] {logging_mixin.py:151} INFO - [2023-09-28T18:21:04.688+0000] {dag.py:2915} INFO - Sync 1 DAGs
[2023-09-28T18:21:04.704+0000] {logging_mixin.py:151} INFO - [2023-09-28T18:21:04.704+0000] {dag.py:3696} INFO - Setting next_dagrun for example_nested_branch_dag to 2023-09-27T00:00:00+00:00, run_after=2023-09-28T00:00:00+00:00
[2023-09-28T18:21:04.715+0000] {processor.py:179} INFO - Processing /home/airflow/.local/lib/python3.8/site-packages/airflow/example_dags/example_nested_branch_dag.py took 0.069 seconds
[2023-09-28T18:21:35.726+0000] {processor.py:157} INFO - Started process (PID=851) to work on /home/airflow/.local/lib/python3.8/site-packages/airflow/example_dags/example_nested_branch_dag.py
[2023-09-28T18:21:35.733+0000] {processor.py:829} INFO - Processing file /home/airflow/.local/lib/python3.8/site-packages/airflow/example_dags/example_nested_branch_dag.py for tasks to queue
[2023-09-28T18:21:35.736+0000] {logging_mixin.py:151} INFO - [2023-09-28T18:21:35.736+0000] {dagbag.py:539} INFO - Filling up the DagBag from /home/airflow/.local/lib/python3.8/site-packages/airflow/example_dags/example_nested_branch_dag.py
[2023-09-28T18:21:35.745+0000] {processor.py:839} INFO - DAG(s) dict_keys(['example_nested_branch_dag']) retrieved from /home/airflow/.local/lib/python3.8/site-packages/airflow/example_dags/example_nested_branch_dag.py
[2023-09-28T18:21:35.764+0000] {logging_mixin.py:151} INFO - [2023-09-28T18:21:35.764+0000] {dag.py:2915} INFO - Sync 1 DAGs
[2023-09-28T18:21:35.782+0000] {logging_mixin.py:151} INFO - [2023-09-28T18:21:35.782+0000] {dag.py:3696} INFO - Setting next_dagrun for example_nested_branch_dag to 2023-09-27T00:00:00+00:00, run_after=2023-09-28T00:00:00+00:00
[2023-09-28T18:21:35.797+0000] {processor.py:179} INFO - Processing /home/airflow/.local/lib/python3.8/site-packages/airflow/example_dags/example_nested_branch_dag.py took 0.073 seconds
[2023-09-28T18:22:06.376+0000] {processor.py:157} INFO - Started process (PID=905) to work on /home/airflow/.local/lib/python3.8/site-packages/airflow/example_dags/example_nested_branch_dag.py
[2023-09-28T18:22:06.378+0000] {processor.py:829} INFO - Processing file /home/airflow/.local/lib/python3.8/site-packages/airflow/example_dags/example_nested_branch_dag.py for tasks to queue
[2023-09-28T18:22:06.381+0000] {logging_mixin.py:151} INFO - [2023-09-28T18:22:06.380+0000] {dagbag.py:539} INFO - Filling up the DagBag from /home/airflow/.local/lib/python3.8/site-packages/airflow/example_dags/example_nested_branch_dag.py
[2023-09-28T18:22:06.388+0000] {processor.py:839} INFO - DAG(s) dict_keys(['example_nested_branch_dag']) retrieved from /home/airflow/.local/lib/python3.8/site-packages/airflow/example_dags/example_nested_branch_dag.py
[2023-09-28T18:22:06.409+0000] {logging_mixin.py:151} INFO - [2023-09-28T18:22:06.409+0000] {dag.py:2915} INFO - Sync 1 DAGs
[2023-09-28T18:22:06.425+0000] {logging_mixin.py:151} INFO - [2023-09-28T18:22:06.425+0000] {dag.py:3696} INFO - Setting next_dagrun for example_nested_branch_dag to 2023-09-27T00:00:00+00:00, run_after=2023-09-28T00:00:00+00:00
[2023-09-28T18:22:06.443+0000] {processor.py:179} INFO - Processing /home/airflow/.local/lib/python3.8/site-packages/airflow/example_dags/example_nested_branch_dag.py took 0.070 seconds
[2023-09-28T18:22:37.256+0000] {processor.py:157} INFO - Started process (PID=958) to work on /home/airflow/.local/lib/python3.8/site-packages/airflow/example_dags/example_nested_branch_dag.py
[2023-09-28T18:22:37.262+0000] {processor.py:829} INFO - Processing file /home/airflow/.local/lib/python3.8/site-packages/airflow/example_dags/example_nested_branch_dag.py for tasks to queue
[2023-09-28T18:22:37.265+0000] {logging_mixin.py:151} INFO - [2023-09-28T18:22:37.265+0000] {dagbag.py:539} INFO - Filling up the DagBag from /home/airflow/.local/lib/python3.8/site-packages/airflow/example_dags/example_nested_branch_dag.py
[2023-09-28T18:22:37.273+0000] {processor.py:839} INFO - DAG(s) dict_keys(['example_nested_branch_dag']) retrieved from /home/airflow/.local/lib/python3.8/site-packages/airflow/example_dags/example_nested_branch_dag.py
[2023-09-28T18:22:37.292+0000] {logging_mixin.py:151} INFO - [2023-09-28T18:22:37.292+0000] {dag.py:2915} INFO - Sync 1 DAGs
[2023-09-28T18:22:37.308+0000] {logging_mixin.py:151} INFO - [2023-09-28T18:22:37.307+0000] {dag.py:3696} INFO - Setting next_dagrun for example_nested_branch_dag to 2023-09-27T00:00:00+00:00, run_after=2023-09-28T00:00:00+00:00
[2023-09-28T18:22:37.321+0000] {processor.py:179} INFO - Processing /home/airflow/.local/lib/python3.8/site-packages/airflow/example_dags/example_nested_branch_dag.py took 0.067 seconds
[2023-09-28T18:23:08.186+0000] {processor.py:157} INFO - Started process (PID=1011) to work on /home/airflow/.local/lib/python3.8/site-packages/airflow/example_dags/example_nested_branch_dag.py
[2023-09-28T18:23:08.188+0000] {processor.py:829} INFO - Processing file /home/airflow/.local/lib/python3.8/site-packages/airflow/example_dags/example_nested_branch_dag.py for tasks to queue
[2023-09-28T18:23:08.191+0000] {logging_mixin.py:151} INFO - [2023-09-28T18:23:08.191+0000] {dagbag.py:539} INFO - Filling up the DagBag from /home/airflow/.local/lib/python3.8/site-packages/airflow/example_dags/example_nested_branch_dag.py
[2023-09-28T18:23:08.202+0000] {processor.py:839} INFO - DAG(s) dict_keys(['example_nested_branch_dag']) retrieved from /home/airflow/.local/lib/python3.8/site-packages/airflow/example_dags/example_nested_branch_dag.py
[2023-09-28T18:23:08.227+0000] {logging_mixin.py:151} INFO - [2023-09-28T18:23:08.227+0000] {dag.py:2915} INFO - Sync 1 DAGs
[2023-09-28T18:23:08.245+0000] {logging_mixin.py:151} INFO - [2023-09-28T18:23:08.245+0000] {dag.py:3696} INFO - Setting next_dagrun for example_nested_branch_dag to 2023-09-27T00:00:00+00:00, run_after=2023-09-28T00:00:00+00:00
[2023-09-28T18:23:08.263+0000] {processor.py:179} INFO - Processing /home/airflow/.local/lib/python3.8/site-packages/airflow/example_dags/example_nested_branch_dag.py took 0.080 seconds
[2023-09-28T18:23:39.209+0000] {processor.py:157} INFO - Started process (PID=1065) to work on /home/airflow/.local/lib/python3.8/site-packages/airflow/example_dags/example_nested_branch_dag.py
[2023-09-28T18:23:39.211+0000] {processor.py:829} INFO - Processing file /home/airflow/.local/lib/python3.8/site-packages/airflow/example_dags/example_nested_branch_dag.py for tasks to queue
[2023-09-28T18:23:39.214+0000] {logging_mixin.py:151} INFO - [2023-09-28T18:23:39.213+0000] {dagbag.py:539} INFO - Filling up the DagBag from /home/airflow/.local/lib/python3.8/site-packages/airflow/example_dags/example_nested_branch_dag.py
[2023-09-28T18:23:39.221+0000] {processor.py:839} INFO - DAG(s) dict_keys(['example_nested_branch_dag']) retrieved from /home/airflow/.local/lib/python3.8/site-packages/airflow/example_dags/example_nested_branch_dag.py
[2023-09-28T18:23:39.238+0000] {logging_mixin.py:151} INFO - [2023-09-28T18:23:39.238+0000] {dag.py:2915} INFO - Sync 1 DAGs
[2023-09-28T18:23:39.252+0000] {logging_mixin.py:151} INFO - [2023-09-28T18:23:39.252+0000] {dag.py:3696} INFO - Setting next_dagrun for example_nested_branch_dag to 2023-09-27T00:00:00+00:00, run_after=2023-09-28T00:00:00+00:00
[2023-09-28T18:23:39.266+0000] {processor.py:179} INFO - Processing /home/airflow/.local/lib/python3.8/site-packages/airflow/example_dags/example_nested_branch_dag.py took 0.059 seconds
[2023-09-28T18:34:42.761+0000] {processor.py:157} INFO - Started process (PID=42) to work on /home/airflow/.local/lib/python3.8/site-packages/airflow/example_dags/example_nested_branch_dag.py
[2023-09-28T18:34:42.763+0000] {processor.py:829} INFO - Processing file /home/airflow/.local/lib/python3.8/site-packages/airflow/example_dags/example_nested_branch_dag.py for tasks to queue
[2023-09-28T18:34:42.766+0000] {logging_mixin.py:151} INFO - [2023-09-28T18:34:42.766+0000] {dagbag.py:539} INFO - Filling up the DagBag from /home/airflow/.local/lib/python3.8/site-packages/airflow/example_dags/example_nested_branch_dag.py
[2023-09-28T18:34:42.779+0000] {processor.py:839} INFO - DAG(s) dict_keys(['example_nested_branch_dag']) retrieved from /home/airflow/.local/lib/python3.8/site-packages/airflow/example_dags/example_nested_branch_dag.py
[2023-09-28T18:34:42.790+0000] {logging_mixin.py:151} INFO - [2023-09-28T18:34:42.790+0000] {dag.py:2915} INFO - Sync 1 DAGs
[2023-09-28T18:34:42.806+0000] {logging_mixin.py:151} INFO - [2023-09-28T18:34:42.806+0000] {dag.py:3696} INFO - Setting next_dagrun for example_nested_branch_dag to 2023-09-27T00:00:00+00:00, run_after=2023-09-28T00:00:00+00:00
[2023-09-28T18:34:42.820+0000] {processor.py:179} INFO - Processing /home/airflow/.local/lib/python3.8/site-packages/airflow/example_dags/example_nested_branch_dag.py took 0.061 seconds
[2023-09-28T18:35:13.081+0000] {processor.py:157} INFO - Started process (PID=95) to work on /home/airflow/.local/lib/python3.8/site-packages/airflow/example_dags/example_nested_branch_dag.py
[2023-09-28T18:35:13.084+0000] {processor.py:829} INFO - Processing file /home/airflow/.local/lib/python3.8/site-packages/airflow/example_dags/example_nested_branch_dag.py for tasks to queue
[2023-09-28T18:35:13.086+0000] {logging_mixin.py:151} INFO - [2023-09-28T18:35:13.086+0000] {dagbag.py:539} INFO - Filling up the DagBag from /home/airflow/.local/lib/python3.8/site-packages/airflow/example_dags/example_nested_branch_dag.py
[2023-09-28T18:35:13.094+0000] {processor.py:839} INFO - DAG(s) dict_keys(['example_nested_branch_dag']) retrieved from /home/airflow/.local/lib/python3.8/site-packages/airflow/example_dags/example_nested_branch_dag.py
[2023-09-28T18:35:13.116+0000] {logging_mixin.py:151} INFO - [2023-09-28T18:35:13.116+0000] {dag.py:2915} INFO - Sync 1 DAGs
[2023-09-28T18:35:13.133+0000] {logging_mixin.py:151} INFO - [2023-09-28T18:35:13.133+0000] {dag.py:3696} INFO - Setting next_dagrun for example_nested_branch_dag to 2023-09-27T00:00:00+00:00, run_after=2023-09-28T00:00:00+00:00
[2023-09-28T18:35:13.147+0000] {processor.py:179} INFO - Processing /home/airflow/.local/lib/python3.8/site-packages/airflow/example_dags/example_nested_branch_dag.py took 0.068 seconds
[2023-09-28T18:35:43.349+0000] {processor.py:157} INFO - Started process (PID=149) to work on /home/airflow/.local/lib/python3.8/site-packages/airflow/example_dags/example_nested_branch_dag.py
[2023-09-28T18:35:43.351+0000] {processor.py:829} INFO - Processing file /home/airflow/.local/lib/python3.8/site-packages/airflow/example_dags/example_nested_branch_dag.py for tasks to queue
[2023-09-28T18:35:43.354+0000] {logging_mixin.py:151} INFO - [2023-09-28T18:35:43.354+0000] {dagbag.py:539} INFO - Filling up the DagBag from /home/airflow/.local/lib/python3.8/site-packages/airflow/example_dags/example_nested_branch_dag.py
[2023-09-28T18:35:43.362+0000] {processor.py:839} INFO - DAG(s) dict_keys(['example_nested_branch_dag']) retrieved from /home/airflow/.local/lib/python3.8/site-packages/airflow/example_dags/example_nested_branch_dag.py
[2023-09-28T18:35:43.385+0000] {logging_mixin.py:151} INFO - [2023-09-28T18:35:43.385+0000] {dag.py:2915} INFO - Sync 1 DAGs
[2023-09-28T18:35:43.402+0000] {logging_mixin.py:151} INFO - [2023-09-28T18:35:43.401+0000] {dag.py:3696} INFO - Setting next_dagrun for example_nested_branch_dag to 2023-09-27T00:00:00+00:00, run_after=2023-09-28T00:00:00+00:00
[2023-09-28T18:35:43.417+0000] {processor.py:179} INFO - Processing /home/airflow/.local/lib/python3.8/site-packages/airflow/example_dags/example_nested_branch_dag.py took 0.071 seconds
[2023-09-28T18:36:13.483+0000] {processor.py:157} INFO - Started process (PID=203) to work on /home/airflow/.local/lib/python3.8/site-packages/airflow/example_dags/example_nested_branch_dag.py
[2023-09-28T18:36:13.484+0000] {processor.py:829} INFO - Processing file /home/airflow/.local/lib/python3.8/site-packages/airflow/example_dags/example_nested_branch_dag.py for tasks to queue
[2023-09-28T18:36:13.487+0000] {logging_mixin.py:151} INFO - [2023-09-28T18:36:13.486+0000] {dagbag.py:539} INFO - Filling up the DagBag from /home/airflow/.local/lib/python3.8/site-packages/airflow/example_dags/example_nested_branch_dag.py
[2023-09-28T18:36:13.494+0000] {processor.py:839} INFO - DAG(s) dict_keys(['example_nested_branch_dag']) retrieved from /home/airflow/.local/lib/python3.8/site-packages/airflow/example_dags/example_nested_branch_dag.py
[2023-09-28T18:36:13.518+0000] {logging_mixin.py:151} INFO - [2023-09-28T18:36:13.518+0000] {dag.py:2915} INFO - Sync 1 DAGs
[2023-09-28T18:36:13.537+0000] {logging_mixin.py:151} INFO - [2023-09-28T18:36:13.537+0000] {dag.py:3696} INFO - Setting next_dagrun for example_nested_branch_dag to 2023-09-27T00:00:00+00:00, run_after=2023-09-28T00:00:00+00:00
[2023-09-28T18:36:13.549+0000] {processor.py:179} INFO - Processing /home/airflow/.local/lib/python3.8/site-packages/airflow/example_dags/example_nested_branch_dag.py took 0.069 seconds
