[2023-09-28T18:05:30.129+0000] {processor.py:157} INFO - Started process (PID=73) to work on /home/airflow/.local/lib/python3.8/site-packages/airflow/example_dags/example_trigger_target_dag.py
[2023-09-28T18:05:30.131+0000] {processor.py:829} INFO - Processing file /home/airflow/.local/lib/python3.8/site-packages/airflow/example_dags/example_trigger_target_dag.py for tasks to queue
[2023-09-28T18:05:30.135+0000] {logging_mixin.py:151} INFO - [2023-09-28T18:05:30.134+0000] {dagbag.py:539} INFO - Filling up the DagBag from /home/airflow/.local/lib/python3.8/site-packages/airflow/example_dags/example_trigger_target_dag.py
[2023-09-28T18:05:30.142+0000] {processor.py:839} INFO - DAG(s) dict_keys(['example_trigger_target_dag']) retrieved from /home/airflow/.local/lib/python3.8/site-packages/airflow/example_dags/example_trigger_target_dag.py
[2023-09-28T18:05:30.159+0000] {logging_mixin.py:151} INFO - [2023-09-28T18:05:30.159+0000] {dag.py:2915} INFO - Sync 1 DAGs
[2023-09-28T18:05:30.172+0000] {logging_mixin.py:151} INFO - [2023-09-28T18:05:30.172+0000] {dag.py:3696} INFO - Setting next_dagrun for example_trigger_target_dag to None, run_after=None
[2023-09-28T18:05:30.202+0000] {processor.py:179} INFO - Processing /home/airflow/.local/lib/python3.8/site-packages/airflow/example_dags/example_trigger_target_dag.py took 0.076 seconds
[2023-09-28T18:06:00.654+0000] {processor.py:157} INFO - Started process (PID=126) to work on /home/airflow/.local/lib/python3.8/site-packages/airflow/example_dags/example_trigger_target_dag.py
[2023-09-28T18:06:00.656+0000] {processor.py:829} INFO - Processing file /home/airflow/.local/lib/python3.8/site-packages/airflow/example_dags/example_trigger_target_dag.py for tasks to queue
[2023-09-28T18:06:00.658+0000] {logging_mixin.py:151} INFO - [2023-09-28T18:06:00.658+0000] {dagbag.py:539} INFO - Filling up the DagBag from /home/airflow/.local/lib/python3.8/site-packages/airflow/example_dags/example_trigger_target_dag.py
[2023-09-28T18:06:00.663+0000] {processor.py:839} INFO - DAG(s) dict_keys(['example_trigger_target_dag']) retrieved from /home/airflow/.local/lib/python3.8/site-packages/airflow/example_dags/example_trigger_target_dag.py
[2023-09-28T18:06:00.679+0000] {logging_mixin.py:151} INFO - [2023-09-28T18:06:00.679+0000] {dag.py:2915} INFO - Sync 1 DAGs
[2023-09-28T18:06:00.687+0000] {logging_mixin.py:151} INFO - [2023-09-28T18:06:00.687+0000] {dag.py:3696} INFO - Setting next_dagrun for example_trigger_target_dag to None, run_after=None
[2023-09-28T18:06:00.700+0000] {processor.py:179} INFO - Processing /home/airflow/.local/lib/python3.8/site-packages/airflow/example_dags/example_trigger_target_dag.py took 0.048 seconds
[2023-09-28T18:06:31.628+0000] {processor.py:157} INFO - Started process (PID=180) to work on /home/airflow/.local/lib/python3.8/site-packages/airflow/example_dags/example_trigger_target_dag.py
[2023-09-28T18:06:31.630+0000] {processor.py:829} INFO - Processing file /home/airflow/.local/lib/python3.8/site-packages/airflow/example_dags/example_trigger_target_dag.py for tasks to queue
[2023-09-28T18:06:31.633+0000] {logging_mixin.py:151} INFO - [2023-09-28T18:06:31.633+0000] {dagbag.py:539} INFO - Filling up the DagBag from /home/airflow/.local/lib/python3.8/site-packages/airflow/example_dags/example_trigger_target_dag.py
[2023-09-28T18:06:31.639+0000] {processor.py:839} INFO - DAG(s) dict_keys(['example_trigger_target_dag']) retrieved from /home/airflow/.local/lib/python3.8/site-packages/airflow/example_dags/example_trigger_target_dag.py
[2023-09-28T18:06:31.663+0000] {logging_mixin.py:151} INFO - [2023-09-28T18:06:31.663+0000] {dag.py:2915} INFO - Sync 1 DAGs
[2023-09-28T18:06:31.681+0000] {logging_mixin.py:151} INFO - [2023-09-28T18:06:31.681+0000] {dag.py:3696} INFO - Setting next_dagrun for example_trigger_target_dag to None, run_after=None
[2023-09-28T18:06:31.701+0000] {processor.py:179} INFO - Processing /home/airflow/.local/lib/python3.8/site-packages/airflow/example_dags/example_trigger_target_dag.py took 0.076 seconds
[2023-09-28T18:07:01.730+0000] {processor.py:157} INFO - Started process (PID=234) to work on /home/airflow/.local/lib/python3.8/site-packages/airflow/example_dags/example_trigger_target_dag.py
[2023-09-28T18:07:01.733+0000] {processor.py:829} INFO - Processing file /home/airflow/.local/lib/python3.8/site-packages/airflow/example_dags/example_trigger_target_dag.py for tasks to queue
[2023-09-28T18:07:01.735+0000] {logging_mixin.py:151} INFO - [2023-09-28T18:07:01.735+0000] {dagbag.py:539} INFO - Filling up the DagBag from /home/airflow/.local/lib/python3.8/site-packages/airflow/example_dags/example_trigger_target_dag.py
[2023-09-28T18:07:01.739+0000] {processor.py:839} INFO - DAG(s) dict_keys(['example_trigger_target_dag']) retrieved from /home/airflow/.local/lib/python3.8/site-packages/airflow/example_dags/example_trigger_target_dag.py
[2023-09-28T18:07:01.755+0000] {logging_mixin.py:151} INFO - [2023-09-28T18:07:01.755+0000] {dag.py:2915} INFO - Sync 1 DAGs
[2023-09-28T18:07:01.764+0000] {logging_mixin.py:151} INFO - [2023-09-28T18:07:01.764+0000] {dag.py:3696} INFO - Setting next_dagrun for example_trigger_target_dag to None, run_after=None
[2023-09-28T18:07:01.777+0000] {processor.py:179} INFO - Processing /home/airflow/.local/lib/python3.8/site-packages/airflow/example_dags/example_trigger_target_dag.py took 0.050 seconds
[2023-09-28T18:07:32.471+0000] {processor.py:157} INFO - Started process (PID=288) to work on /home/airflow/.local/lib/python3.8/site-packages/airflow/example_dags/example_trigger_target_dag.py
[2023-09-28T18:07:32.473+0000] {processor.py:829} INFO - Processing file /home/airflow/.local/lib/python3.8/site-packages/airflow/example_dags/example_trigger_target_dag.py for tasks to queue
[2023-09-28T18:07:32.475+0000] {logging_mixin.py:151} INFO - [2023-09-28T18:07:32.475+0000] {dagbag.py:539} INFO - Filling up the DagBag from /home/airflow/.local/lib/python3.8/site-packages/airflow/example_dags/example_trigger_target_dag.py
[2023-09-28T18:07:32.480+0000] {processor.py:839} INFO - DAG(s) dict_keys(['example_trigger_target_dag']) retrieved from /home/airflow/.local/lib/python3.8/site-packages/airflow/example_dags/example_trigger_target_dag.py
[2023-09-28T18:07:32.497+0000] {logging_mixin.py:151} INFO - [2023-09-28T18:07:32.497+0000] {dag.py:2915} INFO - Sync 1 DAGs
[2023-09-28T18:07:32.507+0000] {logging_mixin.py:151} INFO - [2023-09-28T18:07:32.507+0000] {dag.py:3696} INFO - Setting next_dagrun for example_trigger_target_dag to None, run_after=None
[2023-09-28T18:07:32.526+0000] {processor.py:179} INFO - Processing /home/airflow/.local/lib/python3.8/site-packages/airflow/example_dags/example_trigger_target_dag.py took 0.058 seconds
[2023-09-28T18:08:03.379+0000] {processor.py:157} INFO - Started process (PID=342) to work on /home/airflow/.local/lib/python3.8/site-packages/airflow/example_dags/example_trigger_target_dag.py
[2023-09-28T18:08:03.382+0000] {processor.py:829} INFO - Processing file /home/airflow/.local/lib/python3.8/site-packages/airflow/example_dags/example_trigger_target_dag.py for tasks to queue
[2023-09-28T18:08:03.385+0000] {logging_mixin.py:151} INFO - [2023-09-28T18:08:03.385+0000] {dagbag.py:539} INFO - Filling up the DagBag from /home/airflow/.local/lib/python3.8/site-packages/airflow/example_dags/example_trigger_target_dag.py
[2023-09-28T18:08:03.390+0000] {processor.py:839} INFO - DAG(s) dict_keys(['example_trigger_target_dag']) retrieved from /home/airflow/.local/lib/python3.8/site-packages/airflow/example_dags/example_trigger_target_dag.py
[2023-09-28T18:08:03.404+0000] {logging_mixin.py:151} INFO - [2023-09-28T18:08:03.404+0000] {dag.py:2915} INFO - Sync 1 DAGs
[2023-09-28T18:08:03.412+0000] {logging_mixin.py:151} INFO - [2023-09-28T18:08:03.412+0000] {dag.py:3696} INFO - Setting next_dagrun for example_trigger_target_dag to None, run_after=None
[2023-09-28T18:08:03.424+0000] {processor.py:179} INFO - Processing /home/airflow/.local/lib/python3.8/site-packages/airflow/example_dags/example_trigger_target_dag.py took 0.048 seconds
[2023-09-28T18:08:33.579+0000] {processor.py:157} INFO - Started process (PID=396) to work on /home/airflow/.local/lib/python3.8/site-packages/airflow/example_dags/example_trigger_target_dag.py
[2023-09-28T18:08:33.582+0000] {processor.py:829} INFO - Processing file /home/airflow/.local/lib/python3.8/site-packages/airflow/example_dags/example_trigger_target_dag.py for tasks to queue
[2023-09-28T18:08:33.584+0000] {logging_mixin.py:151} INFO - [2023-09-28T18:08:33.584+0000] {dagbag.py:539} INFO - Filling up the DagBag from /home/airflow/.local/lib/python3.8/site-packages/airflow/example_dags/example_trigger_target_dag.py
[2023-09-28T18:08:33.589+0000] {processor.py:839} INFO - DAG(s) dict_keys(['example_trigger_target_dag']) retrieved from /home/airflow/.local/lib/python3.8/site-packages/airflow/example_dags/example_trigger_target_dag.py
[2023-09-28T18:08:33.605+0000] {logging_mixin.py:151} INFO - [2023-09-28T18:08:33.605+0000] {dag.py:2915} INFO - Sync 1 DAGs
[2023-09-28T18:08:33.614+0000] {logging_mixin.py:151} INFO - [2023-09-28T18:08:33.613+0000] {dag.py:3696} INFO - Setting next_dagrun for example_trigger_target_dag to None, run_after=None
[2023-09-28T18:08:33.626+0000] {processor.py:179} INFO - Processing /home/airflow/.local/lib/python3.8/site-packages/airflow/example_dags/example_trigger_target_dag.py took 0.050 seconds
[2023-09-28T18:09:04.303+0000] {processor.py:157} INFO - Started process (PID=450) to work on /home/airflow/.local/lib/python3.8/site-packages/airflow/example_dags/example_trigger_target_dag.py
[2023-09-28T18:09:04.306+0000] {processor.py:829} INFO - Processing file /home/airflow/.local/lib/python3.8/site-packages/airflow/example_dags/example_trigger_target_dag.py for tasks to queue
[2023-09-28T18:09:04.308+0000] {logging_mixin.py:151} INFO - [2023-09-28T18:09:04.308+0000] {dagbag.py:539} INFO - Filling up the DagBag from /home/airflow/.local/lib/python3.8/site-packages/airflow/example_dags/example_trigger_target_dag.py
[2023-09-28T18:09:04.313+0000] {processor.py:839} INFO - DAG(s) dict_keys(['example_trigger_target_dag']) retrieved from /home/airflow/.local/lib/python3.8/site-packages/airflow/example_dags/example_trigger_target_dag.py
[2023-09-28T18:09:04.328+0000] {logging_mixin.py:151} INFO - [2023-09-28T18:09:04.328+0000] {dag.py:2915} INFO - Sync 1 DAGs
[2023-09-28T18:09:04.337+0000] {logging_mixin.py:151} INFO - [2023-09-28T18:09:04.336+0000] {dag.py:3696} INFO - Setting next_dagrun for example_trigger_target_dag to None, run_after=None
[2023-09-28T18:09:04.349+0000] {processor.py:179} INFO - Processing /home/airflow/.local/lib/python3.8/site-packages/airflow/example_dags/example_trigger_target_dag.py took 0.048 seconds
[2023-09-28T18:09:35.113+0000] {processor.py:157} INFO - Started process (PID=503) to work on /home/airflow/.local/lib/python3.8/site-packages/airflow/example_dags/example_trigger_target_dag.py
[2023-09-28T18:09:35.114+0000] {processor.py:829} INFO - Processing file /home/airflow/.local/lib/python3.8/site-packages/airflow/example_dags/example_trigger_target_dag.py for tasks to queue
[2023-09-28T18:09:35.117+0000] {logging_mixin.py:151} INFO - [2023-09-28T18:09:35.116+0000] {dagbag.py:539} INFO - Filling up the DagBag from /home/airflow/.local/lib/python3.8/site-packages/airflow/example_dags/example_trigger_target_dag.py
[2023-09-28T18:09:35.122+0000] {processor.py:839} INFO - DAG(s) dict_keys(['example_trigger_target_dag']) retrieved from /home/airflow/.local/lib/python3.8/site-packages/airflow/example_dags/example_trigger_target_dag.py
[2023-09-28T18:09:35.142+0000] {logging_mixin.py:151} INFO - [2023-09-28T18:09:35.142+0000] {dag.py:2915} INFO - Sync 1 DAGs
[2023-09-28T18:09:35.151+0000] {logging_mixin.py:151} INFO - [2023-09-28T18:09:35.151+0000] {dag.py:3696} INFO - Setting next_dagrun for example_trigger_target_dag to None, run_after=None
[2023-09-28T18:09:35.167+0000] {processor.py:179} INFO - Processing /home/airflow/.local/lib/python3.8/site-packages/airflow/example_dags/example_trigger_target_dag.py took 0.056 seconds
[2023-09-28T18:10:05.924+0000] {processor.py:157} INFO - Started process (PID=557) to work on /home/airflow/.local/lib/python3.8/site-packages/airflow/example_dags/example_trigger_target_dag.py
[2023-09-28T18:10:05.928+0000] {processor.py:829} INFO - Processing file /home/airflow/.local/lib/python3.8/site-packages/airflow/example_dags/example_trigger_target_dag.py for tasks to queue
[2023-09-28T18:10:05.931+0000] {logging_mixin.py:151} INFO - [2023-09-28T18:10:05.931+0000] {dagbag.py:539} INFO - Filling up the DagBag from /home/airflow/.local/lib/python3.8/site-packages/airflow/example_dags/example_trigger_target_dag.py
[2023-09-28T18:10:05.938+0000] {processor.py:839} INFO - DAG(s) dict_keys(['example_trigger_target_dag']) retrieved from /home/airflow/.local/lib/python3.8/site-packages/airflow/example_dags/example_trigger_target_dag.py
[2023-09-28T18:10:05.966+0000] {logging_mixin.py:151} INFO - [2023-09-28T18:10:05.966+0000] {dag.py:2915} INFO - Sync 1 DAGs
[2023-09-28T18:10:05.978+0000] {logging_mixin.py:151} INFO - [2023-09-28T18:10:05.978+0000] {dag.py:3696} INFO - Setting next_dagrun for example_trigger_target_dag to None, run_after=None
[2023-09-28T18:10:06.000+0000] {processor.py:179} INFO - Processing /home/airflow/.local/lib/python3.8/site-packages/airflow/example_dags/example_trigger_target_dag.py took 0.079 seconds
[2023-09-28T18:10:36.717+0000] {processor.py:157} INFO - Started process (PID=611) to work on /home/airflow/.local/lib/python3.8/site-packages/airflow/example_dags/example_trigger_target_dag.py
[2023-09-28T18:10:36.719+0000] {processor.py:829} INFO - Processing file /home/airflow/.local/lib/python3.8/site-packages/airflow/example_dags/example_trigger_target_dag.py for tasks to queue
[2023-09-28T18:10:36.721+0000] {logging_mixin.py:151} INFO - [2023-09-28T18:10:36.721+0000] {dagbag.py:539} INFO - Filling up the DagBag from /home/airflow/.local/lib/python3.8/site-packages/airflow/example_dags/example_trigger_target_dag.py
[2023-09-28T18:10:36.726+0000] {processor.py:839} INFO - DAG(s) dict_keys(['example_trigger_target_dag']) retrieved from /home/airflow/.local/lib/python3.8/site-packages/airflow/example_dags/example_trigger_target_dag.py
[2023-09-28T18:10:36.748+0000] {logging_mixin.py:151} INFO - [2023-09-28T18:10:36.748+0000] {dag.py:2915} INFO - Sync 1 DAGs
[2023-09-28T18:10:36.757+0000] {logging_mixin.py:151} INFO - [2023-09-28T18:10:36.757+0000] {dag.py:3696} INFO - Setting next_dagrun for example_trigger_target_dag to None, run_after=None
[2023-09-28T18:10:36.772+0000] {processor.py:179} INFO - Processing /home/airflow/.local/lib/python3.8/site-packages/airflow/example_dags/example_trigger_target_dag.py took 0.058 seconds
[2023-09-28T18:11:08.284+0000] {processor.py:157} INFO - Started process (PID=665) to work on /home/airflow/.local/lib/python3.8/site-packages/airflow/example_dags/example_trigger_target_dag.py
[2023-09-28T18:11:08.287+0000] {processor.py:829} INFO - Processing file /home/airflow/.local/lib/python3.8/site-packages/airflow/example_dags/example_trigger_target_dag.py for tasks to queue
[2023-09-28T18:11:08.293+0000] {logging_mixin.py:151} INFO - [2023-09-28T18:11:08.293+0000] {dagbag.py:539} INFO - Filling up the DagBag from /home/airflow/.local/lib/python3.8/site-packages/airflow/example_dags/example_trigger_target_dag.py
[2023-09-28T18:11:08.301+0000] {processor.py:839} INFO - DAG(s) dict_keys(['example_trigger_target_dag']) retrieved from /home/airflow/.local/lib/python3.8/site-packages/airflow/example_dags/example_trigger_target_dag.py
[2023-09-28T18:11:08.334+0000] {logging_mixin.py:151} INFO - [2023-09-28T18:11:08.333+0000] {dag.py:2915} INFO - Sync 1 DAGs
[2023-09-28T18:11:08.346+0000] {logging_mixin.py:151} INFO - [2023-09-28T18:11:08.346+0000] {dag.py:3696} INFO - Setting next_dagrun for example_trigger_target_dag to None, run_after=None
[2023-09-28T18:11:08.366+0000] {processor.py:179} INFO - Processing /home/airflow/.local/lib/python3.8/site-packages/airflow/example_dags/example_trigger_target_dag.py took 0.086 seconds
[2023-09-28T18:13:58.359+0000] {processor.py:157} INFO - Started process (PID=72) to work on /home/airflow/.local/lib/python3.8/site-packages/airflow/example_dags/example_trigger_target_dag.py
[2023-09-28T18:13:58.361+0000] {processor.py:829} INFO - Processing file /home/airflow/.local/lib/python3.8/site-packages/airflow/example_dags/example_trigger_target_dag.py for tasks to queue
[2023-09-28T18:13:58.364+0000] {logging_mixin.py:151} INFO - [2023-09-28T18:13:58.364+0000] {dagbag.py:539} INFO - Filling up the DagBag from /home/airflow/.local/lib/python3.8/site-packages/airflow/example_dags/example_trigger_target_dag.py
[2023-09-28T18:13:58.369+0000] {processor.py:839} INFO - DAG(s) dict_keys(['example_trigger_target_dag']) retrieved from /home/airflow/.local/lib/python3.8/site-packages/airflow/example_dags/example_trigger_target_dag.py
[2023-09-28T18:13:58.431+0000] {logging_mixin.py:151} INFO - [2023-09-28T18:13:58.431+0000] {manager.py:499} INFO - Created Permission View: %s
[2023-09-28T18:13:58.446+0000] {logging_mixin.py:151} INFO - [2023-09-28T18:13:58.446+0000] {manager.py:499} INFO - Created Permission View: %s
[2023-09-28T18:13:58.455+0000] {logging_mixin.py:151} INFO - [2023-09-28T18:13:58.455+0000] {manager.py:499} INFO - Created Permission View: %s
[2023-09-28T18:13:58.457+0000] {logging_mixin.py:151} INFO - [2023-09-28T18:13:58.457+0000] {security.py:708} INFO - Not syncing DAG-level permissions for DAG 'DAG:example_trigger_target_dag' as access control is unset.
[2023-09-28T18:13:58.458+0000] {logging_mixin.py:151} INFO - [2023-09-28T18:13:58.458+0000] {dag.py:2915} INFO - Sync 1 DAGs
[2023-09-28T18:13:58.470+0000] {logging_mixin.py:151} INFO - [2023-09-28T18:13:58.469+0000] {dag.py:2937} INFO - Creating ORM DAG for example_trigger_target_dag
[2023-09-28T18:13:58.472+0000] {logging_mixin.py:151} INFO - [2023-09-28T18:13:58.472+0000] {dag.py:3696} INFO - Setting next_dagrun for example_trigger_target_dag to None, run_after=None
[2023-09-28T18:13:58.485+0000] {processor.py:179} INFO - Processing /home/airflow/.local/lib/python3.8/site-packages/airflow/example_dags/example_trigger_target_dag.py took 0.128 seconds
[2023-09-28T18:14:28.812+0000] {processor.py:157} INFO - Started process (PID=126) to work on /home/airflow/.local/lib/python3.8/site-packages/airflow/example_dags/example_trigger_target_dag.py
[2023-09-28T18:14:28.814+0000] {processor.py:829} INFO - Processing file /home/airflow/.local/lib/python3.8/site-packages/airflow/example_dags/example_trigger_target_dag.py for tasks to queue
[2023-09-28T18:14:28.816+0000] {logging_mixin.py:151} INFO - [2023-09-28T18:14:28.816+0000] {dagbag.py:539} INFO - Filling up the DagBag from /home/airflow/.local/lib/python3.8/site-packages/airflow/example_dags/example_trigger_target_dag.py
[2023-09-28T18:14:28.821+0000] {processor.py:839} INFO - DAG(s) dict_keys(['example_trigger_target_dag']) retrieved from /home/airflow/.local/lib/python3.8/site-packages/airflow/example_dags/example_trigger_target_dag.py
[2023-09-28T18:14:28.838+0000] {logging_mixin.py:151} INFO - [2023-09-28T18:14:28.838+0000] {dag.py:2915} INFO - Sync 1 DAGs
[2023-09-28T18:14:28.846+0000] {logging_mixin.py:151} INFO - [2023-09-28T18:14:28.846+0000] {dag.py:3696} INFO - Setting next_dagrun for example_trigger_target_dag to None, run_after=None
[2023-09-28T18:14:28.859+0000] {processor.py:179} INFO - Processing /home/airflow/.local/lib/python3.8/site-packages/airflow/example_dags/example_trigger_target_dag.py took 0.049 seconds
[2023-09-28T18:14:59.598+0000] {processor.py:157} INFO - Started process (PID=180) to work on /home/airflow/.local/lib/python3.8/site-packages/airflow/example_dags/example_trigger_target_dag.py
[2023-09-28T18:14:59.600+0000] {processor.py:829} INFO - Processing file /home/airflow/.local/lib/python3.8/site-packages/airflow/example_dags/example_trigger_target_dag.py for tasks to queue
[2023-09-28T18:14:59.602+0000] {logging_mixin.py:151} INFO - [2023-09-28T18:14:59.602+0000] {dagbag.py:539} INFO - Filling up the DagBag from /home/airflow/.local/lib/python3.8/site-packages/airflow/example_dags/example_trigger_target_dag.py
[2023-09-28T18:14:59.606+0000] {processor.py:839} INFO - DAG(s) dict_keys(['example_trigger_target_dag']) retrieved from /home/airflow/.local/lib/python3.8/site-packages/airflow/example_dags/example_trigger_target_dag.py
[2023-09-28T18:14:59.627+0000] {logging_mixin.py:151} INFO - [2023-09-28T18:14:59.627+0000] {dag.py:2915} INFO - Sync 1 DAGs
[2023-09-28T18:14:59.635+0000] {logging_mixin.py:151} INFO - [2023-09-28T18:14:59.635+0000] {dag.py:3696} INFO - Setting next_dagrun for example_trigger_target_dag to None, run_after=None
[2023-09-28T18:14:59.648+0000] {processor.py:179} INFO - Processing /home/airflow/.local/lib/python3.8/site-packages/airflow/example_dags/example_trigger_target_dag.py took 0.052 seconds
[2023-09-28T18:15:30.305+0000] {processor.py:157} INFO - Started process (PID=234) to work on /home/airflow/.local/lib/python3.8/site-packages/airflow/example_dags/example_trigger_target_dag.py
[2023-09-28T18:15:30.307+0000] {processor.py:829} INFO - Processing file /home/airflow/.local/lib/python3.8/site-packages/airflow/example_dags/example_trigger_target_dag.py for tasks to queue
[2023-09-28T18:15:30.310+0000] {logging_mixin.py:151} INFO - [2023-09-28T18:15:30.310+0000] {dagbag.py:539} INFO - Filling up the DagBag from /home/airflow/.local/lib/python3.8/site-packages/airflow/example_dags/example_trigger_target_dag.py
[2023-09-28T18:15:30.315+0000] {processor.py:839} INFO - DAG(s) dict_keys(['example_trigger_target_dag']) retrieved from /home/airflow/.local/lib/python3.8/site-packages/airflow/example_dags/example_trigger_target_dag.py
[2023-09-28T18:15:30.331+0000] {logging_mixin.py:151} INFO - [2023-09-28T18:15:30.331+0000] {dag.py:2915} INFO - Sync 1 DAGs
[2023-09-28T18:15:30.339+0000] {logging_mixin.py:151} INFO - [2023-09-28T18:15:30.339+0000] {dag.py:3696} INFO - Setting next_dagrun for example_trigger_target_dag to None, run_after=None
[2023-09-28T18:15:30.353+0000] {processor.py:179} INFO - Processing /home/airflow/.local/lib/python3.8/site-packages/airflow/example_dags/example_trigger_target_dag.py took 0.051 seconds
[2023-09-28T18:16:01.055+0000] {processor.py:157} INFO - Started process (PID=288) to work on /home/airflow/.local/lib/python3.8/site-packages/airflow/example_dags/example_trigger_target_dag.py
[2023-09-28T18:16:01.057+0000] {processor.py:829} INFO - Processing file /home/airflow/.local/lib/python3.8/site-packages/airflow/example_dags/example_trigger_target_dag.py for tasks to queue
[2023-09-28T18:16:01.059+0000] {logging_mixin.py:151} INFO - [2023-09-28T18:16:01.059+0000] {dagbag.py:539} INFO - Filling up the DagBag from /home/airflow/.local/lib/python3.8/site-packages/airflow/example_dags/example_trigger_target_dag.py
[2023-09-28T18:16:01.064+0000] {processor.py:839} INFO - DAG(s) dict_keys(['example_trigger_target_dag']) retrieved from /home/airflow/.local/lib/python3.8/site-packages/airflow/example_dags/example_trigger_target_dag.py
[2023-09-28T18:16:01.084+0000] {logging_mixin.py:151} INFO - [2023-09-28T18:16:01.084+0000] {dag.py:2915} INFO - Sync 1 DAGs
[2023-09-28T18:16:01.095+0000] {logging_mixin.py:151} INFO - [2023-09-28T18:16:01.095+0000] {dag.py:3696} INFO - Setting next_dagrun for example_trigger_target_dag to None, run_after=None
[2023-09-28T18:16:01.107+0000] {processor.py:179} INFO - Processing /home/airflow/.local/lib/python3.8/site-packages/airflow/example_dags/example_trigger_target_dag.py took 0.054 seconds
[2023-09-28T18:16:31.764+0000] {processor.py:157} INFO - Started process (PID=342) to work on /home/airflow/.local/lib/python3.8/site-packages/airflow/example_dags/example_trigger_target_dag.py
[2023-09-28T18:16:31.767+0000] {processor.py:829} INFO - Processing file /home/airflow/.local/lib/python3.8/site-packages/airflow/example_dags/example_trigger_target_dag.py for tasks to queue
[2023-09-28T18:16:31.774+0000] {logging_mixin.py:151} INFO - [2023-09-28T18:16:31.774+0000] {dagbag.py:539} INFO - Filling up the DagBag from /home/airflow/.local/lib/python3.8/site-packages/airflow/example_dags/example_trigger_target_dag.py
[2023-09-28T18:16:31.779+0000] {processor.py:839} INFO - DAG(s) dict_keys(['example_trigger_target_dag']) retrieved from /home/airflow/.local/lib/python3.8/site-packages/airflow/example_dags/example_trigger_target_dag.py
[2023-09-28T18:16:31.798+0000] {logging_mixin.py:151} INFO - [2023-09-28T18:16:31.798+0000] {dag.py:2915} INFO - Sync 1 DAGs
[2023-09-28T18:16:31.810+0000] {logging_mixin.py:151} INFO - [2023-09-28T18:16:31.810+0000] {dag.py:3696} INFO - Setting next_dagrun for example_trigger_target_dag to None, run_after=None
[2023-09-28T18:16:31.825+0000] {processor.py:179} INFO - Processing /home/airflow/.local/lib/python3.8/site-packages/airflow/example_dags/example_trigger_target_dag.py took 0.064 seconds
[2023-09-28T18:17:02.559+0000] {processor.py:157} INFO - Started process (PID=396) to work on /home/airflow/.local/lib/python3.8/site-packages/airflow/example_dags/example_trigger_target_dag.py
[2023-09-28T18:17:02.562+0000] {processor.py:829} INFO - Processing file /home/airflow/.local/lib/python3.8/site-packages/airflow/example_dags/example_trigger_target_dag.py for tasks to queue
[2023-09-28T18:17:02.564+0000] {logging_mixin.py:151} INFO - [2023-09-28T18:17:02.563+0000] {dagbag.py:539} INFO - Filling up the DagBag from /home/airflow/.local/lib/python3.8/site-packages/airflow/example_dags/example_trigger_target_dag.py
[2023-09-28T18:17:02.569+0000] {processor.py:839} INFO - DAG(s) dict_keys(['example_trigger_target_dag']) retrieved from /home/airflow/.local/lib/python3.8/site-packages/airflow/example_dags/example_trigger_target_dag.py
[2023-09-28T18:17:02.589+0000] {logging_mixin.py:151} INFO - [2023-09-28T18:17:02.588+0000] {dag.py:2915} INFO - Sync 1 DAGs
[2023-09-28T18:17:02.597+0000] {logging_mixin.py:151} INFO - [2023-09-28T18:17:02.597+0000] {dag.py:3696} INFO - Setting next_dagrun for example_trigger_target_dag to None, run_after=None
[2023-09-28T18:17:02.611+0000] {processor.py:179} INFO - Processing /home/airflow/.local/lib/python3.8/site-packages/airflow/example_dags/example_trigger_target_dag.py took 0.054 seconds
[2023-09-28T18:17:33.078+0000] {processor.py:157} INFO - Started process (PID=449) to work on /home/airflow/.local/lib/python3.8/site-packages/airflow/example_dags/example_trigger_target_dag.py
[2023-09-28T18:17:33.080+0000] {processor.py:829} INFO - Processing file /home/airflow/.local/lib/python3.8/site-packages/airflow/example_dags/example_trigger_target_dag.py for tasks to queue
[2023-09-28T18:17:33.082+0000] {logging_mixin.py:151} INFO - [2023-09-28T18:17:33.082+0000] {dagbag.py:539} INFO - Filling up the DagBag from /home/airflow/.local/lib/python3.8/site-packages/airflow/example_dags/example_trigger_target_dag.py
[2023-09-28T18:17:33.087+0000] {processor.py:839} INFO - DAG(s) dict_keys(['example_trigger_target_dag']) retrieved from /home/airflow/.local/lib/python3.8/site-packages/airflow/example_dags/example_trigger_target_dag.py
[2023-09-28T18:17:33.103+0000] {logging_mixin.py:151} INFO - [2023-09-28T18:17:33.102+0000] {dag.py:2915} INFO - Sync 1 DAGs
[2023-09-28T18:17:33.113+0000] {logging_mixin.py:151} INFO - [2023-09-28T18:17:33.113+0000] {dag.py:3696} INFO - Setting next_dagrun for example_trigger_target_dag to None, run_after=None
[2023-09-28T18:17:33.131+0000] {processor.py:179} INFO - Processing /home/airflow/.local/lib/python3.8/site-packages/airflow/example_dags/example_trigger_target_dag.py took 0.056 seconds
[2023-09-28T18:18:03.956+0000] {processor.py:157} INFO - Started process (PID=504) to work on /home/airflow/.local/lib/python3.8/site-packages/airflow/example_dags/example_trigger_target_dag.py
[2023-09-28T18:18:03.958+0000] {processor.py:829} INFO - Processing file /home/airflow/.local/lib/python3.8/site-packages/airflow/example_dags/example_trigger_target_dag.py for tasks to queue
[2023-09-28T18:18:03.960+0000] {logging_mixin.py:151} INFO - [2023-09-28T18:18:03.960+0000] {dagbag.py:539} INFO - Filling up the DagBag from /home/airflow/.local/lib/python3.8/site-packages/airflow/example_dags/example_trigger_target_dag.py
[2023-09-28T18:18:03.966+0000] {processor.py:839} INFO - DAG(s) dict_keys(['example_trigger_target_dag']) retrieved from /home/airflow/.local/lib/python3.8/site-packages/airflow/example_dags/example_trigger_target_dag.py
[2023-09-28T18:18:03.989+0000] {logging_mixin.py:151} INFO - [2023-09-28T18:18:03.989+0000] {dag.py:2915} INFO - Sync 1 DAGs
[2023-09-28T18:18:03.999+0000] {logging_mixin.py:151} INFO - [2023-09-28T18:18:03.999+0000] {dag.py:3696} INFO - Setting next_dagrun for example_trigger_target_dag to None, run_after=None
[2023-09-28T18:18:04.017+0000] {processor.py:179} INFO - Processing /home/airflow/.local/lib/python3.8/site-packages/airflow/example_dags/example_trigger_target_dag.py took 0.063 seconds
[2023-09-28T18:18:34.668+0000] {processor.py:157} INFO - Started process (PID=558) to work on /home/airflow/.local/lib/python3.8/site-packages/airflow/example_dags/example_trigger_target_dag.py
[2023-09-28T18:18:34.669+0000] {processor.py:829} INFO - Processing file /home/airflow/.local/lib/python3.8/site-packages/airflow/example_dags/example_trigger_target_dag.py for tasks to queue
[2023-09-28T18:18:34.672+0000] {logging_mixin.py:151} INFO - [2023-09-28T18:18:34.671+0000] {dagbag.py:539} INFO - Filling up the DagBag from /home/airflow/.local/lib/python3.8/site-packages/airflow/example_dags/example_trigger_target_dag.py
[2023-09-28T18:18:34.676+0000] {processor.py:839} INFO - DAG(s) dict_keys(['example_trigger_target_dag']) retrieved from /home/airflow/.local/lib/python3.8/site-packages/airflow/example_dags/example_trigger_target_dag.py
[2023-09-28T18:18:34.692+0000] {logging_mixin.py:151} INFO - [2023-09-28T18:18:34.692+0000] {dag.py:2915} INFO - Sync 1 DAGs
[2023-09-28T18:18:34.702+0000] {logging_mixin.py:151} INFO - [2023-09-28T18:18:34.702+0000] {dag.py:3696} INFO - Setting next_dagrun for example_trigger_target_dag to None, run_after=None
[2023-09-28T18:18:34.714+0000] {processor.py:179} INFO - Processing /home/airflow/.local/lib/python3.8/site-packages/airflow/example_dags/example_trigger_target_dag.py took 0.049 seconds
[2023-09-28T18:19:05.461+0000] {processor.py:157} INFO - Started process (PID=613) to work on /home/airflow/.local/lib/python3.8/site-packages/airflow/example_dags/example_trigger_target_dag.py
[2023-09-28T18:19:05.463+0000] {processor.py:829} INFO - Processing file /home/airflow/.local/lib/python3.8/site-packages/airflow/example_dags/example_trigger_target_dag.py for tasks to queue
[2023-09-28T18:19:05.465+0000] {logging_mixin.py:151} INFO - [2023-09-28T18:19:05.465+0000] {dagbag.py:539} INFO - Filling up the DagBag from /home/airflow/.local/lib/python3.8/site-packages/airflow/example_dags/example_trigger_target_dag.py
[2023-09-28T18:19:05.470+0000] {processor.py:839} INFO - DAG(s) dict_keys(['example_trigger_target_dag']) retrieved from /home/airflow/.local/lib/python3.8/site-packages/airflow/example_dags/example_trigger_target_dag.py
[2023-09-28T18:19:05.486+0000] {logging_mixin.py:151} INFO - [2023-09-28T18:19:05.486+0000] {dag.py:2915} INFO - Sync 1 DAGs
[2023-09-28T18:19:05.494+0000] {logging_mixin.py:151} INFO - [2023-09-28T18:19:05.494+0000] {dag.py:3696} INFO - Setting next_dagrun for example_trigger_target_dag to None, run_after=None
[2023-09-28T18:19:05.508+0000] {processor.py:179} INFO - Processing /home/airflow/.local/lib/python3.8/site-packages/airflow/example_dags/example_trigger_target_dag.py took 0.049 seconds
[2023-09-28T18:19:36.223+0000] {processor.py:157} INFO - Started process (PID=667) to work on /home/airflow/.local/lib/python3.8/site-packages/airflow/example_dags/example_trigger_target_dag.py
[2023-09-28T18:19:36.225+0000] {processor.py:829} INFO - Processing file /home/airflow/.local/lib/python3.8/site-packages/airflow/example_dags/example_trigger_target_dag.py for tasks to queue
[2023-09-28T18:19:36.228+0000] {logging_mixin.py:151} INFO - [2023-09-28T18:19:36.228+0000] {dagbag.py:539} INFO - Filling up the DagBag from /home/airflow/.local/lib/python3.8/site-packages/airflow/example_dags/example_trigger_target_dag.py
[2023-09-28T18:19:36.234+0000] {processor.py:839} INFO - DAG(s) dict_keys(['example_trigger_target_dag']) retrieved from /home/airflow/.local/lib/python3.8/site-packages/airflow/example_dags/example_trigger_target_dag.py
[2023-09-28T18:19:36.251+0000] {logging_mixin.py:151} INFO - [2023-09-28T18:19:36.251+0000] {dag.py:2915} INFO - Sync 1 DAGs
[2023-09-28T18:19:36.263+0000] {logging_mixin.py:151} INFO - [2023-09-28T18:19:36.263+0000] {dag.py:3696} INFO - Setting next_dagrun for example_trigger_target_dag to None, run_after=None
[2023-09-28T18:19:36.284+0000] {processor.py:179} INFO - Processing /home/airflow/.local/lib/python3.8/site-packages/airflow/example_dags/example_trigger_target_dag.py took 0.064 seconds
[2023-09-28T18:20:06.916+0000] {processor.py:157} INFO - Started process (PID=721) to work on /home/airflow/.local/lib/python3.8/site-packages/airflow/example_dags/example_trigger_target_dag.py
[2023-09-28T18:20:06.919+0000] {processor.py:829} INFO - Processing file /home/airflow/.local/lib/python3.8/site-packages/airflow/example_dags/example_trigger_target_dag.py for tasks to queue
[2023-09-28T18:20:06.922+0000] {logging_mixin.py:151} INFO - [2023-09-28T18:20:06.922+0000] {dagbag.py:539} INFO - Filling up the DagBag from /home/airflow/.local/lib/python3.8/site-packages/airflow/example_dags/example_trigger_target_dag.py
[2023-09-28T18:20:06.927+0000] {processor.py:839} INFO - DAG(s) dict_keys(['example_trigger_target_dag']) retrieved from /home/airflow/.local/lib/python3.8/site-packages/airflow/example_dags/example_trigger_target_dag.py
[2023-09-28T18:20:06.943+0000] {logging_mixin.py:151} INFO - [2023-09-28T18:20:06.943+0000] {dag.py:2915} INFO - Sync 1 DAGs
[2023-09-28T18:20:06.952+0000] {logging_mixin.py:151} INFO - [2023-09-28T18:20:06.952+0000] {dag.py:3696} INFO - Setting next_dagrun for example_trigger_target_dag to None, run_after=None
[2023-09-28T18:20:06.969+0000] {processor.py:179} INFO - Processing /home/airflow/.local/lib/python3.8/site-packages/airflow/example_dags/example_trigger_target_dag.py took 0.056 seconds
[2023-09-28T18:20:37.564+0000] {processor.py:157} INFO - Started process (PID=774) to work on /home/airflow/.local/lib/python3.8/site-packages/airflow/example_dags/example_trigger_target_dag.py
[2023-09-28T18:20:37.568+0000] {processor.py:829} INFO - Processing file /home/airflow/.local/lib/python3.8/site-packages/airflow/example_dags/example_trigger_target_dag.py for tasks to queue
[2023-09-28T18:20:37.570+0000] {logging_mixin.py:151} INFO - [2023-09-28T18:20:37.569+0000] {dagbag.py:539} INFO - Filling up the DagBag from /home/airflow/.local/lib/python3.8/site-packages/airflow/example_dags/example_trigger_target_dag.py
[2023-09-28T18:20:37.574+0000] {processor.py:839} INFO - DAG(s) dict_keys(['example_trigger_target_dag']) retrieved from /home/airflow/.local/lib/python3.8/site-packages/airflow/example_dags/example_trigger_target_dag.py
[2023-09-28T18:20:37.592+0000] {logging_mixin.py:151} INFO - [2023-09-28T18:20:37.592+0000] {dag.py:2915} INFO - Sync 1 DAGs
[2023-09-28T18:20:37.602+0000] {logging_mixin.py:151} INFO - [2023-09-28T18:20:37.601+0000] {dag.py:3696} INFO - Setting next_dagrun for example_trigger_target_dag to None, run_after=None
[2023-09-28T18:20:37.614+0000] {processor.py:179} INFO - Processing /home/airflow/.local/lib/python3.8/site-packages/airflow/example_dags/example_trigger_target_dag.py took 0.052 seconds
[2023-09-28T18:21:08.481+0000] {processor.py:157} INFO - Started process (PID=828) to work on /home/airflow/.local/lib/python3.8/site-packages/airflow/example_dags/example_trigger_target_dag.py
[2023-09-28T18:21:08.486+0000] {processor.py:829} INFO - Processing file /home/airflow/.local/lib/python3.8/site-packages/airflow/example_dags/example_trigger_target_dag.py for tasks to queue
[2023-09-28T18:21:08.492+0000] {logging_mixin.py:151} INFO - [2023-09-28T18:21:08.492+0000] {dagbag.py:539} INFO - Filling up the DagBag from /home/airflow/.local/lib/python3.8/site-packages/airflow/example_dags/example_trigger_target_dag.py
[2023-09-28T18:21:08.497+0000] {processor.py:839} INFO - DAG(s) dict_keys(['example_trigger_target_dag']) retrieved from /home/airflow/.local/lib/python3.8/site-packages/airflow/example_dags/example_trigger_target_dag.py
[2023-09-28T18:21:08.518+0000] {logging_mixin.py:151} INFO - [2023-09-28T18:21:08.518+0000] {dag.py:2915} INFO - Sync 1 DAGs
[2023-09-28T18:21:08.527+0000] {logging_mixin.py:151} INFO - [2023-09-28T18:21:08.527+0000] {dag.py:3696} INFO - Setting next_dagrun for example_trigger_target_dag to None, run_after=None
[2023-09-28T18:21:08.541+0000] {processor.py:179} INFO - Processing /home/airflow/.local/lib/python3.8/site-packages/airflow/example_dags/example_trigger_target_dag.py took 0.063 seconds
[2023-09-28T18:21:39.281+0000] {processor.py:157} INFO - Started process (PID=882) to work on /home/airflow/.local/lib/python3.8/site-packages/airflow/example_dags/example_trigger_target_dag.py
[2023-09-28T18:21:39.283+0000] {processor.py:829} INFO - Processing file /home/airflow/.local/lib/python3.8/site-packages/airflow/example_dags/example_trigger_target_dag.py for tasks to queue
[2023-09-28T18:21:39.285+0000] {logging_mixin.py:151} INFO - [2023-09-28T18:21:39.285+0000] {dagbag.py:539} INFO - Filling up the DagBag from /home/airflow/.local/lib/python3.8/site-packages/airflow/example_dags/example_trigger_target_dag.py
[2023-09-28T18:21:39.291+0000] {processor.py:839} INFO - DAG(s) dict_keys(['example_trigger_target_dag']) retrieved from /home/airflow/.local/lib/python3.8/site-packages/airflow/example_dags/example_trigger_target_dag.py
[2023-09-28T18:21:39.307+0000] {logging_mixin.py:151} INFO - [2023-09-28T18:21:39.306+0000] {dag.py:2915} INFO - Sync 1 DAGs
[2023-09-28T18:21:39.315+0000] {logging_mixin.py:151} INFO - [2023-09-28T18:21:39.315+0000] {dag.py:3696} INFO - Setting next_dagrun for example_trigger_target_dag to None, run_after=None
[2023-09-28T18:21:39.327+0000] {processor.py:179} INFO - Processing /home/airflow/.local/lib/python3.8/site-packages/airflow/example_dags/example_trigger_target_dag.py took 0.049 seconds
[2023-09-28T18:22:10.095+0000] {processor.py:157} INFO - Started process (PID=936) to work on /home/airflow/.local/lib/python3.8/site-packages/airflow/example_dags/example_trigger_target_dag.py
[2023-09-28T18:22:10.097+0000] {processor.py:829} INFO - Processing file /home/airflow/.local/lib/python3.8/site-packages/airflow/example_dags/example_trigger_target_dag.py for tasks to queue
[2023-09-28T18:22:10.099+0000] {logging_mixin.py:151} INFO - [2023-09-28T18:22:10.099+0000] {dagbag.py:539} INFO - Filling up the DagBag from /home/airflow/.local/lib/python3.8/site-packages/airflow/example_dags/example_trigger_target_dag.py
[2023-09-28T18:22:10.104+0000] {processor.py:839} INFO - DAG(s) dict_keys(['example_trigger_target_dag']) retrieved from /home/airflow/.local/lib/python3.8/site-packages/airflow/example_dags/example_trigger_target_dag.py
[2023-09-28T18:22:10.125+0000] {logging_mixin.py:151} INFO - [2023-09-28T18:22:10.125+0000] {dag.py:2915} INFO - Sync 1 DAGs
[2023-09-28T18:22:10.135+0000] {logging_mixin.py:151} INFO - [2023-09-28T18:22:10.134+0000] {dag.py:3696} INFO - Setting next_dagrun for example_trigger_target_dag to None, run_after=None
[2023-09-28T18:22:10.149+0000] {processor.py:179} INFO - Processing /home/airflow/.local/lib/python3.8/site-packages/airflow/example_dags/example_trigger_target_dag.py took 0.057 seconds
[2023-09-28T18:22:40.871+0000] {processor.py:157} INFO - Started process (PID=989) to work on /home/airflow/.local/lib/python3.8/site-packages/airflow/example_dags/example_trigger_target_dag.py
[2023-09-28T18:22:40.874+0000] {processor.py:829} INFO - Processing file /home/airflow/.local/lib/python3.8/site-packages/airflow/example_dags/example_trigger_target_dag.py for tasks to queue
[2023-09-28T18:22:40.877+0000] {logging_mixin.py:151} INFO - [2023-09-28T18:22:40.877+0000] {dagbag.py:539} INFO - Filling up the DagBag from /home/airflow/.local/lib/python3.8/site-packages/airflow/example_dags/example_trigger_target_dag.py
[2023-09-28T18:22:40.882+0000] {processor.py:839} INFO - DAG(s) dict_keys(['example_trigger_target_dag']) retrieved from /home/airflow/.local/lib/python3.8/site-packages/airflow/example_dags/example_trigger_target_dag.py
[2023-09-28T18:22:40.899+0000] {logging_mixin.py:151} INFO - [2023-09-28T18:22:40.899+0000] {dag.py:2915} INFO - Sync 1 DAGs
[2023-09-28T18:22:40.908+0000] {logging_mixin.py:151} INFO - [2023-09-28T18:22:40.908+0000] {dag.py:3696} INFO - Setting next_dagrun for example_trigger_target_dag to None, run_after=None
[2023-09-28T18:22:40.931+0000] {processor.py:179} INFO - Processing /home/airflow/.local/lib/python3.8/site-packages/airflow/example_dags/example_trigger_target_dag.py took 0.063 seconds
[2023-09-28T18:23:11.811+0000] {processor.py:157} INFO - Started process (PID=1042) to work on /home/airflow/.local/lib/python3.8/site-packages/airflow/example_dags/example_trigger_target_dag.py
[2023-09-28T18:23:11.813+0000] {processor.py:829} INFO - Processing file /home/airflow/.local/lib/python3.8/site-packages/airflow/example_dags/example_trigger_target_dag.py for tasks to queue
[2023-09-28T18:23:11.815+0000] {logging_mixin.py:151} INFO - [2023-09-28T18:23:11.815+0000] {dagbag.py:539} INFO - Filling up the DagBag from /home/airflow/.local/lib/python3.8/site-packages/airflow/example_dags/example_trigger_target_dag.py
[2023-09-28T18:23:11.820+0000] {processor.py:839} INFO - DAG(s) dict_keys(['example_trigger_target_dag']) retrieved from /home/airflow/.local/lib/python3.8/site-packages/airflow/example_dags/example_trigger_target_dag.py
[2023-09-28T18:23:11.836+0000] {logging_mixin.py:151} INFO - [2023-09-28T18:23:11.836+0000] {dag.py:2915} INFO - Sync 1 DAGs
[2023-09-28T18:23:11.846+0000] {logging_mixin.py:151} INFO - [2023-09-28T18:23:11.846+0000] {dag.py:3696} INFO - Setting next_dagrun for example_trigger_target_dag to None, run_after=None
[2023-09-28T18:23:11.861+0000] {processor.py:179} INFO - Processing /home/airflow/.local/lib/python3.8/site-packages/airflow/example_dags/example_trigger_target_dag.py took 0.054 seconds
[2023-09-28T18:23:42.784+0000] {processor.py:157} INFO - Started process (PID=1096) to work on /home/airflow/.local/lib/python3.8/site-packages/airflow/example_dags/example_trigger_target_dag.py
[2023-09-28T18:23:42.786+0000] {processor.py:829} INFO - Processing file /home/airflow/.local/lib/python3.8/site-packages/airflow/example_dags/example_trigger_target_dag.py for tasks to queue
[2023-09-28T18:23:42.788+0000] {logging_mixin.py:151} INFO - [2023-09-28T18:23:42.787+0000] {dagbag.py:539} INFO - Filling up the DagBag from /home/airflow/.local/lib/python3.8/site-packages/airflow/example_dags/example_trigger_target_dag.py
[2023-09-28T18:23:42.792+0000] {processor.py:839} INFO - DAG(s) dict_keys(['example_trigger_target_dag']) retrieved from /home/airflow/.local/lib/python3.8/site-packages/airflow/example_dags/example_trigger_target_dag.py
[2023-09-28T18:23:42.809+0000] {logging_mixin.py:151} INFO - [2023-09-28T18:23:42.809+0000] {dag.py:2915} INFO - Sync 1 DAGs
[2023-09-28T18:23:42.818+0000] {logging_mixin.py:151} INFO - [2023-09-28T18:23:42.818+0000] {dag.py:3696} INFO - Setting next_dagrun for example_trigger_target_dag to None, run_after=None
[2023-09-28T18:23:42.832+0000] {processor.py:179} INFO - Processing /home/airflow/.local/lib/python3.8/site-packages/airflow/example_dags/example_trigger_target_dag.py took 0.050 seconds
[2023-09-28T18:34:45.165+0000] {processor.py:157} INFO - Started process (PID=73) to work on /home/airflow/.local/lib/python3.8/site-packages/airflow/example_dags/example_trigger_target_dag.py
[2023-09-28T18:34:45.168+0000] {processor.py:829} INFO - Processing file /home/airflow/.local/lib/python3.8/site-packages/airflow/example_dags/example_trigger_target_dag.py for tasks to queue
[2023-09-28T18:34:45.172+0000] {logging_mixin.py:151} INFO - [2023-09-28T18:34:45.172+0000] {dagbag.py:539} INFO - Filling up the DagBag from /home/airflow/.local/lib/python3.8/site-packages/airflow/example_dags/example_trigger_target_dag.py
[2023-09-28T18:34:45.180+0000] {processor.py:839} INFO - DAG(s) dict_keys(['example_trigger_target_dag']) retrieved from /home/airflow/.local/lib/python3.8/site-packages/airflow/example_dags/example_trigger_target_dag.py
[2023-09-28T18:34:45.194+0000] {logging_mixin.py:151} INFO - [2023-09-28T18:34:45.194+0000] {dag.py:2915} INFO - Sync 1 DAGs
[2023-09-28T18:34:45.224+0000] {logging_mixin.py:151} INFO - [2023-09-28T18:34:45.224+0000] {dag.py:3696} INFO - Setting next_dagrun for example_trigger_target_dag to None, run_after=None
[2023-09-28T18:34:45.244+0000] {processor.py:179} INFO - Processing /home/airflow/.local/lib/python3.8/site-packages/airflow/example_dags/example_trigger_target_dag.py took 0.083 seconds
[2023-09-28T18:35:15.911+0000] {processor.py:157} INFO - Started process (PID=127) to work on /home/airflow/.local/lib/python3.8/site-packages/airflow/example_dags/example_trigger_target_dag.py
[2023-09-28T18:35:15.913+0000] {processor.py:829} INFO - Processing file /home/airflow/.local/lib/python3.8/site-packages/airflow/example_dags/example_trigger_target_dag.py for tasks to queue
[2023-09-28T18:35:15.916+0000] {logging_mixin.py:151} INFO - [2023-09-28T18:35:15.916+0000] {dagbag.py:539} INFO - Filling up the DagBag from /home/airflow/.local/lib/python3.8/site-packages/airflow/example_dags/example_trigger_target_dag.py
[2023-09-28T18:35:15.922+0000] {processor.py:839} INFO - DAG(s) dict_keys(['example_trigger_target_dag']) retrieved from /home/airflow/.local/lib/python3.8/site-packages/airflow/example_dags/example_trigger_target_dag.py
[2023-09-28T18:35:15.958+0000] {logging_mixin.py:151} INFO - [2023-09-28T18:35:15.958+0000] {dag.py:2915} INFO - Sync 1 DAGs
[2023-09-28T18:35:15.976+0000] {logging_mixin.py:151} INFO - [2023-09-28T18:35:15.976+0000] {dag.py:3696} INFO - Setting next_dagrun for example_trigger_target_dag to None, run_after=None
[2023-09-28T18:35:16.003+0000] {processor.py:179} INFO - Processing /home/airflow/.local/lib/python3.8/site-packages/airflow/example_dags/example_trigger_target_dag.py took 0.094 seconds
[2023-09-28T18:35:46.321+0000] {processor.py:157} INFO - Started process (PID=181) to work on /home/airflow/.local/lib/python3.8/site-packages/airflow/example_dags/example_trigger_target_dag.py
[2023-09-28T18:35:46.324+0000] {processor.py:829} INFO - Processing file /home/airflow/.local/lib/python3.8/site-packages/airflow/example_dags/example_trigger_target_dag.py for tasks to queue
[2023-09-28T18:35:46.326+0000] {logging_mixin.py:151} INFO - [2023-09-28T18:35:46.326+0000] {dagbag.py:539} INFO - Filling up the DagBag from /home/airflow/.local/lib/python3.8/site-packages/airflow/example_dags/example_trigger_target_dag.py
[2023-09-28T18:35:46.331+0000] {processor.py:839} INFO - DAG(s) dict_keys(['example_trigger_target_dag']) retrieved from /home/airflow/.local/lib/python3.8/site-packages/airflow/example_dags/example_trigger_target_dag.py
[2023-09-28T18:35:46.346+0000] {logging_mixin.py:151} INFO - [2023-09-28T18:35:46.346+0000] {dag.py:2915} INFO - Sync 1 DAGs
[2023-09-28T18:35:46.355+0000] {logging_mixin.py:151} INFO - [2023-09-28T18:35:46.355+0000] {dag.py:3696} INFO - Setting next_dagrun for example_trigger_target_dag to None, run_after=None
[2023-09-28T18:35:46.368+0000] {processor.py:179} INFO - Processing /home/airflow/.local/lib/python3.8/site-packages/airflow/example_dags/example_trigger_target_dag.py took 0.050 seconds
[2023-09-28T18:36:17.234+0000] {processor.py:157} INFO - Started process (PID=235) to work on /home/airflow/.local/lib/python3.8/site-packages/airflow/example_dags/example_trigger_target_dag.py
[2023-09-28T18:36:17.237+0000] {processor.py:829} INFO - Processing file /home/airflow/.local/lib/python3.8/site-packages/airflow/example_dags/example_trigger_target_dag.py for tasks to queue
[2023-09-28T18:36:17.242+0000] {logging_mixin.py:151} INFO - [2023-09-28T18:36:17.242+0000] {dagbag.py:539} INFO - Filling up the DagBag from /home/airflow/.local/lib/python3.8/site-packages/airflow/example_dags/example_trigger_target_dag.py
[2023-09-28T18:36:17.248+0000] {processor.py:839} INFO - DAG(s) dict_keys(['example_trigger_target_dag']) retrieved from /home/airflow/.local/lib/python3.8/site-packages/airflow/example_dags/example_trigger_target_dag.py
[2023-09-28T18:36:17.263+0000] {logging_mixin.py:151} INFO - [2023-09-28T18:36:17.263+0000] {dag.py:2915} INFO - Sync 1 DAGs
[2023-09-28T18:36:17.272+0000] {logging_mixin.py:151} INFO - [2023-09-28T18:36:17.272+0000] {dag.py:3696} INFO - Setting next_dagrun for example_trigger_target_dag to None, run_after=None
[2023-09-28T18:36:17.290+0000] {processor.py:179} INFO - Processing /home/airflow/.local/lib/python3.8/site-packages/airflow/example_dags/example_trigger_target_dag.py took 0.058 seconds
