[2023-09-28T18:05:27.119+0000] {processor.py:157} INFO - Started process (PID=37) to work on /home/airflow/.local/lib/python3.8/site-packages/airflow/example_dags/example_datasets.py
[2023-09-28T18:05:27.121+0000] {processor.py:829} INFO - Processing file /home/airflow/.local/lib/python3.8/site-packages/airflow/example_dags/example_datasets.py for tasks to queue
[2023-09-28T18:05:27.127+0000] {logging_mixin.py:151} INFO - [2023-09-28T18:05:27.127+0000] {dagbag.py:539} INFO - Filling up the DagBag from /home/airflow/.local/lib/python3.8/site-packages/airflow/example_dags/example_datasets.py
[2023-09-28T18:05:27.137+0000] {processor.py:839} INFO - DAG(s) dict_keys(['dataset_consumes_1_and_2', 'dataset_consumes_1_never_scheduled', 'dataset_produces_2', 'dataset_consumes_1', 'dataset_consumes_unknown_never_scheduled', 'dataset_produces_1']) retrieved from /home/airflow/.local/lib/python3.8/site-packages/airflow/example_dags/example_datasets.py
[2023-09-28T18:05:27.152+0000] {logging_mixin.py:151} INFO - [2023-09-28T18:05:27.151+0000] {dag.py:2915} INFO - Sync 6 DAGs
[2023-09-28T18:05:27.176+0000] {logging_mixin.py:151} INFO - [2023-09-28T18:05:27.176+0000] {dag.py:3696} INFO - Setting next_dagrun for dataset_consumes_1 to None, run_after=None
[2023-09-28T18:05:27.180+0000] {logging_mixin.py:151} INFO - [2023-09-28T18:05:27.179+0000] {dag.py:3696} INFO - Setting next_dagrun for dataset_consumes_1_and_2 to None, run_after=None
[2023-09-28T18:05:27.181+0000] {logging_mixin.py:151} INFO - [2023-09-28T18:05:27.181+0000] {dag.py:3696} INFO - Setting next_dagrun for dataset_consumes_1_never_scheduled to None, run_after=None
[2023-09-28T18:05:27.183+0000] {logging_mixin.py:151} INFO - [2023-09-28T18:05:27.183+0000] {dag.py:3696} INFO - Setting next_dagrun for dataset_consumes_unknown_never_scheduled to None, run_after=None
[2023-09-28T18:05:27.186+0000] {logging_mixin.py:151} INFO - [2023-09-28T18:05:27.185+0000] {dag.py:3696} INFO - Setting next_dagrun for dataset_produces_1 to 2023-09-27T00:00:00+00:00, run_after=2023-09-28T00:00:00+00:00
[2023-09-28T18:05:27.187+0000] {logging_mixin.py:151} INFO - [2023-09-28T18:05:27.187+0000] {dag.py:3696} INFO - Setting next_dagrun for dataset_produces_2 to None, run_after=None
[2023-09-28T18:05:27.211+0000] {processor.py:179} INFO - Processing /home/airflow/.local/lib/python3.8/site-packages/airflow/example_dags/example_datasets.py took 0.095 seconds
[2023-09-28T18:05:57.601+0000] {processor.py:157} INFO - Started process (PID=89) to work on /home/airflow/.local/lib/python3.8/site-packages/airflow/example_dags/example_datasets.py
[2023-09-28T18:05:57.602+0000] {processor.py:829} INFO - Processing file /home/airflow/.local/lib/python3.8/site-packages/airflow/example_dags/example_datasets.py for tasks to queue
[2023-09-28T18:05:57.605+0000] {logging_mixin.py:151} INFO - [2023-09-28T18:05:57.604+0000] {dagbag.py:539} INFO - Filling up the DagBag from /home/airflow/.local/lib/python3.8/site-packages/airflow/example_dags/example_datasets.py
[2023-09-28T18:05:57.612+0000] {processor.py:839} INFO - DAG(s) dict_keys(['dataset_consumes_1', 'dataset_produces_2', 'dataset_consumes_unknown_never_scheduled', 'dataset_consumes_1_never_scheduled', 'dataset_produces_1', 'dataset_consumes_1_and_2']) retrieved from /home/airflow/.local/lib/python3.8/site-packages/airflow/example_dags/example_datasets.py
[2023-09-28T18:05:57.638+0000] {logging_mixin.py:151} INFO - [2023-09-28T18:05:57.638+0000] {dag.py:2915} INFO - Sync 6 DAGs
[2023-09-28T18:05:57.654+0000] {logging_mixin.py:151} INFO - [2023-09-28T18:05:57.654+0000] {dag.py:3696} INFO - Setting next_dagrun for dataset_consumes_1 to None, run_after=None
[2023-09-28T18:05:57.658+0000] {logging_mixin.py:151} INFO - [2023-09-28T18:05:57.658+0000] {dag.py:3696} INFO - Setting next_dagrun for dataset_consumes_1_and_2 to None, run_after=None
[2023-09-28T18:05:57.660+0000] {logging_mixin.py:151} INFO - [2023-09-28T18:05:57.660+0000] {dag.py:3696} INFO - Setting next_dagrun for dataset_consumes_1_never_scheduled to None, run_after=None
[2023-09-28T18:05:57.662+0000] {logging_mixin.py:151} INFO - [2023-09-28T18:05:57.662+0000] {dag.py:3696} INFO - Setting next_dagrun for dataset_consumes_unknown_never_scheduled to None, run_after=None
[2023-09-28T18:05:57.666+0000] {logging_mixin.py:151} INFO - [2023-09-28T18:05:57.665+0000] {dag.py:3696} INFO - Setting next_dagrun for dataset_produces_1 to 2023-09-27T00:00:00+00:00, run_after=2023-09-28T00:00:00+00:00
[2023-09-28T18:05:57.667+0000] {logging_mixin.py:151} INFO - [2023-09-28T18:05:57.667+0000] {dag.py:3696} INFO - Setting next_dagrun for dataset_produces_2 to None, run_after=None
[2023-09-28T18:05:57.689+0000] {processor.py:179} INFO - Processing /home/airflow/.local/lib/python3.8/site-packages/airflow/example_dags/example_datasets.py took 0.090 seconds
[2023-09-28T18:06:28.499+0000] {processor.py:157} INFO - Started process (PID=143) to work on /home/airflow/.local/lib/python3.8/site-packages/airflow/example_dags/example_datasets.py
[2023-09-28T18:06:28.500+0000] {processor.py:829} INFO - Processing file /home/airflow/.local/lib/python3.8/site-packages/airflow/example_dags/example_datasets.py for tasks to queue
[2023-09-28T18:06:28.502+0000] {logging_mixin.py:151} INFO - [2023-09-28T18:06:28.502+0000] {dagbag.py:539} INFO - Filling up the DagBag from /home/airflow/.local/lib/python3.8/site-packages/airflow/example_dags/example_datasets.py
[2023-09-28T18:06:28.509+0000] {processor.py:839} INFO - DAG(s) dict_keys(['dataset_consumes_1_and_2', 'dataset_consumes_unknown_never_scheduled', 'dataset_consumes_1', 'dataset_consumes_1_never_scheduled', 'dataset_produces_2', 'dataset_produces_1']) retrieved from /home/airflow/.local/lib/python3.8/site-packages/airflow/example_dags/example_datasets.py
[2023-09-28T18:06:28.536+0000] {logging_mixin.py:151} INFO - [2023-09-28T18:06:28.536+0000] {dag.py:2915} INFO - Sync 6 DAGs
[2023-09-28T18:06:28.551+0000] {logging_mixin.py:151} INFO - [2023-09-28T18:06:28.551+0000] {dag.py:3696} INFO - Setting next_dagrun for dataset_consumes_1 to None, run_after=None
[2023-09-28T18:06:28.556+0000] {logging_mixin.py:151} INFO - [2023-09-28T18:06:28.556+0000] {dag.py:3696} INFO - Setting next_dagrun for dataset_consumes_1_and_2 to None, run_after=None
[2023-09-28T18:06:28.558+0000] {logging_mixin.py:151} INFO - [2023-09-28T18:06:28.558+0000] {dag.py:3696} INFO - Setting next_dagrun for dataset_consumes_1_never_scheduled to None, run_after=None
[2023-09-28T18:06:28.560+0000] {logging_mixin.py:151} INFO - [2023-09-28T18:06:28.560+0000] {dag.py:3696} INFO - Setting next_dagrun for dataset_consumes_unknown_never_scheduled to None, run_after=None
[2023-09-28T18:06:28.562+0000] {logging_mixin.py:151} INFO - [2023-09-28T18:06:28.562+0000] {dag.py:3696} INFO - Setting next_dagrun for dataset_produces_1 to 2023-09-27T00:00:00+00:00, run_after=2023-09-28T00:00:00+00:00
[2023-09-28T18:06:28.564+0000] {logging_mixin.py:151} INFO - [2023-09-28T18:06:28.564+0000] {dag.py:3696} INFO - Setting next_dagrun for dataset_produces_2 to None, run_after=None
[2023-09-28T18:06:28.586+0000] {processor.py:179} INFO - Processing /home/airflow/.local/lib/python3.8/site-packages/airflow/example_dags/example_datasets.py took 0.090 seconds
[2023-09-28T18:06:58.647+0000] {processor.py:157} INFO - Started process (PID=197) to work on /home/airflow/.local/lib/python3.8/site-packages/airflow/example_dags/example_datasets.py
[2023-09-28T18:06:58.649+0000] {processor.py:829} INFO - Processing file /home/airflow/.local/lib/python3.8/site-packages/airflow/example_dags/example_datasets.py for tasks to queue
[2023-09-28T18:06:58.651+0000] {logging_mixin.py:151} INFO - [2023-09-28T18:06:58.651+0000] {dagbag.py:539} INFO - Filling up the DagBag from /home/airflow/.local/lib/python3.8/site-packages/airflow/example_dags/example_datasets.py
[2023-09-28T18:06:58.658+0000] {processor.py:839} INFO - DAG(s) dict_keys(['dataset_consumes_1_never_scheduled', 'dataset_consumes_1', 'dataset_produces_1', 'dataset_produces_2', 'dataset_consumes_unknown_never_scheduled', 'dataset_consumes_1_and_2']) retrieved from /home/airflow/.local/lib/python3.8/site-packages/airflow/example_dags/example_datasets.py
[2023-09-28T18:06:58.687+0000] {logging_mixin.py:151} INFO - [2023-09-28T18:06:58.687+0000] {dag.py:2915} INFO - Sync 6 DAGs
[2023-09-28T18:06:58.702+0000] {logging_mixin.py:151} INFO - [2023-09-28T18:06:58.702+0000] {dag.py:3696} INFO - Setting next_dagrun for dataset_consumes_1 to None, run_after=None
[2023-09-28T18:06:58.706+0000] {logging_mixin.py:151} INFO - [2023-09-28T18:06:58.705+0000] {dag.py:3696} INFO - Setting next_dagrun for dataset_consumes_1_and_2 to None, run_after=None
[2023-09-28T18:06:58.708+0000] {logging_mixin.py:151} INFO - [2023-09-28T18:06:58.708+0000] {dag.py:3696} INFO - Setting next_dagrun for dataset_consumes_1_never_scheduled to None, run_after=None
[2023-09-28T18:06:58.711+0000] {logging_mixin.py:151} INFO - [2023-09-28T18:06:58.710+0000] {dag.py:3696} INFO - Setting next_dagrun for dataset_consumes_unknown_never_scheduled to None, run_after=None
[2023-09-28T18:06:58.713+0000] {logging_mixin.py:151} INFO - [2023-09-28T18:06:58.713+0000] {dag.py:3696} INFO - Setting next_dagrun for dataset_produces_1 to 2023-09-27T00:00:00+00:00, run_after=2023-09-28T00:00:00+00:00
[2023-09-28T18:06:58.715+0000] {logging_mixin.py:151} INFO - [2023-09-28T18:06:58.715+0000] {dag.py:3696} INFO - Setting next_dagrun for dataset_produces_2 to None, run_after=None
[2023-09-28T18:06:58.741+0000] {processor.py:179} INFO - Processing /home/airflow/.local/lib/python3.8/site-packages/airflow/example_dags/example_datasets.py took 0.096 seconds
[2023-09-28T18:07:29.550+0000] {processor.py:157} INFO - Started process (PID=251) to work on /home/airflow/.local/lib/python3.8/site-packages/airflow/example_dags/example_datasets.py
[2023-09-28T18:07:29.552+0000] {processor.py:829} INFO - Processing file /home/airflow/.local/lib/python3.8/site-packages/airflow/example_dags/example_datasets.py for tasks to queue
[2023-09-28T18:07:29.554+0000] {logging_mixin.py:151} INFO - [2023-09-28T18:07:29.554+0000] {dagbag.py:539} INFO - Filling up the DagBag from /home/airflow/.local/lib/python3.8/site-packages/airflow/example_dags/example_datasets.py
[2023-09-28T18:07:29.561+0000] {processor.py:839} INFO - DAG(s) dict_keys(['dataset_consumes_1_and_2', 'dataset_produces_1', 'dataset_consumes_unknown_never_scheduled', 'dataset_consumes_1_never_scheduled', 'dataset_produces_2', 'dataset_consumes_1']) retrieved from /home/airflow/.local/lib/python3.8/site-packages/airflow/example_dags/example_datasets.py
[2023-09-28T18:07:29.586+0000] {logging_mixin.py:151} INFO - [2023-09-28T18:07:29.586+0000] {dag.py:2915} INFO - Sync 6 DAGs
[2023-09-28T18:07:29.601+0000] {logging_mixin.py:151} INFO - [2023-09-28T18:07:29.601+0000] {dag.py:3696} INFO - Setting next_dagrun for dataset_consumes_1 to None, run_after=None
[2023-09-28T18:07:29.604+0000] {logging_mixin.py:151} INFO - [2023-09-28T18:07:29.604+0000] {dag.py:3696} INFO - Setting next_dagrun for dataset_consumes_1_and_2 to None, run_after=None
[2023-09-28T18:07:29.606+0000] {logging_mixin.py:151} INFO - [2023-09-28T18:07:29.606+0000] {dag.py:3696} INFO - Setting next_dagrun for dataset_consumes_1_never_scheduled to None, run_after=None
[2023-09-28T18:07:29.608+0000] {logging_mixin.py:151} INFO - [2023-09-28T18:07:29.608+0000] {dag.py:3696} INFO - Setting next_dagrun for dataset_consumes_unknown_never_scheduled to None, run_after=None
[2023-09-28T18:07:29.613+0000] {logging_mixin.py:151} INFO - [2023-09-28T18:07:29.612+0000] {dag.py:3696} INFO - Setting next_dagrun for dataset_produces_1 to 2023-09-27T00:00:00+00:00, run_after=2023-09-28T00:00:00+00:00
[2023-09-28T18:07:29.615+0000] {logging_mixin.py:151} INFO - [2023-09-28T18:07:29.615+0000] {dag.py:3696} INFO - Setting next_dagrun for dataset_produces_2 to None, run_after=None
[2023-09-28T18:07:29.637+0000] {processor.py:179} INFO - Processing /home/airflow/.local/lib/python3.8/site-packages/airflow/example_dags/example_datasets.py took 0.089 seconds
[2023-09-28T18:08:00.309+0000] {processor.py:157} INFO - Started process (PID=305) to work on /home/airflow/.local/lib/python3.8/site-packages/airflow/example_dags/example_datasets.py
[2023-09-28T18:08:00.312+0000] {processor.py:829} INFO - Processing file /home/airflow/.local/lib/python3.8/site-packages/airflow/example_dags/example_datasets.py for tasks to queue
[2023-09-28T18:08:00.314+0000] {logging_mixin.py:151} INFO - [2023-09-28T18:08:00.314+0000] {dagbag.py:539} INFO - Filling up the DagBag from /home/airflow/.local/lib/python3.8/site-packages/airflow/example_dags/example_datasets.py
[2023-09-28T18:08:00.320+0000] {processor.py:839} INFO - DAG(s) dict_keys(['dataset_produces_2', 'dataset_produces_1', 'dataset_consumes_unknown_never_scheduled', 'dataset_consumes_1_and_2', 'dataset_consumes_1_never_scheduled', 'dataset_consumes_1']) retrieved from /home/airflow/.local/lib/python3.8/site-packages/airflow/example_dags/example_datasets.py
[2023-09-28T18:08:00.342+0000] {logging_mixin.py:151} INFO - [2023-09-28T18:08:00.342+0000] {dag.py:2915} INFO - Sync 6 DAGs
[2023-09-28T18:08:00.355+0000] {logging_mixin.py:151} INFO - [2023-09-28T18:08:00.355+0000] {dag.py:3696} INFO - Setting next_dagrun for dataset_consumes_1 to None, run_after=None
[2023-09-28T18:08:00.357+0000] {logging_mixin.py:151} INFO - [2023-09-28T18:08:00.357+0000] {dag.py:3696} INFO - Setting next_dagrun for dataset_consumes_1_and_2 to None, run_after=None
[2023-09-28T18:08:00.359+0000] {logging_mixin.py:151} INFO - [2023-09-28T18:08:00.359+0000] {dag.py:3696} INFO - Setting next_dagrun for dataset_consumes_1_never_scheduled to None, run_after=None
[2023-09-28T18:08:00.361+0000] {logging_mixin.py:151} INFO - [2023-09-28T18:08:00.361+0000] {dag.py:3696} INFO - Setting next_dagrun for dataset_consumes_unknown_never_scheduled to None, run_after=None
[2023-09-28T18:08:00.364+0000] {logging_mixin.py:151} INFO - [2023-09-28T18:08:00.364+0000] {dag.py:3696} INFO - Setting next_dagrun for dataset_produces_1 to 2023-09-27T00:00:00+00:00, run_after=2023-09-28T00:00:00+00:00
[2023-09-28T18:08:00.367+0000] {logging_mixin.py:151} INFO - [2023-09-28T18:08:00.367+0000] {dag.py:3696} INFO - Setting next_dagrun for dataset_produces_2 to None, run_after=None
[2023-09-28T18:08:00.385+0000] {processor.py:179} INFO - Processing /home/airflow/.local/lib/python3.8/site-packages/airflow/example_dags/example_datasets.py took 0.079 seconds
[2023-09-28T18:08:30.511+0000] {processor.py:157} INFO - Started process (PID=359) to work on /home/airflow/.local/lib/python3.8/site-packages/airflow/example_dags/example_datasets.py
[2023-09-28T18:08:30.514+0000] {processor.py:829} INFO - Processing file /home/airflow/.local/lib/python3.8/site-packages/airflow/example_dags/example_datasets.py for tasks to queue
[2023-09-28T18:08:30.517+0000] {logging_mixin.py:151} INFO - [2023-09-28T18:08:30.517+0000] {dagbag.py:539} INFO - Filling up the DagBag from /home/airflow/.local/lib/python3.8/site-packages/airflow/example_dags/example_datasets.py
[2023-09-28T18:08:30.524+0000] {processor.py:839} INFO - DAG(s) dict_keys(['dataset_consumes_unknown_never_scheduled', 'dataset_consumes_1', 'dataset_consumes_1_never_scheduled', 'dataset_produces_2', 'dataset_produces_1', 'dataset_consumes_1_and_2']) retrieved from /home/airflow/.local/lib/python3.8/site-packages/airflow/example_dags/example_datasets.py
[2023-09-28T18:08:30.551+0000] {logging_mixin.py:151} INFO - [2023-09-28T18:08:30.550+0000] {dag.py:2915} INFO - Sync 6 DAGs
[2023-09-28T18:08:30.564+0000] {logging_mixin.py:151} INFO - [2023-09-28T18:08:30.564+0000] {dag.py:3696} INFO - Setting next_dagrun for dataset_consumes_1 to None, run_after=None
[2023-09-28T18:08:30.568+0000] {logging_mixin.py:151} INFO - [2023-09-28T18:08:30.568+0000] {dag.py:3696} INFO - Setting next_dagrun for dataset_consumes_1_and_2 to None, run_after=None
[2023-09-28T18:08:30.570+0000] {logging_mixin.py:151} INFO - [2023-09-28T18:08:30.570+0000] {dag.py:3696} INFO - Setting next_dagrun for dataset_consumes_1_never_scheduled to None, run_after=None
[2023-09-28T18:08:30.571+0000] {logging_mixin.py:151} INFO - [2023-09-28T18:08:30.571+0000] {dag.py:3696} INFO - Setting next_dagrun for dataset_consumes_unknown_never_scheduled to None, run_after=None
[2023-09-28T18:08:30.576+0000] {logging_mixin.py:151} INFO - [2023-09-28T18:08:30.576+0000] {dag.py:3696} INFO - Setting next_dagrun for dataset_produces_1 to 2023-09-27T00:00:00+00:00, run_after=2023-09-28T00:00:00+00:00
[2023-09-28T18:08:30.579+0000] {logging_mixin.py:151} INFO - [2023-09-28T18:08:30.579+0000] {dag.py:3696} INFO - Setting next_dagrun for dataset_produces_2 to None, run_after=None
[2023-09-28T18:08:30.603+0000] {processor.py:179} INFO - Processing /home/airflow/.local/lib/python3.8/site-packages/airflow/example_dags/example_datasets.py took 0.095 seconds
[2023-09-28T18:09:01.378+0000] {processor.py:157} INFO - Started process (PID=413) to work on /home/airflow/.local/lib/python3.8/site-packages/airflow/example_dags/example_datasets.py
[2023-09-28T18:09:01.380+0000] {processor.py:829} INFO - Processing file /home/airflow/.local/lib/python3.8/site-packages/airflow/example_dags/example_datasets.py for tasks to queue
[2023-09-28T18:09:01.382+0000] {logging_mixin.py:151} INFO - [2023-09-28T18:09:01.382+0000] {dagbag.py:539} INFO - Filling up the DagBag from /home/airflow/.local/lib/python3.8/site-packages/airflow/example_dags/example_datasets.py
[2023-09-28T18:09:01.389+0000] {processor.py:839} INFO - DAG(s) dict_keys(['dataset_produces_2', 'dataset_produces_1', 'dataset_consumes_1_and_2', 'dataset_consumes_unknown_never_scheduled', 'dataset_consumes_1', 'dataset_consumes_1_never_scheduled']) retrieved from /home/airflow/.local/lib/python3.8/site-packages/airflow/example_dags/example_datasets.py
[2023-09-28T18:09:01.415+0000] {logging_mixin.py:151} INFO - [2023-09-28T18:09:01.415+0000] {dag.py:2915} INFO - Sync 6 DAGs
[2023-09-28T18:09:01.429+0000] {logging_mixin.py:151} INFO - [2023-09-28T18:09:01.429+0000] {dag.py:3696} INFO - Setting next_dagrun for dataset_consumes_1 to None, run_after=None
[2023-09-28T18:09:01.432+0000] {logging_mixin.py:151} INFO - [2023-09-28T18:09:01.432+0000] {dag.py:3696} INFO - Setting next_dagrun for dataset_consumes_1_and_2 to None, run_after=None
[2023-09-28T18:09:01.437+0000] {logging_mixin.py:151} INFO - [2023-09-28T18:09:01.437+0000] {dag.py:3696} INFO - Setting next_dagrun for dataset_consumes_1_never_scheduled to None, run_after=None
[2023-09-28T18:09:01.439+0000] {logging_mixin.py:151} INFO - [2023-09-28T18:09:01.439+0000] {dag.py:3696} INFO - Setting next_dagrun for dataset_consumes_unknown_never_scheduled to None, run_after=None
[2023-09-28T18:09:01.442+0000] {logging_mixin.py:151} INFO - [2023-09-28T18:09:01.442+0000] {dag.py:3696} INFO - Setting next_dagrun for dataset_produces_1 to 2023-09-27T00:00:00+00:00, run_after=2023-09-28T00:00:00+00:00
[2023-09-28T18:09:01.444+0000] {logging_mixin.py:151} INFO - [2023-09-28T18:09:01.444+0000] {dag.py:3696} INFO - Setting next_dagrun for dataset_produces_2 to None, run_after=None
[2023-09-28T18:09:01.467+0000] {processor.py:179} INFO - Processing /home/airflow/.local/lib/python3.8/site-packages/airflow/example_dags/example_datasets.py took 0.091 seconds
[2023-09-28T18:09:32.107+0000] {processor.py:157} INFO - Started process (PID=466) to work on /home/airflow/.local/lib/python3.8/site-packages/airflow/example_dags/example_datasets.py
[2023-09-28T18:09:32.108+0000] {processor.py:829} INFO - Processing file /home/airflow/.local/lib/python3.8/site-packages/airflow/example_dags/example_datasets.py for tasks to queue
[2023-09-28T18:09:32.112+0000] {logging_mixin.py:151} INFO - [2023-09-28T18:09:32.112+0000] {dagbag.py:539} INFO - Filling up the DagBag from /home/airflow/.local/lib/python3.8/site-packages/airflow/example_dags/example_datasets.py
[2023-09-28T18:09:32.120+0000] {processor.py:839} INFO - DAG(s) dict_keys(['dataset_produces_1', 'dataset_consumes_unknown_never_scheduled', 'dataset_consumes_1', 'dataset_produces_2', 'dataset_consumes_1_and_2', 'dataset_consumes_1_never_scheduled']) retrieved from /home/airflow/.local/lib/python3.8/site-packages/airflow/example_dags/example_datasets.py
[2023-09-28T18:09:32.146+0000] {logging_mixin.py:151} INFO - [2023-09-28T18:09:32.146+0000] {dag.py:2915} INFO - Sync 6 DAGs
[2023-09-28T18:09:32.167+0000] {logging_mixin.py:151} INFO - [2023-09-28T18:09:32.167+0000] {dag.py:3696} INFO - Setting next_dagrun for dataset_consumes_1 to None, run_after=None
[2023-09-28T18:09:32.173+0000] {logging_mixin.py:151} INFO - [2023-09-28T18:09:32.173+0000] {dag.py:3696} INFO - Setting next_dagrun for dataset_consumes_1_and_2 to None, run_after=None
[2023-09-28T18:09:32.176+0000] {logging_mixin.py:151} INFO - [2023-09-28T18:09:32.176+0000] {dag.py:3696} INFO - Setting next_dagrun for dataset_consumes_1_never_scheduled to None, run_after=None
[2023-09-28T18:09:32.179+0000] {logging_mixin.py:151} INFO - [2023-09-28T18:09:32.179+0000] {dag.py:3696} INFO - Setting next_dagrun for dataset_consumes_unknown_never_scheduled to None, run_after=None
[2023-09-28T18:09:32.182+0000] {logging_mixin.py:151} INFO - [2023-09-28T18:09:32.182+0000] {dag.py:3696} INFO - Setting next_dagrun for dataset_produces_1 to 2023-09-27T00:00:00+00:00, run_after=2023-09-28T00:00:00+00:00
[2023-09-28T18:09:32.184+0000] {logging_mixin.py:151} INFO - [2023-09-28T18:09:32.184+0000] {dag.py:3696} INFO - Setting next_dagrun for dataset_produces_2 to None, run_after=None
[2023-09-28T18:09:32.208+0000] {processor.py:179} INFO - Processing /home/airflow/.local/lib/python3.8/site-packages/airflow/example_dags/example_datasets.py took 0.104 seconds
[2023-09-28T18:10:02.953+0000] {processor.py:157} INFO - Started process (PID=520) to work on /home/airflow/.local/lib/python3.8/site-packages/airflow/example_dags/example_datasets.py
[2023-09-28T18:10:02.955+0000] {processor.py:829} INFO - Processing file /home/airflow/.local/lib/python3.8/site-packages/airflow/example_dags/example_datasets.py for tasks to queue
[2023-09-28T18:10:02.958+0000] {logging_mixin.py:151} INFO - [2023-09-28T18:10:02.958+0000] {dagbag.py:539} INFO - Filling up the DagBag from /home/airflow/.local/lib/python3.8/site-packages/airflow/example_dags/example_datasets.py
[2023-09-28T18:10:02.965+0000] {processor.py:839} INFO - DAG(s) dict_keys(['dataset_consumes_unknown_never_scheduled', 'dataset_consumes_1_never_scheduled', 'dataset_produces_1', 'dataset_consumes_1_and_2', 'dataset_consumes_1', 'dataset_produces_2']) retrieved from /home/airflow/.local/lib/python3.8/site-packages/airflow/example_dags/example_datasets.py
[2023-09-28T18:10:02.990+0000] {logging_mixin.py:151} INFO - [2023-09-28T18:10:02.990+0000] {dag.py:2915} INFO - Sync 6 DAGs
[2023-09-28T18:10:03.006+0000] {logging_mixin.py:151} INFO - [2023-09-28T18:10:03.006+0000] {dag.py:3696} INFO - Setting next_dagrun for dataset_consumes_1 to None, run_after=None
[2023-09-28T18:10:03.009+0000] {logging_mixin.py:151} INFO - [2023-09-28T18:10:03.009+0000] {dag.py:3696} INFO - Setting next_dagrun for dataset_consumes_1_and_2 to None, run_after=None
[2023-09-28T18:10:03.011+0000] {logging_mixin.py:151} INFO - [2023-09-28T18:10:03.011+0000] {dag.py:3696} INFO - Setting next_dagrun for dataset_consumes_1_never_scheduled to None, run_after=None
[2023-09-28T18:10:03.014+0000] {logging_mixin.py:151} INFO - [2023-09-28T18:10:03.014+0000] {dag.py:3696} INFO - Setting next_dagrun for dataset_consumes_unknown_never_scheduled to None, run_after=None
[2023-09-28T18:10:03.018+0000] {logging_mixin.py:151} INFO - [2023-09-28T18:10:03.018+0000] {dag.py:3696} INFO - Setting next_dagrun for dataset_produces_1 to 2023-09-27T00:00:00+00:00, run_after=2023-09-28T00:00:00+00:00
[2023-09-28T18:10:03.021+0000] {logging_mixin.py:151} INFO - [2023-09-28T18:10:03.021+0000] {dag.py:3696} INFO - Setting next_dagrun for dataset_produces_2 to None, run_after=None
[2023-09-28T18:10:03.042+0000] {processor.py:179} INFO - Processing /home/airflow/.local/lib/python3.8/site-packages/airflow/example_dags/example_datasets.py took 0.092 seconds
[2023-09-28T18:10:34.718+0000] {processor.py:157} INFO - Started process (PID=574) to work on /home/airflow/.local/lib/python3.8/site-packages/airflow/example_dags/example_datasets.py
[2023-09-28T18:10:34.720+0000] {processor.py:829} INFO - Processing file /home/airflow/.local/lib/python3.8/site-packages/airflow/example_dags/example_datasets.py for tasks to queue
[2023-09-28T18:10:34.723+0000] {logging_mixin.py:151} INFO - [2023-09-28T18:10:34.723+0000] {dagbag.py:539} INFO - Filling up the DagBag from /home/airflow/.local/lib/python3.8/site-packages/airflow/example_dags/example_datasets.py
[2023-09-28T18:10:34.735+0000] {processor.py:839} INFO - DAG(s) dict_keys(['dataset_consumes_1_never_scheduled', 'dataset_consumes_unknown_never_scheduled', 'dataset_produces_2', 'dataset_produces_1', 'dataset_consumes_1_and_2', 'dataset_consumes_1']) retrieved from /home/airflow/.local/lib/python3.8/site-packages/airflow/example_dags/example_datasets.py
[2023-09-28T18:10:34.764+0000] {logging_mixin.py:151} INFO - [2023-09-28T18:10:34.764+0000] {dag.py:2915} INFO - Sync 6 DAGs
[2023-09-28T18:10:34.778+0000] {logging_mixin.py:151} INFO - [2023-09-28T18:10:34.778+0000] {dag.py:3696} INFO - Setting next_dagrun for dataset_consumes_1 to None, run_after=None
[2023-09-28T18:10:34.782+0000] {logging_mixin.py:151} INFO - [2023-09-28T18:10:34.782+0000] {dag.py:3696} INFO - Setting next_dagrun for dataset_consumes_1_and_2 to None, run_after=None
[2023-09-28T18:10:34.784+0000] {logging_mixin.py:151} INFO - [2023-09-28T18:10:34.784+0000] {dag.py:3696} INFO - Setting next_dagrun for dataset_consumes_1_never_scheduled to None, run_after=None
[2023-09-28T18:10:34.786+0000] {logging_mixin.py:151} INFO - [2023-09-28T18:10:34.786+0000] {dag.py:3696} INFO - Setting next_dagrun for dataset_consumes_unknown_never_scheduled to None, run_after=None
[2023-09-28T18:10:34.789+0000] {logging_mixin.py:151} INFO - [2023-09-28T18:10:34.789+0000] {dag.py:3696} INFO - Setting next_dagrun for dataset_produces_1 to 2023-09-27T00:00:00+00:00, run_after=2023-09-28T00:00:00+00:00
[2023-09-28T18:10:34.792+0000] {logging_mixin.py:151} INFO - [2023-09-28T18:10:34.792+0000] {dag.py:3696} INFO - Setting next_dagrun for dataset_produces_2 to None, run_after=None
[2023-09-28T18:10:34.815+0000] {processor.py:179} INFO - Processing /home/airflow/.local/lib/python3.8/site-packages/airflow/example_dags/example_datasets.py took 0.099 seconds
[2023-09-28T18:11:05.765+0000] {processor.py:157} INFO - Started process (PID=629) to work on /home/airflow/.local/lib/python3.8/site-packages/airflow/example_dags/example_datasets.py
[2023-09-28T18:11:05.767+0000] {processor.py:829} INFO - Processing file /home/airflow/.local/lib/python3.8/site-packages/airflow/example_dags/example_datasets.py for tasks to queue
[2023-09-28T18:11:05.771+0000] {logging_mixin.py:151} INFO - [2023-09-28T18:11:05.771+0000] {dagbag.py:539} INFO - Filling up the DagBag from /home/airflow/.local/lib/python3.8/site-packages/airflow/example_dags/example_datasets.py
[2023-09-28T18:11:05.784+0000] {processor.py:839} INFO - DAG(s) dict_keys(['dataset_consumes_1', 'dataset_consumes_1_and_2', 'dataset_produces_1', 'dataset_produces_2', 'dataset_consumes_1_never_scheduled', 'dataset_consumes_unknown_never_scheduled']) retrieved from /home/airflow/.local/lib/python3.8/site-packages/airflow/example_dags/example_datasets.py
[2023-09-28T18:11:05.850+0000] {logging_mixin.py:151} INFO - [2023-09-28T18:11:05.849+0000] {dag.py:2915} INFO - Sync 6 DAGs
[2023-09-28T18:11:05.880+0000] {logging_mixin.py:151} INFO - [2023-09-28T18:11:05.880+0000] {dag.py:3696} INFO - Setting next_dagrun for dataset_consumes_1 to None, run_after=None
[2023-09-28T18:11:05.887+0000] {logging_mixin.py:151} INFO - [2023-09-28T18:11:05.887+0000] {dag.py:3696} INFO - Setting next_dagrun for dataset_consumes_1_and_2 to None, run_after=None
[2023-09-28T18:11:05.893+0000] {logging_mixin.py:151} INFO - [2023-09-28T18:11:05.893+0000] {dag.py:3696} INFO - Setting next_dagrun for dataset_consumes_1_never_scheduled to None, run_after=None
[2023-09-28T18:11:05.904+0000] {logging_mixin.py:151} INFO - [2023-09-28T18:11:05.904+0000] {dag.py:3696} INFO - Setting next_dagrun for dataset_consumes_unknown_never_scheduled to None, run_after=None
[2023-09-28T18:11:05.910+0000] {logging_mixin.py:151} INFO - [2023-09-28T18:11:05.910+0000] {dag.py:3696} INFO - Setting next_dagrun for dataset_produces_1 to 2023-09-27T00:00:00+00:00, run_after=2023-09-28T00:00:00+00:00
[2023-09-28T18:11:05.919+0000] {logging_mixin.py:151} INFO - [2023-09-28T18:11:05.918+0000] {dag.py:3696} INFO - Setting next_dagrun for dataset_produces_2 to None, run_after=None
[2023-09-28T18:11:05.973+0000] {processor.py:179} INFO - Processing /home/airflow/.local/lib/python3.8/site-packages/airflow/example_dags/example_datasets.py took 0.211 seconds
[2023-09-28T18:13:53.647+0000] {processor.py:157} INFO - Started process (PID=36) to work on /home/airflow/.local/lib/python3.8/site-packages/airflow/example_dags/example_datasets.py
[2023-09-28T18:13:53.649+0000] {processor.py:829} INFO - Processing file /home/airflow/.local/lib/python3.8/site-packages/airflow/example_dags/example_datasets.py for tasks to queue
[2023-09-28T18:13:53.652+0000] {logging_mixin.py:151} INFO - [2023-09-28T18:13:53.651+0000] {dagbag.py:539} INFO - Filling up the DagBag from /home/airflow/.local/lib/python3.8/site-packages/airflow/example_dags/example_datasets.py
[2023-09-28T18:13:53.664+0000] {processor.py:839} INFO - DAG(s) dict_keys(['dataset_consumes_1', 'dataset_produces_2', 'dataset_consumes_1_and_2', 'dataset_consumes_1_never_scheduled', 'dataset_consumes_unknown_never_scheduled', 'dataset_produces_1']) retrieved from /home/airflow/.local/lib/python3.8/site-packages/airflow/example_dags/example_datasets.py
[2023-09-28T18:13:53.761+0000] {logging_mixin.py:151} INFO - [2023-09-28T18:13:53.761+0000] {manager.py:499} INFO - Created Permission View: %s
[2023-09-28T18:13:53.771+0000] {logging_mixin.py:151} INFO - [2023-09-28T18:13:53.771+0000] {manager.py:499} INFO - Created Permission View: %s
[2023-09-28T18:13:53.778+0000] {logging_mixin.py:151} INFO - [2023-09-28T18:13:53.778+0000] {manager.py:499} INFO - Created Permission View: %s
[2023-09-28T18:13:53.780+0000] {logging_mixin.py:151} INFO - [2023-09-28T18:13:53.780+0000] {security.py:708} INFO - Not syncing DAG-level permissions for DAG 'DAG:dataset_consumes_1' as access control is unset.
[2023-09-28T18:13:53.792+0000] {logging_mixin.py:151} INFO - [2023-09-28T18:13:53.792+0000] {manager.py:499} INFO - Created Permission View: %s
[2023-09-28T18:13:53.799+0000] {logging_mixin.py:151} INFO - [2023-09-28T18:13:53.799+0000] {manager.py:499} INFO - Created Permission View: %s
[2023-09-28T18:13:53.804+0000] {logging_mixin.py:151} INFO - [2023-09-28T18:13:53.803+0000] {manager.py:499} INFO - Created Permission View: %s
[2023-09-28T18:13:53.805+0000] {logging_mixin.py:151} INFO - [2023-09-28T18:13:53.805+0000] {security.py:708} INFO - Not syncing DAG-level permissions for DAG 'DAG:dataset_produces_2' as access control is unset.
[2023-09-28T18:13:53.814+0000] {logging_mixin.py:151} INFO - [2023-09-28T18:13:53.814+0000] {manager.py:499} INFO - Created Permission View: %s
[2023-09-28T18:13:53.821+0000] {logging_mixin.py:151} INFO - [2023-09-28T18:13:53.821+0000] {manager.py:499} INFO - Created Permission View: %s
[2023-09-28T18:13:53.828+0000] {logging_mixin.py:151} INFO - [2023-09-28T18:13:53.828+0000] {manager.py:499} INFO - Created Permission View: %s
[2023-09-28T18:13:53.829+0000] {logging_mixin.py:151} INFO - [2023-09-28T18:13:53.829+0000] {security.py:708} INFO - Not syncing DAG-level permissions for DAG 'DAG:dataset_consumes_1_and_2' as access control is unset.
[2023-09-28T18:13:53.838+0000] {logging_mixin.py:151} INFO - [2023-09-28T18:13:53.838+0000] {manager.py:499} INFO - Created Permission View: %s
[2023-09-28T18:13:53.844+0000] {logging_mixin.py:151} INFO - [2023-09-28T18:13:53.843+0000] {manager.py:499} INFO - Created Permission View: %s
[2023-09-28T18:13:53.850+0000] {logging_mixin.py:151} INFO - [2023-09-28T18:13:53.850+0000] {manager.py:499} INFO - Created Permission View: %s
[2023-09-28T18:13:53.851+0000] {logging_mixin.py:151} INFO - [2023-09-28T18:13:53.851+0000] {security.py:708} INFO - Not syncing DAG-level permissions for DAG 'DAG:dataset_consumes_1_never_scheduled' as access control is unset.
[2023-09-28T18:13:53.862+0000] {logging_mixin.py:151} INFO - [2023-09-28T18:13:53.862+0000] {manager.py:499} INFO - Created Permission View: %s
[2023-09-28T18:13:53.869+0000] {logging_mixin.py:151} INFO - [2023-09-28T18:13:53.869+0000] {manager.py:499} INFO - Created Permission View: %s
[2023-09-28T18:13:53.878+0000] {logging_mixin.py:151} INFO - [2023-09-28T18:13:53.878+0000] {manager.py:499} INFO - Created Permission View: %s
[2023-09-28T18:13:53.879+0000] {logging_mixin.py:151} INFO - [2023-09-28T18:13:53.879+0000] {security.py:708} INFO - Not syncing DAG-level permissions for DAG 'DAG:dataset_consumes_unknown_never_scheduled' as access control is unset.
[2023-09-28T18:13:53.889+0000] {logging_mixin.py:151} INFO - [2023-09-28T18:13:53.888+0000] {manager.py:499} INFO - Created Permission View: %s
[2023-09-28T18:13:53.894+0000] {logging_mixin.py:151} INFO - [2023-09-28T18:13:53.894+0000] {manager.py:499} INFO - Created Permission View: %s
[2023-09-28T18:13:53.901+0000] {logging_mixin.py:151} INFO - [2023-09-28T18:13:53.900+0000] {manager.py:499} INFO - Created Permission View: %s
[2023-09-28T18:13:53.902+0000] {logging_mixin.py:151} INFO - [2023-09-28T18:13:53.902+0000] {security.py:708} INFO - Not syncing DAG-level permissions for DAG 'DAG:dataset_produces_1' as access control is unset.
[2023-09-28T18:13:53.903+0000] {logging_mixin.py:151} INFO - [2023-09-28T18:13:53.903+0000] {dag.py:2915} INFO - Sync 6 DAGs
[2023-09-28T18:13:53.912+0000] {logging_mixin.py:151} INFO - [2023-09-28T18:13:53.912+0000] {dag.py:2937} INFO - Creating ORM DAG for dataset_consumes_unknown_never_scheduled
[2023-09-28T18:13:53.913+0000] {logging_mixin.py:151} INFO - [2023-09-28T18:13:53.913+0000] {dag.py:2937} INFO - Creating ORM DAG for dataset_consumes_1
[2023-09-28T18:13:53.915+0000] {logging_mixin.py:151} INFO - [2023-09-28T18:13:53.915+0000] {dag.py:2937} INFO - Creating ORM DAG for dataset_produces_2
[2023-09-28T18:13:53.917+0000] {logging_mixin.py:151} INFO - [2023-09-28T18:13:53.916+0000] {dag.py:2937} INFO - Creating ORM DAG for dataset_consumes_1_never_scheduled
[2023-09-28T18:13:53.918+0000] {logging_mixin.py:151} INFO - [2023-09-28T18:13:53.918+0000] {dag.py:2937} INFO - Creating ORM DAG for dataset_produces_1
[2023-09-28T18:13:53.919+0000] {logging_mixin.py:151} INFO - [2023-09-28T18:13:53.919+0000] {dag.py:2937} INFO - Creating ORM DAG for dataset_consumes_1_and_2
[2023-09-28T18:13:53.927+0000] {logging_mixin.py:151} INFO - [2023-09-28T18:13:53.927+0000] {dag.py:3696} INFO - Setting next_dagrun for dataset_consumes_1 to None, run_after=None
[2023-09-28T18:13:53.929+0000] {logging_mixin.py:151} INFO - [2023-09-28T18:13:53.929+0000] {dag.py:3696} INFO - Setting next_dagrun for dataset_consumes_1_and_2 to None, run_after=None
[2023-09-28T18:13:53.930+0000] {logging_mixin.py:151} INFO - [2023-09-28T18:13:53.930+0000] {dag.py:3696} INFO - Setting next_dagrun for dataset_consumes_1_never_scheduled to None, run_after=None
[2023-09-28T18:13:53.932+0000] {logging_mixin.py:151} INFO - [2023-09-28T18:13:53.932+0000] {dag.py:3696} INFO - Setting next_dagrun for dataset_consumes_unknown_never_scheduled to None, run_after=None
[2023-09-28T18:13:53.935+0000] {logging_mixin.py:151} INFO - [2023-09-28T18:13:53.934+0000] {dag.py:3696} INFO - Setting next_dagrun for dataset_produces_1 to 2023-09-27T00:00:00+00:00, run_after=2023-09-28T00:00:00+00:00
[2023-09-28T18:13:53.936+0000] {logging_mixin.py:151} INFO - [2023-09-28T18:13:53.936+0000] {dag.py:3696} INFO - Setting next_dagrun for dataset_produces_2 to None, run_after=None
[2023-09-28T18:13:53.966+0000] {processor.py:179} INFO - Processing /home/airflow/.local/lib/python3.8/site-packages/airflow/example_dags/example_datasets.py took 0.322 seconds
[2023-09-28T18:14:24.915+0000] {processor.py:157} INFO - Started process (PID=90) to work on /home/airflow/.local/lib/python3.8/site-packages/airflow/example_dags/example_datasets.py
[2023-09-28T18:14:24.917+0000] {processor.py:829} INFO - Processing file /home/airflow/.local/lib/python3.8/site-packages/airflow/example_dags/example_datasets.py for tasks to queue
[2023-09-28T18:14:24.921+0000] {logging_mixin.py:151} INFO - [2023-09-28T18:14:24.920+0000] {dagbag.py:539} INFO - Filling up the DagBag from /home/airflow/.local/lib/python3.8/site-packages/airflow/example_dags/example_datasets.py
[2023-09-28T18:14:24.933+0000] {processor.py:839} INFO - DAG(s) dict_keys(['dataset_consumes_1', 'dataset_consumes_unknown_never_scheduled', 'dataset_consumes_1_and_2', 'dataset_produces_2', 'dataset_consumes_1_never_scheduled', 'dataset_produces_1']) retrieved from /home/airflow/.local/lib/python3.8/site-packages/airflow/example_dags/example_datasets.py
[2023-09-28T18:14:24.962+0000] {logging_mixin.py:151} INFO - [2023-09-28T18:14:24.961+0000] {dag.py:2915} INFO - Sync 6 DAGs
[2023-09-28T18:14:24.976+0000] {logging_mixin.py:151} INFO - [2023-09-28T18:14:24.976+0000] {dag.py:3696} INFO - Setting next_dagrun for dataset_consumes_1 to None, run_after=None
[2023-09-28T18:14:24.980+0000] {logging_mixin.py:151} INFO - [2023-09-28T18:14:24.979+0000] {dag.py:3696} INFO - Setting next_dagrun for dataset_consumes_1_and_2 to None, run_after=None
[2023-09-28T18:14:24.982+0000] {logging_mixin.py:151} INFO - [2023-09-28T18:14:24.982+0000] {dag.py:3696} INFO - Setting next_dagrun for dataset_consumes_1_never_scheduled to None, run_after=None
[2023-09-28T18:14:24.984+0000] {logging_mixin.py:151} INFO - [2023-09-28T18:14:24.984+0000] {dag.py:3696} INFO - Setting next_dagrun for dataset_consumes_unknown_never_scheduled to None, run_after=None
[2023-09-28T18:14:24.987+0000] {logging_mixin.py:151} INFO - [2023-09-28T18:14:24.987+0000] {dag.py:3696} INFO - Setting next_dagrun for dataset_produces_1 to 2023-09-27T00:00:00+00:00, run_after=2023-09-28T00:00:00+00:00
[2023-09-28T18:14:24.989+0000] {logging_mixin.py:151} INFO - [2023-09-28T18:14:24.989+0000] {dag.py:3696} INFO - Setting next_dagrun for dataset_produces_2 to None, run_after=None
[2023-09-28T18:14:25.009+0000] {processor.py:179} INFO - Processing /home/airflow/.local/lib/python3.8/site-packages/airflow/example_dags/example_datasets.py took 0.098 seconds
[2023-09-28T18:14:55.669+0000] {processor.py:157} INFO - Started process (PID=144) to work on /home/airflow/.local/lib/python3.8/site-packages/airflow/example_dags/example_datasets.py
[2023-09-28T18:14:55.671+0000] {processor.py:829} INFO - Processing file /home/airflow/.local/lib/python3.8/site-packages/airflow/example_dags/example_datasets.py for tasks to queue
[2023-09-28T18:14:55.675+0000] {logging_mixin.py:151} INFO - [2023-09-28T18:14:55.675+0000] {dagbag.py:539} INFO - Filling up the DagBag from /home/airflow/.local/lib/python3.8/site-packages/airflow/example_dags/example_datasets.py
[2023-09-28T18:14:55.684+0000] {processor.py:839} INFO - DAG(s) dict_keys(['dataset_consumes_1_never_scheduled', 'dataset_consumes_unknown_never_scheduled', 'dataset_consumes_1_and_2', 'dataset_produces_1', 'dataset_produces_2', 'dataset_consumes_1']) retrieved from /home/airflow/.local/lib/python3.8/site-packages/airflow/example_dags/example_datasets.py
[2023-09-28T18:14:55.712+0000] {logging_mixin.py:151} INFO - [2023-09-28T18:14:55.712+0000] {dag.py:2915} INFO - Sync 6 DAGs
[2023-09-28T18:14:55.728+0000] {logging_mixin.py:151} INFO - [2023-09-28T18:14:55.727+0000] {dag.py:3696} INFO - Setting next_dagrun for dataset_consumes_1 to None, run_after=None
[2023-09-28T18:14:55.731+0000] {logging_mixin.py:151} INFO - [2023-09-28T18:14:55.731+0000] {dag.py:3696} INFO - Setting next_dagrun for dataset_consumes_1_and_2 to None, run_after=None
[2023-09-28T18:14:55.734+0000] {logging_mixin.py:151} INFO - [2023-09-28T18:14:55.734+0000] {dag.py:3696} INFO - Setting next_dagrun for dataset_consumes_1_never_scheduled to None, run_after=None
[2023-09-28T18:14:55.736+0000] {logging_mixin.py:151} INFO - [2023-09-28T18:14:55.736+0000] {dag.py:3696} INFO - Setting next_dagrun for dataset_consumes_unknown_never_scheduled to None, run_after=None
[2023-09-28T18:14:55.739+0000] {logging_mixin.py:151} INFO - [2023-09-28T18:14:55.739+0000] {dag.py:3696} INFO - Setting next_dagrun for dataset_produces_1 to 2023-09-27T00:00:00+00:00, run_after=2023-09-28T00:00:00+00:00
[2023-09-28T18:14:55.741+0000] {logging_mixin.py:151} INFO - [2023-09-28T18:14:55.741+0000] {dag.py:3696} INFO - Setting next_dagrun for dataset_produces_2 to None, run_after=None
[2023-09-28T18:14:55.761+0000] {processor.py:179} INFO - Processing /home/airflow/.local/lib/python3.8/site-packages/airflow/example_dags/example_datasets.py took 0.096 seconds
[2023-09-28T18:15:26.398+0000] {processor.py:157} INFO - Started process (PID=198) to work on /home/airflow/.local/lib/python3.8/site-packages/airflow/example_dags/example_datasets.py
[2023-09-28T18:15:26.401+0000] {processor.py:829} INFO - Processing file /home/airflow/.local/lib/python3.8/site-packages/airflow/example_dags/example_datasets.py for tasks to queue
[2023-09-28T18:15:26.404+0000] {logging_mixin.py:151} INFO - [2023-09-28T18:15:26.404+0000] {dagbag.py:539} INFO - Filling up the DagBag from /home/airflow/.local/lib/python3.8/site-packages/airflow/example_dags/example_datasets.py
[2023-09-28T18:15:26.412+0000] {processor.py:839} INFO - DAG(s) dict_keys(['dataset_consumes_1_never_scheduled', 'dataset_consumes_1_and_2', 'dataset_consumes_1', 'dataset_produces_2', 'dataset_produces_1', 'dataset_consumes_unknown_never_scheduled']) retrieved from /home/airflow/.local/lib/python3.8/site-packages/airflow/example_dags/example_datasets.py
[2023-09-28T18:15:26.437+0000] {logging_mixin.py:151} INFO - [2023-09-28T18:15:26.436+0000] {dag.py:2915} INFO - Sync 6 DAGs
[2023-09-28T18:15:26.452+0000] {logging_mixin.py:151} INFO - [2023-09-28T18:15:26.452+0000] {dag.py:3696} INFO - Setting next_dagrun for dataset_consumes_1 to None, run_after=None
[2023-09-28T18:15:26.456+0000] {logging_mixin.py:151} INFO - [2023-09-28T18:15:26.456+0000] {dag.py:3696} INFO - Setting next_dagrun for dataset_consumes_1_and_2 to None, run_after=None
[2023-09-28T18:15:26.458+0000] {logging_mixin.py:151} INFO - [2023-09-28T18:15:26.458+0000] {dag.py:3696} INFO - Setting next_dagrun for dataset_consumes_1_never_scheduled to None, run_after=None
[2023-09-28T18:15:26.461+0000] {logging_mixin.py:151} INFO - [2023-09-28T18:15:26.461+0000] {dag.py:3696} INFO - Setting next_dagrun for dataset_consumes_unknown_never_scheduled to None, run_after=None
[2023-09-28T18:15:26.465+0000] {logging_mixin.py:151} INFO - [2023-09-28T18:15:26.464+0000] {dag.py:3696} INFO - Setting next_dagrun for dataset_produces_1 to 2023-09-27T00:00:00+00:00, run_after=2023-09-28T00:00:00+00:00
[2023-09-28T18:15:26.471+0000] {logging_mixin.py:151} INFO - [2023-09-28T18:15:26.471+0000] {dag.py:3696} INFO - Setting next_dagrun for dataset_produces_2 to None, run_after=None
[2023-09-28T18:15:26.499+0000] {processor.py:179} INFO - Processing /home/airflow/.local/lib/python3.8/site-packages/airflow/example_dags/example_datasets.py took 0.104 seconds
[2023-09-28T18:15:57.138+0000] {processor.py:157} INFO - Started process (PID=252) to work on /home/airflow/.local/lib/python3.8/site-packages/airflow/example_dags/example_datasets.py
[2023-09-28T18:15:57.141+0000] {processor.py:829} INFO - Processing file /home/airflow/.local/lib/python3.8/site-packages/airflow/example_dags/example_datasets.py for tasks to queue
[2023-09-28T18:15:57.144+0000] {logging_mixin.py:151} INFO - [2023-09-28T18:15:57.143+0000] {dagbag.py:539} INFO - Filling up the DagBag from /home/airflow/.local/lib/python3.8/site-packages/airflow/example_dags/example_datasets.py
[2023-09-28T18:15:57.153+0000] {processor.py:839} INFO - DAG(s) dict_keys(['dataset_produces_1', 'dataset_consumes_1', 'dataset_produces_2', 'dataset_consumes_unknown_never_scheduled', 'dataset_consumes_1_and_2', 'dataset_consumes_1_never_scheduled']) retrieved from /home/airflow/.local/lib/python3.8/site-packages/airflow/example_dags/example_datasets.py
[2023-09-28T18:15:57.179+0000] {logging_mixin.py:151} INFO - [2023-09-28T18:15:57.179+0000] {dag.py:2915} INFO - Sync 6 DAGs
[2023-09-28T18:15:57.194+0000] {logging_mixin.py:151} INFO - [2023-09-28T18:15:57.194+0000] {dag.py:3696} INFO - Setting next_dagrun for dataset_consumes_1 to None, run_after=None
[2023-09-28T18:15:57.197+0000] {logging_mixin.py:151} INFO - [2023-09-28T18:15:57.197+0000] {dag.py:3696} INFO - Setting next_dagrun for dataset_consumes_1_and_2 to None, run_after=None
[2023-09-28T18:15:57.200+0000] {logging_mixin.py:151} INFO - [2023-09-28T18:15:57.200+0000] {dag.py:3696} INFO - Setting next_dagrun for dataset_consumes_1_never_scheduled to None, run_after=None
[2023-09-28T18:15:57.202+0000] {logging_mixin.py:151} INFO - [2023-09-28T18:15:57.202+0000] {dag.py:3696} INFO - Setting next_dagrun for dataset_consumes_unknown_never_scheduled to None, run_after=None
[2023-09-28T18:15:57.204+0000] {logging_mixin.py:151} INFO - [2023-09-28T18:15:57.204+0000] {dag.py:3696} INFO - Setting next_dagrun for dataset_produces_1 to 2023-09-27T00:00:00+00:00, run_after=2023-09-28T00:00:00+00:00
[2023-09-28T18:15:57.206+0000] {logging_mixin.py:151} INFO - [2023-09-28T18:15:57.206+0000] {dag.py:3696} INFO - Setting next_dagrun for dataset_produces_2 to None, run_after=None
[2023-09-28T18:15:57.224+0000] {processor.py:179} INFO - Processing /home/airflow/.local/lib/python3.8/site-packages/airflow/example_dags/example_datasets.py took 0.090 seconds
[2023-09-28T18:16:27.696+0000] {processor.py:157} INFO - Started process (PID=306) to work on /home/airflow/.local/lib/python3.8/site-packages/airflow/example_dags/example_datasets.py
[2023-09-28T18:16:27.698+0000] {processor.py:829} INFO - Processing file /home/airflow/.local/lib/python3.8/site-packages/airflow/example_dags/example_datasets.py for tasks to queue
[2023-09-28T18:16:27.701+0000] {logging_mixin.py:151} INFO - [2023-09-28T18:16:27.700+0000] {dagbag.py:539} INFO - Filling up the DagBag from /home/airflow/.local/lib/python3.8/site-packages/airflow/example_dags/example_datasets.py
[2023-09-28T18:16:27.709+0000] {processor.py:839} INFO - DAG(s) dict_keys(['dataset_consumes_1_and_2', 'dataset_produces_1', 'dataset_consumes_1', 'dataset_consumes_unknown_never_scheduled', 'dataset_produces_2', 'dataset_consumes_1_never_scheduled']) retrieved from /home/airflow/.local/lib/python3.8/site-packages/airflow/example_dags/example_datasets.py
[2023-09-28T18:16:27.736+0000] {logging_mixin.py:151} INFO - [2023-09-28T18:16:27.736+0000] {dag.py:2915} INFO - Sync 6 DAGs
[2023-09-28T18:16:27.750+0000] {logging_mixin.py:151} INFO - [2023-09-28T18:16:27.750+0000] {dag.py:3696} INFO - Setting next_dagrun for dataset_consumes_1 to None, run_after=None
[2023-09-28T18:16:27.754+0000] {logging_mixin.py:151} INFO - [2023-09-28T18:16:27.754+0000] {dag.py:3696} INFO - Setting next_dagrun for dataset_consumes_1_and_2 to None, run_after=None
[2023-09-28T18:16:27.756+0000] {logging_mixin.py:151} INFO - [2023-09-28T18:16:27.756+0000] {dag.py:3696} INFO - Setting next_dagrun for dataset_consumes_1_never_scheduled to None, run_after=None
[2023-09-28T18:16:27.758+0000] {logging_mixin.py:151} INFO - [2023-09-28T18:16:27.757+0000] {dag.py:3696} INFO - Setting next_dagrun for dataset_consumes_unknown_never_scheduled to None, run_after=None
[2023-09-28T18:16:27.760+0000] {logging_mixin.py:151} INFO - [2023-09-28T18:16:27.760+0000] {dag.py:3696} INFO - Setting next_dagrun for dataset_produces_1 to 2023-09-27T00:00:00+00:00, run_after=2023-09-28T00:00:00+00:00
[2023-09-28T18:16:27.763+0000] {logging_mixin.py:151} INFO - [2023-09-28T18:16:27.763+0000] {dag.py:3696} INFO - Setting next_dagrun for dataset_produces_2 to None, run_after=None
[2023-09-28T18:16:27.784+0000] {processor.py:179} INFO - Processing /home/airflow/.local/lib/python3.8/site-packages/airflow/example_dags/example_datasets.py took 0.091 seconds
[2023-09-28T18:16:58.600+0000] {processor.py:157} INFO - Started process (PID=360) to work on /home/airflow/.local/lib/python3.8/site-packages/airflow/example_dags/example_datasets.py
[2023-09-28T18:16:58.604+0000] {processor.py:829} INFO - Processing file /home/airflow/.local/lib/python3.8/site-packages/airflow/example_dags/example_datasets.py for tasks to queue
[2023-09-28T18:16:58.607+0000] {logging_mixin.py:151} INFO - [2023-09-28T18:16:58.606+0000] {dagbag.py:539} INFO - Filling up the DagBag from /home/airflow/.local/lib/python3.8/site-packages/airflow/example_dags/example_datasets.py
[2023-09-28T18:16:58.613+0000] {processor.py:839} INFO - DAG(s) dict_keys(['dataset_consumes_1_and_2', 'dataset_consumes_1', 'dataset_produces_1', 'dataset_consumes_unknown_never_scheduled', 'dataset_produces_2', 'dataset_consumes_1_never_scheduled']) retrieved from /home/airflow/.local/lib/python3.8/site-packages/airflow/example_dags/example_datasets.py
[2023-09-28T18:16:58.639+0000] {logging_mixin.py:151} INFO - [2023-09-28T18:16:58.639+0000] {dag.py:2915} INFO - Sync 6 DAGs
[2023-09-28T18:16:58.654+0000] {logging_mixin.py:151} INFO - [2023-09-28T18:16:58.654+0000] {dag.py:3696} INFO - Setting next_dagrun for dataset_consumes_1 to None, run_after=None
[2023-09-28T18:16:58.658+0000] {logging_mixin.py:151} INFO - [2023-09-28T18:16:58.658+0000] {dag.py:3696} INFO - Setting next_dagrun for dataset_consumes_1_and_2 to None, run_after=None
[2023-09-28T18:16:58.661+0000] {logging_mixin.py:151} INFO - [2023-09-28T18:16:58.661+0000] {dag.py:3696} INFO - Setting next_dagrun for dataset_consumes_1_never_scheduled to None, run_after=None
[2023-09-28T18:16:58.664+0000] {logging_mixin.py:151} INFO - [2023-09-28T18:16:58.663+0000] {dag.py:3696} INFO - Setting next_dagrun for dataset_consumes_unknown_never_scheduled to None, run_after=None
[2023-09-28T18:16:58.666+0000] {logging_mixin.py:151} INFO - [2023-09-28T18:16:58.666+0000] {dag.py:3696} INFO - Setting next_dagrun for dataset_produces_1 to 2023-09-27T00:00:00+00:00, run_after=2023-09-28T00:00:00+00:00
[2023-09-28T18:16:58.668+0000] {logging_mixin.py:151} INFO - [2023-09-28T18:16:58.668+0000] {dag.py:3696} INFO - Setting next_dagrun for dataset_produces_2 to None, run_after=None
[2023-09-28T18:16:58.688+0000] {processor.py:179} INFO - Processing /home/airflow/.local/lib/python3.8/site-packages/airflow/example_dags/example_datasets.py took 0.093 seconds
[2023-09-28T18:17:29.199+0000] {processor.py:157} INFO - Started process (PID=413) to work on /home/airflow/.local/lib/python3.8/site-packages/airflow/example_dags/example_datasets.py
[2023-09-28T18:17:29.202+0000] {processor.py:829} INFO - Processing file /home/airflow/.local/lib/python3.8/site-packages/airflow/example_dags/example_datasets.py for tasks to queue
[2023-09-28T18:17:29.205+0000] {logging_mixin.py:151} INFO - [2023-09-28T18:17:29.205+0000] {dagbag.py:539} INFO - Filling up the DagBag from /home/airflow/.local/lib/python3.8/site-packages/airflow/example_dags/example_datasets.py
[2023-09-28T18:17:29.213+0000] {processor.py:839} INFO - DAG(s) dict_keys(['dataset_consumes_unknown_never_scheduled', 'dataset_consumes_1_never_scheduled', 'dataset_consumes_1_and_2', 'dataset_produces_2', 'dataset_consumes_1', 'dataset_produces_1']) retrieved from /home/airflow/.local/lib/python3.8/site-packages/airflow/example_dags/example_datasets.py
[2023-09-28T18:17:29.240+0000] {logging_mixin.py:151} INFO - [2023-09-28T18:17:29.240+0000] {dag.py:2915} INFO - Sync 6 DAGs
[2023-09-28T18:17:29.256+0000] {logging_mixin.py:151} INFO - [2023-09-28T18:17:29.256+0000] {dag.py:3696} INFO - Setting next_dagrun for dataset_consumes_1 to None, run_after=None
[2023-09-28T18:17:29.261+0000] {logging_mixin.py:151} INFO - [2023-09-28T18:17:29.260+0000] {dag.py:3696} INFO - Setting next_dagrun for dataset_consumes_1_and_2 to None, run_after=None
[2023-09-28T18:17:29.262+0000] {logging_mixin.py:151} INFO - [2023-09-28T18:17:29.262+0000] {dag.py:3696} INFO - Setting next_dagrun for dataset_consumes_1_never_scheduled to None, run_after=None
[2023-09-28T18:17:29.264+0000] {logging_mixin.py:151} INFO - [2023-09-28T18:17:29.264+0000] {dag.py:3696} INFO - Setting next_dagrun for dataset_consumes_unknown_never_scheduled to None, run_after=None
[2023-09-28T18:17:29.267+0000] {logging_mixin.py:151} INFO - [2023-09-28T18:17:29.267+0000] {dag.py:3696} INFO - Setting next_dagrun for dataset_produces_1 to 2023-09-27T00:00:00+00:00, run_after=2023-09-28T00:00:00+00:00
[2023-09-28T18:17:29.269+0000] {logging_mixin.py:151} INFO - [2023-09-28T18:17:29.269+0000] {dag.py:3696} INFO - Setting next_dagrun for dataset_produces_2 to None, run_after=None
[2023-09-28T18:17:29.290+0000] {processor.py:179} INFO - Processing /home/airflow/.local/lib/python3.8/site-packages/airflow/example_dags/example_datasets.py took 0.094 seconds
[2023-09-28T18:17:59.938+0000] {processor.py:157} INFO - Started process (PID=468) to work on /home/airflow/.local/lib/python3.8/site-packages/airflow/example_dags/example_datasets.py
[2023-09-28T18:17:59.941+0000] {processor.py:829} INFO - Processing file /home/airflow/.local/lib/python3.8/site-packages/airflow/example_dags/example_datasets.py for tasks to queue
[2023-09-28T18:17:59.944+0000] {logging_mixin.py:151} INFO - [2023-09-28T18:17:59.944+0000] {dagbag.py:539} INFO - Filling up the DagBag from /home/airflow/.local/lib/python3.8/site-packages/airflow/example_dags/example_datasets.py
[2023-09-28T18:17:59.953+0000] {processor.py:839} INFO - DAG(s) dict_keys(['dataset_produces_2', 'dataset_produces_1', 'dataset_consumes_1', 'dataset_consumes_unknown_never_scheduled', 'dataset_consumes_1_and_2', 'dataset_consumes_1_never_scheduled']) retrieved from /home/airflow/.local/lib/python3.8/site-packages/airflow/example_dags/example_datasets.py
[2023-09-28T18:17:59.978+0000] {logging_mixin.py:151} INFO - [2023-09-28T18:17:59.978+0000] {dag.py:2915} INFO - Sync 6 DAGs
[2023-09-28T18:17:59.992+0000] {logging_mixin.py:151} INFO - [2023-09-28T18:17:59.991+0000] {dag.py:3696} INFO - Setting next_dagrun for dataset_consumes_1 to None, run_after=None
[2023-09-28T18:17:59.995+0000] {logging_mixin.py:151} INFO - [2023-09-28T18:17:59.995+0000] {dag.py:3696} INFO - Setting next_dagrun for dataset_consumes_1_and_2 to None, run_after=None
[2023-09-28T18:17:59.997+0000] {logging_mixin.py:151} INFO - [2023-09-28T18:17:59.997+0000] {dag.py:3696} INFO - Setting next_dagrun for dataset_consumes_1_never_scheduled to None, run_after=None
[2023-09-28T18:17:59.999+0000] {logging_mixin.py:151} INFO - [2023-09-28T18:17:59.999+0000] {dag.py:3696} INFO - Setting next_dagrun for dataset_consumes_unknown_never_scheduled to None, run_after=None
[2023-09-28T18:18:00.002+0000] {logging_mixin.py:151} INFO - [2023-09-28T18:18:00.002+0000] {dag.py:3696} INFO - Setting next_dagrun for dataset_produces_1 to 2023-09-27T00:00:00+00:00, run_after=2023-09-28T00:00:00+00:00
[2023-09-28T18:18:00.004+0000] {logging_mixin.py:151} INFO - [2023-09-28T18:18:00.004+0000] {dag.py:3696} INFO - Setting next_dagrun for dataset_produces_2 to None, run_after=None
[2023-09-28T18:18:00.021+0000] {processor.py:179} INFO - Processing /home/airflow/.local/lib/python3.8/site-packages/airflow/example_dags/example_datasets.py took 0.087 seconds
[2023-09-28T18:18:30.656+0000] {processor.py:157} INFO - Started process (PID=522) to work on /home/airflow/.local/lib/python3.8/site-packages/airflow/example_dags/example_datasets.py
[2023-09-28T18:18:30.659+0000] {processor.py:829} INFO - Processing file /home/airflow/.local/lib/python3.8/site-packages/airflow/example_dags/example_datasets.py for tasks to queue
[2023-09-28T18:18:30.662+0000] {logging_mixin.py:151} INFO - [2023-09-28T18:18:30.662+0000] {dagbag.py:539} INFO - Filling up the DagBag from /home/airflow/.local/lib/python3.8/site-packages/airflow/example_dags/example_datasets.py
[2023-09-28T18:18:30.670+0000] {processor.py:839} INFO - DAG(s) dict_keys(['dataset_consumes_1_never_scheduled', 'dataset_consumes_1', 'dataset_produces_1', 'dataset_consumes_1_and_2', 'dataset_consumes_unknown_never_scheduled', 'dataset_produces_2']) retrieved from /home/airflow/.local/lib/python3.8/site-packages/airflow/example_dags/example_datasets.py
[2023-09-28T18:18:30.696+0000] {logging_mixin.py:151} INFO - [2023-09-28T18:18:30.696+0000] {dag.py:2915} INFO - Sync 6 DAGs
[2023-09-28T18:18:30.711+0000] {logging_mixin.py:151} INFO - [2023-09-28T18:18:30.711+0000] {dag.py:3696} INFO - Setting next_dagrun for dataset_consumes_1 to None, run_after=None
[2023-09-28T18:18:30.717+0000] {logging_mixin.py:151} INFO - [2023-09-28T18:18:30.717+0000] {dag.py:3696} INFO - Setting next_dagrun for dataset_consumes_1_and_2 to None, run_after=None
[2023-09-28T18:18:30.719+0000] {logging_mixin.py:151} INFO - [2023-09-28T18:18:30.719+0000] {dag.py:3696} INFO - Setting next_dagrun for dataset_consumes_1_never_scheduled to None, run_after=None
[2023-09-28T18:18:30.723+0000] {logging_mixin.py:151} INFO - [2023-09-28T18:18:30.723+0000] {dag.py:3696} INFO - Setting next_dagrun for dataset_consumes_unknown_never_scheduled to None, run_after=None
[2023-09-28T18:18:30.728+0000] {logging_mixin.py:151} INFO - [2023-09-28T18:18:30.728+0000] {dag.py:3696} INFO - Setting next_dagrun for dataset_produces_1 to 2023-09-27T00:00:00+00:00, run_after=2023-09-28T00:00:00+00:00
[2023-09-28T18:18:30.730+0000] {logging_mixin.py:151} INFO - [2023-09-28T18:18:30.730+0000] {dag.py:3696} INFO - Setting next_dagrun for dataset_produces_2 to None, run_after=None
[2023-09-28T18:18:30.751+0000] {processor.py:179} INFO - Processing /home/airflow/.local/lib/python3.8/site-packages/airflow/example_dags/example_datasets.py took 0.098 seconds
[2023-09-28T18:19:01.573+0000] {processor.py:157} INFO - Started process (PID=577) to work on /home/airflow/.local/lib/python3.8/site-packages/airflow/example_dags/example_datasets.py
[2023-09-28T18:19:01.577+0000] {processor.py:829} INFO - Processing file /home/airflow/.local/lib/python3.8/site-packages/airflow/example_dags/example_datasets.py for tasks to queue
[2023-09-28T18:19:01.580+0000] {logging_mixin.py:151} INFO - [2023-09-28T18:19:01.580+0000] {dagbag.py:539} INFO - Filling up the DagBag from /home/airflow/.local/lib/python3.8/site-packages/airflow/example_dags/example_datasets.py
[2023-09-28T18:19:01.589+0000] {processor.py:839} INFO - DAG(s) dict_keys(['dataset_produces_1', 'dataset_consumes_1', 'dataset_produces_2', 'dataset_consumes_1_and_2', 'dataset_consumes_unknown_never_scheduled', 'dataset_consumes_1_never_scheduled']) retrieved from /home/airflow/.local/lib/python3.8/site-packages/airflow/example_dags/example_datasets.py
[2023-09-28T18:19:01.616+0000] {logging_mixin.py:151} INFO - [2023-09-28T18:19:01.615+0000] {dag.py:2915} INFO - Sync 6 DAGs
[2023-09-28T18:19:01.631+0000] {logging_mixin.py:151} INFO - [2023-09-28T18:19:01.631+0000] {dag.py:3696} INFO - Setting next_dagrun for dataset_consumes_1 to None, run_after=None
[2023-09-28T18:19:01.635+0000] {logging_mixin.py:151} INFO - [2023-09-28T18:19:01.635+0000] {dag.py:3696} INFO - Setting next_dagrun for dataset_consumes_1_and_2 to None, run_after=None
[2023-09-28T18:19:01.637+0000] {logging_mixin.py:151} INFO - [2023-09-28T18:19:01.637+0000] {dag.py:3696} INFO - Setting next_dagrun for dataset_consumes_1_never_scheduled to None, run_after=None
[2023-09-28T18:19:01.639+0000] {logging_mixin.py:151} INFO - [2023-09-28T18:19:01.639+0000] {dag.py:3696} INFO - Setting next_dagrun for dataset_consumes_unknown_never_scheduled to None, run_after=None
[2023-09-28T18:19:01.642+0000] {logging_mixin.py:151} INFO - [2023-09-28T18:19:01.642+0000] {dag.py:3696} INFO - Setting next_dagrun for dataset_produces_1 to 2023-09-27T00:00:00+00:00, run_after=2023-09-28T00:00:00+00:00
[2023-09-28T18:19:01.647+0000] {logging_mixin.py:151} INFO - [2023-09-28T18:19:01.646+0000] {dag.py:3696} INFO - Setting next_dagrun for dataset_produces_2 to None, run_after=None
[2023-09-28T18:19:01.665+0000] {processor.py:179} INFO - Processing /home/airflow/.local/lib/python3.8/site-packages/airflow/example_dags/example_datasets.py took 0.096 seconds
[2023-09-28T18:19:32.329+0000] {processor.py:157} INFO - Started process (PID=631) to work on /home/airflow/.local/lib/python3.8/site-packages/airflow/example_dags/example_datasets.py
[2023-09-28T18:19:32.332+0000] {processor.py:829} INFO - Processing file /home/airflow/.local/lib/python3.8/site-packages/airflow/example_dags/example_datasets.py for tasks to queue
[2023-09-28T18:19:32.334+0000] {logging_mixin.py:151} INFO - [2023-09-28T18:19:32.334+0000] {dagbag.py:539} INFO - Filling up the DagBag from /home/airflow/.local/lib/python3.8/site-packages/airflow/example_dags/example_datasets.py
[2023-09-28T18:19:32.342+0000] {processor.py:839} INFO - DAG(s) dict_keys(['dataset_produces_1', 'dataset_produces_2', 'dataset_consumes_1_never_scheduled', 'dataset_consumes_unknown_never_scheduled', 'dataset_consumes_1_and_2', 'dataset_consumes_1']) retrieved from /home/airflow/.local/lib/python3.8/site-packages/airflow/example_dags/example_datasets.py
[2023-09-28T18:19:32.368+0000] {logging_mixin.py:151} INFO - [2023-09-28T18:19:32.368+0000] {dag.py:2915} INFO - Sync 6 DAGs
[2023-09-28T18:19:32.383+0000] {logging_mixin.py:151} INFO - [2023-09-28T18:19:32.383+0000] {dag.py:3696} INFO - Setting next_dagrun for dataset_consumes_1 to None, run_after=None
[2023-09-28T18:19:32.387+0000] {logging_mixin.py:151} INFO - [2023-09-28T18:19:32.387+0000] {dag.py:3696} INFO - Setting next_dagrun for dataset_consumes_1_and_2 to None, run_after=None
[2023-09-28T18:19:32.389+0000] {logging_mixin.py:151} INFO - [2023-09-28T18:19:32.389+0000] {dag.py:3696} INFO - Setting next_dagrun for dataset_consumes_1_never_scheduled to None, run_after=None
[2023-09-28T18:19:32.391+0000] {logging_mixin.py:151} INFO - [2023-09-28T18:19:32.391+0000] {dag.py:3696} INFO - Setting next_dagrun for dataset_consumes_unknown_never_scheduled to None, run_after=None
[2023-09-28T18:19:32.394+0000] {logging_mixin.py:151} INFO - [2023-09-28T18:19:32.394+0000] {dag.py:3696} INFO - Setting next_dagrun for dataset_produces_1 to 2023-09-27T00:00:00+00:00, run_after=2023-09-28T00:00:00+00:00
[2023-09-28T18:19:32.396+0000] {logging_mixin.py:151} INFO - [2023-09-28T18:19:32.396+0000] {dag.py:3696} INFO - Setting next_dagrun for dataset_produces_2 to None, run_after=None
[2023-09-28T18:19:32.415+0000] {processor.py:179} INFO - Processing /home/airflow/.local/lib/python3.8/site-packages/airflow/example_dags/example_datasets.py took 0.090 seconds
[2023-09-28T18:20:03.040+0000] {processor.py:157} INFO - Started process (PID=685) to work on /home/airflow/.local/lib/python3.8/site-packages/airflow/example_dags/example_datasets.py
[2023-09-28T18:20:03.043+0000] {processor.py:829} INFO - Processing file /home/airflow/.local/lib/python3.8/site-packages/airflow/example_dags/example_datasets.py for tasks to queue
[2023-09-28T18:20:03.046+0000] {logging_mixin.py:151} INFO - [2023-09-28T18:20:03.046+0000] {dagbag.py:539} INFO - Filling up the DagBag from /home/airflow/.local/lib/python3.8/site-packages/airflow/example_dags/example_datasets.py
[2023-09-28T18:20:03.054+0000] {processor.py:839} INFO - DAG(s) dict_keys(['dataset_consumes_1', 'dataset_consumes_1_never_scheduled', 'dataset_consumes_unknown_never_scheduled', 'dataset_produces_1', 'dataset_produces_2', 'dataset_consumes_1_and_2']) retrieved from /home/airflow/.local/lib/python3.8/site-packages/airflow/example_dags/example_datasets.py
[2023-09-28T18:20:03.078+0000] {logging_mixin.py:151} INFO - [2023-09-28T18:20:03.078+0000] {dag.py:2915} INFO - Sync 6 DAGs
[2023-09-28T18:20:03.092+0000] {logging_mixin.py:151} INFO - [2023-09-28T18:20:03.092+0000] {dag.py:3696} INFO - Setting next_dagrun for dataset_consumes_1 to None, run_after=None
[2023-09-28T18:20:03.095+0000] {logging_mixin.py:151} INFO - [2023-09-28T18:20:03.095+0000] {dag.py:3696} INFO - Setting next_dagrun for dataset_consumes_1_and_2 to None, run_after=None
[2023-09-28T18:20:03.097+0000] {logging_mixin.py:151} INFO - [2023-09-28T18:20:03.097+0000] {dag.py:3696} INFO - Setting next_dagrun for dataset_consumes_1_never_scheduled to None, run_after=None
[2023-09-28T18:20:03.100+0000] {logging_mixin.py:151} INFO - [2023-09-28T18:20:03.099+0000] {dag.py:3696} INFO - Setting next_dagrun for dataset_consumes_unknown_never_scheduled to None, run_after=None
[2023-09-28T18:20:03.102+0000] {logging_mixin.py:151} INFO - [2023-09-28T18:20:03.102+0000] {dag.py:3696} INFO - Setting next_dagrun for dataset_produces_1 to 2023-09-27T00:00:00+00:00, run_after=2023-09-28T00:00:00+00:00
[2023-09-28T18:20:03.104+0000] {logging_mixin.py:151} INFO - [2023-09-28T18:20:03.104+0000] {dag.py:3696} INFO - Setting next_dagrun for dataset_produces_2 to None, run_after=None
[2023-09-28T18:20:03.129+0000] {processor.py:179} INFO - Processing /home/airflow/.local/lib/python3.8/site-packages/airflow/example_dags/example_datasets.py took 0.095 seconds
[2023-09-28T18:20:33.689+0000] {processor.py:157} INFO - Started process (PID=738) to work on /home/airflow/.local/lib/python3.8/site-packages/airflow/example_dags/example_datasets.py
[2023-09-28T18:20:33.693+0000] {processor.py:829} INFO - Processing file /home/airflow/.local/lib/python3.8/site-packages/airflow/example_dags/example_datasets.py for tasks to queue
[2023-09-28T18:20:33.696+0000] {logging_mixin.py:151} INFO - [2023-09-28T18:20:33.696+0000] {dagbag.py:539} INFO - Filling up the DagBag from /home/airflow/.local/lib/python3.8/site-packages/airflow/example_dags/example_datasets.py
[2023-09-28T18:20:33.705+0000] {processor.py:839} INFO - DAG(s) dict_keys(['dataset_produces_1', 'dataset_consumes_1_never_scheduled', 'dataset_produces_2', 'dataset_consumes_1_and_2', 'dataset_consumes_1', 'dataset_consumes_unknown_never_scheduled']) retrieved from /home/airflow/.local/lib/python3.8/site-packages/airflow/example_dags/example_datasets.py
[2023-09-28T18:20:33.736+0000] {logging_mixin.py:151} INFO - [2023-09-28T18:20:33.736+0000] {dag.py:2915} INFO - Sync 6 DAGs
[2023-09-28T18:20:33.753+0000] {logging_mixin.py:151} INFO - [2023-09-28T18:20:33.753+0000] {dag.py:3696} INFO - Setting next_dagrun for dataset_consumes_1 to None, run_after=None
[2023-09-28T18:20:33.757+0000] {logging_mixin.py:151} INFO - [2023-09-28T18:20:33.757+0000] {dag.py:3696} INFO - Setting next_dagrun for dataset_consumes_1_and_2 to None, run_after=None
[2023-09-28T18:20:33.759+0000] {logging_mixin.py:151} INFO - [2023-09-28T18:20:33.759+0000] {dag.py:3696} INFO - Setting next_dagrun for dataset_consumes_1_never_scheduled to None, run_after=None
[2023-09-28T18:20:33.761+0000] {logging_mixin.py:151} INFO - [2023-09-28T18:20:33.761+0000] {dag.py:3696} INFO - Setting next_dagrun for dataset_consumes_unknown_never_scheduled to None, run_after=None
[2023-09-28T18:20:33.765+0000] {logging_mixin.py:151} INFO - [2023-09-28T18:20:33.765+0000] {dag.py:3696} INFO - Setting next_dagrun for dataset_produces_1 to 2023-09-27T00:00:00+00:00, run_after=2023-09-28T00:00:00+00:00
[2023-09-28T18:20:33.767+0000] {logging_mixin.py:151} INFO - [2023-09-28T18:20:33.767+0000] {dag.py:3696} INFO - Setting next_dagrun for dataset_produces_2 to None, run_after=None
[2023-09-28T18:20:33.787+0000] {processor.py:179} INFO - Processing /home/airflow/.local/lib/python3.8/site-packages/airflow/example_dags/example_datasets.py took 0.103 seconds
[2023-09-28T18:21:04.335+0000] {processor.py:157} INFO - Started process (PID=792) to work on /home/airflow/.local/lib/python3.8/site-packages/airflow/example_dags/example_datasets.py
[2023-09-28T18:21:04.338+0000] {processor.py:829} INFO - Processing file /home/airflow/.local/lib/python3.8/site-packages/airflow/example_dags/example_datasets.py for tasks to queue
[2023-09-28T18:21:04.341+0000] {logging_mixin.py:151} INFO - [2023-09-28T18:21:04.340+0000] {dagbag.py:539} INFO - Filling up the DagBag from /home/airflow/.local/lib/python3.8/site-packages/airflow/example_dags/example_datasets.py
[2023-09-28T18:21:04.349+0000] {processor.py:839} INFO - DAG(s) dict_keys(['dataset_consumes_1', 'dataset_produces_1', 'dataset_consumes_1_and_2', 'dataset_produces_2', 'dataset_consumes_1_never_scheduled', 'dataset_consumes_unknown_never_scheduled']) retrieved from /home/airflow/.local/lib/python3.8/site-packages/airflow/example_dags/example_datasets.py
[2023-09-28T18:21:04.374+0000] {logging_mixin.py:151} INFO - [2023-09-28T18:21:04.373+0000] {dag.py:2915} INFO - Sync 6 DAGs
[2023-09-28T18:21:04.388+0000] {logging_mixin.py:151} INFO - [2023-09-28T18:21:04.388+0000] {dag.py:3696} INFO - Setting next_dagrun for dataset_consumes_1 to None, run_after=None
[2023-09-28T18:21:04.391+0000] {logging_mixin.py:151} INFO - [2023-09-28T18:21:04.391+0000] {dag.py:3696} INFO - Setting next_dagrun for dataset_consumes_1_and_2 to None, run_after=None
[2023-09-28T18:21:04.395+0000] {logging_mixin.py:151} INFO - [2023-09-28T18:21:04.394+0000] {dag.py:3696} INFO - Setting next_dagrun for dataset_consumes_1_never_scheduled to None, run_after=None
[2023-09-28T18:21:04.397+0000] {logging_mixin.py:151} INFO - [2023-09-28T18:21:04.397+0000] {dag.py:3696} INFO - Setting next_dagrun for dataset_consumes_unknown_never_scheduled to None, run_after=None
[2023-09-28T18:21:04.402+0000] {logging_mixin.py:151} INFO - [2023-09-28T18:21:04.402+0000] {dag.py:3696} INFO - Setting next_dagrun for dataset_produces_1 to 2023-09-27T00:00:00+00:00, run_after=2023-09-28T00:00:00+00:00
[2023-09-28T18:21:04.404+0000] {logging_mixin.py:151} INFO - [2023-09-28T18:21:04.403+0000] {dag.py:3696} INFO - Setting next_dagrun for dataset_produces_2 to None, run_after=None
[2023-09-28T18:21:04.423+0000] {processor.py:179} INFO - Processing /home/airflow/.local/lib/python3.8/site-packages/airflow/example_dags/example_datasets.py took 0.092 seconds
[2023-09-28T18:21:35.394+0000] {processor.py:157} INFO - Started process (PID=846) to work on /home/airflow/.local/lib/python3.8/site-packages/airflow/example_dags/example_datasets.py
[2023-09-28T18:21:35.396+0000] {processor.py:829} INFO - Processing file /home/airflow/.local/lib/python3.8/site-packages/airflow/example_dags/example_datasets.py for tasks to queue
[2023-09-28T18:21:35.399+0000] {logging_mixin.py:151} INFO - [2023-09-28T18:21:35.399+0000] {dagbag.py:539} INFO - Filling up the DagBag from /home/airflow/.local/lib/python3.8/site-packages/airflow/example_dags/example_datasets.py
[2023-09-28T18:21:35.406+0000] {processor.py:839} INFO - DAG(s) dict_keys(['dataset_consumes_unknown_never_scheduled', 'dataset_consumes_1', 'dataset_produces_1', 'dataset_consumes_1_never_scheduled', 'dataset_consumes_1_and_2', 'dataset_produces_2']) retrieved from /home/airflow/.local/lib/python3.8/site-packages/airflow/example_dags/example_datasets.py
[2023-09-28T18:21:35.431+0000] {logging_mixin.py:151} INFO - [2023-09-28T18:21:35.431+0000] {dag.py:2915} INFO - Sync 6 DAGs
[2023-09-28T18:21:35.446+0000] {logging_mixin.py:151} INFO - [2023-09-28T18:21:35.446+0000] {dag.py:3696} INFO - Setting next_dagrun for dataset_consumes_1 to None, run_after=None
[2023-09-28T18:21:35.450+0000] {logging_mixin.py:151} INFO - [2023-09-28T18:21:35.450+0000] {dag.py:3696} INFO - Setting next_dagrun for dataset_consumes_1_and_2 to None, run_after=None
[2023-09-28T18:21:35.452+0000] {logging_mixin.py:151} INFO - [2023-09-28T18:21:35.452+0000] {dag.py:3696} INFO - Setting next_dagrun for dataset_consumes_1_never_scheduled to None, run_after=None
[2023-09-28T18:21:35.454+0000] {logging_mixin.py:151} INFO - [2023-09-28T18:21:35.454+0000] {dag.py:3696} INFO - Setting next_dagrun for dataset_consumes_unknown_never_scheduled to None, run_after=None
[2023-09-28T18:21:35.457+0000] {logging_mixin.py:151} INFO - [2023-09-28T18:21:35.457+0000] {dag.py:3696} INFO - Setting next_dagrun for dataset_produces_1 to 2023-09-27T00:00:00+00:00, run_after=2023-09-28T00:00:00+00:00
[2023-09-28T18:21:35.459+0000] {logging_mixin.py:151} INFO - [2023-09-28T18:21:35.459+0000] {dag.py:3696} INFO - Setting next_dagrun for dataset_produces_2 to None, run_after=None
[2023-09-28T18:21:35.478+0000] {processor.py:179} INFO - Processing /home/airflow/.local/lib/python3.8/site-packages/airflow/example_dags/example_datasets.py took 0.088 seconds
[2023-09-28T18:22:06.029+0000] {processor.py:157} INFO - Started process (PID=900) to work on /home/airflow/.local/lib/python3.8/site-packages/airflow/example_dags/example_datasets.py
[2023-09-28T18:22:06.031+0000] {processor.py:829} INFO - Processing file /home/airflow/.local/lib/python3.8/site-packages/airflow/example_dags/example_datasets.py for tasks to queue
[2023-09-28T18:22:06.035+0000] {logging_mixin.py:151} INFO - [2023-09-28T18:22:06.034+0000] {dagbag.py:539} INFO - Filling up the DagBag from /home/airflow/.local/lib/python3.8/site-packages/airflow/example_dags/example_datasets.py
[2023-09-28T18:22:06.043+0000] {processor.py:839} INFO - DAG(s) dict_keys(['dataset_produces_1', 'dataset_consumes_1', 'dataset_produces_2', 'dataset_consumes_unknown_never_scheduled', 'dataset_consumes_1_never_scheduled', 'dataset_consumes_1_and_2']) retrieved from /home/airflow/.local/lib/python3.8/site-packages/airflow/example_dags/example_datasets.py
[2023-09-28T18:22:06.069+0000] {logging_mixin.py:151} INFO - [2023-09-28T18:22:06.069+0000] {dag.py:2915} INFO - Sync 6 DAGs
[2023-09-28T18:22:06.086+0000] {logging_mixin.py:151} INFO - [2023-09-28T18:22:06.086+0000] {dag.py:3696} INFO - Setting next_dagrun for dataset_consumes_1 to None, run_after=None
[2023-09-28T18:22:06.090+0000] {logging_mixin.py:151} INFO - [2023-09-28T18:22:06.090+0000] {dag.py:3696} INFO - Setting next_dagrun for dataset_consumes_1_and_2 to None, run_after=None
[2023-09-28T18:22:06.092+0000] {logging_mixin.py:151} INFO - [2023-09-28T18:22:06.092+0000] {dag.py:3696} INFO - Setting next_dagrun for dataset_consumes_1_never_scheduled to None, run_after=None
[2023-09-28T18:22:06.094+0000] {logging_mixin.py:151} INFO - [2023-09-28T18:22:06.094+0000] {dag.py:3696} INFO - Setting next_dagrun for dataset_consumes_unknown_never_scheduled to None, run_after=None
[2023-09-28T18:22:06.098+0000] {logging_mixin.py:151} INFO - [2023-09-28T18:22:06.097+0000] {dag.py:3696} INFO - Setting next_dagrun for dataset_produces_1 to 2023-09-27T00:00:00+00:00, run_after=2023-09-28T00:00:00+00:00
[2023-09-28T18:22:06.099+0000] {logging_mixin.py:151} INFO - [2023-09-28T18:22:06.099+0000] {dag.py:3696} INFO - Setting next_dagrun for dataset_produces_2 to None, run_after=None
[2023-09-28T18:22:06.121+0000] {processor.py:179} INFO - Processing /home/airflow/.local/lib/python3.8/site-packages/airflow/example_dags/example_datasets.py took 0.095 seconds
[2023-09-28T18:22:36.931+0000] {processor.py:157} INFO - Started process (PID=953) to work on /home/airflow/.local/lib/python3.8/site-packages/airflow/example_dags/example_datasets.py
[2023-09-28T18:22:36.934+0000] {processor.py:829} INFO - Processing file /home/airflow/.local/lib/python3.8/site-packages/airflow/example_dags/example_datasets.py for tasks to queue
[2023-09-28T18:22:36.938+0000] {logging_mixin.py:151} INFO - [2023-09-28T18:22:36.937+0000] {dagbag.py:539} INFO - Filling up the DagBag from /home/airflow/.local/lib/python3.8/site-packages/airflow/example_dags/example_datasets.py
[2023-09-28T18:22:36.945+0000] {processor.py:839} INFO - DAG(s) dict_keys(['dataset_consumes_1', 'dataset_consumes_1_and_2', 'dataset_consumes_unknown_never_scheduled', 'dataset_produces_1', 'dataset_produces_2', 'dataset_consumes_1_never_scheduled']) retrieved from /home/airflow/.local/lib/python3.8/site-packages/airflow/example_dags/example_datasets.py
[2023-09-28T18:22:36.970+0000] {logging_mixin.py:151} INFO - [2023-09-28T18:22:36.970+0000] {dag.py:2915} INFO - Sync 6 DAGs
[2023-09-28T18:22:36.985+0000] {logging_mixin.py:151} INFO - [2023-09-28T18:22:36.985+0000] {dag.py:3696} INFO - Setting next_dagrun for dataset_consumes_1 to None, run_after=None
[2023-09-28T18:22:36.989+0000] {logging_mixin.py:151} INFO - [2023-09-28T18:22:36.989+0000] {dag.py:3696} INFO - Setting next_dagrun for dataset_consumes_1_and_2 to None, run_after=None
[2023-09-28T18:22:36.991+0000] {logging_mixin.py:151} INFO - [2023-09-28T18:22:36.991+0000] {dag.py:3696} INFO - Setting next_dagrun for dataset_consumes_1_never_scheduled to None, run_after=None
[2023-09-28T18:22:36.993+0000] {logging_mixin.py:151} INFO - [2023-09-28T18:22:36.993+0000] {dag.py:3696} INFO - Setting next_dagrun for dataset_consumes_unknown_never_scheduled to None, run_after=None
[2023-09-28T18:22:36.996+0000] {logging_mixin.py:151} INFO - [2023-09-28T18:22:36.996+0000] {dag.py:3696} INFO - Setting next_dagrun for dataset_produces_1 to 2023-09-27T00:00:00+00:00, run_after=2023-09-28T00:00:00+00:00
[2023-09-28T18:22:36.998+0000] {logging_mixin.py:151} INFO - [2023-09-28T18:22:36.998+0000] {dag.py:3696} INFO - Setting next_dagrun for dataset_produces_2 to None, run_after=None
[2023-09-28T18:22:37.017+0000] {processor.py:179} INFO - Processing /home/airflow/.local/lib/python3.8/site-packages/airflow/example_dags/example_datasets.py took 0.089 seconds
[2023-09-28T18:23:07.746+0000] {processor.py:157} INFO - Started process (PID=1006) to work on /home/airflow/.local/lib/python3.8/site-packages/airflow/example_dags/example_datasets.py
[2023-09-28T18:23:07.749+0000] {processor.py:829} INFO - Processing file /home/airflow/.local/lib/python3.8/site-packages/airflow/example_dags/example_datasets.py for tasks to queue
[2023-09-28T18:23:07.754+0000] {logging_mixin.py:151} INFO - [2023-09-28T18:23:07.754+0000] {dagbag.py:539} INFO - Filling up the DagBag from /home/airflow/.local/lib/python3.8/site-packages/airflow/example_dags/example_datasets.py
[2023-09-28T18:23:07.763+0000] {processor.py:839} INFO - DAG(s) dict_keys(['dataset_consumes_1_never_scheduled', 'dataset_produces_2', 'dataset_produces_1', 'dataset_consumes_1', 'dataset_consumes_1_and_2', 'dataset_consumes_unknown_never_scheduled']) retrieved from /home/airflow/.local/lib/python3.8/site-packages/airflow/example_dags/example_datasets.py
[2023-09-28T18:23:07.793+0000] {logging_mixin.py:151} INFO - [2023-09-28T18:23:07.793+0000] {dag.py:2915} INFO - Sync 6 DAGs
[2023-09-28T18:23:07.810+0000] {logging_mixin.py:151} INFO - [2023-09-28T18:23:07.810+0000] {dag.py:3696} INFO - Setting next_dagrun for dataset_consumes_1 to None, run_after=None
[2023-09-28T18:23:07.814+0000] {logging_mixin.py:151} INFO - [2023-09-28T18:23:07.814+0000] {dag.py:3696} INFO - Setting next_dagrun for dataset_consumes_1_and_2 to None, run_after=None
[2023-09-28T18:23:07.816+0000] {logging_mixin.py:151} INFO - [2023-09-28T18:23:07.816+0000] {dag.py:3696} INFO - Setting next_dagrun for dataset_consumes_1_never_scheduled to None, run_after=None
[2023-09-28T18:23:07.818+0000] {logging_mixin.py:151} INFO - [2023-09-28T18:23:07.817+0000] {dag.py:3696} INFO - Setting next_dagrun for dataset_consumes_unknown_never_scheduled to None, run_after=None
[2023-09-28T18:23:07.821+0000] {logging_mixin.py:151} INFO - [2023-09-28T18:23:07.821+0000] {dag.py:3696} INFO - Setting next_dagrun for dataset_produces_1 to 2023-09-27T00:00:00+00:00, run_after=2023-09-28T00:00:00+00:00
[2023-09-28T18:23:07.823+0000] {logging_mixin.py:151} INFO - [2023-09-28T18:23:07.823+0000] {dag.py:3696} INFO - Setting next_dagrun for dataset_produces_2 to None, run_after=None
[2023-09-28T18:23:07.843+0000] {processor.py:179} INFO - Processing /home/airflow/.local/lib/python3.8/site-packages/airflow/example_dags/example_datasets.py took 0.100 seconds
[2023-09-28T18:23:38.822+0000] {processor.py:157} INFO - Started process (PID=1060) to work on /home/airflow/.local/lib/python3.8/site-packages/airflow/example_dags/example_datasets.py
[2023-09-28T18:23:38.824+0000] {processor.py:829} INFO - Processing file /home/airflow/.local/lib/python3.8/site-packages/airflow/example_dags/example_datasets.py for tasks to queue
[2023-09-28T18:23:38.827+0000] {logging_mixin.py:151} INFO - [2023-09-28T18:23:38.827+0000] {dagbag.py:539} INFO - Filling up the DagBag from /home/airflow/.local/lib/python3.8/site-packages/airflow/example_dags/example_datasets.py
[2023-09-28T18:23:38.836+0000] {processor.py:839} INFO - DAG(s) dict_keys(['dataset_produces_2', 'dataset_consumes_1_never_scheduled', 'dataset_consumes_unknown_never_scheduled', 'dataset_consumes_1_and_2', 'dataset_produces_1', 'dataset_consumes_1']) retrieved from /home/airflow/.local/lib/python3.8/site-packages/airflow/example_dags/example_datasets.py
[2023-09-28T18:23:38.865+0000] {logging_mixin.py:151} INFO - [2023-09-28T18:23:38.865+0000] {dag.py:2915} INFO - Sync 6 DAGs
[2023-09-28T18:23:38.882+0000] {logging_mixin.py:151} INFO - [2023-09-28T18:23:38.882+0000] {dag.py:3696} INFO - Setting next_dagrun for dataset_consumes_1 to None, run_after=None
[2023-09-28T18:23:38.886+0000] {logging_mixin.py:151} INFO - [2023-09-28T18:23:38.886+0000] {dag.py:3696} INFO - Setting next_dagrun for dataset_consumes_1_and_2 to None, run_after=None
[2023-09-28T18:23:38.888+0000] {logging_mixin.py:151} INFO - [2023-09-28T18:23:38.888+0000] {dag.py:3696} INFO - Setting next_dagrun for dataset_consumes_1_never_scheduled to None, run_after=None
[2023-09-28T18:23:38.890+0000] {logging_mixin.py:151} INFO - [2023-09-28T18:23:38.890+0000] {dag.py:3696} INFO - Setting next_dagrun for dataset_consumes_unknown_never_scheduled to None, run_after=None
[2023-09-28T18:23:38.893+0000] {logging_mixin.py:151} INFO - [2023-09-28T18:23:38.893+0000] {dag.py:3696} INFO - Setting next_dagrun for dataset_produces_1 to 2023-09-27T00:00:00+00:00, run_after=2023-09-28T00:00:00+00:00
[2023-09-28T18:23:38.896+0000] {logging_mixin.py:151} INFO - [2023-09-28T18:23:38.895+0000] {dag.py:3696} INFO - Setting next_dagrun for dataset_produces_2 to None, run_after=None
[2023-09-28T18:23:38.917+0000] {processor.py:179} INFO - Processing /home/airflow/.local/lib/python3.8/site-packages/airflow/example_dags/example_datasets.py took 0.097 seconds
[2023-09-28T18:34:42.268+0000] {processor.py:157} INFO - Started process (PID=37) to work on /home/airflow/.local/lib/python3.8/site-packages/airflow/example_dags/example_datasets.py
[2023-09-28T18:34:42.269+0000] {processor.py:829} INFO - Processing file /home/airflow/.local/lib/python3.8/site-packages/airflow/example_dags/example_datasets.py for tasks to queue
[2023-09-28T18:34:42.271+0000] {logging_mixin.py:151} INFO - [2023-09-28T18:34:42.271+0000] {dagbag.py:539} INFO - Filling up the DagBag from /home/airflow/.local/lib/python3.8/site-packages/airflow/example_dags/example_datasets.py
[2023-09-28T18:34:42.280+0000] {processor.py:839} INFO - DAG(s) dict_keys(['dataset_consumes_1', 'dataset_consumes_1_never_scheduled', 'dataset_consumes_1_and_2', 'dataset_produces_2', 'dataset_consumes_unknown_never_scheduled', 'dataset_produces_1']) retrieved from /home/airflow/.local/lib/python3.8/site-packages/airflow/example_dags/example_datasets.py
[2023-09-28T18:34:42.292+0000] {logging_mixin.py:151} INFO - [2023-09-28T18:34:42.292+0000] {dag.py:2915} INFO - Sync 6 DAGs
[2023-09-28T18:34:42.313+0000] {logging_mixin.py:151} INFO - [2023-09-28T18:34:42.313+0000] {dag.py:3696} INFO - Setting next_dagrun for dataset_consumes_1 to None, run_after=None
[2023-09-28T18:34:42.317+0000] {logging_mixin.py:151} INFO - [2023-09-28T18:34:42.317+0000] {dag.py:3696} INFO - Setting next_dagrun for dataset_consumes_1_and_2 to None, run_after=None
[2023-09-28T18:34:42.320+0000] {logging_mixin.py:151} INFO - [2023-09-28T18:34:42.320+0000] {dag.py:3696} INFO - Setting next_dagrun for dataset_consumes_1_never_scheduled to None, run_after=None
[2023-09-28T18:34:42.327+0000] {logging_mixin.py:151} INFO - [2023-09-28T18:34:42.327+0000] {dag.py:3696} INFO - Setting next_dagrun for dataset_consumes_unknown_never_scheduled to None, run_after=None
[2023-09-28T18:34:42.331+0000] {logging_mixin.py:151} INFO - [2023-09-28T18:34:42.331+0000] {dag.py:3696} INFO - Setting next_dagrun for dataset_produces_1 to 2023-09-27T00:00:00+00:00, run_after=2023-09-28T00:00:00+00:00
[2023-09-28T18:34:42.334+0000] {logging_mixin.py:151} INFO - [2023-09-28T18:34:42.334+0000] {dag.py:3696} INFO - Setting next_dagrun for dataset_produces_2 to None, run_after=None
[2023-09-28T18:34:42.357+0000] {processor.py:179} INFO - Processing /home/airflow/.local/lib/python3.8/site-packages/airflow/example_dags/example_datasets.py took 0.092 seconds
[2023-09-28T18:35:12.791+0000] {processor.py:157} INFO - Started process (PID=90) to work on /home/airflow/.local/lib/python3.8/site-packages/airflow/example_dags/example_datasets.py
[2023-09-28T18:35:12.793+0000] {processor.py:829} INFO - Processing file /home/airflow/.local/lib/python3.8/site-packages/airflow/example_dags/example_datasets.py for tasks to queue
[2023-09-28T18:35:12.796+0000] {logging_mixin.py:151} INFO - [2023-09-28T18:35:12.795+0000] {dagbag.py:539} INFO - Filling up the DagBag from /home/airflow/.local/lib/python3.8/site-packages/airflow/example_dags/example_datasets.py
[2023-09-28T18:35:12.804+0000] {processor.py:839} INFO - DAG(s) dict_keys(['dataset_consumes_1', 'dataset_produces_1', 'dataset_consumes_unknown_never_scheduled', 'dataset_consumes_1_never_scheduled', 'dataset_produces_2', 'dataset_consumes_1_and_2']) retrieved from /home/airflow/.local/lib/python3.8/site-packages/airflow/example_dags/example_datasets.py
[2023-09-28T18:35:12.829+0000] {logging_mixin.py:151} INFO - [2023-09-28T18:35:12.829+0000] {dag.py:2915} INFO - Sync 6 DAGs
[2023-09-28T18:35:12.844+0000] {logging_mixin.py:151} INFO - [2023-09-28T18:35:12.844+0000] {dag.py:3696} INFO - Setting next_dagrun for dataset_consumes_1 to None, run_after=None
[2023-09-28T18:35:12.850+0000] {logging_mixin.py:151} INFO - [2023-09-28T18:35:12.849+0000] {dag.py:3696} INFO - Setting next_dagrun for dataset_consumes_1_and_2 to None, run_after=None
[2023-09-28T18:35:12.851+0000] {logging_mixin.py:151} INFO - [2023-09-28T18:35:12.851+0000] {dag.py:3696} INFO - Setting next_dagrun for dataset_consumes_1_never_scheduled to None, run_after=None
[2023-09-28T18:35:12.853+0000] {logging_mixin.py:151} INFO - [2023-09-28T18:35:12.853+0000] {dag.py:3696} INFO - Setting next_dagrun for dataset_consumes_unknown_never_scheduled to None, run_after=None
[2023-09-28T18:35:12.856+0000] {logging_mixin.py:151} INFO - [2023-09-28T18:35:12.856+0000] {dag.py:3696} INFO - Setting next_dagrun for dataset_produces_1 to 2023-09-27T00:00:00+00:00, run_after=2023-09-28T00:00:00+00:00
[2023-09-28T18:35:12.859+0000] {logging_mixin.py:151} INFO - [2023-09-28T18:35:12.859+0000] {dag.py:3696} INFO - Setting next_dagrun for dataset_produces_2 to None, run_after=None
[2023-09-28T18:35:12.889+0000] {processor.py:179} INFO - Processing /home/airflow/.local/lib/python3.8/site-packages/airflow/example_dags/example_datasets.py took 0.102 seconds
[2023-09-28T18:35:43.068+0000] {processor.py:157} INFO - Started process (PID=144) to work on /home/airflow/.local/lib/python3.8/site-packages/airflow/example_dags/example_datasets.py
[2023-09-28T18:35:43.071+0000] {processor.py:829} INFO - Processing file /home/airflow/.local/lib/python3.8/site-packages/airflow/example_dags/example_datasets.py for tasks to queue
[2023-09-28T18:35:43.074+0000] {logging_mixin.py:151} INFO - [2023-09-28T18:35:43.074+0000] {dagbag.py:539} INFO - Filling up the DagBag from /home/airflow/.local/lib/python3.8/site-packages/airflow/example_dags/example_datasets.py
[2023-09-28T18:35:43.082+0000] {processor.py:839} INFO - DAG(s) dict_keys(['dataset_consumes_unknown_never_scheduled', 'dataset_consumes_1', 'dataset_consumes_1_and_2', 'dataset_produces_1', 'dataset_produces_2', 'dataset_consumes_1_never_scheduled']) retrieved from /home/airflow/.local/lib/python3.8/site-packages/airflow/example_dags/example_datasets.py
[2023-09-28T18:35:43.110+0000] {logging_mixin.py:151} INFO - [2023-09-28T18:35:43.110+0000] {dag.py:2915} INFO - Sync 6 DAGs
[2023-09-28T18:35:43.128+0000] {logging_mixin.py:151} INFO - [2023-09-28T18:35:43.128+0000] {dag.py:3696} INFO - Setting next_dagrun for dataset_consumes_1 to None, run_after=None
[2023-09-28T18:35:43.132+0000] {logging_mixin.py:151} INFO - [2023-09-28T18:35:43.132+0000] {dag.py:3696} INFO - Setting next_dagrun for dataset_consumes_1_and_2 to None, run_after=None
[2023-09-28T18:35:43.134+0000] {logging_mixin.py:151} INFO - [2023-09-28T18:35:43.134+0000] {dag.py:3696} INFO - Setting next_dagrun for dataset_consumes_1_never_scheduled to None, run_after=None
[2023-09-28T18:35:43.136+0000] {logging_mixin.py:151} INFO - [2023-09-28T18:35:43.136+0000] {dag.py:3696} INFO - Setting next_dagrun for dataset_consumes_unknown_never_scheduled to None, run_after=None
[2023-09-28T18:35:43.140+0000] {logging_mixin.py:151} INFO - [2023-09-28T18:35:43.139+0000] {dag.py:3696} INFO - Setting next_dagrun for dataset_produces_1 to 2023-09-27T00:00:00+00:00, run_after=2023-09-28T00:00:00+00:00
[2023-09-28T18:35:43.142+0000] {logging_mixin.py:151} INFO - [2023-09-28T18:35:43.142+0000] {dag.py:3696} INFO - Setting next_dagrun for dataset_produces_2 to None, run_after=None
[2023-09-28T18:35:43.168+0000] {processor.py:179} INFO - Processing /home/airflow/.local/lib/python3.8/site-packages/airflow/example_dags/example_datasets.py took 0.104 seconds
[2023-09-28T18:36:13.203+0000] {processor.py:157} INFO - Started process (PID=198) to work on /home/airflow/.local/lib/python3.8/site-packages/airflow/example_dags/example_datasets.py
[2023-09-28T18:36:13.205+0000] {processor.py:829} INFO - Processing file /home/airflow/.local/lib/python3.8/site-packages/airflow/example_dags/example_datasets.py for tasks to queue
[2023-09-28T18:36:13.208+0000] {logging_mixin.py:151} INFO - [2023-09-28T18:36:13.207+0000] {dagbag.py:539} INFO - Filling up the DagBag from /home/airflow/.local/lib/python3.8/site-packages/airflow/example_dags/example_datasets.py
[2023-09-28T18:36:13.216+0000] {processor.py:839} INFO - DAG(s) dict_keys(['dataset_produces_2', 'dataset_consumes_1', 'dataset_produces_1', 'dataset_consumes_1_never_scheduled', 'dataset_consumes_unknown_never_scheduled', 'dataset_consumes_1_and_2']) retrieved from /home/airflow/.local/lib/python3.8/site-packages/airflow/example_dags/example_datasets.py
[2023-09-28T18:36:13.245+0000] {logging_mixin.py:151} INFO - [2023-09-28T18:36:13.245+0000] {dag.py:2915} INFO - Sync 6 DAGs
[2023-09-28T18:36:13.264+0000] {logging_mixin.py:151} INFO - [2023-09-28T18:36:13.264+0000] {dag.py:3696} INFO - Setting next_dagrun for dataset_consumes_1 to None, run_after=None
[2023-09-28T18:36:13.267+0000] {logging_mixin.py:151} INFO - [2023-09-28T18:36:13.267+0000] {dag.py:3696} INFO - Setting next_dagrun for dataset_consumes_1_and_2 to None, run_after=None
[2023-09-28T18:36:13.269+0000] {logging_mixin.py:151} INFO - [2023-09-28T18:36:13.269+0000] {dag.py:3696} INFO - Setting next_dagrun for dataset_consumes_1_never_scheduled to None, run_after=None
[2023-09-28T18:36:13.271+0000] {logging_mixin.py:151} INFO - [2023-09-28T18:36:13.271+0000] {dag.py:3696} INFO - Setting next_dagrun for dataset_consumes_unknown_never_scheduled to None, run_after=None
[2023-09-28T18:36:13.273+0000] {logging_mixin.py:151} INFO - [2023-09-28T18:36:13.273+0000] {dag.py:3696} INFO - Setting next_dagrun for dataset_produces_1 to 2023-09-27T00:00:00+00:00, run_after=2023-09-28T00:00:00+00:00
[2023-09-28T18:36:13.275+0000] {logging_mixin.py:151} INFO - [2023-09-28T18:36:13.275+0000] {dag.py:3696} INFO - Setting next_dagrun for dataset_produces_2 to None, run_after=None
[2023-09-28T18:36:13.298+0000] {processor.py:179} INFO - Processing /home/airflow/.local/lib/python3.8/site-packages/airflow/example_dags/example_datasets.py took 0.099 seconds
