[2023-09-28T18:05:28.400+0000] {processor.py:157} INFO - Started process (PID=51) to work on /home/airflow/.local/lib/python3.8/site-packages/airflow/example_dags/example_branch_labels.py
[2023-09-28T18:05:28.402+0000] {processor.py:829} INFO - Processing file /home/airflow/.local/lib/python3.8/site-packages/airflow/example_dags/example_branch_labels.py for tasks to queue
[2023-09-28T18:05:28.406+0000] {logging_mixin.py:151} INFO - [2023-09-28T18:05:28.406+0000] {dagbag.py:539} INFO - Filling up the DagBag from /home/airflow/.local/lib/python3.8/site-packages/airflow/example_dags/example_branch_labels.py
[2023-09-28T18:05:28.418+0000] {processor.py:839} INFO - DAG(s) dict_keys(['example_branch_labels']) retrieved from /home/airflow/.local/lib/python3.8/site-packages/airflow/example_dags/example_branch_labels.py
[2023-09-28T18:05:28.465+0000] {logging_mixin.py:151} INFO - [2023-09-28T18:05:28.465+0000] {dag.py:2915} INFO - Sync 1 DAGs
[2023-09-28T18:05:28.491+0000] {logging_mixin.py:151} INFO - [2023-09-28T18:05:28.491+0000] {dag.py:3696} INFO - Setting next_dagrun for example_branch_labels to 2023-09-27T00:00:00+00:00, run_after=2023-09-28T00:00:00+00:00
[2023-09-28T18:05:28.533+0000] {processor.py:179} INFO - Processing /home/airflow/.local/lib/python3.8/site-packages/airflow/example_dags/example_branch_labels.py took 0.137 seconds
[2023-09-28T18:05:59.451+0000] {processor.py:157} INFO - Started process (PID=104) to work on /home/airflow/.local/lib/python3.8/site-packages/airflow/example_dags/example_branch_labels.py
[2023-09-28T18:05:59.453+0000] {processor.py:829} INFO - Processing file /home/airflow/.local/lib/python3.8/site-packages/airflow/example_dags/example_branch_labels.py for tasks to queue
[2023-09-28T18:05:59.456+0000] {logging_mixin.py:151} INFO - [2023-09-28T18:05:59.455+0000] {dagbag.py:539} INFO - Filling up the DagBag from /home/airflow/.local/lib/python3.8/site-packages/airflow/example_dags/example_branch_labels.py
[2023-09-28T18:05:59.461+0000] {processor.py:839} INFO - DAG(s) dict_keys(['example_branch_labels']) retrieved from /home/airflow/.local/lib/python3.8/site-packages/airflow/example_dags/example_branch_labels.py
[2023-09-28T18:05:59.477+0000] {logging_mixin.py:151} INFO - [2023-09-28T18:05:59.477+0000] {dag.py:2915} INFO - Sync 1 DAGs
[2023-09-28T18:05:59.493+0000] {logging_mixin.py:151} INFO - [2023-09-28T18:05:59.492+0000] {dag.py:3696} INFO - Setting next_dagrun for example_branch_labels to 2023-09-27T00:00:00+00:00, run_after=2023-09-28T00:00:00+00:00
[2023-09-28T18:05:59.504+0000] {processor.py:179} INFO - Processing /home/airflow/.local/lib/python3.8/site-packages/airflow/example_dags/example_branch_labels.py took 0.055 seconds
[2023-09-28T18:06:30.444+0000] {processor.py:157} INFO - Started process (PID=158) to work on /home/airflow/.local/lib/python3.8/site-packages/airflow/example_dags/example_branch_labels.py
[2023-09-28T18:06:30.446+0000] {processor.py:829} INFO - Processing file /home/airflow/.local/lib/python3.8/site-packages/airflow/example_dags/example_branch_labels.py for tasks to queue
[2023-09-28T18:06:30.449+0000] {logging_mixin.py:151} INFO - [2023-09-28T18:06:30.449+0000] {dagbag.py:539} INFO - Filling up the DagBag from /home/airflow/.local/lib/python3.8/site-packages/airflow/example_dags/example_branch_labels.py
[2023-09-28T18:06:30.457+0000] {processor.py:839} INFO - DAG(s) dict_keys(['example_branch_labels']) retrieved from /home/airflow/.local/lib/python3.8/site-packages/airflow/example_dags/example_branch_labels.py
[2023-09-28T18:06:30.476+0000] {logging_mixin.py:151} INFO - [2023-09-28T18:06:30.476+0000] {dag.py:2915} INFO - Sync 1 DAGs
[2023-09-28T18:06:30.491+0000] {logging_mixin.py:151} INFO - [2023-09-28T18:06:30.491+0000] {dag.py:3696} INFO - Setting next_dagrun for example_branch_labels to 2023-09-27T00:00:00+00:00, run_after=2023-09-28T00:00:00+00:00
[2023-09-28T18:06:30.504+0000] {processor.py:179} INFO - Processing /home/airflow/.local/lib/python3.8/site-packages/airflow/example_dags/example_branch_labels.py took 0.064 seconds
[2023-09-28T18:07:00.627+0000] {processor.py:157} INFO - Started process (PID=212) to work on /home/airflow/.local/lib/python3.8/site-packages/airflow/example_dags/example_branch_labels.py
[2023-09-28T18:07:00.630+0000] {processor.py:829} INFO - Processing file /home/airflow/.local/lib/python3.8/site-packages/airflow/example_dags/example_branch_labels.py for tasks to queue
[2023-09-28T18:07:00.633+0000] {logging_mixin.py:151} INFO - [2023-09-28T18:07:00.633+0000] {dagbag.py:539} INFO - Filling up the DagBag from /home/airflow/.local/lib/python3.8/site-packages/airflow/example_dags/example_branch_labels.py
[2023-09-28T18:07:00.639+0000] {processor.py:839} INFO - DAG(s) dict_keys(['example_branch_labels']) retrieved from /home/airflow/.local/lib/python3.8/site-packages/airflow/example_dags/example_branch_labels.py
[2023-09-28T18:07:00.658+0000] {logging_mixin.py:151} INFO - [2023-09-28T18:07:00.658+0000] {dag.py:2915} INFO - Sync 1 DAGs
[2023-09-28T18:07:00.674+0000] {logging_mixin.py:151} INFO - [2023-09-28T18:07:00.674+0000] {dag.py:3696} INFO - Setting next_dagrun for example_branch_labels to 2023-09-27T00:00:00+00:00, run_after=2023-09-28T00:00:00+00:00
[2023-09-28T18:07:00.689+0000] {processor.py:179} INFO - Processing /home/airflow/.local/lib/python3.8/site-packages/airflow/example_dags/example_branch_labels.py took 0.065 seconds
[2023-09-28T18:07:31.343+0000] {processor.py:157} INFO - Started process (PID=266) to work on /home/airflow/.local/lib/python3.8/site-packages/airflow/example_dags/example_branch_labels.py
[2023-09-28T18:07:31.345+0000] {processor.py:829} INFO - Processing file /home/airflow/.local/lib/python3.8/site-packages/airflow/example_dags/example_branch_labels.py for tasks to queue
[2023-09-28T18:07:31.348+0000] {logging_mixin.py:151} INFO - [2023-09-28T18:07:31.348+0000] {dagbag.py:539} INFO - Filling up the DagBag from /home/airflow/.local/lib/python3.8/site-packages/airflow/example_dags/example_branch_labels.py
[2023-09-28T18:07:31.354+0000] {processor.py:839} INFO - DAG(s) dict_keys(['example_branch_labels']) retrieved from /home/airflow/.local/lib/python3.8/site-packages/airflow/example_dags/example_branch_labels.py
[2023-09-28T18:07:31.372+0000] {logging_mixin.py:151} INFO - [2023-09-28T18:07:31.372+0000] {dag.py:2915} INFO - Sync 1 DAGs
[2023-09-28T18:07:31.387+0000] {logging_mixin.py:151} INFO - [2023-09-28T18:07:31.387+0000] {dag.py:3696} INFO - Setting next_dagrun for example_branch_labels to 2023-09-27T00:00:00+00:00, run_after=2023-09-28T00:00:00+00:00
[2023-09-28T18:07:31.399+0000] {processor.py:179} INFO - Processing /home/airflow/.local/lib/python3.8/site-packages/airflow/example_dags/example_branch_labels.py took 0.059 seconds
[2023-09-28T18:08:02.231+0000] {processor.py:157} INFO - Started process (PID=320) to work on /home/airflow/.local/lib/python3.8/site-packages/airflow/example_dags/example_branch_labels.py
[2023-09-28T18:08:02.233+0000] {processor.py:829} INFO - Processing file /home/airflow/.local/lib/python3.8/site-packages/airflow/example_dags/example_branch_labels.py for tasks to queue
[2023-09-28T18:08:02.236+0000] {logging_mixin.py:151} INFO - [2023-09-28T18:08:02.236+0000] {dagbag.py:539} INFO - Filling up the DagBag from /home/airflow/.local/lib/python3.8/site-packages/airflow/example_dags/example_branch_labels.py
[2023-09-28T18:08:02.244+0000] {processor.py:839} INFO - DAG(s) dict_keys(['example_branch_labels']) retrieved from /home/airflow/.local/lib/python3.8/site-packages/airflow/example_dags/example_branch_labels.py
[2023-09-28T18:08:02.261+0000] {logging_mixin.py:151} INFO - [2023-09-28T18:08:02.261+0000] {dag.py:2915} INFO - Sync 1 DAGs
[2023-09-28T18:08:02.274+0000] {logging_mixin.py:151} INFO - [2023-09-28T18:08:02.274+0000] {dag.py:3696} INFO - Setting next_dagrun for example_branch_labels to 2023-09-27T00:00:00+00:00, run_after=2023-09-28T00:00:00+00:00
[2023-09-28T18:08:02.285+0000] {processor.py:179} INFO - Processing /home/airflow/.local/lib/python3.8/site-packages/airflow/example_dags/example_branch_labels.py took 0.056 seconds
[2023-09-28T18:08:32.426+0000] {processor.py:157} INFO - Started process (PID=374) to work on /home/airflow/.local/lib/python3.8/site-packages/airflow/example_dags/example_branch_labels.py
[2023-09-28T18:08:32.430+0000] {processor.py:829} INFO - Processing file /home/airflow/.local/lib/python3.8/site-packages/airflow/example_dags/example_branch_labels.py for tasks to queue
[2023-09-28T18:08:32.432+0000] {logging_mixin.py:151} INFO - [2023-09-28T18:08:32.432+0000] {dagbag.py:539} INFO - Filling up the DagBag from /home/airflow/.local/lib/python3.8/site-packages/airflow/example_dags/example_branch_labels.py
[2023-09-28T18:08:32.438+0000] {processor.py:839} INFO - DAG(s) dict_keys(['example_branch_labels']) retrieved from /home/airflow/.local/lib/python3.8/site-packages/airflow/example_dags/example_branch_labels.py
[2023-09-28T18:08:32.455+0000] {logging_mixin.py:151} INFO - [2023-09-28T18:08:32.455+0000] {dag.py:2915} INFO - Sync 1 DAGs
[2023-09-28T18:08:32.470+0000] {logging_mixin.py:151} INFO - [2023-09-28T18:08:32.470+0000] {dag.py:3696} INFO - Setting next_dagrun for example_branch_labels to 2023-09-27T00:00:00+00:00, run_after=2023-09-28T00:00:00+00:00
[2023-09-28T18:08:32.483+0000] {processor.py:179} INFO - Processing /home/airflow/.local/lib/python3.8/site-packages/airflow/example_dags/example_branch_labels.py took 0.059 seconds
[2023-09-28T18:09:03.248+0000] {processor.py:157} INFO - Started process (PID=428) to work on /home/airflow/.local/lib/python3.8/site-packages/airflow/example_dags/example_branch_labels.py
[2023-09-28T18:09:03.250+0000] {processor.py:829} INFO - Processing file /home/airflow/.local/lib/python3.8/site-packages/airflow/example_dags/example_branch_labels.py for tasks to queue
[2023-09-28T18:09:03.252+0000] {logging_mixin.py:151} INFO - [2023-09-28T18:09:03.252+0000] {dagbag.py:539} INFO - Filling up the DagBag from /home/airflow/.local/lib/python3.8/site-packages/airflow/example_dags/example_branch_labels.py
[2023-09-28T18:09:03.260+0000] {processor.py:839} INFO - DAG(s) dict_keys(['example_branch_labels']) retrieved from /home/airflow/.local/lib/python3.8/site-packages/airflow/example_dags/example_branch_labels.py
[2023-09-28T18:09:03.278+0000] {logging_mixin.py:151} INFO - [2023-09-28T18:09:03.278+0000] {dag.py:2915} INFO - Sync 1 DAGs
[2023-09-28T18:09:03.293+0000] {logging_mixin.py:151} INFO - [2023-09-28T18:09:03.293+0000] {dag.py:3696} INFO - Setting next_dagrun for example_branch_labels to 2023-09-27T00:00:00+00:00, run_after=2023-09-28T00:00:00+00:00
[2023-09-28T18:09:03.306+0000] {processor.py:179} INFO - Processing /home/airflow/.local/lib/python3.8/site-packages/airflow/example_dags/example_branch_labels.py took 0.061 seconds
[2023-09-28T18:09:33.992+0000] {processor.py:157} INFO - Started process (PID=481) to work on /home/airflow/.local/lib/python3.8/site-packages/airflow/example_dags/example_branch_labels.py
[2023-09-28T18:09:33.994+0000] {processor.py:829} INFO - Processing file /home/airflow/.local/lib/python3.8/site-packages/airflow/example_dags/example_branch_labels.py for tasks to queue
[2023-09-28T18:09:33.996+0000] {logging_mixin.py:151} INFO - [2023-09-28T18:09:33.996+0000] {dagbag.py:539} INFO - Filling up the DagBag from /home/airflow/.local/lib/python3.8/site-packages/airflow/example_dags/example_branch_labels.py
[2023-09-28T18:09:34.003+0000] {processor.py:839} INFO - DAG(s) dict_keys(['example_branch_labels']) retrieved from /home/airflow/.local/lib/python3.8/site-packages/airflow/example_dags/example_branch_labels.py
[2023-09-28T18:09:34.022+0000] {logging_mixin.py:151} INFO - [2023-09-28T18:09:34.022+0000] {dag.py:2915} INFO - Sync 1 DAGs
[2023-09-28T18:09:34.037+0000] {logging_mixin.py:151} INFO - [2023-09-28T18:09:34.037+0000] {dag.py:3696} INFO - Setting next_dagrun for example_branch_labels to 2023-09-27T00:00:00+00:00, run_after=2023-09-28T00:00:00+00:00
[2023-09-28T18:09:34.049+0000] {processor.py:179} INFO - Processing /home/airflow/.local/lib/python3.8/site-packages/airflow/example_dags/example_branch_labels.py took 0.060 seconds
[2023-09-28T18:10:04.745+0000] {processor.py:157} INFO - Started process (PID=535) to work on /home/airflow/.local/lib/python3.8/site-packages/airflow/example_dags/example_branch_labels.py
[2023-09-28T18:10:04.749+0000] {processor.py:829} INFO - Processing file /home/airflow/.local/lib/python3.8/site-packages/airflow/example_dags/example_branch_labels.py for tasks to queue
[2023-09-28T18:10:04.752+0000] {logging_mixin.py:151} INFO - [2023-09-28T18:10:04.752+0000] {dagbag.py:539} INFO - Filling up the DagBag from /home/airflow/.local/lib/python3.8/site-packages/airflow/example_dags/example_branch_labels.py
[2023-09-28T18:10:04.758+0000] {processor.py:839} INFO - DAG(s) dict_keys(['example_branch_labels']) retrieved from /home/airflow/.local/lib/python3.8/site-packages/airflow/example_dags/example_branch_labels.py
[2023-09-28T18:10:04.776+0000] {logging_mixin.py:151} INFO - [2023-09-28T18:10:04.776+0000] {dag.py:2915} INFO - Sync 1 DAGs
[2023-09-28T18:10:04.796+0000] {logging_mixin.py:151} INFO - [2023-09-28T18:10:04.796+0000] {dag.py:3696} INFO - Setting next_dagrun for example_branch_labels to 2023-09-27T00:00:00+00:00, run_after=2023-09-28T00:00:00+00:00
[2023-09-28T18:10:04.809+0000] {processor.py:179} INFO - Processing /home/airflow/.local/lib/python3.8/site-packages/airflow/example_dags/example_branch_labels.py took 0.066 seconds
[2023-09-28T18:10:35.635+0000] {processor.py:157} INFO - Started process (PID=589) to work on /home/airflow/.local/lib/python3.8/site-packages/airflow/example_dags/example_branch_labels.py
[2023-09-28T18:10:35.637+0000] {processor.py:829} INFO - Processing file /home/airflow/.local/lib/python3.8/site-packages/airflow/example_dags/example_branch_labels.py for tasks to queue
[2023-09-28T18:10:35.641+0000] {logging_mixin.py:151} INFO - [2023-09-28T18:10:35.641+0000] {dagbag.py:539} INFO - Filling up the DagBag from /home/airflow/.local/lib/python3.8/site-packages/airflow/example_dags/example_branch_labels.py
[2023-09-28T18:10:35.647+0000] {processor.py:839} INFO - DAG(s) dict_keys(['example_branch_labels']) retrieved from /home/airflow/.local/lib/python3.8/site-packages/airflow/example_dags/example_branch_labels.py
[2023-09-28T18:10:35.663+0000] {logging_mixin.py:151} INFO - [2023-09-28T18:10:35.663+0000] {dag.py:2915} INFO - Sync 1 DAGs
[2023-09-28T18:10:35.677+0000] {logging_mixin.py:151} INFO - [2023-09-28T18:10:35.677+0000] {dag.py:3696} INFO - Setting next_dagrun for example_branch_labels to 2023-09-27T00:00:00+00:00, run_after=2023-09-28T00:00:00+00:00
[2023-09-28T18:10:35.687+0000] {processor.py:179} INFO - Processing /home/airflow/.local/lib/python3.8/site-packages/airflow/example_dags/example_branch_labels.py took 0.054 seconds
[2023-09-28T18:11:06.803+0000] {processor.py:157} INFO - Started process (PID=643) to work on /home/airflow/.local/lib/python3.8/site-packages/airflow/example_dags/example_branch_labels.py
[2023-09-28T18:11:06.808+0000] {processor.py:829} INFO - Processing file /home/airflow/.local/lib/python3.8/site-packages/airflow/example_dags/example_branch_labels.py for tasks to queue
[2023-09-28T18:11:06.810+0000] {logging_mixin.py:151} INFO - [2023-09-28T18:11:06.810+0000] {dagbag.py:539} INFO - Filling up the DagBag from /home/airflow/.local/lib/python3.8/site-packages/airflow/example_dags/example_branch_labels.py
[2023-09-28T18:11:06.819+0000] {processor.py:839} INFO - DAG(s) dict_keys(['example_branch_labels']) retrieved from /home/airflow/.local/lib/python3.8/site-packages/airflow/example_dags/example_branch_labels.py
[2023-09-28T18:11:06.837+0000] {logging_mixin.py:151} INFO - [2023-09-28T18:11:06.837+0000] {dag.py:2915} INFO - Sync 1 DAGs
[2023-09-28T18:11:06.855+0000] {logging_mixin.py:151} INFO - [2023-09-28T18:11:06.855+0000] {dag.py:3696} INFO - Setting next_dagrun for example_branch_labels to 2023-09-27T00:00:00+00:00, run_after=2023-09-28T00:00:00+00:00
[2023-09-28T18:11:06.869+0000] {processor.py:179} INFO - Processing /home/airflow/.local/lib/python3.8/site-packages/airflow/example_dags/example_branch_labels.py took 0.068 seconds
[2023-09-28T18:13:55.979+0000] {processor.py:157} INFO - Started process (PID=50) to work on /home/airflow/.local/lib/python3.8/site-packages/airflow/example_dags/example_branch_labels.py
[2023-09-28T18:13:55.990+0000] {processor.py:829} INFO - Processing file /home/airflow/.local/lib/python3.8/site-packages/airflow/example_dags/example_branch_labels.py for tasks to queue
[2023-09-28T18:13:55.996+0000] {logging_mixin.py:151} INFO - [2023-09-28T18:13:55.996+0000] {dagbag.py:539} INFO - Filling up the DagBag from /home/airflow/.local/lib/python3.8/site-packages/airflow/example_dags/example_branch_labels.py
[2023-09-28T18:13:56.010+0000] {processor.py:839} INFO - DAG(s) dict_keys(['example_branch_labels']) retrieved from /home/airflow/.local/lib/python3.8/site-packages/airflow/example_dags/example_branch_labels.py
[2023-09-28T18:13:56.111+0000] {logging_mixin.py:151} INFO - [2023-09-28T18:13:56.111+0000] {manager.py:499} INFO - Created Permission View: %s
[2023-09-28T18:13:56.120+0000] {logging_mixin.py:151} INFO - [2023-09-28T18:13:56.120+0000] {manager.py:499} INFO - Created Permission View: %s
[2023-09-28T18:13:56.127+0000] {logging_mixin.py:151} INFO - [2023-09-28T18:13:56.127+0000] {manager.py:499} INFO - Created Permission View: %s
[2023-09-28T18:13:56.128+0000] {logging_mixin.py:151} INFO - [2023-09-28T18:13:56.128+0000] {security.py:708} INFO - Not syncing DAG-level permissions for DAG 'DAG:example_branch_labels' as access control is unset.
[2023-09-28T18:13:56.129+0000] {logging_mixin.py:151} INFO - [2023-09-28T18:13:56.129+0000] {dag.py:2915} INFO - Sync 1 DAGs
[2023-09-28T18:13:56.138+0000] {logging_mixin.py:151} INFO - [2023-09-28T18:13:56.138+0000] {dag.py:2937} INFO - Creating ORM DAG for example_branch_labels
[2023-09-28T18:13:56.147+0000] {logging_mixin.py:151} INFO - [2023-09-28T18:13:56.147+0000] {dag.py:3696} INFO - Setting next_dagrun for example_branch_labels to 2023-09-27T00:00:00+00:00, run_after=2023-09-28T00:00:00+00:00
[2023-09-28T18:13:56.161+0000] {processor.py:179} INFO - Processing /home/airflow/.local/lib/python3.8/site-packages/airflow/example_dags/example_branch_labels.py took 0.186 seconds
[2023-09-28T18:14:26.728+0000] {processor.py:157} INFO - Started process (PID=104) to work on /home/airflow/.local/lib/python3.8/site-packages/airflow/example_dags/example_branch_labels.py
[2023-09-28T18:14:26.731+0000] {processor.py:829} INFO - Processing file /home/airflow/.local/lib/python3.8/site-packages/airflow/example_dags/example_branch_labels.py for tasks to queue
[2023-09-28T18:14:26.733+0000] {logging_mixin.py:151} INFO - [2023-09-28T18:14:26.733+0000] {dagbag.py:539} INFO - Filling up the DagBag from /home/airflow/.local/lib/python3.8/site-packages/airflow/example_dags/example_branch_labels.py
[2023-09-28T18:14:26.739+0000] {processor.py:839} INFO - DAG(s) dict_keys(['example_branch_labels']) retrieved from /home/airflow/.local/lib/python3.8/site-packages/airflow/example_dags/example_branch_labels.py
[2023-09-28T18:14:26.756+0000] {logging_mixin.py:151} INFO - [2023-09-28T18:14:26.756+0000] {dag.py:2915} INFO - Sync 1 DAGs
[2023-09-28T18:14:26.773+0000] {logging_mixin.py:151} INFO - [2023-09-28T18:14:26.773+0000] {dag.py:3696} INFO - Setting next_dagrun for example_branch_labels to 2023-09-27T00:00:00+00:00, run_after=2023-09-28T00:00:00+00:00
[2023-09-28T18:14:26.785+0000] {processor.py:179} INFO - Processing /home/airflow/.local/lib/python3.8/site-packages/airflow/example_dags/example_branch_labels.py took 0.060 seconds
[2023-09-28T18:14:57.486+0000] {processor.py:157} INFO - Started process (PID=158) to work on /home/airflow/.local/lib/python3.8/site-packages/airflow/example_dags/example_branch_labels.py
[2023-09-28T18:14:57.488+0000] {processor.py:829} INFO - Processing file /home/airflow/.local/lib/python3.8/site-packages/airflow/example_dags/example_branch_labels.py for tasks to queue
[2023-09-28T18:14:57.490+0000] {logging_mixin.py:151} INFO - [2023-09-28T18:14:57.490+0000] {dagbag.py:539} INFO - Filling up the DagBag from /home/airflow/.local/lib/python3.8/site-packages/airflow/example_dags/example_branch_labels.py
[2023-09-28T18:14:57.496+0000] {processor.py:839} INFO - DAG(s) dict_keys(['example_branch_labels']) retrieved from /home/airflow/.local/lib/python3.8/site-packages/airflow/example_dags/example_branch_labels.py
[2023-09-28T18:14:57.515+0000] {logging_mixin.py:151} INFO - [2023-09-28T18:14:57.514+0000] {dag.py:2915} INFO - Sync 1 DAGs
[2023-09-28T18:14:57.530+0000] {logging_mixin.py:151} INFO - [2023-09-28T18:14:57.530+0000] {dag.py:3696} INFO - Setting next_dagrun for example_branch_labels to 2023-09-27T00:00:00+00:00, run_after=2023-09-28T00:00:00+00:00
[2023-09-28T18:14:57.546+0000] {processor.py:179} INFO - Processing /home/airflow/.local/lib/python3.8/site-packages/airflow/example_dags/example_branch_labels.py took 0.062 seconds
[2023-09-28T18:15:28.234+0000] {processor.py:157} INFO - Started process (PID=212) to work on /home/airflow/.local/lib/python3.8/site-packages/airflow/example_dags/example_branch_labels.py
[2023-09-28T18:15:28.237+0000] {processor.py:829} INFO - Processing file /home/airflow/.local/lib/python3.8/site-packages/airflow/example_dags/example_branch_labels.py for tasks to queue
[2023-09-28T18:15:28.239+0000] {logging_mixin.py:151} INFO - [2023-09-28T18:15:28.239+0000] {dagbag.py:539} INFO - Filling up the DagBag from /home/airflow/.local/lib/python3.8/site-packages/airflow/example_dags/example_branch_labels.py
[2023-09-28T18:15:28.246+0000] {processor.py:839} INFO - DAG(s) dict_keys(['example_branch_labels']) retrieved from /home/airflow/.local/lib/python3.8/site-packages/airflow/example_dags/example_branch_labels.py
[2023-09-28T18:15:28.262+0000] {logging_mixin.py:151} INFO - [2023-09-28T18:15:28.262+0000] {dag.py:2915} INFO - Sync 1 DAGs
[2023-09-28T18:15:28.279+0000] {logging_mixin.py:151} INFO - [2023-09-28T18:15:28.279+0000] {dag.py:3696} INFO - Setting next_dagrun for example_branch_labels to 2023-09-27T00:00:00+00:00, run_after=2023-09-28T00:00:00+00:00
[2023-09-28T18:15:28.292+0000] {processor.py:179} INFO - Processing /home/airflow/.local/lib/python3.8/site-packages/airflow/example_dags/example_branch_labels.py took 0.060 seconds
[2023-09-28T18:15:58.938+0000] {processor.py:157} INFO - Started process (PID=266) to work on /home/airflow/.local/lib/python3.8/site-packages/airflow/example_dags/example_branch_labels.py
[2023-09-28T18:15:58.941+0000] {processor.py:829} INFO - Processing file /home/airflow/.local/lib/python3.8/site-packages/airflow/example_dags/example_branch_labels.py for tasks to queue
[2023-09-28T18:15:58.944+0000] {logging_mixin.py:151} INFO - [2023-09-28T18:15:58.944+0000] {dagbag.py:539} INFO - Filling up the DagBag from /home/airflow/.local/lib/python3.8/site-packages/airflow/example_dags/example_branch_labels.py
[2023-09-28T18:15:58.950+0000] {processor.py:839} INFO - DAG(s) dict_keys(['example_branch_labels']) retrieved from /home/airflow/.local/lib/python3.8/site-packages/airflow/example_dags/example_branch_labels.py
[2023-09-28T18:15:58.971+0000] {logging_mixin.py:151} INFO - [2023-09-28T18:15:58.971+0000] {dag.py:2915} INFO - Sync 1 DAGs
[2023-09-28T18:15:58.993+0000] {logging_mixin.py:151} INFO - [2023-09-28T18:15:58.993+0000] {dag.py:3696} INFO - Setting next_dagrun for example_branch_labels to 2023-09-27T00:00:00+00:00, run_after=2023-09-28T00:00:00+00:00
[2023-09-28T18:15:59.005+0000] {processor.py:179} INFO - Processing /home/airflow/.local/lib/python3.8/site-packages/airflow/example_dags/example_branch_labels.py took 0.070 seconds
[2023-09-28T18:16:29.590+0000] {processor.py:157} INFO - Started process (PID=320) to work on /home/airflow/.local/lib/python3.8/site-packages/airflow/example_dags/example_branch_labels.py
[2023-09-28T18:16:29.592+0000] {processor.py:829} INFO - Processing file /home/airflow/.local/lib/python3.8/site-packages/airflow/example_dags/example_branch_labels.py for tasks to queue
[2023-09-28T18:16:29.595+0000] {logging_mixin.py:151} INFO - [2023-09-28T18:16:29.594+0000] {dagbag.py:539} INFO - Filling up the DagBag from /home/airflow/.local/lib/python3.8/site-packages/airflow/example_dags/example_branch_labels.py
[2023-09-28T18:16:29.601+0000] {processor.py:839} INFO - DAG(s) dict_keys(['example_branch_labels']) retrieved from /home/airflow/.local/lib/python3.8/site-packages/airflow/example_dags/example_branch_labels.py
[2023-09-28T18:16:29.621+0000] {logging_mixin.py:151} INFO - [2023-09-28T18:16:29.621+0000] {dag.py:2915} INFO - Sync 1 DAGs
[2023-09-28T18:16:29.635+0000] {logging_mixin.py:151} INFO - [2023-09-28T18:16:29.635+0000] {dag.py:3696} INFO - Setting next_dagrun for example_branch_labels to 2023-09-27T00:00:00+00:00, run_after=2023-09-28T00:00:00+00:00
[2023-09-28T18:16:29.646+0000] {processor.py:179} INFO - Processing /home/airflow/.local/lib/python3.8/site-packages/airflow/example_dags/example_branch_labels.py took 0.059 seconds
[2023-09-28T18:17:00.430+0000] {processor.py:157} INFO - Started process (PID=374) to work on /home/airflow/.local/lib/python3.8/site-packages/airflow/example_dags/example_branch_labels.py
[2023-09-28T18:17:00.433+0000] {processor.py:829} INFO - Processing file /home/airflow/.local/lib/python3.8/site-packages/airflow/example_dags/example_branch_labels.py for tasks to queue
[2023-09-28T18:17:00.435+0000] {logging_mixin.py:151} INFO - [2023-09-28T18:17:00.435+0000] {dagbag.py:539} INFO - Filling up the DagBag from /home/airflow/.local/lib/python3.8/site-packages/airflow/example_dags/example_branch_labels.py
[2023-09-28T18:17:00.442+0000] {processor.py:839} INFO - DAG(s) dict_keys(['example_branch_labels']) retrieved from /home/airflow/.local/lib/python3.8/site-packages/airflow/example_dags/example_branch_labels.py
[2023-09-28T18:17:00.463+0000] {logging_mixin.py:151} INFO - [2023-09-28T18:17:00.463+0000] {dag.py:2915} INFO - Sync 1 DAGs
[2023-09-28T18:17:00.477+0000] {logging_mixin.py:151} INFO - [2023-09-28T18:17:00.477+0000] {dag.py:3696} INFO - Setting next_dagrun for example_branch_labels to 2023-09-27T00:00:00+00:00, run_after=2023-09-28T00:00:00+00:00
[2023-09-28T18:17:00.493+0000] {processor.py:179} INFO - Processing /home/airflow/.local/lib/python3.8/site-packages/airflow/example_dags/example_branch_labels.py took 0.065 seconds
[2023-09-28T18:17:30.958+0000] {processor.py:157} INFO - Started process (PID=427) to work on /home/airflow/.local/lib/python3.8/site-packages/airflow/example_dags/example_branch_labels.py
[2023-09-28T18:17:30.960+0000] {processor.py:829} INFO - Processing file /home/airflow/.local/lib/python3.8/site-packages/airflow/example_dags/example_branch_labels.py for tasks to queue
[2023-09-28T18:17:30.962+0000] {logging_mixin.py:151} INFO - [2023-09-28T18:17:30.962+0000] {dagbag.py:539} INFO - Filling up the DagBag from /home/airflow/.local/lib/python3.8/site-packages/airflow/example_dags/example_branch_labels.py
[2023-09-28T18:17:30.968+0000] {processor.py:839} INFO - DAG(s) dict_keys(['example_branch_labels']) retrieved from /home/airflow/.local/lib/python3.8/site-packages/airflow/example_dags/example_branch_labels.py
[2023-09-28T18:17:30.984+0000] {logging_mixin.py:151} INFO - [2023-09-28T18:17:30.984+0000] {dag.py:2915} INFO - Sync 1 DAGs
[2023-09-28T18:17:30.999+0000] {logging_mixin.py:151} INFO - [2023-09-28T18:17:30.999+0000] {dag.py:3696} INFO - Setting next_dagrun for example_branch_labels to 2023-09-27T00:00:00+00:00, run_after=2023-09-28T00:00:00+00:00
[2023-09-28T18:17:31.013+0000] {processor.py:179} INFO - Processing /home/airflow/.local/lib/python3.8/site-packages/airflow/example_dags/example_branch_labels.py took 0.058 seconds
[2023-09-28T18:18:01.758+0000] {processor.py:157} INFO - Started process (PID=482) to work on /home/airflow/.local/lib/python3.8/site-packages/airflow/example_dags/example_branch_labels.py
[2023-09-28T18:18:01.760+0000] {processor.py:829} INFO - Processing file /home/airflow/.local/lib/python3.8/site-packages/airflow/example_dags/example_branch_labels.py for tasks to queue
[2023-09-28T18:18:01.762+0000] {logging_mixin.py:151} INFO - [2023-09-28T18:18:01.762+0000] {dagbag.py:539} INFO - Filling up the DagBag from /home/airflow/.local/lib/python3.8/site-packages/airflow/example_dags/example_branch_labels.py
[2023-09-28T18:18:01.772+0000] {processor.py:839} INFO - DAG(s) dict_keys(['example_branch_labels']) retrieved from /home/airflow/.local/lib/python3.8/site-packages/airflow/example_dags/example_branch_labels.py
[2023-09-28T18:18:01.792+0000] {logging_mixin.py:151} INFO - [2023-09-28T18:18:01.792+0000] {dag.py:2915} INFO - Sync 1 DAGs
[2023-09-28T18:18:01.807+0000] {logging_mixin.py:151} INFO - [2023-09-28T18:18:01.807+0000] {dag.py:3696} INFO - Setting next_dagrun for example_branch_labels to 2023-09-27T00:00:00+00:00, run_after=2023-09-28T00:00:00+00:00
[2023-09-28T18:18:01.820+0000] {processor.py:179} INFO - Processing /home/airflow/.local/lib/python3.8/site-packages/airflow/example_dags/example_branch_labels.py took 0.064 seconds
[2023-09-28T18:18:32.498+0000] {processor.py:157} INFO - Started process (PID=536) to work on /home/airflow/.local/lib/python3.8/site-packages/airflow/example_dags/example_branch_labels.py
[2023-09-28T18:18:32.500+0000] {processor.py:829} INFO - Processing file /home/airflow/.local/lib/python3.8/site-packages/airflow/example_dags/example_branch_labels.py for tasks to queue
[2023-09-28T18:18:32.502+0000] {logging_mixin.py:151} INFO - [2023-09-28T18:18:32.502+0000] {dagbag.py:539} INFO - Filling up the DagBag from /home/airflow/.local/lib/python3.8/site-packages/airflow/example_dags/example_branch_labels.py
[2023-09-28T18:18:32.508+0000] {processor.py:839} INFO - DAG(s) dict_keys(['example_branch_labels']) retrieved from /home/airflow/.local/lib/python3.8/site-packages/airflow/example_dags/example_branch_labels.py
[2023-09-28T18:18:32.528+0000] {logging_mixin.py:151} INFO - [2023-09-28T18:18:32.528+0000] {dag.py:2915} INFO - Sync 1 DAGs
[2023-09-28T18:18:32.544+0000] {logging_mixin.py:151} INFO - [2023-09-28T18:18:32.543+0000] {dag.py:3696} INFO - Setting next_dagrun for example_branch_labels to 2023-09-27T00:00:00+00:00, run_after=2023-09-28T00:00:00+00:00
[2023-09-28T18:18:32.556+0000] {processor.py:179} INFO - Processing /home/airflow/.local/lib/python3.8/site-packages/airflow/example_dags/example_branch_labels.py took 0.061 seconds
[2023-09-28T18:19:03.382+0000] {processor.py:157} INFO - Started process (PID=591) to work on /home/airflow/.local/lib/python3.8/site-packages/airflow/example_dags/example_branch_labels.py
[2023-09-28T18:19:03.384+0000] {processor.py:829} INFO - Processing file /home/airflow/.local/lib/python3.8/site-packages/airflow/example_dags/example_branch_labels.py for tasks to queue
[2023-09-28T18:19:03.387+0000] {logging_mixin.py:151} INFO - [2023-09-28T18:19:03.387+0000] {dagbag.py:539} INFO - Filling up the DagBag from /home/airflow/.local/lib/python3.8/site-packages/airflow/example_dags/example_branch_labels.py
[2023-09-28T18:19:03.393+0000] {processor.py:839} INFO - DAG(s) dict_keys(['example_branch_labels']) retrieved from /home/airflow/.local/lib/python3.8/site-packages/airflow/example_dags/example_branch_labels.py
[2023-09-28T18:19:03.416+0000] {logging_mixin.py:151} INFO - [2023-09-28T18:19:03.416+0000] {dag.py:2915} INFO - Sync 1 DAGs
[2023-09-28T18:19:03.432+0000] {logging_mixin.py:151} INFO - [2023-09-28T18:19:03.432+0000] {dag.py:3696} INFO - Setting next_dagrun for example_branch_labels to 2023-09-27T00:00:00+00:00, run_after=2023-09-28T00:00:00+00:00
[2023-09-28T18:19:03.445+0000] {processor.py:179} INFO - Processing /home/airflow/.local/lib/python3.8/site-packages/airflow/example_dags/example_branch_labels.py took 0.066 seconds
[2023-09-28T18:19:34.132+0000] {processor.py:157} INFO - Started process (PID=645) to work on /home/airflow/.local/lib/python3.8/site-packages/airflow/example_dags/example_branch_labels.py
[2023-09-28T18:19:34.134+0000] {processor.py:829} INFO - Processing file /home/airflow/.local/lib/python3.8/site-packages/airflow/example_dags/example_branch_labels.py for tasks to queue
[2023-09-28T18:19:34.137+0000] {logging_mixin.py:151} INFO - [2023-09-28T18:19:34.136+0000] {dagbag.py:539} INFO - Filling up the DagBag from /home/airflow/.local/lib/python3.8/site-packages/airflow/example_dags/example_branch_labels.py
[2023-09-28T18:19:34.143+0000] {processor.py:839} INFO - DAG(s) dict_keys(['example_branch_labels']) retrieved from /home/airflow/.local/lib/python3.8/site-packages/airflow/example_dags/example_branch_labels.py
[2023-09-28T18:19:34.165+0000] {logging_mixin.py:151} INFO - [2023-09-28T18:19:34.165+0000] {dag.py:2915} INFO - Sync 1 DAGs
[2023-09-28T18:19:34.183+0000] {logging_mixin.py:151} INFO - [2023-09-28T18:19:34.183+0000] {dag.py:3696} INFO - Setting next_dagrun for example_branch_labels to 2023-09-27T00:00:00+00:00, run_after=2023-09-28T00:00:00+00:00
[2023-09-28T18:19:34.195+0000] {processor.py:179} INFO - Processing /home/airflow/.local/lib/python3.8/site-packages/airflow/example_dags/example_branch_labels.py took 0.066 seconds
[2023-09-28T18:20:04.827+0000] {processor.py:157} INFO - Started process (PID=699) to work on /home/airflow/.local/lib/python3.8/site-packages/airflow/example_dags/example_branch_labels.py
[2023-09-28T18:20:04.829+0000] {processor.py:829} INFO - Processing file /home/airflow/.local/lib/python3.8/site-packages/airflow/example_dags/example_branch_labels.py for tasks to queue
[2023-09-28T18:20:04.832+0000] {logging_mixin.py:151} INFO - [2023-09-28T18:20:04.832+0000] {dagbag.py:539} INFO - Filling up the DagBag from /home/airflow/.local/lib/python3.8/site-packages/airflow/example_dags/example_branch_labels.py
[2023-09-28T18:20:04.838+0000] {processor.py:839} INFO - DAG(s) dict_keys(['example_branch_labels']) retrieved from /home/airflow/.local/lib/python3.8/site-packages/airflow/example_dags/example_branch_labels.py
[2023-09-28T18:20:04.855+0000] {logging_mixin.py:151} INFO - [2023-09-28T18:20:04.855+0000] {dag.py:2915} INFO - Sync 1 DAGs
[2023-09-28T18:20:04.871+0000] {logging_mixin.py:151} INFO - [2023-09-28T18:20:04.871+0000] {dag.py:3696} INFO - Setting next_dagrun for example_branch_labels to 2023-09-27T00:00:00+00:00, run_after=2023-09-28T00:00:00+00:00
[2023-09-28T18:20:04.883+0000] {processor.py:179} INFO - Processing /home/airflow/.local/lib/python3.8/site-packages/airflow/example_dags/example_branch_labels.py took 0.058 seconds
[2023-09-28T18:20:35.445+0000] {processor.py:157} INFO - Started process (PID=752) to work on /home/airflow/.local/lib/python3.8/site-packages/airflow/example_dags/example_branch_labels.py
[2023-09-28T18:20:35.447+0000] {processor.py:829} INFO - Processing file /home/airflow/.local/lib/python3.8/site-packages/airflow/example_dags/example_branch_labels.py for tasks to queue
[2023-09-28T18:20:35.449+0000] {logging_mixin.py:151} INFO - [2023-09-28T18:20:35.449+0000] {dagbag.py:539} INFO - Filling up the DagBag from /home/airflow/.local/lib/python3.8/site-packages/airflow/example_dags/example_branch_labels.py
[2023-09-28T18:20:35.455+0000] {processor.py:839} INFO - DAG(s) dict_keys(['example_branch_labels']) retrieved from /home/airflow/.local/lib/python3.8/site-packages/airflow/example_dags/example_branch_labels.py
[2023-09-28T18:20:35.471+0000] {logging_mixin.py:151} INFO - [2023-09-28T18:20:35.471+0000] {dag.py:2915} INFO - Sync 1 DAGs
[2023-09-28T18:20:35.484+0000] {logging_mixin.py:151} INFO - [2023-09-28T18:20:35.484+0000] {dag.py:3696} INFO - Setting next_dagrun for example_branch_labels to 2023-09-27T00:00:00+00:00, run_after=2023-09-28T00:00:00+00:00
[2023-09-28T18:20:35.495+0000] {processor.py:179} INFO - Processing /home/airflow/.local/lib/python3.8/site-packages/airflow/example_dags/example_branch_labels.py took 0.053 seconds
[2023-09-28T18:21:06.137+0000] {processor.py:157} INFO - Started process (PID=806) to work on /home/airflow/.local/lib/python3.8/site-packages/airflow/example_dags/example_branch_labels.py
[2023-09-28T18:21:06.140+0000] {processor.py:829} INFO - Processing file /home/airflow/.local/lib/python3.8/site-packages/airflow/example_dags/example_branch_labels.py for tasks to queue
[2023-09-28T18:21:06.142+0000] {logging_mixin.py:151} INFO - [2023-09-28T18:21:06.142+0000] {dagbag.py:539} INFO - Filling up the DagBag from /home/airflow/.local/lib/python3.8/site-packages/airflow/example_dags/example_branch_labels.py
[2023-09-28T18:21:06.149+0000] {processor.py:839} INFO - DAG(s) dict_keys(['example_branch_labels']) retrieved from /home/airflow/.local/lib/python3.8/site-packages/airflow/example_dags/example_branch_labels.py
[2023-09-28T18:21:06.168+0000] {logging_mixin.py:151} INFO - [2023-09-28T18:21:06.167+0000] {dag.py:2915} INFO - Sync 1 DAGs
[2023-09-28T18:21:06.185+0000] {logging_mixin.py:151} INFO - [2023-09-28T18:21:06.185+0000] {dag.py:3696} INFO - Setting next_dagrun for example_branch_labels to 2023-09-27T00:00:00+00:00, run_after=2023-09-28T00:00:00+00:00
[2023-09-28T18:21:06.198+0000] {processor.py:179} INFO - Processing /home/airflow/.local/lib/python3.8/site-packages/airflow/example_dags/example_branch_labels.py took 0.063 seconds
[2023-09-28T18:21:37.210+0000] {processor.py:157} INFO - Started process (PID=860) to work on /home/airflow/.local/lib/python3.8/site-packages/airflow/example_dags/example_branch_labels.py
[2023-09-28T18:21:37.212+0000] {processor.py:829} INFO - Processing file /home/airflow/.local/lib/python3.8/site-packages/airflow/example_dags/example_branch_labels.py for tasks to queue
[2023-09-28T18:21:37.214+0000] {logging_mixin.py:151} INFO - [2023-09-28T18:21:37.214+0000] {dagbag.py:539} INFO - Filling up the DagBag from /home/airflow/.local/lib/python3.8/site-packages/airflow/example_dags/example_branch_labels.py
[2023-09-28T18:21:37.220+0000] {processor.py:839} INFO - DAG(s) dict_keys(['example_branch_labels']) retrieved from /home/airflow/.local/lib/python3.8/site-packages/airflow/example_dags/example_branch_labels.py
[2023-09-28T18:21:37.239+0000] {logging_mixin.py:151} INFO - [2023-09-28T18:21:37.239+0000] {dag.py:2915} INFO - Sync 1 DAGs
[2023-09-28T18:21:37.256+0000] {logging_mixin.py:151} INFO - [2023-09-28T18:21:37.256+0000] {dag.py:3696} INFO - Setting next_dagrun for example_branch_labels to 2023-09-27T00:00:00+00:00, run_after=2023-09-28T00:00:00+00:00
[2023-09-28T18:21:37.268+0000] {processor.py:179} INFO - Processing /home/airflow/.local/lib/python3.8/site-packages/airflow/example_dags/example_branch_labels.py took 0.060 seconds
[2023-09-28T18:22:07.878+0000] {processor.py:157} INFO - Started process (PID=914) to work on /home/airflow/.local/lib/python3.8/site-packages/airflow/example_dags/example_branch_labels.py
[2023-09-28T18:22:07.881+0000] {processor.py:829} INFO - Processing file /home/airflow/.local/lib/python3.8/site-packages/airflow/example_dags/example_branch_labels.py for tasks to queue
[2023-09-28T18:22:07.883+0000] {logging_mixin.py:151} INFO - [2023-09-28T18:22:07.883+0000] {dagbag.py:539} INFO - Filling up the DagBag from /home/airflow/.local/lib/python3.8/site-packages/airflow/example_dags/example_branch_labels.py
[2023-09-28T18:22:07.890+0000] {processor.py:839} INFO - DAG(s) dict_keys(['example_branch_labels']) retrieved from /home/airflow/.local/lib/python3.8/site-packages/airflow/example_dags/example_branch_labels.py
[2023-09-28T18:22:07.907+0000] {logging_mixin.py:151} INFO - [2023-09-28T18:22:07.907+0000] {dag.py:2915} INFO - Sync 1 DAGs
[2023-09-28T18:22:07.926+0000] {logging_mixin.py:151} INFO - [2023-09-28T18:22:07.926+0000] {dag.py:3696} INFO - Setting next_dagrun for example_branch_labels to 2023-09-27T00:00:00+00:00, run_after=2023-09-28T00:00:00+00:00
[2023-09-28T18:22:07.943+0000] {processor.py:179} INFO - Processing /home/airflow/.local/lib/python3.8/site-packages/airflow/example_dags/example_branch_labels.py took 0.067 seconds
[2023-09-28T18:22:38.724+0000] {processor.py:157} INFO - Started process (PID=967) to work on /home/airflow/.local/lib/python3.8/site-packages/airflow/example_dags/example_branch_labels.py
[2023-09-28T18:22:38.726+0000] {processor.py:829} INFO - Processing file /home/airflow/.local/lib/python3.8/site-packages/airflow/example_dags/example_branch_labels.py for tasks to queue
[2023-09-28T18:22:38.728+0000] {logging_mixin.py:151} INFO - [2023-09-28T18:22:38.728+0000] {dagbag.py:539} INFO - Filling up the DagBag from /home/airflow/.local/lib/python3.8/site-packages/airflow/example_dags/example_branch_labels.py
[2023-09-28T18:22:38.735+0000] {processor.py:839} INFO - DAG(s) dict_keys(['example_branch_labels']) retrieved from /home/airflow/.local/lib/python3.8/site-packages/airflow/example_dags/example_branch_labels.py
[2023-09-28T18:22:38.752+0000] {logging_mixin.py:151} INFO - [2023-09-28T18:22:38.752+0000] {dag.py:2915} INFO - Sync 1 DAGs
[2023-09-28T18:22:38.769+0000] {logging_mixin.py:151} INFO - [2023-09-28T18:22:38.769+0000] {dag.py:3696} INFO - Setting next_dagrun for example_branch_labels to 2023-09-27T00:00:00+00:00, run_after=2023-09-28T00:00:00+00:00
[2023-09-28T18:22:38.781+0000] {processor.py:179} INFO - Processing /home/airflow/.local/lib/python3.8/site-packages/airflow/example_dags/example_branch_labels.py took 0.060 seconds
[2023-09-28T18:23:09.688+0000] {processor.py:157} INFO - Started process (PID=1020) to work on /home/airflow/.local/lib/python3.8/site-packages/airflow/example_dags/example_branch_labels.py
[2023-09-28T18:23:09.690+0000] {processor.py:829} INFO - Processing file /home/airflow/.local/lib/python3.8/site-packages/airflow/example_dags/example_branch_labels.py for tasks to queue
[2023-09-28T18:23:09.693+0000] {logging_mixin.py:151} INFO - [2023-09-28T18:23:09.692+0000] {dagbag.py:539} INFO - Filling up the DagBag from /home/airflow/.local/lib/python3.8/site-packages/airflow/example_dags/example_branch_labels.py
[2023-09-28T18:23:09.699+0000] {processor.py:839} INFO - DAG(s) dict_keys(['example_branch_labels']) retrieved from /home/airflow/.local/lib/python3.8/site-packages/airflow/example_dags/example_branch_labels.py
[2023-09-28T18:23:09.716+0000] {logging_mixin.py:151} INFO - [2023-09-28T18:23:09.716+0000] {dag.py:2915} INFO - Sync 1 DAGs
[2023-09-28T18:23:09.734+0000] {logging_mixin.py:151} INFO - [2023-09-28T18:23:09.733+0000] {dag.py:3696} INFO - Setting next_dagrun for example_branch_labels to 2023-09-27T00:00:00+00:00, run_after=2023-09-28T00:00:00+00:00
[2023-09-28T18:23:09.747+0000] {processor.py:179} INFO - Processing /home/airflow/.local/lib/python3.8/site-packages/airflow/example_dags/example_branch_labels.py took 0.061 seconds
[2023-09-28T18:23:40.711+0000] {processor.py:157} INFO - Started process (PID=1074) to work on /home/airflow/.local/lib/python3.8/site-packages/airflow/example_dags/example_branch_labels.py
[2023-09-28T18:23:40.713+0000] {processor.py:829} INFO - Processing file /home/airflow/.local/lib/python3.8/site-packages/airflow/example_dags/example_branch_labels.py for tasks to queue
[2023-09-28T18:23:40.715+0000] {logging_mixin.py:151} INFO - [2023-09-28T18:23:40.715+0000] {dagbag.py:539} INFO - Filling up the DagBag from /home/airflow/.local/lib/python3.8/site-packages/airflow/example_dags/example_branch_labels.py
[2023-09-28T18:23:40.721+0000] {processor.py:839} INFO - DAG(s) dict_keys(['example_branch_labels']) retrieved from /home/airflow/.local/lib/python3.8/site-packages/airflow/example_dags/example_branch_labels.py
[2023-09-28T18:23:40.740+0000] {logging_mixin.py:151} INFO - [2023-09-28T18:23:40.740+0000] {dag.py:2915} INFO - Sync 1 DAGs
[2023-09-28T18:23:40.757+0000] {logging_mixin.py:151} INFO - [2023-09-28T18:23:40.756+0000] {dag.py:3696} INFO - Setting next_dagrun for example_branch_labels to 2023-09-27T00:00:00+00:00, run_after=2023-09-28T00:00:00+00:00
[2023-09-28T18:23:40.769+0000] {processor.py:179} INFO - Processing /home/airflow/.local/lib/python3.8/site-packages/airflow/example_dags/example_branch_labels.py took 0.060 seconds
[2023-09-28T18:34:43.546+0000] {processor.py:157} INFO - Started process (PID=51) to work on /home/airflow/.local/lib/python3.8/site-packages/airflow/example_dags/example_branch_labels.py
[2023-09-28T18:34:43.549+0000] {processor.py:829} INFO - Processing file /home/airflow/.local/lib/python3.8/site-packages/airflow/example_dags/example_branch_labels.py for tasks to queue
[2023-09-28T18:34:43.555+0000] {logging_mixin.py:151} INFO - [2023-09-28T18:34:43.554+0000] {dagbag.py:539} INFO - Filling up the DagBag from /home/airflow/.local/lib/python3.8/site-packages/airflow/example_dags/example_branch_labels.py
[2023-09-28T18:34:43.568+0000] {processor.py:839} INFO - DAG(s) dict_keys(['example_branch_labels']) retrieved from /home/airflow/.local/lib/python3.8/site-packages/airflow/example_dags/example_branch_labels.py
[2023-09-28T18:34:43.605+0000] {logging_mixin.py:151} INFO - [2023-09-28T18:34:43.605+0000] {dag.py:2915} INFO - Sync 1 DAGs
[2023-09-28T18:34:43.646+0000] {logging_mixin.py:151} INFO - [2023-09-28T18:34:43.645+0000] {dag.py:3696} INFO - Setting next_dagrun for example_branch_labels to 2023-09-27T00:00:00+00:00, run_after=2023-09-28T00:00:00+00:00
[2023-09-28T18:34:43.682+0000] {processor.py:179} INFO - Processing /home/airflow/.local/lib/python3.8/site-packages/airflow/example_dags/example_branch_labels.py took 0.138 seconds
[2023-09-28T18:35:13.740+0000] {processor.py:157} INFO - Started process (PID=105) to work on /home/airflow/.local/lib/python3.8/site-packages/airflow/example_dags/example_branch_labels.py
[2023-09-28T18:35:13.743+0000] {processor.py:829} INFO - Processing file /home/airflow/.local/lib/python3.8/site-packages/airflow/example_dags/example_branch_labels.py for tasks to queue
[2023-09-28T18:35:13.745+0000] {logging_mixin.py:151} INFO - [2023-09-28T18:35:13.745+0000] {dagbag.py:539} INFO - Filling up the DagBag from /home/airflow/.local/lib/python3.8/site-packages/airflow/example_dags/example_branch_labels.py
[2023-09-28T18:35:13.752+0000] {processor.py:839} INFO - DAG(s) dict_keys(['example_branch_labels']) retrieved from /home/airflow/.local/lib/python3.8/site-packages/airflow/example_dags/example_branch_labels.py
[2023-09-28T18:35:13.771+0000] {logging_mixin.py:151} INFO - [2023-09-28T18:35:13.771+0000] {dag.py:2915} INFO - Sync 1 DAGs
[2023-09-28T18:35:13.794+0000] {logging_mixin.py:151} INFO - [2023-09-28T18:35:13.794+0000] {dag.py:3696} INFO - Setting next_dagrun for example_branch_labels to 2023-09-27T00:00:00+00:00, run_after=2023-09-28T00:00:00+00:00
[2023-09-28T18:35:13.809+0000] {processor.py:179} INFO - Processing /home/airflow/.local/lib/python3.8/site-packages/airflow/example_dags/example_branch_labels.py took 0.072 seconds
[2023-09-28T18:35:44.133+0000] {processor.py:157} INFO - Started process (PID=159) to work on /home/airflow/.local/lib/python3.8/site-packages/airflow/example_dags/example_branch_labels.py
[2023-09-28T18:35:44.135+0000] {processor.py:829} INFO - Processing file /home/airflow/.local/lib/python3.8/site-packages/airflow/example_dags/example_branch_labels.py for tasks to queue
[2023-09-28T18:35:44.138+0000] {logging_mixin.py:151} INFO - [2023-09-28T18:35:44.138+0000] {dagbag.py:539} INFO - Filling up the DagBag from /home/airflow/.local/lib/python3.8/site-packages/airflow/example_dags/example_branch_labels.py
[2023-09-28T18:35:44.145+0000] {processor.py:839} INFO - DAG(s) dict_keys(['example_branch_labels']) retrieved from /home/airflow/.local/lib/python3.8/site-packages/airflow/example_dags/example_branch_labels.py
[2023-09-28T18:35:44.169+0000] {logging_mixin.py:151} INFO - [2023-09-28T18:35:44.169+0000] {dag.py:2915} INFO - Sync 1 DAGs
[2023-09-28T18:35:44.185+0000] {logging_mixin.py:151} INFO - [2023-09-28T18:35:44.185+0000] {dag.py:3696} INFO - Setting next_dagrun for example_branch_labels to 2023-09-27T00:00:00+00:00, run_after=2023-09-28T00:00:00+00:00
[2023-09-28T18:35:44.198+0000] {processor.py:179} INFO - Processing /home/airflow/.local/lib/python3.8/site-packages/airflow/example_dags/example_branch_labels.py took 0.068 seconds
[2023-09-28T18:36:15.133+0000] {processor.py:157} INFO - Started process (PID=213) to work on /home/airflow/.local/lib/python3.8/site-packages/airflow/example_dags/example_branch_labels.py
[2023-09-28T18:36:15.139+0000] {processor.py:829} INFO - Processing file /home/airflow/.local/lib/python3.8/site-packages/airflow/example_dags/example_branch_labels.py for tasks to queue
[2023-09-28T18:36:15.142+0000] {logging_mixin.py:151} INFO - [2023-09-28T18:36:15.142+0000] {dagbag.py:539} INFO - Filling up the DagBag from /home/airflow/.local/lib/python3.8/site-packages/airflow/example_dags/example_branch_labels.py
[2023-09-28T18:36:15.153+0000] {processor.py:839} INFO - DAG(s) dict_keys(['example_branch_labels']) retrieved from /home/airflow/.local/lib/python3.8/site-packages/airflow/example_dags/example_branch_labels.py
[2023-09-28T18:36:15.171+0000] {logging_mixin.py:151} INFO - [2023-09-28T18:36:15.171+0000] {dag.py:2915} INFO - Sync 1 DAGs
[2023-09-28T18:36:15.188+0000] {logging_mixin.py:151} INFO - [2023-09-28T18:36:15.188+0000] {dag.py:3696} INFO - Setting next_dagrun for example_branch_labels to 2023-09-27T00:00:00+00:00, run_after=2023-09-28T00:00:00+00:00
[2023-09-28T18:36:15.200+0000] {processor.py:179} INFO - Processing /home/airflow/.local/lib/python3.8/site-packages/airflow/example_dags/example_branch_labels.py took 0.069 seconds
