[2023-09-28T18:05:28.509+0000] {processor.py:157} INFO - Started process (PID=52) to work on /home/airflow/.local/lib/python3.8/site-packages/airflow/example_dags/example_complex.py
[2023-09-28T18:05:28.516+0000] {processor.py:829} INFO - Processing file /home/airflow/.local/lib/python3.8/site-packages/airflow/example_dags/example_complex.py for tasks to queue
[2023-09-28T18:05:28.539+0000] {logging_mixin.py:151} INFO - [2023-09-28T18:05:28.534+0000] {dagbag.py:539} INFO - Filling up the DagBag from /home/airflow/.local/lib/python3.8/site-packages/airflow/example_dags/example_complex.py
[2023-09-28T18:05:28.553+0000] {processor.py:839} INFO - DAG(s) dict_keys(['example_complex']) retrieved from /home/airflow/.local/lib/python3.8/site-packages/airflow/example_dags/example_complex.py
[2023-09-28T18:05:28.591+0000] {logging_mixin.py:151} INFO - [2023-09-28T18:05:28.590+0000] {dag.py:2915} INFO - Sync 1 DAGs
[2023-09-28T18:05:28.618+0000] {logging_mixin.py:151} INFO - [2023-09-28T18:05:28.618+0000] {dag.py:3696} INFO - Setting next_dagrun for example_complex to None, run_after=None
[2023-09-28T18:05:28.657+0000] {processor.py:179} INFO - Processing /home/airflow/.local/lib/python3.8/site-packages/airflow/example_dags/example_complex.py took 0.160 seconds
[2023-09-28T18:05:59.531+0000] {processor.py:157} INFO - Started process (PID=105) to work on /home/airflow/.local/lib/python3.8/site-packages/airflow/example_dags/example_complex.py
[2023-09-28T18:05:59.534+0000] {processor.py:829} INFO - Processing file /home/airflow/.local/lib/python3.8/site-packages/airflow/example_dags/example_complex.py for tasks to queue
[2023-09-28T18:05:59.536+0000] {logging_mixin.py:151} INFO - [2023-09-28T18:05:59.536+0000] {dagbag.py:539} INFO - Filling up the DagBag from /home/airflow/.local/lib/python3.8/site-packages/airflow/example_dags/example_complex.py
[2023-09-28T18:05:59.544+0000] {processor.py:839} INFO - DAG(s) dict_keys(['example_complex']) retrieved from /home/airflow/.local/lib/python3.8/site-packages/airflow/example_dags/example_complex.py
[2023-09-28T18:05:59.567+0000] {logging_mixin.py:151} INFO - [2023-09-28T18:05:59.567+0000] {dag.py:2915} INFO - Sync 1 DAGs
[2023-09-28T18:05:59.575+0000] {logging_mixin.py:151} INFO - [2023-09-28T18:05:59.575+0000] {dag.py:3696} INFO - Setting next_dagrun for example_complex to None, run_after=None
[2023-09-28T18:05:59.589+0000] {processor.py:179} INFO - Processing /home/airflow/.local/lib/python3.8/site-packages/airflow/example_dags/example_complex.py took 0.060 seconds
[2023-09-28T18:06:30.532+0000] {processor.py:157} INFO - Started process (PID=159) to work on /home/airflow/.local/lib/python3.8/site-packages/airflow/example_dags/example_complex.py
[2023-09-28T18:06:30.534+0000] {processor.py:829} INFO - Processing file /home/airflow/.local/lib/python3.8/site-packages/airflow/example_dags/example_complex.py for tasks to queue
[2023-09-28T18:06:30.537+0000] {logging_mixin.py:151} INFO - [2023-09-28T18:06:30.536+0000] {dagbag.py:539} INFO - Filling up the DagBag from /home/airflow/.local/lib/python3.8/site-packages/airflow/example_dags/example_complex.py
[2023-09-28T18:06:30.545+0000] {processor.py:839} INFO - DAG(s) dict_keys(['example_complex']) retrieved from /home/airflow/.local/lib/python3.8/site-packages/airflow/example_dags/example_complex.py
[2023-09-28T18:06:30.565+0000] {logging_mixin.py:151} INFO - [2023-09-28T18:06:30.565+0000] {dag.py:2915} INFO - Sync 1 DAGs
[2023-09-28T18:06:30.575+0000] {logging_mixin.py:151} INFO - [2023-09-28T18:06:30.575+0000] {dag.py:3696} INFO - Setting next_dagrun for example_complex to None, run_after=None
[2023-09-28T18:06:30.590+0000] {processor.py:179} INFO - Processing /home/airflow/.local/lib/python3.8/site-packages/airflow/example_dags/example_complex.py took 0.061 seconds
[2023-09-28T18:07:00.680+0000] {processor.py:157} INFO - Started process (PID=213) to work on /home/airflow/.local/lib/python3.8/site-packages/airflow/example_dags/example_complex.py
[2023-09-28T18:07:00.683+0000] {processor.py:829} INFO - Processing file /home/airflow/.local/lib/python3.8/site-packages/airflow/example_dags/example_complex.py for tasks to queue
[2023-09-28T18:07:00.687+0000] {logging_mixin.py:151} INFO - [2023-09-28T18:07:00.687+0000] {dagbag.py:539} INFO - Filling up the DagBag from /home/airflow/.local/lib/python3.8/site-packages/airflow/example_dags/example_complex.py
[2023-09-28T18:07:00.695+0000] {processor.py:839} INFO - DAG(s) dict_keys(['example_complex']) retrieved from /home/airflow/.local/lib/python3.8/site-packages/airflow/example_dags/example_complex.py
[2023-09-28T18:07:00.717+0000] {logging_mixin.py:151} INFO - [2023-09-28T18:07:00.717+0000] {dag.py:2915} INFO - Sync 1 DAGs
[2023-09-28T18:07:00.726+0000] {logging_mixin.py:151} INFO - [2023-09-28T18:07:00.726+0000] {dag.py:3696} INFO - Setting next_dagrun for example_complex to None, run_after=None
[2023-09-28T18:07:00.740+0000] {processor.py:179} INFO - Processing /home/airflow/.local/lib/python3.8/site-packages/airflow/example_dags/example_complex.py took 0.062 seconds
[2023-09-28T18:07:31.428+0000] {processor.py:157} INFO - Started process (PID=267) to work on /home/airflow/.local/lib/python3.8/site-packages/airflow/example_dags/example_complex.py
[2023-09-28T18:07:31.430+0000] {processor.py:829} INFO - Processing file /home/airflow/.local/lib/python3.8/site-packages/airflow/example_dags/example_complex.py for tasks to queue
[2023-09-28T18:07:31.432+0000] {logging_mixin.py:151} INFO - [2023-09-28T18:07:31.432+0000] {dagbag.py:539} INFO - Filling up the DagBag from /home/airflow/.local/lib/python3.8/site-packages/airflow/example_dags/example_complex.py
[2023-09-28T18:07:31.439+0000] {processor.py:839} INFO - DAG(s) dict_keys(['example_complex']) retrieved from /home/airflow/.local/lib/python3.8/site-packages/airflow/example_dags/example_complex.py
[2023-09-28T18:07:31.459+0000] {logging_mixin.py:151} INFO - [2023-09-28T18:07:31.459+0000] {dag.py:2915} INFO - Sync 1 DAGs
[2023-09-28T18:07:31.467+0000] {logging_mixin.py:151} INFO - [2023-09-28T18:07:31.467+0000] {dag.py:3696} INFO - Setting next_dagrun for example_complex to None, run_after=None
[2023-09-28T18:07:31.482+0000] {processor.py:179} INFO - Processing /home/airflow/.local/lib/python3.8/site-packages/airflow/example_dags/example_complex.py took 0.057 seconds
[2023-09-28T18:08:02.310+0000] {processor.py:157} INFO - Started process (PID=321) to work on /home/airflow/.local/lib/python3.8/site-packages/airflow/example_dags/example_complex.py
[2023-09-28T18:08:02.313+0000] {processor.py:829} INFO - Processing file /home/airflow/.local/lib/python3.8/site-packages/airflow/example_dags/example_complex.py for tasks to queue
[2023-09-28T18:08:02.316+0000] {logging_mixin.py:151} INFO - [2023-09-28T18:08:02.316+0000] {dagbag.py:539} INFO - Filling up the DagBag from /home/airflow/.local/lib/python3.8/site-packages/airflow/example_dags/example_complex.py
[2023-09-28T18:08:02.323+0000] {processor.py:839} INFO - DAG(s) dict_keys(['example_complex']) retrieved from /home/airflow/.local/lib/python3.8/site-packages/airflow/example_dags/example_complex.py
[2023-09-28T18:08:02.345+0000] {logging_mixin.py:151} INFO - [2023-09-28T18:08:02.345+0000] {dag.py:2915} INFO - Sync 1 DAGs
[2023-09-28T18:08:02.355+0000] {logging_mixin.py:151} INFO - [2023-09-28T18:08:02.354+0000] {dag.py:3696} INFO - Setting next_dagrun for example_complex to None, run_after=None
[2023-09-28T18:08:02.368+0000] {processor.py:179} INFO - Processing /home/airflow/.local/lib/python3.8/site-packages/airflow/example_dags/example_complex.py took 0.063 seconds
[2023-09-28T18:08:32.508+0000] {processor.py:157} INFO - Started process (PID=375) to work on /home/airflow/.local/lib/python3.8/site-packages/airflow/example_dags/example_complex.py
[2023-09-28T18:08:32.510+0000] {processor.py:829} INFO - Processing file /home/airflow/.local/lib/python3.8/site-packages/airflow/example_dags/example_complex.py for tasks to queue
[2023-09-28T18:08:32.512+0000] {logging_mixin.py:151} INFO - [2023-09-28T18:08:32.512+0000] {dagbag.py:539} INFO - Filling up the DagBag from /home/airflow/.local/lib/python3.8/site-packages/airflow/example_dags/example_complex.py
[2023-09-28T18:08:32.521+0000] {processor.py:839} INFO - DAG(s) dict_keys(['example_complex']) retrieved from /home/airflow/.local/lib/python3.8/site-packages/airflow/example_dags/example_complex.py
[2023-09-28T18:08:32.543+0000] {logging_mixin.py:151} INFO - [2023-09-28T18:08:32.543+0000] {dag.py:2915} INFO - Sync 1 DAGs
[2023-09-28T18:08:32.553+0000] {logging_mixin.py:151} INFO - [2023-09-28T18:08:32.553+0000] {dag.py:3696} INFO - Setting next_dagrun for example_complex to None, run_after=None
[2023-09-28T18:08:32.567+0000] {processor.py:179} INFO - Processing /home/airflow/.local/lib/python3.8/site-packages/airflow/example_dags/example_complex.py took 0.060 seconds
[2023-09-28T18:09:03.254+0000] {processor.py:157} INFO - Started process (PID=429) to work on /home/airflow/.local/lib/python3.8/site-packages/airflow/example_dags/example_complex.py
[2023-09-28T18:09:03.256+0000] {processor.py:829} INFO - Processing file /home/airflow/.local/lib/python3.8/site-packages/airflow/example_dags/example_complex.py for tasks to queue
[2023-09-28T18:09:03.258+0000] {logging_mixin.py:151} INFO - [2023-09-28T18:09:03.258+0000] {dagbag.py:539} INFO - Filling up the DagBag from /home/airflow/.local/lib/python3.8/site-packages/airflow/example_dags/example_complex.py
[2023-09-28T18:09:03.265+0000] {processor.py:839} INFO - DAG(s) dict_keys(['example_complex']) retrieved from /home/airflow/.local/lib/python3.8/site-packages/airflow/example_dags/example_complex.py
[2023-09-28T18:09:03.287+0000] {logging_mixin.py:151} INFO - [2023-09-28T18:09:03.287+0000] {dag.py:2915} INFO - Sync 1 DAGs
[2023-09-28T18:09:03.296+0000] {logging_mixin.py:151} INFO - [2023-09-28T18:09:03.295+0000] {dag.py:3696} INFO - Setting next_dagrun for example_complex to None, run_after=None
[2023-09-28T18:09:03.308+0000] {processor.py:179} INFO - Processing /home/airflow/.local/lib/python3.8/site-packages/airflow/example_dags/example_complex.py took 0.056 seconds
[2023-09-28T18:09:33.997+0000] {processor.py:157} INFO - Started process (PID=482) to work on /home/airflow/.local/lib/python3.8/site-packages/airflow/example_dags/example_complex.py
[2023-09-28T18:09:33.999+0000] {processor.py:829} INFO - Processing file /home/airflow/.local/lib/python3.8/site-packages/airflow/example_dags/example_complex.py for tasks to queue
[2023-09-28T18:09:34.001+0000] {logging_mixin.py:151} INFO - [2023-09-28T18:09:34.001+0000] {dagbag.py:539} INFO - Filling up the DagBag from /home/airflow/.local/lib/python3.8/site-packages/airflow/example_dags/example_complex.py
[2023-09-28T18:09:34.014+0000] {processor.py:839} INFO - DAG(s) dict_keys(['example_complex']) retrieved from /home/airflow/.local/lib/python3.8/site-packages/airflow/example_dags/example_complex.py
[2023-09-28T18:09:34.038+0000] {logging_mixin.py:151} INFO - [2023-09-28T18:09:34.037+0000] {dag.py:2915} INFO - Sync 1 DAGs
[2023-09-28T18:09:34.046+0000] {logging_mixin.py:151} INFO - [2023-09-28T18:09:34.046+0000] {dag.py:3696} INFO - Setting next_dagrun for example_complex to None, run_after=None
[2023-09-28T18:09:34.062+0000] {processor.py:179} INFO - Processing /home/airflow/.local/lib/python3.8/site-packages/airflow/example_dags/example_complex.py took 0.067 seconds
[2023-09-28T18:10:04.790+0000] {processor.py:157} INFO - Started process (PID=536) to work on /home/airflow/.local/lib/python3.8/site-packages/airflow/example_dags/example_complex.py
[2023-09-28T18:10:04.793+0000] {processor.py:829} INFO - Processing file /home/airflow/.local/lib/python3.8/site-packages/airflow/example_dags/example_complex.py for tasks to queue
[2023-09-28T18:10:04.795+0000] {logging_mixin.py:151} INFO - [2023-09-28T18:10:04.795+0000] {dagbag.py:539} INFO - Filling up the DagBag from /home/airflow/.local/lib/python3.8/site-packages/airflow/example_dags/example_complex.py
[2023-09-28T18:10:04.802+0000] {processor.py:839} INFO - DAG(s) dict_keys(['example_complex']) retrieved from /home/airflow/.local/lib/python3.8/site-packages/airflow/example_dags/example_complex.py
[2023-09-28T18:10:04.824+0000] {logging_mixin.py:151} INFO - [2023-09-28T18:10:04.824+0000] {dag.py:2915} INFO - Sync 1 DAGs
[2023-09-28T18:10:04.836+0000] {logging_mixin.py:151} INFO - [2023-09-28T18:10:04.836+0000] {dag.py:3696} INFO - Setting next_dagrun for example_complex to None, run_after=None
[2023-09-28T18:10:04.851+0000] {processor.py:179} INFO - Processing /home/airflow/.local/lib/python3.8/site-packages/airflow/example_dags/example_complex.py took 0.063 seconds
[2023-09-28T18:10:35.713+0000] {processor.py:157} INFO - Started process (PID=590) to work on /home/airflow/.local/lib/python3.8/site-packages/airflow/example_dags/example_complex.py
[2023-09-28T18:10:35.715+0000] {processor.py:829} INFO - Processing file /home/airflow/.local/lib/python3.8/site-packages/airflow/example_dags/example_complex.py for tasks to queue
[2023-09-28T18:10:35.717+0000] {logging_mixin.py:151} INFO - [2023-09-28T18:10:35.717+0000] {dagbag.py:539} INFO - Filling up the DagBag from /home/airflow/.local/lib/python3.8/site-packages/airflow/example_dags/example_complex.py
[2023-09-28T18:10:35.725+0000] {processor.py:839} INFO - DAG(s) dict_keys(['example_complex']) retrieved from /home/airflow/.local/lib/python3.8/site-packages/airflow/example_dags/example_complex.py
[2023-09-28T18:10:35.748+0000] {logging_mixin.py:151} INFO - [2023-09-28T18:10:35.747+0000] {dag.py:2915} INFO - Sync 1 DAGs
[2023-09-28T18:10:35.757+0000] {logging_mixin.py:151} INFO - [2023-09-28T18:10:35.757+0000] {dag.py:3696} INFO - Setting next_dagrun for example_complex to None, run_after=None
[2023-09-28T18:10:35.772+0000] {processor.py:179} INFO - Processing /home/airflow/.local/lib/python3.8/site-packages/airflow/example_dags/example_complex.py took 0.062 seconds
[2023-09-28T18:11:06.859+0000] {processor.py:157} INFO - Started process (PID=644) to work on /home/airflow/.local/lib/python3.8/site-packages/airflow/example_dags/example_complex.py
[2023-09-28T18:11:06.862+0000] {processor.py:829} INFO - Processing file /home/airflow/.local/lib/python3.8/site-packages/airflow/example_dags/example_complex.py for tasks to queue
[2023-09-28T18:11:06.864+0000] {logging_mixin.py:151} INFO - [2023-09-28T18:11:06.864+0000] {dagbag.py:539} INFO - Filling up the DagBag from /home/airflow/.local/lib/python3.8/site-packages/airflow/example_dags/example_complex.py
[2023-09-28T18:11:06.872+0000] {processor.py:839} INFO - DAG(s) dict_keys(['example_complex']) retrieved from /home/airflow/.local/lib/python3.8/site-packages/airflow/example_dags/example_complex.py
[2023-09-28T18:11:06.895+0000] {logging_mixin.py:151} INFO - [2023-09-28T18:11:06.895+0000] {dag.py:2915} INFO - Sync 1 DAGs
[2023-09-28T18:11:06.904+0000] {logging_mixin.py:151} INFO - [2023-09-28T18:11:06.904+0000] {dag.py:3696} INFO - Setting next_dagrun for example_complex to None, run_after=None
[2023-09-28T18:11:06.917+0000] {processor.py:179} INFO - Processing /home/airflow/.local/lib/python3.8/site-packages/airflow/example_dags/example_complex.py took 0.060 seconds
[2023-09-28T18:13:56.198+0000] {processor.py:157} INFO - Started process (PID=51) to work on /home/airflow/.local/lib/python3.8/site-packages/airflow/example_dags/example_complex.py
[2023-09-28T18:13:56.202+0000] {processor.py:829} INFO - Processing file /home/airflow/.local/lib/python3.8/site-packages/airflow/example_dags/example_complex.py for tasks to queue
[2023-09-28T18:13:56.207+0000] {logging_mixin.py:151} INFO - [2023-09-28T18:13:56.206+0000] {dagbag.py:539} INFO - Filling up the DagBag from /home/airflow/.local/lib/python3.8/site-packages/airflow/example_dags/example_complex.py
[2023-09-28T18:13:56.223+0000] {processor.py:839} INFO - DAG(s) dict_keys(['example_complex']) retrieved from /home/airflow/.local/lib/python3.8/site-packages/airflow/example_dags/example_complex.py
[2023-09-28T18:13:56.321+0000] {logging_mixin.py:151} INFO - [2023-09-28T18:13:56.321+0000] {manager.py:499} INFO - Created Permission View: %s
[2023-09-28T18:13:56.330+0000] {logging_mixin.py:151} INFO - [2023-09-28T18:13:56.330+0000] {manager.py:499} INFO - Created Permission View: %s
[2023-09-28T18:13:56.337+0000] {logging_mixin.py:151} INFO - [2023-09-28T18:13:56.337+0000] {manager.py:499} INFO - Created Permission View: %s
[2023-09-28T18:13:56.339+0000] {logging_mixin.py:151} INFO - [2023-09-28T18:13:56.339+0000] {security.py:708} INFO - Not syncing DAG-level permissions for DAG 'DAG:example_complex' as access control is unset.
[2023-09-28T18:13:56.341+0000] {logging_mixin.py:151} INFO - [2023-09-28T18:13:56.340+0000] {dag.py:2915} INFO - Sync 1 DAGs
[2023-09-28T18:13:56.349+0000] {logging_mixin.py:151} INFO - [2023-09-28T18:13:56.349+0000] {dag.py:2937} INFO - Creating ORM DAG for example_complex
[2023-09-28T18:13:56.355+0000] {logging_mixin.py:151} INFO - [2023-09-28T18:13:56.355+0000] {dag.py:3696} INFO - Setting next_dagrun for example_complex to None, run_after=None
[2023-09-28T18:13:56.374+0000] {processor.py:179} INFO - Processing /home/airflow/.local/lib/python3.8/site-packages/airflow/example_dags/example_complex.py took 0.181 seconds
[2023-09-28T18:14:26.767+0000] {processor.py:157} INFO - Started process (PID=105) to work on /home/airflow/.local/lib/python3.8/site-packages/airflow/example_dags/example_complex.py
[2023-09-28T18:14:26.769+0000] {processor.py:829} INFO - Processing file /home/airflow/.local/lib/python3.8/site-packages/airflow/example_dags/example_complex.py for tasks to queue
[2023-09-28T18:14:26.771+0000] {logging_mixin.py:151} INFO - [2023-09-28T18:14:26.771+0000] {dagbag.py:539} INFO - Filling up the DagBag from /home/airflow/.local/lib/python3.8/site-packages/airflow/example_dags/example_complex.py
[2023-09-28T18:14:26.778+0000] {processor.py:839} INFO - DAG(s) dict_keys(['example_complex']) retrieved from /home/airflow/.local/lib/python3.8/site-packages/airflow/example_dags/example_complex.py
[2023-09-28T18:14:26.800+0000] {logging_mixin.py:151} INFO - [2023-09-28T18:14:26.800+0000] {dag.py:2915} INFO - Sync 1 DAGs
[2023-09-28T18:14:26.810+0000] {logging_mixin.py:151} INFO - [2023-09-28T18:14:26.810+0000] {dag.py:3696} INFO - Setting next_dagrun for example_complex to None, run_after=None
[2023-09-28T18:14:26.823+0000] {processor.py:179} INFO - Processing /home/airflow/.local/lib/python3.8/site-packages/airflow/example_dags/example_complex.py took 0.058 seconds
[2023-09-28T18:14:57.518+0000] {processor.py:157} INFO - Started process (PID=159) to work on /home/airflow/.local/lib/python3.8/site-packages/airflow/example_dags/example_complex.py
[2023-09-28T18:14:57.520+0000] {processor.py:829} INFO - Processing file /home/airflow/.local/lib/python3.8/site-packages/airflow/example_dags/example_complex.py for tasks to queue
[2023-09-28T18:14:57.522+0000] {logging_mixin.py:151} INFO - [2023-09-28T18:14:57.522+0000] {dagbag.py:539} INFO - Filling up the DagBag from /home/airflow/.local/lib/python3.8/site-packages/airflow/example_dags/example_complex.py
[2023-09-28T18:14:57.529+0000] {processor.py:839} INFO - DAG(s) dict_keys(['example_complex']) retrieved from /home/airflow/.local/lib/python3.8/site-packages/airflow/example_dags/example_complex.py
[2023-09-28T18:14:57.549+0000] {logging_mixin.py:151} INFO - [2023-09-28T18:14:57.549+0000] {dag.py:2915} INFO - Sync 1 DAGs
[2023-09-28T18:14:57.562+0000] {logging_mixin.py:151} INFO - [2023-09-28T18:14:57.562+0000] {dag.py:3696} INFO - Setting next_dagrun for example_complex to None, run_after=None
[2023-09-28T18:14:57.578+0000] {processor.py:179} INFO - Processing /home/airflow/.local/lib/python3.8/site-packages/airflow/example_dags/example_complex.py took 0.063 seconds
[2023-09-28T18:15:28.243+0000] {processor.py:157} INFO - Started process (PID=213) to work on /home/airflow/.local/lib/python3.8/site-packages/airflow/example_dags/example_complex.py
[2023-09-28T18:15:28.245+0000] {processor.py:829} INFO - Processing file /home/airflow/.local/lib/python3.8/site-packages/airflow/example_dags/example_complex.py for tasks to queue
[2023-09-28T18:15:28.249+0000] {logging_mixin.py:151} INFO - [2023-09-28T18:15:28.249+0000] {dagbag.py:539} INFO - Filling up the DagBag from /home/airflow/.local/lib/python3.8/site-packages/airflow/example_dags/example_complex.py
[2023-09-28T18:15:28.256+0000] {processor.py:839} INFO - DAG(s) dict_keys(['example_complex']) retrieved from /home/airflow/.local/lib/python3.8/site-packages/airflow/example_dags/example_complex.py
[2023-09-28T18:15:28.278+0000] {logging_mixin.py:151} INFO - [2023-09-28T18:15:28.277+0000] {dag.py:2915} INFO - Sync 1 DAGs
[2023-09-28T18:15:28.287+0000] {logging_mixin.py:151} INFO - [2023-09-28T18:15:28.287+0000] {dag.py:3696} INFO - Setting next_dagrun for example_complex to None, run_after=None
[2023-09-28T18:15:28.299+0000] {processor.py:179} INFO - Processing /home/airflow/.local/lib/python3.8/site-packages/airflow/example_dags/example_complex.py took 0.058 seconds
[2023-09-28T18:15:58.982+0000] {processor.py:157} INFO - Started process (PID=267) to work on /home/airflow/.local/lib/python3.8/site-packages/airflow/example_dags/example_complex.py
[2023-09-28T18:15:58.984+0000] {processor.py:829} INFO - Processing file /home/airflow/.local/lib/python3.8/site-packages/airflow/example_dags/example_complex.py for tasks to queue
[2023-09-28T18:15:58.986+0000] {logging_mixin.py:151} INFO - [2023-09-28T18:15:58.986+0000] {dagbag.py:539} INFO - Filling up the DagBag from /home/airflow/.local/lib/python3.8/site-packages/airflow/example_dags/example_complex.py
[2023-09-28T18:15:58.993+0000] {processor.py:839} INFO - DAG(s) dict_keys(['example_complex']) retrieved from /home/airflow/.local/lib/python3.8/site-packages/airflow/example_dags/example_complex.py
[2023-09-28T18:15:59.015+0000] {logging_mixin.py:151} INFO - [2023-09-28T18:15:59.014+0000] {dag.py:2915} INFO - Sync 1 DAGs
[2023-09-28T18:15:59.028+0000] {logging_mixin.py:151} INFO - [2023-09-28T18:15:59.028+0000] {dag.py:3696} INFO - Setting next_dagrun for example_complex to None, run_after=None
[2023-09-28T18:15:59.042+0000] {processor.py:179} INFO - Processing /home/airflow/.local/lib/python3.8/site-packages/airflow/example_dags/example_complex.py took 0.063 seconds
[2023-09-28T18:16:29.670+0000] {processor.py:157} INFO - Started process (PID=321) to work on /home/airflow/.local/lib/python3.8/site-packages/airflow/example_dags/example_complex.py
[2023-09-28T18:16:29.672+0000] {processor.py:829} INFO - Processing file /home/airflow/.local/lib/python3.8/site-packages/airflow/example_dags/example_complex.py for tasks to queue
[2023-09-28T18:16:29.674+0000] {logging_mixin.py:151} INFO - [2023-09-28T18:16:29.674+0000] {dagbag.py:539} INFO - Filling up the DagBag from /home/airflow/.local/lib/python3.8/site-packages/airflow/example_dags/example_complex.py
[2023-09-28T18:16:29.681+0000] {processor.py:839} INFO - DAG(s) dict_keys(['example_complex']) retrieved from /home/airflow/.local/lib/python3.8/site-packages/airflow/example_dags/example_complex.py
[2023-09-28T18:16:29.704+0000] {logging_mixin.py:151} INFO - [2023-09-28T18:16:29.704+0000] {dag.py:2915} INFO - Sync 1 DAGs
[2023-09-28T18:16:29.718+0000] {logging_mixin.py:151} INFO - [2023-09-28T18:16:29.718+0000] {dag.py:3696} INFO - Setting next_dagrun for example_complex to None, run_after=None
[2023-09-28T18:16:29.736+0000] {processor.py:179} INFO - Processing /home/airflow/.local/lib/python3.8/site-packages/airflow/example_dags/example_complex.py took 0.068 seconds
[2023-09-28T18:17:00.461+0000] {processor.py:157} INFO - Started process (PID=375) to work on /home/airflow/.local/lib/python3.8/site-packages/airflow/example_dags/example_complex.py
[2023-09-28T18:17:00.463+0000] {processor.py:829} INFO - Processing file /home/airflow/.local/lib/python3.8/site-packages/airflow/example_dags/example_complex.py for tasks to queue
[2023-09-28T18:17:00.466+0000] {logging_mixin.py:151} INFO - [2023-09-28T18:17:00.465+0000] {dagbag.py:539} INFO - Filling up the DagBag from /home/airflow/.local/lib/python3.8/site-packages/airflow/example_dags/example_complex.py
[2023-09-28T18:17:00.473+0000] {processor.py:839} INFO - DAG(s) dict_keys(['example_complex']) retrieved from /home/airflow/.local/lib/python3.8/site-packages/airflow/example_dags/example_complex.py
[2023-09-28T18:17:00.497+0000] {logging_mixin.py:151} INFO - [2023-09-28T18:17:00.497+0000] {dag.py:2915} INFO - Sync 1 DAGs
[2023-09-28T18:17:00.508+0000] {logging_mixin.py:151} INFO - [2023-09-28T18:17:00.508+0000] {dag.py:3696} INFO - Setting next_dagrun for example_complex to None, run_after=None
[2023-09-28T18:17:00.528+0000] {processor.py:179} INFO - Processing /home/airflow/.local/lib/python3.8/site-packages/airflow/example_dags/example_complex.py took 0.069 seconds
[2023-09-28T18:17:31.040+0000] {processor.py:157} INFO - Started process (PID=428) to work on /home/airflow/.local/lib/python3.8/site-packages/airflow/example_dags/example_complex.py
[2023-09-28T18:17:31.041+0000] {processor.py:829} INFO - Processing file /home/airflow/.local/lib/python3.8/site-packages/airflow/example_dags/example_complex.py for tasks to queue
[2023-09-28T18:17:31.044+0000] {logging_mixin.py:151} INFO - [2023-09-28T18:17:31.044+0000] {dagbag.py:539} INFO - Filling up the DagBag from /home/airflow/.local/lib/python3.8/site-packages/airflow/example_dags/example_complex.py
[2023-09-28T18:17:31.050+0000] {processor.py:839} INFO - DAG(s) dict_keys(['example_complex']) retrieved from /home/airflow/.local/lib/python3.8/site-packages/airflow/example_dags/example_complex.py
[2023-09-28T18:17:31.069+0000] {logging_mixin.py:151} INFO - [2023-09-28T18:17:31.069+0000] {dag.py:2915} INFO - Sync 1 DAGs
[2023-09-28T18:17:31.078+0000] {logging_mixin.py:151} INFO - [2023-09-28T18:17:31.078+0000] {dag.py:3696} INFO - Setting next_dagrun for example_complex to None, run_after=None
[2023-09-28T18:17:31.088+0000] {processor.py:179} INFO - Processing /home/airflow/.local/lib/python3.8/site-packages/airflow/example_dags/example_complex.py took 0.051 seconds
[2023-09-28T18:18:01.794+0000] {processor.py:157} INFO - Started process (PID=483) to work on /home/airflow/.local/lib/python3.8/site-packages/airflow/example_dags/example_complex.py
[2023-09-28T18:18:01.796+0000] {processor.py:829} INFO - Processing file /home/airflow/.local/lib/python3.8/site-packages/airflow/example_dags/example_complex.py for tasks to queue
[2023-09-28T18:18:01.799+0000] {logging_mixin.py:151} INFO - [2023-09-28T18:18:01.798+0000] {dagbag.py:539} INFO - Filling up the DagBag from /home/airflow/.local/lib/python3.8/site-packages/airflow/example_dags/example_complex.py
[2023-09-28T18:18:01.806+0000] {processor.py:839} INFO - DAG(s) dict_keys(['example_complex']) retrieved from /home/airflow/.local/lib/python3.8/site-packages/airflow/example_dags/example_complex.py
[2023-09-28T18:18:01.829+0000] {logging_mixin.py:151} INFO - [2023-09-28T18:18:01.829+0000] {dag.py:2915} INFO - Sync 1 DAGs
[2023-09-28T18:18:01.840+0000] {logging_mixin.py:151} INFO - [2023-09-28T18:18:01.839+0000] {dag.py:3696} INFO - Setting next_dagrun for example_complex to None, run_after=None
[2023-09-28T18:18:01.853+0000] {processor.py:179} INFO - Processing /home/airflow/.local/lib/python3.8/site-packages/airflow/example_dags/example_complex.py took 0.063 seconds
[2023-09-28T18:18:32.517+0000] {processor.py:157} INFO - Started process (PID=537) to work on /home/airflow/.local/lib/python3.8/site-packages/airflow/example_dags/example_complex.py
[2023-09-28T18:18:32.519+0000] {processor.py:829} INFO - Processing file /home/airflow/.local/lib/python3.8/site-packages/airflow/example_dags/example_complex.py for tasks to queue
[2023-09-28T18:18:32.522+0000] {logging_mixin.py:151} INFO - [2023-09-28T18:18:32.521+0000] {dagbag.py:539} INFO - Filling up the DagBag from /home/airflow/.local/lib/python3.8/site-packages/airflow/example_dags/example_complex.py
[2023-09-28T18:18:32.528+0000] {processor.py:839} INFO - DAG(s) dict_keys(['example_complex']) retrieved from /home/airflow/.local/lib/python3.8/site-packages/airflow/example_dags/example_complex.py
[2023-09-28T18:18:32.550+0000] {logging_mixin.py:151} INFO - [2023-09-28T18:18:32.550+0000] {dag.py:2915} INFO - Sync 1 DAGs
[2023-09-28T18:18:32.559+0000] {logging_mixin.py:151} INFO - [2023-09-28T18:18:32.559+0000] {dag.py:3696} INFO - Setting next_dagrun for example_complex to None, run_after=None
[2023-09-28T18:18:32.574+0000] {processor.py:179} INFO - Processing /home/airflow/.local/lib/python3.8/site-packages/airflow/example_dags/example_complex.py took 0.059 seconds
[2023-09-28T18:19:03.414+0000] {processor.py:157} INFO - Started process (PID=592) to work on /home/airflow/.local/lib/python3.8/site-packages/airflow/example_dags/example_complex.py
[2023-09-28T18:19:03.420+0000] {processor.py:829} INFO - Processing file /home/airflow/.local/lib/python3.8/site-packages/airflow/example_dags/example_complex.py for tasks to queue
[2023-09-28T18:19:03.424+0000] {logging_mixin.py:151} INFO - [2023-09-28T18:19:03.423+0000] {dagbag.py:539} INFO - Filling up the DagBag from /home/airflow/.local/lib/python3.8/site-packages/airflow/example_dags/example_complex.py
[2023-09-28T18:19:03.434+0000] {processor.py:839} INFO - DAG(s) dict_keys(['example_complex']) retrieved from /home/airflow/.local/lib/python3.8/site-packages/airflow/example_dags/example_complex.py
[2023-09-28T18:19:03.456+0000] {logging_mixin.py:151} INFO - [2023-09-28T18:19:03.456+0000] {dag.py:2915} INFO - Sync 1 DAGs
[2023-09-28T18:19:03.465+0000] {logging_mixin.py:151} INFO - [2023-09-28T18:19:03.465+0000] {dag.py:3696} INFO - Setting next_dagrun for example_complex to None, run_after=None
[2023-09-28T18:19:03.480+0000] {processor.py:179} INFO - Processing /home/airflow/.local/lib/python3.8/site-packages/airflow/example_dags/example_complex.py took 0.069 seconds
[2023-09-28T18:19:34.166+0000] {processor.py:157} INFO - Started process (PID=646) to work on /home/airflow/.local/lib/python3.8/site-packages/airflow/example_dags/example_complex.py
[2023-09-28T18:19:34.169+0000] {processor.py:829} INFO - Processing file /home/airflow/.local/lib/python3.8/site-packages/airflow/example_dags/example_complex.py for tasks to queue
[2023-09-28T18:19:34.171+0000] {logging_mixin.py:151} INFO - [2023-09-28T18:19:34.171+0000] {dagbag.py:539} INFO - Filling up the DagBag from /home/airflow/.local/lib/python3.8/site-packages/airflow/example_dags/example_complex.py
[2023-09-28T18:19:34.178+0000] {processor.py:839} INFO - DAG(s) dict_keys(['example_complex']) retrieved from /home/airflow/.local/lib/python3.8/site-packages/airflow/example_dags/example_complex.py
[2023-09-28T18:19:34.200+0000] {logging_mixin.py:151} INFO - [2023-09-28T18:19:34.200+0000] {dag.py:2915} INFO - Sync 1 DAGs
[2023-09-28T18:19:34.209+0000] {logging_mixin.py:151} INFO - [2023-09-28T18:19:34.209+0000] {dag.py:3696} INFO - Setting next_dagrun for example_complex to None, run_after=None
[2023-09-28T18:19:34.225+0000] {processor.py:179} INFO - Processing /home/airflow/.local/lib/python3.8/site-packages/airflow/example_dags/example_complex.py took 0.061 seconds
[2023-09-28T18:20:04.872+0000] {processor.py:157} INFO - Started process (PID=700) to work on /home/airflow/.local/lib/python3.8/site-packages/airflow/example_dags/example_complex.py
[2023-09-28T18:20:04.874+0000] {processor.py:829} INFO - Processing file /home/airflow/.local/lib/python3.8/site-packages/airflow/example_dags/example_complex.py for tasks to queue
[2023-09-28T18:20:04.876+0000] {logging_mixin.py:151} INFO - [2023-09-28T18:20:04.876+0000] {dagbag.py:539} INFO - Filling up the DagBag from /home/airflow/.local/lib/python3.8/site-packages/airflow/example_dags/example_complex.py
[2023-09-28T18:20:04.883+0000] {processor.py:839} INFO - DAG(s) dict_keys(['example_complex']) retrieved from /home/airflow/.local/lib/python3.8/site-packages/airflow/example_dags/example_complex.py
[2023-09-28T18:20:04.906+0000] {logging_mixin.py:151} INFO - [2023-09-28T18:20:04.906+0000] {dag.py:2915} INFO - Sync 1 DAGs
[2023-09-28T18:20:04.914+0000] {logging_mixin.py:151} INFO - [2023-09-28T18:20:04.914+0000] {dag.py:3696} INFO - Setting next_dagrun for example_complex to None, run_after=None
[2023-09-28T18:20:04.927+0000] {processor.py:179} INFO - Processing /home/airflow/.local/lib/python3.8/site-packages/airflow/example_dags/example_complex.py took 0.057 seconds
[2023-09-28T18:20:35.522+0000] {processor.py:157} INFO - Started process (PID=753) to work on /home/airflow/.local/lib/python3.8/site-packages/airflow/example_dags/example_complex.py
[2023-09-28T18:20:35.526+0000] {processor.py:829} INFO - Processing file /home/airflow/.local/lib/python3.8/site-packages/airflow/example_dags/example_complex.py for tasks to queue
[2023-09-28T18:20:35.529+0000] {logging_mixin.py:151} INFO - [2023-09-28T18:20:35.528+0000] {dagbag.py:539} INFO - Filling up the DagBag from /home/airflow/.local/lib/python3.8/site-packages/airflow/example_dags/example_complex.py
[2023-09-28T18:20:35.535+0000] {processor.py:839} INFO - DAG(s) dict_keys(['example_complex']) retrieved from /home/airflow/.local/lib/python3.8/site-packages/airflow/example_dags/example_complex.py
[2023-09-28T18:20:35.557+0000] {logging_mixin.py:151} INFO - [2023-09-28T18:20:35.557+0000] {dag.py:2915} INFO - Sync 1 DAGs
[2023-09-28T18:20:35.566+0000] {logging_mixin.py:151} INFO - [2023-09-28T18:20:35.565+0000] {dag.py:3696} INFO - Setting next_dagrun for example_complex to None, run_after=None
[2023-09-28T18:20:35.577+0000] {processor.py:179} INFO - Processing /home/airflow/.local/lib/python3.8/site-packages/airflow/example_dags/example_complex.py took 0.057 seconds
[2023-09-28T18:21:06.172+0000] {processor.py:157} INFO - Started process (PID=807) to work on /home/airflow/.local/lib/python3.8/site-packages/airflow/example_dags/example_complex.py
[2023-09-28T18:21:06.174+0000] {processor.py:829} INFO - Processing file /home/airflow/.local/lib/python3.8/site-packages/airflow/example_dags/example_complex.py for tasks to queue
[2023-09-28T18:21:06.178+0000] {logging_mixin.py:151} INFO - [2023-09-28T18:21:06.177+0000] {dagbag.py:539} INFO - Filling up the DagBag from /home/airflow/.local/lib/python3.8/site-packages/airflow/example_dags/example_complex.py
[2023-09-28T18:21:06.185+0000] {processor.py:839} INFO - DAG(s) dict_keys(['example_complex']) retrieved from /home/airflow/.local/lib/python3.8/site-packages/airflow/example_dags/example_complex.py
[2023-09-28T18:21:06.210+0000] {logging_mixin.py:151} INFO - [2023-09-28T18:21:06.209+0000] {dag.py:2915} INFO - Sync 1 DAGs
[2023-09-28T18:21:06.219+0000] {logging_mixin.py:151} INFO - [2023-09-28T18:21:06.218+0000] {dag.py:3696} INFO - Setting next_dagrun for example_complex to None, run_after=None
[2023-09-28T18:21:06.233+0000] {processor.py:179} INFO - Processing /home/airflow/.local/lib/python3.8/site-packages/airflow/example_dags/example_complex.py took 0.064 seconds
[2023-09-28T18:21:37.246+0000] {processor.py:157} INFO - Started process (PID=861) to work on /home/airflow/.local/lib/python3.8/site-packages/airflow/example_dags/example_complex.py
[2023-09-28T18:21:37.252+0000] {processor.py:829} INFO - Processing file /home/airflow/.local/lib/python3.8/site-packages/airflow/example_dags/example_complex.py for tasks to queue
[2023-09-28T18:21:37.254+0000] {logging_mixin.py:151} INFO - [2023-09-28T18:21:37.254+0000] {dagbag.py:539} INFO - Filling up the DagBag from /home/airflow/.local/lib/python3.8/site-packages/airflow/example_dags/example_complex.py
[2023-09-28T18:21:37.263+0000] {processor.py:839} INFO - DAG(s) dict_keys(['example_complex']) retrieved from /home/airflow/.local/lib/python3.8/site-packages/airflow/example_dags/example_complex.py
[2023-09-28T18:21:37.287+0000] {logging_mixin.py:151} INFO - [2023-09-28T18:21:37.287+0000] {dag.py:2915} INFO - Sync 1 DAGs
[2023-09-28T18:21:37.298+0000] {logging_mixin.py:151} INFO - [2023-09-28T18:21:37.298+0000] {dag.py:3696} INFO - Setting next_dagrun for example_complex to None, run_after=None
[2023-09-28T18:21:37.309+0000] {processor.py:179} INFO - Processing /home/airflow/.local/lib/python3.8/site-packages/airflow/example_dags/example_complex.py took 0.065 seconds
[2023-09-28T18:22:07.909+0000] {processor.py:157} INFO - Started process (PID=915) to work on /home/airflow/.local/lib/python3.8/site-packages/airflow/example_dags/example_complex.py
[2023-09-28T18:22:07.912+0000] {processor.py:829} INFO - Processing file /home/airflow/.local/lib/python3.8/site-packages/airflow/example_dags/example_complex.py for tasks to queue
[2023-09-28T18:22:07.917+0000] {logging_mixin.py:151} INFO - [2023-09-28T18:22:07.916+0000] {dagbag.py:539} INFO - Filling up the DagBag from /home/airflow/.local/lib/python3.8/site-packages/airflow/example_dags/example_complex.py
[2023-09-28T18:22:07.930+0000] {processor.py:839} INFO - DAG(s) dict_keys(['example_complex']) retrieved from /home/airflow/.local/lib/python3.8/site-packages/airflow/example_dags/example_complex.py
[2023-09-28T18:22:07.952+0000] {logging_mixin.py:151} INFO - [2023-09-28T18:22:07.952+0000] {dag.py:2915} INFO - Sync 1 DAGs
[2023-09-28T18:22:07.962+0000] {logging_mixin.py:151} INFO - [2023-09-28T18:22:07.962+0000] {dag.py:3696} INFO - Setting next_dagrun for example_complex to None, run_after=None
[2023-09-28T18:22:07.977+0000] {processor.py:179} INFO - Processing /home/airflow/.local/lib/python3.8/site-packages/airflow/example_dags/example_complex.py took 0.070 seconds
[2023-09-28T18:22:38.756+0000] {processor.py:157} INFO - Started process (PID=968) to work on /home/airflow/.local/lib/python3.8/site-packages/airflow/example_dags/example_complex.py
[2023-09-28T18:22:38.763+0000] {processor.py:829} INFO - Processing file /home/airflow/.local/lib/python3.8/site-packages/airflow/example_dags/example_complex.py for tasks to queue
[2023-09-28T18:22:38.765+0000] {logging_mixin.py:151} INFO - [2023-09-28T18:22:38.764+0000] {dagbag.py:539} INFO - Filling up the DagBag from /home/airflow/.local/lib/python3.8/site-packages/airflow/example_dags/example_complex.py
[2023-09-28T18:22:38.772+0000] {processor.py:839} INFO - DAG(s) dict_keys(['example_complex']) retrieved from /home/airflow/.local/lib/python3.8/site-packages/airflow/example_dags/example_complex.py
[2023-09-28T18:22:38.794+0000] {logging_mixin.py:151} INFO - [2023-09-28T18:22:38.794+0000] {dag.py:2915} INFO - Sync 1 DAGs
[2023-09-28T18:22:38.803+0000] {logging_mixin.py:151} INFO - [2023-09-28T18:22:38.803+0000] {dag.py:3696} INFO - Setting next_dagrun for example_complex to None, run_after=None
[2023-09-28T18:22:38.819+0000] {processor.py:179} INFO - Processing /home/airflow/.local/lib/python3.8/site-packages/airflow/example_dags/example_complex.py took 0.065 seconds
[2023-09-28T18:23:09.714+0000] {processor.py:157} INFO - Started process (PID=1021) to work on /home/airflow/.local/lib/python3.8/site-packages/airflow/example_dags/example_complex.py
[2023-09-28T18:23:09.716+0000] {processor.py:829} INFO - Processing file /home/airflow/.local/lib/python3.8/site-packages/airflow/example_dags/example_complex.py for tasks to queue
[2023-09-28T18:23:09.721+0000] {logging_mixin.py:151} INFO - [2023-09-28T18:23:09.720+0000] {dagbag.py:539} INFO - Filling up the DagBag from /home/airflow/.local/lib/python3.8/site-packages/airflow/example_dags/example_complex.py
[2023-09-28T18:23:09.728+0000] {processor.py:839} INFO - DAG(s) dict_keys(['example_complex']) retrieved from /home/airflow/.local/lib/python3.8/site-packages/airflow/example_dags/example_complex.py
[2023-09-28T18:23:09.751+0000] {logging_mixin.py:151} INFO - [2023-09-28T18:23:09.751+0000] {dag.py:2915} INFO - Sync 1 DAGs
[2023-09-28T18:23:09.761+0000] {logging_mixin.py:151} INFO - [2023-09-28T18:23:09.761+0000] {dag.py:3696} INFO - Setting next_dagrun for example_complex to None, run_after=None
[2023-09-28T18:23:09.778+0000] {processor.py:179} INFO - Processing /home/airflow/.local/lib/python3.8/site-packages/airflow/example_dags/example_complex.py took 0.066 seconds
[2023-09-28T18:23:40.727+0000] {processor.py:157} INFO - Started process (PID=1075) to work on /home/airflow/.local/lib/python3.8/site-packages/airflow/example_dags/example_complex.py
[2023-09-28T18:23:40.729+0000] {processor.py:829} INFO - Processing file /home/airflow/.local/lib/python3.8/site-packages/airflow/example_dags/example_complex.py for tasks to queue
[2023-09-28T18:23:40.732+0000] {logging_mixin.py:151} INFO - [2023-09-28T18:23:40.732+0000] {dagbag.py:539} INFO - Filling up the DagBag from /home/airflow/.local/lib/python3.8/site-packages/airflow/example_dags/example_complex.py
[2023-09-28T18:23:40.741+0000] {processor.py:839} INFO - DAG(s) dict_keys(['example_complex']) retrieved from /home/airflow/.local/lib/python3.8/site-packages/airflow/example_dags/example_complex.py
[2023-09-28T18:23:40.765+0000] {logging_mixin.py:151} INFO - [2023-09-28T18:23:40.765+0000] {dag.py:2915} INFO - Sync 1 DAGs
[2023-09-28T18:23:40.775+0000] {logging_mixin.py:151} INFO - [2023-09-28T18:23:40.775+0000] {dag.py:3696} INFO - Setting next_dagrun for example_complex to None, run_after=None
[2023-09-28T18:23:40.790+0000] {processor.py:179} INFO - Processing /home/airflow/.local/lib/python3.8/site-packages/airflow/example_dags/example_complex.py took 0.066 seconds
[2023-09-28T18:34:43.554+0000] {processor.py:157} INFO - Started process (PID=52) to work on /home/airflow/.local/lib/python3.8/site-packages/airflow/example_dags/example_complex.py
[2023-09-28T18:34:43.557+0000] {processor.py:829} INFO - Processing file /home/airflow/.local/lib/python3.8/site-packages/airflow/example_dags/example_complex.py for tasks to queue
[2023-09-28T18:34:43.562+0000] {logging_mixin.py:151} INFO - [2023-09-28T18:34:43.562+0000] {dagbag.py:539} INFO - Filling up the DagBag from /home/airflow/.local/lib/python3.8/site-packages/airflow/example_dags/example_complex.py
[2023-09-28T18:34:43.581+0000] {processor.py:839} INFO - DAG(s) dict_keys(['example_complex']) retrieved from /home/airflow/.local/lib/python3.8/site-packages/airflow/example_dags/example_complex.py
[2023-09-28T18:34:43.612+0000] {logging_mixin.py:151} INFO - [2023-09-28T18:34:43.612+0000] {dag.py:2915} INFO - Sync 1 DAGs
[2023-09-28T18:34:43.636+0000] {logging_mixin.py:151} INFO - [2023-09-28T18:34:43.636+0000] {dag.py:3696} INFO - Setting next_dagrun for example_complex to None, run_after=None
[2023-09-28T18:34:43.671+0000] {processor.py:179} INFO - Processing /home/airflow/.local/lib/python3.8/site-packages/airflow/example_dags/example_complex.py took 0.120 seconds
[2023-09-28T18:35:13.795+0000] {processor.py:157} INFO - Started process (PID=106) to work on /home/airflow/.local/lib/python3.8/site-packages/airflow/example_dags/example_complex.py
[2023-09-28T18:35:13.797+0000] {processor.py:829} INFO - Processing file /home/airflow/.local/lib/python3.8/site-packages/airflow/example_dags/example_complex.py for tasks to queue
[2023-09-28T18:35:13.801+0000] {logging_mixin.py:151} INFO - [2023-09-28T18:35:13.801+0000] {dagbag.py:539} INFO - Filling up the DagBag from /home/airflow/.local/lib/python3.8/site-packages/airflow/example_dags/example_complex.py
[2023-09-28T18:35:13.811+0000] {processor.py:839} INFO - DAG(s) dict_keys(['example_complex']) retrieved from /home/airflow/.local/lib/python3.8/site-packages/airflow/example_dags/example_complex.py
[2023-09-28T18:35:13.835+0000] {logging_mixin.py:151} INFO - [2023-09-28T18:35:13.835+0000] {dag.py:2915} INFO - Sync 1 DAGs
[2023-09-28T18:35:13.844+0000] {logging_mixin.py:151} INFO - [2023-09-28T18:35:13.844+0000] {dag.py:3696} INFO - Setting next_dagrun for example_complex to None, run_after=None
[2023-09-28T18:35:13.855+0000] {processor.py:179} INFO - Processing /home/airflow/.local/lib/python3.8/site-packages/airflow/example_dags/example_complex.py took 0.062 seconds
[2023-09-28T18:35:44.164+0000] {processor.py:157} INFO - Started process (PID=160) to work on /home/airflow/.local/lib/python3.8/site-packages/airflow/example_dags/example_complex.py
[2023-09-28T18:35:44.166+0000] {processor.py:829} INFO - Processing file /home/airflow/.local/lib/python3.8/site-packages/airflow/example_dags/example_complex.py for tasks to queue
[2023-09-28T18:35:44.169+0000] {logging_mixin.py:151} INFO - [2023-09-28T18:35:44.169+0000] {dagbag.py:539} INFO - Filling up the DagBag from /home/airflow/.local/lib/python3.8/site-packages/airflow/example_dags/example_complex.py
[2023-09-28T18:35:44.177+0000] {processor.py:839} INFO - DAG(s) dict_keys(['example_complex']) retrieved from /home/airflow/.local/lib/python3.8/site-packages/airflow/example_dags/example_complex.py
[2023-09-28T18:35:44.200+0000] {logging_mixin.py:151} INFO - [2023-09-28T18:35:44.200+0000] {dag.py:2915} INFO - Sync 1 DAGs
[2023-09-28T18:35:44.210+0000] {logging_mixin.py:151} INFO - [2023-09-28T18:35:44.209+0000] {dag.py:3696} INFO - Setting next_dagrun for example_complex to None, run_after=None
[2023-09-28T18:35:44.226+0000] {processor.py:179} INFO - Processing /home/airflow/.local/lib/python3.8/site-packages/airflow/example_dags/example_complex.py took 0.065 seconds
[2023-09-28T18:36:15.180+0000] {processor.py:157} INFO - Started process (PID=214) to work on /home/airflow/.local/lib/python3.8/site-packages/airflow/example_dags/example_complex.py
[2023-09-28T18:36:15.182+0000] {processor.py:829} INFO - Processing file /home/airflow/.local/lib/python3.8/site-packages/airflow/example_dags/example_complex.py for tasks to queue
[2023-09-28T18:36:15.185+0000] {logging_mixin.py:151} INFO - [2023-09-28T18:36:15.185+0000] {dagbag.py:539} INFO - Filling up the DagBag from /home/airflow/.local/lib/python3.8/site-packages/airflow/example_dags/example_complex.py
[2023-09-28T18:36:15.192+0000] {processor.py:839} INFO - DAG(s) dict_keys(['example_complex']) retrieved from /home/airflow/.local/lib/python3.8/site-packages/airflow/example_dags/example_complex.py
[2023-09-28T18:36:15.215+0000] {logging_mixin.py:151} INFO - [2023-09-28T18:36:15.215+0000] {dag.py:2915} INFO - Sync 1 DAGs
[2023-09-28T18:36:15.225+0000] {logging_mixin.py:151} INFO - [2023-09-28T18:36:15.225+0000] {dag.py:3696} INFO - Setting next_dagrun for example_complex to None, run_after=None
[2023-09-28T18:36:15.236+0000] {processor.py:179} INFO - Processing /home/airflow/.local/lib/python3.8/site-packages/airflow/example_dags/example_complex.py took 0.059 seconds
