[2023-09-28T18:05:28.200+0000] {processor.py:157} INFO - Started process (PID=49) to work on /home/airflow/.local/lib/python3.8/site-packages/airflow/example_dags/example_params_trigger_ui.py
[2023-09-28T18:05:28.201+0000] {processor.py:829} INFO - Processing file /home/airflow/.local/lib/python3.8/site-packages/airflow/example_dags/example_params_trigger_ui.py for tasks to queue
[2023-09-28T18:05:28.204+0000] {logging_mixin.py:151} INFO - [2023-09-28T18:05:28.204+0000] {dagbag.py:539} INFO - Filling up the DagBag from /home/airflow/.local/lib/python3.8/site-packages/airflow/example_dags/example_params_trigger_ui.py
[2023-09-28T18:05:28.228+0000] {processor.py:839} INFO - DAG(s) dict_keys(['example_params_trigger_ui']) retrieved from /home/airflow/.local/lib/python3.8/site-packages/airflow/example_dags/example_params_trigger_ui.py
[2023-09-28T18:05:28.255+0000] {logging_mixin.py:151} INFO - [2023-09-28T18:05:28.255+0000] {dag.py:2915} INFO - Sync 1 DAGs
[2023-09-28T18:05:28.266+0000] {logging_mixin.py:151} INFO - [2023-09-28T18:05:28.266+0000] {dag.py:3696} INFO - Setting next_dagrun for example_params_trigger_ui to None, run_after=None
[2023-09-28T18:05:28.281+0000] {processor.py:179} INFO - Processing /home/airflow/.local/lib/python3.8/site-packages/airflow/example_dags/example_params_trigger_ui.py took 0.084 seconds
[2023-09-28T18:05:59.239+0000] {processor.py:157} INFO - Started process (PID=102) to work on /home/airflow/.local/lib/python3.8/site-packages/airflow/example_dags/example_params_trigger_ui.py
[2023-09-28T18:05:59.241+0000] {processor.py:829} INFO - Processing file /home/airflow/.local/lib/python3.8/site-packages/airflow/example_dags/example_params_trigger_ui.py for tasks to queue
[2023-09-28T18:05:59.244+0000] {logging_mixin.py:151} INFO - [2023-09-28T18:05:59.243+0000] {dagbag.py:539} INFO - Filling up the DagBag from /home/airflow/.local/lib/python3.8/site-packages/airflow/example_dags/example_params_trigger_ui.py
[2023-09-28T18:05:59.254+0000] {processor.py:839} INFO - DAG(s) dict_keys(['example_params_trigger_ui']) retrieved from /home/airflow/.local/lib/python3.8/site-packages/airflow/example_dags/example_params_trigger_ui.py
[2023-09-28T18:05:59.285+0000] {logging_mixin.py:151} INFO - [2023-09-28T18:05:59.285+0000] {dag.py:2915} INFO - Sync 1 DAGs
[2023-09-28T18:05:59.294+0000] {logging_mixin.py:151} INFO - [2023-09-28T18:05:59.294+0000] {dag.py:3696} INFO - Setting next_dagrun for example_params_trigger_ui to None, run_after=None
[2023-09-28T18:05:59.306+0000] {processor.py:179} INFO - Processing /home/airflow/.local/lib/python3.8/site-packages/airflow/example_dags/example_params_trigger_ui.py took 0.070 seconds
[2023-09-28T18:06:30.334+0000] {processor.py:157} INFO - Started process (PID=156) to work on /home/airflow/.local/lib/python3.8/site-packages/airflow/example_dags/example_params_trigger_ui.py
[2023-09-28T18:06:30.338+0000] {processor.py:829} INFO - Processing file /home/airflow/.local/lib/python3.8/site-packages/airflow/example_dags/example_params_trigger_ui.py for tasks to queue
[2023-09-28T18:06:30.341+0000] {logging_mixin.py:151} INFO - [2023-09-28T18:06:30.340+0000] {dagbag.py:539} INFO - Filling up the DagBag from /home/airflow/.local/lib/python3.8/site-packages/airflow/example_dags/example_params_trigger_ui.py
[2023-09-28T18:06:30.352+0000] {processor.py:839} INFO - DAG(s) dict_keys(['example_params_trigger_ui']) retrieved from /home/airflow/.local/lib/python3.8/site-packages/airflow/example_dags/example_params_trigger_ui.py
[2023-09-28T18:06:30.382+0000] {logging_mixin.py:151} INFO - [2023-09-28T18:06:30.382+0000] {dag.py:2915} INFO - Sync 1 DAGs
[2023-09-28T18:06:30.390+0000] {logging_mixin.py:151} INFO - [2023-09-28T18:06:30.390+0000] {dag.py:3696} INFO - Setting next_dagrun for example_params_trigger_ui to None, run_after=None
[2023-09-28T18:06:30.402+0000] {processor.py:179} INFO - Processing /home/airflow/.local/lib/python3.8/site-packages/airflow/example_dags/example_params_trigger_ui.py took 0.071 seconds
[2023-09-28T18:07:00.469+0000] {processor.py:157} INFO - Started process (PID=210) to work on /home/airflow/.local/lib/python3.8/site-packages/airflow/example_dags/example_params_trigger_ui.py
[2023-09-28T18:07:00.476+0000] {processor.py:829} INFO - Processing file /home/airflow/.local/lib/python3.8/site-packages/airflow/example_dags/example_params_trigger_ui.py for tasks to queue
[2023-09-28T18:07:00.479+0000] {logging_mixin.py:151} INFO - [2023-09-28T18:07:00.478+0000] {dagbag.py:539} INFO - Filling up the DagBag from /home/airflow/.local/lib/python3.8/site-packages/airflow/example_dags/example_params_trigger_ui.py
[2023-09-28T18:07:00.490+0000] {processor.py:839} INFO - DAG(s) dict_keys(['example_params_trigger_ui']) retrieved from /home/airflow/.local/lib/python3.8/site-packages/airflow/example_dags/example_params_trigger_ui.py
[2023-09-28T18:07:00.522+0000] {logging_mixin.py:151} INFO - [2023-09-28T18:07:00.521+0000] {dag.py:2915} INFO - Sync 1 DAGs
[2023-09-28T18:07:00.531+0000] {logging_mixin.py:151} INFO - [2023-09-28T18:07:00.531+0000] {dag.py:3696} INFO - Setting next_dagrun for example_params_trigger_ui to None, run_after=None
[2023-09-28T18:07:00.544+0000] {processor.py:179} INFO - Processing /home/airflow/.local/lib/python3.8/site-packages/airflow/example_dags/example_params_trigger_ui.py took 0.078 seconds
[2023-09-28T18:07:31.212+0000] {processor.py:157} INFO - Started process (PID=264) to work on /home/airflow/.local/lib/python3.8/site-packages/airflow/example_dags/example_params_trigger_ui.py
[2023-09-28T18:07:31.214+0000] {processor.py:829} INFO - Processing file /home/airflow/.local/lib/python3.8/site-packages/airflow/example_dags/example_params_trigger_ui.py for tasks to queue
[2023-09-28T18:07:31.217+0000] {logging_mixin.py:151} INFO - [2023-09-28T18:07:31.217+0000] {dagbag.py:539} INFO - Filling up the DagBag from /home/airflow/.local/lib/python3.8/site-packages/airflow/example_dags/example_params_trigger_ui.py
[2023-09-28T18:07:31.233+0000] {processor.py:839} INFO - DAG(s) dict_keys(['example_params_trigger_ui']) retrieved from /home/airflow/.local/lib/python3.8/site-packages/airflow/example_dags/example_params_trigger_ui.py
[2023-09-28T18:07:31.270+0000] {logging_mixin.py:151} INFO - [2023-09-28T18:07:31.270+0000] {dag.py:2915} INFO - Sync 1 DAGs
[2023-09-28T18:07:31.280+0000] {logging_mixin.py:151} INFO - [2023-09-28T18:07:31.280+0000] {dag.py:3696} INFO - Setting next_dagrun for example_params_trigger_ui to None, run_after=None
[2023-09-28T18:07:31.295+0000] {processor.py:179} INFO - Processing /home/airflow/.local/lib/python3.8/site-packages/airflow/example_dags/example_params_trigger_ui.py took 0.086 seconds
[2023-09-28T18:08:02.140+0000] {processor.py:157} INFO - Started process (PID=318) to work on /home/airflow/.local/lib/python3.8/site-packages/airflow/example_dags/example_params_trigger_ui.py
[2023-09-28T18:08:02.142+0000] {processor.py:829} INFO - Processing file /home/airflow/.local/lib/python3.8/site-packages/airflow/example_dags/example_params_trigger_ui.py for tasks to queue
[2023-09-28T18:08:02.144+0000] {logging_mixin.py:151} INFO - [2023-09-28T18:08:02.144+0000] {dagbag.py:539} INFO - Filling up the DagBag from /home/airflow/.local/lib/python3.8/site-packages/airflow/example_dags/example_params_trigger_ui.py
[2023-09-28T18:08:02.156+0000] {processor.py:839} INFO - DAG(s) dict_keys(['example_params_trigger_ui']) retrieved from /home/airflow/.local/lib/python3.8/site-packages/airflow/example_dags/example_params_trigger_ui.py
[2023-09-28T18:08:02.186+0000] {logging_mixin.py:151} INFO - [2023-09-28T18:08:02.186+0000] {dag.py:2915} INFO - Sync 1 DAGs
[2023-09-28T18:08:02.194+0000] {logging_mixin.py:151} INFO - [2023-09-28T18:08:02.194+0000] {dag.py:3696} INFO - Setting next_dagrun for example_params_trigger_ui to None, run_after=None
[2023-09-28T18:08:02.207+0000] {processor.py:179} INFO - Processing /home/airflow/.local/lib/python3.8/site-packages/airflow/example_dags/example_params_trigger_ui.py took 0.071 seconds
[2023-09-28T18:08:32.324+0000] {processor.py:157} INFO - Started process (PID=372) to work on /home/airflow/.local/lib/python3.8/site-packages/airflow/example_dags/example_params_trigger_ui.py
[2023-09-28T18:08:32.330+0000] {processor.py:829} INFO - Processing file /home/airflow/.local/lib/python3.8/site-packages/airflow/example_dags/example_params_trigger_ui.py for tasks to queue
[2023-09-28T18:08:32.332+0000] {logging_mixin.py:151} INFO - [2023-09-28T18:08:32.332+0000] {dagbag.py:539} INFO - Filling up the DagBag from /home/airflow/.local/lib/python3.8/site-packages/airflow/example_dags/example_params_trigger_ui.py
[2023-09-28T18:08:32.343+0000] {processor.py:839} INFO - DAG(s) dict_keys(['example_params_trigger_ui']) retrieved from /home/airflow/.local/lib/python3.8/site-packages/airflow/example_dags/example_params_trigger_ui.py
[2023-09-28T18:08:32.372+0000] {logging_mixin.py:151} INFO - [2023-09-28T18:08:32.372+0000] {dag.py:2915} INFO - Sync 1 DAGs
[2023-09-28T18:08:32.382+0000] {logging_mixin.py:151} INFO - [2023-09-28T18:08:32.382+0000] {dag.py:3696} INFO - Setting next_dagrun for example_params_trigger_ui to None, run_after=None
[2023-09-28T18:08:32.392+0000] {processor.py:179} INFO - Processing /home/airflow/.local/lib/python3.8/site-packages/airflow/example_dags/example_params_trigger_ui.py took 0.071 seconds
[2023-09-28T18:09:03.150+0000] {processor.py:157} INFO - Started process (PID=426) to work on /home/airflow/.local/lib/python3.8/site-packages/airflow/example_dags/example_params_trigger_ui.py
[2023-09-28T18:09:03.152+0000] {processor.py:829} INFO - Processing file /home/airflow/.local/lib/python3.8/site-packages/airflow/example_dags/example_params_trigger_ui.py for tasks to queue
[2023-09-28T18:09:03.155+0000] {logging_mixin.py:151} INFO - [2023-09-28T18:09:03.155+0000] {dagbag.py:539} INFO - Filling up the DagBag from /home/airflow/.local/lib/python3.8/site-packages/airflow/example_dags/example_params_trigger_ui.py
[2023-09-28T18:09:03.167+0000] {processor.py:839} INFO - DAG(s) dict_keys(['example_params_trigger_ui']) retrieved from /home/airflow/.local/lib/python3.8/site-packages/airflow/example_dags/example_params_trigger_ui.py
[2023-09-28T18:09:03.195+0000] {logging_mixin.py:151} INFO - [2023-09-28T18:09:03.195+0000] {dag.py:2915} INFO - Sync 1 DAGs
[2023-09-28T18:09:03.203+0000] {logging_mixin.py:151} INFO - [2023-09-28T18:09:03.203+0000] {dag.py:3696} INFO - Setting next_dagrun for example_params_trigger_ui to None, run_after=None
[2023-09-28T18:09:03.220+0000] {processor.py:179} INFO - Processing /home/airflow/.local/lib/python3.8/site-packages/airflow/example_dags/example_params_trigger_ui.py took 0.073 seconds
[2023-09-28T18:09:33.898+0000] {processor.py:157} INFO - Started process (PID=479) to work on /home/airflow/.local/lib/python3.8/site-packages/airflow/example_dags/example_params_trigger_ui.py
[2023-09-28T18:09:33.900+0000] {processor.py:829} INFO - Processing file /home/airflow/.local/lib/python3.8/site-packages/airflow/example_dags/example_params_trigger_ui.py for tasks to queue
[2023-09-28T18:09:33.903+0000] {logging_mixin.py:151} INFO - [2023-09-28T18:09:33.902+0000] {dagbag.py:539} INFO - Filling up the DagBag from /home/airflow/.local/lib/python3.8/site-packages/airflow/example_dags/example_params_trigger_ui.py
[2023-09-28T18:09:33.914+0000] {processor.py:839} INFO - DAG(s) dict_keys(['example_params_trigger_ui']) retrieved from /home/airflow/.local/lib/python3.8/site-packages/airflow/example_dags/example_params_trigger_ui.py
[2023-09-28T18:09:33.943+0000] {logging_mixin.py:151} INFO - [2023-09-28T18:09:33.943+0000] {dag.py:2915} INFO - Sync 1 DAGs
[2023-09-28T18:09:33.951+0000] {logging_mixin.py:151} INFO - [2023-09-28T18:09:33.951+0000] {dag.py:3696} INFO - Setting next_dagrun for example_params_trigger_ui to None, run_after=None
[2023-09-28T18:09:33.965+0000] {processor.py:179} INFO - Processing /home/airflow/.local/lib/python3.8/site-packages/airflow/example_dags/example_params_trigger_ui.py took 0.070 seconds
[2023-09-28T18:10:04.597+0000] {processor.py:157} INFO - Started process (PID=533) to work on /home/airflow/.local/lib/python3.8/site-packages/airflow/example_dags/example_params_trigger_ui.py
[2023-09-28T18:10:04.599+0000] {processor.py:829} INFO - Processing file /home/airflow/.local/lib/python3.8/site-packages/airflow/example_dags/example_params_trigger_ui.py for tasks to queue
[2023-09-28T18:10:04.601+0000] {logging_mixin.py:151} INFO - [2023-09-28T18:10:04.601+0000] {dagbag.py:539} INFO - Filling up the DagBag from /home/airflow/.local/lib/python3.8/site-packages/airflow/example_dags/example_params_trigger_ui.py
[2023-09-28T18:10:04.613+0000] {processor.py:839} INFO - DAG(s) dict_keys(['example_params_trigger_ui']) retrieved from /home/airflow/.local/lib/python3.8/site-packages/airflow/example_dags/example_params_trigger_ui.py
[2023-09-28T18:10:04.645+0000] {logging_mixin.py:151} INFO - [2023-09-28T18:10:04.645+0000] {dag.py:2915} INFO - Sync 1 DAGs
[2023-09-28T18:10:04.654+0000] {logging_mixin.py:151} INFO - [2023-09-28T18:10:04.654+0000] {dag.py:3696} INFO - Setting next_dagrun for example_params_trigger_ui to None, run_after=None
[2023-09-28T18:10:04.668+0000] {processor.py:179} INFO - Processing /home/airflow/.local/lib/python3.8/site-packages/airflow/example_dags/example_params_trigger_ui.py took 0.074 seconds
[2023-09-28T18:10:35.539+0000] {processor.py:157} INFO - Started process (PID=587) to work on /home/airflow/.local/lib/python3.8/site-packages/airflow/example_dags/example_params_trigger_ui.py
[2023-09-28T18:10:35.542+0000] {processor.py:829} INFO - Processing file /home/airflow/.local/lib/python3.8/site-packages/airflow/example_dags/example_params_trigger_ui.py for tasks to queue
[2023-09-28T18:10:35.548+0000] {logging_mixin.py:151} INFO - [2023-09-28T18:10:35.548+0000] {dagbag.py:539} INFO - Filling up the DagBag from /home/airflow/.local/lib/python3.8/site-packages/airflow/example_dags/example_params_trigger_ui.py
[2023-09-28T18:10:35.559+0000] {processor.py:839} INFO - DAG(s) dict_keys(['example_params_trigger_ui']) retrieved from /home/airflow/.local/lib/python3.8/site-packages/airflow/example_dags/example_params_trigger_ui.py
[2023-09-28T18:10:35.592+0000] {logging_mixin.py:151} INFO - [2023-09-28T18:10:35.592+0000] {dag.py:2915} INFO - Sync 1 DAGs
[2023-09-28T18:10:35.602+0000] {logging_mixin.py:151} INFO - [2023-09-28T18:10:35.602+0000] {dag.py:3696} INFO - Setting next_dagrun for example_params_trigger_ui to None, run_after=None
[2023-09-28T18:10:35.616+0000] {processor.py:179} INFO - Processing /home/airflow/.local/lib/python3.8/site-packages/airflow/example_dags/example_params_trigger_ui.py took 0.081 seconds
[2023-09-28T18:11:06.647+0000] {processor.py:157} INFO - Started process (PID=641) to work on /home/airflow/.local/lib/python3.8/site-packages/airflow/example_dags/example_params_trigger_ui.py
[2023-09-28T18:11:06.649+0000] {processor.py:829} INFO - Processing file /home/airflow/.local/lib/python3.8/site-packages/airflow/example_dags/example_params_trigger_ui.py for tasks to queue
[2023-09-28T18:11:06.652+0000] {logging_mixin.py:151} INFO - [2023-09-28T18:11:06.652+0000] {dagbag.py:539} INFO - Filling up the DagBag from /home/airflow/.local/lib/python3.8/site-packages/airflow/example_dags/example_params_trigger_ui.py
[2023-09-28T18:11:06.665+0000] {processor.py:839} INFO - DAG(s) dict_keys(['example_params_trigger_ui']) retrieved from /home/airflow/.local/lib/python3.8/site-packages/airflow/example_dags/example_params_trigger_ui.py
[2023-09-28T18:11:06.697+0000] {logging_mixin.py:151} INFO - [2023-09-28T18:11:06.697+0000] {dag.py:2915} INFO - Sync 1 DAGs
[2023-09-28T18:11:06.708+0000] {logging_mixin.py:151} INFO - [2023-09-28T18:11:06.708+0000] {dag.py:3696} INFO - Setting next_dagrun for example_params_trigger_ui to None, run_after=None
[2023-09-28T18:11:06.723+0000] {processor.py:179} INFO - Processing /home/airflow/.local/lib/python3.8/site-packages/airflow/example_dags/example_params_trigger_ui.py took 0.078 seconds
[2023-09-28T18:13:55.693+0000] {processor.py:157} INFO - Started process (PID=48) to work on /home/airflow/.local/lib/python3.8/site-packages/airflow/example_dags/example_params_trigger_ui.py
[2023-09-28T18:13:55.702+0000] {processor.py:829} INFO - Processing file /home/airflow/.local/lib/python3.8/site-packages/airflow/example_dags/example_params_trigger_ui.py for tasks to queue
[2023-09-28T18:13:55.709+0000] {logging_mixin.py:151} INFO - [2023-09-28T18:13:55.709+0000] {dagbag.py:539} INFO - Filling up the DagBag from /home/airflow/.local/lib/python3.8/site-packages/airflow/example_dags/example_params_trigger_ui.py
[2023-09-28T18:13:55.735+0000] {processor.py:839} INFO - DAG(s) dict_keys(['example_params_trigger_ui']) retrieved from /home/airflow/.local/lib/python3.8/site-packages/airflow/example_dags/example_params_trigger_ui.py
[2023-09-28T18:13:55.836+0000] {logging_mixin.py:151} INFO - [2023-09-28T18:13:55.835+0000] {manager.py:499} INFO - Created Permission View: %s
[2023-09-28T18:13:55.845+0000] {logging_mixin.py:151} INFO - [2023-09-28T18:13:55.844+0000] {manager.py:499} INFO - Created Permission View: %s
[2023-09-28T18:13:55.851+0000] {logging_mixin.py:151} INFO - [2023-09-28T18:13:55.850+0000] {manager.py:499} INFO - Created Permission View: %s
[2023-09-28T18:13:55.852+0000] {logging_mixin.py:151} INFO - [2023-09-28T18:13:55.852+0000] {security.py:708} INFO - Not syncing DAG-level permissions for DAG 'DAG:example_params_trigger_ui' as access control is unset.
[2023-09-28T18:13:55.853+0000] {logging_mixin.py:151} INFO - [2023-09-28T18:13:55.853+0000] {dag.py:2915} INFO - Sync 1 DAGs
[2023-09-28T18:13:55.863+0000] {logging_mixin.py:151} INFO - [2023-09-28T18:13:55.862+0000] {dag.py:2937} INFO - Creating ORM DAG for example_params_trigger_ui
[2023-09-28T18:13:55.865+0000] {logging_mixin.py:151} INFO - [2023-09-28T18:13:55.865+0000] {dag.py:3696} INFO - Setting next_dagrun for example_params_trigger_ui to None, run_after=None
[2023-09-28T18:13:55.878+0000] {processor.py:179} INFO - Processing /home/airflow/.local/lib/python3.8/site-packages/airflow/example_dags/example_params_trigger_ui.py took 0.191 seconds
[2023-09-28T18:14:26.548+0000] {processor.py:157} INFO - Started process (PID=102) to work on /home/airflow/.local/lib/python3.8/site-packages/airflow/example_dags/example_params_trigger_ui.py
[2023-09-28T18:14:26.551+0000] {processor.py:829} INFO - Processing file /home/airflow/.local/lib/python3.8/site-packages/airflow/example_dags/example_params_trigger_ui.py for tasks to queue
[2023-09-28T18:14:26.554+0000] {logging_mixin.py:151} INFO - [2023-09-28T18:14:26.553+0000] {dagbag.py:539} INFO - Filling up the DagBag from /home/airflow/.local/lib/python3.8/site-packages/airflow/example_dags/example_params_trigger_ui.py
[2023-09-28T18:14:26.568+0000] {processor.py:839} INFO - DAG(s) dict_keys(['example_params_trigger_ui']) retrieved from /home/airflow/.local/lib/python3.8/site-packages/airflow/example_dags/example_params_trigger_ui.py
[2023-09-28T18:14:26.601+0000] {logging_mixin.py:151} INFO - [2023-09-28T18:14:26.601+0000] {dag.py:2915} INFO - Sync 1 DAGs
[2023-09-28T18:14:26.619+0000] {logging_mixin.py:151} INFO - [2023-09-28T18:14:26.619+0000] {dag.py:3696} INFO - Setting next_dagrun for example_params_trigger_ui to None, run_after=None
[2023-09-28T18:14:26.633+0000] {processor.py:179} INFO - Processing /home/airflow/.local/lib/python3.8/site-packages/airflow/example_dags/example_params_trigger_ui.py took 0.088 seconds
[2023-09-28T18:14:57.312+0000] {processor.py:157} INFO - Started process (PID=156) to work on /home/airflow/.local/lib/python3.8/site-packages/airflow/example_dags/example_params_trigger_ui.py
[2023-09-28T18:14:57.314+0000] {processor.py:829} INFO - Processing file /home/airflow/.local/lib/python3.8/site-packages/airflow/example_dags/example_params_trigger_ui.py for tasks to queue
[2023-09-28T18:14:57.316+0000] {logging_mixin.py:151} INFO - [2023-09-28T18:14:57.316+0000] {dagbag.py:539} INFO - Filling up the DagBag from /home/airflow/.local/lib/python3.8/site-packages/airflow/example_dags/example_params_trigger_ui.py
[2023-09-28T18:14:57.328+0000] {processor.py:839} INFO - DAG(s) dict_keys(['example_params_trigger_ui']) retrieved from /home/airflow/.local/lib/python3.8/site-packages/airflow/example_dags/example_params_trigger_ui.py
[2023-09-28T18:14:57.362+0000] {logging_mixin.py:151} INFO - [2023-09-28T18:14:57.362+0000] {dag.py:2915} INFO - Sync 1 DAGs
[2023-09-28T18:14:57.377+0000] {logging_mixin.py:151} INFO - [2023-09-28T18:14:57.377+0000] {dag.py:3696} INFO - Setting next_dagrun for example_params_trigger_ui to None, run_after=None
[2023-09-28T18:14:57.389+0000] {processor.py:179} INFO - Processing /home/airflow/.local/lib/python3.8/site-packages/airflow/example_dags/example_params_trigger_ui.py took 0.081 seconds
[2023-09-28T18:15:28.044+0000] {processor.py:157} INFO - Started process (PID=210) to work on /home/airflow/.local/lib/python3.8/site-packages/airflow/example_dags/example_params_trigger_ui.py
[2023-09-28T18:15:28.046+0000] {processor.py:829} INFO - Processing file /home/airflow/.local/lib/python3.8/site-packages/airflow/example_dags/example_params_trigger_ui.py for tasks to queue
[2023-09-28T18:15:28.049+0000] {logging_mixin.py:151} INFO - [2023-09-28T18:15:28.049+0000] {dagbag.py:539} INFO - Filling up the DagBag from /home/airflow/.local/lib/python3.8/site-packages/airflow/example_dags/example_params_trigger_ui.py
[2023-09-28T18:15:28.060+0000] {processor.py:839} INFO - DAG(s) dict_keys(['example_params_trigger_ui']) retrieved from /home/airflow/.local/lib/python3.8/site-packages/airflow/example_dags/example_params_trigger_ui.py
[2023-09-28T18:15:28.093+0000] {logging_mixin.py:151} INFO - [2023-09-28T18:15:28.093+0000] {dag.py:2915} INFO - Sync 1 DAGs
[2023-09-28T18:15:28.104+0000] {logging_mixin.py:151} INFO - [2023-09-28T18:15:28.104+0000] {dag.py:3696} INFO - Setting next_dagrun for example_params_trigger_ui to None, run_after=None
[2023-09-28T18:15:28.118+0000] {processor.py:179} INFO - Processing /home/airflow/.local/lib/python3.8/site-packages/airflow/example_dags/example_params_trigger_ui.py took 0.076 seconds
[2023-09-28T18:15:58.782+0000] {processor.py:157} INFO - Started process (PID=264) to work on /home/airflow/.local/lib/python3.8/site-packages/airflow/example_dags/example_params_trigger_ui.py
[2023-09-28T18:15:58.783+0000] {processor.py:829} INFO - Processing file /home/airflow/.local/lib/python3.8/site-packages/airflow/example_dags/example_params_trigger_ui.py for tasks to queue
[2023-09-28T18:15:58.786+0000] {logging_mixin.py:151} INFO - [2023-09-28T18:15:58.786+0000] {dagbag.py:539} INFO - Filling up the DagBag from /home/airflow/.local/lib/python3.8/site-packages/airflow/example_dags/example_params_trigger_ui.py
[2023-09-28T18:15:58.797+0000] {processor.py:839} INFO - DAG(s) dict_keys(['example_params_trigger_ui']) retrieved from /home/airflow/.local/lib/python3.8/site-packages/airflow/example_dags/example_params_trigger_ui.py
[2023-09-28T18:15:58.828+0000] {logging_mixin.py:151} INFO - [2023-09-28T18:15:58.828+0000] {dag.py:2915} INFO - Sync 1 DAGs
[2023-09-28T18:15:58.837+0000] {logging_mixin.py:151} INFO - [2023-09-28T18:15:58.837+0000] {dag.py:3696} INFO - Setting next_dagrun for example_params_trigger_ui to None, run_after=None
[2023-09-28T18:15:58.855+0000] {processor.py:179} INFO - Processing /home/airflow/.local/lib/python3.8/site-packages/airflow/example_dags/example_params_trigger_ui.py took 0.075 seconds
[2023-09-28T18:16:29.476+0000] {processor.py:157} INFO - Started process (PID=318) to work on /home/airflow/.local/lib/python3.8/site-packages/airflow/example_dags/example_params_trigger_ui.py
[2023-09-28T18:16:29.478+0000] {processor.py:829} INFO - Processing file /home/airflow/.local/lib/python3.8/site-packages/airflow/example_dags/example_params_trigger_ui.py for tasks to queue
[2023-09-28T18:16:29.480+0000] {logging_mixin.py:151} INFO - [2023-09-28T18:16:29.480+0000] {dagbag.py:539} INFO - Filling up the DagBag from /home/airflow/.local/lib/python3.8/site-packages/airflow/example_dags/example_params_trigger_ui.py
[2023-09-28T18:16:29.492+0000] {processor.py:839} INFO - DAG(s) dict_keys(['example_params_trigger_ui']) retrieved from /home/airflow/.local/lib/python3.8/site-packages/airflow/example_dags/example_params_trigger_ui.py
[2023-09-28T18:16:29.523+0000] {logging_mixin.py:151} INFO - [2023-09-28T18:16:29.523+0000] {dag.py:2915} INFO - Sync 1 DAGs
[2023-09-28T18:16:29.533+0000] {logging_mixin.py:151} INFO - [2023-09-28T18:16:29.533+0000] {dag.py:3696} INFO - Setting next_dagrun for example_params_trigger_ui to None, run_after=None
[2023-09-28T18:16:29.547+0000] {processor.py:179} INFO - Processing /home/airflow/.local/lib/python3.8/site-packages/airflow/example_dags/example_params_trigger_ui.py took 0.073 seconds
[2023-09-28T18:17:00.270+0000] {processor.py:157} INFO - Started process (PID=372) to work on /home/airflow/.local/lib/python3.8/site-packages/airflow/example_dags/example_params_trigger_ui.py
[2023-09-28T18:17:00.272+0000] {processor.py:829} INFO - Processing file /home/airflow/.local/lib/python3.8/site-packages/airflow/example_dags/example_params_trigger_ui.py for tasks to queue
[2023-09-28T18:17:00.274+0000] {logging_mixin.py:151} INFO - [2023-09-28T18:17:00.274+0000] {dagbag.py:539} INFO - Filling up the DagBag from /home/airflow/.local/lib/python3.8/site-packages/airflow/example_dags/example_params_trigger_ui.py
[2023-09-28T18:17:00.285+0000] {processor.py:839} INFO - DAG(s) dict_keys(['example_params_trigger_ui']) retrieved from /home/airflow/.local/lib/python3.8/site-packages/airflow/example_dags/example_params_trigger_ui.py
[2023-09-28T18:17:00.316+0000] {logging_mixin.py:151} INFO - [2023-09-28T18:17:00.316+0000] {dag.py:2915} INFO - Sync 1 DAGs
[2023-09-28T18:17:00.325+0000] {logging_mixin.py:151} INFO - [2023-09-28T18:17:00.325+0000] {dag.py:3696} INFO - Setting next_dagrun for example_params_trigger_ui to None, run_after=None
[2023-09-28T18:17:00.338+0000] {processor.py:179} INFO - Processing /home/airflow/.local/lib/python3.8/site-packages/airflow/example_dags/example_params_trigger_ui.py took 0.070 seconds
[2023-09-28T18:17:30.852+0000] {processor.py:157} INFO - Started process (PID=425) to work on /home/airflow/.local/lib/python3.8/site-packages/airflow/example_dags/example_params_trigger_ui.py
[2023-09-28T18:17:30.854+0000] {processor.py:829} INFO - Processing file /home/airflow/.local/lib/python3.8/site-packages/airflow/example_dags/example_params_trigger_ui.py for tasks to queue
[2023-09-28T18:17:30.857+0000] {logging_mixin.py:151} INFO - [2023-09-28T18:17:30.857+0000] {dagbag.py:539} INFO - Filling up the DagBag from /home/airflow/.local/lib/python3.8/site-packages/airflow/example_dags/example_params_trigger_ui.py
[2023-09-28T18:17:30.869+0000] {processor.py:839} INFO - DAG(s) dict_keys(['example_params_trigger_ui']) retrieved from /home/airflow/.local/lib/python3.8/site-packages/airflow/example_dags/example_params_trigger_ui.py
[2023-09-28T18:17:30.902+0000] {logging_mixin.py:151} INFO - [2023-09-28T18:17:30.901+0000] {dag.py:2915} INFO - Sync 1 DAGs
[2023-09-28T18:17:30.911+0000] {logging_mixin.py:151} INFO - [2023-09-28T18:17:30.911+0000] {dag.py:3696} INFO - Setting next_dagrun for example_params_trigger_ui to None, run_after=None
[2023-09-28T18:17:30.923+0000] {processor.py:179} INFO - Processing /home/airflow/.local/lib/python3.8/site-packages/airflow/example_dags/example_params_trigger_ui.py took 0.074 seconds
[2023-09-28T18:18:01.592+0000] {processor.py:157} INFO - Started process (PID=480) to work on /home/airflow/.local/lib/python3.8/site-packages/airflow/example_dags/example_params_trigger_ui.py
[2023-09-28T18:18:01.594+0000] {processor.py:829} INFO - Processing file /home/airflow/.local/lib/python3.8/site-packages/airflow/example_dags/example_params_trigger_ui.py for tasks to queue
[2023-09-28T18:18:01.597+0000] {logging_mixin.py:151} INFO - [2023-09-28T18:18:01.597+0000] {dagbag.py:539} INFO - Filling up the DagBag from /home/airflow/.local/lib/python3.8/site-packages/airflow/example_dags/example_params_trigger_ui.py
[2023-09-28T18:18:01.608+0000] {processor.py:839} INFO - DAG(s) dict_keys(['example_params_trigger_ui']) retrieved from /home/airflow/.local/lib/python3.8/site-packages/airflow/example_dags/example_params_trigger_ui.py
[2023-09-28T18:18:01.638+0000] {logging_mixin.py:151} INFO - [2023-09-28T18:18:01.637+0000] {dag.py:2915} INFO - Sync 1 DAGs
[2023-09-28T18:18:01.646+0000] {logging_mixin.py:151} INFO - [2023-09-28T18:18:01.646+0000] {dag.py:3696} INFO - Setting next_dagrun for example_params_trigger_ui to None, run_after=None
[2023-09-28T18:18:01.663+0000] {processor.py:179} INFO - Processing /home/airflow/.local/lib/python3.8/site-packages/airflow/example_dags/example_params_trigger_ui.py took 0.073 seconds
[2023-09-28T18:18:32.330+0000] {processor.py:157} INFO - Started process (PID=534) to work on /home/airflow/.local/lib/python3.8/site-packages/airflow/example_dags/example_params_trigger_ui.py
[2023-09-28T18:18:32.332+0000] {processor.py:829} INFO - Processing file /home/airflow/.local/lib/python3.8/site-packages/airflow/example_dags/example_params_trigger_ui.py for tasks to queue
[2023-09-28T18:18:32.334+0000] {logging_mixin.py:151} INFO - [2023-09-28T18:18:32.334+0000] {dagbag.py:539} INFO - Filling up the DagBag from /home/airflow/.local/lib/python3.8/site-packages/airflow/example_dags/example_params_trigger_ui.py
[2023-09-28T18:18:32.345+0000] {processor.py:839} INFO - DAG(s) dict_keys(['example_params_trigger_ui']) retrieved from /home/airflow/.local/lib/python3.8/site-packages/airflow/example_dags/example_params_trigger_ui.py
[2023-09-28T18:18:32.376+0000] {logging_mixin.py:151} INFO - [2023-09-28T18:18:32.375+0000] {dag.py:2915} INFO - Sync 1 DAGs
[2023-09-28T18:18:32.384+0000] {logging_mixin.py:151} INFO - [2023-09-28T18:18:32.384+0000] {dag.py:3696} INFO - Setting next_dagrun for example_params_trigger_ui to None, run_after=None
[2023-09-28T18:18:32.396+0000] {processor.py:179} INFO - Processing /home/airflow/.local/lib/python3.8/site-packages/airflow/example_dags/example_params_trigger_ui.py took 0.069 seconds
[2023-09-28T18:19:03.229+0000] {processor.py:157} INFO - Started process (PID=589) to work on /home/airflow/.local/lib/python3.8/site-packages/airflow/example_dags/example_params_trigger_ui.py
[2023-09-28T18:19:03.231+0000] {processor.py:829} INFO - Processing file /home/airflow/.local/lib/python3.8/site-packages/airflow/example_dags/example_params_trigger_ui.py for tasks to queue
[2023-09-28T18:19:03.233+0000] {logging_mixin.py:151} INFO - [2023-09-28T18:19:03.233+0000] {dagbag.py:539} INFO - Filling up the DagBag from /home/airflow/.local/lib/python3.8/site-packages/airflow/example_dags/example_params_trigger_ui.py
[2023-09-28T18:19:03.244+0000] {processor.py:839} INFO - DAG(s) dict_keys(['example_params_trigger_ui']) retrieved from /home/airflow/.local/lib/python3.8/site-packages/airflow/example_dags/example_params_trigger_ui.py
[2023-09-28T18:19:03.274+0000] {logging_mixin.py:151} INFO - [2023-09-28T18:19:03.274+0000] {dag.py:2915} INFO - Sync 1 DAGs
[2023-09-28T18:19:03.284+0000] {logging_mixin.py:151} INFO - [2023-09-28T18:19:03.283+0000] {dag.py:3696} INFO - Setting next_dagrun for example_params_trigger_ui to None, run_after=None
[2023-09-28T18:19:03.295+0000] {processor.py:179} INFO - Processing /home/airflow/.local/lib/python3.8/site-packages/airflow/example_dags/example_params_trigger_ui.py took 0.070 seconds
[2023-09-28T18:19:33.977+0000] {processor.py:157} INFO - Started process (PID=643) to work on /home/airflow/.local/lib/python3.8/site-packages/airflow/example_dags/example_params_trigger_ui.py
[2023-09-28T18:19:33.979+0000] {processor.py:829} INFO - Processing file /home/airflow/.local/lib/python3.8/site-packages/airflow/example_dags/example_params_trigger_ui.py for tasks to queue
[2023-09-28T18:19:33.981+0000] {logging_mixin.py:151} INFO - [2023-09-28T18:19:33.981+0000] {dagbag.py:539} INFO - Filling up the DagBag from /home/airflow/.local/lib/python3.8/site-packages/airflow/example_dags/example_params_trigger_ui.py
[2023-09-28T18:19:33.992+0000] {processor.py:839} INFO - DAG(s) dict_keys(['example_params_trigger_ui']) retrieved from /home/airflow/.local/lib/python3.8/site-packages/airflow/example_dags/example_params_trigger_ui.py
[2023-09-28T18:19:34.023+0000] {logging_mixin.py:151} INFO - [2023-09-28T18:19:34.023+0000] {dag.py:2915} INFO - Sync 1 DAGs
[2023-09-28T18:19:34.032+0000] {logging_mixin.py:151} INFO - [2023-09-28T18:19:34.032+0000] {dag.py:3696} INFO - Setting next_dagrun for example_params_trigger_ui to None, run_after=None
[2023-09-28T18:19:34.046+0000] {processor.py:179} INFO - Processing /home/airflow/.local/lib/python3.8/site-packages/airflow/example_dags/example_params_trigger_ui.py took 0.072 seconds
[2023-09-28T18:20:04.673+0000] {processor.py:157} INFO - Started process (PID=697) to work on /home/airflow/.local/lib/python3.8/site-packages/airflow/example_dags/example_params_trigger_ui.py
[2023-09-28T18:20:04.675+0000] {processor.py:829} INFO - Processing file /home/airflow/.local/lib/python3.8/site-packages/airflow/example_dags/example_params_trigger_ui.py for tasks to queue
[2023-09-28T18:20:04.678+0000] {logging_mixin.py:151} INFO - [2023-09-28T18:20:04.677+0000] {dagbag.py:539} INFO - Filling up the DagBag from /home/airflow/.local/lib/python3.8/site-packages/airflow/example_dags/example_params_trigger_ui.py
[2023-09-28T18:20:04.687+0000] {processor.py:839} INFO - DAG(s) dict_keys(['example_params_trigger_ui']) retrieved from /home/airflow/.local/lib/python3.8/site-packages/airflow/example_dags/example_params_trigger_ui.py
[2023-09-28T18:20:04.718+0000] {logging_mixin.py:151} INFO - [2023-09-28T18:20:04.718+0000] {dag.py:2915} INFO - Sync 1 DAGs
[2023-09-28T18:20:04.728+0000] {logging_mixin.py:151} INFO - [2023-09-28T18:20:04.728+0000] {dag.py:3696} INFO - Setting next_dagrun for example_params_trigger_ui to None, run_after=None
[2023-09-28T18:20:04.742+0000] {processor.py:179} INFO - Processing /home/airflow/.local/lib/python3.8/site-packages/airflow/example_dags/example_params_trigger_ui.py took 0.072 seconds
[2023-09-28T18:20:35.349+0000] {processor.py:157} INFO - Started process (PID=750) to work on /home/airflow/.local/lib/python3.8/site-packages/airflow/example_dags/example_params_trigger_ui.py
[2023-09-28T18:20:35.351+0000] {processor.py:829} INFO - Processing file /home/airflow/.local/lib/python3.8/site-packages/airflow/example_dags/example_params_trigger_ui.py for tasks to queue
[2023-09-28T18:20:35.354+0000] {logging_mixin.py:151} INFO - [2023-09-28T18:20:35.353+0000] {dagbag.py:539} INFO - Filling up the DagBag from /home/airflow/.local/lib/python3.8/site-packages/airflow/example_dags/example_params_trigger_ui.py
[2023-09-28T18:20:35.364+0000] {processor.py:839} INFO - DAG(s) dict_keys(['example_params_trigger_ui']) retrieved from /home/airflow/.local/lib/python3.8/site-packages/airflow/example_dags/example_params_trigger_ui.py
[2023-09-28T18:20:35.394+0000] {logging_mixin.py:151} INFO - [2023-09-28T18:20:35.394+0000] {dag.py:2915} INFO - Sync 1 DAGs
[2023-09-28T18:20:35.402+0000] {logging_mixin.py:151} INFO - [2023-09-28T18:20:35.402+0000] {dag.py:3696} INFO - Setting next_dagrun for example_params_trigger_ui to None, run_after=None
[2023-09-28T18:20:35.415+0000] {processor.py:179} INFO - Processing /home/airflow/.local/lib/python3.8/site-packages/airflow/example_dags/example_params_trigger_ui.py took 0.069 seconds
[2023-09-28T18:21:05.970+0000] {processor.py:157} INFO - Started process (PID=804) to work on /home/airflow/.local/lib/python3.8/site-packages/airflow/example_dags/example_params_trigger_ui.py
[2023-09-28T18:21:05.971+0000] {processor.py:829} INFO - Processing file /home/airflow/.local/lib/python3.8/site-packages/airflow/example_dags/example_params_trigger_ui.py for tasks to queue
[2023-09-28T18:21:05.974+0000] {logging_mixin.py:151} INFO - [2023-09-28T18:21:05.974+0000] {dagbag.py:539} INFO - Filling up the DagBag from /home/airflow/.local/lib/python3.8/site-packages/airflow/example_dags/example_params_trigger_ui.py
[2023-09-28T18:21:05.984+0000] {processor.py:839} INFO - DAG(s) dict_keys(['example_params_trigger_ui']) retrieved from /home/airflow/.local/lib/python3.8/site-packages/airflow/example_dags/example_params_trigger_ui.py
[2023-09-28T18:21:06.014+0000] {logging_mixin.py:151} INFO - [2023-09-28T18:21:06.014+0000] {dag.py:2915} INFO - Sync 1 DAGs
[2023-09-28T18:21:06.023+0000] {logging_mixin.py:151} INFO - [2023-09-28T18:21:06.023+0000] {dag.py:3696} INFO - Setting next_dagrun for example_params_trigger_ui to None, run_after=None
[2023-09-28T18:21:06.037+0000] {processor.py:179} INFO - Processing /home/airflow/.local/lib/python3.8/site-packages/airflow/example_dags/example_params_trigger_ui.py took 0.070 seconds
[2023-09-28T18:21:37.048+0000] {processor.py:157} INFO - Started process (PID=858) to work on /home/airflow/.local/lib/python3.8/site-packages/airflow/example_dags/example_params_trigger_ui.py
[2023-09-28T18:21:37.050+0000] {processor.py:829} INFO - Processing file /home/airflow/.local/lib/python3.8/site-packages/airflow/example_dags/example_params_trigger_ui.py for tasks to queue
[2023-09-28T18:21:37.053+0000] {logging_mixin.py:151} INFO - [2023-09-28T18:21:37.053+0000] {dagbag.py:539} INFO - Filling up the DagBag from /home/airflow/.local/lib/python3.8/site-packages/airflow/example_dags/example_params_trigger_ui.py
[2023-09-28T18:21:37.066+0000] {processor.py:839} INFO - DAG(s) dict_keys(['example_params_trigger_ui']) retrieved from /home/airflow/.local/lib/python3.8/site-packages/airflow/example_dags/example_params_trigger_ui.py
[2023-09-28T18:21:37.094+0000] {logging_mixin.py:151} INFO - [2023-09-28T18:21:37.094+0000] {dag.py:2915} INFO - Sync 1 DAGs
[2023-09-28T18:21:37.103+0000] {logging_mixin.py:151} INFO - [2023-09-28T18:21:37.103+0000] {dag.py:3696} INFO - Setting next_dagrun for example_params_trigger_ui to None, run_after=None
[2023-09-28T18:21:37.116+0000] {processor.py:179} INFO - Processing /home/airflow/.local/lib/python3.8/site-packages/airflow/example_dags/example_params_trigger_ui.py took 0.073 seconds
[2023-09-28T18:22:07.692+0000] {processor.py:157} INFO - Started process (PID=912) to work on /home/airflow/.local/lib/python3.8/site-packages/airflow/example_dags/example_params_trigger_ui.py
[2023-09-28T18:22:07.694+0000] {processor.py:829} INFO - Processing file /home/airflow/.local/lib/python3.8/site-packages/airflow/example_dags/example_params_trigger_ui.py for tasks to queue
[2023-09-28T18:22:07.696+0000] {logging_mixin.py:151} INFO - [2023-09-28T18:22:07.696+0000] {dagbag.py:539} INFO - Filling up the DagBag from /home/airflow/.local/lib/python3.8/site-packages/airflow/example_dags/example_params_trigger_ui.py
[2023-09-28T18:22:07.710+0000] {processor.py:839} INFO - DAG(s) dict_keys(['example_params_trigger_ui']) retrieved from /home/airflow/.local/lib/python3.8/site-packages/airflow/example_dags/example_params_trigger_ui.py
[2023-09-28T18:22:07.748+0000] {logging_mixin.py:151} INFO - [2023-09-28T18:22:07.748+0000] {dag.py:2915} INFO - Sync 1 DAGs
[2023-09-28T18:22:07.759+0000] {logging_mixin.py:151} INFO - [2023-09-28T18:22:07.759+0000] {dag.py:3696} INFO - Setting next_dagrun for example_params_trigger_ui to None, run_after=None
[2023-09-28T18:22:07.773+0000] {processor.py:179} INFO - Processing /home/airflow/.local/lib/python3.8/site-packages/airflow/example_dags/example_params_trigger_ui.py took 0.084 seconds
[2023-09-28T18:22:38.560+0000] {processor.py:157} INFO - Started process (PID=965) to work on /home/airflow/.local/lib/python3.8/site-packages/airflow/example_dags/example_params_trigger_ui.py
[2023-09-28T18:22:38.563+0000] {processor.py:829} INFO - Processing file /home/airflow/.local/lib/python3.8/site-packages/airflow/example_dags/example_params_trigger_ui.py for tasks to queue
[2023-09-28T18:22:38.565+0000] {logging_mixin.py:151} INFO - [2023-09-28T18:22:38.565+0000] {dagbag.py:539} INFO - Filling up the DagBag from /home/airflow/.local/lib/python3.8/site-packages/airflow/example_dags/example_params_trigger_ui.py
[2023-09-28T18:22:38.577+0000] {processor.py:839} INFO - DAG(s) dict_keys(['example_params_trigger_ui']) retrieved from /home/airflow/.local/lib/python3.8/site-packages/airflow/example_dags/example_params_trigger_ui.py
[2023-09-28T18:22:38.606+0000] {logging_mixin.py:151} INFO - [2023-09-28T18:22:38.606+0000] {dag.py:2915} INFO - Sync 1 DAGs
[2023-09-28T18:22:38.616+0000] {logging_mixin.py:151} INFO - [2023-09-28T18:22:38.616+0000] {dag.py:3696} INFO - Setting next_dagrun for example_params_trigger_ui to None, run_after=None
[2023-09-28T18:22:38.629+0000] {processor.py:179} INFO - Processing /home/airflow/.local/lib/python3.8/site-packages/airflow/example_dags/example_params_trigger_ui.py took 0.072 seconds
[2023-09-28T18:23:09.515+0000] {processor.py:157} INFO - Started process (PID=1018) to work on /home/airflow/.local/lib/python3.8/site-packages/airflow/example_dags/example_params_trigger_ui.py
[2023-09-28T18:23:09.518+0000] {processor.py:829} INFO - Processing file /home/airflow/.local/lib/python3.8/site-packages/airflow/example_dags/example_params_trigger_ui.py for tasks to queue
[2023-09-28T18:23:09.521+0000] {logging_mixin.py:151} INFO - [2023-09-28T18:23:09.521+0000] {dagbag.py:539} INFO - Filling up the DagBag from /home/airflow/.local/lib/python3.8/site-packages/airflow/example_dags/example_params_trigger_ui.py
[2023-09-28T18:23:09.536+0000] {processor.py:839} INFO - DAG(s) dict_keys(['example_params_trigger_ui']) retrieved from /home/airflow/.local/lib/python3.8/site-packages/airflow/example_dags/example_params_trigger_ui.py
[2023-09-28T18:23:09.567+0000] {logging_mixin.py:151} INFO - [2023-09-28T18:23:09.567+0000] {dag.py:2915} INFO - Sync 1 DAGs
[2023-09-28T18:23:09.577+0000] {logging_mixin.py:151} INFO - [2023-09-28T18:23:09.577+0000] {dag.py:3696} INFO - Setting next_dagrun for example_params_trigger_ui to None, run_after=None
[2023-09-28T18:23:09.590+0000] {processor.py:179} INFO - Processing /home/airflow/.local/lib/python3.8/site-packages/airflow/example_dags/example_params_trigger_ui.py took 0.078 seconds
[2023-09-28T18:23:40.524+0000] {processor.py:157} INFO - Started process (PID=1072) to work on /home/airflow/.local/lib/python3.8/site-packages/airflow/example_dags/example_params_trigger_ui.py
[2023-09-28T18:23:40.527+0000] {processor.py:829} INFO - Processing file /home/airflow/.local/lib/python3.8/site-packages/airflow/example_dags/example_params_trigger_ui.py for tasks to queue
[2023-09-28T18:23:40.530+0000] {logging_mixin.py:151} INFO - [2023-09-28T18:23:40.530+0000] {dagbag.py:539} INFO - Filling up the DagBag from /home/airflow/.local/lib/python3.8/site-packages/airflow/example_dags/example_params_trigger_ui.py
[2023-09-28T18:23:40.545+0000] {processor.py:839} INFO - DAG(s) dict_keys(['example_params_trigger_ui']) retrieved from /home/airflow/.local/lib/python3.8/site-packages/airflow/example_dags/example_params_trigger_ui.py
[2023-09-28T18:23:40.578+0000] {logging_mixin.py:151} INFO - [2023-09-28T18:23:40.578+0000] {dag.py:2915} INFO - Sync 1 DAGs
[2023-09-28T18:23:40.588+0000] {logging_mixin.py:151} INFO - [2023-09-28T18:23:40.588+0000] {dag.py:3696} INFO - Setting next_dagrun for example_params_trigger_ui to None, run_after=None
[2023-09-28T18:23:40.604+0000] {processor.py:179} INFO - Processing /home/airflow/.local/lib/python3.8/site-packages/airflow/example_dags/example_params_trigger_ui.py took 0.082 seconds
[2023-09-28T18:34:43.309+0000] {processor.py:157} INFO - Started process (PID=49) to work on /home/airflow/.local/lib/python3.8/site-packages/airflow/example_dags/example_params_trigger_ui.py
[2023-09-28T18:34:43.311+0000] {processor.py:829} INFO - Processing file /home/airflow/.local/lib/python3.8/site-packages/airflow/example_dags/example_params_trigger_ui.py for tasks to queue
[2023-09-28T18:34:43.316+0000] {logging_mixin.py:151} INFO - [2023-09-28T18:34:43.316+0000] {dagbag.py:539} INFO - Filling up the DagBag from /home/airflow/.local/lib/python3.8/site-packages/airflow/example_dags/example_params_trigger_ui.py
[2023-09-28T18:34:43.338+0000] {processor.py:839} INFO - DAG(s) dict_keys(['example_params_trigger_ui']) retrieved from /home/airflow/.local/lib/python3.8/site-packages/airflow/example_dags/example_params_trigger_ui.py
[2023-09-28T18:34:43.369+0000] {logging_mixin.py:151} INFO - [2023-09-28T18:34:43.369+0000] {dag.py:2915} INFO - Sync 1 DAGs
[2023-09-28T18:34:43.384+0000] {logging_mixin.py:151} INFO - [2023-09-28T18:34:43.384+0000] {dag.py:3696} INFO - Setting next_dagrun for example_params_trigger_ui to None, run_after=None
[2023-09-28T18:34:43.401+0000] {processor.py:179} INFO - Processing /home/airflow/.local/lib/python3.8/site-packages/airflow/example_dags/example_params_trigger_ui.py took 0.094 seconds
[2023-09-28T18:35:13.582+0000] {processor.py:157} INFO - Started process (PID=103) to work on /home/airflow/.local/lib/python3.8/site-packages/airflow/example_dags/example_params_trigger_ui.py
[2023-09-28T18:35:13.588+0000] {processor.py:829} INFO - Processing file /home/airflow/.local/lib/python3.8/site-packages/airflow/example_dags/example_params_trigger_ui.py for tasks to queue
[2023-09-28T18:35:13.590+0000] {logging_mixin.py:151} INFO - [2023-09-28T18:35:13.590+0000] {dagbag.py:539} INFO - Filling up the DagBag from /home/airflow/.local/lib/python3.8/site-packages/airflow/example_dags/example_params_trigger_ui.py
[2023-09-28T18:35:13.605+0000] {processor.py:839} INFO - DAG(s) dict_keys(['example_params_trigger_ui']) retrieved from /home/airflow/.local/lib/python3.8/site-packages/airflow/example_dags/example_params_trigger_ui.py
[2023-09-28T18:35:13.638+0000] {logging_mixin.py:151} INFO - [2023-09-28T18:35:13.638+0000] {dag.py:2915} INFO - Sync 1 DAGs
[2023-09-28T18:35:13.648+0000] {logging_mixin.py:151} INFO - [2023-09-28T18:35:13.648+0000] {dag.py:3696} INFO - Setting next_dagrun for example_params_trigger_ui to None, run_after=None
[2023-09-28T18:35:13.662+0000] {processor.py:179} INFO - Processing /home/airflow/.local/lib/python3.8/site-packages/airflow/example_dags/example_params_trigger_ui.py took 0.082 seconds
[2023-09-28T18:35:43.961+0000] {processor.py:157} INFO - Started process (PID=157) to work on /home/airflow/.local/lib/python3.8/site-packages/airflow/example_dags/example_params_trigger_ui.py
[2023-09-28T18:35:43.963+0000] {processor.py:829} INFO - Processing file /home/airflow/.local/lib/python3.8/site-packages/airflow/example_dags/example_params_trigger_ui.py for tasks to queue
[2023-09-28T18:35:43.965+0000] {logging_mixin.py:151} INFO - [2023-09-28T18:35:43.965+0000] {dagbag.py:539} INFO - Filling up the DagBag from /home/airflow/.local/lib/python3.8/site-packages/airflow/example_dags/example_params_trigger_ui.py
[2023-09-28T18:35:43.977+0000] {processor.py:839} INFO - DAG(s) dict_keys(['example_params_trigger_ui']) retrieved from /home/airflow/.local/lib/python3.8/site-packages/airflow/example_dags/example_params_trigger_ui.py
[2023-09-28T18:35:44.007+0000] {logging_mixin.py:151} INFO - [2023-09-28T18:35:44.007+0000] {dag.py:2915} INFO - Sync 1 DAGs
[2023-09-28T18:35:44.016+0000] {logging_mixin.py:151} INFO - [2023-09-28T18:35:44.016+0000] {dag.py:3696} INFO - Setting next_dagrun for example_params_trigger_ui to None, run_after=None
[2023-09-28T18:35:44.029+0000] {processor.py:179} INFO - Processing /home/airflow/.local/lib/python3.8/site-packages/airflow/example_dags/example_params_trigger_ui.py took 0.070 seconds
[2023-09-28T18:36:15.032+0000] {processor.py:157} INFO - Started process (PID=211) to work on /home/airflow/.local/lib/python3.8/site-packages/airflow/example_dags/example_params_trigger_ui.py
[2023-09-28T18:36:15.034+0000] {processor.py:829} INFO - Processing file /home/airflow/.local/lib/python3.8/site-packages/airflow/example_dags/example_params_trigger_ui.py for tasks to queue
[2023-09-28T18:36:15.037+0000] {logging_mixin.py:151} INFO - [2023-09-28T18:36:15.037+0000] {dagbag.py:539} INFO - Filling up the DagBag from /home/airflow/.local/lib/python3.8/site-packages/airflow/example_dags/example_params_trigger_ui.py
[2023-09-28T18:36:15.049+0000] {processor.py:839} INFO - DAG(s) dict_keys(['example_params_trigger_ui']) retrieved from /home/airflow/.local/lib/python3.8/site-packages/airflow/example_dags/example_params_trigger_ui.py
[2023-09-28T18:36:15.083+0000] {logging_mixin.py:151} INFO - [2023-09-28T18:36:15.083+0000] {dag.py:2915} INFO - Sync 1 DAGs
[2023-09-28T18:36:15.093+0000] {logging_mixin.py:151} INFO - [2023-09-28T18:36:15.093+0000] {dag.py:3696} INFO - Setting next_dagrun for example_params_trigger_ui to None, run_after=None
[2023-09-28T18:36:15.106+0000] {processor.py:179} INFO - Processing /home/airflow/.local/lib/python3.8/site-packages/airflow/example_dags/example_params_trigger_ui.py took 0.076 seconds
