[2023-09-28T18:05:29.584+0000] {processor.py:157} INFO - Started process (PID=65) to work on /home/airflow/.local/lib/python3.8/site-packages/airflow/example_dags/example_skip_dag.py
[2023-09-28T18:05:29.590+0000] {processor.py:829} INFO - Processing file /home/airflow/.local/lib/python3.8/site-packages/airflow/example_dags/example_skip_dag.py for tasks to queue
[2023-09-28T18:05:29.595+0000] {logging_mixin.py:151} INFO - [2023-09-28T18:05:29.594+0000] {dagbag.py:539} INFO - Filling up the DagBag from /home/airflow/.local/lib/python3.8/site-packages/airflow/example_dags/example_skip_dag.py
[2023-09-28T18:05:29.604+0000] {processor.py:839} INFO - DAG(s) dict_keys(['example_skip_dag']) retrieved from /home/airflow/.local/lib/python3.8/site-packages/airflow/example_dags/example_skip_dag.py
[2023-09-28T18:05:29.624+0000] {logging_mixin.py:151} INFO - [2023-09-28T18:05:29.624+0000] {dag.py:2915} INFO - Sync 1 DAGs
[2023-09-28T18:05:29.656+0000] {logging_mixin.py:151} INFO - [2023-09-28T18:05:29.656+0000] {dag.py:3696} INFO - Setting next_dagrun for example_skip_dag to 2023-09-27T18:05:29.656048+00:00, run_after=2023-09-28T18:05:29.656048+00:00
[2023-09-28T18:05:29.679+0000] {processor.py:179} INFO - Processing /home/airflow/.local/lib/python3.8/site-packages/airflow/example_dags/example_skip_dag.py took 0.113 seconds
[2023-09-28T18:06:00.256+0000] {processor.py:157} INFO - Started process (PID=118) to work on /home/airflow/.local/lib/python3.8/site-packages/airflow/example_dags/example_skip_dag.py
[2023-09-28T18:06:00.258+0000] {processor.py:829} INFO - Processing file /home/airflow/.local/lib/python3.8/site-packages/airflow/example_dags/example_skip_dag.py for tasks to queue
[2023-09-28T18:06:00.260+0000] {logging_mixin.py:151} INFO - [2023-09-28T18:06:00.260+0000] {dagbag.py:539} INFO - Filling up the DagBag from /home/airflow/.local/lib/python3.8/site-packages/airflow/example_dags/example_skip_dag.py
[2023-09-28T18:06:00.265+0000] {processor.py:839} INFO - DAG(s) dict_keys(['example_skip_dag']) retrieved from /home/airflow/.local/lib/python3.8/site-packages/airflow/example_dags/example_skip_dag.py
[2023-09-28T18:06:00.282+0000] {logging_mixin.py:151} INFO - [2023-09-28T18:06:00.282+0000] {dag.py:2915} INFO - Sync 1 DAGs
[2023-09-28T18:06:00.295+0000] {logging_mixin.py:151} INFO - [2023-09-28T18:06:00.294+0000] {dag.py:3696} INFO - Setting next_dagrun for example_skip_dag to 2023-09-27T18:06:00.294800+00:00, run_after=2023-09-28T18:06:00.294800+00:00
[2023-09-28T18:06:00.305+0000] {processor.py:179} INFO - Processing /home/airflow/.local/lib/python3.8/site-packages/airflow/example_dags/example_skip_dag.py took 0.051 seconds
[2023-09-28T18:06:31.203+0000] {processor.py:157} INFO - Started process (PID=172) to work on /home/airflow/.local/lib/python3.8/site-packages/airflow/example_dags/example_skip_dag.py
[2023-09-28T18:06:31.205+0000] {processor.py:829} INFO - Processing file /home/airflow/.local/lib/python3.8/site-packages/airflow/example_dags/example_skip_dag.py for tasks to queue
[2023-09-28T18:06:31.208+0000] {logging_mixin.py:151} INFO - [2023-09-28T18:06:31.208+0000] {dagbag.py:539} INFO - Filling up the DagBag from /home/airflow/.local/lib/python3.8/site-packages/airflow/example_dags/example_skip_dag.py
[2023-09-28T18:06:31.214+0000] {processor.py:839} INFO - DAG(s) dict_keys(['example_skip_dag']) retrieved from /home/airflow/.local/lib/python3.8/site-packages/airflow/example_dags/example_skip_dag.py
[2023-09-28T18:06:31.231+0000] {logging_mixin.py:151} INFO - [2023-09-28T18:06:31.231+0000] {dag.py:2915} INFO - Sync 1 DAGs
[2023-09-28T18:06:31.246+0000] {logging_mixin.py:151} INFO - [2023-09-28T18:06:31.246+0000] {dag.py:3696} INFO - Setting next_dagrun for example_skip_dag to 2023-09-27T18:06:31.246175+00:00, run_after=2023-09-28T18:06:31.246175+00:00
[2023-09-28T18:06:31.259+0000] {processor.py:179} INFO - Processing /home/airflow/.local/lib/python3.8/site-packages/airflow/example_dags/example_skip_dag.py took 0.059 seconds
[2023-09-28T18:07:01.334+0000] {processor.py:157} INFO - Started process (PID=226) to work on /home/airflow/.local/lib/python3.8/site-packages/airflow/example_dags/example_skip_dag.py
[2023-09-28T18:07:01.337+0000] {processor.py:829} INFO - Processing file /home/airflow/.local/lib/python3.8/site-packages/airflow/example_dags/example_skip_dag.py for tasks to queue
[2023-09-28T18:07:01.339+0000] {logging_mixin.py:151} INFO - [2023-09-28T18:07:01.339+0000] {dagbag.py:539} INFO - Filling up the DagBag from /home/airflow/.local/lib/python3.8/site-packages/airflow/example_dags/example_skip_dag.py
[2023-09-28T18:07:01.344+0000] {processor.py:839} INFO - DAG(s) dict_keys(['example_skip_dag']) retrieved from /home/airflow/.local/lib/python3.8/site-packages/airflow/example_dags/example_skip_dag.py
[2023-09-28T18:07:01.363+0000] {logging_mixin.py:151} INFO - [2023-09-28T18:07:01.363+0000] {dag.py:2915} INFO - Sync 1 DAGs
[2023-09-28T18:07:01.378+0000] {logging_mixin.py:151} INFO - [2023-09-28T18:07:01.378+0000] {dag.py:3696} INFO - Setting next_dagrun for example_skip_dag to 2023-09-27T18:07:01.378185+00:00, run_after=2023-09-28T18:07:01.378185+00:00
[2023-09-28T18:07:01.395+0000] {processor.py:179} INFO - Processing /home/airflow/.local/lib/python3.8/site-packages/airflow/example_dags/example_skip_dag.py took 0.063 seconds
[2023-09-28T18:07:32.130+0000] {processor.py:157} INFO - Started process (PID=280) to work on /home/airflow/.local/lib/python3.8/site-packages/airflow/example_dags/example_skip_dag.py
[2023-09-28T18:07:32.133+0000] {processor.py:829} INFO - Processing file /home/airflow/.local/lib/python3.8/site-packages/airflow/example_dags/example_skip_dag.py for tasks to queue
[2023-09-28T18:07:32.135+0000] {logging_mixin.py:151} INFO - [2023-09-28T18:07:32.135+0000] {dagbag.py:539} INFO - Filling up the DagBag from /home/airflow/.local/lib/python3.8/site-packages/airflow/example_dags/example_skip_dag.py
[2023-09-28T18:07:32.142+0000] {processor.py:839} INFO - DAG(s) dict_keys(['example_skip_dag']) retrieved from /home/airflow/.local/lib/python3.8/site-packages/airflow/example_dags/example_skip_dag.py
[2023-09-28T18:07:32.160+0000] {logging_mixin.py:151} INFO - [2023-09-28T18:07:32.160+0000] {dag.py:2915} INFO - Sync 1 DAGs
[2023-09-28T18:07:32.175+0000] {logging_mixin.py:151} INFO - [2023-09-28T18:07:32.175+0000] {dag.py:3696} INFO - Setting next_dagrun for example_skip_dag to 2023-09-27T18:07:32.175088+00:00, run_after=2023-09-28T18:07:32.175088+00:00
[2023-09-28T18:07:32.188+0000] {processor.py:179} INFO - Processing /home/airflow/.local/lib/python3.8/site-packages/airflow/example_dags/example_skip_dag.py took 0.060 seconds
[2023-09-28T18:08:02.970+0000] {processor.py:157} INFO - Started process (PID=334) to work on /home/airflow/.local/lib/python3.8/site-packages/airflow/example_dags/example_skip_dag.py
[2023-09-28T18:08:02.971+0000] {processor.py:829} INFO - Processing file /home/airflow/.local/lib/python3.8/site-packages/airflow/example_dags/example_skip_dag.py for tasks to queue
[2023-09-28T18:08:02.974+0000] {logging_mixin.py:151} INFO - [2023-09-28T18:08:02.973+0000] {dagbag.py:539} INFO - Filling up the DagBag from /home/airflow/.local/lib/python3.8/site-packages/airflow/example_dags/example_skip_dag.py
[2023-09-28T18:08:02.978+0000] {processor.py:839} INFO - DAG(s) dict_keys(['example_skip_dag']) retrieved from /home/airflow/.local/lib/python3.8/site-packages/airflow/example_dags/example_skip_dag.py
[2023-09-28T18:08:02.994+0000] {logging_mixin.py:151} INFO - [2023-09-28T18:08:02.994+0000] {dag.py:2915} INFO - Sync 1 DAGs
[2023-09-28T18:08:03.012+0000] {logging_mixin.py:151} INFO - [2023-09-28T18:08:03.012+0000] {dag.py:3696} INFO - Setting next_dagrun for example_skip_dag to 2023-09-27T18:08:03.012477+00:00, run_after=2023-09-28T18:08:03.012477+00:00
[2023-09-28T18:08:03.025+0000] {processor.py:179} INFO - Processing /home/airflow/.local/lib/python3.8/site-packages/airflow/example_dags/example_skip_dag.py took 0.058 seconds
[2023-09-28T18:08:33.125+0000] {processor.py:157} INFO - Started process (PID=388) to work on /home/airflow/.local/lib/python3.8/site-packages/airflow/example_dags/example_skip_dag.py
[2023-09-28T18:08:33.127+0000] {processor.py:829} INFO - Processing file /home/airflow/.local/lib/python3.8/site-packages/airflow/example_dags/example_skip_dag.py for tasks to queue
[2023-09-28T18:08:33.130+0000] {logging_mixin.py:151} INFO - [2023-09-28T18:08:33.129+0000] {dagbag.py:539} INFO - Filling up the DagBag from /home/airflow/.local/lib/python3.8/site-packages/airflow/example_dags/example_skip_dag.py
[2023-09-28T18:08:33.135+0000] {processor.py:839} INFO - DAG(s) dict_keys(['example_skip_dag']) retrieved from /home/airflow/.local/lib/python3.8/site-packages/airflow/example_dags/example_skip_dag.py
[2023-09-28T18:08:33.153+0000] {logging_mixin.py:151} INFO - [2023-09-28T18:08:33.153+0000] {dag.py:2915} INFO - Sync 1 DAGs
[2023-09-28T18:08:33.167+0000] {logging_mixin.py:151} INFO - [2023-09-28T18:08:33.167+0000] {dag.py:3696} INFO - Setting next_dagrun for example_skip_dag to 2023-09-27T18:08:33.167246+00:00, run_after=2023-09-28T18:08:33.167246+00:00
[2023-09-28T18:08:33.180+0000] {processor.py:179} INFO - Processing /home/airflow/.local/lib/python3.8/site-packages/airflow/example_dags/example_skip_dag.py took 0.057 seconds
[2023-09-28T18:09:03.967+0000] {processor.py:157} INFO - Started process (PID=442) to work on /home/airflow/.local/lib/python3.8/site-packages/airflow/example_dags/example_skip_dag.py
[2023-09-28T18:09:03.970+0000] {processor.py:829} INFO - Processing file /home/airflow/.local/lib/python3.8/site-packages/airflow/example_dags/example_skip_dag.py for tasks to queue
[2023-09-28T18:09:03.972+0000] {logging_mixin.py:151} INFO - [2023-09-28T18:09:03.972+0000] {dagbag.py:539} INFO - Filling up the DagBag from /home/airflow/.local/lib/python3.8/site-packages/airflow/example_dags/example_skip_dag.py
[2023-09-28T18:09:03.977+0000] {processor.py:839} INFO - DAG(s) dict_keys(['example_skip_dag']) retrieved from /home/airflow/.local/lib/python3.8/site-packages/airflow/example_dags/example_skip_dag.py
[2023-09-28T18:09:03.994+0000] {logging_mixin.py:151} INFO - [2023-09-28T18:09:03.994+0000] {dag.py:2915} INFO - Sync 1 DAGs
[2023-09-28T18:09:04.010+0000] {logging_mixin.py:151} INFO - [2023-09-28T18:09:04.010+0000] {dag.py:3696} INFO - Setting next_dagrun for example_skip_dag to 2023-09-27T18:09:04.010674+00:00, run_after=2023-09-28T18:09:04.010674+00:00
[2023-09-28T18:09:04.023+0000] {processor.py:179} INFO - Processing /home/airflow/.local/lib/python3.8/site-packages/airflow/example_dags/example_skip_dag.py took 0.058 seconds
[2023-09-28T18:09:34.703+0000] {processor.py:157} INFO - Started process (PID=495) to work on /home/airflow/.local/lib/python3.8/site-packages/airflow/example_dags/example_skip_dag.py
[2023-09-28T18:09:34.705+0000] {processor.py:829} INFO - Processing file /home/airflow/.local/lib/python3.8/site-packages/airflow/example_dags/example_skip_dag.py for tasks to queue
[2023-09-28T18:09:34.708+0000] {logging_mixin.py:151} INFO - [2023-09-28T18:09:34.708+0000] {dagbag.py:539} INFO - Filling up the DagBag from /home/airflow/.local/lib/python3.8/site-packages/airflow/example_dags/example_skip_dag.py
[2023-09-28T18:09:34.714+0000] {processor.py:839} INFO - DAG(s) dict_keys(['example_skip_dag']) retrieved from /home/airflow/.local/lib/python3.8/site-packages/airflow/example_dags/example_skip_dag.py
[2023-09-28T18:09:34.732+0000] {logging_mixin.py:151} INFO - [2023-09-28T18:09:34.732+0000] {dag.py:2915} INFO - Sync 1 DAGs
[2023-09-28T18:09:34.746+0000] {logging_mixin.py:151} INFO - [2023-09-28T18:09:34.746+0000] {dag.py:3696} INFO - Setting next_dagrun for example_skip_dag to 2023-09-27T18:09:34.746148+00:00, run_after=2023-09-28T18:09:34.746148+00:00
[2023-09-28T18:09:34.758+0000] {processor.py:179} INFO - Processing /home/airflow/.local/lib/python3.8/site-packages/airflow/example_dags/example_skip_dag.py took 0.058 seconds
[2023-09-28T18:10:05.457+0000] {processor.py:157} INFO - Started process (PID=549) to work on /home/airflow/.local/lib/python3.8/site-packages/airflow/example_dags/example_skip_dag.py
[2023-09-28T18:10:05.459+0000] {processor.py:829} INFO - Processing file /home/airflow/.local/lib/python3.8/site-packages/airflow/example_dags/example_skip_dag.py for tasks to queue
[2023-09-28T18:10:05.463+0000] {logging_mixin.py:151} INFO - [2023-09-28T18:10:05.462+0000] {dagbag.py:539} INFO - Filling up the DagBag from /home/airflow/.local/lib/python3.8/site-packages/airflow/example_dags/example_skip_dag.py
[2023-09-28T18:10:05.468+0000] {processor.py:839} INFO - DAG(s) dict_keys(['example_skip_dag']) retrieved from /home/airflow/.local/lib/python3.8/site-packages/airflow/example_dags/example_skip_dag.py
[2023-09-28T18:10:05.524+0000] {logging_mixin.py:151} INFO - [2023-09-28T18:10:05.524+0000] {dag.py:2915} INFO - Sync 1 DAGs
[2023-09-28T18:10:05.541+0000] {logging_mixin.py:151} INFO - [2023-09-28T18:10:05.541+0000] {dag.py:3696} INFO - Setting next_dagrun for example_skip_dag to 2023-09-27T18:10:05.541128+00:00, run_after=2023-09-28T18:10:05.541128+00:00
[2023-09-28T18:10:05.559+0000] {processor.py:179} INFO - Processing /home/airflow/.local/lib/python3.8/site-packages/airflow/example_dags/example_skip_dag.py took 0.105 seconds
[2023-09-28T18:10:36.363+0000] {processor.py:157} INFO - Started process (PID=603) to work on /home/airflow/.local/lib/python3.8/site-packages/airflow/example_dags/example_skip_dag.py
[2023-09-28T18:10:36.369+0000] {processor.py:829} INFO - Processing file /home/airflow/.local/lib/python3.8/site-packages/airflow/example_dags/example_skip_dag.py for tasks to queue
[2023-09-28T18:10:36.371+0000] {logging_mixin.py:151} INFO - [2023-09-28T18:10:36.371+0000] {dagbag.py:539} INFO - Filling up the DagBag from /home/airflow/.local/lib/python3.8/site-packages/airflow/example_dags/example_skip_dag.py
[2023-09-28T18:10:36.376+0000] {processor.py:839} INFO - DAG(s) dict_keys(['example_skip_dag']) retrieved from /home/airflow/.local/lib/python3.8/site-packages/airflow/example_dags/example_skip_dag.py
[2023-09-28T18:10:36.393+0000] {logging_mixin.py:151} INFO - [2023-09-28T18:10:36.393+0000] {dag.py:2915} INFO - Sync 1 DAGs
[2023-09-28T18:10:36.408+0000] {logging_mixin.py:151} INFO - [2023-09-28T18:10:36.408+0000] {dag.py:3696} INFO - Setting next_dagrun for example_skip_dag to 2023-09-27T18:10:36.408036+00:00, run_after=2023-09-28T18:10:36.408036+00:00
[2023-09-28T18:10:36.421+0000] {processor.py:179} INFO - Processing /home/airflow/.local/lib/python3.8/site-packages/airflow/example_dags/example_skip_dag.py took 0.061 seconds
[2023-09-28T18:11:07.782+0000] {processor.py:157} INFO - Started process (PID=657) to work on /home/airflow/.local/lib/python3.8/site-packages/airflow/example_dags/example_skip_dag.py
[2023-09-28T18:11:07.785+0000] {processor.py:829} INFO - Processing file /home/airflow/.local/lib/python3.8/site-packages/airflow/example_dags/example_skip_dag.py for tasks to queue
[2023-09-28T18:11:07.788+0000] {logging_mixin.py:151} INFO - [2023-09-28T18:11:07.787+0000] {dagbag.py:539} INFO - Filling up the DagBag from /home/airflow/.local/lib/python3.8/site-packages/airflow/example_dags/example_skip_dag.py
[2023-09-28T18:11:07.796+0000] {processor.py:839} INFO - DAG(s) dict_keys(['example_skip_dag']) retrieved from /home/airflow/.local/lib/python3.8/site-packages/airflow/example_dags/example_skip_dag.py
[2023-09-28T18:11:07.820+0000] {logging_mixin.py:151} INFO - [2023-09-28T18:11:07.820+0000] {dag.py:2915} INFO - Sync 1 DAGs
[2023-09-28T18:11:07.842+0000] {logging_mixin.py:151} INFO - [2023-09-28T18:11:07.842+0000] {dag.py:3696} INFO - Setting next_dagrun for example_skip_dag to 2023-09-27T18:11:07.841509+00:00, run_after=2023-09-28T18:11:07.841509+00:00
[2023-09-28T18:11:07.858+0000] {processor.py:179} INFO - Processing /home/airflow/.local/lib/python3.8/site-packages/airflow/example_dags/example_skip_dag.py took 0.080 seconds
[2023-09-28T18:13:57.691+0000] {processor.py:157} INFO - Started process (PID=64) to work on /home/airflow/.local/lib/python3.8/site-packages/airflow/example_dags/example_skip_dag.py
[2023-09-28T18:13:57.693+0000] {processor.py:829} INFO - Processing file /home/airflow/.local/lib/python3.8/site-packages/airflow/example_dags/example_skip_dag.py for tasks to queue
[2023-09-28T18:13:57.698+0000] {logging_mixin.py:151} INFO - [2023-09-28T18:13:57.698+0000] {dagbag.py:539} INFO - Filling up the DagBag from /home/airflow/.local/lib/python3.8/site-packages/airflow/example_dags/example_skip_dag.py
[2023-09-28T18:13:57.709+0000] {processor.py:839} INFO - DAG(s) dict_keys(['example_skip_dag']) retrieved from /home/airflow/.local/lib/python3.8/site-packages/airflow/example_dags/example_skip_dag.py
[2023-09-28T18:13:57.786+0000] {logging_mixin.py:151} INFO - [2023-09-28T18:13:57.786+0000] {manager.py:499} INFO - Created Permission View: %s
[2023-09-28T18:13:57.794+0000] {logging_mixin.py:151} INFO - [2023-09-28T18:13:57.794+0000] {manager.py:499} INFO - Created Permission View: %s
[2023-09-28T18:13:57.800+0000] {logging_mixin.py:151} INFO - [2023-09-28T18:13:57.800+0000] {manager.py:499} INFO - Created Permission View: %s
[2023-09-28T18:13:57.801+0000] {logging_mixin.py:151} INFO - [2023-09-28T18:13:57.801+0000] {security.py:708} INFO - Not syncing DAG-level permissions for DAG 'DAG:example_skip_dag' as access control is unset.
[2023-09-28T18:13:57.803+0000] {logging_mixin.py:151} INFO - [2023-09-28T18:13:57.802+0000] {dag.py:2915} INFO - Sync 1 DAGs
[2023-09-28T18:13:57.811+0000] {logging_mixin.py:151} INFO - [2023-09-28T18:13:57.810+0000] {dag.py:2937} INFO - Creating ORM DAG for example_skip_dag
[2023-09-28T18:13:57.819+0000] {logging_mixin.py:151} INFO - [2023-09-28T18:13:57.819+0000] {dag.py:3696} INFO - Setting next_dagrun for example_skip_dag to 2023-09-27T18:13:57.819009+00:00, run_after=2023-09-28T18:13:57.819009+00:00
[2023-09-28T18:13:57.837+0000] {processor.py:179} INFO - Processing /home/airflow/.local/lib/python3.8/site-packages/airflow/example_dags/example_skip_dag.py took 0.152 seconds
[2023-09-28T18:14:28.469+0000] {processor.py:157} INFO - Started process (PID=118) to work on /home/airflow/.local/lib/python3.8/site-packages/airflow/example_dags/example_skip_dag.py
[2023-09-28T18:14:28.471+0000] {processor.py:829} INFO - Processing file /home/airflow/.local/lib/python3.8/site-packages/airflow/example_dags/example_skip_dag.py for tasks to queue
[2023-09-28T18:14:28.473+0000] {logging_mixin.py:151} INFO - [2023-09-28T18:14:28.473+0000] {dagbag.py:539} INFO - Filling up the DagBag from /home/airflow/.local/lib/python3.8/site-packages/airflow/example_dags/example_skip_dag.py
[2023-09-28T18:14:28.479+0000] {processor.py:839} INFO - DAG(s) dict_keys(['example_skip_dag']) retrieved from /home/airflow/.local/lib/python3.8/site-packages/airflow/example_dags/example_skip_dag.py
[2023-09-28T18:14:28.499+0000] {logging_mixin.py:151} INFO - [2023-09-28T18:14:28.499+0000] {dag.py:2915} INFO - Sync 1 DAGs
[2023-09-28T18:14:28.519+0000] {logging_mixin.py:151} INFO - [2023-09-28T18:14:28.518+0000] {dag.py:3696} INFO - Setting next_dagrun for example_skip_dag to 2023-09-27T18:14:28.518682+00:00, run_after=2023-09-28T18:14:28.518682+00:00
[2023-09-28T18:14:28.532+0000] {processor.py:179} INFO - Processing /home/airflow/.local/lib/python3.8/site-packages/airflow/example_dags/example_skip_dag.py took 0.065 seconds
[2023-09-28T18:14:59.272+0000] {processor.py:157} INFO - Started process (PID=172) to work on /home/airflow/.local/lib/python3.8/site-packages/airflow/example_dags/example_skip_dag.py
[2023-09-28T18:14:59.274+0000] {processor.py:829} INFO - Processing file /home/airflow/.local/lib/python3.8/site-packages/airflow/example_dags/example_skip_dag.py for tasks to queue
[2023-09-28T18:14:59.277+0000] {logging_mixin.py:151} INFO - [2023-09-28T18:14:59.277+0000] {dagbag.py:539} INFO - Filling up the DagBag from /home/airflow/.local/lib/python3.8/site-packages/airflow/example_dags/example_skip_dag.py
[2023-09-28T18:14:59.282+0000] {processor.py:839} INFO - DAG(s) dict_keys(['example_skip_dag']) retrieved from /home/airflow/.local/lib/python3.8/site-packages/airflow/example_dags/example_skip_dag.py
[2023-09-28T18:14:59.301+0000] {logging_mixin.py:151} INFO - [2023-09-28T18:14:59.301+0000] {dag.py:2915} INFO - Sync 1 DAGs
[2023-09-28T18:14:59.316+0000] {logging_mixin.py:151} INFO - [2023-09-28T18:14:59.316+0000] {dag.py:3696} INFO - Setting next_dagrun for example_skip_dag to 2023-09-27T18:14:59.316110+00:00, run_after=2023-09-28T18:14:59.316110+00:00
[2023-09-28T18:14:59.330+0000] {processor.py:179} INFO - Processing /home/airflow/.local/lib/python3.8/site-packages/airflow/example_dags/example_skip_dag.py took 0.060 seconds
[2023-09-28T18:15:29.965+0000] {processor.py:157} INFO - Started process (PID=226) to work on /home/airflow/.local/lib/python3.8/site-packages/airflow/example_dags/example_skip_dag.py
[2023-09-28T18:15:29.967+0000] {processor.py:829} INFO - Processing file /home/airflow/.local/lib/python3.8/site-packages/airflow/example_dags/example_skip_dag.py for tasks to queue
[2023-09-28T18:15:29.970+0000] {logging_mixin.py:151} INFO - [2023-09-28T18:15:29.970+0000] {dagbag.py:539} INFO - Filling up the DagBag from /home/airflow/.local/lib/python3.8/site-packages/airflow/example_dags/example_skip_dag.py
[2023-09-28T18:15:29.975+0000] {processor.py:839} INFO - DAG(s) dict_keys(['example_skip_dag']) retrieved from /home/airflow/.local/lib/python3.8/site-packages/airflow/example_dags/example_skip_dag.py
[2023-09-28T18:15:29.992+0000] {logging_mixin.py:151} INFO - [2023-09-28T18:15:29.992+0000] {dag.py:2915} INFO - Sync 1 DAGs
[2023-09-28T18:15:30.009+0000] {logging_mixin.py:151} INFO - [2023-09-28T18:15:30.009+0000] {dag.py:3696} INFO - Setting next_dagrun for example_skip_dag to 2023-09-27T18:15:30.009319+00:00, run_after=2023-09-28T18:15:30.009319+00:00
[2023-09-28T18:15:30.022+0000] {processor.py:179} INFO - Processing /home/airflow/.local/lib/python3.8/site-packages/airflow/example_dags/example_skip_dag.py took 0.059 seconds
[2023-09-28T18:16:00.701+0000] {processor.py:157} INFO - Started process (PID=280) to work on /home/airflow/.local/lib/python3.8/site-packages/airflow/example_dags/example_skip_dag.py
[2023-09-28T18:16:00.703+0000] {processor.py:829} INFO - Processing file /home/airflow/.local/lib/python3.8/site-packages/airflow/example_dags/example_skip_dag.py for tasks to queue
[2023-09-28T18:16:00.706+0000] {logging_mixin.py:151} INFO - [2023-09-28T18:16:00.706+0000] {dagbag.py:539} INFO - Filling up the DagBag from /home/airflow/.local/lib/python3.8/site-packages/airflow/example_dags/example_skip_dag.py
[2023-09-28T18:16:00.712+0000] {processor.py:839} INFO - DAG(s) dict_keys(['example_skip_dag']) retrieved from /home/airflow/.local/lib/python3.8/site-packages/airflow/example_dags/example_skip_dag.py
[2023-09-28T18:16:00.733+0000] {logging_mixin.py:151} INFO - [2023-09-28T18:16:00.733+0000] {dag.py:2915} INFO - Sync 1 DAGs
[2023-09-28T18:16:00.748+0000] {logging_mixin.py:151} INFO - [2023-09-28T18:16:00.748+0000] {dag.py:3696} INFO - Setting next_dagrun for example_skip_dag to 2023-09-27T18:16:00.748343+00:00, run_after=2023-09-28T18:16:00.748343+00:00
[2023-09-28T18:16:00.761+0000] {processor.py:179} INFO - Processing /home/airflow/.local/lib/python3.8/site-packages/airflow/example_dags/example_skip_dag.py took 0.063 seconds
[2023-09-28T18:16:31.373+0000] {processor.py:157} INFO - Started process (PID=334) to work on /home/airflow/.local/lib/python3.8/site-packages/airflow/example_dags/example_skip_dag.py
[2023-09-28T18:16:31.375+0000] {processor.py:829} INFO - Processing file /home/airflow/.local/lib/python3.8/site-packages/airflow/example_dags/example_skip_dag.py for tasks to queue
[2023-09-28T18:16:31.377+0000] {logging_mixin.py:151} INFO - [2023-09-28T18:16:31.377+0000] {dagbag.py:539} INFO - Filling up the DagBag from /home/airflow/.local/lib/python3.8/site-packages/airflow/example_dags/example_skip_dag.py
[2023-09-28T18:16:31.382+0000] {processor.py:839} INFO - DAG(s) dict_keys(['example_skip_dag']) retrieved from /home/airflow/.local/lib/python3.8/site-packages/airflow/example_dags/example_skip_dag.py
[2023-09-28T18:16:31.401+0000] {logging_mixin.py:151} INFO - [2023-09-28T18:16:31.401+0000] {dag.py:2915} INFO - Sync 1 DAGs
[2023-09-28T18:16:31.415+0000] {logging_mixin.py:151} INFO - [2023-09-28T18:16:31.415+0000] {dag.py:3696} INFO - Setting next_dagrun for example_skip_dag to 2023-09-27T18:16:31.415160+00:00, run_after=2023-09-28T18:16:31.415160+00:00
[2023-09-28T18:16:31.430+0000] {processor.py:179} INFO - Processing /home/airflow/.local/lib/python3.8/site-packages/airflow/example_dags/example_skip_dag.py took 0.059 seconds
[2023-09-28T18:17:02.161+0000] {processor.py:157} INFO - Started process (PID=388) to work on /home/airflow/.local/lib/python3.8/site-packages/airflow/example_dags/example_skip_dag.py
[2023-09-28T18:17:02.164+0000] {processor.py:829} INFO - Processing file /home/airflow/.local/lib/python3.8/site-packages/airflow/example_dags/example_skip_dag.py for tasks to queue
[2023-09-28T18:17:02.167+0000] {logging_mixin.py:151} INFO - [2023-09-28T18:17:02.167+0000] {dagbag.py:539} INFO - Filling up the DagBag from /home/airflow/.local/lib/python3.8/site-packages/airflow/example_dags/example_skip_dag.py
[2023-09-28T18:17:02.173+0000] {processor.py:839} INFO - DAG(s) dict_keys(['example_skip_dag']) retrieved from /home/airflow/.local/lib/python3.8/site-packages/airflow/example_dags/example_skip_dag.py
[2023-09-28T18:17:02.193+0000] {logging_mixin.py:151} INFO - [2023-09-28T18:17:02.193+0000] {dag.py:2915} INFO - Sync 1 DAGs
[2023-09-28T18:17:02.208+0000] {logging_mixin.py:151} INFO - [2023-09-28T18:17:02.208+0000] {dag.py:3696} INFO - Setting next_dagrun for example_skip_dag to 2023-09-27T18:17:02.208322+00:00, run_after=2023-09-28T18:17:02.208322+00:00
[2023-09-28T18:17:02.221+0000] {processor.py:179} INFO - Processing /home/airflow/.local/lib/python3.8/site-packages/airflow/example_dags/example_skip_dag.py took 0.063 seconds
[2023-09-28T18:17:32.744+0000] {processor.py:157} INFO - Started process (PID=441) to work on /home/airflow/.local/lib/python3.8/site-packages/airflow/example_dags/example_skip_dag.py
[2023-09-28T18:17:32.753+0000] {processor.py:829} INFO - Processing file /home/airflow/.local/lib/python3.8/site-packages/airflow/example_dags/example_skip_dag.py for tasks to queue
[2023-09-28T18:17:32.755+0000] {logging_mixin.py:151} INFO - [2023-09-28T18:17:32.755+0000] {dagbag.py:539} INFO - Filling up the DagBag from /home/airflow/.local/lib/python3.8/site-packages/airflow/example_dags/example_skip_dag.py
[2023-09-28T18:17:32.764+0000] {processor.py:839} INFO - DAG(s) dict_keys(['example_skip_dag']) retrieved from /home/airflow/.local/lib/python3.8/site-packages/airflow/example_dags/example_skip_dag.py
[2023-09-28T18:17:32.780+0000] {logging_mixin.py:151} INFO - [2023-09-28T18:17:32.780+0000] {dag.py:2915} INFO - Sync 1 DAGs
[2023-09-28T18:17:32.795+0000] {logging_mixin.py:151} INFO - [2023-09-28T18:17:32.795+0000] {dag.py:3696} INFO - Setting next_dagrun for example_skip_dag to 2023-09-27T18:17:32.795723+00:00, run_after=2023-09-28T18:17:32.795723+00:00
[2023-09-28T18:17:32.808+0000] {processor.py:179} INFO - Processing /home/airflow/.local/lib/python3.8/site-packages/airflow/example_dags/example_skip_dag.py took 0.067 seconds
[2023-09-28T18:18:03.542+0000] {processor.py:157} INFO - Started process (PID=496) to work on /home/airflow/.local/lib/python3.8/site-packages/airflow/example_dags/example_skip_dag.py
[2023-09-28T18:18:03.544+0000] {processor.py:829} INFO - Processing file /home/airflow/.local/lib/python3.8/site-packages/airflow/example_dags/example_skip_dag.py for tasks to queue
[2023-09-28T18:18:03.548+0000] {logging_mixin.py:151} INFO - [2023-09-28T18:18:03.548+0000] {dagbag.py:539} INFO - Filling up the DagBag from /home/airflow/.local/lib/python3.8/site-packages/airflow/example_dags/example_skip_dag.py
[2023-09-28T18:18:03.555+0000] {processor.py:839} INFO - DAG(s) dict_keys(['example_skip_dag']) retrieved from /home/airflow/.local/lib/python3.8/site-packages/airflow/example_dags/example_skip_dag.py
[2023-09-28T18:18:03.573+0000] {logging_mixin.py:151} INFO - [2023-09-28T18:18:03.573+0000] {dag.py:2915} INFO - Sync 1 DAGs
[2023-09-28T18:18:03.590+0000] {logging_mixin.py:151} INFO - [2023-09-28T18:18:03.590+0000] {dag.py:3696} INFO - Setting next_dagrun for example_skip_dag to 2023-09-27T18:18:03.590329+00:00, run_after=2023-09-28T18:18:03.590329+00:00
[2023-09-28T18:18:03.602+0000] {processor.py:179} INFO - Processing /home/airflow/.local/lib/python3.8/site-packages/airflow/example_dags/example_skip_dag.py took 0.063 seconds
[2023-09-28T18:18:34.325+0000] {processor.py:157} INFO - Started process (PID=550) to work on /home/airflow/.local/lib/python3.8/site-packages/airflow/example_dags/example_skip_dag.py
[2023-09-28T18:18:34.330+0000] {processor.py:829} INFO - Processing file /home/airflow/.local/lib/python3.8/site-packages/airflow/example_dags/example_skip_dag.py for tasks to queue
[2023-09-28T18:18:34.332+0000] {logging_mixin.py:151} INFO - [2023-09-28T18:18:34.332+0000] {dagbag.py:539} INFO - Filling up the DagBag from /home/airflow/.local/lib/python3.8/site-packages/airflow/example_dags/example_skip_dag.py
[2023-09-28T18:18:34.337+0000] {processor.py:839} INFO - DAG(s) dict_keys(['example_skip_dag']) retrieved from /home/airflow/.local/lib/python3.8/site-packages/airflow/example_dags/example_skip_dag.py
[2023-09-28T18:18:34.355+0000] {logging_mixin.py:151} INFO - [2023-09-28T18:18:34.355+0000] {dag.py:2915} INFO - Sync 1 DAGs
[2023-09-28T18:18:34.370+0000] {logging_mixin.py:151} INFO - [2023-09-28T18:18:34.370+0000] {dag.py:3696} INFO - Setting next_dagrun for example_skip_dag to 2023-09-27T18:18:34.369972+00:00, run_after=2023-09-28T18:18:34.369972+00:00
[2023-09-28T18:18:34.382+0000] {processor.py:179} INFO - Processing /home/airflow/.local/lib/python3.8/site-packages/airflow/example_dags/example_skip_dag.py took 0.060 seconds
[2023-09-28T18:19:05.132+0000] {processor.py:157} INFO - Started process (PID=605) to work on /home/airflow/.local/lib/python3.8/site-packages/airflow/example_dags/example_skip_dag.py
[2023-09-28T18:19:05.135+0000] {processor.py:829} INFO - Processing file /home/airflow/.local/lib/python3.8/site-packages/airflow/example_dags/example_skip_dag.py for tasks to queue
[2023-09-28T18:19:05.137+0000] {logging_mixin.py:151} INFO - [2023-09-28T18:19:05.137+0000] {dagbag.py:539} INFO - Filling up the DagBag from /home/airflow/.local/lib/python3.8/site-packages/airflow/example_dags/example_skip_dag.py
[2023-09-28T18:19:05.143+0000] {processor.py:839} INFO - DAG(s) dict_keys(['example_skip_dag']) retrieved from /home/airflow/.local/lib/python3.8/site-packages/airflow/example_dags/example_skip_dag.py
[2023-09-28T18:19:05.167+0000] {logging_mixin.py:151} INFO - [2023-09-28T18:19:05.167+0000] {dag.py:2915} INFO - Sync 1 DAGs
[2023-09-28T18:19:05.180+0000] {logging_mixin.py:151} INFO - [2023-09-28T18:19:05.180+0000] {dag.py:3696} INFO - Setting next_dagrun for example_skip_dag to 2023-09-27T18:19:05.180370+00:00, run_after=2023-09-28T18:19:05.180370+00:00
[2023-09-28T18:19:05.192+0000] {processor.py:179} INFO - Processing /home/airflow/.local/lib/python3.8/site-packages/airflow/example_dags/example_skip_dag.py took 0.062 seconds
[2023-09-28T18:19:35.879+0000] {processor.py:157} INFO - Started process (PID=659) to work on /home/airflow/.local/lib/python3.8/site-packages/airflow/example_dags/example_skip_dag.py
[2023-09-28T18:19:35.881+0000] {processor.py:829} INFO - Processing file /home/airflow/.local/lib/python3.8/site-packages/airflow/example_dags/example_skip_dag.py for tasks to queue
[2023-09-28T18:19:35.883+0000] {logging_mixin.py:151} INFO - [2023-09-28T18:19:35.883+0000] {dagbag.py:539} INFO - Filling up the DagBag from /home/airflow/.local/lib/python3.8/site-packages/airflow/example_dags/example_skip_dag.py
[2023-09-28T18:19:35.890+0000] {processor.py:839} INFO - DAG(s) dict_keys(['example_skip_dag']) retrieved from /home/airflow/.local/lib/python3.8/site-packages/airflow/example_dags/example_skip_dag.py
[2023-09-28T18:19:35.910+0000] {logging_mixin.py:151} INFO - [2023-09-28T18:19:35.910+0000] {dag.py:2915} INFO - Sync 1 DAGs
[2023-09-28T18:19:35.926+0000] {logging_mixin.py:151} INFO - [2023-09-28T18:19:35.925+0000] {dag.py:3696} INFO - Setting next_dagrun for example_skip_dag to 2023-09-27T18:19:35.925587+00:00, run_after=2023-09-28T18:19:35.925587+00:00
[2023-09-28T18:19:35.939+0000] {processor.py:179} INFO - Processing /home/airflow/.local/lib/python3.8/site-packages/airflow/example_dags/example_skip_dag.py took 0.063 seconds
[2023-09-28T18:20:06.567+0000] {processor.py:157} INFO - Started process (PID=713) to work on /home/airflow/.local/lib/python3.8/site-packages/airflow/example_dags/example_skip_dag.py
[2023-09-28T18:20:06.570+0000] {processor.py:829} INFO - Processing file /home/airflow/.local/lib/python3.8/site-packages/airflow/example_dags/example_skip_dag.py for tasks to queue
[2023-09-28T18:20:06.572+0000] {logging_mixin.py:151} INFO - [2023-09-28T18:20:06.572+0000] {dagbag.py:539} INFO - Filling up the DagBag from /home/airflow/.local/lib/python3.8/site-packages/airflow/example_dags/example_skip_dag.py
[2023-09-28T18:20:06.577+0000] {processor.py:839} INFO - DAG(s) dict_keys(['example_skip_dag']) retrieved from /home/airflow/.local/lib/python3.8/site-packages/airflow/example_dags/example_skip_dag.py
[2023-09-28T18:20:06.595+0000] {logging_mixin.py:151} INFO - [2023-09-28T18:20:06.595+0000] {dag.py:2915} INFO - Sync 1 DAGs
[2023-09-28T18:20:06.610+0000] {logging_mixin.py:151} INFO - [2023-09-28T18:20:06.610+0000] {dag.py:3696} INFO - Setting next_dagrun for example_skip_dag to 2023-09-27T18:20:06.610199+00:00, run_after=2023-09-28T18:20:06.610199+00:00
[2023-09-28T18:20:06.623+0000] {processor.py:179} INFO - Processing /home/airflow/.local/lib/python3.8/site-packages/airflow/example_dags/example_skip_dag.py took 0.059 seconds
[2023-09-28T18:20:37.227+0000] {processor.py:157} INFO - Started process (PID=766) to work on /home/airflow/.local/lib/python3.8/site-packages/airflow/example_dags/example_skip_dag.py
[2023-09-28T18:20:37.229+0000] {processor.py:829} INFO - Processing file /home/airflow/.local/lib/python3.8/site-packages/airflow/example_dags/example_skip_dag.py for tasks to queue
[2023-09-28T18:20:37.232+0000] {logging_mixin.py:151} INFO - [2023-09-28T18:20:37.232+0000] {dagbag.py:539} INFO - Filling up the DagBag from /home/airflow/.local/lib/python3.8/site-packages/airflow/example_dags/example_skip_dag.py
[2023-09-28T18:20:37.237+0000] {processor.py:839} INFO - DAG(s) dict_keys(['example_skip_dag']) retrieved from /home/airflow/.local/lib/python3.8/site-packages/airflow/example_dags/example_skip_dag.py
[2023-09-28T18:20:37.254+0000] {logging_mixin.py:151} INFO - [2023-09-28T18:20:37.254+0000] {dag.py:2915} INFO - Sync 1 DAGs
[2023-09-28T18:20:37.272+0000] {logging_mixin.py:151} INFO - [2023-09-28T18:20:37.272+0000] {dag.py:3696} INFO - Setting next_dagrun for example_skip_dag to 2023-09-27T18:20:37.272387+00:00, run_after=2023-09-28T18:20:37.272387+00:00
[2023-09-28T18:20:37.287+0000] {processor.py:179} INFO - Processing /home/airflow/.local/lib/python3.8/site-packages/airflow/example_dags/example_skip_dag.py took 0.062 seconds
[2023-09-28T18:21:08.047+0000] {processor.py:157} INFO - Started process (PID=820) to work on /home/airflow/.local/lib/python3.8/site-packages/airflow/example_dags/example_skip_dag.py
[2023-09-28T18:21:08.050+0000] {processor.py:829} INFO - Processing file /home/airflow/.local/lib/python3.8/site-packages/airflow/example_dags/example_skip_dag.py for tasks to queue
[2023-09-28T18:21:08.053+0000] {logging_mixin.py:151} INFO - [2023-09-28T18:21:08.053+0000] {dagbag.py:539} INFO - Filling up the DagBag from /home/airflow/.local/lib/python3.8/site-packages/airflow/example_dags/example_skip_dag.py
[2023-09-28T18:21:08.059+0000] {processor.py:839} INFO - DAG(s) dict_keys(['example_skip_dag']) retrieved from /home/airflow/.local/lib/python3.8/site-packages/airflow/example_dags/example_skip_dag.py
[2023-09-28T18:21:08.084+0000] {logging_mixin.py:151} INFO - [2023-09-28T18:21:08.083+0000] {dag.py:2915} INFO - Sync 1 DAGs
[2023-09-28T18:21:08.105+0000] {logging_mixin.py:151} INFO - [2023-09-28T18:21:08.105+0000] {dag.py:3696} INFO - Setting next_dagrun for example_skip_dag to 2023-09-27T18:21:08.105594+00:00, run_after=2023-09-28T18:21:08.105594+00:00
[2023-09-28T18:21:08.127+0000] {processor.py:179} INFO - Processing /home/airflow/.local/lib/python3.8/site-packages/airflow/example_dags/example_skip_dag.py took 0.083 seconds
[2023-09-28T18:21:38.933+0000] {processor.py:157} INFO - Started process (PID=874) to work on /home/airflow/.local/lib/python3.8/site-packages/airflow/example_dags/example_skip_dag.py
[2023-09-28T18:21:38.936+0000] {processor.py:829} INFO - Processing file /home/airflow/.local/lib/python3.8/site-packages/airflow/example_dags/example_skip_dag.py for tasks to queue
[2023-09-28T18:21:38.938+0000] {logging_mixin.py:151} INFO - [2023-09-28T18:21:38.938+0000] {dagbag.py:539} INFO - Filling up the DagBag from /home/airflow/.local/lib/python3.8/site-packages/airflow/example_dags/example_skip_dag.py
[2023-09-28T18:21:38.943+0000] {processor.py:839} INFO - DAG(s) dict_keys(['example_skip_dag']) retrieved from /home/airflow/.local/lib/python3.8/site-packages/airflow/example_dags/example_skip_dag.py
[2023-09-28T18:21:38.961+0000] {logging_mixin.py:151} INFO - [2023-09-28T18:21:38.961+0000] {dag.py:2915} INFO - Sync 1 DAGs
[2023-09-28T18:21:38.979+0000] {logging_mixin.py:151} INFO - [2023-09-28T18:21:38.979+0000] {dag.py:3696} INFO - Setting next_dagrun for example_skip_dag to 2023-09-27T18:21:38.978969+00:00, run_after=2023-09-28T18:21:38.978969+00:00
[2023-09-28T18:21:38.992+0000] {processor.py:179} INFO - Processing /home/airflow/.local/lib/python3.8/site-packages/airflow/example_dags/example_skip_dag.py took 0.061 seconds
[2023-09-28T18:22:09.691+0000] {processor.py:157} INFO - Started process (PID=928) to work on /home/airflow/.local/lib/python3.8/site-packages/airflow/example_dags/example_skip_dag.py
[2023-09-28T18:22:09.692+0000] {processor.py:829} INFO - Processing file /home/airflow/.local/lib/python3.8/site-packages/airflow/example_dags/example_skip_dag.py for tasks to queue
[2023-09-28T18:22:09.695+0000] {logging_mixin.py:151} INFO - [2023-09-28T18:22:09.695+0000] {dagbag.py:539} INFO - Filling up the DagBag from /home/airflow/.local/lib/python3.8/site-packages/airflow/example_dags/example_skip_dag.py
[2023-09-28T18:22:09.701+0000] {processor.py:839} INFO - DAG(s) dict_keys(['example_skip_dag']) retrieved from /home/airflow/.local/lib/python3.8/site-packages/airflow/example_dags/example_skip_dag.py
[2023-09-28T18:22:09.719+0000] {logging_mixin.py:151} INFO - [2023-09-28T18:22:09.718+0000] {dag.py:2915} INFO - Sync 1 DAGs
[2023-09-28T18:22:09.733+0000] {logging_mixin.py:151} INFO - [2023-09-28T18:22:09.733+0000] {dag.py:3696} INFO - Setting next_dagrun for example_skip_dag to 2023-09-27T18:22:09.733559+00:00, run_after=2023-09-28T18:22:09.733559+00:00
[2023-09-28T18:22:09.745+0000] {processor.py:179} INFO - Processing /home/airflow/.local/lib/python3.8/site-packages/airflow/example_dags/example_skip_dag.py took 0.059 seconds
[2023-09-28T18:22:40.534+0000] {processor.py:157} INFO - Started process (PID=981) to work on /home/airflow/.local/lib/python3.8/site-packages/airflow/example_dags/example_skip_dag.py
[2023-09-28T18:22:40.536+0000] {processor.py:829} INFO - Processing file /home/airflow/.local/lib/python3.8/site-packages/airflow/example_dags/example_skip_dag.py for tasks to queue
[2023-09-28T18:22:40.538+0000] {logging_mixin.py:151} INFO - [2023-09-28T18:22:40.538+0000] {dagbag.py:539} INFO - Filling up the DagBag from /home/airflow/.local/lib/python3.8/site-packages/airflow/example_dags/example_skip_dag.py
[2023-09-28T18:22:40.543+0000] {processor.py:839} INFO - DAG(s) dict_keys(['example_skip_dag']) retrieved from /home/airflow/.local/lib/python3.8/site-packages/airflow/example_dags/example_skip_dag.py
[2023-09-28T18:22:40.561+0000] {logging_mixin.py:151} INFO - [2023-09-28T18:22:40.560+0000] {dag.py:2915} INFO - Sync 1 DAGs
[2023-09-28T18:22:40.576+0000] {logging_mixin.py:151} INFO - [2023-09-28T18:22:40.576+0000] {dag.py:3696} INFO - Setting next_dagrun for example_skip_dag to 2023-09-27T18:22:40.576457+00:00, run_after=2023-09-28T18:22:40.576457+00:00
[2023-09-28T18:22:40.589+0000] {processor.py:179} INFO - Processing /home/airflow/.local/lib/python3.8/site-packages/airflow/example_dags/example_skip_dag.py took 0.057 seconds
[2023-09-28T18:23:11.461+0000] {processor.py:157} INFO - Started process (PID=1034) to work on /home/airflow/.local/lib/python3.8/site-packages/airflow/example_dags/example_skip_dag.py
[2023-09-28T18:23:11.464+0000] {processor.py:829} INFO - Processing file /home/airflow/.local/lib/python3.8/site-packages/airflow/example_dags/example_skip_dag.py for tasks to queue
[2023-09-28T18:23:11.467+0000] {logging_mixin.py:151} INFO - [2023-09-28T18:23:11.466+0000] {dagbag.py:539} INFO - Filling up the DagBag from /home/airflow/.local/lib/python3.8/site-packages/airflow/example_dags/example_skip_dag.py
[2023-09-28T18:23:11.472+0000] {processor.py:839} INFO - DAG(s) dict_keys(['example_skip_dag']) retrieved from /home/airflow/.local/lib/python3.8/site-packages/airflow/example_dags/example_skip_dag.py
[2023-09-28T18:23:11.490+0000] {logging_mixin.py:151} INFO - [2023-09-28T18:23:11.490+0000] {dag.py:2915} INFO - Sync 1 DAGs
[2023-09-28T18:23:11.507+0000] {logging_mixin.py:151} INFO - [2023-09-28T18:23:11.507+0000] {dag.py:3696} INFO - Setting next_dagrun for example_skip_dag to 2023-09-27T18:23:11.507658+00:00, run_after=2023-09-28T18:23:11.507658+00:00
[2023-09-28T18:23:11.526+0000] {processor.py:179} INFO - Processing /home/airflow/.local/lib/python3.8/site-packages/airflow/example_dags/example_skip_dag.py took 0.067 seconds
[2023-09-28T18:23:42.435+0000] {processor.py:157} INFO - Started process (PID=1088) to work on /home/airflow/.local/lib/python3.8/site-packages/airflow/example_dags/example_skip_dag.py
[2023-09-28T18:23:42.437+0000] {processor.py:829} INFO - Processing file /home/airflow/.local/lib/python3.8/site-packages/airflow/example_dags/example_skip_dag.py for tasks to queue
[2023-09-28T18:23:42.439+0000] {logging_mixin.py:151} INFO - [2023-09-28T18:23:42.439+0000] {dagbag.py:539} INFO - Filling up the DagBag from /home/airflow/.local/lib/python3.8/site-packages/airflow/example_dags/example_skip_dag.py
[2023-09-28T18:23:42.445+0000] {processor.py:839} INFO - DAG(s) dict_keys(['example_skip_dag']) retrieved from /home/airflow/.local/lib/python3.8/site-packages/airflow/example_dags/example_skip_dag.py
[2023-09-28T18:23:42.464+0000] {logging_mixin.py:151} INFO - [2023-09-28T18:23:42.464+0000] {dag.py:2915} INFO - Sync 1 DAGs
[2023-09-28T18:23:42.480+0000] {logging_mixin.py:151} INFO - [2023-09-28T18:23:42.480+0000] {dag.py:3696} INFO - Setting next_dagrun for example_skip_dag to 2023-09-27T18:23:42.479873+00:00, run_after=2023-09-28T18:23:42.479873+00:00
[2023-09-28T18:23:42.493+0000] {processor.py:179} INFO - Processing /home/airflow/.local/lib/python3.8/site-packages/airflow/example_dags/example_skip_dag.py took 0.060 seconds
[2023-09-28T18:34:44.677+0000] {processor.py:157} INFO - Started process (PID=65) to work on /home/airflow/.local/lib/python3.8/site-packages/airflow/example_dags/example_skip_dag.py
[2023-09-28T18:34:44.679+0000] {processor.py:829} INFO - Processing file /home/airflow/.local/lib/python3.8/site-packages/airflow/example_dags/example_skip_dag.py for tasks to queue
[2023-09-28T18:34:44.682+0000] {logging_mixin.py:151} INFO - [2023-09-28T18:34:44.682+0000] {dagbag.py:539} INFO - Filling up the DagBag from /home/airflow/.local/lib/python3.8/site-packages/airflow/example_dags/example_skip_dag.py
[2023-09-28T18:34:44.691+0000] {processor.py:839} INFO - DAG(s) dict_keys(['example_skip_dag']) retrieved from /home/airflow/.local/lib/python3.8/site-packages/airflow/example_dags/example_skip_dag.py
[2023-09-28T18:34:44.706+0000] {logging_mixin.py:151} INFO - [2023-09-28T18:34:44.706+0000] {dag.py:2915} INFO - Sync 1 DAGs
[2023-09-28T18:34:44.726+0000] {logging_mixin.py:151} INFO - [2023-09-28T18:34:44.726+0000] {dag.py:3696} INFO - Setting next_dagrun for example_skip_dag to 2023-09-27T18:34:44.726107+00:00, run_after=2023-09-28T18:34:44.726107+00:00
[2023-09-28T18:34:44.749+0000] {processor.py:179} INFO - Processing /home/airflow/.local/lib/python3.8/site-packages/airflow/example_dags/example_skip_dag.py took 0.076 seconds
[2023-09-28T18:35:15.522+0000] {processor.py:157} INFO - Started process (PID=119) to work on /home/airflow/.local/lib/python3.8/site-packages/airflow/example_dags/example_skip_dag.py
[2023-09-28T18:35:15.524+0000] {processor.py:829} INFO - Processing file /home/airflow/.local/lib/python3.8/site-packages/airflow/example_dags/example_skip_dag.py for tasks to queue
[2023-09-28T18:35:15.528+0000] {logging_mixin.py:151} INFO - [2023-09-28T18:35:15.528+0000] {dagbag.py:539} INFO - Filling up the DagBag from /home/airflow/.local/lib/python3.8/site-packages/airflow/example_dags/example_skip_dag.py
[2023-09-28T18:35:15.534+0000] {processor.py:839} INFO - DAG(s) dict_keys(['example_skip_dag']) retrieved from /home/airflow/.local/lib/python3.8/site-packages/airflow/example_dags/example_skip_dag.py
[2023-09-28T18:35:15.556+0000] {logging_mixin.py:151} INFO - [2023-09-28T18:35:15.556+0000] {dag.py:2915} INFO - Sync 1 DAGs
[2023-09-28T18:35:15.572+0000] {logging_mixin.py:151} INFO - [2023-09-28T18:35:15.571+0000] {dag.py:3696} INFO - Setting next_dagrun for example_skip_dag to 2023-09-27T18:35:15.571793+00:00, run_after=2023-09-28T18:35:15.571793+00:00
[2023-09-28T18:35:15.586+0000] {processor.py:179} INFO - Processing /home/airflow/.local/lib/python3.8/site-packages/airflow/example_dags/example_skip_dag.py took 0.066 seconds
[2023-09-28T18:35:45.955+0000] {processor.py:157} INFO - Started process (PID=173) to work on /home/airflow/.local/lib/python3.8/site-packages/airflow/example_dags/example_skip_dag.py
[2023-09-28T18:35:45.957+0000] {processor.py:829} INFO - Processing file /home/airflow/.local/lib/python3.8/site-packages/airflow/example_dags/example_skip_dag.py for tasks to queue
[2023-09-28T18:35:45.960+0000] {logging_mixin.py:151} INFO - [2023-09-28T18:35:45.960+0000] {dagbag.py:539} INFO - Filling up the DagBag from /home/airflow/.local/lib/python3.8/site-packages/airflow/example_dags/example_skip_dag.py
[2023-09-28T18:35:45.965+0000] {processor.py:839} INFO - DAG(s) dict_keys(['example_skip_dag']) retrieved from /home/airflow/.local/lib/python3.8/site-packages/airflow/example_dags/example_skip_dag.py
[2023-09-28T18:35:45.982+0000] {logging_mixin.py:151} INFO - [2023-09-28T18:35:45.982+0000] {dag.py:2915} INFO - Sync 1 DAGs
[2023-09-28T18:35:45.997+0000] {logging_mixin.py:151} INFO - [2023-09-28T18:35:45.997+0000] {dag.py:3696} INFO - Setting next_dagrun for example_skip_dag to 2023-09-27T18:35:45.997090+00:00, run_after=2023-09-28T18:35:45.997090+00:00
[2023-09-28T18:35:46.011+0000] {processor.py:179} INFO - Processing /home/airflow/.local/lib/python3.8/site-packages/airflow/example_dags/example_skip_dag.py took 0.059 seconds
[2023-09-28T18:36:16.896+0000] {processor.py:157} INFO - Started process (PID=227) to work on /home/airflow/.local/lib/python3.8/site-packages/airflow/example_dags/example_skip_dag.py
[2023-09-28T18:36:16.900+0000] {processor.py:829} INFO - Processing file /home/airflow/.local/lib/python3.8/site-packages/airflow/example_dags/example_skip_dag.py for tasks to queue
[2023-09-28T18:36:16.904+0000] {logging_mixin.py:151} INFO - [2023-09-28T18:36:16.904+0000] {dagbag.py:539} INFO - Filling up the DagBag from /home/airflow/.local/lib/python3.8/site-packages/airflow/example_dags/example_skip_dag.py
[2023-09-28T18:36:16.913+0000] {processor.py:839} INFO - DAG(s) dict_keys(['example_skip_dag']) retrieved from /home/airflow/.local/lib/python3.8/site-packages/airflow/example_dags/example_skip_dag.py
[2023-09-28T18:36:16.931+0000] {logging_mixin.py:151} INFO - [2023-09-28T18:36:16.930+0000] {dag.py:2915} INFO - Sync 1 DAGs
[2023-09-28T18:36:16.945+0000] {logging_mixin.py:151} INFO - [2023-09-28T18:36:16.945+0000] {dag.py:3696} INFO - Setting next_dagrun for example_skip_dag to 2023-09-27T18:36:16.945191+00:00, run_after=2023-09-28T18:36:16.945191+00:00
[2023-09-28T18:36:16.960+0000] {processor.py:179} INFO - Processing /home/airflow/.local/lib/python3.8/site-packages/airflow/example_dags/example_skip_dag.py took 0.067 seconds
