[2023-09-28T18:05:27.255+0000] {processor.py:157} INFO - Started process (PID=38) to work on /home/airflow/.local/lib/python3.8/site-packages/airflow/example_dags/example_external_task_marker_dag.py
[2023-09-28T18:05:27.257+0000] {processor.py:829} INFO - Processing file /home/airflow/.local/lib/python3.8/site-packages/airflow/example_dags/example_external_task_marker_dag.py for tasks to queue
[2023-09-28T18:05:27.259+0000] {logging_mixin.py:151} INFO - [2023-09-28T18:05:27.259+0000] {dagbag.py:539} INFO - Filling up the DagBag from /home/airflow/.local/lib/python3.8/site-packages/airflow/example_dags/example_external_task_marker_dag.py
[2023-09-28T18:05:27.268+0000] {processor.py:839} INFO - DAG(s) dict_keys(['example_external_task_marker_child', 'example_external_task_marker_parent']) retrieved from /home/airflow/.local/lib/python3.8/site-packages/airflow/example_dags/example_external_task_marker_dag.py
[2023-09-28T18:05:27.283+0000] {logging_mixin.py:151} INFO - [2023-09-28T18:05:27.283+0000] {dag.py:2915} INFO - Sync 2 DAGs
[2023-09-28T18:05:27.293+0000] {logging_mixin.py:151} INFO - [2023-09-28T18:05:27.293+0000] {dag.py:3696} INFO - Setting next_dagrun for example_external_task_marker_child to None, run_after=None
[2023-09-28T18:05:27.297+0000] {logging_mixin.py:151} INFO - [2023-09-28T18:05:27.297+0000] {dag.py:3696} INFO - Setting next_dagrun for example_external_task_marker_parent to None, run_after=None
[2023-09-28T18:05:27.313+0000] {processor.py:179} INFO - Processing /home/airflow/.local/lib/python3.8/site-packages/airflow/example_dags/example_external_task_marker_dag.py took 0.061 seconds
[2023-09-28T18:05:57.613+0000] {processor.py:157} INFO - Started process (PID=90) to work on /home/airflow/.local/lib/python3.8/site-packages/airflow/example_dags/example_external_task_marker_dag.py
[2023-09-28T18:05:57.615+0000] {processor.py:829} INFO - Processing file /home/airflow/.local/lib/python3.8/site-packages/airflow/example_dags/example_external_task_marker_dag.py for tasks to queue
[2023-09-28T18:05:57.618+0000] {logging_mixin.py:151} INFO - [2023-09-28T18:05:57.617+0000] {dagbag.py:539} INFO - Filling up the DagBag from /home/airflow/.local/lib/python3.8/site-packages/airflow/example_dags/example_external_task_marker_dag.py
[2023-09-28T18:05:57.623+0000] {processor.py:839} INFO - DAG(s) dict_keys(['example_external_task_marker_child', 'example_external_task_marker_parent']) retrieved from /home/airflow/.local/lib/python3.8/site-packages/airflow/example_dags/example_external_task_marker_dag.py
[2023-09-28T18:05:57.641+0000] {logging_mixin.py:151} INFO - [2023-09-28T18:05:57.641+0000] {dag.py:2915} INFO - Sync 2 DAGs
[2023-09-28T18:05:57.651+0000] {logging_mixin.py:151} INFO - [2023-09-28T18:05:57.651+0000] {dag.py:3696} INFO - Setting next_dagrun for example_external_task_marker_child to None, run_after=None
[2023-09-28T18:05:57.656+0000] {logging_mixin.py:151} INFO - [2023-09-28T18:05:57.655+0000] {dag.py:3696} INFO - Setting next_dagrun for example_external_task_marker_parent to None, run_after=None
[2023-09-28T18:05:57.670+0000] {processor.py:179} INFO - Processing /home/airflow/.local/lib/python3.8/site-packages/airflow/example_dags/example_external_task_marker_dag.py took 0.060 seconds
[2023-09-28T18:06:28.572+0000] {processor.py:157} INFO - Started process (PID=144) to work on /home/airflow/.local/lib/python3.8/site-packages/airflow/example_dags/example_external_task_marker_dag.py
[2023-09-28T18:06:28.574+0000] {processor.py:829} INFO - Processing file /home/airflow/.local/lib/python3.8/site-packages/airflow/example_dags/example_external_task_marker_dag.py for tasks to queue
[2023-09-28T18:06:28.576+0000] {logging_mixin.py:151} INFO - [2023-09-28T18:06:28.576+0000] {dagbag.py:539} INFO - Filling up the DagBag from /home/airflow/.local/lib/python3.8/site-packages/airflow/example_dags/example_external_task_marker_dag.py
[2023-09-28T18:06:28.581+0000] {processor.py:839} INFO - DAG(s) dict_keys(['example_external_task_marker_parent', 'example_external_task_marker_child']) retrieved from /home/airflow/.local/lib/python3.8/site-packages/airflow/example_dags/example_external_task_marker_dag.py
[2023-09-28T18:06:28.600+0000] {logging_mixin.py:151} INFO - [2023-09-28T18:06:28.600+0000] {dag.py:2915} INFO - Sync 2 DAGs
[2023-09-28T18:06:28.614+0000] {logging_mixin.py:151} INFO - [2023-09-28T18:06:28.613+0000] {dag.py:3696} INFO - Setting next_dagrun for example_external_task_marker_child to None, run_after=None
[2023-09-28T18:06:28.617+0000] {logging_mixin.py:151} INFO - [2023-09-28T18:06:28.617+0000] {dag.py:3696} INFO - Setting next_dagrun for example_external_task_marker_parent to None, run_after=None
[2023-09-28T18:06:28.630+0000] {processor.py:179} INFO - Processing /home/airflow/.local/lib/python3.8/site-packages/airflow/example_dags/example_external_task_marker_dag.py took 0.060 seconds
[2023-09-28T18:06:58.725+0000] {processor.py:157} INFO - Started process (PID=198) to work on /home/airflow/.local/lib/python3.8/site-packages/airflow/example_dags/example_external_task_marker_dag.py
[2023-09-28T18:06:58.728+0000] {processor.py:829} INFO - Processing file /home/airflow/.local/lib/python3.8/site-packages/airflow/example_dags/example_external_task_marker_dag.py for tasks to queue
[2023-09-28T18:06:58.730+0000] {logging_mixin.py:151} INFO - [2023-09-28T18:06:58.730+0000] {dagbag.py:539} INFO - Filling up the DagBag from /home/airflow/.local/lib/python3.8/site-packages/airflow/example_dags/example_external_task_marker_dag.py
[2023-09-28T18:06:58.735+0000] {processor.py:839} INFO - DAG(s) dict_keys(['example_external_task_marker_parent', 'example_external_task_marker_child']) retrieved from /home/airflow/.local/lib/python3.8/site-packages/airflow/example_dags/example_external_task_marker_dag.py
[2023-09-28T18:06:58.755+0000] {logging_mixin.py:151} INFO - [2023-09-28T18:06:58.755+0000] {dag.py:2915} INFO - Sync 2 DAGs
[2023-09-28T18:06:58.766+0000] {logging_mixin.py:151} INFO - [2023-09-28T18:06:58.766+0000] {dag.py:3696} INFO - Setting next_dagrun for example_external_task_marker_child to None, run_after=None
[2023-09-28T18:06:58.770+0000] {logging_mixin.py:151} INFO - [2023-09-28T18:06:58.770+0000] {dag.py:3696} INFO - Setting next_dagrun for example_external_task_marker_parent to None, run_after=None
[2023-09-28T18:06:58.785+0000] {processor.py:179} INFO - Processing /home/airflow/.local/lib/python3.8/site-packages/airflow/example_dags/example_external_task_marker_dag.py took 0.062 seconds
[2023-09-28T18:07:29.621+0000] {processor.py:157} INFO - Started process (PID=252) to work on /home/airflow/.local/lib/python3.8/site-packages/airflow/example_dags/example_external_task_marker_dag.py
[2023-09-28T18:07:29.623+0000] {processor.py:829} INFO - Processing file /home/airflow/.local/lib/python3.8/site-packages/airflow/example_dags/example_external_task_marker_dag.py for tasks to queue
[2023-09-28T18:07:29.625+0000] {logging_mixin.py:151} INFO - [2023-09-28T18:07:29.625+0000] {dagbag.py:539} INFO - Filling up the DagBag from /home/airflow/.local/lib/python3.8/site-packages/airflow/example_dags/example_external_task_marker_dag.py
[2023-09-28T18:07:29.630+0000] {processor.py:839} INFO - DAG(s) dict_keys(['example_external_task_marker_child', 'example_external_task_marker_parent']) retrieved from /home/airflow/.local/lib/python3.8/site-packages/airflow/example_dags/example_external_task_marker_dag.py
[2023-09-28T18:07:29.651+0000] {logging_mixin.py:151} INFO - [2023-09-28T18:07:29.651+0000] {dag.py:2915} INFO - Sync 2 DAGs
[2023-09-28T18:07:29.661+0000] {logging_mixin.py:151} INFO - [2023-09-28T18:07:29.661+0000] {dag.py:3696} INFO - Setting next_dagrun for example_external_task_marker_child to None, run_after=None
[2023-09-28T18:07:29.664+0000] {logging_mixin.py:151} INFO - [2023-09-28T18:07:29.664+0000] {dag.py:3696} INFO - Setting next_dagrun for example_external_task_marker_parent to None, run_after=None
[2023-09-28T18:07:29.676+0000] {processor.py:179} INFO - Processing /home/airflow/.local/lib/python3.8/site-packages/airflow/example_dags/example_external_task_marker_dag.py took 0.057 seconds
[2023-09-28T18:08:00.412+0000] {processor.py:157} INFO - Started process (PID=306) to work on /home/airflow/.local/lib/python3.8/site-packages/airflow/example_dags/example_external_task_marker_dag.py
[2023-09-28T18:08:00.415+0000] {processor.py:829} INFO - Processing file /home/airflow/.local/lib/python3.8/site-packages/airflow/example_dags/example_external_task_marker_dag.py for tasks to queue
[2023-09-28T18:08:00.418+0000] {logging_mixin.py:151} INFO - [2023-09-28T18:08:00.418+0000] {dagbag.py:539} INFO - Filling up the DagBag from /home/airflow/.local/lib/python3.8/site-packages/airflow/example_dags/example_external_task_marker_dag.py
[2023-09-28T18:08:00.425+0000] {processor.py:839} INFO - DAG(s) dict_keys(['example_external_task_marker_parent', 'example_external_task_marker_child']) retrieved from /home/airflow/.local/lib/python3.8/site-packages/airflow/example_dags/example_external_task_marker_dag.py
[2023-09-28T18:08:00.443+0000] {logging_mixin.py:151} INFO - [2023-09-28T18:08:00.443+0000] {dag.py:2915} INFO - Sync 2 DAGs
[2023-09-28T18:08:00.453+0000] {logging_mixin.py:151} INFO - [2023-09-28T18:08:00.453+0000] {dag.py:3696} INFO - Setting next_dagrun for example_external_task_marker_child to None, run_after=None
[2023-09-28T18:08:00.456+0000] {logging_mixin.py:151} INFO - [2023-09-28T18:08:00.456+0000] {dag.py:3696} INFO - Setting next_dagrun for example_external_task_marker_parent to None, run_after=None
[2023-09-28T18:08:00.473+0000] {processor.py:179} INFO - Processing /home/airflow/.local/lib/python3.8/site-packages/airflow/example_dags/example_external_task_marker_dag.py took 0.063 seconds
[2023-09-28T18:08:30.512+0000] {processor.py:157} INFO - Started process (PID=360) to work on /home/airflow/.local/lib/python3.8/site-packages/airflow/example_dags/example_external_task_marker_dag.py
[2023-09-28T18:08:30.514+0000] {processor.py:829} INFO - Processing file /home/airflow/.local/lib/python3.8/site-packages/airflow/example_dags/example_external_task_marker_dag.py for tasks to queue
[2023-09-28T18:08:30.517+0000] {logging_mixin.py:151} INFO - [2023-09-28T18:08:30.516+0000] {dagbag.py:539} INFO - Filling up the DagBag from /home/airflow/.local/lib/python3.8/site-packages/airflow/example_dags/example_external_task_marker_dag.py
[2023-09-28T18:08:30.522+0000] {processor.py:839} INFO - DAG(s) dict_keys(['example_external_task_marker_parent', 'example_external_task_marker_child']) retrieved from /home/airflow/.local/lib/python3.8/site-packages/airflow/example_dags/example_external_task_marker_dag.py
[2023-09-28T18:08:30.541+0000] {logging_mixin.py:151} INFO - [2023-09-28T18:08:30.541+0000] {dag.py:2915} INFO - Sync 2 DAGs
[2023-09-28T18:08:30.550+0000] {logging_mixin.py:151} INFO - [2023-09-28T18:08:30.550+0000] {dag.py:3696} INFO - Setting next_dagrun for example_external_task_marker_child to None, run_after=None
[2023-09-28T18:08:30.554+0000] {logging_mixin.py:151} INFO - [2023-09-28T18:08:30.554+0000] {dag.py:3696} INFO - Setting next_dagrun for example_external_task_marker_parent to None, run_after=None
[2023-09-28T18:08:30.565+0000] {processor.py:179} INFO - Processing /home/airflow/.local/lib/python3.8/site-packages/airflow/example_dags/example_external_task_marker_dag.py took 0.054 seconds
[2023-09-28T18:09:01.452+0000] {processor.py:157} INFO - Started process (PID=414) to work on /home/airflow/.local/lib/python3.8/site-packages/airflow/example_dags/example_external_task_marker_dag.py
[2023-09-28T18:09:01.454+0000] {processor.py:829} INFO - Processing file /home/airflow/.local/lib/python3.8/site-packages/airflow/example_dags/example_external_task_marker_dag.py for tasks to queue
[2023-09-28T18:09:01.456+0000] {logging_mixin.py:151} INFO - [2023-09-28T18:09:01.456+0000] {dagbag.py:539} INFO - Filling up the DagBag from /home/airflow/.local/lib/python3.8/site-packages/airflow/example_dags/example_external_task_marker_dag.py
[2023-09-28T18:09:01.461+0000] {processor.py:839} INFO - DAG(s) dict_keys(['example_external_task_marker_parent', 'example_external_task_marker_child']) retrieved from /home/airflow/.local/lib/python3.8/site-packages/airflow/example_dags/example_external_task_marker_dag.py
[2023-09-28T18:09:01.482+0000] {logging_mixin.py:151} INFO - [2023-09-28T18:09:01.481+0000] {dag.py:2915} INFO - Sync 2 DAGs
[2023-09-28T18:09:01.491+0000] {logging_mixin.py:151} INFO - [2023-09-28T18:09:01.491+0000] {dag.py:3696} INFO - Setting next_dagrun for example_external_task_marker_child to None, run_after=None
[2023-09-28T18:09:01.495+0000] {logging_mixin.py:151} INFO - [2023-09-28T18:09:01.495+0000] {dag.py:3696} INFO - Setting next_dagrun for example_external_task_marker_parent to None, run_after=None
[2023-09-28T18:09:01.507+0000] {processor.py:179} INFO - Processing /home/airflow/.local/lib/python3.8/site-packages/airflow/example_dags/example_external_task_marker_dag.py took 0.058 seconds
[2023-09-28T18:09:32.181+0000] {processor.py:157} INFO - Started process (PID=467) to work on /home/airflow/.local/lib/python3.8/site-packages/airflow/example_dags/example_external_task_marker_dag.py
[2023-09-28T18:09:32.184+0000] {processor.py:829} INFO - Processing file /home/airflow/.local/lib/python3.8/site-packages/airflow/example_dags/example_external_task_marker_dag.py for tasks to queue
[2023-09-28T18:09:32.187+0000] {logging_mixin.py:151} INFO - [2023-09-28T18:09:32.187+0000] {dagbag.py:539} INFO - Filling up the DagBag from /home/airflow/.local/lib/python3.8/site-packages/airflow/example_dags/example_external_task_marker_dag.py
[2023-09-28T18:09:32.192+0000] {processor.py:839} INFO - DAG(s) dict_keys(['example_external_task_marker_child', 'example_external_task_marker_parent']) retrieved from /home/airflow/.local/lib/python3.8/site-packages/airflow/example_dags/example_external_task_marker_dag.py
[2023-09-28T18:09:32.213+0000] {logging_mixin.py:151} INFO - [2023-09-28T18:09:32.212+0000] {dag.py:2915} INFO - Sync 2 DAGs
[2023-09-28T18:09:32.222+0000] {logging_mixin.py:151} INFO - [2023-09-28T18:09:32.222+0000] {dag.py:3696} INFO - Setting next_dagrun for example_external_task_marker_child to None, run_after=None
[2023-09-28T18:09:32.226+0000] {logging_mixin.py:151} INFO - [2023-09-28T18:09:32.226+0000] {dag.py:3696} INFO - Setting next_dagrun for example_external_task_marker_parent to None, run_after=None
[2023-09-28T18:09:32.242+0000] {processor.py:179} INFO - Processing /home/airflow/.local/lib/python3.8/site-packages/airflow/example_dags/example_external_task_marker_dag.py took 0.064 seconds
[2023-09-28T18:10:03.020+0000] {processor.py:157} INFO - Started process (PID=521) to work on /home/airflow/.local/lib/python3.8/site-packages/airflow/example_dags/example_external_task_marker_dag.py
[2023-09-28T18:10:03.022+0000] {processor.py:829} INFO - Processing file /home/airflow/.local/lib/python3.8/site-packages/airflow/example_dags/example_external_task_marker_dag.py for tasks to queue
[2023-09-28T18:10:03.024+0000] {logging_mixin.py:151} INFO - [2023-09-28T18:10:03.024+0000] {dagbag.py:539} INFO - Filling up the DagBag from /home/airflow/.local/lib/python3.8/site-packages/airflow/example_dags/example_external_task_marker_dag.py
[2023-09-28T18:10:03.029+0000] {processor.py:839} INFO - DAG(s) dict_keys(['example_external_task_marker_parent', 'example_external_task_marker_child']) retrieved from /home/airflow/.local/lib/python3.8/site-packages/airflow/example_dags/example_external_task_marker_dag.py
[2023-09-28T18:10:03.055+0000] {logging_mixin.py:151} INFO - [2023-09-28T18:10:03.055+0000] {dag.py:2915} INFO - Sync 2 DAGs
[2023-09-28T18:10:03.064+0000] {logging_mixin.py:151} INFO - [2023-09-28T18:10:03.064+0000] {dag.py:3696} INFO - Setting next_dagrun for example_external_task_marker_child to None, run_after=None
[2023-09-28T18:10:03.068+0000] {logging_mixin.py:151} INFO - [2023-09-28T18:10:03.067+0000] {dag.py:3696} INFO - Setting next_dagrun for example_external_task_marker_parent to None, run_after=None
[2023-09-28T18:10:03.079+0000] {processor.py:179} INFO - Processing /home/airflow/.local/lib/python3.8/site-packages/airflow/example_dags/example_external_task_marker_dag.py took 0.061 seconds
[2023-09-28T18:10:34.731+0000] {processor.py:157} INFO - Started process (PID=575) to work on /home/airflow/.local/lib/python3.8/site-packages/airflow/example_dags/example_external_task_marker_dag.py
[2023-09-28T18:10:34.739+0000] {processor.py:829} INFO - Processing file /home/airflow/.local/lib/python3.8/site-packages/airflow/example_dags/example_external_task_marker_dag.py for tasks to queue
[2023-09-28T18:10:34.741+0000] {logging_mixin.py:151} INFO - [2023-09-28T18:10:34.741+0000] {dagbag.py:539} INFO - Filling up the DagBag from /home/airflow/.local/lib/python3.8/site-packages/airflow/example_dags/example_external_task_marker_dag.py
[2023-09-28T18:10:34.746+0000] {processor.py:839} INFO - DAG(s) dict_keys(['example_external_task_marker_parent', 'example_external_task_marker_child']) retrieved from /home/airflow/.local/lib/python3.8/site-packages/airflow/example_dags/example_external_task_marker_dag.py
[2023-09-28T18:10:34.766+0000] {logging_mixin.py:151} INFO - [2023-09-28T18:10:34.766+0000] {dag.py:2915} INFO - Sync 2 DAGs
[2023-09-28T18:10:34.775+0000] {logging_mixin.py:151} INFO - [2023-09-28T18:10:34.775+0000] {dag.py:3696} INFO - Setting next_dagrun for example_external_task_marker_child to None, run_after=None
[2023-09-28T18:10:34.778+0000] {logging_mixin.py:151} INFO - [2023-09-28T18:10:34.778+0000] {dag.py:3696} INFO - Setting next_dagrun for example_external_task_marker_parent to None, run_after=None
[2023-09-28T18:10:34.794+0000] {processor.py:179} INFO - Processing /home/airflow/.local/lib/python3.8/site-packages/airflow/example_dags/example_external_task_marker_dag.py took 0.065 seconds
[2023-09-28T18:11:05.922+0000] {processor.py:157} INFO - Started process (PID=630) to work on /home/airflow/.local/lib/python3.8/site-packages/airflow/example_dags/example_external_task_marker_dag.py
[2023-09-28T18:11:05.926+0000] {processor.py:829} INFO - Processing file /home/airflow/.local/lib/python3.8/site-packages/airflow/example_dags/example_external_task_marker_dag.py for tasks to queue
[2023-09-28T18:11:05.934+0000] {logging_mixin.py:151} INFO - [2023-09-28T18:11:05.934+0000] {dagbag.py:539} INFO - Filling up the DagBag from /home/airflow/.local/lib/python3.8/site-packages/airflow/example_dags/example_external_task_marker_dag.py
[2023-09-28T18:11:05.947+0000] {processor.py:839} INFO - DAG(s) dict_keys(['example_external_task_marker_parent', 'example_external_task_marker_child']) retrieved from /home/airflow/.local/lib/python3.8/site-packages/airflow/example_dags/example_external_task_marker_dag.py
[2023-09-28T18:11:05.981+0000] {logging_mixin.py:151} INFO - [2023-09-28T18:11:05.980+0000] {dag.py:2915} INFO - Sync 2 DAGs
[2023-09-28T18:11:05.991+0000] {logging_mixin.py:151} INFO - [2023-09-28T18:11:05.991+0000] {dag.py:3696} INFO - Setting next_dagrun for example_external_task_marker_child to None, run_after=None
[2023-09-28T18:11:05.999+0000] {logging_mixin.py:151} INFO - [2023-09-28T18:11:05.998+0000] {dag.py:3696} INFO - Setting next_dagrun for example_external_task_marker_parent to None, run_after=None
[2023-09-28T18:11:06.038+0000] {processor.py:179} INFO - Processing /home/airflow/.local/lib/python3.8/site-packages/airflow/example_dags/example_external_task_marker_dag.py took 0.119 seconds
[2023-09-28T18:13:54.014+0000] {processor.py:157} INFO - Started process (PID=37) to work on /home/airflow/.local/lib/python3.8/site-packages/airflow/example_dags/example_external_task_marker_dag.py
[2023-09-28T18:13:54.016+0000] {processor.py:829} INFO - Processing file /home/airflow/.local/lib/python3.8/site-packages/airflow/example_dags/example_external_task_marker_dag.py for tasks to queue
[2023-09-28T18:13:54.020+0000] {logging_mixin.py:151} INFO - [2023-09-28T18:13:54.019+0000] {dagbag.py:539} INFO - Filling up the DagBag from /home/airflow/.local/lib/python3.8/site-packages/airflow/example_dags/example_external_task_marker_dag.py
[2023-09-28T18:13:54.029+0000] {processor.py:839} INFO - DAG(s) dict_keys(['example_external_task_marker_parent', 'example_external_task_marker_child']) retrieved from /home/airflow/.local/lib/python3.8/site-packages/airflow/example_dags/example_external_task_marker_dag.py
[2023-09-28T18:13:54.103+0000] {logging_mixin.py:151} INFO - [2023-09-28T18:13:54.103+0000] {manager.py:499} INFO - Created Permission View: %s
[2023-09-28T18:13:54.112+0000] {logging_mixin.py:151} INFO - [2023-09-28T18:13:54.111+0000] {manager.py:499} INFO - Created Permission View: %s
[2023-09-28T18:13:54.118+0000] {logging_mixin.py:151} INFO - [2023-09-28T18:13:54.118+0000] {manager.py:499} INFO - Created Permission View: %s
[2023-09-28T18:13:54.119+0000] {logging_mixin.py:151} INFO - [2023-09-28T18:13:54.119+0000] {security.py:708} INFO - Not syncing DAG-level permissions for DAG 'DAG:example_external_task_marker_parent' as access control is unset.
[2023-09-28T18:13:54.128+0000] {logging_mixin.py:151} INFO - [2023-09-28T18:13:54.128+0000] {manager.py:499} INFO - Created Permission View: %s
[2023-09-28T18:13:54.133+0000] {logging_mixin.py:151} INFO - [2023-09-28T18:13:54.133+0000] {manager.py:499} INFO - Created Permission View: %s
[2023-09-28T18:13:54.138+0000] {logging_mixin.py:151} INFO - [2023-09-28T18:13:54.138+0000] {manager.py:499} INFO - Created Permission View: %s
[2023-09-28T18:13:54.139+0000] {logging_mixin.py:151} INFO - [2023-09-28T18:13:54.139+0000] {security.py:708} INFO - Not syncing DAG-level permissions for DAG 'DAG:example_external_task_marker_child' as access control is unset.
[2023-09-28T18:13:54.140+0000] {logging_mixin.py:151} INFO - [2023-09-28T18:13:54.139+0000] {dag.py:2915} INFO - Sync 2 DAGs
[2023-09-28T18:13:54.147+0000] {logging_mixin.py:151} INFO - [2023-09-28T18:13:54.147+0000] {dag.py:2937} INFO - Creating ORM DAG for example_external_task_marker_parent
[2023-09-28T18:13:54.149+0000] {logging_mixin.py:151} INFO - [2023-09-28T18:13:54.149+0000] {dag.py:2937} INFO - Creating ORM DAG for example_external_task_marker_child
[2023-09-28T18:13:54.150+0000] {logging_mixin.py:151} INFO - [2023-09-28T18:13:54.150+0000] {dag.py:3696} INFO - Setting next_dagrun for example_external_task_marker_child to None, run_after=None
[2023-09-28T18:13:54.151+0000] {logging_mixin.py:151} INFO - [2023-09-28T18:13:54.151+0000] {dag.py:3696} INFO - Setting next_dagrun for example_external_task_marker_parent to None, run_after=None
[2023-09-28T18:13:54.164+0000] {processor.py:179} INFO - Processing /home/airflow/.local/lib/python3.8/site-packages/airflow/example_dags/example_external_task_marker_dag.py took 0.152 seconds
[2023-09-28T18:14:25.033+0000] {processor.py:157} INFO - Started process (PID=91) to work on /home/airflow/.local/lib/python3.8/site-packages/airflow/example_dags/example_external_task_marker_dag.py
[2023-09-28T18:14:25.036+0000] {processor.py:829} INFO - Processing file /home/airflow/.local/lib/python3.8/site-packages/airflow/example_dags/example_external_task_marker_dag.py for tasks to queue
[2023-09-28T18:14:25.038+0000] {logging_mixin.py:151} INFO - [2023-09-28T18:14:25.038+0000] {dagbag.py:539} INFO - Filling up the DagBag from /home/airflow/.local/lib/python3.8/site-packages/airflow/example_dags/example_external_task_marker_dag.py
[2023-09-28T18:14:25.043+0000] {processor.py:839} INFO - DAG(s) dict_keys(['example_external_task_marker_child', 'example_external_task_marker_parent']) retrieved from /home/airflow/.local/lib/python3.8/site-packages/airflow/example_dags/example_external_task_marker_dag.py
[2023-09-28T18:14:25.062+0000] {logging_mixin.py:151} INFO - [2023-09-28T18:14:25.062+0000] {dag.py:2915} INFO - Sync 2 DAGs
[2023-09-28T18:14:25.071+0000] {logging_mixin.py:151} INFO - [2023-09-28T18:14:25.071+0000] {dag.py:3696} INFO - Setting next_dagrun for example_external_task_marker_child to None, run_after=None
[2023-09-28T18:14:25.074+0000] {logging_mixin.py:151} INFO - [2023-09-28T18:14:25.074+0000] {dag.py:3696} INFO - Setting next_dagrun for example_external_task_marker_parent to None, run_after=None
[2023-09-28T18:14:25.085+0000] {processor.py:179} INFO - Processing /home/airflow/.local/lib/python3.8/site-packages/airflow/example_dags/example_external_task_marker_dag.py took 0.054 seconds
[2023-09-28T18:14:55.786+0000] {processor.py:157} INFO - Started process (PID=145) to work on /home/airflow/.local/lib/python3.8/site-packages/airflow/example_dags/example_external_task_marker_dag.py
[2023-09-28T18:14:55.789+0000] {processor.py:829} INFO - Processing file /home/airflow/.local/lib/python3.8/site-packages/airflow/example_dags/example_external_task_marker_dag.py for tasks to queue
[2023-09-28T18:14:55.791+0000] {logging_mixin.py:151} INFO - [2023-09-28T18:14:55.791+0000] {dagbag.py:539} INFO - Filling up the DagBag from /home/airflow/.local/lib/python3.8/site-packages/airflow/example_dags/example_external_task_marker_dag.py
[2023-09-28T18:14:55.796+0000] {processor.py:839} INFO - DAG(s) dict_keys(['example_external_task_marker_child', 'example_external_task_marker_parent']) retrieved from /home/airflow/.local/lib/python3.8/site-packages/airflow/example_dags/example_external_task_marker_dag.py
[2023-09-28T18:14:55.814+0000] {logging_mixin.py:151} INFO - [2023-09-28T18:14:55.814+0000] {dag.py:2915} INFO - Sync 2 DAGs
[2023-09-28T18:14:55.824+0000] {logging_mixin.py:151} INFO - [2023-09-28T18:14:55.824+0000] {dag.py:3696} INFO - Setting next_dagrun for example_external_task_marker_child to None, run_after=None
[2023-09-28T18:14:55.828+0000] {logging_mixin.py:151} INFO - [2023-09-28T18:14:55.828+0000] {dag.py:3696} INFO - Setting next_dagrun for example_external_task_marker_parent to None, run_after=None
[2023-09-28T18:14:55.839+0000] {processor.py:179} INFO - Processing /home/airflow/.local/lib/python3.8/site-packages/airflow/example_dags/example_external_task_marker_dag.py took 0.056 seconds
[2023-09-28T18:15:26.524+0000] {processor.py:157} INFO - Started process (PID=199) to work on /home/airflow/.local/lib/python3.8/site-packages/airflow/example_dags/example_external_task_marker_dag.py
[2023-09-28T18:15:26.526+0000] {processor.py:829} INFO - Processing file /home/airflow/.local/lib/python3.8/site-packages/airflow/example_dags/example_external_task_marker_dag.py for tasks to queue
[2023-09-28T18:15:26.529+0000] {logging_mixin.py:151} INFO - [2023-09-28T18:15:26.528+0000] {dagbag.py:539} INFO - Filling up the DagBag from /home/airflow/.local/lib/python3.8/site-packages/airflow/example_dags/example_external_task_marker_dag.py
[2023-09-28T18:15:26.534+0000] {processor.py:839} INFO - DAG(s) dict_keys(['example_external_task_marker_parent', 'example_external_task_marker_child']) retrieved from /home/airflow/.local/lib/python3.8/site-packages/airflow/example_dags/example_external_task_marker_dag.py
[2023-09-28T18:15:26.559+0000] {logging_mixin.py:151} INFO - [2023-09-28T18:15:26.559+0000] {dag.py:2915} INFO - Sync 2 DAGs
[2023-09-28T18:15:26.568+0000] {logging_mixin.py:151} INFO - [2023-09-28T18:15:26.568+0000] {dag.py:3696} INFO - Setting next_dagrun for example_external_task_marker_child to None, run_after=None
[2023-09-28T18:15:26.572+0000] {logging_mixin.py:151} INFO - [2023-09-28T18:15:26.572+0000] {dag.py:3696} INFO - Setting next_dagrun for example_external_task_marker_parent to None, run_after=None
[2023-09-28T18:15:26.585+0000] {processor.py:179} INFO - Processing /home/airflow/.local/lib/python3.8/site-packages/airflow/example_dags/example_external_task_marker_dag.py took 0.064 seconds
[2023-09-28T18:15:57.251+0000] {processor.py:157} INFO - Started process (PID=253) to work on /home/airflow/.local/lib/python3.8/site-packages/airflow/example_dags/example_external_task_marker_dag.py
[2023-09-28T18:15:57.253+0000] {processor.py:829} INFO - Processing file /home/airflow/.local/lib/python3.8/site-packages/airflow/example_dags/example_external_task_marker_dag.py for tasks to queue
[2023-09-28T18:15:57.255+0000] {logging_mixin.py:151} INFO - [2023-09-28T18:15:57.255+0000] {dagbag.py:539} INFO - Filling up the DagBag from /home/airflow/.local/lib/python3.8/site-packages/airflow/example_dags/example_external_task_marker_dag.py
[2023-09-28T18:15:57.260+0000] {processor.py:839} INFO - DAG(s) dict_keys(['example_external_task_marker_parent', 'example_external_task_marker_child']) retrieved from /home/airflow/.local/lib/python3.8/site-packages/airflow/example_dags/example_external_task_marker_dag.py
[2023-09-28T18:15:57.279+0000] {logging_mixin.py:151} INFO - [2023-09-28T18:15:57.279+0000] {dag.py:2915} INFO - Sync 2 DAGs
[2023-09-28T18:15:57.289+0000] {logging_mixin.py:151} INFO - [2023-09-28T18:15:57.289+0000] {dag.py:3696} INFO - Setting next_dagrun for example_external_task_marker_child to None, run_after=None
[2023-09-28T18:15:57.293+0000] {logging_mixin.py:151} INFO - [2023-09-28T18:15:57.293+0000] {dag.py:3696} INFO - Setting next_dagrun for example_external_task_marker_parent to None, run_after=None
[2023-09-28T18:15:57.306+0000] {processor.py:179} INFO - Processing /home/airflow/.local/lib/python3.8/site-packages/airflow/example_dags/example_external_task_marker_dag.py took 0.057 seconds
[2023-09-28T18:16:27.810+0000] {processor.py:157} INFO - Started process (PID=307) to work on /home/airflow/.local/lib/python3.8/site-packages/airflow/example_dags/example_external_task_marker_dag.py
[2023-09-28T18:16:27.812+0000] {processor.py:829} INFO - Processing file /home/airflow/.local/lib/python3.8/site-packages/airflow/example_dags/example_external_task_marker_dag.py for tasks to queue
[2023-09-28T18:16:27.814+0000] {logging_mixin.py:151} INFO - [2023-09-28T18:16:27.814+0000] {dagbag.py:539} INFO - Filling up the DagBag from /home/airflow/.local/lib/python3.8/site-packages/airflow/example_dags/example_external_task_marker_dag.py
[2023-09-28T18:16:27.819+0000] {processor.py:839} INFO - DAG(s) dict_keys(['example_external_task_marker_child', 'example_external_task_marker_parent']) retrieved from /home/airflow/.local/lib/python3.8/site-packages/airflow/example_dags/example_external_task_marker_dag.py
[2023-09-28T18:16:27.838+0000] {logging_mixin.py:151} INFO - [2023-09-28T18:16:27.838+0000] {dag.py:2915} INFO - Sync 2 DAGs
[2023-09-28T18:16:27.847+0000] {logging_mixin.py:151} INFO - [2023-09-28T18:16:27.847+0000] {dag.py:3696} INFO - Setting next_dagrun for example_external_task_marker_child to None, run_after=None
[2023-09-28T18:16:27.850+0000] {logging_mixin.py:151} INFO - [2023-09-28T18:16:27.850+0000] {dag.py:3696} INFO - Setting next_dagrun for example_external_task_marker_parent to None, run_after=None
[2023-09-28T18:16:27.862+0000] {processor.py:179} INFO - Processing /home/airflow/.local/lib/python3.8/site-packages/airflow/example_dags/example_external_task_marker_dag.py took 0.055 seconds
[2023-09-28T18:16:58.713+0000] {processor.py:157} INFO - Started process (PID=361) to work on /home/airflow/.local/lib/python3.8/site-packages/airflow/example_dags/example_external_task_marker_dag.py
[2023-09-28T18:16:58.716+0000] {processor.py:829} INFO - Processing file /home/airflow/.local/lib/python3.8/site-packages/airflow/example_dags/example_external_task_marker_dag.py for tasks to queue
[2023-09-28T18:16:58.719+0000] {logging_mixin.py:151} INFO - [2023-09-28T18:16:58.719+0000] {dagbag.py:539} INFO - Filling up the DagBag from /home/airflow/.local/lib/python3.8/site-packages/airflow/example_dags/example_external_task_marker_dag.py
[2023-09-28T18:16:58.724+0000] {processor.py:839} INFO - DAG(s) dict_keys(['example_external_task_marker_child', 'example_external_task_marker_parent']) retrieved from /home/airflow/.local/lib/python3.8/site-packages/airflow/example_dags/example_external_task_marker_dag.py
[2023-09-28T18:16:58.744+0000] {logging_mixin.py:151} INFO - [2023-09-28T18:16:58.744+0000] {dag.py:2915} INFO - Sync 2 DAGs
[2023-09-28T18:16:58.753+0000] {logging_mixin.py:151} INFO - [2023-09-28T18:16:58.753+0000] {dag.py:3696} INFO - Setting next_dagrun for example_external_task_marker_child to None, run_after=None
[2023-09-28T18:16:58.756+0000] {logging_mixin.py:151} INFO - [2023-09-28T18:16:58.756+0000] {dag.py:3696} INFO - Setting next_dagrun for example_external_task_marker_parent to None, run_after=None
[2023-09-28T18:16:58.769+0000] {processor.py:179} INFO - Processing /home/airflow/.local/lib/python3.8/site-packages/airflow/example_dags/example_external_task_marker_dag.py took 0.058 seconds
[2023-09-28T18:17:29.316+0000] {processor.py:157} INFO - Started process (PID=414) to work on /home/airflow/.local/lib/python3.8/site-packages/airflow/example_dags/example_external_task_marker_dag.py
[2023-09-28T18:17:29.319+0000] {processor.py:829} INFO - Processing file /home/airflow/.local/lib/python3.8/site-packages/airflow/example_dags/example_external_task_marker_dag.py for tasks to queue
[2023-09-28T18:17:29.322+0000] {logging_mixin.py:151} INFO - [2023-09-28T18:17:29.322+0000] {dagbag.py:539} INFO - Filling up the DagBag from /home/airflow/.local/lib/python3.8/site-packages/airflow/example_dags/example_external_task_marker_dag.py
[2023-09-28T18:17:29.326+0000] {processor.py:839} INFO - DAG(s) dict_keys(['example_external_task_marker_parent', 'example_external_task_marker_child']) retrieved from /home/airflow/.local/lib/python3.8/site-packages/airflow/example_dags/example_external_task_marker_dag.py
[2023-09-28T18:17:29.346+0000] {logging_mixin.py:151} INFO - [2023-09-28T18:17:29.346+0000] {dag.py:2915} INFO - Sync 2 DAGs
[2023-09-28T18:17:29.354+0000] {logging_mixin.py:151} INFO - [2023-09-28T18:17:29.354+0000] {dag.py:3696} INFO - Setting next_dagrun for example_external_task_marker_child to None, run_after=None
[2023-09-28T18:17:29.358+0000] {logging_mixin.py:151} INFO - [2023-09-28T18:17:29.358+0000] {dag.py:3696} INFO - Setting next_dagrun for example_external_task_marker_parent to None, run_after=None
[2023-09-28T18:17:29.369+0000] {processor.py:179} INFO - Processing /home/airflow/.local/lib/python3.8/site-packages/airflow/example_dags/example_external_task_marker_dag.py took 0.055 seconds
[2023-09-28T18:18:00.047+0000] {processor.py:157} INFO - Started process (PID=469) to work on /home/airflow/.local/lib/python3.8/site-packages/airflow/example_dags/example_external_task_marker_dag.py
[2023-09-28T18:18:00.049+0000] {processor.py:829} INFO - Processing file /home/airflow/.local/lib/python3.8/site-packages/airflow/example_dags/example_external_task_marker_dag.py for tasks to queue
[2023-09-28T18:18:00.051+0000] {logging_mixin.py:151} INFO - [2023-09-28T18:18:00.051+0000] {dagbag.py:539} INFO - Filling up the DagBag from /home/airflow/.local/lib/python3.8/site-packages/airflow/example_dags/example_external_task_marker_dag.py
[2023-09-28T18:18:00.056+0000] {processor.py:839} INFO - DAG(s) dict_keys(['example_external_task_marker_child', 'example_external_task_marker_parent']) retrieved from /home/airflow/.local/lib/python3.8/site-packages/airflow/example_dags/example_external_task_marker_dag.py
[2023-09-28T18:18:00.076+0000] {logging_mixin.py:151} INFO - [2023-09-28T18:18:00.076+0000] {dag.py:2915} INFO - Sync 2 DAGs
[2023-09-28T18:18:00.085+0000] {logging_mixin.py:151} INFO - [2023-09-28T18:18:00.085+0000] {dag.py:3696} INFO - Setting next_dagrun for example_external_task_marker_child to None, run_after=None
[2023-09-28T18:18:00.088+0000] {logging_mixin.py:151} INFO - [2023-09-28T18:18:00.088+0000] {dag.py:3696} INFO - Setting next_dagrun for example_external_task_marker_parent to None, run_after=None
[2023-09-28T18:18:00.099+0000] {processor.py:179} INFO - Processing /home/airflow/.local/lib/python3.8/site-packages/airflow/example_dags/example_external_task_marker_dag.py took 0.054 seconds
[2023-09-28T18:18:30.774+0000] {processor.py:157} INFO - Started process (PID=523) to work on /home/airflow/.local/lib/python3.8/site-packages/airflow/example_dags/example_external_task_marker_dag.py
[2023-09-28T18:18:30.776+0000] {processor.py:829} INFO - Processing file /home/airflow/.local/lib/python3.8/site-packages/airflow/example_dags/example_external_task_marker_dag.py for tasks to queue
[2023-09-28T18:18:30.779+0000] {logging_mixin.py:151} INFO - [2023-09-28T18:18:30.779+0000] {dagbag.py:539} INFO - Filling up the DagBag from /home/airflow/.local/lib/python3.8/site-packages/airflow/example_dags/example_external_task_marker_dag.py
[2023-09-28T18:18:30.784+0000] {processor.py:839} INFO - DAG(s) dict_keys(['example_external_task_marker_child', 'example_external_task_marker_parent']) retrieved from /home/airflow/.local/lib/python3.8/site-packages/airflow/example_dags/example_external_task_marker_dag.py
[2023-09-28T18:18:30.804+0000] {logging_mixin.py:151} INFO - [2023-09-28T18:18:30.804+0000] {dag.py:2915} INFO - Sync 2 DAGs
[2023-09-28T18:18:30.815+0000] {logging_mixin.py:151} INFO - [2023-09-28T18:18:30.815+0000] {dag.py:3696} INFO - Setting next_dagrun for example_external_task_marker_child to None, run_after=None
[2023-09-28T18:18:30.818+0000] {logging_mixin.py:151} INFO - [2023-09-28T18:18:30.818+0000] {dag.py:3696} INFO - Setting next_dagrun for example_external_task_marker_parent to None, run_after=None
[2023-09-28T18:18:30.829+0000] {processor.py:179} INFO - Processing /home/airflow/.local/lib/python3.8/site-packages/airflow/example_dags/example_external_task_marker_dag.py took 0.057 seconds
[2023-09-28T18:19:01.688+0000] {processor.py:157} INFO - Started process (PID=578) to work on /home/airflow/.local/lib/python3.8/site-packages/airflow/example_dags/example_external_task_marker_dag.py
[2023-09-28T18:19:01.691+0000] {processor.py:829} INFO - Processing file /home/airflow/.local/lib/python3.8/site-packages/airflow/example_dags/example_external_task_marker_dag.py for tasks to queue
[2023-09-28T18:19:01.693+0000] {logging_mixin.py:151} INFO - [2023-09-28T18:19:01.693+0000] {dagbag.py:539} INFO - Filling up the DagBag from /home/airflow/.local/lib/python3.8/site-packages/airflow/example_dags/example_external_task_marker_dag.py
[2023-09-28T18:19:01.699+0000] {processor.py:839} INFO - DAG(s) dict_keys(['example_external_task_marker_child', 'example_external_task_marker_parent']) retrieved from /home/airflow/.local/lib/python3.8/site-packages/airflow/example_dags/example_external_task_marker_dag.py
[2023-09-28T18:19:01.719+0000] {logging_mixin.py:151} INFO - [2023-09-28T18:19:01.719+0000] {dag.py:2915} INFO - Sync 2 DAGs
[2023-09-28T18:19:01.729+0000] {logging_mixin.py:151} INFO - [2023-09-28T18:19:01.729+0000] {dag.py:3696} INFO - Setting next_dagrun for example_external_task_marker_child to None, run_after=None
[2023-09-28T18:19:01.733+0000] {logging_mixin.py:151} INFO - [2023-09-28T18:19:01.733+0000] {dag.py:3696} INFO - Setting next_dagrun for example_external_task_marker_parent to None, run_after=None
[2023-09-28T18:19:01.746+0000] {processor.py:179} INFO - Processing /home/airflow/.local/lib/python3.8/site-packages/airflow/example_dags/example_external_task_marker_dag.py took 0.060 seconds
[2023-09-28T18:19:32.439+0000] {processor.py:157} INFO - Started process (PID=632) to work on /home/airflow/.local/lib/python3.8/site-packages/airflow/example_dags/example_external_task_marker_dag.py
[2023-09-28T18:19:32.441+0000] {processor.py:829} INFO - Processing file /home/airflow/.local/lib/python3.8/site-packages/airflow/example_dags/example_external_task_marker_dag.py for tasks to queue
[2023-09-28T18:19:32.445+0000] {logging_mixin.py:151} INFO - [2023-09-28T18:19:32.444+0000] {dagbag.py:539} INFO - Filling up the DagBag from /home/airflow/.local/lib/python3.8/site-packages/airflow/example_dags/example_external_task_marker_dag.py
[2023-09-28T18:19:32.450+0000] {processor.py:839} INFO - DAG(s) dict_keys(['example_external_task_marker_child', 'example_external_task_marker_parent']) retrieved from /home/airflow/.local/lib/python3.8/site-packages/airflow/example_dags/example_external_task_marker_dag.py
[2023-09-28T18:19:32.471+0000] {logging_mixin.py:151} INFO - [2023-09-28T18:19:32.471+0000] {dag.py:2915} INFO - Sync 2 DAGs
[2023-09-28T18:19:32.481+0000] {logging_mixin.py:151} INFO - [2023-09-28T18:19:32.481+0000] {dag.py:3696} INFO - Setting next_dagrun for example_external_task_marker_child to None, run_after=None
[2023-09-28T18:19:32.485+0000] {logging_mixin.py:151} INFO - [2023-09-28T18:19:32.485+0000] {dag.py:3696} INFO - Setting next_dagrun for example_external_task_marker_parent to None, run_after=None
[2023-09-28T18:19:32.499+0000] {processor.py:179} INFO - Processing /home/airflow/.local/lib/python3.8/site-packages/airflow/example_dags/example_external_task_marker_dag.py took 0.062 seconds
[2023-09-28T18:20:03.154+0000] {processor.py:157} INFO - Started process (PID=686) to work on /home/airflow/.local/lib/python3.8/site-packages/airflow/example_dags/example_external_task_marker_dag.py
[2023-09-28T18:20:03.157+0000] {processor.py:829} INFO - Processing file /home/airflow/.local/lib/python3.8/site-packages/airflow/example_dags/example_external_task_marker_dag.py for tasks to queue
[2023-09-28T18:20:03.159+0000] {logging_mixin.py:151} INFO - [2023-09-28T18:20:03.159+0000] {dagbag.py:539} INFO - Filling up the DagBag from /home/airflow/.local/lib/python3.8/site-packages/airflow/example_dags/example_external_task_marker_dag.py
[2023-09-28T18:20:03.164+0000] {processor.py:839} INFO - DAG(s) dict_keys(['example_external_task_marker_parent', 'example_external_task_marker_child']) retrieved from /home/airflow/.local/lib/python3.8/site-packages/airflow/example_dags/example_external_task_marker_dag.py
[2023-09-28T18:20:03.184+0000] {logging_mixin.py:151} INFO - [2023-09-28T18:20:03.184+0000] {dag.py:2915} INFO - Sync 2 DAGs
[2023-09-28T18:20:03.193+0000] {logging_mixin.py:151} INFO - [2023-09-28T18:20:03.193+0000] {dag.py:3696} INFO - Setting next_dagrun for example_external_task_marker_child to None, run_after=None
[2023-09-28T18:20:03.197+0000] {logging_mixin.py:151} INFO - [2023-09-28T18:20:03.197+0000] {dag.py:3696} INFO - Setting next_dagrun for example_external_task_marker_parent to None, run_after=None
[2023-09-28T18:20:03.209+0000] {processor.py:179} INFO - Processing /home/airflow/.local/lib/python3.8/site-packages/airflow/example_dags/example_external_task_marker_dag.py took 0.058 seconds
[2023-09-28T18:20:33.813+0000] {processor.py:157} INFO - Started process (PID=739) to work on /home/airflow/.local/lib/python3.8/site-packages/airflow/example_dags/example_external_task_marker_dag.py
[2023-09-28T18:20:33.815+0000] {processor.py:829} INFO - Processing file /home/airflow/.local/lib/python3.8/site-packages/airflow/example_dags/example_external_task_marker_dag.py for tasks to queue
[2023-09-28T18:20:33.817+0000] {logging_mixin.py:151} INFO - [2023-09-28T18:20:33.817+0000] {dagbag.py:539} INFO - Filling up the DagBag from /home/airflow/.local/lib/python3.8/site-packages/airflow/example_dags/example_external_task_marker_dag.py
[2023-09-28T18:20:33.822+0000] {processor.py:839} INFO - DAG(s) dict_keys(['example_external_task_marker_child', 'example_external_task_marker_parent']) retrieved from /home/airflow/.local/lib/python3.8/site-packages/airflow/example_dags/example_external_task_marker_dag.py
[2023-09-28T18:20:33.844+0000] {logging_mixin.py:151} INFO - [2023-09-28T18:20:33.844+0000] {dag.py:2915} INFO - Sync 2 DAGs
[2023-09-28T18:20:33.854+0000] {logging_mixin.py:151} INFO - [2023-09-28T18:20:33.854+0000] {dag.py:3696} INFO - Setting next_dagrun for example_external_task_marker_child to None, run_after=None
[2023-09-28T18:20:33.858+0000] {logging_mixin.py:151} INFO - [2023-09-28T18:20:33.858+0000] {dag.py:3696} INFO - Setting next_dagrun for example_external_task_marker_parent to None, run_after=None
[2023-09-28T18:20:33.871+0000] {processor.py:179} INFO - Processing /home/airflow/.local/lib/python3.8/site-packages/airflow/example_dags/example_external_task_marker_dag.py took 0.060 seconds
[2023-09-28T18:21:04.450+0000] {processor.py:157} INFO - Started process (PID=793) to work on /home/airflow/.local/lib/python3.8/site-packages/airflow/example_dags/example_external_task_marker_dag.py
[2023-09-28T18:21:04.452+0000] {processor.py:829} INFO - Processing file /home/airflow/.local/lib/python3.8/site-packages/airflow/example_dags/example_external_task_marker_dag.py for tasks to queue
[2023-09-28T18:21:04.454+0000] {logging_mixin.py:151} INFO - [2023-09-28T18:21:04.454+0000] {dagbag.py:539} INFO - Filling up the DagBag from /home/airflow/.local/lib/python3.8/site-packages/airflow/example_dags/example_external_task_marker_dag.py
[2023-09-28T18:21:04.459+0000] {processor.py:839} INFO - DAG(s) dict_keys(['example_external_task_marker_child', 'example_external_task_marker_parent']) retrieved from /home/airflow/.local/lib/python3.8/site-packages/airflow/example_dags/example_external_task_marker_dag.py
[2023-09-28T18:21:04.479+0000] {logging_mixin.py:151} INFO - [2023-09-28T18:21:04.479+0000] {dag.py:2915} INFO - Sync 2 DAGs
[2023-09-28T18:21:04.489+0000] {logging_mixin.py:151} INFO - [2023-09-28T18:21:04.489+0000] {dag.py:3696} INFO - Setting next_dagrun for example_external_task_marker_child to None, run_after=None
[2023-09-28T18:21:04.493+0000] {logging_mixin.py:151} INFO - [2023-09-28T18:21:04.492+0000] {dag.py:3696} INFO - Setting next_dagrun for example_external_task_marker_parent to None, run_after=None
[2023-09-28T18:21:04.505+0000] {processor.py:179} INFO - Processing /home/airflow/.local/lib/python3.8/site-packages/airflow/example_dags/example_external_task_marker_dag.py took 0.058 seconds
[2023-09-28T18:21:35.503+0000] {processor.py:157} INFO - Started process (PID=847) to work on /home/airflow/.local/lib/python3.8/site-packages/airflow/example_dags/example_external_task_marker_dag.py
[2023-09-28T18:21:35.505+0000] {processor.py:829} INFO - Processing file /home/airflow/.local/lib/python3.8/site-packages/airflow/example_dags/example_external_task_marker_dag.py for tasks to queue
[2023-09-28T18:21:35.511+0000] {logging_mixin.py:151} INFO - [2023-09-28T18:21:35.511+0000] {dagbag.py:539} INFO - Filling up the DagBag from /home/airflow/.local/lib/python3.8/site-packages/airflow/example_dags/example_external_task_marker_dag.py
[2023-09-28T18:21:35.516+0000] {processor.py:839} INFO - DAG(s) dict_keys(['example_external_task_marker_parent', 'example_external_task_marker_child']) retrieved from /home/airflow/.local/lib/python3.8/site-packages/airflow/example_dags/example_external_task_marker_dag.py
[2023-09-28T18:21:35.535+0000] {logging_mixin.py:151} INFO - [2023-09-28T18:21:35.535+0000] {dag.py:2915} INFO - Sync 2 DAGs
[2023-09-28T18:21:35.543+0000] {logging_mixin.py:151} INFO - [2023-09-28T18:21:35.543+0000] {dag.py:3696} INFO - Setting next_dagrun for example_external_task_marker_child to None, run_after=None
[2023-09-28T18:21:35.548+0000] {logging_mixin.py:151} INFO - [2023-09-28T18:21:35.548+0000] {dag.py:3696} INFO - Setting next_dagrun for example_external_task_marker_parent to None, run_after=None
[2023-09-28T18:21:35.562+0000] {processor.py:179} INFO - Processing /home/airflow/.local/lib/python3.8/site-packages/airflow/example_dags/example_external_task_marker_dag.py took 0.061 seconds
[2023-09-28T18:22:06.145+0000] {processor.py:157} INFO - Started process (PID=901) to work on /home/airflow/.local/lib/python3.8/site-packages/airflow/example_dags/example_external_task_marker_dag.py
[2023-09-28T18:22:06.148+0000] {processor.py:829} INFO - Processing file /home/airflow/.local/lib/python3.8/site-packages/airflow/example_dags/example_external_task_marker_dag.py for tasks to queue
[2023-09-28T18:22:06.150+0000] {logging_mixin.py:151} INFO - [2023-09-28T18:22:06.150+0000] {dagbag.py:539} INFO - Filling up the DagBag from /home/airflow/.local/lib/python3.8/site-packages/airflow/example_dags/example_external_task_marker_dag.py
[2023-09-28T18:22:06.155+0000] {processor.py:839} INFO - DAG(s) dict_keys(['example_external_task_marker_child', 'example_external_task_marker_parent']) retrieved from /home/airflow/.local/lib/python3.8/site-packages/airflow/example_dags/example_external_task_marker_dag.py
[2023-09-28T18:22:06.177+0000] {logging_mixin.py:151} INFO - [2023-09-28T18:22:06.176+0000] {dag.py:2915} INFO - Sync 2 DAGs
[2023-09-28T18:22:06.186+0000] {logging_mixin.py:151} INFO - [2023-09-28T18:22:06.186+0000] {dag.py:3696} INFO - Setting next_dagrun for example_external_task_marker_child to None, run_after=None
[2023-09-28T18:22:06.190+0000] {logging_mixin.py:151} INFO - [2023-09-28T18:22:06.190+0000] {dag.py:3696} INFO - Setting next_dagrun for example_external_task_marker_parent to None, run_after=None
[2023-09-28T18:22:06.204+0000] {processor.py:179} INFO - Processing /home/airflow/.local/lib/python3.8/site-packages/airflow/example_dags/example_external_task_marker_dag.py took 0.061 seconds
[2023-09-28T18:22:37.042+0000] {processor.py:157} INFO - Started process (PID=954) to work on /home/airflow/.local/lib/python3.8/site-packages/airflow/example_dags/example_external_task_marker_dag.py
[2023-09-28T18:22:37.045+0000] {processor.py:829} INFO - Processing file /home/airflow/.local/lib/python3.8/site-packages/airflow/example_dags/example_external_task_marker_dag.py for tasks to queue
[2023-09-28T18:22:37.047+0000] {logging_mixin.py:151} INFO - [2023-09-28T18:22:37.047+0000] {dagbag.py:539} INFO - Filling up the DagBag from /home/airflow/.local/lib/python3.8/site-packages/airflow/example_dags/example_external_task_marker_dag.py
[2023-09-28T18:22:37.052+0000] {processor.py:839} INFO - DAG(s) dict_keys(['example_external_task_marker_parent', 'example_external_task_marker_child']) retrieved from /home/airflow/.local/lib/python3.8/site-packages/airflow/example_dags/example_external_task_marker_dag.py
[2023-09-28T18:22:37.072+0000] {logging_mixin.py:151} INFO - [2023-09-28T18:22:37.072+0000] {dag.py:2915} INFO - Sync 2 DAGs
[2023-09-28T18:22:37.080+0000] {logging_mixin.py:151} INFO - [2023-09-28T18:22:37.080+0000] {dag.py:3696} INFO - Setting next_dagrun for example_external_task_marker_child to None, run_after=None
[2023-09-28T18:22:37.084+0000] {logging_mixin.py:151} INFO - [2023-09-28T18:22:37.083+0000] {dag.py:3696} INFO - Setting next_dagrun for example_external_task_marker_parent to None, run_after=None
[2023-09-28T18:22:37.096+0000] {processor.py:179} INFO - Processing /home/airflow/.local/lib/python3.8/site-packages/airflow/example_dags/example_external_task_marker_dag.py took 0.057 seconds
[2023-09-28T18:23:07.871+0000] {processor.py:157} INFO - Started process (PID=1007) to work on /home/airflow/.local/lib/python3.8/site-packages/airflow/example_dags/example_external_task_marker_dag.py
[2023-09-28T18:23:07.874+0000] {processor.py:829} INFO - Processing file /home/airflow/.local/lib/python3.8/site-packages/airflow/example_dags/example_external_task_marker_dag.py for tasks to queue
[2023-09-28T18:23:07.877+0000] {logging_mixin.py:151} INFO - [2023-09-28T18:23:07.877+0000] {dagbag.py:539} INFO - Filling up the DagBag from /home/airflow/.local/lib/python3.8/site-packages/airflow/example_dags/example_external_task_marker_dag.py
[2023-09-28T18:23:07.883+0000] {processor.py:839} INFO - DAG(s) dict_keys(['example_external_task_marker_parent', 'example_external_task_marker_child']) retrieved from /home/airflow/.local/lib/python3.8/site-packages/airflow/example_dags/example_external_task_marker_dag.py
[2023-09-28T18:23:07.905+0000] {logging_mixin.py:151} INFO - [2023-09-28T18:23:07.905+0000] {dag.py:2915} INFO - Sync 2 DAGs
[2023-09-28T18:23:07.914+0000] {logging_mixin.py:151} INFO - [2023-09-28T18:23:07.914+0000] {dag.py:3696} INFO - Setting next_dagrun for example_external_task_marker_child to None, run_after=None
[2023-09-28T18:23:07.917+0000] {logging_mixin.py:151} INFO - [2023-09-28T18:23:07.917+0000] {dag.py:3696} INFO - Setting next_dagrun for example_external_task_marker_parent to None, run_after=None
[2023-09-28T18:23:07.928+0000] {processor.py:179} INFO - Processing /home/airflow/.local/lib/python3.8/site-packages/airflow/example_dags/example_external_task_marker_dag.py took 0.061 seconds
[2023-09-28T18:23:38.943+0000] {processor.py:157} INFO - Started process (PID=1061) to work on /home/airflow/.local/lib/python3.8/site-packages/airflow/example_dags/example_external_task_marker_dag.py
[2023-09-28T18:23:38.945+0000] {processor.py:829} INFO - Processing file /home/airflow/.local/lib/python3.8/site-packages/airflow/example_dags/example_external_task_marker_dag.py for tasks to queue
[2023-09-28T18:23:38.948+0000] {logging_mixin.py:151} INFO - [2023-09-28T18:23:38.947+0000] {dagbag.py:539} INFO - Filling up the DagBag from /home/airflow/.local/lib/python3.8/site-packages/airflow/example_dags/example_external_task_marker_dag.py
[2023-09-28T18:23:38.953+0000] {processor.py:839} INFO - DAG(s) dict_keys(['example_external_task_marker_parent', 'example_external_task_marker_child']) retrieved from /home/airflow/.local/lib/python3.8/site-packages/airflow/example_dags/example_external_task_marker_dag.py
[2023-09-28T18:23:38.974+0000] {logging_mixin.py:151} INFO - [2023-09-28T18:23:38.974+0000] {dag.py:2915} INFO - Sync 2 DAGs
[2023-09-28T18:23:38.985+0000] {logging_mixin.py:151} INFO - [2023-09-28T18:23:38.985+0000] {dag.py:3696} INFO - Setting next_dagrun for example_external_task_marker_child to None, run_after=None
[2023-09-28T18:23:38.989+0000] {logging_mixin.py:151} INFO - [2023-09-28T18:23:38.989+0000] {dag.py:3696} INFO - Setting next_dagrun for example_external_task_marker_parent to None, run_after=None
[2023-09-28T18:23:39.001+0000] {processor.py:179} INFO - Processing /home/airflow/.local/lib/python3.8/site-packages/airflow/example_dags/example_external_task_marker_dag.py took 0.061 seconds
[2023-09-28T18:34:42.397+0000] {processor.py:157} INFO - Started process (PID=38) to work on /home/airflow/.local/lib/python3.8/site-packages/airflow/example_dags/example_external_task_marker_dag.py
[2023-09-28T18:34:42.401+0000] {processor.py:829} INFO - Processing file /home/airflow/.local/lib/python3.8/site-packages/airflow/example_dags/example_external_task_marker_dag.py for tasks to queue
[2023-09-28T18:34:42.403+0000] {logging_mixin.py:151} INFO - [2023-09-28T18:34:42.403+0000] {dagbag.py:539} INFO - Filling up the DagBag from /home/airflow/.local/lib/python3.8/site-packages/airflow/example_dags/example_external_task_marker_dag.py
[2023-09-28T18:34:42.410+0000] {processor.py:839} INFO - DAG(s) dict_keys(['example_external_task_marker_parent', 'example_external_task_marker_child']) retrieved from /home/airflow/.local/lib/python3.8/site-packages/airflow/example_dags/example_external_task_marker_dag.py
[2023-09-28T18:34:42.423+0000] {logging_mixin.py:151} INFO - [2023-09-28T18:34:42.423+0000] {dag.py:2915} INFO - Sync 2 DAGs
[2023-09-28T18:34:42.436+0000] {logging_mixin.py:151} INFO - [2023-09-28T18:34:42.435+0000] {dag.py:3696} INFO - Setting next_dagrun for example_external_task_marker_child to None, run_after=None
[2023-09-28T18:34:42.440+0000] {logging_mixin.py:151} INFO - [2023-09-28T18:34:42.439+0000] {dag.py:3696} INFO - Setting next_dagrun for example_external_task_marker_parent to None, run_after=None
[2023-09-28T18:34:42.452+0000] {processor.py:179} INFO - Processing /home/airflow/.local/lib/python3.8/site-packages/airflow/example_dags/example_external_task_marker_dag.py took 0.057 seconds
[2023-09-28T18:35:12.864+0000] {processor.py:157} INFO - Started process (PID=91) to work on /home/airflow/.local/lib/python3.8/site-packages/airflow/example_dags/example_external_task_marker_dag.py
[2023-09-28T18:35:12.866+0000] {processor.py:829} INFO - Processing file /home/airflow/.local/lib/python3.8/site-packages/airflow/example_dags/example_external_task_marker_dag.py for tasks to queue
[2023-09-28T18:35:12.868+0000] {logging_mixin.py:151} INFO - [2023-09-28T18:35:12.868+0000] {dagbag.py:539} INFO - Filling up the DagBag from /home/airflow/.local/lib/python3.8/site-packages/airflow/example_dags/example_external_task_marker_dag.py
[2023-09-28T18:35:12.873+0000] {processor.py:839} INFO - DAG(s) dict_keys(['example_external_task_marker_parent', 'example_external_task_marker_child']) retrieved from /home/airflow/.local/lib/python3.8/site-packages/airflow/example_dags/example_external_task_marker_dag.py
[2023-09-28T18:35:12.898+0000] {logging_mixin.py:151} INFO - [2023-09-28T18:35:12.898+0000] {dag.py:2915} INFO - Sync 2 DAGs
[2023-09-28T18:35:12.909+0000] {logging_mixin.py:151} INFO - [2023-09-28T18:35:12.909+0000] {dag.py:3696} INFO - Setting next_dagrun for example_external_task_marker_child to None, run_after=None
[2023-09-28T18:35:12.915+0000] {logging_mixin.py:151} INFO - [2023-09-28T18:35:12.915+0000] {dag.py:3696} INFO - Setting next_dagrun for example_external_task_marker_parent to None, run_after=None
[2023-09-28T18:35:12.933+0000] {processor.py:179} INFO - Processing /home/airflow/.local/lib/python3.8/site-packages/airflow/example_dags/example_external_task_marker_dag.py took 0.072 seconds
[2023-09-28T18:35:43.073+0000] {processor.py:157} INFO - Started process (PID=145) to work on /home/airflow/.local/lib/python3.8/site-packages/airflow/example_dags/example_external_task_marker_dag.py
[2023-09-28T18:35:43.074+0000] {processor.py:829} INFO - Processing file /home/airflow/.local/lib/python3.8/site-packages/airflow/example_dags/example_external_task_marker_dag.py for tasks to queue
[2023-09-28T18:35:43.078+0000] {logging_mixin.py:151} INFO - [2023-09-28T18:35:43.078+0000] {dagbag.py:539} INFO - Filling up the DagBag from /home/airflow/.local/lib/python3.8/site-packages/airflow/example_dags/example_external_task_marker_dag.py
[2023-09-28T18:35:43.083+0000] {processor.py:839} INFO - DAG(s) dict_keys(['example_external_task_marker_parent', 'example_external_task_marker_child']) retrieved from /home/airflow/.local/lib/python3.8/site-packages/airflow/example_dags/example_external_task_marker_dag.py
[2023-09-28T18:35:43.102+0000] {logging_mixin.py:151} INFO - [2023-09-28T18:35:43.102+0000] {dag.py:2915} INFO - Sync 2 DAGs
[2023-09-28T18:35:43.112+0000] {logging_mixin.py:151} INFO - [2023-09-28T18:35:43.112+0000] {dag.py:3696} INFO - Setting next_dagrun for example_external_task_marker_child to None, run_after=None
[2023-09-28T18:35:43.116+0000] {logging_mixin.py:151} INFO - [2023-09-28T18:35:43.116+0000] {dag.py:3696} INFO - Setting next_dagrun for example_external_task_marker_parent to None, run_after=None
[2023-09-28T18:35:43.127+0000] {processor.py:179} INFO - Processing /home/airflow/.local/lib/python3.8/site-packages/airflow/example_dags/example_external_task_marker_dag.py took 0.057 seconds
[2023-09-28T18:36:13.208+0000] {processor.py:157} INFO - Started process (PID=199) to work on /home/airflow/.local/lib/python3.8/site-packages/airflow/example_dags/example_external_task_marker_dag.py
[2023-09-28T18:36:13.211+0000] {processor.py:829} INFO - Processing file /home/airflow/.local/lib/python3.8/site-packages/airflow/example_dags/example_external_task_marker_dag.py for tasks to queue
[2023-09-28T18:36:13.213+0000] {logging_mixin.py:151} INFO - [2023-09-28T18:36:13.213+0000] {dagbag.py:539} INFO - Filling up the DagBag from /home/airflow/.local/lib/python3.8/site-packages/airflow/example_dags/example_external_task_marker_dag.py
[2023-09-28T18:36:13.218+0000] {processor.py:839} INFO - DAG(s) dict_keys(['example_external_task_marker_parent', 'example_external_task_marker_child']) retrieved from /home/airflow/.local/lib/python3.8/site-packages/airflow/example_dags/example_external_task_marker_dag.py
[2023-09-28T18:36:13.236+0000] {logging_mixin.py:151} INFO - [2023-09-28T18:36:13.236+0000] {dag.py:2915} INFO - Sync 2 DAGs
[2023-09-28T18:36:13.257+0000] {logging_mixin.py:151} INFO - [2023-09-28T18:36:13.256+0000] {dag.py:3696} INFO - Setting next_dagrun for example_external_task_marker_child to None, run_after=None
[2023-09-28T18:36:13.260+0000] {logging_mixin.py:151} INFO - [2023-09-28T18:36:13.260+0000] {dag.py:3696} INFO - Setting next_dagrun for example_external_task_marker_parent to None, run_after=None
[2023-09-28T18:36:13.276+0000] {processor.py:179} INFO - Processing /home/airflow/.local/lib/python3.8/site-packages/airflow/example_dags/example_external_task_marker_dag.py took 0.070 seconds
