[2023-09-28T18:05:29.524+0000] {processor.py:157} INFO - Started process (PID=64) to work on /home/airflow/.local/lib/python3.8/site-packages/airflow/example_dags/example_short_circuit_decorator.py
[2023-09-28T18:05:29.527+0000] {processor.py:829} INFO - Processing file /home/airflow/.local/lib/python3.8/site-packages/airflow/example_dags/example_short_circuit_decorator.py for tasks to queue
[2023-09-28T18:05:29.532+0000] {logging_mixin.py:151} INFO - [2023-09-28T18:05:29.532+0000] {dagbag.py:539} INFO - Filling up the DagBag from /home/airflow/.local/lib/python3.8/site-packages/airflow/example_dags/example_short_circuit_decorator.py
[2023-09-28T18:05:29.546+0000] {processor.py:839} INFO - DAG(s) dict_keys(['example_short_circuit_decorator']) retrieved from /home/airflow/.local/lib/python3.8/site-packages/airflow/example_dags/example_short_circuit_decorator.py
[2023-09-28T18:05:29.563+0000] {logging_mixin.py:151} INFO - [2023-09-28T18:05:29.563+0000] {dag.py:2915} INFO - Sync 1 DAGs
[2023-09-28T18:05:29.610+0000] {logging_mixin.py:151} INFO - [2023-09-28T18:05:29.610+0000] {dag.py:3696} INFO - Setting next_dagrun for example_short_circuit_decorator to 2023-09-27T18:05:29.609750+00:00, run_after=2023-09-28T18:05:29.609750+00:00
[2023-09-28T18:05:29.638+0000] {processor.py:179} INFO - Processing /home/airflow/.local/lib/python3.8/site-packages/airflow/example_dags/example_short_circuit_decorator.py took 0.122 seconds
[2023-09-28T18:06:00.131+0000] {processor.py:157} INFO - Started process (PID=117) to work on /home/airflow/.local/lib/python3.8/site-packages/airflow/example_dags/example_short_circuit_decorator.py
[2023-09-28T18:06:00.135+0000] {processor.py:829} INFO - Processing file /home/airflow/.local/lib/python3.8/site-packages/airflow/example_dags/example_short_circuit_decorator.py for tasks to queue
[2023-09-28T18:06:00.141+0000] {logging_mixin.py:151} INFO - [2023-09-28T18:06:00.140+0000] {dagbag.py:539} INFO - Filling up the DagBag from /home/airflow/.local/lib/python3.8/site-packages/airflow/example_dags/example_short_circuit_decorator.py
[2023-09-28T18:06:00.157+0000] {processor.py:839} INFO - DAG(s) dict_keys(['example_short_circuit_decorator']) retrieved from /home/airflow/.local/lib/python3.8/site-packages/airflow/example_dags/example_short_circuit_decorator.py
[2023-09-28T18:06:00.193+0000] {logging_mixin.py:151} INFO - [2023-09-28T18:06:00.193+0000] {dag.py:2915} INFO - Sync 1 DAGs
[2023-09-28T18:06:00.208+0000] {logging_mixin.py:151} INFO - [2023-09-28T18:06:00.207+0000] {dag.py:3696} INFO - Setting next_dagrun for example_short_circuit_decorator to 2023-09-27T18:06:00.207687+00:00, run_after=2023-09-28T18:06:00.207687+00:00
[2023-09-28T18:06:00.230+0000] {processor.py:179} INFO - Processing /home/airflow/.local/lib/python3.8/site-packages/airflow/example_dags/example_short_circuit_decorator.py took 0.104 seconds
[2023-09-28T18:06:31.126+0000] {processor.py:157} INFO - Started process (PID=171) to work on /home/airflow/.local/lib/python3.8/site-packages/airflow/example_dags/example_short_circuit_decorator.py
[2023-09-28T18:06:31.128+0000] {processor.py:829} INFO - Processing file /home/airflow/.local/lib/python3.8/site-packages/airflow/example_dags/example_short_circuit_decorator.py for tasks to queue
[2023-09-28T18:06:31.130+0000] {logging_mixin.py:151} INFO - [2023-09-28T18:06:31.129+0000] {dagbag.py:539} INFO - Filling up the DagBag from /home/airflow/.local/lib/python3.8/site-packages/airflow/example_dags/example_short_circuit_decorator.py
[2023-09-28T18:06:31.136+0000] {processor.py:839} INFO - DAG(s) dict_keys(['example_short_circuit_decorator']) retrieved from /home/airflow/.local/lib/python3.8/site-packages/airflow/example_dags/example_short_circuit_decorator.py
[2023-09-28T18:06:31.153+0000] {logging_mixin.py:151} INFO - [2023-09-28T18:06:31.153+0000] {dag.py:2915} INFO - Sync 1 DAGs
[2023-09-28T18:06:31.165+0000] {logging_mixin.py:151} INFO - [2023-09-28T18:06:31.165+0000] {dag.py:3696} INFO - Setting next_dagrun for example_short_circuit_decorator to 2023-09-27T18:06:31.165688+00:00, run_after=2023-09-28T18:06:31.165688+00:00
[2023-09-28T18:06:31.177+0000] {processor.py:179} INFO - Processing /home/airflow/.local/lib/python3.8/site-packages/airflow/example_dags/example_short_circuit_decorator.py took 0.054 seconds
[2023-09-28T18:07:01.298+0000] {processor.py:157} INFO - Started process (PID=225) to work on /home/airflow/.local/lib/python3.8/site-packages/airflow/example_dags/example_short_circuit_decorator.py
[2023-09-28T18:07:01.300+0000] {processor.py:829} INFO - Processing file /home/airflow/.local/lib/python3.8/site-packages/airflow/example_dags/example_short_circuit_decorator.py for tasks to queue
[2023-09-28T18:07:01.303+0000] {logging_mixin.py:151} INFO - [2023-09-28T18:07:01.302+0000] {dagbag.py:539} INFO - Filling up the DagBag from /home/airflow/.local/lib/python3.8/site-packages/airflow/example_dags/example_short_circuit_decorator.py
[2023-09-28T18:07:01.313+0000] {processor.py:839} INFO - DAG(s) dict_keys(['example_short_circuit_decorator']) retrieved from /home/airflow/.local/lib/python3.8/site-packages/airflow/example_dags/example_short_circuit_decorator.py
[2023-09-28T18:07:01.332+0000] {logging_mixin.py:151} INFO - [2023-09-28T18:07:01.332+0000] {dag.py:2915} INFO - Sync 1 DAGs
[2023-09-28T18:07:01.347+0000] {logging_mixin.py:151} INFO - [2023-09-28T18:07:01.347+0000] {dag.py:3696} INFO - Setting next_dagrun for example_short_circuit_decorator to 2023-09-27T18:07:01.347169+00:00, run_after=2023-09-28T18:07:01.347169+00:00
[2023-09-28T18:07:01.360+0000] {processor.py:179} INFO - Processing /home/airflow/.local/lib/python3.8/site-packages/airflow/example_dags/example_short_circuit_decorator.py took 0.065 seconds
[2023-09-28T18:07:32.067+0000] {processor.py:157} INFO - Started process (PID=279) to work on /home/airflow/.local/lib/python3.8/site-packages/airflow/example_dags/example_short_circuit_decorator.py
[2023-09-28T18:07:32.073+0000] {processor.py:829} INFO - Processing file /home/airflow/.local/lib/python3.8/site-packages/airflow/example_dags/example_short_circuit_decorator.py for tasks to queue
[2023-09-28T18:07:32.076+0000] {logging_mixin.py:151} INFO - [2023-09-28T18:07:32.075+0000] {dagbag.py:539} INFO - Filling up the DagBag from /home/airflow/.local/lib/python3.8/site-packages/airflow/example_dags/example_short_circuit_decorator.py
[2023-09-28T18:07:32.083+0000] {processor.py:839} INFO - DAG(s) dict_keys(['example_short_circuit_decorator']) retrieved from /home/airflow/.local/lib/python3.8/site-packages/airflow/example_dags/example_short_circuit_decorator.py
[2023-09-28T18:07:32.104+0000] {logging_mixin.py:151} INFO - [2023-09-28T18:07:32.104+0000] {dag.py:2915} INFO - Sync 1 DAGs
[2023-09-28T18:07:32.120+0000] {logging_mixin.py:151} INFO - [2023-09-28T18:07:32.120+0000] {dag.py:3696} INFO - Setting next_dagrun for example_short_circuit_decorator to 2023-09-27T18:07:32.120076+00:00, run_after=2023-09-28T18:07:32.120076+00:00
[2023-09-28T18:07:32.135+0000] {processor.py:179} INFO - Processing /home/airflow/.local/lib/python3.8/site-packages/airflow/example_dags/example_short_circuit_decorator.py took 0.072 seconds
[2023-09-28T18:08:02.964+0000] {processor.py:157} INFO - Started process (PID=333) to work on /home/airflow/.local/lib/python3.8/site-packages/airflow/example_dags/example_short_circuit_decorator.py
[2023-09-28T18:08:02.966+0000] {processor.py:829} INFO - Processing file /home/airflow/.local/lib/python3.8/site-packages/airflow/example_dags/example_short_circuit_decorator.py for tasks to queue
[2023-09-28T18:08:02.968+0000] {logging_mixin.py:151} INFO - [2023-09-28T18:08:02.968+0000] {dagbag.py:539} INFO - Filling up the DagBag from /home/airflow/.local/lib/python3.8/site-packages/airflow/example_dags/example_short_circuit_decorator.py
[2023-09-28T18:08:02.976+0000] {processor.py:839} INFO - DAG(s) dict_keys(['example_short_circuit_decorator']) retrieved from /home/airflow/.local/lib/python3.8/site-packages/airflow/example_dags/example_short_circuit_decorator.py
[2023-09-28T18:08:02.994+0000] {logging_mixin.py:151} INFO - [2023-09-28T18:08:02.993+0000] {dag.py:2915} INFO - Sync 1 DAGs
[2023-09-28T18:08:03.013+0000] {logging_mixin.py:151} INFO - [2023-09-28T18:08:03.013+0000] {dag.py:3696} INFO - Setting next_dagrun for example_short_circuit_decorator to 2023-09-27T18:08:03.013690+00:00, run_after=2023-09-28T18:08:03.013690+00:00
[2023-09-28T18:08:03.029+0000] {processor.py:179} INFO - Processing /home/airflow/.local/lib/python3.8/site-packages/airflow/example_dags/example_short_circuit_decorator.py took 0.068 seconds
[2023-09-28T18:08:33.114+0000] {processor.py:157} INFO - Started process (PID=387) to work on /home/airflow/.local/lib/python3.8/site-packages/airflow/example_dags/example_short_circuit_decorator.py
[2023-09-28T18:08:33.116+0000] {processor.py:829} INFO - Processing file /home/airflow/.local/lib/python3.8/site-packages/airflow/example_dags/example_short_circuit_decorator.py for tasks to queue
[2023-09-28T18:08:33.120+0000] {logging_mixin.py:151} INFO - [2023-09-28T18:08:33.119+0000] {dagbag.py:539} INFO - Filling up the DagBag from /home/airflow/.local/lib/python3.8/site-packages/airflow/example_dags/example_short_circuit_decorator.py
[2023-09-28T18:08:33.127+0000] {processor.py:839} INFO - DAG(s) dict_keys(['example_short_circuit_decorator']) retrieved from /home/airflow/.local/lib/python3.8/site-packages/airflow/example_dags/example_short_circuit_decorator.py
[2023-09-28T18:08:33.143+0000] {logging_mixin.py:151} INFO - [2023-09-28T18:08:33.143+0000] {dag.py:2915} INFO - Sync 1 DAGs
[2023-09-28T18:08:33.159+0000] {logging_mixin.py:151} INFO - [2023-09-28T18:08:33.159+0000] {dag.py:3696} INFO - Setting next_dagrun for example_short_circuit_decorator to 2023-09-27T18:08:33.159541+00:00, run_after=2023-09-28T18:08:33.159541+00:00
[2023-09-28T18:08:33.172+0000] {processor.py:179} INFO - Processing /home/airflow/.local/lib/python3.8/site-packages/airflow/example_dags/example_short_circuit_decorator.py took 0.060 seconds
[2023-09-28T18:09:03.915+0000] {processor.py:157} INFO - Started process (PID=441) to work on /home/airflow/.local/lib/python3.8/site-packages/airflow/example_dags/example_short_circuit_decorator.py
[2023-09-28T18:09:03.917+0000] {processor.py:829} INFO - Processing file /home/airflow/.local/lib/python3.8/site-packages/airflow/example_dags/example_short_circuit_decorator.py for tasks to queue
[2023-09-28T18:09:03.921+0000] {logging_mixin.py:151} INFO - [2023-09-28T18:09:03.921+0000] {dagbag.py:539} INFO - Filling up the DagBag from /home/airflow/.local/lib/python3.8/site-packages/airflow/example_dags/example_short_circuit_decorator.py
[2023-09-28T18:09:03.931+0000] {processor.py:839} INFO - DAG(s) dict_keys(['example_short_circuit_decorator']) retrieved from /home/airflow/.local/lib/python3.8/site-packages/airflow/example_dags/example_short_circuit_decorator.py
[2023-09-28T18:09:03.947+0000] {logging_mixin.py:151} INFO - [2023-09-28T18:09:03.947+0000] {dag.py:2915} INFO - Sync 1 DAGs
[2023-09-28T18:09:03.965+0000] {logging_mixin.py:151} INFO - [2023-09-28T18:09:03.965+0000] {dag.py:3696} INFO - Setting next_dagrun for example_short_circuit_decorator to 2023-09-27T18:09:03.965650+00:00, run_after=2023-09-28T18:09:03.965650+00:00
[2023-09-28T18:09:03.979+0000] {processor.py:179} INFO - Processing /home/airflow/.local/lib/python3.8/site-packages/airflow/example_dags/example_short_circuit_decorator.py took 0.066 seconds
[2023-09-28T18:09:34.687+0000] {processor.py:157} INFO - Started process (PID=494) to work on /home/airflow/.local/lib/python3.8/site-packages/airflow/example_dags/example_short_circuit_decorator.py
[2023-09-28T18:09:34.688+0000] {processor.py:829} INFO - Processing file /home/airflow/.local/lib/python3.8/site-packages/airflow/example_dags/example_short_circuit_decorator.py for tasks to queue
[2023-09-28T18:09:34.691+0000] {logging_mixin.py:151} INFO - [2023-09-28T18:09:34.691+0000] {dagbag.py:539} INFO - Filling up the DagBag from /home/airflow/.local/lib/python3.8/site-packages/airflow/example_dags/example_short_circuit_decorator.py
[2023-09-28T18:09:34.698+0000] {processor.py:839} INFO - DAG(s) dict_keys(['example_short_circuit_decorator']) retrieved from /home/airflow/.local/lib/python3.8/site-packages/airflow/example_dags/example_short_circuit_decorator.py
[2023-09-28T18:09:34.719+0000] {logging_mixin.py:151} INFO - [2023-09-28T18:09:34.719+0000] {dag.py:2915} INFO - Sync 1 DAGs
[2023-09-28T18:09:34.738+0000] {logging_mixin.py:151} INFO - [2023-09-28T18:09:34.738+0000] {dag.py:3696} INFO - Setting next_dagrun for example_short_circuit_decorator to 2023-09-27T18:09:34.738060+00:00, run_after=2023-09-28T18:09:34.738060+00:00
[2023-09-28T18:09:34.758+0000] {processor.py:179} INFO - Processing /home/airflow/.local/lib/python3.8/site-packages/airflow/example_dags/example_short_circuit_decorator.py took 0.074 seconds
[2023-09-28T18:10:05.407+0000] {processor.py:157} INFO - Started process (PID=548) to work on /home/airflow/.local/lib/python3.8/site-packages/airflow/example_dags/example_short_circuit_decorator.py
[2023-09-28T18:10:05.409+0000] {processor.py:829} INFO - Processing file /home/airflow/.local/lib/python3.8/site-packages/airflow/example_dags/example_short_circuit_decorator.py for tasks to queue
[2023-09-28T18:10:05.411+0000] {logging_mixin.py:151} INFO - [2023-09-28T18:10:05.411+0000] {dagbag.py:539} INFO - Filling up the DagBag from /home/airflow/.local/lib/python3.8/site-packages/airflow/example_dags/example_short_circuit_decorator.py
[2023-09-28T18:10:05.419+0000] {processor.py:839} INFO - DAG(s) dict_keys(['example_short_circuit_decorator']) retrieved from /home/airflow/.local/lib/python3.8/site-packages/airflow/example_dags/example_short_circuit_decorator.py
[2023-09-28T18:10:05.438+0000] {logging_mixin.py:151} INFO - [2023-09-28T18:10:05.438+0000] {dag.py:2915} INFO - Sync 1 DAGs
[2023-09-28T18:10:05.456+0000] {logging_mixin.py:151} INFO - [2023-09-28T18:10:05.456+0000] {dag.py:3696} INFO - Setting next_dagrun for example_short_circuit_decorator to 2023-09-27T18:10:05.456653+00:00, run_after=2023-09-28T18:10:05.456653+00:00
[2023-09-28T18:10:05.499+0000] {processor.py:179} INFO - Processing /home/airflow/.local/lib/python3.8/site-packages/airflow/example_dags/example_short_circuit_decorator.py took 0.094 seconds
[2023-09-28T18:10:36.323+0000] {processor.py:157} INFO - Started process (PID=602) to work on /home/airflow/.local/lib/python3.8/site-packages/airflow/example_dags/example_short_circuit_decorator.py
[2023-09-28T18:10:36.325+0000] {processor.py:829} INFO - Processing file /home/airflow/.local/lib/python3.8/site-packages/airflow/example_dags/example_short_circuit_decorator.py for tasks to queue
[2023-09-28T18:10:36.328+0000] {logging_mixin.py:151} INFO - [2023-09-28T18:10:36.328+0000] {dagbag.py:539} INFO - Filling up the DagBag from /home/airflow/.local/lib/python3.8/site-packages/airflow/example_dags/example_short_circuit_decorator.py
[2023-09-28T18:10:36.335+0000] {processor.py:839} INFO - DAG(s) dict_keys(['example_short_circuit_decorator']) retrieved from /home/airflow/.local/lib/python3.8/site-packages/airflow/example_dags/example_short_circuit_decorator.py
[2023-09-28T18:10:36.353+0000] {logging_mixin.py:151} INFO - [2023-09-28T18:10:36.352+0000] {dag.py:2915} INFO - Sync 1 DAGs
[2023-09-28T18:10:36.367+0000] {logging_mixin.py:151} INFO - [2023-09-28T18:10:36.367+0000] {dag.py:3696} INFO - Setting next_dagrun for example_short_circuit_decorator to 2023-09-27T18:10:36.367700+00:00, run_after=2023-09-28T18:10:36.367700+00:00
[2023-09-28T18:10:36.382+0000] {processor.py:179} INFO - Processing /home/airflow/.local/lib/python3.8/site-packages/airflow/example_dags/example_short_circuit_decorator.py took 0.061 seconds
[2023-09-28T18:11:07.692+0000] {processor.py:157} INFO - Started process (PID=656) to work on /home/airflow/.local/lib/python3.8/site-packages/airflow/example_dags/example_short_circuit_decorator.py
[2023-09-28T18:11:07.698+0000] {processor.py:829} INFO - Processing file /home/airflow/.local/lib/python3.8/site-packages/airflow/example_dags/example_short_circuit_decorator.py for tasks to queue
[2023-09-28T18:11:07.701+0000] {logging_mixin.py:151} INFO - [2023-09-28T18:11:07.701+0000] {dagbag.py:539} INFO - Filling up the DagBag from /home/airflow/.local/lib/python3.8/site-packages/airflow/example_dags/example_short_circuit_decorator.py
[2023-09-28T18:11:07.713+0000] {processor.py:839} INFO - DAG(s) dict_keys(['example_short_circuit_decorator']) retrieved from /home/airflow/.local/lib/python3.8/site-packages/airflow/example_dags/example_short_circuit_decorator.py
[2023-09-28T18:11:07.753+0000] {logging_mixin.py:151} INFO - [2023-09-28T18:11:07.752+0000] {dag.py:2915} INFO - Sync 1 DAGs
[2023-09-28T18:11:07.779+0000] {logging_mixin.py:151} INFO - [2023-09-28T18:11:07.779+0000] {dag.py:3696} INFO - Setting next_dagrun for example_short_circuit_decorator to 2023-09-27T18:11:07.778965+00:00, run_after=2023-09-28T18:11:07.778965+00:00
[2023-09-28T18:11:07.802+0000] {processor.py:179} INFO - Processing /home/airflow/.local/lib/python3.8/site-packages/airflow/example_dags/example_short_circuit_decorator.py took 0.113 seconds
[2023-09-28T18:13:57.565+0000] {processor.py:157} INFO - Started process (PID=63) to work on /home/airflow/.local/lib/python3.8/site-packages/airflow/example_dags/example_short_circuit_decorator.py
[2023-09-28T18:13:57.567+0000] {processor.py:829} INFO - Processing file /home/airflow/.local/lib/python3.8/site-packages/airflow/example_dags/example_short_circuit_decorator.py for tasks to queue
[2023-09-28T18:13:57.570+0000] {logging_mixin.py:151} INFO - [2023-09-28T18:13:57.569+0000] {dagbag.py:539} INFO - Filling up the DagBag from /home/airflow/.local/lib/python3.8/site-packages/airflow/example_dags/example_short_circuit_decorator.py
[2023-09-28T18:13:57.578+0000] {processor.py:839} INFO - DAG(s) dict_keys(['example_short_circuit_decorator']) retrieved from /home/airflow/.local/lib/python3.8/site-packages/airflow/example_dags/example_short_circuit_decorator.py
[2023-09-28T18:13:57.652+0000] {logging_mixin.py:151} INFO - [2023-09-28T18:13:57.652+0000] {manager.py:499} INFO - Created Permission View: %s
[2023-09-28T18:13:57.659+0000] {logging_mixin.py:151} INFO - [2023-09-28T18:13:57.659+0000] {manager.py:499} INFO - Created Permission View: %s
[2023-09-28T18:13:57.665+0000] {logging_mixin.py:151} INFO - [2023-09-28T18:13:57.665+0000] {manager.py:499} INFO - Created Permission View: %s
[2023-09-28T18:13:57.666+0000] {logging_mixin.py:151} INFO - [2023-09-28T18:13:57.666+0000] {security.py:708} INFO - Not syncing DAG-level permissions for DAG 'DAG:example_short_circuit_decorator' as access control is unset.
[2023-09-28T18:13:57.667+0000] {logging_mixin.py:151} INFO - [2023-09-28T18:13:57.667+0000] {dag.py:2915} INFO - Sync 1 DAGs
[2023-09-28T18:13:57.675+0000] {logging_mixin.py:151} INFO - [2023-09-28T18:13:57.675+0000] {dag.py:2937} INFO - Creating ORM DAG for example_short_circuit_decorator
[2023-09-28T18:13:57.684+0000] {logging_mixin.py:151} INFO - [2023-09-28T18:13:57.684+0000] {dag.py:3696} INFO - Setting next_dagrun for example_short_circuit_decorator to 2023-09-27T18:13:57.683834+00:00, run_after=2023-09-28T18:13:57.683834+00:00
[2023-09-28T18:13:57.699+0000] {processor.py:179} INFO - Processing /home/airflow/.local/lib/python3.8/site-packages/airflow/example_dags/example_short_circuit_decorator.py took 0.137 seconds
[2023-09-28T18:14:28.421+0000] {processor.py:157} INFO - Started process (PID=117) to work on /home/airflow/.local/lib/python3.8/site-packages/airflow/example_dags/example_short_circuit_decorator.py
[2023-09-28T18:14:28.423+0000] {processor.py:829} INFO - Processing file /home/airflow/.local/lib/python3.8/site-packages/airflow/example_dags/example_short_circuit_decorator.py for tasks to queue
[2023-09-28T18:14:28.426+0000] {logging_mixin.py:151} INFO - [2023-09-28T18:14:28.426+0000] {dagbag.py:539} INFO - Filling up the DagBag from /home/airflow/.local/lib/python3.8/site-packages/airflow/example_dags/example_short_circuit_decorator.py
[2023-09-28T18:14:28.432+0000] {processor.py:839} INFO - DAG(s) dict_keys(['example_short_circuit_decorator']) retrieved from /home/airflow/.local/lib/python3.8/site-packages/airflow/example_dags/example_short_circuit_decorator.py
[2023-09-28T18:14:28.450+0000] {logging_mixin.py:151} INFO - [2023-09-28T18:14:28.450+0000] {dag.py:2915} INFO - Sync 1 DAGs
[2023-09-28T18:14:28.471+0000] {logging_mixin.py:151} INFO - [2023-09-28T18:14:28.470+0000] {dag.py:3696} INFO - Setting next_dagrun for example_short_circuit_decorator to 2023-09-27T18:14:28.470065+00:00, run_after=2023-09-28T18:14:28.470065+00:00
[2023-09-28T18:14:28.486+0000] {processor.py:179} INFO - Processing /home/airflow/.local/lib/python3.8/site-packages/airflow/example_dags/example_short_circuit_decorator.py took 0.068 seconds
[2023-09-28T18:14:59.195+0000] {processor.py:157} INFO - Started process (PID=171) to work on /home/airflow/.local/lib/python3.8/site-packages/airflow/example_dags/example_short_circuit_decorator.py
[2023-09-28T18:14:59.197+0000] {processor.py:829} INFO - Processing file /home/airflow/.local/lib/python3.8/site-packages/airflow/example_dags/example_short_circuit_decorator.py for tasks to queue
[2023-09-28T18:14:59.201+0000] {logging_mixin.py:151} INFO - [2023-09-28T18:14:59.200+0000] {dagbag.py:539} INFO - Filling up the DagBag from /home/airflow/.local/lib/python3.8/site-packages/airflow/example_dags/example_short_circuit_decorator.py
[2023-09-28T18:14:59.207+0000] {processor.py:839} INFO - DAG(s) dict_keys(['example_short_circuit_decorator']) retrieved from /home/airflow/.local/lib/python3.8/site-packages/airflow/example_dags/example_short_circuit_decorator.py
[2023-09-28T18:14:59.223+0000] {logging_mixin.py:151} INFO - [2023-09-28T18:14:59.223+0000] {dag.py:2915} INFO - Sync 1 DAGs
[2023-09-28T18:14:59.235+0000] {logging_mixin.py:151} INFO - [2023-09-28T18:14:59.235+0000] {dag.py:3696} INFO - Setting next_dagrun for example_short_circuit_decorator to 2023-09-27T18:14:59.235692+00:00, run_after=2023-09-28T18:14:59.235692+00:00
[2023-09-28T18:14:59.246+0000] {processor.py:179} INFO - Processing /home/airflow/.local/lib/python3.8/site-packages/airflow/example_dags/example_short_circuit_decorator.py took 0.054 seconds
[2023-09-28T18:15:29.912+0000] {processor.py:157} INFO - Started process (PID=225) to work on /home/airflow/.local/lib/python3.8/site-packages/airflow/example_dags/example_short_circuit_decorator.py
[2023-09-28T18:15:29.914+0000] {processor.py:829} INFO - Processing file /home/airflow/.local/lib/python3.8/site-packages/airflow/example_dags/example_short_circuit_decorator.py for tasks to queue
[2023-09-28T18:15:29.917+0000] {logging_mixin.py:151} INFO - [2023-09-28T18:15:29.917+0000] {dagbag.py:539} INFO - Filling up the DagBag from /home/airflow/.local/lib/python3.8/site-packages/airflow/example_dags/example_short_circuit_decorator.py
[2023-09-28T18:15:29.923+0000] {processor.py:839} INFO - DAG(s) dict_keys(['example_short_circuit_decorator']) retrieved from /home/airflow/.local/lib/python3.8/site-packages/airflow/example_dags/example_short_circuit_decorator.py
[2023-09-28T18:15:29.942+0000] {logging_mixin.py:151} INFO - [2023-09-28T18:15:29.942+0000] {dag.py:2915} INFO - Sync 1 DAGs
[2023-09-28T18:15:29.959+0000] {logging_mixin.py:151} INFO - [2023-09-28T18:15:29.959+0000] {dag.py:3696} INFO - Setting next_dagrun for example_short_circuit_decorator to 2023-09-27T18:15:29.959349+00:00, run_after=2023-09-28T18:15:29.959349+00:00
[2023-09-28T18:15:29.975+0000] {processor.py:179} INFO - Processing /home/airflow/.local/lib/python3.8/site-packages/airflow/example_dags/example_short_circuit_decorator.py took 0.065 seconds
[2023-09-28T18:16:00.627+0000] {processor.py:157} INFO - Started process (PID=279) to work on /home/airflow/.local/lib/python3.8/site-packages/airflow/example_dags/example_short_circuit_decorator.py
[2023-09-28T18:16:00.629+0000] {processor.py:829} INFO - Processing file /home/airflow/.local/lib/python3.8/site-packages/airflow/example_dags/example_short_circuit_decorator.py for tasks to queue
[2023-09-28T18:16:00.631+0000] {logging_mixin.py:151} INFO - [2023-09-28T18:16:00.631+0000] {dagbag.py:539} INFO - Filling up the DagBag from /home/airflow/.local/lib/python3.8/site-packages/airflow/example_dags/example_short_circuit_decorator.py
[2023-09-28T18:16:00.637+0000] {processor.py:839} INFO - DAG(s) dict_keys(['example_short_circuit_decorator']) retrieved from /home/airflow/.local/lib/python3.8/site-packages/airflow/example_dags/example_short_circuit_decorator.py
[2023-09-28T18:16:00.659+0000] {logging_mixin.py:151} INFO - [2023-09-28T18:16:00.658+0000] {dag.py:2915} INFO - Sync 1 DAGs
[2023-09-28T18:16:00.673+0000] {logging_mixin.py:151} INFO - [2023-09-28T18:16:00.673+0000] {dag.py:3696} INFO - Setting next_dagrun for example_short_circuit_decorator to 2023-09-27T18:16:00.673060+00:00, run_after=2023-09-28T18:16:00.673060+00:00
[2023-09-28T18:16:00.700+0000] {processor.py:179} INFO - Processing /home/airflow/.local/lib/python3.8/site-packages/airflow/example_dags/example_short_circuit_decorator.py took 0.075 seconds
[2023-09-28T18:16:31.363+0000] {processor.py:157} INFO - Started process (PID=333) to work on /home/airflow/.local/lib/python3.8/site-packages/airflow/example_dags/example_short_circuit_decorator.py
[2023-09-28T18:16:31.365+0000] {processor.py:829} INFO - Processing file /home/airflow/.local/lib/python3.8/site-packages/airflow/example_dags/example_short_circuit_decorator.py for tasks to queue
[2023-09-28T18:16:31.368+0000] {logging_mixin.py:151} INFO - [2023-09-28T18:16:31.368+0000] {dagbag.py:539} INFO - Filling up the DagBag from /home/airflow/.local/lib/python3.8/site-packages/airflow/example_dags/example_short_circuit_decorator.py
[2023-09-28T18:16:31.375+0000] {processor.py:839} INFO - DAG(s) dict_keys(['example_short_circuit_decorator']) retrieved from /home/airflow/.local/lib/python3.8/site-packages/airflow/example_dags/example_short_circuit_decorator.py
[2023-09-28T18:16:31.391+0000] {logging_mixin.py:151} INFO - [2023-09-28T18:16:31.391+0000] {dag.py:2915} INFO - Sync 1 DAGs
[2023-09-28T18:16:31.406+0000] {logging_mixin.py:151} INFO - [2023-09-28T18:16:31.406+0000] {dag.py:3696} INFO - Setting next_dagrun for example_short_circuit_decorator to 2023-09-27T18:16:31.406243+00:00, run_after=2023-09-28T18:16:31.406243+00:00
[2023-09-28T18:16:31.419+0000] {processor.py:179} INFO - Processing /home/airflow/.local/lib/python3.8/site-packages/airflow/example_dags/example_short_circuit_decorator.py took 0.057 seconds
[2023-09-28T18:17:02.148+0000] {processor.py:157} INFO - Started process (PID=387) to work on /home/airflow/.local/lib/python3.8/site-packages/airflow/example_dags/example_short_circuit_decorator.py
[2023-09-28T18:17:02.150+0000] {processor.py:829} INFO - Processing file /home/airflow/.local/lib/python3.8/site-packages/airflow/example_dags/example_short_circuit_decorator.py for tasks to queue
[2023-09-28T18:17:02.153+0000] {logging_mixin.py:151} INFO - [2023-09-28T18:17:02.152+0000] {dagbag.py:539} INFO - Filling up the DagBag from /home/airflow/.local/lib/python3.8/site-packages/airflow/example_dags/example_short_circuit_decorator.py
[2023-09-28T18:17:02.161+0000] {processor.py:839} INFO - DAG(s) dict_keys(['example_short_circuit_decorator']) retrieved from /home/airflow/.local/lib/python3.8/site-packages/airflow/example_dags/example_short_circuit_decorator.py
[2023-09-28T18:17:02.183+0000] {logging_mixin.py:151} INFO - [2023-09-28T18:17:02.183+0000] {dag.py:2915} INFO - Sync 1 DAGs
[2023-09-28T18:17:02.198+0000] {logging_mixin.py:151} INFO - [2023-09-28T18:17:02.197+0000] {dag.py:3696} INFO - Setting next_dagrun for example_short_circuit_decorator to 2023-09-27T18:17:02.197806+00:00, run_after=2023-09-28T18:17:02.197806+00:00
[2023-09-28T18:17:02.210+0000] {processor.py:179} INFO - Processing /home/airflow/.local/lib/python3.8/site-packages/airflow/example_dags/example_short_circuit_decorator.py took 0.064 seconds
[2023-09-28T18:17:32.674+0000] {processor.py:157} INFO - Started process (PID=440) to work on /home/airflow/.local/lib/python3.8/site-packages/airflow/example_dags/example_short_circuit_decorator.py
[2023-09-28T18:17:32.676+0000] {processor.py:829} INFO - Processing file /home/airflow/.local/lib/python3.8/site-packages/airflow/example_dags/example_short_circuit_decorator.py for tasks to queue
[2023-09-28T18:17:32.678+0000] {logging_mixin.py:151} INFO - [2023-09-28T18:17:32.678+0000] {dagbag.py:539} INFO - Filling up the DagBag from /home/airflow/.local/lib/python3.8/site-packages/airflow/example_dags/example_short_circuit_decorator.py
[2023-09-28T18:17:32.686+0000] {processor.py:839} INFO - DAG(s) dict_keys(['example_short_circuit_decorator']) retrieved from /home/airflow/.local/lib/python3.8/site-packages/airflow/example_dags/example_short_circuit_decorator.py
[2023-09-28T18:17:32.703+0000] {logging_mixin.py:151} INFO - [2023-09-28T18:17:32.703+0000] {dag.py:2915} INFO - Sync 1 DAGs
[2023-09-28T18:17:32.717+0000] {logging_mixin.py:151} INFO - [2023-09-28T18:17:32.717+0000] {dag.py:3696} INFO - Setting next_dagrun for example_short_circuit_decorator to 2023-09-27T18:17:32.717470+00:00, run_after=2023-09-28T18:17:32.717470+00:00
[2023-09-28T18:17:32.733+0000] {processor.py:179} INFO - Processing /home/airflow/.local/lib/python3.8/site-packages/airflow/example_dags/example_short_circuit_decorator.py took 0.062 seconds
[2023-09-28T18:18:03.467+0000] {processor.py:157} INFO - Started process (PID=495) to work on /home/airflow/.local/lib/python3.8/site-packages/airflow/example_dags/example_short_circuit_decorator.py
[2023-09-28T18:18:03.469+0000] {processor.py:829} INFO - Processing file /home/airflow/.local/lib/python3.8/site-packages/airflow/example_dags/example_short_circuit_decorator.py for tasks to queue
[2023-09-28T18:18:03.471+0000] {logging_mixin.py:151} INFO - [2023-09-28T18:18:03.471+0000] {dagbag.py:539} INFO - Filling up the DagBag from /home/airflow/.local/lib/python3.8/site-packages/airflow/example_dags/example_short_circuit_decorator.py
[2023-09-28T18:18:03.478+0000] {processor.py:839} INFO - DAG(s) dict_keys(['example_short_circuit_decorator']) retrieved from /home/airflow/.local/lib/python3.8/site-packages/airflow/example_dags/example_short_circuit_decorator.py
[2023-09-28T18:18:03.495+0000] {logging_mixin.py:151} INFO - [2023-09-28T18:18:03.495+0000] {dag.py:2915} INFO - Sync 1 DAGs
[2023-09-28T18:18:03.507+0000] {logging_mixin.py:151} INFO - [2023-09-28T18:18:03.507+0000] {dag.py:3696} INFO - Setting next_dagrun for example_short_circuit_decorator to 2023-09-27T18:18:03.507314+00:00, run_after=2023-09-28T18:18:03.507314+00:00
[2023-09-28T18:18:03.518+0000] {processor.py:179} INFO - Processing /home/airflow/.local/lib/python3.8/site-packages/airflow/example_dags/example_short_circuit_decorator.py took 0.054 seconds
[2023-09-28T18:18:34.247+0000] {processor.py:157} INFO - Started process (PID=549) to work on /home/airflow/.local/lib/python3.8/site-packages/airflow/example_dags/example_short_circuit_decorator.py
[2023-09-28T18:18:34.249+0000] {processor.py:829} INFO - Processing file /home/airflow/.local/lib/python3.8/site-packages/airflow/example_dags/example_short_circuit_decorator.py for tasks to queue
[2023-09-28T18:18:34.254+0000] {logging_mixin.py:151} INFO - [2023-09-28T18:18:34.254+0000] {dagbag.py:539} INFO - Filling up the DagBag from /home/airflow/.local/lib/python3.8/site-packages/airflow/example_dags/example_short_circuit_decorator.py
[2023-09-28T18:18:34.260+0000] {processor.py:839} INFO - DAG(s) dict_keys(['example_short_circuit_decorator']) retrieved from /home/airflow/.local/lib/python3.8/site-packages/airflow/example_dags/example_short_circuit_decorator.py
[2023-09-28T18:18:34.277+0000] {logging_mixin.py:151} INFO - [2023-09-28T18:18:34.277+0000] {dag.py:2915} INFO - Sync 1 DAGs
[2023-09-28T18:18:34.290+0000] {logging_mixin.py:151} INFO - [2023-09-28T18:18:34.290+0000] {dag.py:3696} INFO - Setting next_dagrun for example_short_circuit_decorator to 2023-09-27T18:18:34.290189+00:00, run_after=2023-09-28T18:18:34.290189+00:00
[2023-09-28T18:18:34.301+0000] {processor.py:179} INFO - Processing /home/airflow/.local/lib/python3.8/site-packages/airflow/example_dags/example_short_circuit_decorator.py took 0.056 seconds
[2023-09-28T18:19:05.072+0000] {processor.py:157} INFO - Started process (PID=604) to work on /home/airflow/.local/lib/python3.8/site-packages/airflow/example_dags/example_short_circuit_decorator.py
[2023-09-28T18:19:05.074+0000] {processor.py:829} INFO - Processing file /home/airflow/.local/lib/python3.8/site-packages/airflow/example_dags/example_short_circuit_decorator.py for tasks to queue
[2023-09-28T18:19:05.077+0000] {logging_mixin.py:151} INFO - [2023-09-28T18:19:05.077+0000] {dagbag.py:539} INFO - Filling up the DagBag from /home/airflow/.local/lib/python3.8/site-packages/airflow/example_dags/example_short_circuit_decorator.py
[2023-09-28T18:19:05.084+0000] {processor.py:839} INFO - DAG(s) dict_keys(['example_short_circuit_decorator']) retrieved from /home/airflow/.local/lib/python3.8/site-packages/airflow/example_dags/example_short_circuit_decorator.py
[2023-09-28T18:19:05.101+0000] {logging_mixin.py:151} INFO - [2023-09-28T18:19:05.101+0000] {dag.py:2915} INFO - Sync 1 DAGs
[2023-09-28T18:19:05.118+0000] {logging_mixin.py:151} INFO - [2023-09-28T18:19:05.118+0000] {dag.py:3696} INFO - Setting next_dagrun for example_short_circuit_decorator to 2023-09-27T18:19:05.118092+00:00, run_after=2023-09-28T18:19:05.118092+00:00
[2023-09-28T18:19:05.133+0000] {processor.py:179} INFO - Processing /home/airflow/.local/lib/python3.8/site-packages/airflow/example_dags/example_short_circuit_decorator.py took 0.063 seconds
[2023-09-28T18:19:35.812+0000] {processor.py:157} INFO - Started process (PID=658) to work on /home/airflow/.local/lib/python3.8/site-packages/airflow/example_dags/example_short_circuit_decorator.py
[2023-09-28T18:19:35.814+0000] {processor.py:829} INFO - Processing file /home/airflow/.local/lib/python3.8/site-packages/airflow/example_dags/example_short_circuit_decorator.py for tasks to queue
[2023-09-28T18:19:35.816+0000] {logging_mixin.py:151} INFO - [2023-09-28T18:19:35.816+0000] {dagbag.py:539} INFO - Filling up the DagBag from /home/airflow/.local/lib/python3.8/site-packages/airflow/example_dags/example_short_circuit_decorator.py
[2023-09-28T18:19:35.823+0000] {processor.py:839} INFO - DAG(s) dict_keys(['example_short_circuit_decorator']) retrieved from /home/airflow/.local/lib/python3.8/site-packages/airflow/example_dags/example_short_circuit_decorator.py
[2023-09-28T18:19:35.841+0000] {logging_mixin.py:151} INFO - [2023-09-28T18:19:35.841+0000] {dag.py:2915} INFO - Sync 1 DAGs
[2023-09-28T18:19:35.859+0000] {logging_mixin.py:151} INFO - [2023-09-28T18:19:35.859+0000] {dag.py:3696} INFO - Setting next_dagrun for example_short_circuit_decorator to 2023-09-27T18:19:35.859407+00:00, run_after=2023-09-28T18:19:35.859407+00:00
[2023-09-28T18:19:35.878+0000] {processor.py:179} INFO - Processing /home/airflow/.local/lib/python3.8/site-packages/airflow/example_dags/example_short_circuit_decorator.py took 0.068 seconds
[2023-09-28T18:20:06.513+0000] {processor.py:157} INFO - Started process (PID=712) to work on /home/airflow/.local/lib/python3.8/site-packages/airflow/example_dags/example_short_circuit_decorator.py
[2023-09-28T18:20:06.516+0000] {processor.py:829} INFO - Processing file /home/airflow/.local/lib/python3.8/site-packages/airflow/example_dags/example_short_circuit_decorator.py for tasks to queue
[2023-09-28T18:20:06.518+0000] {logging_mixin.py:151} INFO - [2023-09-28T18:20:06.518+0000] {dagbag.py:539} INFO - Filling up the DagBag from /home/airflow/.local/lib/python3.8/site-packages/airflow/example_dags/example_short_circuit_decorator.py
[2023-09-28T18:20:06.525+0000] {processor.py:839} INFO - DAG(s) dict_keys(['example_short_circuit_decorator']) retrieved from /home/airflow/.local/lib/python3.8/site-packages/airflow/example_dags/example_short_circuit_decorator.py
[2023-09-28T18:20:06.542+0000] {logging_mixin.py:151} INFO - [2023-09-28T18:20:06.542+0000] {dag.py:2915} INFO - Sync 1 DAGs
[2023-09-28T18:20:06.557+0000] {logging_mixin.py:151} INFO - [2023-09-28T18:20:06.557+0000] {dag.py:3696} INFO - Setting next_dagrun for example_short_circuit_decorator to 2023-09-27T18:20:06.557426+00:00, run_after=2023-09-28T18:20:06.557426+00:00
[2023-09-28T18:20:06.575+0000] {processor.py:179} INFO - Processing /home/airflow/.local/lib/python3.8/site-packages/airflow/example_dags/example_short_circuit_decorator.py took 0.065 seconds
[2023-09-28T18:20:37.156+0000] {processor.py:157} INFO - Started process (PID=765) to work on /home/airflow/.local/lib/python3.8/site-packages/airflow/example_dags/example_short_circuit_decorator.py
[2023-09-28T18:20:37.159+0000] {processor.py:829} INFO - Processing file /home/airflow/.local/lib/python3.8/site-packages/airflow/example_dags/example_short_circuit_decorator.py for tasks to queue
[2023-09-28T18:20:37.162+0000] {logging_mixin.py:151} INFO - [2023-09-28T18:20:37.161+0000] {dagbag.py:539} INFO - Filling up the DagBag from /home/airflow/.local/lib/python3.8/site-packages/airflow/example_dags/example_short_circuit_decorator.py
[2023-09-28T18:20:37.167+0000] {processor.py:839} INFO - DAG(s) dict_keys(['example_short_circuit_decorator']) retrieved from /home/airflow/.local/lib/python3.8/site-packages/airflow/example_dags/example_short_circuit_decorator.py
[2023-09-28T18:20:37.183+0000] {logging_mixin.py:151} INFO - [2023-09-28T18:20:37.183+0000] {dag.py:2915} INFO - Sync 1 DAGs
[2023-09-28T18:20:37.195+0000] {logging_mixin.py:151} INFO - [2023-09-28T18:20:37.195+0000] {dag.py:3696} INFO - Setting next_dagrun for example_short_circuit_decorator to 2023-09-27T18:20:37.194891+00:00, run_after=2023-09-28T18:20:37.194891+00:00
[2023-09-28T18:20:37.205+0000] {processor.py:179} INFO - Processing /home/airflow/.local/lib/python3.8/site-packages/airflow/example_dags/example_short_circuit_decorator.py took 0.051 seconds
[2023-09-28T18:21:07.980+0000] {processor.py:157} INFO - Started process (PID=819) to work on /home/airflow/.local/lib/python3.8/site-packages/airflow/example_dags/example_short_circuit_decorator.py
[2023-09-28T18:21:07.982+0000] {processor.py:829} INFO - Processing file /home/airflow/.local/lib/python3.8/site-packages/airflow/example_dags/example_short_circuit_decorator.py for tasks to queue
[2023-09-28T18:21:07.986+0000] {logging_mixin.py:151} INFO - [2023-09-28T18:21:07.985+0000] {dagbag.py:539} INFO - Filling up the DagBag from /home/airflow/.local/lib/python3.8/site-packages/airflow/example_dags/example_short_circuit_decorator.py
[2023-09-28T18:21:07.995+0000] {processor.py:839} INFO - DAG(s) dict_keys(['example_short_circuit_decorator']) retrieved from /home/airflow/.local/lib/python3.8/site-packages/airflow/example_dags/example_short_circuit_decorator.py
[2023-09-28T18:21:08.026+0000] {logging_mixin.py:151} INFO - [2023-09-28T18:21:08.026+0000] {dag.py:2915} INFO - Sync 1 DAGs
[2023-09-28T18:21:08.049+0000] {logging_mixin.py:151} INFO - [2023-09-28T18:21:08.049+0000] {dag.py:3696} INFO - Setting next_dagrun for example_short_circuit_decorator to 2023-09-27T18:21:08.049074+00:00, run_after=2023-09-28T18:21:08.049074+00:00
[2023-09-28T18:21:08.067+0000] {processor.py:179} INFO - Processing /home/airflow/.local/lib/python3.8/site-packages/airflow/example_dags/example_short_circuit_decorator.py took 0.090 seconds
[2023-09-28T18:21:38.874+0000] {processor.py:157} INFO - Started process (PID=873) to work on /home/airflow/.local/lib/python3.8/site-packages/airflow/example_dags/example_short_circuit_decorator.py
[2023-09-28T18:21:38.877+0000] {processor.py:829} INFO - Processing file /home/airflow/.local/lib/python3.8/site-packages/airflow/example_dags/example_short_circuit_decorator.py for tasks to queue
[2023-09-28T18:21:38.880+0000] {logging_mixin.py:151} INFO - [2023-09-28T18:21:38.880+0000] {dagbag.py:539} INFO - Filling up the DagBag from /home/airflow/.local/lib/python3.8/site-packages/airflow/example_dags/example_short_circuit_decorator.py
[2023-09-28T18:21:38.887+0000] {processor.py:839} INFO - DAG(s) dict_keys(['example_short_circuit_decorator']) retrieved from /home/airflow/.local/lib/python3.8/site-packages/airflow/example_dags/example_short_circuit_decorator.py
[2023-09-28T18:21:38.906+0000] {logging_mixin.py:151} INFO - [2023-09-28T18:21:38.905+0000] {dag.py:2915} INFO - Sync 1 DAGs
[2023-09-28T18:21:38.920+0000] {logging_mixin.py:151} INFO - [2023-09-28T18:21:38.919+0000] {dag.py:3696} INFO - Setting next_dagrun for example_short_circuit_decorator to 2023-09-27T18:21:38.919752+00:00, run_after=2023-09-28T18:21:38.919752+00:00
[2023-09-28T18:21:38.936+0000] {processor.py:179} INFO - Processing /home/airflow/.local/lib/python3.8/site-packages/airflow/example_dags/example_short_circuit_decorator.py took 0.064 seconds
[2023-09-28T18:22:09.613+0000] {processor.py:157} INFO - Started process (PID=927) to work on /home/airflow/.local/lib/python3.8/site-packages/airflow/example_dags/example_short_circuit_decorator.py
[2023-09-28T18:22:09.615+0000] {processor.py:829} INFO - Processing file /home/airflow/.local/lib/python3.8/site-packages/airflow/example_dags/example_short_circuit_decorator.py for tasks to queue
[2023-09-28T18:22:09.617+0000] {logging_mixin.py:151} INFO - [2023-09-28T18:22:09.617+0000] {dagbag.py:539} INFO - Filling up the DagBag from /home/airflow/.local/lib/python3.8/site-packages/airflow/example_dags/example_short_circuit_decorator.py
[2023-09-28T18:22:09.624+0000] {processor.py:839} INFO - DAG(s) dict_keys(['example_short_circuit_decorator']) retrieved from /home/airflow/.local/lib/python3.8/site-packages/airflow/example_dags/example_short_circuit_decorator.py
[2023-09-28T18:22:09.641+0000] {logging_mixin.py:151} INFO - [2023-09-28T18:22:09.641+0000] {dag.py:2915} INFO - Sync 1 DAGs
[2023-09-28T18:22:09.653+0000] {logging_mixin.py:151} INFO - [2023-09-28T18:22:09.653+0000] {dag.py:3696} INFO - Setting next_dagrun for example_short_circuit_decorator to 2023-09-27T18:22:09.652981+00:00, run_after=2023-09-28T18:22:09.652981+00:00
[2023-09-28T18:22:09.664+0000] {processor.py:179} INFO - Processing /home/airflow/.local/lib/python3.8/site-packages/airflow/example_dags/example_short_circuit_decorator.py took 0.053 seconds
[2023-09-28T18:22:40.454+0000] {processor.py:157} INFO - Started process (PID=980) to work on /home/airflow/.local/lib/python3.8/site-packages/airflow/example_dags/example_short_circuit_decorator.py
[2023-09-28T18:22:40.456+0000] {processor.py:829} INFO - Processing file /home/airflow/.local/lib/python3.8/site-packages/airflow/example_dags/example_short_circuit_decorator.py for tasks to queue
[2023-09-28T18:22:40.458+0000] {logging_mixin.py:151} INFO - [2023-09-28T18:22:40.457+0000] {dagbag.py:539} INFO - Filling up the DagBag from /home/airflow/.local/lib/python3.8/site-packages/airflow/example_dags/example_short_circuit_decorator.py
[2023-09-28T18:22:40.464+0000] {processor.py:839} INFO - DAG(s) dict_keys(['example_short_circuit_decorator']) retrieved from /home/airflow/.local/lib/python3.8/site-packages/airflow/example_dags/example_short_circuit_decorator.py
[2023-09-28T18:22:40.483+0000] {logging_mixin.py:151} INFO - [2023-09-28T18:22:40.483+0000] {dag.py:2915} INFO - Sync 1 DAGs
[2023-09-28T18:22:40.498+0000] {logging_mixin.py:151} INFO - [2023-09-28T18:22:40.498+0000] {dag.py:3696} INFO - Setting next_dagrun for example_short_circuit_decorator to 2023-09-27T18:22:40.498054+00:00, run_after=2023-09-28T18:22:40.498054+00:00
[2023-09-28T18:22:40.510+0000] {processor.py:179} INFO - Processing /home/airflow/.local/lib/python3.8/site-packages/airflow/example_dags/example_short_circuit_decorator.py took 0.059 seconds
[2023-09-28T18:23:11.402+0000] {processor.py:157} INFO - Started process (PID=1033) to work on /home/airflow/.local/lib/python3.8/site-packages/airflow/example_dags/example_short_circuit_decorator.py
[2023-09-28T18:23:11.403+0000] {processor.py:829} INFO - Processing file /home/airflow/.local/lib/python3.8/site-packages/airflow/example_dags/example_short_circuit_decorator.py for tasks to queue
[2023-09-28T18:23:11.406+0000] {logging_mixin.py:151} INFO - [2023-09-28T18:23:11.405+0000] {dagbag.py:539} INFO - Filling up the DagBag from /home/airflow/.local/lib/python3.8/site-packages/airflow/example_dags/example_short_circuit_decorator.py
[2023-09-28T18:23:11.412+0000] {processor.py:839} INFO - DAG(s) dict_keys(['example_short_circuit_decorator']) retrieved from /home/airflow/.local/lib/python3.8/site-packages/airflow/example_dags/example_short_circuit_decorator.py
[2023-09-28T18:23:11.437+0000] {logging_mixin.py:151} INFO - [2023-09-28T18:23:11.437+0000] {dag.py:2915} INFO - Sync 1 DAGs
[2023-09-28T18:23:11.456+0000] {logging_mixin.py:151} INFO - [2023-09-28T18:23:11.456+0000] {dag.py:3696} INFO - Setting next_dagrun for example_short_circuit_decorator to 2023-09-27T18:23:11.455998+00:00, run_after=2023-09-28T18:23:11.455998+00:00
[2023-09-28T18:23:11.472+0000] {processor.py:179} INFO - Processing /home/airflow/.local/lib/python3.8/site-packages/airflow/example_dags/example_short_circuit_decorator.py took 0.073 seconds
[2023-09-28T18:23:42.373+0000] {processor.py:157} INFO - Started process (PID=1087) to work on /home/airflow/.local/lib/python3.8/site-packages/airflow/example_dags/example_short_circuit_decorator.py
[2023-09-28T18:23:42.375+0000] {processor.py:829} INFO - Processing file /home/airflow/.local/lib/python3.8/site-packages/airflow/example_dags/example_short_circuit_decorator.py for tasks to queue
[2023-09-28T18:23:42.378+0000] {logging_mixin.py:151} INFO - [2023-09-28T18:23:42.378+0000] {dagbag.py:539} INFO - Filling up the DagBag from /home/airflow/.local/lib/python3.8/site-packages/airflow/example_dags/example_short_circuit_decorator.py
[2023-09-28T18:23:42.385+0000] {processor.py:839} INFO - DAG(s) dict_keys(['example_short_circuit_decorator']) retrieved from /home/airflow/.local/lib/python3.8/site-packages/airflow/example_dags/example_short_circuit_decorator.py
[2023-09-28T18:23:42.403+0000] {logging_mixin.py:151} INFO - [2023-09-28T18:23:42.403+0000] {dag.py:2915} INFO - Sync 1 DAGs
[2023-09-28T18:23:42.421+0000] {logging_mixin.py:151} INFO - [2023-09-28T18:23:42.421+0000] {dag.py:3696} INFO - Setting next_dagrun for example_short_circuit_decorator to 2023-09-27T18:23:42.421014+00:00, run_after=2023-09-28T18:23:42.421014+00:00
[2023-09-28T18:23:42.440+0000] {processor.py:179} INFO - Processing /home/airflow/.local/lib/python3.8/site-packages/airflow/example_dags/example_short_circuit_decorator.py took 0.069 seconds
[2023-09-28T18:34:44.657+0000] {processor.py:157} INFO - Started process (PID=64) to work on /home/airflow/.local/lib/python3.8/site-packages/airflow/example_dags/example_short_circuit_decorator.py
[2023-09-28T18:34:44.659+0000] {processor.py:829} INFO - Processing file /home/airflow/.local/lib/python3.8/site-packages/airflow/example_dags/example_short_circuit_decorator.py for tasks to queue
[2023-09-28T18:34:44.662+0000] {logging_mixin.py:151} INFO - [2023-09-28T18:34:44.662+0000] {dagbag.py:539} INFO - Filling up the DagBag from /home/airflow/.local/lib/python3.8/site-packages/airflow/example_dags/example_short_circuit_decorator.py
[2023-09-28T18:34:44.674+0000] {processor.py:839} INFO - DAG(s) dict_keys(['example_short_circuit_decorator']) retrieved from /home/airflow/.local/lib/python3.8/site-packages/airflow/example_dags/example_short_circuit_decorator.py
[2023-09-28T18:34:44.688+0000] {logging_mixin.py:151} INFO - [2023-09-28T18:34:44.688+0000] {dag.py:2915} INFO - Sync 1 DAGs
[2023-09-28T18:34:44.710+0000] {logging_mixin.py:151} INFO - [2023-09-28T18:34:44.710+0000] {dag.py:3696} INFO - Setting next_dagrun for example_short_circuit_decorator to 2023-09-27T18:34:44.710358+00:00, run_after=2023-09-28T18:34:44.710358+00:00
[2023-09-28T18:34:44.731+0000] {processor.py:179} INFO - Processing /home/airflow/.local/lib/python3.8/site-packages/airflow/example_dags/example_short_circuit_decorator.py took 0.077 seconds
[2023-09-28T18:35:15.440+0000] {processor.py:157} INFO - Started process (PID=118) to work on /home/airflow/.local/lib/python3.8/site-packages/airflow/example_dags/example_short_circuit_decorator.py
[2023-09-28T18:35:15.442+0000] {processor.py:829} INFO - Processing file /home/airflow/.local/lib/python3.8/site-packages/airflow/example_dags/example_short_circuit_decorator.py for tasks to queue
[2023-09-28T18:35:15.445+0000] {logging_mixin.py:151} INFO - [2023-09-28T18:35:15.444+0000] {dagbag.py:539} INFO - Filling up the DagBag from /home/airflow/.local/lib/python3.8/site-packages/airflow/example_dags/example_short_circuit_decorator.py
[2023-09-28T18:35:15.451+0000] {processor.py:839} INFO - DAG(s) dict_keys(['example_short_circuit_decorator']) retrieved from /home/airflow/.local/lib/python3.8/site-packages/airflow/example_dags/example_short_circuit_decorator.py
[2023-09-28T18:35:15.469+0000] {logging_mixin.py:151} INFO - [2023-09-28T18:35:15.469+0000] {dag.py:2915} INFO - Sync 1 DAGs
[2023-09-28T18:35:15.483+0000] {logging_mixin.py:151} INFO - [2023-09-28T18:35:15.483+0000] {dag.py:3696} INFO - Setting next_dagrun for example_short_circuit_decorator to 2023-09-27T18:35:15.483283+00:00, run_after=2023-09-28T18:35:15.483283+00:00
[2023-09-28T18:35:15.495+0000] {processor.py:179} INFO - Processing /home/airflow/.local/lib/python3.8/site-packages/airflow/example_dags/example_short_circuit_decorator.py took 0.057 seconds
[2023-09-28T18:35:45.867+0000] {processor.py:157} INFO - Started process (PID=171) to work on /home/airflow/.local/lib/python3.8/site-packages/airflow/example_dags/example_short_circuit_decorator.py
[2023-09-28T18:35:45.869+0000] {processor.py:829} INFO - Processing file /home/airflow/.local/lib/python3.8/site-packages/airflow/example_dags/example_short_circuit_decorator.py for tasks to queue
[2023-09-28T18:35:45.872+0000] {logging_mixin.py:151} INFO - [2023-09-28T18:35:45.871+0000] {dagbag.py:539} INFO - Filling up the DagBag from /home/airflow/.local/lib/python3.8/site-packages/airflow/example_dags/example_short_circuit_decorator.py
[2023-09-28T18:35:45.878+0000] {processor.py:839} INFO - DAG(s) dict_keys(['example_short_circuit_decorator']) retrieved from /home/airflow/.local/lib/python3.8/site-packages/airflow/example_dags/example_short_circuit_decorator.py
[2023-09-28T18:35:45.896+0000] {logging_mixin.py:151} INFO - [2023-09-28T18:35:45.896+0000] {dag.py:2915} INFO - Sync 1 DAGs
[2023-09-28T18:35:45.910+0000] {logging_mixin.py:151} INFO - [2023-09-28T18:35:45.910+0000] {dag.py:3696} INFO - Setting next_dagrun for example_short_circuit_decorator to 2023-09-27T18:35:45.910320+00:00, run_after=2023-09-28T18:35:45.910320+00:00
[2023-09-28T18:35:45.923+0000] {processor.py:179} INFO - Processing /home/airflow/.local/lib/python3.8/site-packages/airflow/example_dags/example_short_circuit_decorator.py took 0.059 seconds
[2023-09-28T18:36:16.835+0000] {processor.py:157} INFO - Started process (PID=226) to work on /home/airflow/.local/lib/python3.8/site-packages/airflow/example_dags/example_short_circuit_decorator.py
[2023-09-28T18:36:16.838+0000] {processor.py:829} INFO - Processing file /home/airflow/.local/lib/python3.8/site-packages/airflow/example_dags/example_short_circuit_decorator.py for tasks to queue
[2023-09-28T18:36:16.841+0000] {logging_mixin.py:151} INFO - [2023-09-28T18:36:16.841+0000] {dagbag.py:539} INFO - Filling up the DagBag from /home/airflow/.local/lib/python3.8/site-packages/airflow/example_dags/example_short_circuit_decorator.py
[2023-09-28T18:36:16.849+0000] {processor.py:839} INFO - DAG(s) dict_keys(['example_short_circuit_decorator']) retrieved from /home/airflow/.local/lib/python3.8/site-packages/airflow/example_dags/example_short_circuit_decorator.py
[2023-09-28T18:36:16.867+0000] {logging_mixin.py:151} INFO - [2023-09-28T18:36:16.867+0000] {dag.py:2915} INFO - Sync 1 DAGs
[2023-09-28T18:36:16.883+0000] {logging_mixin.py:151} INFO - [2023-09-28T18:36:16.883+0000] {dag.py:3696} INFO - Setting next_dagrun for example_short_circuit_decorator to 2023-09-27T18:36:16.883121+00:00, run_after=2023-09-28T18:36:16.883121+00:00
[2023-09-28T18:36:16.900+0000] {processor.py:179} INFO - Processing /home/airflow/.local/lib/python3.8/site-packages/airflow/example_dags/example_short_circuit_decorator.py took 0.068 seconds
