[2023-09-28T18:05:28.698+0000] {processor.py:157} INFO - Started process (PID=54) to work on /home/airflow/.local/lib/python3.8/site-packages/airflow/example_dags/example_branch_operator.py
[2023-09-28T18:05:28.701+0000] {processor.py:829} INFO - Processing file /home/airflow/.local/lib/python3.8/site-packages/airflow/example_dags/example_branch_operator.py for tasks to queue
[2023-09-28T18:05:28.706+0000] {logging_mixin.py:151} INFO - [2023-09-28T18:05:28.706+0000] {dagbag.py:539} INFO - Filling up the DagBag from /home/airflow/.local/lib/python3.8/site-packages/airflow/example_dags/example_branch_operator.py
[2023-09-28T18:05:28.719+0000] {processor.py:839} INFO - DAG(s) dict_keys(['example_branch_operator']) retrieved from /home/airflow/.local/lib/python3.8/site-packages/airflow/example_dags/example_branch_operator.py
[2023-09-28T18:05:28.741+0000] {logging_mixin.py:151} INFO - [2023-09-28T18:05:28.740+0000] {dag.py:2915} INFO - Sync 1 DAGs
[2023-09-28T18:05:28.767+0000] {logging_mixin.py:151} INFO - [2023-09-28T18:05:28.766+0000] {dag.py:3696} INFO - Setting next_dagrun for example_branch_operator to 2023-09-27T00:00:00+00:00, run_after=2023-09-28T00:00:00+00:00
[2023-09-28T18:05:28.790+0000] {processor.py:179} INFO - Processing /home/airflow/.local/lib/python3.8/site-packages/airflow/example_dags/example_branch_operator.py took 0.097 seconds
[2023-09-28T18:05:59.614+0000] {processor.py:157} INFO - Started process (PID=107) to work on /home/airflow/.local/lib/python3.8/site-packages/airflow/example_dags/example_branch_operator.py
[2023-09-28T18:05:59.616+0000] {processor.py:829} INFO - Processing file /home/airflow/.local/lib/python3.8/site-packages/airflow/example_dags/example_branch_operator.py for tasks to queue
[2023-09-28T18:05:59.619+0000] {logging_mixin.py:151} INFO - [2023-09-28T18:05:59.619+0000] {dagbag.py:539} INFO - Filling up the DagBag from /home/airflow/.local/lib/python3.8/site-packages/airflow/example_dags/example_branch_operator.py
[2023-09-28T18:05:59.626+0000] {processor.py:839} INFO - DAG(s) dict_keys(['example_branch_operator']) retrieved from /home/airflow/.local/lib/python3.8/site-packages/airflow/example_dags/example_branch_operator.py
[2023-09-28T18:05:59.646+0000] {logging_mixin.py:151} INFO - [2023-09-28T18:05:59.646+0000] {dag.py:2915} INFO - Sync 1 DAGs
[2023-09-28T18:05:59.670+0000] {logging_mixin.py:151} INFO - [2023-09-28T18:05:59.670+0000] {dag.py:3696} INFO - Setting next_dagrun for example_branch_operator to 2023-09-27T00:00:00+00:00, run_after=2023-09-28T00:00:00+00:00
[2023-09-28T18:05:59.685+0000] {processor.py:179} INFO - Processing /home/airflow/.local/lib/python3.8/site-packages/airflow/example_dags/example_branch_operator.py took 0.073 seconds
[2023-09-28T18:06:30.614+0000] {processor.py:157} INFO - Started process (PID=161) to work on /home/airflow/.local/lib/python3.8/site-packages/airflow/example_dags/example_branch_operator.py
[2023-09-28T18:06:30.617+0000] {processor.py:829} INFO - Processing file /home/airflow/.local/lib/python3.8/site-packages/airflow/example_dags/example_branch_operator.py for tasks to queue
[2023-09-28T18:06:30.619+0000] {logging_mixin.py:151} INFO - [2023-09-28T18:06:30.619+0000] {dagbag.py:539} INFO - Filling up the DagBag from /home/airflow/.local/lib/python3.8/site-packages/airflow/example_dags/example_branch_operator.py
[2023-09-28T18:06:30.626+0000] {processor.py:839} INFO - DAG(s) dict_keys(['example_branch_operator']) retrieved from /home/airflow/.local/lib/python3.8/site-packages/airflow/example_dags/example_branch_operator.py
[2023-09-28T18:06:30.649+0000] {logging_mixin.py:151} INFO - [2023-09-28T18:06:30.649+0000] {dag.py:2915} INFO - Sync 1 DAGs
[2023-09-28T18:06:30.668+0000] {logging_mixin.py:151} INFO - [2023-09-28T18:06:30.668+0000] {dag.py:3696} INFO - Setting next_dagrun for example_branch_operator to 2023-09-27T00:00:00+00:00, run_after=2023-09-28T00:00:00+00:00
[2023-09-28T18:06:30.682+0000] {processor.py:179} INFO - Processing /home/airflow/.local/lib/python3.8/site-packages/airflow/example_dags/example_branch_operator.py took 0.071 seconds
[2023-09-28T18:07:00.769+0000] {processor.py:157} INFO - Started process (PID=215) to work on /home/airflow/.local/lib/python3.8/site-packages/airflow/example_dags/example_branch_operator.py
[2023-09-28T18:07:00.772+0000] {processor.py:829} INFO - Processing file /home/airflow/.local/lib/python3.8/site-packages/airflow/example_dags/example_branch_operator.py for tasks to queue
[2023-09-28T18:07:00.776+0000] {logging_mixin.py:151} INFO - [2023-09-28T18:07:00.776+0000] {dagbag.py:539} INFO - Filling up the DagBag from /home/airflow/.local/lib/python3.8/site-packages/airflow/example_dags/example_branch_operator.py
[2023-09-28T18:07:00.782+0000] {processor.py:839} INFO - DAG(s) dict_keys(['example_branch_operator']) retrieved from /home/airflow/.local/lib/python3.8/site-packages/airflow/example_dags/example_branch_operator.py
[2023-09-28T18:07:00.803+0000] {logging_mixin.py:151} INFO - [2023-09-28T18:07:00.802+0000] {dag.py:2915} INFO - Sync 1 DAGs
[2023-09-28T18:07:00.824+0000] {logging_mixin.py:151} INFO - [2023-09-28T18:07:00.823+0000] {dag.py:3696} INFO - Setting next_dagrun for example_branch_operator to 2023-09-27T00:00:00+00:00, run_after=2023-09-28T00:00:00+00:00
[2023-09-28T18:07:00.843+0000] {processor.py:179} INFO - Processing /home/airflow/.local/lib/python3.8/site-packages/airflow/example_dags/example_branch_operator.py took 0.076 seconds
[2023-09-28T18:07:31.514+0000] {processor.py:157} INFO - Started process (PID=269) to work on /home/airflow/.local/lib/python3.8/site-packages/airflow/example_dags/example_branch_operator.py
[2023-09-28T18:07:31.516+0000] {processor.py:829} INFO - Processing file /home/airflow/.local/lib/python3.8/site-packages/airflow/example_dags/example_branch_operator.py for tasks to queue
[2023-09-28T18:07:31.519+0000] {logging_mixin.py:151} INFO - [2023-09-28T18:07:31.519+0000] {dagbag.py:539} INFO - Filling up the DagBag from /home/airflow/.local/lib/python3.8/site-packages/airflow/example_dags/example_branch_operator.py
[2023-09-28T18:07:31.525+0000] {processor.py:839} INFO - DAG(s) dict_keys(['example_branch_operator']) retrieved from /home/airflow/.local/lib/python3.8/site-packages/airflow/example_dags/example_branch_operator.py
[2023-09-28T18:07:31.543+0000] {logging_mixin.py:151} INFO - [2023-09-28T18:07:31.543+0000] {dag.py:2915} INFO - Sync 1 DAGs
[2023-09-28T18:07:31.562+0000] {logging_mixin.py:151} INFO - [2023-09-28T18:07:31.562+0000] {dag.py:3696} INFO - Setting next_dagrun for example_branch_operator to 2023-09-27T00:00:00+00:00, run_after=2023-09-28T00:00:00+00:00
[2023-09-28T18:07:31.580+0000] {processor.py:179} INFO - Processing /home/airflow/.local/lib/python3.8/site-packages/airflow/example_dags/example_branch_operator.py took 0.068 seconds
[2023-09-28T18:08:02.392+0000] {processor.py:157} INFO - Started process (PID=323) to work on /home/airflow/.local/lib/python3.8/site-packages/airflow/example_dags/example_branch_operator.py
[2023-09-28T18:08:02.397+0000] {processor.py:829} INFO - Processing file /home/airflow/.local/lib/python3.8/site-packages/airflow/example_dags/example_branch_operator.py for tasks to queue
[2023-09-28T18:08:02.400+0000] {logging_mixin.py:151} INFO - [2023-09-28T18:08:02.400+0000] {dagbag.py:539} INFO - Filling up the DagBag from /home/airflow/.local/lib/python3.8/site-packages/airflow/example_dags/example_branch_operator.py
[2023-09-28T18:08:02.411+0000] {processor.py:839} INFO - DAG(s) dict_keys(['example_branch_operator']) retrieved from /home/airflow/.local/lib/python3.8/site-packages/airflow/example_dags/example_branch_operator.py
[2023-09-28T18:08:02.429+0000] {logging_mixin.py:151} INFO - [2023-09-28T18:08:02.429+0000] {dag.py:2915} INFO - Sync 1 DAGs
[2023-09-28T18:08:02.444+0000] {logging_mixin.py:151} INFO - [2023-09-28T18:08:02.444+0000] {dag.py:3696} INFO - Setting next_dagrun for example_branch_operator to 2023-09-27T00:00:00+00:00, run_after=2023-09-28T00:00:00+00:00
[2023-09-28T18:08:02.456+0000] {processor.py:179} INFO - Processing /home/airflow/.local/lib/python3.8/site-packages/airflow/example_dags/example_branch_operator.py took 0.067 seconds
[2023-09-28T18:08:32.593+0000] {processor.py:157} INFO - Started process (PID=377) to work on /home/airflow/.local/lib/python3.8/site-packages/airflow/example_dags/example_branch_operator.py
[2023-09-28T18:08:32.595+0000] {processor.py:829} INFO - Processing file /home/airflow/.local/lib/python3.8/site-packages/airflow/example_dags/example_branch_operator.py for tasks to queue
[2023-09-28T18:08:32.597+0000] {logging_mixin.py:151} INFO - [2023-09-28T18:08:32.597+0000] {dagbag.py:539} INFO - Filling up the DagBag from /home/airflow/.local/lib/python3.8/site-packages/airflow/example_dags/example_branch_operator.py
[2023-09-28T18:08:32.604+0000] {processor.py:839} INFO - DAG(s) dict_keys(['example_branch_operator']) retrieved from /home/airflow/.local/lib/python3.8/site-packages/airflow/example_dags/example_branch_operator.py
[2023-09-28T18:08:32.623+0000] {logging_mixin.py:151} INFO - [2023-09-28T18:08:32.623+0000] {dag.py:2915} INFO - Sync 1 DAGs
[2023-09-28T18:08:32.638+0000] {logging_mixin.py:151} INFO - [2023-09-28T18:08:32.637+0000] {dag.py:3696} INFO - Setting next_dagrun for example_branch_operator to 2023-09-27T00:00:00+00:00, run_after=2023-09-28T00:00:00+00:00
[2023-09-28T18:08:32.654+0000] {processor.py:179} INFO - Processing /home/airflow/.local/lib/python3.8/site-packages/airflow/example_dags/example_branch_operator.py took 0.064 seconds
[2023-09-28T18:09:03.424+0000] {processor.py:157} INFO - Started process (PID=431) to work on /home/airflow/.local/lib/python3.8/site-packages/airflow/example_dags/example_branch_operator.py
[2023-09-28T18:09:03.426+0000] {processor.py:829} INFO - Processing file /home/airflow/.local/lib/python3.8/site-packages/airflow/example_dags/example_branch_operator.py for tasks to queue
[2023-09-28T18:09:03.428+0000] {logging_mixin.py:151} INFO - [2023-09-28T18:09:03.428+0000] {dagbag.py:539} INFO - Filling up the DagBag from /home/airflow/.local/lib/python3.8/site-packages/airflow/example_dags/example_branch_operator.py
[2023-09-28T18:09:03.435+0000] {processor.py:839} INFO - DAG(s) dict_keys(['example_branch_operator']) retrieved from /home/airflow/.local/lib/python3.8/site-packages/airflow/example_dags/example_branch_operator.py
[2023-09-28T18:09:03.452+0000] {logging_mixin.py:151} INFO - [2023-09-28T18:09:03.452+0000] {dag.py:2915} INFO - Sync 1 DAGs
[2023-09-28T18:09:03.466+0000] {logging_mixin.py:151} INFO - [2023-09-28T18:09:03.466+0000] {dag.py:3696} INFO - Setting next_dagrun for example_branch_operator to 2023-09-27T00:00:00+00:00, run_after=2023-09-28T00:00:00+00:00
[2023-09-28T18:09:03.479+0000] {processor.py:179} INFO - Processing /home/airflow/.local/lib/python3.8/site-packages/airflow/example_dags/example_branch_operator.py took 0.058 seconds
[2023-09-28T18:09:34.093+0000] {processor.py:157} INFO - Started process (PID=484) to work on /home/airflow/.local/lib/python3.8/site-packages/airflow/example_dags/example_branch_operator.py
[2023-09-28T18:09:34.095+0000] {processor.py:829} INFO - Processing file /home/airflow/.local/lib/python3.8/site-packages/airflow/example_dags/example_branch_operator.py for tasks to queue
[2023-09-28T18:09:34.097+0000] {logging_mixin.py:151} INFO - [2023-09-28T18:09:34.097+0000] {dagbag.py:539} INFO - Filling up the DagBag from /home/airflow/.local/lib/python3.8/site-packages/airflow/example_dags/example_branch_operator.py
[2023-09-28T18:09:34.105+0000] {processor.py:839} INFO - DAG(s) dict_keys(['example_branch_operator']) retrieved from /home/airflow/.local/lib/python3.8/site-packages/airflow/example_dags/example_branch_operator.py
[2023-09-28T18:09:34.123+0000] {logging_mixin.py:151} INFO - [2023-09-28T18:09:34.123+0000] {dag.py:2915} INFO - Sync 1 DAGs
[2023-09-28T18:09:34.139+0000] {logging_mixin.py:151} INFO - [2023-09-28T18:09:34.139+0000] {dag.py:3696} INFO - Setting next_dagrun for example_branch_operator to 2023-09-27T00:00:00+00:00, run_after=2023-09-28T00:00:00+00:00
[2023-09-28T18:09:34.150+0000] {processor.py:179} INFO - Processing /home/airflow/.local/lib/python3.8/site-packages/airflow/example_dags/example_branch_operator.py took 0.059 seconds
[2023-09-28T18:10:04.876+0000] {processor.py:157} INFO - Started process (PID=538) to work on /home/airflow/.local/lib/python3.8/site-packages/airflow/example_dags/example_branch_operator.py
[2023-09-28T18:10:04.878+0000] {processor.py:829} INFO - Processing file /home/airflow/.local/lib/python3.8/site-packages/airflow/example_dags/example_branch_operator.py for tasks to queue
[2023-09-28T18:10:04.880+0000] {logging_mixin.py:151} INFO - [2023-09-28T18:10:04.880+0000] {dagbag.py:539} INFO - Filling up the DagBag from /home/airflow/.local/lib/python3.8/site-packages/airflow/example_dags/example_branch_operator.py
[2023-09-28T18:10:04.887+0000] {processor.py:839} INFO - DAG(s) dict_keys(['example_branch_operator']) retrieved from /home/airflow/.local/lib/python3.8/site-packages/airflow/example_dags/example_branch_operator.py
[2023-09-28T18:10:04.909+0000] {logging_mixin.py:151} INFO - [2023-09-28T18:10:04.909+0000] {dag.py:2915} INFO - Sync 1 DAGs
[2023-09-28T18:10:04.927+0000] {logging_mixin.py:151} INFO - [2023-09-28T18:10:04.927+0000] {dag.py:3696} INFO - Setting next_dagrun for example_branch_operator to 2023-09-27T00:00:00+00:00, run_after=2023-09-28T00:00:00+00:00
[2023-09-28T18:10:04.948+0000] {processor.py:179} INFO - Processing /home/airflow/.local/lib/python3.8/site-packages/airflow/example_dags/example_branch_operator.py took 0.074 seconds
[2023-09-28T18:10:35.798+0000] {processor.py:157} INFO - Started process (PID=592) to work on /home/airflow/.local/lib/python3.8/site-packages/airflow/example_dags/example_branch_operator.py
[2023-09-28T18:10:35.800+0000] {processor.py:829} INFO - Processing file /home/airflow/.local/lib/python3.8/site-packages/airflow/example_dags/example_branch_operator.py for tasks to queue
[2023-09-28T18:10:35.803+0000] {logging_mixin.py:151} INFO - [2023-09-28T18:10:35.803+0000] {dagbag.py:539} INFO - Filling up the DagBag from /home/airflow/.local/lib/python3.8/site-packages/airflow/example_dags/example_branch_operator.py
[2023-09-28T18:10:35.809+0000] {processor.py:839} INFO - DAG(s) dict_keys(['example_branch_operator']) retrieved from /home/airflow/.local/lib/python3.8/site-packages/airflow/example_dags/example_branch_operator.py
[2023-09-28T18:10:35.826+0000] {logging_mixin.py:151} INFO - [2023-09-28T18:10:35.826+0000] {dag.py:2915} INFO - Sync 1 DAGs
[2023-09-28T18:10:35.842+0000] {logging_mixin.py:151} INFO - [2023-09-28T18:10:35.842+0000] {dag.py:3696} INFO - Setting next_dagrun for example_branch_operator to 2023-09-27T00:00:00+00:00, run_after=2023-09-28T00:00:00+00:00
[2023-09-28T18:10:35.859+0000] {processor.py:179} INFO - Processing /home/airflow/.local/lib/python3.8/site-packages/airflow/example_dags/example_branch_operator.py took 0.063 seconds
[2023-09-28T18:11:06.947+0000] {processor.py:157} INFO - Started process (PID=646) to work on /home/airflow/.local/lib/python3.8/site-packages/airflow/example_dags/example_branch_operator.py
[2023-09-28T18:11:06.949+0000] {processor.py:829} INFO - Processing file /home/airflow/.local/lib/python3.8/site-packages/airflow/example_dags/example_branch_operator.py for tasks to queue
[2023-09-28T18:11:06.951+0000] {logging_mixin.py:151} INFO - [2023-09-28T18:11:06.951+0000] {dagbag.py:539} INFO - Filling up the DagBag from /home/airflow/.local/lib/python3.8/site-packages/airflow/example_dags/example_branch_operator.py
[2023-09-28T18:11:06.959+0000] {processor.py:839} INFO - DAG(s) dict_keys(['example_branch_operator']) retrieved from /home/airflow/.local/lib/python3.8/site-packages/airflow/example_dags/example_branch_operator.py
[2023-09-28T18:11:06.979+0000] {logging_mixin.py:151} INFO - [2023-09-28T18:11:06.979+0000] {dag.py:2915} INFO - Sync 1 DAGs
[2023-09-28T18:11:06.995+0000] {logging_mixin.py:151} INFO - [2023-09-28T18:11:06.995+0000] {dag.py:3696} INFO - Setting next_dagrun for example_branch_operator to 2023-09-27T00:00:00+00:00, run_after=2023-09-28T00:00:00+00:00
[2023-09-28T18:11:07.015+0000] {processor.py:179} INFO - Processing /home/airflow/.local/lib/python3.8/site-packages/airflow/example_dags/example_branch_operator.py took 0.071 seconds
[2023-09-28T18:13:56.418+0000] {processor.py:157} INFO - Started process (PID=53) to work on /home/airflow/.local/lib/python3.8/site-packages/airflow/example_dags/example_branch_operator.py
[2023-09-28T18:13:56.421+0000] {processor.py:829} INFO - Processing file /home/airflow/.local/lib/python3.8/site-packages/airflow/example_dags/example_branch_operator.py for tasks to queue
[2023-09-28T18:13:56.425+0000] {logging_mixin.py:151} INFO - [2023-09-28T18:13:56.424+0000] {dagbag.py:539} INFO - Filling up the DagBag from /home/airflow/.local/lib/python3.8/site-packages/airflow/example_dags/example_branch_operator.py
[2023-09-28T18:13:56.449+0000] {processor.py:839} INFO - DAG(s) dict_keys(['example_branch_operator']) retrieved from /home/airflow/.local/lib/python3.8/site-packages/airflow/example_dags/example_branch_operator.py
[2023-09-28T18:13:56.548+0000] {logging_mixin.py:151} INFO - [2023-09-28T18:13:56.548+0000] {manager.py:499} INFO - Created Permission View: %s
[2023-09-28T18:13:56.558+0000] {logging_mixin.py:151} INFO - [2023-09-28T18:13:56.558+0000] {manager.py:499} INFO - Created Permission View: %s
[2023-09-28T18:13:56.563+0000] {logging_mixin.py:151} INFO - [2023-09-28T18:13:56.563+0000] {manager.py:499} INFO - Created Permission View: %s
[2023-09-28T18:13:56.564+0000] {logging_mixin.py:151} INFO - [2023-09-28T18:13:56.564+0000] {security.py:708} INFO - Not syncing DAG-level permissions for DAG 'DAG:example_branch_operator' as access control is unset.
[2023-09-28T18:13:56.565+0000] {logging_mixin.py:151} INFO - [2023-09-28T18:13:56.565+0000] {dag.py:2915} INFO - Sync 1 DAGs
[2023-09-28T18:13:56.599+0000] {logging_mixin.py:151} INFO - [2023-09-28T18:13:56.599+0000] {dag.py:2937} INFO - Creating ORM DAG for example_branch_operator
[2023-09-28T18:13:56.613+0000] {logging_mixin.py:151} INFO - [2023-09-28T18:13:56.613+0000] {dag.py:3696} INFO - Setting next_dagrun for example_branch_operator to 2023-09-27T00:00:00+00:00, run_after=2023-09-28T00:00:00+00:00
[2023-09-28T18:13:56.631+0000] {processor.py:179} INFO - Processing /home/airflow/.local/lib/python3.8/site-packages/airflow/example_dags/example_branch_operator.py took 0.219 seconds
[2023-09-28T18:14:26.848+0000] {processor.py:157} INFO - Started process (PID=107) to work on /home/airflow/.local/lib/python3.8/site-packages/airflow/example_dags/example_branch_operator.py
[2023-09-28T18:14:26.850+0000] {processor.py:829} INFO - Processing file /home/airflow/.local/lib/python3.8/site-packages/airflow/example_dags/example_branch_operator.py for tasks to queue
[2023-09-28T18:14:26.853+0000] {logging_mixin.py:151} INFO - [2023-09-28T18:14:26.853+0000] {dagbag.py:539} INFO - Filling up the DagBag from /home/airflow/.local/lib/python3.8/site-packages/airflow/example_dags/example_branch_operator.py
[2023-09-28T18:14:26.860+0000] {processor.py:839} INFO - DAG(s) dict_keys(['example_branch_operator']) retrieved from /home/airflow/.local/lib/python3.8/site-packages/airflow/example_dags/example_branch_operator.py
[2023-09-28T18:14:26.882+0000] {logging_mixin.py:151} INFO - [2023-09-28T18:14:26.882+0000] {dag.py:2915} INFO - Sync 1 DAGs
[2023-09-28T18:14:26.896+0000] {logging_mixin.py:151} INFO - [2023-09-28T18:14:26.896+0000] {dag.py:3696} INFO - Setting next_dagrun for example_branch_operator to 2023-09-27T00:00:00+00:00, run_after=2023-09-28T00:00:00+00:00
[2023-09-28T18:14:26.909+0000] {processor.py:179} INFO - Processing /home/airflow/.local/lib/python3.8/site-packages/airflow/example_dags/example_branch_operator.py took 0.064 seconds
[2023-09-28T18:14:57.607+0000] {processor.py:157} INFO - Started process (PID=161) to work on /home/airflow/.local/lib/python3.8/site-packages/airflow/example_dags/example_branch_operator.py
[2023-09-28T18:14:57.614+0000] {processor.py:829} INFO - Processing file /home/airflow/.local/lib/python3.8/site-packages/airflow/example_dags/example_branch_operator.py for tasks to queue
[2023-09-28T18:14:57.618+0000] {logging_mixin.py:151} INFO - [2023-09-28T18:14:57.617+0000] {dagbag.py:539} INFO - Filling up the DagBag from /home/airflow/.local/lib/python3.8/site-packages/airflow/example_dags/example_branch_operator.py
[2023-09-28T18:14:57.625+0000] {processor.py:839} INFO - DAG(s) dict_keys(['example_branch_operator']) retrieved from /home/airflow/.local/lib/python3.8/site-packages/airflow/example_dags/example_branch_operator.py
[2023-09-28T18:14:57.645+0000] {logging_mixin.py:151} INFO - [2023-09-28T18:14:57.645+0000] {dag.py:2915} INFO - Sync 1 DAGs
[2023-09-28T18:14:57.661+0000] {logging_mixin.py:151} INFO - [2023-09-28T18:14:57.661+0000] {dag.py:3696} INFO - Setting next_dagrun for example_branch_operator to 2023-09-27T00:00:00+00:00, run_after=2023-09-28T00:00:00+00:00
[2023-09-28T18:14:57.678+0000] {processor.py:179} INFO - Processing /home/airflow/.local/lib/python3.8/site-packages/airflow/example_dags/example_branch_operator.py took 0.074 seconds
[2023-09-28T18:15:28.409+0000] {processor.py:157} INFO - Started process (PID=215) to work on /home/airflow/.local/lib/python3.8/site-packages/airflow/example_dags/example_branch_operator.py
[2023-09-28T18:15:28.412+0000] {processor.py:829} INFO - Processing file /home/airflow/.local/lib/python3.8/site-packages/airflow/example_dags/example_branch_operator.py for tasks to queue
[2023-09-28T18:15:28.415+0000] {logging_mixin.py:151} INFO - [2023-09-28T18:15:28.415+0000] {dagbag.py:539} INFO - Filling up the DagBag from /home/airflow/.local/lib/python3.8/site-packages/airflow/example_dags/example_branch_operator.py
[2023-09-28T18:15:28.422+0000] {processor.py:839} INFO - DAG(s) dict_keys(['example_branch_operator']) retrieved from /home/airflow/.local/lib/python3.8/site-packages/airflow/example_dags/example_branch_operator.py
[2023-09-28T18:15:28.440+0000] {logging_mixin.py:151} INFO - [2023-09-28T18:15:28.440+0000] {dag.py:2915} INFO - Sync 1 DAGs
[2023-09-28T18:15:28.455+0000] {logging_mixin.py:151} INFO - [2023-09-28T18:15:28.454+0000] {dag.py:3696} INFO - Setting next_dagrun for example_branch_operator to 2023-09-27T00:00:00+00:00, run_after=2023-09-28T00:00:00+00:00
[2023-09-28T18:15:28.468+0000] {processor.py:179} INFO - Processing /home/airflow/.local/lib/python3.8/site-packages/airflow/example_dags/example_branch_operator.py took 0.063 seconds
[2023-09-28T18:15:59.068+0000] {processor.py:157} INFO - Started process (PID=269) to work on /home/airflow/.local/lib/python3.8/site-packages/airflow/example_dags/example_branch_operator.py
[2023-09-28T18:15:59.070+0000] {processor.py:829} INFO - Processing file /home/airflow/.local/lib/python3.8/site-packages/airflow/example_dags/example_branch_operator.py for tasks to queue
[2023-09-28T18:15:59.073+0000] {logging_mixin.py:151} INFO - [2023-09-28T18:15:59.073+0000] {dagbag.py:539} INFO - Filling up the DagBag from /home/airflow/.local/lib/python3.8/site-packages/airflow/example_dags/example_branch_operator.py
[2023-09-28T18:15:59.080+0000] {processor.py:839} INFO - DAG(s) dict_keys(['example_branch_operator']) retrieved from /home/airflow/.local/lib/python3.8/site-packages/airflow/example_dags/example_branch_operator.py
[2023-09-28T18:15:59.099+0000] {logging_mixin.py:151} INFO - [2023-09-28T18:15:59.099+0000] {dag.py:2915} INFO - Sync 1 DAGs
[2023-09-28T18:15:59.114+0000] {logging_mixin.py:151} INFO - [2023-09-28T18:15:59.114+0000] {dag.py:3696} INFO - Setting next_dagrun for example_branch_operator to 2023-09-27T00:00:00+00:00, run_after=2023-09-28T00:00:00+00:00
[2023-09-28T18:15:59.133+0000] {processor.py:179} INFO - Processing /home/airflow/.local/lib/python3.8/site-packages/airflow/example_dags/example_branch_operator.py took 0.067 seconds
[2023-09-28T18:16:29.767+0000] {processor.py:157} INFO - Started process (PID=323) to work on /home/airflow/.local/lib/python3.8/site-packages/airflow/example_dags/example_branch_operator.py
[2023-09-28T18:16:29.769+0000] {processor.py:829} INFO - Processing file /home/airflow/.local/lib/python3.8/site-packages/airflow/example_dags/example_branch_operator.py for tasks to queue
[2023-09-28T18:16:29.772+0000] {logging_mixin.py:151} INFO - [2023-09-28T18:16:29.772+0000] {dagbag.py:539} INFO - Filling up the DagBag from /home/airflow/.local/lib/python3.8/site-packages/airflow/example_dags/example_branch_operator.py
[2023-09-28T18:16:29.779+0000] {processor.py:839} INFO - DAG(s) dict_keys(['example_branch_operator']) retrieved from /home/airflow/.local/lib/python3.8/site-packages/airflow/example_dags/example_branch_operator.py
[2023-09-28T18:16:29.796+0000] {logging_mixin.py:151} INFO - [2023-09-28T18:16:29.796+0000] {dag.py:2915} INFO - Sync 1 DAGs
[2023-09-28T18:16:29.811+0000] {logging_mixin.py:151} INFO - [2023-09-28T18:16:29.810+0000] {dag.py:3696} INFO - Setting next_dagrun for example_branch_operator to 2023-09-27T00:00:00+00:00, run_after=2023-09-28T00:00:00+00:00
[2023-09-28T18:16:29.823+0000] {processor.py:179} INFO - Processing /home/airflow/.local/lib/python3.8/site-packages/airflow/example_dags/example_branch_operator.py took 0.059 seconds
[2023-09-28T18:17:00.558+0000] {processor.py:157} INFO - Started process (PID=377) to work on /home/airflow/.local/lib/python3.8/site-packages/airflow/example_dags/example_branch_operator.py
[2023-09-28T18:17:00.560+0000] {processor.py:829} INFO - Processing file /home/airflow/.local/lib/python3.8/site-packages/airflow/example_dags/example_branch_operator.py for tasks to queue
[2023-09-28T18:17:00.563+0000] {logging_mixin.py:151} INFO - [2023-09-28T18:17:00.562+0000] {dagbag.py:539} INFO - Filling up the DagBag from /home/airflow/.local/lib/python3.8/site-packages/airflow/example_dags/example_branch_operator.py
[2023-09-28T18:17:00.570+0000] {processor.py:839} INFO - DAG(s) dict_keys(['example_branch_operator']) retrieved from /home/airflow/.local/lib/python3.8/site-packages/airflow/example_dags/example_branch_operator.py
[2023-09-28T18:17:00.589+0000] {logging_mixin.py:151} INFO - [2023-09-28T18:17:00.589+0000] {dag.py:2915} INFO - Sync 1 DAGs
[2023-09-28T18:17:00.604+0000] {logging_mixin.py:151} INFO - [2023-09-28T18:17:00.604+0000] {dag.py:3696} INFO - Setting next_dagrun for example_branch_operator to 2023-09-27T00:00:00+00:00, run_after=2023-09-28T00:00:00+00:00
[2023-09-28T18:17:00.618+0000] {processor.py:179} INFO - Processing /home/airflow/.local/lib/python3.8/site-packages/airflow/example_dags/example_branch_operator.py took 0.063 seconds
[2023-09-28T18:17:31.121+0000] {processor.py:157} INFO - Started process (PID=430) to work on /home/airflow/.local/lib/python3.8/site-packages/airflow/example_dags/example_branch_operator.py
[2023-09-28T18:17:31.123+0000] {processor.py:829} INFO - Processing file /home/airflow/.local/lib/python3.8/site-packages/airflow/example_dags/example_branch_operator.py for tasks to queue
[2023-09-28T18:17:31.125+0000] {logging_mixin.py:151} INFO - [2023-09-28T18:17:31.125+0000] {dagbag.py:539} INFO - Filling up the DagBag from /home/airflow/.local/lib/python3.8/site-packages/airflow/example_dags/example_branch_operator.py
[2023-09-28T18:17:31.132+0000] {processor.py:839} INFO - DAG(s) dict_keys(['example_branch_operator']) retrieved from /home/airflow/.local/lib/python3.8/site-packages/airflow/example_dags/example_branch_operator.py
[2023-09-28T18:17:31.150+0000] {logging_mixin.py:151} INFO - [2023-09-28T18:17:31.150+0000] {dag.py:2915} INFO - Sync 1 DAGs
[2023-09-28T18:17:31.164+0000] {logging_mixin.py:151} INFO - [2023-09-28T18:17:31.164+0000] {dag.py:3696} INFO - Setting next_dagrun for example_branch_operator to 2023-09-27T00:00:00+00:00, run_after=2023-09-28T00:00:00+00:00
[2023-09-28T18:17:31.180+0000] {processor.py:179} INFO - Processing /home/airflow/.local/lib/python3.8/site-packages/airflow/example_dags/example_branch_operator.py took 0.061 seconds
[2023-09-28T18:18:01.880+0000] {processor.py:157} INFO - Started process (PID=485) to work on /home/airflow/.local/lib/python3.8/site-packages/airflow/example_dags/example_branch_operator.py
[2023-09-28T18:18:01.882+0000] {processor.py:829} INFO - Processing file /home/airflow/.local/lib/python3.8/site-packages/airflow/example_dags/example_branch_operator.py for tasks to queue
[2023-09-28T18:18:01.884+0000] {logging_mixin.py:151} INFO - [2023-09-28T18:18:01.884+0000] {dagbag.py:539} INFO - Filling up the DagBag from /home/airflow/.local/lib/python3.8/site-packages/airflow/example_dags/example_branch_operator.py
[2023-09-28T18:18:01.891+0000] {processor.py:839} INFO - DAG(s) dict_keys(['example_branch_operator']) retrieved from /home/airflow/.local/lib/python3.8/site-packages/airflow/example_dags/example_branch_operator.py
[2023-09-28T18:18:01.911+0000] {logging_mixin.py:151} INFO - [2023-09-28T18:18:01.911+0000] {dag.py:2915} INFO - Sync 1 DAGs
[2023-09-28T18:18:01.928+0000] {logging_mixin.py:151} INFO - [2023-09-28T18:18:01.928+0000] {dag.py:3696} INFO - Setting next_dagrun for example_branch_operator to 2023-09-27T00:00:00+00:00, run_after=2023-09-28T00:00:00+00:00
[2023-09-28T18:18:01.941+0000] {processor.py:179} INFO - Processing /home/airflow/.local/lib/python3.8/site-packages/airflow/example_dags/example_branch_operator.py took 0.063 seconds
[2023-09-28T18:18:32.608+0000] {processor.py:157} INFO - Started process (PID=539) to work on /home/airflow/.local/lib/python3.8/site-packages/airflow/example_dags/example_branch_operator.py
[2023-09-28T18:18:32.610+0000] {processor.py:829} INFO - Processing file /home/airflow/.local/lib/python3.8/site-packages/airflow/example_dags/example_branch_operator.py for tasks to queue
[2023-09-28T18:18:32.612+0000] {logging_mixin.py:151} INFO - [2023-09-28T18:18:32.612+0000] {dagbag.py:539} INFO - Filling up the DagBag from /home/airflow/.local/lib/python3.8/site-packages/airflow/example_dags/example_branch_operator.py
[2023-09-28T18:18:32.619+0000] {processor.py:839} INFO - DAG(s) dict_keys(['example_branch_operator']) retrieved from /home/airflow/.local/lib/python3.8/site-packages/airflow/example_dags/example_branch_operator.py
[2023-09-28T18:18:32.636+0000] {logging_mixin.py:151} INFO - [2023-09-28T18:18:32.636+0000] {dag.py:2915} INFO - Sync 1 DAGs
[2023-09-28T18:18:32.651+0000] {logging_mixin.py:151} INFO - [2023-09-28T18:18:32.651+0000] {dag.py:3696} INFO - Setting next_dagrun for example_branch_operator to 2023-09-27T00:00:00+00:00, run_after=2023-09-28T00:00:00+00:00
[2023-09-28T18:18:32.664+0000] {processor.py:179} INFO - Processing /home/airflow/.local/lib/python3.8/site-packages/airflow/example_dags/example_branch_operator.py took 0.059 seconds
[2023-09-28T18:19:03.508+0000] {processor.py:157} INFO - Started process (PID=594) to work on /home/airflow/.local/lib/python3.8/site-packages/airflow/example_dags/example_branch_operator.py
[2023-09-28T18:19:03.510+0000] {processor.py:829} INFO - Processing file /home/airflow/.local/lib/python3.8/site-packages/airflow/example_dags/example_branch_operator.py for tasks to queue
[2023-09-28T18:19:03.518+0000] {logging_mixin.py:151} INFO - [2023-09-28T18:19:03.518+0000] {dagbag.py:539} INFO - Filling up the DagBag from /home/airflow/.local/lib/python3.8/site-packages/airflow/example_dags/example_branch_operator.py
[2023-09-28T18:19:03.530+0000] {processor.py:839} INFO - DAG(s) dict_keys(['example_branch_operator']) retrieved from /home/airflow/.local/lib/python3.8/site-packages/airflow/example_dags/example_branch_operator.py
[2023-09-28T18:19:03.548+0000] {logging_mixin.py:151} INFO - [2023-09-28T18:19:03.548+0000] {dag.py:2915} INFO - Sync 1 DAGs
[2023-09-28T18:19:03.562+0000] {logging_mixin.py:151} INFO - [2023-09-28T18:19:03.562+0000] {dag.py:3696} INFO - Setting next_dagrun for example_branch_operator to 2023-09-27T00:00:00+00:00, run_after=2023-09-28T00:00:00+00:00
[2023-09-28T18:19:03.578+0000] {processor.py:179} INFO - Processing /home/airflow/.local/lib/python3.8/site-packages/airflow/example_dags/example_branch_operator.py took 0.072 seconds
[2023-09-28T18:19:34.253+0000] {processor.py:157} INFO - Started process (PID=648) to work on /home/airflow/.local/lib/python3.8/site-packages/airflow/example_dags/example_branch_operator.py
[2023-09-28T18:19:34.255+0000] {processor.py:829} INFO - Processing file /home/airflow/.local/lib/python3.8/site-packages/airflow/example_dags/example_branch_operator.py for tasks to queue
[2023-09-28T18:19:34.257+0000] {logging_mixin.py:151} INFO - [2023-09-28T18:19:34.257+0000] {dagbag.py:539} INFO - Filling up the DagBag from /home/airflow/.local/lib/python3.8/site-packages/airflow/example_dags/example_branch_operator.py
[2023-09-28T18:19:34.265+0000] {processor.py:839} INFO - DAG(s) dict_keys(['example_branch_operator']) retrieved from /home/airflow/.local/lib/python3.8/site-packages/airflow/example_dags/example_branch_operator.py
[2023-09-28T18:19:34.283+0000] {logging_mixin.py:151} INFO - [2023-09-28T18:19:34.283+0000] {dag.py:2915} INFO - Sync 1 DAGs
[2023-09-28T18:19:34.298+0000] {logging_mixin.py:151} INFO - [2023-09-28T18:19:34.297+0000] {dag.py:3696} INFO - Setting next_dagrun for example_branch_operator to 2023-09-27T00:00:00+00:00, run_after=2023-09-28T00:00:00+00:00
[2023-09-28T18:19:34.310+0000] {processor.py:179} INFO - Processing /home/airflow/.local/lib/python3.8/site-packages/airflow/example_dags/example_branch_operator.py took 0.059 seconds
[2023-09-28T18:20:04.953+0000] {processor.py:157} INFO - Started process (PID=702) to work on /home/airflow/.local/lib/python3.8/site-packages/airflow/example_dags/example_branch_operator.py
[2023-09-28T18:20:04.959+0000] {processor.py:829} INFO - Processing file /home/airflow/.local/lib/python3.8/site-packages/airflow/example_dags/example_branch_operator.py for tasks to queue
[2023-09-28T18:20:04.964+0000] {logging_mixin.py:151} INFO - [2023-09-28T18:20:04.963+0000] {dagbag.py:539} INFO - Filling up the DagBag from /home/airflow/.local/lib/python3.8/site-packages/airflow/example_dags/example_branch_operator.py
[2023-09-28T18:20:04.971+0000] {processor.py:839} INFO - DAG(s) dict_keys(['example_branch_operator']) retrieved from /home/airflow/.local/lib/python3.8/site-packages/airflow/example_dags/example_branch_operator.py
[2023-09-28T18:20:04.987+0000] {logging_mixin.py:151} INFO - [2023-09-28T18:20:04.987+0000] {dag.py:2915} INFO - Sync 1 DAGs
[2023-09-28T18:20:05.001+0000] {logging_mixin.py:151} INFO - [2023-09-28T18:20:05.001+0000] {dag.py:3696} INFO - Setting next_dagrun for example_branch_operator to 2023-09-27T00:00:00+00:00, run_after=2023-09-28T00:00:00+00:00
[2023-09-28T18:20:05.017+0000] {processor.py:179} INFO - Processing /home/airflow/.local/lib/python3.8/site-packages/airflow/example_dags/example_branch_operator.py took 0.066 seconds
[2023-09-28T18:20:35.602+0000] {processor.py:157} INFO - Started process (PID=755) to work on /home/airflow/.local/lib/python3.8/site-packages/airflow/example_dags/example_branch_operator.py
[2023-09-28T18:20:35.604+0000] {processor.py:829} INFO - Processing file /home/airflow/.local/lib/python3.8/site-packages/airflow/example_dags/example_branch_operator.py for tasks to queue
[2023-09-28T18:20:35.607+0000] {logging_mixin.py:151} INFO - [2023-09-28T18:20:35.607+0000] {dagbag.py:539} INFO - Filling up the DagBag from /home/airflow/.local/lib/python3.8/site-packages/airflow/example_dags/example_branch_operator.py
[2023-09-28T18:20:35.614+0000] {processor.py:839} INFO - DAG(s) dict_keys(['example_branch_operator']) retrieved from /home/airflow/.local/lib/python3.8/site-packages/airflow/example_dags/example_branch_operator.py
[2023-09-28T18:20:35.635+0000] {logging_mixin.py:151} INFO - [2023-09-28T18:20:35.635+0000] {dag.py:2915} INFO - Sync 1 DAGs
[2023-09-28T18:20:35.650+0000] {logging_mixin.py:151} INFO - [2023-09-28T18:20:35.650+0000] {dag.py:3696} INFO - Setting next_dagrun for example_branch_operator to 2023-09-27T00:00:00+00:00, run_after=2023-09-28T00:00:00+00:00
[2023-09-28T18:20:35.662+0000] {processor.py:179} INFO - Processing /home/airflow/.local/lib/python3.8/site-packages/airflow/example_dags/example_branch_operator.py took 0.063 seconds
[2023-09-28T18:21:06.259+0000] {processor.py:157} INFO - Started process (PID=809) to work on /home/airflow/.local/lib/python3.8/site-packages/airflow/example_dags/example_branch_operator.py
[2023-09-28T18:21:06.263+0000] {processor.py:829} INFO - Processing file /home/airflow/.local/lib/python3.8/site-packages/airflow/example_dags/example_branch_operator.py for tasks to queue
[2023-09-28T18:21:06.268+0000] {logging_mixin.py:151} INFO - [2023-09-28T18:21:06.268+0000] {dagbag.py:539} INFO - Filling up the DagBag from /home/airflow/.local/lib/python3.8/site-packages/airflow/example_dags/example_branch_operator.py
[2023-09-28T18:21:06.278+0000] {processor.py:839} INFO - DAG(s) dict_keys(['example_branch_operator']) retrieved from /home/airflow/.local/lib/python3.8/site-packages/airflow/example_dags/example_branch_operator.py
[2023-09-28T18:21:06.296+0000] {logging_mixin.py:151} INFO - [2023-09-28T18:21:06.296+0000] {dag.py:2915} INFO - Sync 1 DAGs
[2023-09-28T18:21:06.312+0000] {logging_mixin.py:151} INFO - [2023-09-28T18:21:06.311+0000] {dag.py:3696} INFO - Setting next_dagrun for example_branch_operator to 2023-09-27T00:00:00+00:00, run_after=2023-09-28T00:00:00+00:00
[2023-09-28T18:21:06.326+0000] {processor.py:179} INFO - Processing /home/airflow/.local/lib/python3.8/site-packages/airflow/example_dags/example_branch_operator.py took 0.069 seconds
[2023-09-28T18:21:37.334+0000] {processor.py:157} INFO - Started process (PID=863) to work on /home/airflow/.local/lib/python3.8/site-packages/airflow/example_dags/example_branch_operator.py
[2023-09-28T18:21:37.336+0000] {processor.py:829} INFO - Processing file /home/airflow/.local/lib/python3.8/site-packages/airflow/example_dags/example_branch_operator.py for tasks to queue
[2023-09-28T18:21:37.340+0000] {logging_mixin.py:151} INFO - [2023-09-28T18:21:37.340+0000] {dagbag.py:539} INFO - Filling up the DagBag from /home/airflow/.local/lib/python3.8/site-packages/airflow/example_dags/example_branch_operator.py
[2023-09-28T18:21:37.347+0000] {processor.py:839} INFO - DAG(s) dict_keys(['example_branch_operator']) retrieved from /home/airflow/.local/lib/python3.8/site-packages/airflow/example_dags/example_branch_operator.py
[2023-09-28T18:21:37.366+0000] {logging_mixin.py:151} INFO - [2023-09-28T18:21:37.366+0000] {dag.py:2915} INFO - Sync 1 DAGs
[2023-09-28T18:21:37.380+0000] {logging_mixin.py:151} INFO - [2023-09-28T18:21:37.380+0000] {dag.py:3696} INFO - Setting next_dagrun for example_branch_operator to 2023-09-27T00:00:00+00:00, run_after=2023-09-28T00:00:00+00:00
[2023-09-28T18:21:37.393+0000] {processor.py:179} INFO - Processing /home/airflow/.local/lib/python3.8/site-packages/airflow/example_dags/example_branch_operator.py took 0.062 seconds
[2023-09-28T18:22:08.004+0000] {processor.py:157} INFO - Started process (PID=917) to work on /home/airflow/.local/lib/python3.8/site-packages/airflow/example_dags/example_branch_operator.py
[2023-09-28T18:22:08.006+0000] {processor.py:829} INFO - Processing file /home/airflow/.local/lib/python3.8/site-packages/airflow/example_dags/example_branch_operator.py for tasks to queue
[2023-09-28T18:22:08.009+0000] {logging_mixin.py:151} INFO - [2023-09-28T18:22:08.008+0000] {dagbag.py:539} INFO - Filling up the DagBag from /home/airflow/.local/lib/python3.8/site-packages/airflow/example_dags/example_branch_operator.py
[2023-09-28T18:22:08.016+0000] {processor.py:839} INFO - DAG(s) dict_keys(['example_branch_operator']) retrieved from /home/airflow/.local/lib/python3.8/site-packages/airflow/example_dags/example_branch_operator.py
[2023-09-28T18:22:08.034+0000] {logging_mixin.py:151} INFO - [2023-09-28T18:22:08.033+0000] {dag.py:2915} INFO - Sync 1 DAGs
[2023-09-28T18:22:08.049+0000] {logging_mixin.py:151} INFO - [2023-09-28T18:22:08.049+0000] {dag.py:3696} INFO - Setting next_dagrun for example_branch_operator to 2023-09-27T00:00:00+00:00, run_after=2023-09-28T00:00:00+00:00
[2023-09-28T18:22:08.066+0000] {processor.py:179} INFO - Processing /home/airflow/.local/lib/python3.8/site-packages/airflow/example_dags/example_branch_operator.py took 0.064 seconds
[2023-09-28T18:22:38.851+0000] {processor.py:157} INFO - Started process (PID=970) to work on /home/airflow/.local/lib/python3.8/site-packages/airflow/example_dags/example_branch_operator.py
[2023-09-28T18:22:38.853+0000] {processor.py:829} INFO - Processing file /home/airflow/.local/lib/python3.8/site-packages/airflow/example_dags/example_branch_operator.py for tasks to queue
[2023-09-28T18:22:38.855+0000] {logging_mixin.py:151} INFO - [2023-09-28T18:22:38.855+0000] {dagbag.py:539} INFO - Filling up the DagBag from /home/airflow/.local/lib/python3.8/site-packages/airflow/example_dags/example_branch_operator.py
[2023-09-28T18:22:38.862+0000] {processor.py:839} INFO - DAG(s) dict_keys(['example_branch_operator']) retrieved from /home/airflow/.local/lib/python3.8/site-packages/airflow/example_dags/example_branch_operator.py
[2023-09-28T18:22:38.884+0000] {logging_mixin.py:151} INFO - [2023-09-28T18:22:38.884+0000] {dag.py:2915} INFO - Sync 1 DAGs
[2023-09-28T18:22:38.899+0000] {logging_mixin.py:151} INFO - [2023-09-28T18:22:38.899+0000] {dag.py:3696} INFO - Setting next_dagrun for example_branch_operator to 2023-09-27T00:00:00+00:00, run_after=2023-09-28T00:00:00+00:00
[2023-09-28T18:22:38.914+0000] {processor.py:179} INFO - Processing /home/airflow/.local/lib/python3.8/site-packages/airflow/example_dags/example_branch_operator.py took 0.066 seconds
[2023-09-28T18:23:09.809+0000] {processor.py:157} INFO - Started process (PID=1023) to work on /home/airflow/.local/lib/python3.8/site-packages/airflow/example_dags/example_branch_operator.py
[2023-09-28T18:23:09.811+0000] {processor.py:829} INFO - Processing file /home/airflow/.local/lib/python3.8/site-packages/airflow/example_dags/example_branch_operator.py for tasks to queue
[2023-09-28T18:23:09.813+0000] {logging_mixin.py:151} INFO - [2023-09-28T18:23:09.813+0000] {dagbag.py:539} INFO - Filling up the DagBag from /home/airflow/.local/lib/python3.8/site-packages/airflow/example_dags/example_branch_operator.py
[2023-09-28T18:23:09.821+0000] {processor.py:839} INFO - DAG(s) dict_keys(['example_branch_operator']) retrieved from /home/airflow/.local/lib/python3.8/site-packages/airflow/example_dags/example_branch_operator.py
[2023-09-28T18:23:09.839+0000] {logging_mixin.py:151} INFO - [2023-09-28T18:23:09.839+0000] {dag.py:2915} INFO - Sync 1 DAGs
[2023-09-28T18:23:09.854+0000] {logging_mixin.py:151} INFO - [2023-09-28T18:23:09.854+0000] {dag.py:3696} INFO - Setting next_dagrun for example_branch_operator to 2023-09-27T00:00:00+00:00, run_after=2023-09-28T00:00:00+00:00
[2023-09-28T18:23:09.868+0000] {processor.py:179} INFO - Processing /home/airflow/.local/lib/python3.8/site-packages/airflow/example_dags/example_branch_operator.py took 0.062 seconds
[2023-09-28T18:23:40.817+0000] {processor.py:157} INFO - Started process (PID=1077) to work on /home/airflow/.local/lib/python3.8/site-packages/airflow/example_dags/example_branch_operator.py
[2023-09-28T18:23:40.819+0000] {processor.py:829} INFO - Processing file /home/airflow/.local/lib/python3.8/site-packages/airflow/example_dags/example_branch_operator.py for tasks to queue
[2023-09-28T18:23:40.821+0000] {logging_mixin.py:151} INFO - [2023-09-28T18:23:40.821+0000] {dagbag.py:539} INFO - Filling up the DagBag from /home/airflow/.local/lib/python3.8/site-packages/airflow/example_dags/example_branch_operator.py
[2023-09-28T18:23:40.828+0000] {processor.py:839} INFO - DAG(s) dict_keys(['example_branch_operator']) retrieved from /home/airflow/.local/lib/python3.8/site-packages/airflow/example_dags/example_branch_operator.py
[2023-09-28T18:23:40.849+0000] {logging_mixin.py:151} INFO - [2023-09-28T18:23:40.849+0000] {dag.py:2915} INFO - Sync 1 DAGs
[2023-09-28T18:23:40.872+0000] {logging_mixin.py:151} INFO - [2023-09-28T18:23:40.870+0000] {dag.py:3696} INFO - Setting next_dagrun for example_branch_operator to 2023-09-27T00:00:00+00:00, run_after=2023-09-28T00:00:00+00:00
[2023-09-28T18:23:40.885+0000] {processor.py:179} INFO - Processing /home/airflow/.local/lib/python3.8/site-packages/airflow/example_dags/example_branch_operator.py took 0.071 seconds
[2023-09-28T18:34:43.887+0000] {processor.py:157} INFO - Started process (PID=54) to work on /home/airflow/.local/lib/python3.8/site-packages/airflow/example_dags/example_branch_operator.py
[2023-09-28T18:34:43.889+0000] {processor.py:829} INFO - Processing file /home/airflow/.local/lib/python3.8/site-packages/airflow/example_dags/example_branch_operator.py for tasks to queue
[2023-09-28T18:34:43.905+0000] {logging_mixin.py:151} INFO - [2023-09-28T18:34:43.902+0000] {dagbag.py:539} INFO - Filling up the DagBag from /home/airflow/.local/lib/python3.8/site-packages/airflow/example_dags/example_branch_operator.py
[2023-09-28T18:34:43.929+0000] {processor.py:839} INFO - DAG(s) dict_keys(['example_branch_operator']) retrieved from /home/airflow/.local/lib/python3.8/site-packages/airflow/example_dags/example_branch_operator.py
[2023-09-28T18:34:43.948+0000] {logging_mixin.py:151} INFO - [2023-09-28T18:34:43.947+0000] {dag.py:2915} INFO - Sync 1 DAGs
[2023-09-28T18:34:43.999+0000] {logging_mixin.py:151} INFO - [2023-09-28T18:34:43.998+0000] {dag.py:3696} INFO - Setting next_dagrun for example_branch_operator to 2023-09-27T00:00:00+00:00, run_after=2023-09-28T00:00:00+00:00
[2023-09-28T18:34:44.035+0000] {processor.py:179} INFO - Processing /home/airflow/.local/lib/python3.8/site-packages/airflow/example_dags/example_branch_operator.py took 0.155 seconds
[2023-09-28T18:35:14.905+0000] {processor.py:157} INFO - Started process (PID=108) to work on /home/airflow/.local/lib/python3.8/site-packages/airflow/example_dags/example_branch_operator.py
[2023-09-28T18:35:14.909+0000] {processor.py:829} INFO - Processing file /home/airflow/.local/lib/python3.8/site-packages/airflow/example_dags/example_branch_operator.py for tasks to queue
[2023-09-28T18:35:14.911+0000] {logging_mixin.py:151} INFO - [2023-09-28T18:35:14.911+0000] {dagbag.py:539} INFO - Filling up the DagBag from /home/airflow/.local/lib/python3.8/site-packages/airflow/example_dags/example_branch_operator.py
[2023-09-28T18:35:14.920+0000] {processor.py:839} INFO - DAG(s) dict_keys(['example_branch_operator']) retrieved from /home/airflow/.local/lib/python3.8/site-packages/airflow/example_dags/example_branch_operator.py
[2023-09-28T18:35:14.938+0000] {logging_mixin.py:151} INFO - [2023-09-28T18:35:14.938+0000] {dag.py:2915} INFO - Sync 1 DAGs
[2023-09-28T18:35:14.954+0000] {logging_mixin.py:151} INFO - [2023-09-28T18:35:14.953+0000] {dag.py:3696} INFO - Setting next_dagrun for example_branch_operator to 2023-09-27T00:00:00+00:00, run_after=2023-09-28T00:00:00+00:00
[2023-09-28T18:35:14.970+0000] {processor.py:179} INFO - Processing /home/airflow/.local/lib/python3.8/site-packages/airflow/example_dags/example_branch_operator.py took 0.068 seconds
[2023-09-28T18:35:45.300+0000] {processor.py:157} INFO - Started process (PID=162) to work on /home/airflow/.local/lib/python3.8/site-packages/airflow/example_dags/example_branch_operator.py
[2023-09-28T18:35:45.303+0000] {processor.py:829} INFO - Processing file /home/airflow/.local/lib/python3.8/site-packages/airflow/example_dags/example_branch_operator.py for tasks to queue
[2023-09-28T18:35:45.307+0000] {logging_mixin.py:151} INFO - [2023-09-28T18:35:45.307+0000] {dagbag.py:539} INFO - Filling up the DagBag from /home/airflow/.local/lib/python3.8/site-packages/airflow/example_dags/example_branch_operator.py
[2023-09-28T18:35:45.316+0000] {processor.py:839} INFO - DAG(s) dict_keys(['example_branch_operator']) retrieved from /home/airflow/.local/lib/python3.8/site-packages/airflow/example_dags/example_branch_operator.py
[2023-09-28T18:35:45.336+0000] {logging_mixin.py:151} INFO - [2023-09-28T18:35:45.336+0000] {dag.py:2915} INFO - Sync 1 DAGs
[2023-09-28T18:35:45.350+0000] {logging_mixin.py:151} INFO - [2023-09-28T18:35:45.350+0000] {dag.py:3696} INFO - Setting next_dagrun for example_branch_operator to 2023-09-27T00:00:00+00:00, run_after=2023-09-28T00:00:00+00:00
[2023-09-28T18:35:45.362+0000] {processor.py:179} INFO - Processing /home/airflow/.local/lib/python3.8/site-packages/airflow/example_dags/example_branch_operator.py took 0.066 seconds
[2023-09-28T18:36:16.306+0000] {processor.py:157} INFO - Started process (PID=216) to work on /home/airflow/.local/lib/python3.8/site-packages/airflow/example_dags/example_branch_operator.py
[2023-09-28T18:36:16.309+0000] {processor.py:829} INFO - Processing file /home/airflow/.local/lib/python3.8/site-packages/airflow/example_dags/example_branch_operator.py for tasks to queue
[2023-09-28T18:36:16.312+0000] {logging_mixin.py:151} INFO - [2023-09-28T18:36:16.312+0000] {dagbag.py:539} INFO - Filling up the DagBag from /home/airflow/.local/lib/python3.8/site-packages/airflow/example_dags/example_branch_operator.py
[2023-09-28T18:36:16.323+0000] {processor.py:839} INFO - DAG(s) dict_keys(['example_branch_operator']) retrieved from /home/airflow/.local/lib/python3.8/site-packages/airflow/example_dags/example_branch_operator.py
[2023-09-28T18:36:16.343+0000] {logging_mixin.py:151} INFO - [2023-09-28T18:36:16.343+0000] {dag.py:2915} INFO - Sync 1 DAGs
[2023-09-28T18:36:16.357+0000] {logging_mixin.py:151} INFO - [2023-09-28T18:36:16.357+0000] {dag.py:3696} INFO - Setting next_dagrun for example_branch_operator to 2023-09-27T00:00:00+00:00, run_after=2023-09-28T00:00:00+00:00
[2023-09-28T18:36:16.370+0000] {processor.py:179} INFO - Processing /home/airflow/.local/lib/python3.8/site-packages/airflow/example_dags/example_branch_operator.py took 0.069 seconds
