[2023-09-28T18:05:26.779+0000] {processor.py:157} INFO - Started process (PID=32) to work on /home/airflow/.local/lib/python3.8/site-packages/airflow/example_dags/example_task_group.py
[2023-09-28T18:05:26.782+0000] {processor.py:829} INFO - Processing file /home/airflow/.local/lib/python3.8/site-packages/airflow/example_dags/example_task_group.py for tasks to queue
[2023-09-28T18:05:26.785+0000] {logging_mixin.py:151} INFO - [2023-09-28T18:05:26.784+0000] {dagbag.py:539} INFO - Filling up the DagBag from /home/airflow/.local/lib/python3.8/site-packages/airflow/example_dags/example_task_group.py
[2023-09-28T18:05:26.799+0000] {processor.py:839} INFO - DAG(s) dict_keys(['example_task_group']) retrieved from /home/airflow/.local/lib/python3.8/site-packages/airflow/example_dags/example_task_group.py
[2023-09-28T18:05:26.853+0000] {logging_mixin.py:151} INFO - [2023-09-28T18:05:26.853+0000] {dag.py:2915} INFO - Sync 1 DAGs
[2023-09-28T18:05:26.873+0000] {logging_mixin.py:151} INFO - [2023-09-28T18:05:26.873+0000] {dag.py:3696} INFO - Setting next_dagrun for example_task_group to 2023-09-27T18:05:26.872815+00:00, run_after=2023-09-28T18:05:26.872815+00:00
[2023-09-28T18:05:26.892+0000] {processor.py:179} INFO - Processing /home/airflow/.local/lib/python3.8/site-packages/airflow/example_dags/example_task_group.py took 0.115 seconds
[2023-09-28T18:05:57.439+0000] {processor.py:157} INFO - Started process (PID=85) to work on /home/airflow/.local/lib/python3.8/site-packages/airflow/example_dags/example_task_group.py
[2023-09-28T18:05:57.441+0000] {processor.py:829} INFO - Processing file /home/airflow/.local/lib/python3.8/site-packages/airflow/example_dags/example_task_group.py for tasks to queue
[2023-09-28T18:05:57.445+0000] {logging_mixin.py:151} INFO - [2023-09-28T18:05:57.444+0000] {dagbag.py:539} INFO - Filling up the DagBag from /home/airflow/.local/lib/python3.8/site-packages/airflow/example_dags/example_task_group.py
[2023-09-28T18:05:57.454+0000] {processor.py:839} INFO - DAG(s) dict_keys(['example_task_group']) retrieved from /home/airflow/.local/lib/python3.8/site-packages/airflow/example_dags/example_task_group.py
[2023-09-28T18:05:57.473+0000] {logging_mixin.py:151} INFO - [2023-09-28T18:05:57.473+0000] {dag.py:2915} INFO - Sync 1 DAGs
[2023-09-28T18:05:57.488+0000] {logging_mixin.py:151} INFO - [2023-09-28T18:05:57.488+0000] {dag.py:3696} INFO - Setting next_dagrun for example_task_group to 2023-09-27T18:05:57.488569+00:00, run_after=2023-09-28T18:05:57.488569+00:00
[2023-09-28T18:05:57.501+0000] {processor.py:179} INFO - Processing /home/airflow/.local/lib/python3.8/site-packages/airflow/example_dags/example_task_group.py took 0.066 seconds
[2023-09-28T18:06:28.295+0000] {processor.py:157} INFO - Started process (PID=139) to work on /home/airflow/.local/lib/python3.8/site-packages/airflow/example_dags/example_task_group.py
[2023-09-28T18:06:28.297+0000] {processor.py:829} INFO - Processing file /home/airflow/.local/lib/python3.8/site-packages/airflow/example_dags/example_task_group.py for tasks to queue
[2023-09-28T18:06:28.301+0000] {logging_mixin.py:151} INFO - [2023-09-28T18:06:28.300+0000] {dagbag.py:539} INFO - Filling up the DagBag from /home/airflow/.local/lib/python3.8/site-packages/airflow/example_dags/example_task_group.py
[2023-09-28T18:06:28.309+0000] {processor.py:839} INFO - DAG(s) dict_keys(['example_task_group']) retrieved from /home/airflow/.local/lib/python3.8/site-packages/airflow/example_dags/example_task_group.py
[2023-09-28T18:06:28.330+0000] {logging_mixin.py:151} INFO - [2023-09-28T18:06:28.330+0000] {dag.py:2915} INFO - Sync 1 DAGs
[2023-09-28T18:06:28.347+0000] {logging_mixin.py:151} INFO - [2023-09-28T18:06:28.347+0000] {dag.py:3696} INFO - Setting next_dagrun for example_task_group to 2023-09-27T18:06:28.346820+00:00, run_after=2023-09-28T18:06:28.346820+00:00
[2023-09-28T18:06:28.361+0000] {processor.py:179} INFO - Processing /home/airflow/.local/lib/python3.8/site-packages/airflow/example_dags/example_task_group.py took 0.069 seconds
[2023-09-28T18:06:58.468+0000] {processor.py:157} INFO - Started process (PID=193) to work on /home/airflow/.local/lib/python3.8/site-packages/airflow/example_dags/example_task_group.py
[2023-09-28T18:06:58.472+0000] {processor.py:829} INFO - Processing file /home/airflow/.local/lib/python3.8/site-packages/airflow/example_dags/example_task_group.py for tasks to queue
[2023-09-28T18:06:58.476+0000] {logging_mixin.py:151} INFO - [2023-09-28T18:06:58.475+0000] {dagbag.py:539} INFO - Filling up the DagBag from /home/airflow/.local/lib/python3.8/site-packages/airflow/example_dags/example_task_group.py
[2023-09-28T18:06:58.482+0000] {processor.py:839} INFO - DAG(s) dict_keys(['example_task_group']) retrieved from /home/airflow/.local/lib/python3.8/site-packages/airflow/example_dags/example_task_group.py
[2023-09-28T18:06:58.502+0000] {logging_mixin.py:151} INFO - [2023-09-28T18:06:58.502+0000] {dag.py:2915} INFO - Sync 1 DAGs
[2023-09-28T18:06:58.519+0000] {logging_mixin.py:151} INFO - [2023-09-28T18:06:58.518+0000] {dag.py:3696} INFO - Setting next_dagrun for example_task_group to 2023-09-27T18:06:58.518764+00:00, run_after=2023-09-28T18:06:58.518764+00:00
[2023-09-28T18:06:58.530+0000] {processor.py:179} INFO - Processing /home/airflow/.local/lib/python3.8/site-packages/airflow/example_dags/example_task_group.py took 0.071 seconds
[2023-09-28T18:07:29.383+0000] {processor.py:157} INFO - Started process (PID=247) to work on /home/airflow/.local/lib/python3.8/site-packages/airflow/example_dags/example_task_group.py
[2023-09-28T18:07:29.387+0000] {processor.py:829} INFO - Processing file /home/airflow/.local/lib/python3.8/site-packages/airflow/example_dags/example_task_group.py for tasks to queue
[2023-09-28T18:07:29.390+0000] {logging_mixin.py:151} INFO - [2023-09-28T18:07:29.390+0000] {dagbag.py:539} INFO - Filling up the DagBag from /home/airflow/.local/lib/python3.8/site-packages/airflow/example_dags/example_task_group.py
[2023-09-28T18:07:29.398+0000] {processor.py:839} INFO - DAG(s) dict_keys(['example_task_group']) retrieved from /home/airflow/.local/lib/python3.8/site-packages/airflow/example_dags/example_task_group.py
[2023-09-28T18:07:29.418+0000] {logging_mixin.py:151} INFO - [2023-09-28T18:07:29.418+0000] {dag.py:2915} INFO - Sync 1 DAGs
[2023-09-28T18:07:29.433+0000] {logging_mixin.py:151} INFO - [2023-09-28T18:07:29.433+0000] {dag.py:3696} INFO - Setting next_dagrun for example_task_group to 2023-09-27T18:07:29.433441+00:00, run_after=2023-09-28T18:07:29.433441+00:00
[2023-09-28T18:07:29.446+0000] {processor.py:179} INFO - Processing /home/airflow/.local/lib/python3.8/site-packages/airflow/example_dags/example_task_group.py took 0.069 seconds
[2023-09-28T18:08:00.131+0000] {processor.py:157} INFO - Started process (PID=301) to work on /home/airflow/.local/lib/python3.8/site-packages/airflow/example_dags/example_task_group.py
[2023-09-28T18:08:00.134+0000] {processor.py:829} INFO - Processing file /home/airflow/.local/lib/python3.8/site-packages/airflow/example_dags/example_task_group.py for tasks to queue
[2023-09-28T18:08:00.138+0000] {logging_mixin.py:151} INFO - [2023-09-28T18:08:00.138+0000] {dagbag.py:539} INFO - Filling up the DagBag from /home/airflow/.local/lib/python3.8/site-packages/airflow/example_dags/example_task_group.py
[2023-09-28T18:08:00.147+0000] {processor.py:839} INFO - DAG(s) dict_keys(['example_task_group']) retrieved from /home/airflow/.local/lib/python3.8/site-packages/airflow/example_dags/example_task_group.py
[2023-09-28T18:08:00.167+0000] {logging_mixin.py:151} INFO - [2023-09-28T18:08:00.167+0000] {dag.py:2915} INFO - Sync 1 DAGs
[2023-09-28T18:08:00.182+0000] {logging_mixin.py:151} INFO - [2023-09-28T18:08:00.182+0000] {dag.py:3696} INFO - Setting next_dagrun for example_task_group to 2023-09-27T18:08:00.181921+00:00, run_after=2023-09-28T18:08:00.181921+00:00
[2023-09-28T18:08:00.194+0000] {processor.py:179} INFO - Processing /home/airflow/.local/lib/python3.8/site-packages/airflow/example_dags/example_task_group.py took 0.069 seconds
[2023-09-28T18:08:30.260+0000] {processor.py:157} INFO - Started process (PID=355) to work on /home/airflow/.local/lib/python3.8/site-packages/airflow/example_dags/example_task_group.py
[2023-09-28T18:08:30.265+0000] {processor.py:829} INFO - Processing file /home/airflow/.local/lib/python3.8/site-packages/airflow/example_dags/example_task_group.py for tasks to queue
[2023-09-28T18:08:30.268+0000] {logging_mixin.py:151} INFO - [2023-09-28T18:08:30.267+0000] {dagbag.py:539} INFO - Filling up the DagBag from /home/airflow/.local/lib/python3.8/site-packages/airflow/example_dags/example_task_group.py
[2023-09-28T18:08:30.276+0000] {processor.py:839} INFO - DAG(s) dict_keys(['example_task_group']) retrieved from /home/airflow/.local/lib/python3.8/site-packages/airflow/example_dags/example_task_group.py
[2023-09-28T18:08:30.296+0000] {logging_mixin.py:151} INFO - [2023-09-28T18:08:30.296+0000] {dag.py:2915} INFO - Sync 1 DAGs
[2023-09-28T18:08:30.311+0000] {logging_mixin.py:151} INFO - [2023-09-28T18:08:30.311+0000] {dag.py:3696} INFO - Setting next_dagrun for example_task_group to 2023-09-27T18:08:30.311009+00:00, run_after=2023-09-28T18:08:30.311009+00:00
[2023-09-28T18:08:30.325+0000] {processor.py:179} INFO - Processing /home/airflow/.local/lib/python3.8/site-packages/airflow/example_dags/example_task_group.py took 0.069 seconds
[2023-09-28T18:09:01.205+0000] {processor.py:157} INFO - Started process (PID=409) to work on /home/airflow/.local/lib/python3.8/site-packages/airflow/example_dags/example_task_group.py
[2023-09-28T18:09:01.209+0000] {processor.py:829} INFO - Processing file /home/airflow/.local/lib/python3.8/site-packages/airflow/example_dags/example_task_group.py for tasks to queue
[2023-09-28T18:09:01.212+0000] {logging_mixin.py:151} INFO - [2023-09-28T18:09:01.212+0000] {dagbag.py:539} INFO - Filling up the DagBag from /home/airflow/.local/lib/python3.8/site-packages/airflow/example_dags/example_task_group.py
[2023-09-28T18:09:01.220+0000] {processor.py:839} INFO - DAG(s) dict_keys(['example_task_group']) retrieved from /home/airflow/.local/lib/python3.8/site-packages/airflow/example_dags/example_task_group.py
[2023-09-28T18:09:01.242+0000] {logging_mixin.py:151} INFO - [2023-09-28T18:09:01.242+0000] {dag.py:2915} INFO - Sync 1 DAGs
[2023-09-28T18:09:01.258+0000] {logging_mixin.py:151} INFO - [2023-09-28T18:09:01.258+0000] {dag.py:3696} INFO - Setting next_dagrun for example_task_group to 2023-09-27T18:09:01.258285+00:00, run_after=2023-09-28T18:09:01.258285+00:00
[2023-09-28T18:09:01.272+0000] {processor.py:179} INFO - Processing /home/airflow/.local/lib/python3.8/site-packages/airflow/example_dags/example_task_group.py took 0.072 seconds
[2023-09-28T18:09:31.930+0000] {processor.py:157} INFO - Started process (PID=462) to work on /home/airflow/.local/lib/python3.8/site-packages/airflow/example_dags/example_task_group.py
[2023-09-28T18:09:31.932+0000] {processor.py:829} INFO - Processing file /home/airflow/.local/lib/python3.8/site-packages/airflow/example_dags/example_task_group.py for tasks to queue
[2023-09-28T18:09:31.936+0000] {logging_mixin.py:151} INFO - [2023-09-28T18:09:31.936+0000] {dagbag.py:539} INFO - Filling up the DagBag from /home/airflow/.local/lib/python3.8/site-packages/airflow/example_dags/example_task_group.py
[2023-09-28T18:09:31.945+0000] {processor.py:839} INFO - DAG(s) dict_keys(['example_task_group']) retrieved from /home/airflow/.local/lib/python3.8/site-packages/airflow/example_dags/example_task_group.py
[2023-09-28T18:09:31.968+0000] {logging_mixin.py:151} INFO - [2023-09-28T18:09:31.968+0000] {dag.py:2915} INFO - Sync 1 DAGs
[2023-09-28T18:09:31.983+0000] {logging_mixin.py:151} INFO - [2023-09-28T18:09:31.983+0000] {dag.py:3696} INFO - Setting next_dagrun for example_task_group to 2023-09-27T18:09:31.983223+00:00, run_after=2023-09-28T18:09:31.983223+00:00
[2023-09-28T18:09:31.996+0000] {processor.py:179} INFO - Processing /home/airflow/.local/lib/python3.8/site-packages/airflow/example_dags/example_task_group.py took 0.070 seconds
[2023-09-28T18:10:02.782+0000] {processor.py:157} INFO - Started process (PID=516) to work on /home/airflow/.local/lib/python3.8/site-packages/airflow/example_dags/example_task_group.py
[2023-09-28T18:10:02.787+0000] {processor.py:829} INFO - Processing file /home/airflow/.local/lib/python3.8/site-packages/airflow/example_dags/example_task_group.py for tasks to queue
[2023-09-28T18:10:02.790+0000] {logging_mixin.py:151} INFO - [2023-09-28T18:10:02.790+0000] {dagbag.py:539} INFO - Filling up the DagBag from /home/airflow/.local/lib/python3.8/site-packages/airflow/example_dags/example_task_group.py
[2023-09-28T18:10:02.798+0000] {processor.py:839} INFO - DAG(s) dict_keys(['example_task_group']) retrieved from /home/airflow/.local/lib/python3.8/site-packages/airflow/example_dags/example_task_group.py
[2023-09-28T18:10:02.816+0000] {logging_mixin.py:151} INFO - [2023-09-28T18:10:02.816+0000] {dag.py:2915} INFO - Sync 1 DAGs
[2023-09-28T18:10:02.830+0000] {logging_mixin.py:151} INFO - [2023-09-28T18:10:02.830+0000] {dag.py:3696} INFO - Setting next_dagrun for example_task_group to 2023-09-27T18:10:02.830719+00:00, run_after=2023-09-28T18:10:02.830719+00:00
[2023-09-28T18:10:02.843+0000] {processor.py:179} INFO - Processing /home/airflow/.local/lib/python3.8/site-packages/airflow/example_dags/example_task_group.py took 0.066 seconds
[2023-09-28T18:10:33.601+0000] {processor.py:157} INFO - Started process (PID=570) to work on /home/airflow/.local/lib/python3.8/site-packages/airflow/example_dags/example_task_group.py
[2023-09-28T18:10:33.605+0000] {processor.py:829} INFO - Processing file /home/airflow/.local/lib/python3.8/site-packages/airflow/example_dags/example_task_group.py for tasks to queue
[2023-09-28T18:10:33.610+0000] {logging_mixin.py:151} INFO - [2023-09-28T18:10:33.610+0000] {dagbag.py:539} INFO - Filling up the DagBag from /home/airflow/.local/lib/python3.8/site-packages/airflow/example_dags/example_task_group.py
[2023-09-28T18:10:33.620+0000] {processor.py:839} INFO - DAG(s) dict_keys(['example_task_group']) retrieved from /home/airflow/.local/lib/python3.8/site-packages/airflow/example_dags/example_task_group.py
[2023-09-28T18:10:33.643+0000] {logging_mixin.py:151} INFO - [2023-09-28T18:10:33.643+0000] {dag.py:2915} INFO - Sync 1 DAGs
[2023-09-28T18:10:33.660+0000] {logging_mixin.py:151} INFO - [2023-09-28T18:10:33.660+0000] {dag.py:3696} INFO - Setting next_dagrun for example_task_group to 2023-09-27T18:10:33.660310+00:00, run_after=2023-09-28T18:10:33.660310+00:00
[2023-09-28T18:10:33.674+0000] {processor.py:179} INFO - Processing /home/airflow/.local/lib/python3.8/site-packages/airflow/example_dags/example_task_group.py took 0.079 seconds
[2023-09-28T18:11:04.369+0000] {processor.py:157} INFO - Started process (PID=624) to work on /home/airflow/.local/lib/python3.8/site-packages/airflow/example_dags/example_task_group.py
[2023-09-28T18:11:04.372+0000] {processor.py:829} INFO - Processing file /home/airflow/.local/lib/python3.8/site-packages/airflow/example_dags/example_task_group.py for tasks to queue
[2023-09-28T18:11:04.377+0000] {logging_mixin.py:151} INFO - [2023-09-28T18:11:04.376+0000] {dagbag.py:539} INFO - Filling up the DagBag from /home/airflow/.local/lib/python3.8/site-packages/airflow/example_dags/example_task_group.py
[2023-09-28T18:11:04.384+0000] {processor.py:839} INFO - DAG(s) dict_keys(['example_task_group']) retrieved from /home/airflow/.local/lib/python3.8/site-packages/airflow/example_dags/example_task_group.py
[2023-09-28T18:11:04.405+0000] {logging_mixin.py:151} INFO - [2023-09-28T18:11:04.405+0000] {dag.py:2915} INFO - Sync 1 DAGs
[2023-09-28T18:11:04.419+0000] {logging_mixin.py:151} INFO - [2023-09-28T18:11:04.419+0000] {dag.py:3696} INFO - Setting next_dagrun for example_task_group to 2023-09-27T18:11:04.419685+00:00, run_after=2023-09-28T18:11:04.419685+00:00
[2023-09-28T18:11:04.431+0000] {processor.py:179} INFO - Processing /home/airflow/.local/lib/python3.8/site-packages/airflow/example_dags/example_task_group.py took 0.067 seconds
[2023-09-28T18:13:53.037+0000] {processor.py:157} INFO - Started process (PID=31) to work on /home/airflow/.local/lib/python3.8/site-packages/airflow/example_dags/example_task_group.py
[2023-09-28T18:13:53.041+0000] {processor.py:829} INFO - Processing file /home/airflow/.local/lib/python3.8/site-packages/airflow/example_dags/example_task_group.py for tasks to queue
[2023-09-28T18:13:53.045+0000] {logging_mixin.py:151} INFO - [2023-09-28T18:13:53.045+0000] {dagbag.py:539} INFO - Filling up the DagBag from /home/airflow/.local/lib/python3.8/site-packages/airflow/example_dags/example_task_group.py
[2023-09-28T18:13:53.058+0000] {processor.py:839} INFO - DAG(s) dict_keys(['example_task_group']) retrieved from /home/airflow/.local/lib/python3.8/site-packages/airflow/example_dags/example_task_group.py
[2023-09-28T18:13:53.252+0000] {logging_mixin.py:151} INFO - [2023-09-28T18:13:53.252+0000] {manager.py:499} INFO - Created Permission View: %s
[2023-09-28T18:13:53.261+0000] {logging_mixin.py:151} INFO - [2023-09-28T18:13:53.261+0000] {manager.py:499} INFO - Created Permission View: %s
[2023-09-28T18:13:53.267+0000] {logging_mixin.py:151} INFO - [2023-09-28T18:13:53.267+0000] {manager.py:499} INFO - Created Permission View: %s
[2023-09-28T18:13:53.268+0000] {logging_mixin.py:151} INFO - [2023-09-28T18:13:53.268+0000] {security.py:708} INFO - Not syncing DAG-level permissions for DAG 'DAG:example_task_group' as access control is unset.
[2023-09-28T18:13:53.269+0000] {logging_mixin.py:151} INFO - [2023-09-28T18:13:53.269+0000] {dag.py:2915} INFO - Sync 1 DAGs
[2023-09-28T18:13:53.280+0000] {logging_mixin.py:151} INFO - [2023-09-28T18:13:53.280+0000] {dag.py:2937} INFO - Creating ORM DAG for example_task_group
[2023-09-28T18:13:53.288+0000] {logging_mixin.py:151} INFO - [2023-09-28T18:13:53.288+0000] {dag.py:3696} INFO - Setting next_dagrun for example_task_group to 2023-09-27T18:13:53.288493+00:00, run_after=2023-09-28T18:13:53.288493+00:00
[2023-09-28T18:13:53.310+0000] {processor.py:179} INFO - Processing /home/airflow/.local/lib/python3.8/site-packages/airflow/example_dags/example_task_group.py took 0.275 seconds
[2023-09-28T18:14:23.654+0000] {processor.py:157} INFO - Started process (PID=85) to work on /home/airflow/.local/lib/python3.8/site-packages/airflow/example_dags/example_task_group.py
[2023-09-28T18:14:23.658+0000] {processor.py:829} INFO - Processing file /home/airflow/.local/lib/python3.8/site-packages/airflow/example_dags/example_task_group.py for tasks to queue
[2023-09-28T18:14:23.662+0000] {logging_mixin.py:151} INFO - [2023-09-28T18:14:23.661+0000] {dagbag.py:539} INFO - Filling up the DagBag from /home/airflow/.local/lib/python3.8/site-packages/airflow/example_dags/example_task_group.py
[2023-09-28T18:14:23.674+0000] {processor.py:839} INFO - DAG(s) dict_keys(['example_task_group']) retrieved from /home/airflow/.local/lib/python3.8/site-packages/airflow/example_dags/example_task_group.py
[2023-09-28T18:14:23.711+0000] {logging_mixin.py:151} INFO - [2023-09-28T18:14:23.711+0000] {dag.py:2915} INFO - Sync 1 DAGs
[2023-09-28T18:14:23.738+0000] {logging_mixin.py:151} INFO - [2023-09-28T18:14:23.738+0000] {dag.py:3696} INFO - Setting next_dagrun for example_task_group to 2023-09-27T18:14:23.737750+00:00, run_after=2023-09-28T18:14:23.737750+00:00
[2023-09-28T18:14:23.753+0000] {processor.py:179} INFO - Processing /home/airflow/.local/lib/python3.8/site-packages/airflow/example_dags/example_task_group.py took 0.109 seconds
[2023-09-28T18:14:54.438+0000] {processor.py:157} INFO - Started process (PID=139) to work on /home/airflow/.local/lib/python3.8/site-packages/airflow/example_dags/example_task_group.py
[2023-09-28T18:14:54.442+0000] {processor.py:829} INFO - Processing file /home/airflow/.local/lib/python3.8/site-packages/airflow/example_dags/example_task_group.py for tasks to queue
[2023-09-28T18:14:54.445+0000] {logging_mixin.py:151} INFO - [2023-09-28T18:14:54.444+0000] {dagbag.py:539} INFO - Filling up the DagBag from /home/airflow/.local/lib/python3.8/site-packages/airflow/example_dags/example_task_group.py
[2023-09-28T18:14:54.452+0000] {processor.py:839} INFO - DAG(s) dict_keys(['example_task_group']) retrieved from /home/airflow/.local/lib/python3.8/site-packages/airflow/example_dags/example_task_group.py
[2023-09-28T18:14:54.471+0000] {logging_mixin.py:151} INFO - [2023-09-28T18:14:54.471+0000] {dag.py:2915} INFO - Sync 1 DAGs
[2023-09-28T18:14:54.485+0000] {logging_mixin.py:151} INFO - [2023-09-28T18:14:54.485+0000] {dag.py:3696} INFO - Setting next_dagrun for example_task_group to 2023-09-27T18:14:54.485532+00:00, run_after=2023-09-28T18:14:54.485532+00:00
[2023-09-28T18:14:54.499+0000] {processor.py:179} INFO - Processing /home/airflow/.local/lib/python3.8/site-packages/airflow/example_dags/example_task_group.py took 0.069 seconds
[2023-09-28T18:15:25.179+0000] {processor.py:157} INFO - Started process (PID=193) to work on /home/airflow/.local/lib/python3.8/site-packages/airflow/example_dags/example_task_group.py
[2023-09-28T18:15:25.182+0000] {processor.py:829} INFO - Processing file /home/airflow/.local/lib/python3.8/site-packages/airflow/example_dags/example_task_group.py for tasks to queue
[2023-09-28T18:15:25.186+0000] {logging_mixin.py:151} INFO - [2023-09-28T18:15:25.186+0000] {dagbag.py:539} INFO - Filling up the DagBag from /home/airflow/.local/lib/python3.8/site-packages/airflow/example_dags/example_task_group.py
[2023-09-28T18:15:25.194+0000] {processor.py:839} INFO - DAG(s) dict_keys(['example_task_group']) retrieved from /home/airflow/.local/lib/python3.8/site-packages/airflow/example_dags/example_task_group.py
[2023-09-28T18:15:25.214+0000] {logging_mixin.py:151} INFO - [2023-09-28T18:15:25.214+0000] {dag.py:2915} INFO - Sync 1 DAGs
[2023-09-28T18:15:25.232+0000] {logging_mixin.py:151} INFO - [2023-09-28T18:15:25.232+0000] {dag.py:3696} INFO - Setting next_dagrun for example_task_group to 2023-09-27T18:15:25.232475+00:00, run_after=2023-09-28T18:15:25.232475+00:00
[2023-09-28T18:15:25.246+0000] {processor.py:179} INFO - Processing /home/airflow/.local/lib/python3.8/site-packages/airflow/example_dags/example_task_group.py took 0.073 seconds
[2023-09-28T18:15:56.003+0000] {processor.py:157} INFO - Started process (PID=247) to work on /home/airflow/.local/lib/python3.8/site-packages/airflow/example_dags/example_task_group.py
[2023-09-28T18:15:56.006+0000] {processor.py:829} INFO - Processing file /home/airflow/.local/lib/python3.8/site-packages/airflow/example_dags/example_task_group.py for tasks to queue
[2023-09-28T18:15:56.009+0000] {logging_mixin.py:151} INFO - [2023-09-28T18:15:56.009+0000] {dagbag.py:539} INFO - Filling up the DagBag from /home/airflow/.local/lib/python3.8/site-packages/airflow/example_dags/example_task_group.py
[2023-09-28T18:15:56.018+0000] {processor.py:839} INFO - DAG(s) dict_keys(['example_task_group']) retrieved from /home/airflow/.local/lib/python3.8/site-packages/airflow/example_dags/example_task_group.py
[2023-09-28T18:15:56.037+0000] {logging_mixin.py:151} INFO - [2023-09-28T18:15:56.037+0000] {dag.py:2915} INFO - Sync 1 DAGs
[2023-09-28T18:15:56.052+0000] {logging_mixin.py:151} INFO - [2023-09-28T18:15:56.052+0000] {dag.py:3696} INFO - Setting next_dagrun for example_task_group to 2023-09-27T18:15:56.052344+00:00, run_after=2023-09-28T18:15:56.052344+00:00
[2023-09-28T18:15:56.067+0000] {processor.py:179} INFO - Processing /home/airflow/.local/lib/python3.8/site-packages/airflow/example_dags/example_task_group.py took 0.069 seconds
[2023-09-28T18:16:26.477+0000] {processor.py:157} INFO - Started process (PID=301) to work on /home/airflow/.local/lib/python3.8/site-packages/airflow/example_dags/example_task_group.py
[2023-09-28T18:16:26.480+0000] {processor.py:829} INFO - Processing file /home/airflow/.local/lib/python3.8/site-packages/airflow/example_dags/example_task_group.py for tasks to queue
[2023-09-28T18:16:26.484+0000] {logging_mixin.py:151} INFO - [2023-09-28T18:16:26.483+0000] {dagbag.py:539} INFO - Filling up the DagBag from /home/airflow/.local/lib/python3.8/site-packages/airflow/example_dags/example_task_group.py
[2023-09-28T18:16:26.492+0000] {processor.py:839} INFO - DAG(s) dict_keys(['example_task_group']) retrieved from /home/airflow/.local/lib/python3.8/site-packages/airflow/example_dags/example_task_group.py
[2023-09-28T18:16:26.513+0000] {logging_mixin.py:151} INFO - [2023-09-28T18:16:26.513+0000] {dag.py:2915} INFO - Sync 1 DAGs
[2023-09-28T18:16:26.528+0000] {logging_mixin.py:151} INFO - [2023-09-28T18:16:26.528+0000] {dag.py:3696} INFO - Setting next_dagrun for example_task_group to 2023-09-27T18:16:26.528592+00:00, run_after=2023-09-28T18:16:26.528592+00:00
[2023-09-28T18:16:26.541+0000] {processor.py:179} INFO - Processing /home/airflow/.local/lib/python3.8/site-packages/airflow/example_dags/example_task_group.py took 0.068 seconds
[2023-09-28T18:16:57.417+0000] {processor.py:157} INFO - Started process (PID=355) to work on /home/airflow/.local/lib/python3.8/site-packages/airflow/example_dags/example_task_group.py
[2023-09-28T18:16:57.420+0000] {processor.py:829} INFO - Processing file /home/airflow/.local/lib/python3.8/site-packages/airflow/example_dags/example_task_group.py for tasks to queue
[2023-09-28T18:16:57.423+0000] {logging_mixin.py:151} INFO - [2023-09-28T18:16:57.423+0000] {dagbag.py:539} INFO - Filling up the DagBag from /home/airflow/.local/lib/python3.8/site-packages/airflow/example_dags/example_task_group.py
[2023-09-28T18:16:57.430+0000] {processor.py:839} INFO - DAG(s) dict_keys(['example_task_group']) retrieved from /home/airflow/.local/lib/python3.8/site-packages/airflow/example_dags/example_task_group.py
[2023-09-28T18:16:57.450+0000] {logging_mixin.py:151} INFO - [2023-09-28T18:16:57.450+0000] {dag.py:2915} INFO - Sync 1 DAGs
[2023-09-28T18:16:57.464+0000] {logging_mixin.py:151} INFO - [2023-09-28T18:16:57.463+0000] {dag.py:3696} INFO - Setting next_dagrun for example_task_group to 2023-09-27T18:16:57.463762+00:00, run_after=2023-09-28T18:16:57.463762+00:00
[2023-09-28T18:16:57.477+0000] {processor.py:179} INFO - Processing /home/airflow/.local/lib/python3.8/site-packages/airflow/example_dags/example_task_group.py took 0.066 seconds
[2023-09-28T18:17:28.072+0000] {processor.py:157} INFO - Started process (PID=408) to work on /home/airflow/.local/lib/python3.8/site-packages/airflow/example_dags/example_task_group.py
[2023-09-28T18:17:28.074+0000] {processor.py:829} INFO - Processing file /home/airflow/.local/lib/python3.8/site-packages/airflow/example_dags/example_task_group.py for tasks to queue
[2023-09-28T18:17:28.078+0000] {logging_mixin.py:151} INFO - [2023-09-28T18:17:28.077+0000] {dagbag.py:539} INFO - Filling up the DagBag from /home/airflow/.local/lib/python3.8/site-packages/airflow/example_dags/example_task_group.py
[2023-09-28T18:17:28.086+0000] {processor.py:839} INFO - DAG(s) dict_keys(['example_task_group']) retrieved from /home/airflow/.local/lib/python3.8/site-packages/airflow/example_dags/example_task_group.py
[2023-09-28T18:17:28.105+0000] {logging_mixin.py:151} INFO - [2023-09-28T18:17:28.105+0000] {dag.py:2915} INFO - Sync 1 DAGs
[2023-09-28T18:17:28.122+0000] {logging_mixin.py:151} INFO - [2023-09-28T18:17:28.122+0000] {dag.py:3696} INFO - Setting next_dagrun for example_task_group to 2023-09-27T18:17:28.122426+00:00, run_after=2023-09-28T18:17:28.122426+00:00
[2023-09-28T18:17:28.135+0000] {processor.py:179} INFO - Processing /home/airflow/.local/lib/python3.8/site-packages/airflow/example_dags/example_task_group.py took 0.069 seconds
[2023-09-28T18:17:58.699+0000] {processor.py:157} INFO - Started process (PID=463) to work on /home/airflow/.local/lib/python3.8/site-packages/airflow/example_dags/example_task_group.py
[2023-09-28T18:17:58.702+0000] {processor.py:829} INFO - Processing file /home/airflow/.local/lib/python3.8/site-packages/airflow/example_dags/example_task_group.py for tasks to queue
[2023-09-28T18:17:58.708+0000] {logging_mixin.py:151} INFO - [2023-09-28T18:17:58.708+0000] {dagbag.py:539} INFO - Filling up the DagBag from /home/airflow/.local/lib/python3.8/site-packages/airflow/example_dags/example_task_group.py
[2023-09-28T18:17:58.715+0000] {processor.py:839} INFO - DAG(s) dict_keys(['example_task_group']) retrieved from /home/airflow/.local/lib/python3.8/site-packages/airflow/example_dags/example_task_group.py
[2023-09-28T18:17:58.735+0000] {logging_mixin.py:151} INFO - [2023-09-28T18:17:58.735+0000] {dag.py:2915} INFO - Sync 1 DAGs
[2023-09-28T18:17:58.757+0000] {logging_mixin.py:151} INFO - [2023-09-28T18:17:58.756+0000] {dag.py:3696} INFO - Setting next_dagrun for example_task_group to 2023-09-27T18:17:58.756655+00:00, run_after=2023-09-28T18:17:58.756655+00:00
[2023-09-28T18:17:58.775+0000] {processor.py:179} INFO - Processing /home/airflow/.local/lib/python3.8/site-packages/airflow/example_dags/example_task_group.py took 0.080 seconds
[2023-09-28T18:18:29.448+0000] {processor.py:157} INFO - Started process (PID=517) to work on /home/airflow/.local/lib/python3.8/site-packages/airflow/example_dags/example_task_group.py
[2023-09-28T18:18:29.450+0000] {processor.py:829} INFO - Processing file /home/airflow/.local/lib/python3.8/site-packages/airflow/example_dags/example_task_group.py for tasks to queue
[2023-09-28T18:18:29.454+0000] {logging_mixin.py:151} INFO - [2023-09-28T18:18:29.453+0000] {dagbag.py:539} INFO - Filling up the DagBag from /home/airflow/.local/lib/python3.8/site-packages/airflow/example_dags/example_task_group.py
[2023-09-28T18:18:29.462+0000] {processor.py:839} INFO - DAG(s) dict_keys(['example_task_group']) retrieved from /home/airflow/.local/lib/python3.8/site-packages/airflow/example_dags/example_task_group.py
[2023-09-28T18:18:29.482+0000] {logging_mixin.py:151} INFO - [2023-09-28T18:18:29.482+0000] {dag.py:2915} INFO - Sync 1 DAGs
[2023-09-28T18:18:29.498+0000] {logging_mixin.py:151} INFO - [2023-09-28T18:18:29.498+0000] {dag.py:3696} INFO - Setting next_dagrun for example_task_group to 2023-09-27T18:18:29.498245+00:00, run_after=2023-09-28T18:18:29.498245+00:00
[2023-09-28T18:18:29.512+0000] {processor.py:179} INFO - Processing /home/airflow/.local/lib/python3.8/site-packages/airflow/example_dags/example_task_group.py took 0.068 seconds
[2023-09-28T18:19:00.430+0000] {processor.py:157} INFO - Started process (PID=572) to work on /home/airflow/.local/lib/python3.8/site-packages/airflow/example_dags/example_task_group.py
[2023-09-28T18:19:00.434+0000] {processor.py:829} INFO - Processing file /home/airflow/.local/lib/python3.8/site-packages/airflow/example_dags/example_task_group.py for tasks to queue
[2023-09-28T18:19:00.438+0000] {logging_mixin.py:151} INFO - [2023-09-28T18:19:00.438+0000] {dagbag.py:539} INFO - Filling up the DagBag from /home/airflow/.local/lib/python3.8/site-packages/airflow/example_dags/example_task_group.py
[2023-09-28T18:19:00.446+0000] {processor.py:839} INFO - DAG(s) dict_keys(['example_task_group']) retrieved from /home/airflow/.local/lib/python3.8/site-packages/airflow/example_dags/example_task_group.py
[2023-09-28T18:19:00.466+0000] {logging_mixin.py:151} INFO - [2023-09-28T18:19:00.465+0000] {dag.py:2915} INFO - Sync 1 DAGs
[2023-09-28T18:19:00.481+0000] {logging_mixin.py:151} INFO - [2023-09-28T18:19:00.481+0000] {dag.py:3696} INFO - Setting next_dagrun for example_task_group to 2023-09-27T18:19:00.481060+00:00, run_after=2023-09-28T18:19:00.481060+00:00
[2023-09-28T18:19:00.494+0000] {processor.py:179} INFO - Processing /home/airflow/.local/lib/python3.8/site-packages/airflow/example_dags/example_task_group.py took 0.069 seconds
[2023-09-28T18:19:31.091+0000] {processor.py:157} INFO - Started process (PID=626) to work on /home/airflow/.local/lib/python3.8/site-packages/airflow/example_dags/example_task_group.py
[2023-09-28T18:19:31.095+0000] {processor.py:829} INFO - Processing file /home/airflow/.local/lib/python3.8/site-packages/airflow/example_dags/example_task_group.py for tasks to queue
[2023-09-28T18:19:31.099+0000] {logging_mixin.py:151} INFO - [2023-09-28T18:19:31.099+0000] {dagbag.py:539} INFO - Filling up the DagBag from /home/airflow/.local/lib/python3.8/site-packages/airflow/example_dags/example_task_group.py
[2023-09-28T18:19:31.108+0000] {processor.py:839} INFO - DAG(s) dict_keys(['example_task_group']) retrieved from /home/airflow/.local/lib/python3.8/site-packages/airflow/example_dags/example_task_group.py
[2023-09-28T18:19:31.128+0000] {logging_mixin.py:151} INFO - [2023-09-28T18:19:31.128+0000] {dag.py:2915} INFO - Sync 1 DAGs
[2023-09-28T18:19:31.143+0000] {logging_mixin.py:151} INFO - [2023-09-28T18:19:31.143+0000] {dag.py:3696} INFO - Setting next_dagrun for example_task_group to 2023-09-27T18:19:31.143437+00:00, run_after=2023-09-28T18:19:31.143437+00:00
[2023-09-28T18:19:31.158+0000] {processor.py:179} INFO - Processing /home/airflow/.local/lib/python3.8/site-packages/airflow/example_dags/example_task_group.py took 0.071 seconds
[2023-09-28T18:20:01.821+0000] {processor.py:157} INFO - Started process (PID=680) to work on /home/airflow/.local/lib/python3.8/site-packages/airflow/example_dags/example_task_group.py
[2023-09-28T18:20:01.824+0000] {processor.py:829} INFO - Processing file /home/airflow/.local/lib/python3.8/site-packages/airflow/example_dags/example_task_group.py for tasks to queue
[2023-09-28T18:20:01.828+0000] {logging_mixin.py:151} INFO - [2023-09-28T18:20:01.828+0000] {dagbag.py:539} INFO - Filling up the DagBag from /home/airflow/.local/lib/python3.8/site-packages/airflow/example_dags/example_task_group.py
[2023-09-28T18:20:01.836+0000] {processor.py:839} INFO - DAG(s) dict_keys(['example_task_group']) retrieved from /home/airflow/.local/lib/python3.8/site-packages/airflow/example_dags/example_task_group.py
[2023-09-28T18:20:01.858+0000] {logging_mixin.py:151} INFO - [2023-09-28T18:20:01.858+0000] {dag.py:2915} INFO - Sync 1 DAGs
[2023-09-28T18:20:01.874+0000] {logging_mixin.py:151} INFO - [2023-09-28T18:20:01.874+0000] {dag.py:3696} INFO - Setting next_dagrun for example_task_group to 2023-09-27T18:20:01.874044+00:00, run_after=2023-09-28T18:20:01.874044+00:00
[2023-09-28T18:20:01.889+0000] {processor.py:179} INFO - Processing /home/airflow/.local/lib/python3.8/site-packages/airflow/example_dags/example_task_group.py took 0.073 seconds
[2023-09-28T18:20:32.511+0000] {processor.py:157} INFO - Started process (PID=733) to work on /home/airflow/.local/lib/python3.8/site-packages/airflow/example_dags/example_task_group.py
[2023-09-28T18:20:32.518+0000] {processor.py:829} INFO - Processing file /home/airflow/.local/lib/python3.8/site-packages/airflow/example_dags/example_task_group.py for tasks to queue
[2023-09-28T18:20:32.523+0000] {logging_mixin.py:151} INFO - [2023-09-28T18:20:32.523+0000] {dagbag.py:539} INFO - Filling up the DagBag from /home/airflow/.local/lib/python3.8/site-packages/airflow/example_dags/example_task_group.py
[2023-09-28T18:20:32.531+0000] {processor.py:839} INFO - DAG(s) dict_keys(['example_task_group']) retrieved from /home/airflow/.local/lib/python3.8/site-packages/airflow/example_dags/example_task_group.py
[2023-09-28T18:20:32.553+0000] {logging_mixin.py:151} INFO - [2023-09-28T18:20:32.553+0000] {dag.py:2915} INFO - Sync 1 DAGs
[2023-09-28T18:20:32.568+0000] {logging_mixin.py:151} INFO - [2023-09-28T18:20:32.568+0000] {dag.py:3696} INFO - Setting next_dagrun for example_task_group to 2023-09-27T18:20:32.568166+00:00, run_after=2023-09-28T18:20:32.568166+00:00
[2023-09-28T18:20:32.582+0000] {processor.py:179} INFO - Processing /home/airflow/.local/lib/python3.8/site-packages/airflow/example_dags/example_task_group.py took 0.076 seconds
[2023-09-28T18:21:03.105+0000] {processor.py:157} INFO - Started process (PID=787) to work on /home/airflow/.local/lib/python3.8/site-packages/airflow/example_dags/example_task_group.py
[2023-09-28T18:21:03.109+0000] {processor.py:829} INFO - Processing file /home/airflow/.local/lib/python3.8/site-packages/airflow/example_dags/example_task_group.py for tasks to queue
[2023-09-28T18:21:03.112+0000] {logging_mixin.py:151} INFO - [2023-09-28T18:21:03.112+0000] {dagbag.py:539} INFO - Filling up the DagBag from /home/airflow/.local/lib/python3.8/site-packages/airflow/example_dags/example_task_group.py
[2023-09-28T18:21:03.120+0000] {processor.py:839} INFO - DAG(s) dict_keys(['example_task_group']) retrieved from /home/airflow/.local/lib/python3.8/site-packages/airflow/example_dags/example_task_group.py
[2023-09-28T18:21:03.139+0000] {logging_mixin.py:151} INFO - [2023-09-28T18:21:03.139+0000] {dag.py:2915} INFO - Sync 1 DAGs
[2023-09-28T18:21:03.155+0000] {logging_mixin.py:151} INFO - [2023-09-28T18:21:03.155+0000] {dag.py:3696} INFO - Setting next_dagrun for example_task_group to 2023-09-27T18:21:03.155295+00:00, run_after=2023-09-28T18:21:03.155295+00:00
[2023-09-28T18:21:03.170+0000] {processor.py:179} INFO - Processing /home/airflow/.local/lib/python3.8/site-packages/airflow/example_dags/example_task_group.py took 0.070 seconds
[2023-09-28T18:21:33.252+0000] {processor.py:157} INFO - Started process (PID=841) to work on /home/airflow/.local/lib/python3.8/site-packages/airflow/example_dags/example_task_group.py
[2023-09-28T18:21:33.254+0000] {processor.py:829} INFO - Processing file /home/airflow/.local/lib/python3.8/site-packages/airflow/example_dags/example_task_group.py for tasks to queue
[2023-09-28T18:21:33.257+0000] {logging_mixin.py:151} INFO - [2023-09-28T18:21:33.257+0000] {dagbag.py:539} INFO - Filling up the DagBag from /home/airflow/.local/lib/python3.8/site-packages/airflow/example_dags/example_task_group.py
[2023-09-28T18:21:33.263+0000] {processor.py:839} INFO - DAG(s) dict_keys(['example_task_group']) retrieved from /home/airflow/.local/lib/python3.8/site-packages/airflow/example_dags/example_task_group.py
[2023-09-28T18:21:33.283+0000] {logging_mixin.py:151} INFO - [2023-09-28T18:21:33.283+0000] {dag.py:2915} INFO - Sync 1 DAGs
[2023-09-28T18:21:33.296+0000] {logging_mixin.py:151} INFO - [2023-09-28T18:21:33.296+0000] {dag.py:3696} INFO - Setting next_dagrun for example_task_group to 2023-09-27T18:21:33.296368+00:00, run_after=2023-09-28T18:21:33.296368+00:00
[2023-09-28T18:21:33.309+0000] {processor.py:179} INFO - Processing /home/airflow/.local/lib/python3.8/site-packages/airflow/example_dags/example_task_group.py took 0.061 seconds
[2023-09-28T18:22:03.840+0000] {processor.py:157} INFO - Started process (PID=895) to work on /home/airflow/.local/lib/python3.8/site-packages/airflow/example_dags/example_task_group.py
[2023-09-28T18:22:03.842+0000] {processor.py:829} INFO - Processing file /home/airflow/.local/lib/python3.8/site-packages/airflow/example_dags/example_task_group.py for tasks to queue
[2023-09-28T18:22:03.845+0000] {logging_mixin.py:151} INFO - [2023-09-28T18:22:03.845+0000] {dagbag.py:539} INFO - Filling up the DagBag from /home/airflow/.local/lib/python3.8/site-packages/airflow/example_dags/example_task_group.py
[2023-09-28T18:22:03.853+0000] {processor.py:839} INFO - DAG(s) dict_keys(['example_task_group']) retrieved from /home/airflow/.local/lib/python3.8/site-packages/airflow/example_dags/example_task_group.py
[2023-09-28T18:22:03.871+0000] {logging_mixin.py:151} INFO - [2023-09-28T18:22:03.871+0000] {dag.py:2915} INFO - Sync 1 DAGs
[2023-09-28T18:22:03.889+0000] {logging_mixin.py:151} INFO - [2023-09-28T18:22:03.889+0000] {dag.py:3696} INFO - Setting next_dagrun for example_task_group to 2023-09-27T18:22:03.889026+00:00, run_after=2023-09-28T18:22:03.889026+00:00
[2023-09-28T18:22:03.904+0000] {processor.py:179} INFO - Processing /home/airflow/.local/lib/python3.8/site-packages/airflow/example_dags/example_task_group.py took 0.067 seconds
[2023-09-28T18:22:34.685+0000] {processor.py:157} INFO - Started process (PID=948) to work on /home/airflow/.local/lib/python3.8/site-packages/airflow/example_dags/example_task_group.py
[2023-09-28T18:22:34.687+0000] {processor.py:829} INFO - Processing file /home/airflow/.local/lib/python3.8/site-packages/airflow/example_dags/example_task_group.py for tasks to queue
[2023-09-28T18:22:34.690+0000] {logging_mixin.py:151} INFO - [2023-09-28T18:22:34.690+0000] {dagbag.py:539} INFO - Filling up the DagBag from /home/airflow/.local/lib/python3.8/site-packages/airflow/example_dags/example_task_group.py
[2023-09-28T18:22:34.697+0000] {processor.py:839} INFO - DAG(s) dict_keys(['example_task_group']) retrieved from /home/airflow/.local/lib/python3.8/site-packages/airflow/example_dags/example_task_group.py
[2023-09-28T18:22:34.715+0000] {logging_mixin.py:151} INFO - [2023-09-28T18:22:34.715+0000] {dag.py:2915} INFO - Sync 1 DAGs
[2023-09-28T18:22:34.731+0000] {logging_mixin.py:151} INFO - [2023-09-28T18:22:34.730+0000] {dag.py:3696} INFO - Setting next_dagrun for example_task_group to 2023-09-27T18:22:34.730607+00:00, run_after=2023-09-28T18:22:34.730607+00:00
[2023-09-28T18:22:34.746+0000] {processor.py:179} INFO - Processing /home/airflow/.local/lib/python3.8/site-packages/airflow/example_dags/example_task_group.py took 0.063 seconds
[2023-09-28T18:23:05.461+0000] {processor.py:157} INFO - Started process (PID=1001) to work on /home/airflow/.local/lib/python3.8/site-packages/airflow/example_dags/example_task_group.py
[2023-09-28T18:23:05.463+0000] {processor.py:829} INFO - Processing file /home/airflow/.local/lib/python3.8/site-packages/airflow/example_dags/example_task_group.py for tasks to queue
[2023-09-28T18:23:05.466+0000] {logging_mixin.py:151} INFO - [2023-09-28T18:23:05.466+0000] {dagbag.py:539} INFO - Filling up the DagBag from /home/airflow/.local/lib/python3.8/site-packages/airflow/example_dags/example_task_group.py
[2023-09-28T18:23:05.474+0000] {processor.py:839} INFO - DAG(s) dict_keys(['example_task_group']) retrieved from /home/airflow/.local/lib/python3.8/site-packages/airflow/example_dags/example_task_group.py
[2023-09-28T18:23:05.493+0000] {logging_mixin.py:151} INFO - [2023-09-28T18:23:05.493+0000] {dag.py:2915} INFO - Sync 1 DAGs
[2023-09-28T18:23:05.514+0000] {logging_mixin.py:151} INFO - [2023-09-28T18:23:05.514+0000] {dag.py:3696} INFO - Setting next_dagrun for example_task_group to 2023-09-27T18:23:05.514038+00:00, run_after=2023-09-28T18:23:05.514038+00:00
[2023-09-28T18:23:05.528+0000] {processor.py:179} INFO - Processing /home/airflow/.local/lib/python3.8/site-packages/airflow/example_dags/example_task_group.py took 0.075 seconds
[2023-09-28T18:23:35.584+0000] {processor.py:157} INFO - Started process (PID=1055) to work on /home/airflow/.local/lib/python3.8/site-packages/airflow/example_dags/example_task_group.py
[2023-09-28T18:23:35.588+0000] {processor.py:829} INFO - Processing file /home/airflow/.local/lib/python3.8/site-packages/airflow/example_dags/example_task_group.py for tasks to queue
[2023-09-28T18:23:35.594+0000] {logging_mixin.py:151} INFO - [2023-09-28T18:23:35.593+0000] {dagbag.py:539} INFO - Filling up the DagBag from /home/airflow/.local/lib/python3.8/site-packages/airflow/example_dags/example_task_group.py
[2023-09-28T18:23:35.606+0000] {processor.py:839} INFO - DAG(s) dict_keys(['example_task_group']) retrieved from /home/airflow/.local/lib/python3.8/site-packages/airflow/example_dags/example_task_group.py
[2023-09-28T18:23:35.634+0000] {logging_mixin.py:151} INFO - [2023-09-28T18:23:35.634+0000] {dag.py:2915} INFO - Sync 1 DAGs
[2023-09-28T18:23:35.653+0000] {logging_mixin.py:151} INFO - [2023-09-28T18:23:35.652+0000] {dag.py:3696} INFO - Setting next_dagrun for example_task_group to 2023-09-27T18:23:35.652730+00:00, run_after=2023-09-28T18:23:35.652730+00:00
[2023-09-28T18:23:35.669+0000] {processor.py:179} INFO - Processing /home/airflow/.local/lib/python3.8/site-packages/airflow/example_dags/example_task_group.py took 0.089 seconds
[2023-09-28T18:34:41.950+0000] {processor.py:157} INFO - Started process (PID=32) to work on /home/airflow/.local/lib/python3.8/site-packages/airflow/example_dags/example_task_group.py
[2023-09-28T18:34:41.952+0000] {processor.py:829} INFO - Processing file /home/airflow/.local/lib/python3.8/site-packages/airflow/example_dags/example_task_group.py for tasks to queue
[2023-09-28T18:34:41.955+0000] {logging_mixin.py:151} INFO - [2023-09-28T18:34:41.955+0000] {dagbag.py:539} INFO - Filling up the DagBag from /home/airflow/.local/lib/python3.8/site-packages/airflow/example_dags/example_task_group.py
[2023-09-28T18:34:41.970+0000] {processor.py:839} INFO - DAG(s) dict_keys(['example_task_group']) retrieved from /home/airflow/.local/lib/python3.8/site-packages/airflow/example_dags/example_task_group.py
[2023-09-28T18:34:42.018+0000] {logging_mixin.py:151} INFO - [2023-09-28T18:34:42.018+0000] {dag.py:2915} INFO - Sync 1 DAGs
[2023-09-28T18:34:42.039+0000] {logging_mixin.py:151} INFO - [2023-09-28T18:34:42.039+0000] {dag.py:3696} INFO - Setting next_dagrun for example_task_group to 2023-09-27T18:34:42.039398+00:00, run_after=2023-09-28T18:34:42.039398+00:00
[2023-09-28T18:34:42.061+0000] {processor.py:179} INFO - Processing /home/airflow/.local/lib/python3.8/site-packages/airflow/example_dags/example_task_group.py took 0.115 seconds
[2023-09-28T18:35:12.590+0000] {processor.py:157} INFO - Started process (PID=86) to work on /home/airflow/.local/lib/python3.8/site-packages/airflow/example_dags/example_task_group.py
[2023-09-28T18:35:12.593+0000] {processor.py:829} INFO - Processing file /home/airflow/.local/lib/python3.8/site-packages/airflow/example_dags/example_task_group.py for tasks to queue
[2023-09-28T18:35:12.597+0000] {logging_mixin.py:151} INFO - [2023-09-28T18:35:12.597+0000] {dagbag.py:539} INFO - Filling up the DagBag from /home/airflow/.local/lib/python3.8/site-packages/airflow/example_dags/example_task_group.py
[2023-09-28T18:35:12.608+0000] {processor.py:839} INFO - DAG(s) dict_keys(['example_task_group']) retrieved from /home/airflow/.local/lib/python3.8/site-packages/airflow/example_dags/example_task_group.py
[2023-09-28T18:35:12.640+0000] {logging_mixin.py:151} INFO - [2023-09-28T18:35:12.640+0000] {dag.py:2915} INFO - Sync 1 DAGs
[2023-09-28T18:35:12.658+0000] {logging_mixin.py:151} INFO - [2023-09-28T18:35:12.658+0000] {dag.py:3696} INFO - Setting next_dagrun for example_task_group to 2023-09-27T18:35:12.658510+00:00, run_after=2023-09-28T18:35:12.658510+00:00
[2023-09-28T18:35:12.673+0000] {processor.py:179} INFO - Processing /home/airflow/.local/lib/python3.8/site-packages/airflow/example_dags/example_task_group.py took 0.092 seconds
[2023-09-28T18:35:42.765+0000] {processor.py:157} INFO - Started process (PID=140) to work on /home/airflow/.local/lib/python3.8/site-packages/airflow/example_dags/example_task_group.py
[2023-09-28T18:35:42.769+0000] {processor.py:829} INFO - Processing file /home/airflow/.local/lib/python3.8/site-packages/airflow/example_dags/example_task_group.py for tasks to queue
[2023-09-28T18:35:42.777+0000] {logging_mixin.py:151} INFO - [2023-09-28T18:35:42.776+0000] {dagbag.py:539} INFO - Filling up the DagBag from /home/airflow/.local/lib/python3.8/site-packages/airflow/example_dags/example_task_group.py
[2023-09-28T18:35:42.793+0000] {processor.py:839} INFO - DAG(s) dict_keys(['example_task_group']) retrieved from /home/airflow/.local/lib/python3.8/site-packages/airflow/example_dags/example_task_group.py
[2023-09-28T18:35:42.816+0000] {logging_mixin.py:151} INFO - [2023-09-28T18:35:42.816+0000] {dag.py:2915} INFO - Sync 1 DAGs
[2023-09-28T18:35:42.834+0000] {logging_mixin.py:151} INFO - [2023-09-28T18:35:42.834+0000] {dag.py:3696} INFO - Setting next_dagrun for example_task_group to 2023-09-27T18:35:42.833918+00:00, run_after=2023-09-28T18:35:42.833918+00:00
[2023-09-28T18:35:42.848+0000] {processor.py:179} INFO - Processing /home/airflow/.local/lib/python3.8/site-packages/airflow/example_dags/example_task_group.py took 0.099 seconds
[2023-09-28T18:36:12.929+0000] {processor.py:157} INFO - Started process (PID=194) to work on /home/airflow/.local/lib/python3.8/site-packages/airflow/example_dags/example_task_group.py
[2023-09-28T18:36:12.934+0000] {processor.py:829} INFO - Processing file /home/airflow/.local/lib/python3.8/site-packages/airflow/example_dags/example_task_group.py for tasks to queue
[2023-09-28T18:36:12.939+0000] {logging_mixin.py:151} INFO - [2023-09-28T18:36:12.938+0000] {dagbag.py:539} INFO - Filling up the DagBag from /home/airflow/.local/lib/python3.8/site-packages/airflow/example_dags/example_task_group.py
[2023-09-28T18:36:12.947+0000] {processor.py:839} INFO - DAG(s) dict_keys(['example_task_group']) retrieved from /home/airflow/.local/lib/python3.8/site-packages/airflow/example_dags/example_task_group.py
[2023-09-28T18:36:12.969+0000] {logging_mixin.py:151} INFO - [2023-09-28T18:36:12.969+0000] {dag.py:2915} INFO - Sync 1 DAGs
[2023-09-28T18:36:12.985+0000] {logging_mixin.py:151} INFO - [2023-09-28T18:36:12.985+0000] {dag.py:3696} INFO - Setting next_dagrun for example_task_group to 2023-09-27T18:36:12.985608+00:00, run_after=2023-09-28T18:36:12.985608+00:00
[2023-09-28T18:36:13.001+0000] {processor.py:179} INFO - Processing /home/airflow/.local/lib/python3.8/site-packages/airflow/example_dags/example_task_group.py took 0.077 seconds
