[2023-09-28T18:05:28.955+0000] {processor.py:157} INFO - Started process (PID=57) to work on /home/airflow/.local/lib/python3.8/site-packages/airflow/example_dags/example_kubernetes_executor.py
[2023-09-28T18:05:28.957+0000] {processor.py:829} INFO - Processing file /home/airflow/.local/lib/python3.8/site-packages/airflow/example_dags/example_kubernetes_executor.py for tasks to queue
[2023-09-28T18:05:28.960+0000] {logging_mixin.py:151} INFO - [2023-09-28T18:05:28.960+0000] {dagbag.py:539} INFO - Filling up the DagBag from /home/airflow/.local/lib/python3.8/site-packages/airflow/example_dags/example_kubernetes_executor.py
[2023-09-28T18:05:29.191+0000] {processor.py:839} INFO - DAG(s) dict_keys(['example_kubernetes_executor']) retrieved from /home/airflow/.local/lib/python3.8/site-packages/airflow/example_dags/example_kubernetes_executor.py
[2023-09-28T18:05:29.205+0000] {logging_mixin.py:151} INFO - [2023-09-28T18:05:29.204+0000] {dag.py:2915} INFO - Sync 1 DAGs
[2023-09-28T18:05:29.219+0000] {logging_mixin.py:151} INFO - [2023-09-28T18:05:29.219+0000] {dag.py:3696} INFO - Setting next_dagrun for example_kubernetes_executor to None, run_after=None
[2023-09-28T18:05:29.234+0000] {processor.py:179} INFO - Processing /home/airflow/.local/lib/python3.8/site-packages/airflow/example_dags/example_kubernetes_executor.py took 0.282 seconds
[2023-09-28T18:05:59.745+0000] {processor.py:157} INFO - Started process (PID=110) to work on /home/airflow/.local/lib/python3.8/site-packages/airflow/example_dags/example_kubernetes_executor.py
[2023-09-28T18:05:59.747+0000] {processor.py:829} INFO - Processing file /home/airflow/.local/lib/python3.8/site-packages/airflow/example_dags/example_kubernetes_executor.py for tasks to queue
[2023-09-28T18:05:59.750+0000] {logging_mixin.py:151} INFO - [2023-09-28T18:05:59.750+0000] {dagbag.py:539} INFO - Filling up the DagBag from /home/airflow/.local/lib/python3.8/site-packages/airflow/example_dags/example_kubernetes_executor.py
[2023-09-28T18:05:59.899+0000] {processor.py:839} INFO - DAG(s) dict_keys(['example_kubernetes_executor']) retrieved from /home/airflow/.local/lib/python3.8/site-packages/airflow/example_dags/example_kubernetes_executor.py
[2023-09-28T18:05:59.923+0000] {logging_mixin.py:151} INFO - [2023-09-28T18:05:59.923+0000] {dag.py:2915} INFO - Sync 1 DAGs
[2023-09-28T18:05:59.931+0000] {logging_mixin.py:151} INFO - [2023-09-28T18:05:59.931+0000] {dag.py:3696} INFO - Setting next_dagrun for example_kubernetes_executor to None, run_after=None
[2023-09-28T18:05:59.949+0000] {processor.py:179} INFO - Processing /home/airflow/.local/lib/python3.8/site-packages/airflow/example_dags/example_kubernetes_executor.py took 0.206 seconds
[2023-09-28T18:06:30.797+0000] {processor.py:157} INFO - Started process (PID=165) to work on /home/airflow/.local/lib/python3.8/site-packages/airflow/example_dags/example_kubernetes_executor.py
[2023-09-28T18:06:30.799+0000] {processor.py:829} INFO - Processing file /home/airflow/.local/lib/python3.8/site-packages/airflow/example_dags/example_kubernetes_executor.py for tasks to queue
[2023-09-28T18:06:30.802+0000] {logging_mixin.py:151} INFO - [2023-09-28T18:06:30.801+0000] {dagbag.py:539} INFO - Filling up the DagBag from /home/airflow/.local/lib/python3.8/site-packages/airflow/example_dags/example_kubernetes_executor.py
[2023-09-28T18:06:30.950+0000] {processor.py:839} INFO - DAG(s) dict_keys(['example_kubernetes_executor']) retrieved from /home/airflow/.local/lib/python3.8/site-packages/airflow/example_dags/example_kubernetes_executor.py
[2023-09-28T18:06:30.982+0000] {logging_mixin.py:151} INFO - [2023-09-28T18:06:30.981+0000] {dag.py:2915} INFO - Sync 1 DAGs
[2023-09-28T18:06:30.990+0000] {logging_mixin.py:151} INFO - [2023-09-28T18:06:30.990+0000] {dag.py:3696} INFO - Setting next_dagrun for example_kubernetes_executor to None, run_after=None
[2023-09-28T18:06:31.004+0000] {processor.py:179} INFO - Processing /home/airflow/.local/lib/python3.8/site-packages/airflow/example_dags/example_kubernetes_executor.py took 0.209 seconds
[2023-09-28T18:07:01.039+0000] {processor.py:157} INFO - Started process (PID=221) to work on /home/airflow/.local/lib/python3.8/site-packages/airflow/example_dags/example_kubernetes_executor.py
[2023-09-28T18:07:01.042+0000] {processor.py:829} INFO - Processing file /home/airflow/.local/lib/python3.8/site-packages/airflow/example_dags/example_kubernetes_executor.py for tasks to queue
[2023-09-28T18:07:01.044+0000] {logging_mixin.py:151} INFO - [2023-09-28T18:07:01.044+0000] {dagbag.py:539} INFO - Filling up the DagBag from /home/airflow/.local/lib/python3.8/site-packages/airflow/example_dags/example_kubernetes_executor.py
[2023-09-28T18:07:01.208+0000] {processor.py:839} INFO - DAG(s) dict_keys(['example_kubernetes_executor']) retrieved from /home/airflow/.local/lib/python3.8/site-packages/airflow/example_dags/example_kubernetes_executor.py
[2023-09-28T18:07:01.238+0000] {logging_mixin.py:151} INFO - [2023-09-28T18:07:01.238+0000] {dag.py:2915} INFO - Sync 1 DAGs
[2023-09-28T18:07:01.252+0000] {logging_mixin.py:151} INFO - [2023-09-28T18:07:01.252+0000] {dag.py:3696} INFO - Setting next_dagrun for example_kubernetes_executor to None, run_after=None
[2023-09-28T18:07:01.266+0000] {processor.py:179} INFO - Processing /home/airflow/.local/lib/python3.8/site-packages/airflow/example_dags/example_kubernetes_executor.py took 0.230 seconds
[2023-09-28T18:07:31.715+0000] {processor.py:157} INFO - Started process (PID=272) to work on /home/airflow/.local/lib/python3.8/site-packages/airflow/example_dags/example_kubernetes_executor.py
[2023-09-28T18:07:31.718+0000] {processor.py:829} INFO - Processing file /home/airflow/.local/lib/python3.8/site-packages/airflow/example_dags/example_kubernetes_executor.py for tasks to queue
[2023-09-28T18:07:31.721+0000] {logging_mixin.py:151} INFO - [2023-09-28T18:07:31.721+0000] {dagbag.py:539} INFO - Filling up the DagBag from /home/airflow/.local/lib/python3.8/site-packages/airflow/example_dags/example_kubernetes_executor.py
[2023-09-28T18:07:31.884+0000] {processor.py:839} INFO - DAG(s) dict_keys(['example_kubernetes_executor']) retrieved from /home/airflow/.local/lib/python3.8/site-packages/airflow/example_dags/example_kubernetes_executor.py
[2023-09-28T18:07:31.915+0000] {logging_mixin.py:151} INFO - [2023-09-28T18:07:31.915+0000] {dag.py:2915} INFO - Sync 1 DAGs
[2023-09-28T18:07:31.924+0000] {logging_mixin.py:151} INFO - [2023-09-28T18:07:31.924+0000] {dag.py:3696} INFO - Setting next_dagrun for example_kubernetes_executor to None, run_after=None
[2023-09-28T18:07:31.936+0000] {processor.py:179} INFO - Processing /home/airflow/.local/lib/python3.8/site-packages/airflow/example_dags/example_kubernetes_executor.py took 0.223 seconds
[2023-09-28T18:08:02.492+0000] {processor.py:157} INFO - Started process (PID=326) to work on /home/airflow/.local/lib/python3.8/site-packages/airflow/example_dags/example_kubernetes_executor.py
[2023-09-28T18:08:02.495+0000] {processor.py:829} INFO - Processing file /home/airflow/.local/lib/python3.8/site-packages/airflow/example_dags/example_kubernetes_executor.py for tasks to queue
[2023-09-28T18:08:02.497+0000] {logging_mixin.py:151} INFO - [2023-09-28T18:08:02.497+0000] {dagbag.py:539} INFO - Filling up the DagBag from /home/airflow/.local/lib/python3.8/site-packages/airflow/example_dags/example_kubernetes_executor.py
[2023-09-28T18:08:02.647+0000] {processor.py:839} INFO - DAG(s) dict_keys(['example_kubernetes_executor']) retrieved from /home/airflow/.local/lib/python3.8/site-packages/airflow/example_dags/example_kubernetes_executor.py
[2023-09-28T18:08:02.674+0000] {logging_mixin.py:151} INFO - [2023-09-28T18:08:02.674+0000] {dag.py:2915} INFO - Sync 1 DAGs
[2023-09-28T18:08:02.683+0000] {logging_mixin.py:151} INFO - [2023-09-28T18:08:02.683+0000] {dag.py:3696} INFO - Setting next_dagrun for example_kubernetes_executor to None, run_after=None
[2023-09-28T18:08:02.698+0000] {processor.py:179} INFO - Processing /home/airflow/.local/lib/python3.8/site-packages/airflow/example_dags/example_kubernetes_executor.py took 0.209 seconds
[2023-09-28T18:08:32.771+0000] {processor.py:157} INFO - Started process (PID=381) to work on /home/airflow/.local/lib/python3.8/site-packages/airflow/example_dags/example_kubernetes_executor.py
[2023-09-28T18:08:32.773+0000] {processor.py:829} INFO - Processing file /home/airflow/.local/lib/python3.8/site-packages/airflow/example_dags/example_kubernetes_executor.py for tasks to queue
[2023-09-28T18:08:32.775+0000] {logging_mixin.py:151} INFO - [2023-09-28T18:08:32.775+0000] {dagbag.py:539} INFO - Filling up the DagBag from /home/airflow/.local/lib/python3.8/site-packages/airflow/example_dags/example_kubernetes_executor.py
[2023-09-28T18:08:32.945+0000] {processor.py:839} INFO - DAG(s) dict_keys(['example_kubernetes_executor']) retrieved from /home/airflow/.local/lib/python3.8/site-packages/airflow/example_dags/example_kubernetes_executor.py
[2023-09-28T18:08:32.973+0000] {logging_mixin.py:151} INFO - [2023-09-28T18:08:32.973+0000] {dag.py:2915} INFO - Sync 1 DAGs
[2023-09-28T18:08:32.982+0000] {logging_mixin.py:151} INFO - [2023-09-28T18:08:32.982+0000] {dag.py:3696} INFO - Setting next_dagrun for example_kubernetes_executor to None, run_after=None
[2023-09-28T18:08:32.997+0000] {processor.py:179} INFO - Processing /home/airflow/.local/lib/python3.8/site-packages/airflow/example_dags/example_kubernetes_executor.py took 0.229 seconds
[2023-09-28T18:09:03.579+0000] {processor.py:157} INFO - Started process (PID=434) to work on /home/airflow/.local/lib/python3.8/site-packages/airflow/example_dags/example_kubernetes_executor.py
[2023-09-28T18:09:03.581+0000] {processor.py:829} INFO - Processing file /home/airflow/.local/lib/python3.8/site-packages/airflow/example_dags/example_kubernetes_executor.py for tasks to queue
[2023-09-28T18:09:03.585+0000] {logging_mixin.py:151} INFO - [2023-09-28T18:09:03.584+0000] {dagbag.py:539} INFO - Filling up the DagBag from /home/airflow/.local/lib/python3.8/site-packages/airflow/example_dags/example_kubernetes_executor.py
[2023-09-28T18:09:03.731+0000] {processor.py:839} INFO - DAG(s) dict_keys(['example_kubernetes_executor']) retrieved from /home/airflow/.local/lib/python3.8/site-packages/airflow/example_dags/example_kubernetes_executor.py
[2023-09-28T18:09:03.757+0000] {logging_mixin.py:151} INFO - [2023-09-28T18:09:03.757+0000] {dag.py:2915} INFO - Sync 1 DAGs
[2023-09-28T18:09:03.766+0000] {logging_mixin.py:151} INFO - [2023-09-28T18:09:03.766+0000] {dag.py:3696} INFO - Setting next_dagrun for example_kubernetes_executor to None, run_after=None
[2023-09-28T18:09:03.779+0000] {processor.py:179} INFO - Processing /home/airflow/.local/lib/python3.8/site-packages/airflow/example_dags/example_kubernetes_executor.py took 0.202 seconds
[2023-09-28T18:09:34.267+0000] {processor.py:157} INFO - Started process (PID=487) to work on /home/airflow/.local/lib/python3.8/site-packages/airflow/example_dags/example_kubernetes_executor.py
[2023-09-28T18:09:34.268+0000] {processor.py:829} INFO - Processing file /home/airflow/.local/lib/python3.8/site-packages/airflow/example_dags/example_kubernetes_executor.py for tasks to queue
[2023-09-28T18:09:34.271+0000] {logging_mixin.py:151} INFO - [2023-09-28T18:09:34.271+0000] {dagbag.py:539} INFO - Filling up the DagBag from /home/airflow/.local/lib/python3.8/site-packages/airflow/example_dags/example_kubernetes_executor.py
[2023-09-28T18:09:34.449+0000] {processor.py:839} INFO - DAG(s) dict_keys(['example_kubernetes_executor']) retrieved from /home/airflow/.local/lib/python3.8/site-packages/airflow/example_dags/example_kubernetes_executor.py
[2023-09-28T18:09:34.475+0000] {logging_mixin.py:151} INFO - [2023-09-28T18:09:34.475+0000] {dag.py:2915} INFO - Sync 1 DAGs
[2023-09-28T18:09:34.483+0000] {logging_mixin.py:151} INFO - [2023-09-28T18:09:34.483+0000] {dag.py:3696} INFO - Setting next_dagrun for example_kubernetes_executor to None, run_after=None
[2023-09-28T18:09:34.499+0000] {processor.py:179} INFO - Processing /home/airflow/.local/lib/python3.8/site-packages/airflow/example_dags/example_kubernetes_executor.py took 0.234 seconds
[2023-09-28T18:10:05.033+0000] {processor.py:157} INFO - Started process (PID=541) to work on /home/airflow/.local/lib/python3.8/site-packages/airflow/example_dags/example_kubernetes_executor.py
[2023-09-28T18:10:05.036+0000] {processor.py:829} INFO - Processing file /home/airflow/.local/lib/python3.8/site-packages/airflow/example_dags/example_kubernetes_executor.py for tasks to queue
[2023-09-28T18:10:05.041+0000] {logging_mixin.py:151} INFO - [2023-09-28T18:10:05.040+0000] {dagbag.py:539} INFO - Filling up the DagBag from /home/airflow/.local/lib/python3.8/site-packages/airflow/example_dags/example_kubernetes_executor.py
[2023-09-28T18:10:05.193+0000] {processor.py:839} INFO - DAG(s) dict_keys(['example_kubernetes_executor']) retrieved from /home/airflow/.local/lib/python3.8/site-packages/airflow/example_dags/example_kubernetes_executor.py
[2023-09-28T18:10:05.223+0000] {logging_mixin.py:151} INFO - [2023-09-28T18:10:05.222+0000] {dag.py:2915} INFO - Sync 1 DAGs
[2023-09-28T18:10:05.232+0000] {logging_mixin.py:151} INFO - [2023-09-28T18:10:05.232+0000] {dag.py:3696} INFO - Setting next_dagrun for example_kubernetes_executor to None, run_after=None
[2023-09-28T18:10:05.250+0000] {processor.py:179} INFO - Processing /home/airflow/.local/lib/python3.8/site-packages/airflow/example_dags/example_kubernetes_executor.py took 0.219 seconds
[2023-09-28T18:10:35.919+0000] {processor.py:157} INFO - Started process (PID=595) to work on /home/airflow/.local/lib/python3.8/site-packages/airflow/example_dags/example_kubernetes_executor.py
[2023-09-28T18:10:35.921+0000] {processor.py:829} INFO - Processing file /home/airflow/.local/lib/python3.8/site-packages/airflow/example_dags/example_kubernetes_executor.py for tasks to queue
[2023-09-28T18:10:35.923+0000] {logging_mixin.py:151} INFO - [2023-09-28T18:10:35.923+0000] {dagbag.py:539} INFO - Filling up the DagBag from /home/airflow/.local/lib/python3.8/site-packages/airflow/example_dags/example_kubernetes_executor.py
[2023-09-28T18:10:36.101+0000] {processor.py:839} INFO - DAG(s) dict_keys(['example_kubernetes_executor']) retrieved from /home/airflow/.local/lib/python3.8/site-packages/airflow/example_dags/example_kubernetes_executor.py
[2023-09-28T18:10:36.132+0000] {logging_mixin.py:151} INFO - [2023-09-28T18:10:36.131+0000] {dag.py:2915} INFO - Sync 1 DAGs
[2023-09-28T18:10:36.146+0000] {logging_mixin.py:151} INFO - [2023-09-28T18:10:36.145+0000] {dag.py:3696} INFO - Setting next_dagrun for example_kubernetes_executor to None, run_after=None
[2023-09-28T18:10:36.165+0000] {processor.py:179} INFO - Processing /home/airflow/.local/lib/python3.8/site-packages/airflow/example_dags/example_kubernetes_executor.py took 0.248 seconds
[2023-09-28T18:11:07.170+0000] {processor.py:157} INFO - Started process (PID=649) to work on /home/airflow/.local/lib/python3.8/site-packages/airflow/example_dags/example_kubernetes_executor.py
[2023-09-28T18:11:07.172+0000] {processor.py:829} INFO - Processing file /home/airflow/.local/lib/python3.8/site-packages/airflow/example_dags/example_kubernetes_executor.py for tasks to queue
[2023-09-28T18:11:07.180+0000] {logging_mixin.py:151} INFO - [2023-09-28T18:11:07.180+0000] {dagbag.py:539} INFO - Filling up the DagBag from /home/airflow/.local/lib/python3.8/site-packages/airflow/example_dags/example_kubernetes_executor.py
[2023-09-28T18:11:07.358+0000] {processor.py:839} INFO - DAG(s) dict_keys(['example_kubernetes_executor']) retrieved from /home/airflow/.local/lib/python3.8/site-packages/airflow/example_dags/example_kubernetes_executor.py
[2023-09-28T18:11:07.392+0000] {logging_mixin.py:151} INFO - [2023-09-28T18:11:07.391+0000] {dag.py:2915} INFO - Sync 1 DAGs
[2023-09-28T18:11:07.402+0000] {logging_mixin.py:151} INFO - [2023-09-28T18:11:07.402+0000] {dag.py:3696} INFO - Setting next_dagrun for example_kubernetes_executor to None, run_after=None
[2023-09-28T18:11:07.424+0000] {processor.py:179} INFO - Processing /home/airflow/.local/lib/python3.8/site-packages/airflow/example_dags/example_kubernetes_executor.py took 0.258 seconds
[2023-09-28T18:13:56.859+0000] {processor.py:157} INFO - Started process (PID=56) to work on /home/airflow/.local/lib/python3.8/site-packages/airflow/example_dags/example_kubernetes_executor.py
[2023-09-28T18:13:56.864+0000] {processor.py:829} INFO - Processing file /home/airflow/.local/lib/python3.8/site-packages/airflow/example_dags/example_kubernetes_executor.py for tasks to queue
[2023-09-28T18:13:56.871+0000] {logging_mixin.py:151} INFO - [2023-09-28T18:13:56.870+0000] {dagbag.py:539} INFO - Filling up the DagBag from /home/airflow/.local/lib/python3.8/site-packages/airflow/example_dags/example_kubernetes_executor.py
[2023-09-28T18:13:57.052+0000] {processor.py:839} INFO - DAG(s) dict_keys(['example_kubernetes_executor']) retrieved from /home/airflow/.local/lib/python3.8/site-packages/airflow/example_dags/example_kubernetes_executor.py
[2023-09-28T18:13:57.166+0000] {logging_mixin.py:151} INFO - [2023-09-28T18:13:57.166+0000] {manager.py:499} INFO - Created Permission View: %s
[2023-09-28T18:13:57.174+0000] {logging_mixin.py:151} INFO - [2023-09-28T18:13:57.173+0000] {manager.py:499} INFO - Created Permission View: %s
[2023-09-28T18:13:57.181+0000] {logging_mixin.py:151} INFO - [2023-09-28T18:13:57.180+0000] {manager.py:499} INFO - Created Permission View: %s
[2023-09-28T18:13:57.182+0000] {logging_mixin.py:151} INFO - [2023-09-28T18:13:57.182+0000] {security.py:708} INFO - Not syncing DAG-level permissions for DAG 'DAG:example_kubernetes_executor' as access control is unset.
[2023-09-28T18:13:57.187+0000] {logging_mixin.py:151} INFO - [2023-09-28T18:13:57.186+0000] {dag.py:2915} INFO - Sync 1 DAGs
[2023-09-28T18:13:57.195+0000] {logging_mixin.py:151} INFO - [2023-09-28T18:13:57.194+0000] {dag.py:2937} INFO - Creating ORM DAG for example_kubernetes_executor
[2023-09-28T18:13:57.196+0000] {logging_mixin.py:151} INFO - [2023-09-28T18:13:57.196+0000] {dag.py:3696} INFO - Setting next_dagrun for example_kubernetes_executor to None, run_after=None
[2023-09-28T18:13:57.212+0000] {processor.py:179} INFO - Processing /home/airflow/.local/lib/python3.8/site-packages/airflow/example_dags/example_kubernetes_executor.py took 0.355 seconds
[2023-09-28T18:14:28.056+0000] {processor.py:157} INFO - Started process (PID=110) to work on /home/airflow/.local/lib/python3.8/site-packages/airflow/example_dags/example_kubernetes_executor.py
[2023-09-28T18:14:28.060+0000] {processor.py:829} INFO - Processing file /home/airflow/.local/lib/python3.8/site-packages/airflow/example_dags/example_kubernetes_executor.py for tasks to queue
[2023-09-28T18:14:28.065+0000] {logging_mixin.py:151} INFO - [2023-09-28T18:14:28.064+0000] {dagbag.py:539} INFO - Filling up the DagBag from /home/airflow/.local/lib/python3.8/site-packages/airflow/example_dags/example_kubernetes_executor.py
[2023-09-28T18:14:28.247+0000] {processor.py:839} INFO - DAG(s) dict_keys(['example_kubernetes_executor']) retrieved from /home/airflow/.local/lib/python3.8/site-packages/airflow/example_dags/example_kubernetes_executor.py
[2023-09-28T18:14:28.272+0000] {logging_mixin.py:151} INFO - [2023-09-28T18:14:28.272+0000] {dag.py:2915} INFO - Sync 1 DAGs
[2023-09-28T18:14:28.283+0000] {logging_mixin.py:151} INFO - [2023-09-28T18:14:28.283+0000] {dag.py:3696} INFO - Setting next_dagrun for example_kubernetes_executor to None, run_after=None
[2023-09-28T18:14:28.298+0000] {processor.py:179} INFO - Processing /home/airflow/.local/lib/python3.8/site-packages/airflow/example_dags/example_kubernetes_executor.py took 0.248 seconds
[2023-09-28T18:14:58.796+0000] {processor.py:157} INFO - Started process (PID=164) to work on /home/airflow/.local/lib/python3.8/site-packages/airflow/example_dags/example_kubernetes_executor.py
[2023-09-28T18:14:58.800+0000] {processor.py:829} INFO - Processing file /home/airflow/.local/lib/python3.8/site-packages/airflow/example_dags/example_kubernetes_executor.py for tasks to queue
[2023-09-28T18:14:58.803+0000] {logging_mixin.py:151} INFO - [2023-09-28T18:14:58.803+0000] {dagbag.py:539} INFO - Filling up the DagBag from /home/airflow/.local/lib/python3.8/site-packages/airflow/example_dags/example_kubernetes_executor.py
[2023-09-28T18:14:58.956+0000] {processor.py:839} INFO - DAG(s) dict_keys(['example_kubernetes_executor']) retrieved from /home/airflow/.local/lib/python3.8/site-packages/airflow/example_dags/example_kubernetes_executor.py
[2023-09-28T18:14:58.984+0000] {logging_mixin.py:151} INFO - [2023-09-28T18:14:58.984+0000] {dag.py:2915} INFO - Sync 1 DAGs
[2023-09-28T18:14:58.994+0000] {logging_mixin.py:151} INFO - [2023-09-28T18:14:58.994+0000] {dag.py:3696} INFO - Setting next_dagrun for example_kubernetes_executor to None, run_after=None
[2023-09-28T18:14:59.006+0000] {processor.py:179} INFO - Processing /home/airflow/.local/lib/python3.8/site-packages/airflow/example_dags/example_kubernetes_executor.py took 0.214 seconds
[2023-09-28T18:15:29.546+0000] {processor.py:157} INFO - Started process (PID=218) to work on /home/airflow/.local/lib/python3.8/site-packages/airflow/example_dags/example_kubernetes_executor.py
[2023-09-28T18:15:29.548+0000] {processor.py:829} INFO - Processing file /home/airflow/.local/lib/python3.8/site-packages/airflow/example_dags/example_kubernetes_executor.py for tasks to queue
[2023-09-28T18:15:29.552+0000] {logging_mixin.py:151} INFO - [2023-09-28T18:15:29.551+0000] {dagbag.py:539} INFO - Filling up the DagBag from /home/airflow/.local/lib/python3.8/site-packages/airflow/example_dags/example_kubernetes_executor.py
[2023-09-28T18:15:29.729+0000] {processor.py:839} INFO - DAG(s) dict_keys(['example_kubernetes_executor']) retrieved from /home/airflow/.local/lib/python3.8/site-packages/airflow/example_dags/example_kubernetes_executor.py
[2023-09-28T18:15:29.762+0000] {logging_mixin.py:151} INFO - [2023-09-28T18:15:29.761+0000] {dag.py:2915} INFO - Sync 1 DAGs
[2023-09-28T18:15:29.771+0000] {logging_mixin.py:151} INFO - [2023-09-28T18:15:29.771+0000] {dag.py:3696} INFO - Setting next_dagrun for example_kubernetes_executor to None, run_after=None
[2023-09-28T18:15:29.789+0000] {processor.py:179} INFO - Processing /home/airflow/.local/lib/python3.8/site-packages/airflow/example_dags/example_kubernetes_executor.py took 0.248 seconds
[2023-09-28T18:16:00.273+0000] {processor.py:157} INFO - Started process (PID=272) to work on /home/airflow/.local/lib/python3.8/site-packages/airflow/example_dags/example_kubernetes_executor.py
[2023-09-28T18:16:00.276+0000] {processor.py:829} INFO - Processing file /home/airflow/.local/lib/python3.8/site-packages/airflow/example_dags/example_kubernetes_executor.py for tasks to queue
[2023-09-28T18:16:00.280+0000] {logging_mixin.py:151} INFO - [2023-09-28T18:16:00.280+0000] {dagbag.py:539} INFO - Filling up the DagBag from /home/airflow/.local/lib/python3.8/site-packages/airflow/example_dags/example_kubernetes_executor.py
[2023-09-28T18:16:00.443+0000] {processor.py:839} INFO - DAG(s) dict_keys(['example_kubernetes_executor']) retrieved from /home/airflow/.local/lib/python3.8/site-packages/airflow/example_dags/example_kubernetes_executor.py
[2023-09-28T18:16:00.472+0000] {logging_mixin.py:151} INFO - [2023-09-28T18:16:00.471+0000] {dag.py:2915} INFO - Sync 1 DAGs
[2023-09-28T18:16:00.481+0000] {logging_mixin.py:151} INFO - [2023-09-28T18:16:00.481+0000] {dag.py:3696} INFO - Setting next_dagrun for example_kubernetes_executor to None, run_after=None
[2023-09-28T18:16:00.495+0000] {processor.py:179} INFO - Processing /home/airflow/.local/lib/python3.8/site-packages/airflow/example_dags/example_kubernetes_executor.py took 0.226 seconds
[2023-09-28T18:16:30.959+0000] {processor.py:157} INFO - Started process (PID=326) to work on /home/airflow/.local/lib/python3.8/site-packages/airflow/example_dags/example_kubernetes_executor.py
[2023-09-28T18:16:30.962+0000] {processor.py:829} INFO - Processing file /home/airflow/.local/lib/python3.8/site-packages/airflow/example_dags/example_kubernetes_executor.py for tasks to queue
[2023-09-28T18:16:30.966+0000] {logging_mixin.py:151} INFO - [2023-09-28T18:16:30.966+0000] {dagbag.py:539} INFO - Filling up the DagBag from /home/airflow/.local/lib/python3.8/site-packages/airflow/example_dags/example_kubernetes_executor.py
[2023-09-28T18:16:31.125+0000] {processor.py:839} INFO - DAG(s) dict_keys(['example_kubernetes_executor']) retrieved from /home/airflow/.local/lib/python3.8/site-packages/airflow/example_dags/example_kubernetes_executor.py
[2023-09-28T18:16:31.153+0000] {logging_mixin.py:151} INFO - [2023-09-28T18:16:31.153+0000] {dag.py:2915} INFO - Sync 1 DAGs
[2023-09-28T18:16:31.163+0000] {logging_mixin.py:151} INFO - [2023-09-28T18:16:31.163+0000] {dag.py:3696} INFO - Setting next_dagrun for example_kubernetes_executor to None, run_after=None
[2023-09-28T18:16:31.182+0000] {processor.py:179} INFO - Processing /home/airflow/.local/lib/python3.8/site-packages/airflow/example_dags/example_kubernetes_executor.py took 0.226 seconds
[2023-09-28T18:17:01.753+0000] {processor.py:157} INFO - Started process (PID=380) to work on /home/airflow/.local/lib/python3.8/site-packages/airflow/example_dags/example_kubernetes_executor.py
[2023-09-28T18:17:01.757+0000] {processor.py:829} INFO - Processing file /home/airflow/.local/lib/python3.8/site-packages/airflow/example_dags/example_kubernetes_executor.py for tasks to queue
[2023-09-28T18:17:01.761+0000] {logging_mixin.py:151} INFO - [2023-09-28T18:17:01.761+0000] {dagbag.py:539} INFO - Filling up the DagBag from /home/airflow/.local/lib/python3.8/site-packages/airflow/example_dags/example_kubernetes_executor.py
[2023-09-28T18:17:01.918+0000] {processor.py:839} INFO - DAG(s) dict_keys(['example_kubernetes_executor']) retrieved from /home/airflow/.local/lib/python3.8/site-packages/airflow/example_dags/example_kubernetes_executor.py
[2023-09-28T18:17:01.945+0000] {logging_mixin.py:151} INFO - [2023-09-28T18:17:01.944+0000] {dag.py:2915} INFO - Sync 1 DAGs
[2023-09-28T18:17:01.954+0000] {logging_mixin.py:151} INFO - [2023-09-28T18:17:01.953+0000] {dag.py:3696} INFO - Setting next_dagrun for example_kubernetes_executor to None, run_after=None
[2023-09-28T18:17:01.968+0000] {processor.py:179} INFO - Processing /home/airflow/.local/lib/python3.8/site-packages/airflow/example_dags/example_kubernetes_executor.py took 0.220 seconds
[2023-09-28T18:17:32.327+0000] {processor.py:157} INFO - Started process (PID=433) to work on /home/airflow/.local/lib/python3.8/site-packages/airflow/example_dags/example_kubernetes_executor.py
[2023-09-28T18:17:32.332+0000] {processor.py:829} INFO - Processing file /home/airflow/.local/lib/python3.8/site-packages/airflow/example_dags/example_kubernetes_executor.py for tasks to queue
[2023-09-28T18:17:32.335+0000] {logging_mixin.py:151} INFO - [2023-09-28T18:17:32.335+0000] {dagbag.py:539} INFO - Filling up the DagBag from /home/airflow/.local/lib/python3.8/site-packages/airflow/example_dags/example_kubernetes_executor.py
[2023-09-28T18:17:32.490+0000] {processor.py:839} INFO - DAG(s) dict_keys(['example_kubernetes_executor']) retrieved from /home/airflow/.local/lib/python3.8/site-packages/airflow/example_dags/example_kubernetes_executor.py
[2023-09-28T18:17:32.517+0000] {logging_mixin.py:151} INFO - [2023-09-28T18:17:32.517+0000] {dag.py:2915} INFO - Sync 1 DAGs
[2023-09-28T18:17:32.526+0000] {logging_mixin.py:151} INFO - [2023-09-28T18:17:32.526+0000] {dag.py:3696} INFO - Setting next_dagrun for example_kubernetes_executor to None, run_after=None
[2023-09-28T18:17:32.538+0000] {processor.py:179} INFO - Processing /home/airflow/.local/lib/python3.8/site-packages/airflow/example_dags/example_kubernetes_executor.py took 0.216 seconds
[2023-09-28T18:18:03.061+0000] {processor.py:157} INFO - Started process (PID=488) to work on /home/airflow/.local/lib/python3.8/site-packages/airflow/example_dags/example_kubernetes_executor.py
[2023-09-28T18:18:03.064+0000] {processor.py:829} INFO - Processing file /home/airflow/.local/lib/python3.8/site-packages/airflow/example_dags/example_kubernetes_executor.py for tasks to queue
[2023-09-28T18:18:03.067+0000] {logging_mixin.py:151} INFO - [2023-09-28T18:18:03.067+0000] {dagbag.py:539} INFO - Filling up the DagBag from /home/airflow/.local/lib/python3.8/site-packages/airflow/example_dags/example_kubernetes_executor.py
[2023-09-28T18:18:03.221+0000] {processor.py:839} INFO - DAG(s) dict_keys(['example_kubernetes_executor']) retrieved from /home/airflow/.local/lib/python3.8/site-packages/airflow/example_dags/example_kubernetes_executor.py
[2023-09-28T18:18:03.251+0000] {logging_mixin.py:151} INFO - [2023-09-28T18:18:03.250+0000] {dag.py:2915} INFO - Sync 1 DAGs
[2023-09-28T18:18:03.260+0000] {logging_mixin.py:151} INFO - [2023-09-28T18:18:03.260+0000] {dag.py:3696} INFO - Setting next_dagrun for example_kubernetes_executor to None, run_after=None
[2023-09-28T18:18:03.276+0000] {processor.py:179} INFO - Processing /home/airflow/.local/lib/python3.8/site-packages/airflow/example_dags/example_kubernetes_executor.py took 0.218 seconds
[2023-09-28T18:18:33.832+0000] {processor.py:157} INFO - Started process (PID=542) to work on /home/airflow/.local/lib/python3.8/site-packages/airflow/example_dags/example_kubernetes_executor.py
[2023-09-28T18:18:33.836+0000] {processor.py:829} INFO - Processing file /home/airflow/.local/lib/python3.8/site-packages/airflow/example_dags/example_kubernetes_executor.py for tasks to queue
[2023-09-28T18:18:33.840+0000] {logging_mixin.py:151} INFO - [2023-09-28T18:18:33.840+0000] {dagbag.py:539} INFO - Filling up the DagBag from /home/airflow/.local/lib/python3.8/site-packages/airflow/example_dags/example_kubernetes_executor.py
[2023-09-28T18:18:33.999+0000] {processor.py:839} INFO - DAG(s) dict_keys(['example_kubernetes_executor']) retrieved from /home/airflow/.local/lib/python3.8/site-packages/airflow/example_dags/example_kubernetes_executor.py
[2023-09-28T18:18:34.026+0000] {logging_mixin.py:151} INFO - [2023-09-28T18:18:34.026+0000] {dag.py:2915} INFO - Sync 1 DAGs
[2023-09-28T18:18:34.035+0000] {logging_mixin.py:151} INFO - [2023-09-28T18:18:34.035+0000] {dag.py:3696} INFO - Setting next_dagrun for example_kubernetes_executor to None, run_after=None
[2023-09-28T18:18:34.053+0000] {processor.py:179} INFO - Processing /home/airflow/.local/lib/python3.8/site-packages/airflow/example_dags/example_kubernetes_executor.py took 0.226 seconds
[2023-09-28T18:19:04.714+0000] {processor.py:157} INFO - Started process (PID=597) to work on /home/airflow/.local/lib/python3.8/site-packages/airflow/example_dags/example_kubernetes_executor.py
[2023-09-28T18:19:04.717+0000] {processor.py:829} INFO - Processing file /home/airflow/.local/lib/python3.8/site-packages/airflow/example_dags/example_kubernetes_executor.py for tasks to queue
[2023-09-28T18:19:04.722+0000] {logging_mixin.py:151} INFO - [2023-09-28T18:19:04.722+0000] {dagbag.py:539} INFO - Filling up the DagBag from /home/airflow/.local/lib/python3.8/site-packages/airflow/example_dags/example_kubernetes_executor.py
[2023-09-28T18:19:04.896+0000] {processor.py:839} INFO - DAG(s) dict_keys(['example_kubernetes_executor']) retrieved from /home/airflow/.local/lib/python3.8/site-packages/airflow/example_dags/example_kubernetes_executor.py
[2023-09-28T18:19:04.921+0000] {logging_mixin.py:151} INFO - [2023-09-28T18:19:04.921+0000] {dag.py:2915} INFO - Sync 1 DAGs
[2023-09-28T18:19:04.930+0000] {logging_mixin.py:151} INFO - [2023-09-28T18:19:04.929+0000] {dag.py:3696} INFO - Setting next_dagrun for example_kubernetes_executor to None, run_after=None
[2023-09-28T18:19:04.947+0000] {processor.py:179} INFO - Processing /home/airflow/.local/lib/python3.8/site-packages/airflow/example_dags/example_kubernetes_executor.py took 0.241 seconds
[2023-09-28T18:19:35.450+0000] {processor.py:157} INFO - Started process (PID=651) to work on /home/airflow/.local/lib/python3.8/site-packages/airflow/example_dags/example_kubernetes_executor.py
[2023-09-28T18:19:35.454+0000] {processor.py:829} INFO - Processing file /home/airflow/.local/lib/python3.8/site-packages/airflow/example_dags/example_kubernetes_executor.py for tasks to queue
[2023-09-28T18:19:35.462+0000] {logging_mixin.py:151} INFO - [2023-09-28T18:19:35.461+0000] {dagbag.py:539} INFO - Filling up the DagBag from /home/airflow/.local/lib/python3.8/site-packages/airflow/example_dags/example_kubernetes_executor.py
[2023-09-28T18:19:35.639+0000] {processor.py:839} INFO - DAG(s) dict_keys(['example_kubernetes_executor']) retrieved from /home/airflow/.local/lib/python3.8/site-packages/airflow/example_dags/example_kubernetes_executor.py
[2023-09-28T18:19:35.666+0000] {logging_mixin.py:151} INFO - [2023-09-28T18:19:35.666+0000] {dag.py:2915} INFO - Sync 1 DAGs
[2023-09-28T18:19:35.674+0000] {logging_mixin.py:151} INFO - [2023-09-28T18:19:35.674+0000] {dag.py:3696} INFO - Setting next_dagrun for example_kubernetes_executor to None, run_after=None
[2023-09-28T18:19:35.686+0000] {processor.py:179} INFO - Processing /home/airflow/.local/lib/python3.8/site-packages/airflow/example_dags/example_kubernetes_executor.py took 0.241 seconds
[2023-09-28T18:20:06.151+0000] {processor.py:157} INFO - Started process (PID=705) to work on /home/airflow/.local/lib/python3.8/site-packages/airflow/example_dags/example_kubernetes_executor.py
[2023-09-28T18:20:06.154+0000] {processor.py:829} INFO - Processing file /home/airflow/.local/lib/python3.8/site-packages/airflow/example_dags/example_kubernetes_executor.py for tasks to queue
[2023-09-28T18:20:06.160+0000] {logging_mixin.py:151} INFO - [2023-09-28T18:20:06.160+0000] {dagbag.py:539} INFO - Filling up the DagBag from /home/airflow/.local/lib/python3.8/site-packages/airflow/example_dags/example_kubernetes_executor.py
[2023-09-28T18:20:06.338+0000] {processor.py:839} INFO - DAG(s) dict_keys(['example_kubernetes_executor']) retrieved from /home/airflow/.local/lib/python3.8/site-packages/airflow/example_dags/example_kubernetes_executor.py
[2023-09-28T18:20:06.366+0000] {logging_mixin.py:151} INFO - [2023-09-28T18:20:06.366+0000] {dag.py:2915} INFO - Sync 1 DAGs
[2023-09-28T18:20:06.378+0000] {logging_mixin.py:151} INFO - [2023-09-28T18:20:06.378+0000] {dag.py:3696} INFO - Setting next_dagrun for example_kubernetes_executor to None, run_after=None
[2023-09-28T18:20:06.393+0000] {processor.py:179} INFO - Processing /home/airflow/.local/lib/python3.8/site-packages/airflow/example_dags/example_kubernetes_executor.py took 0.248 seconds
[2023-09-28T18:20:36.754+0000] {processor.py:157} INFO - Started process (PID=758) to work on /home/airflow/.local/lib/python3.8/site-packages/airflow/example_dags/example_kubernetes_executor.py
[2023-09-28T18:20:36.757+0000] {processor.py:829} INFO - Processing file /home/airflow/.local/lib/python3.8/site-packages/airflow/example_dags/example_kubernetes_executor.py for tasks to queue
[2023-09-28T18:20:36.760+0000] {logging_mixin.py:151} INFO - [2023-09-28T18:20:36.760+0000] {dagbag.py:539} INFO - Filling up the DagBag from /home/airflow/.local/lib/python3.8/site-packages/airflow/example_dags/example_kubernetes_executor.py
[2023-09-28T18:20:36.913+0000] {processor.py:839} INFO - DAG(s) dict_keys(['example_kubernetes_executor']) retrieved from /home/airflow/.local/lib/python3.8/site-packages/airflow/example_dags/example_kubernetes_executor.py
[2023-09-28T18:20:36.941+0000] {logging_mixin.py:151} INFO - [2023-09-28T18:20:36.941+0000] {dag.py:2915} INFO - Sync 1 DAGs
[2023-09-28T18:20:36.955+0000] {logging_mixin.py:151} INFO - [2023-09-28T18:20:36.955+0000] {dag.py:3696} INFO - Setting next_dagrun for example_kubernetes_executor to None, run_after=None
[2023-09-28T18:20:36.968+0000] {processor.py:179} INFO - Processing /home/airflow/.local/lib/python3.8/site-packages/airflow/example_dags/example_kubernetes_executor.py took 0.219 seconds
[2023-09-28T18:21:07.479+0000] {processor.py:157} INFO - Started process (PID=812) to work on /home/airflow/.local/lib/python3.8/site-packages/airflow/example_dags/example_kubernetes_executor.py
[2023-09-28T18:21:07.483+0000] {processor.py:829} INFO - Processing file /home/airflow/.local/lib/python3.8/site-packages/airflow/example_dags/example_kubernetes_executor.py for tasks to queue
[2023-09-28T18:21:07.488+0000] {logging_mixin.py:151} INFO - [2023-09-28T18:21:07.488+0000] {dagbag.py:539} INFO - Filling up the DagBag from /home/airflow/.local/lib/python3.8/site-packages/airflow/example_dags/example_kubernetes_executor.py
[2023-09-28T18:21:07.695+0000] {processor.py:839} INFO - DAG(s) dict_keys(['example_kubernetes_executor']) retrieved from /home/airflow/.local/lib/python3.8/site-packages/airflow/example_dags/example_kubernetes_executor.py
[2023-09-28T18:21:07.753+0000] {logging_mixin.py:151} INFO - [2023-09-28T18:21:07.752+0000] {dag.py:2915} INFO - Sync 1 DAGs
[2023-09-28T18:21:07.764+0000] {logging_mixin.py:151} INFO - [2023-09-28T18:21:07.764+0000] {dag.py:3696} INFO - Setting next_dagrun for example_kubernetes_executor to None, run_after=None
[2023-09-28T18:21:07.780+0000] {processor.py:179} INFO - Processing /home/airflow/.local/lib/python3.8/site-packages/airflow/example_dags/example_kubernetes_executor.py took 0.306 seconds
[2023-09-28T18:21:38.522+0000] {processor.py:157} INFO - Started process (PID=866) to work on /home/airflow/.local/lib/python3.8/site-packages/airflow/example_dags/example_kubernetes_executor.py
[2023-09-28T18:21:38.526+0000] {processor.py:829} INFO - Processing file /home/airflow/.local/lib/python3.8/site-packages/airflow/example_dags/example_kubernetes_executor.py for tasks to queue
[2023-09-28T18:21:38.530+0000] {logging_mixin.py:151} INFO - [2023-09-28T18:21:38.530+0000] {dagbag.py:539} INFO - Filling up the DagBag from /home/airflow/.local/lib/python3.8/site-packages/airflow/example_dags/example_kubernetes_executor.py
[2023-09-28T18:21:38.687+0000] {processor.py:839} INFO - DAG(s) dict_keys(['example_kubernetes_executor']) retrieved from /home/airflow/.local/lib/python3.8/site-packages/airflow/example_dags/example_kubernetes_executor.py
[2023-09-28T18:21:38.719+0000] {logging_mixin.py:151} INFO - [2023-09-28T18:21:38.718+0000] {dag.py:2915} INFO - Sync 1 DAGs
[2023-09-28T18:21:38.728+0000] {logging_mixin.py:151} INFO - [2023-09-28T18:21:38.727+0000] {dag.py:3696} INFO - Setting next_dagrun for example_kubernetes_executor to None, run_after=None
[2023-09-28T18:21:38.744+0000] {processor.py:179} INFO - Processing /home/airflow/.local/lib/python3.8/site-packages/airflow/example_dags/example_kubernetes_executor.py took 0.227 seconds
[2023-09-28T18:22:09.207+0000] {processor.py:157} INFO - Started process (PID=920) to work on /home/airflow/.local/lib/python3.8/site-packages/airflow/example_dags/example_kubernetes_executor.py
[2023-09-28T18:22:09.211+0000] {processor.py:829} INFO - Processing file /home/airflow/.local/lib/python3.8/site-packages/airflow/example_dags/example_kubernetes_executor.py for tasks to queue
[2023-09-28T18:22:09.214+0000] {logging_mixin.py:151} INFO - [2023-09-28T18:22:09.214+0000] {dagbag.py:539} INFO - Filling up the DagBag from /home/airflow/.local/lib/python3.8/site-packages/airflow/example_dags/example_kubernetes_executor.py
[2023-09-28T18:22:09.374+0000] {processor.py:839} INFO - DAG(s) dict_keys(['example_kubernetes_executor']) retrieved from /home/airflow/.local/lib/python3.8/site-packages/airflow/example_dags/example_kubernetes_executor.py
[2023-09-28T18:22:09.402+0000] {logging_mixin.py:151} INFO - [2023-09-28T18:22:09.401+0000] {dag.py:2915} INFO - Sync 1 DAGs
[2023-09-28T18:22:09.410+0000] {logging_mixin.py:151} INFO - [2023-09-28T18:22:09.410+0000] {dag.py:3696} INFO - Setting next_dagrun for example_kubernetes_executor to None, run_after=None
[2023-09-28T18:22:09.424+0000] {processor.py:179} INFO - Processing /home/airflow/.local/lib/python3.8/site-packages/airflow/example_dags/example_kubernetes_executor.py took 0.220 seconds
[2023-09-28T18:22:40.034+0000] {processor.py:157} INFO - Started process (PID=973) to work on /home/airflow/.local/lib/python3.8/site-packages/airflow/example_dags/example_kubernetes_executor.py
[2023-09-28T18:22:40.038+0000] {processor.py:829} INFO - Processing file /home/airflow/.local/lib/python3.8/site-packages/airflow/example_dags/example_kubernetes_executor.py for tasks to queue
[2023-09-28T18:22:40.041+0000] {logging_mixin.py:151} INFO - [2023-09-28T18:22:40.041+0000] {dagbag.py:539} INFO - Filling up the DagBag from /home/airflow/.local/lib/python3.8/site-packages/airflow/example_dags/example_kubernetes_executor.py
[2023-09-28T18:22:40.201+0000] {processor.py:839} INFO - DAG(s) dict_keys(['example_kubernetes_executor']) retrieved from /home/airflow/.local/lib/python3.8/site-packages/airflow/example_dags/example_kubernetes_executor.py
[2023-09-28T18:22:40.233+0000] {logging_mixin.py:151} INFO - [2023-09-28T18:22:40.232+0000] {dag.py:2915} INFO - Sync 1 DAGs
[2023-09-28T18:22:40.244+0000] {logging_mixin.py:151} INFO - [2023-09-28T18:22:40.244+0000] {dag.py:3696} INFO - Setting next_dagrun for example_kubernetes_executor to None, run_after=None
[2023-09-28T18:22:40.256+0000] {processor.py:179} INFO - Processing /home/airflow/.local/lib/python3.8/site-packages/airflow/example_dags/example_kubernetes_executor.py took 0.227 seconds
[2023-09-28T18:23:11.012+0000] {processor.py:157} INFO - Started process (PID=1026) to work on /home/airflow/.local/lib/python3.8/site-packages/airflow/example_dags/example_kubernetes_executor.py
[2023-09-28T18:23:11.017+0000] {processor.py:829} INFO - Processing file /home/airflow/.local/lib/python3.8/site-packages/airflow/example_dags/example_kubernetes_executor.py for tasks to queue
[2023-09-28T18:23:11.020+0000] {logging_mixin.py:151} INFO - [2023-09-28T18:23:11.020+0000] {dagbag.py:539} INFO - Filling up the DagBag from /home/airflow/.local/lib/python3.8/site-packages/airflow/example_dags/example_kubernetes_executor.py
[2023-09-28T18:23:11.179+0000] {processor.py:839} INFO - DAG(s) dict_keys(['example_kubernetes_executor']) retrieved from /home/airflow/.local/lib/python3.8/site-packages/airflow/example_dags/example_kubernetes_executor.py
[2023-09-28T18:23:11.207+0000] {logging_mixin.py:151} INFO - [2023-09-28T18:23:11.207+0000] {dag.py:2915} INFO - Sync 1 DAGs
[2023-09-28T18:23:11.219+0000] {logging_mixin.py:151} INFO - [2023-09-28T18:23:11.219+0000] {dag.py:3696} INFO - Setting next_dagrun for example_kubernetes_executor to None, run_after=None
[2023-09-28T18:23:11.234+0000] {processor.py:179} INFO - Processing /home/airflow/.local/lib/python3.8/site-packages/airflow/example_dags/example_kubernetes_executor.py took 0.227 seconds
[2023-09-28T18:23:42.014+0000] {processor.py:157} INFO - Started process (PID=1080) to work on /home/airflow/.local/lib/python3.8/site-packages/airflow/example_dags/example_kubernetes_executor.py
[2023-09-28T18:23:42.017+0000] {processor.py:829} INFO - Processing file /home/airflow/.local/lib/python3.8/site-packages/airflow/example_dags/example_kubernetes_executor.py for tasks to queue
[2023-09-28T18:23:42.021+0000] {logging_mixin.py:151} INFO - [2023-09-28T18:23:42.021+0000] {dagbag.py:539} INFO - Filling up the DagBag from /home/airflow/.local/lib/python3.8/site-packages/airflow/example_dags/example_kubernetes_executor.py
[2023-09-28T18:23:42.197+0000] {processor.py:839} INFO - DAG(s) dict_keys(['example_kubernetes_executor']) retrieved from /home/airflow/.local/lib/python3.8/site-packages/airflow/example_dags/example_kubernetes_executor.py
[2023-09-28T18:23:42.223+0000] {logging_mixin.py:151} INFO - [2023-09-28T18:23:42.223+0000] {dag.py:2915} INFO - Sync 1 DAGs
[2023-09-28T18:23:42.234+0000] {logging_mixin.py:151} INFO - [2023-09-28T18:23:42.234+0000] {dag.py:3696} INFO - Setting next_dagrun for example_kubernetes_executor to None, run_after=None
[2023-09-28T18:23:42.248+0000] {processor.py:179} INFO - Processing /home/airflow/.local/lib/python3.8/site-packages/airflow/example_dags/example_kubernetes_executor.py took 0.237 seconds
[2023-09-28T18:34:44.106+0000] {processor.py:157} INFO - Started process (PID=57) to work on /home/airflow/.local/lib/python3.8/site-packages/airflow/example_dags/example_kubernetes_executor.py
[2023-09-28T18:34:44.109+0000] {processor.py:829} INFO - Processing file /home/airflow/.local/lib/python3.8/site-packages/airflow/example_dags/example_kubernetes_executor.py for tasks to queue
[2023-09-28T18:34:44.116+0000] {logging_mixin.py:151} INFO - [2023-09-28T18:34:44.116+0000] {dagbag.py:539} INFO - Filling up the DagBag from /home/airflow/.local/lib/python3.8/site-packages/airflow/example_dags/example_kubernetes_executor.py
[2023-09-28T18:34:44.331+0000] {processor.py:839} INFO - DAG(s) dict_keys(['example_kubernetes_executor']) retrieved from /home/airflow/.local/lib/python3.8/site-packages/airflow/example_dags/example_kubernetes_executor.py
[2023-09-28T18:34:44.347+0000] {logging_mixin.py:151} INFO - [2023-09-28T18:34:44.346+0000] {dag.py:2915} INFO - Sync 1 DAGs
[2023-09-28T18:34:44.361+0000] {logging_mixin.py:151} INFO - [2023-09-28T18:34:44.360+0000] {dag.py:3696} INFO - Setting next_dagrun for example_kubernetes_executor to None, run_after=None
[2023-09-28T18:34:44.376+0000] {processor.py:179} INFO - Processing /home/airflow/.local/lib/python3.8/site-packages/airflow/example_dags/example_kubernetes_executor.py took 0.274 seconds
[2023-09-28T18:35:15.078+0000] {processor.py:157} INFO - Started process (PID=111) to work on /home/airflow/.local/lib/python3.8/site-packages/airflow/example_dags/example_kubernetes_executor.py
[2023-09-28T18:35:15.081+0000] {processor.py:829} INFO - Processing file /home/airflow/.local/lib/python3.8/site-packages/airflow/example_dags/example_kubernetes_executor.py for tasks to queue
[2023-09-28T18:35:15.085+0000] {logging_mixin.py:151} INFO - [2023-09-28T18:35:15.085+0000] {dagbag.py:539} INFO - Filling up the DagBag from /home/airflow/.local/lib/python3.8/site-packages/airflow/example_dags/example_kubernetes_executor.py
[2023-09-28T18:35:15.240+0000] {processor.py:839} INFO - DAG(s) dict_keys(['example_kubernetes_executor']) retrieved from /home/airflow/.local/lib/python3.8/site-packages/airflow/example_dags/example_kubernetes_executor.py
[2023-09-28T18:35:15.267+0000] {logging_mixin.py:151} INFO - [2023-09-28T18:35:15.267+0000] {dag.py:2915} INFO - Sync 1 DAGs
[2023-09-28T18:35:15.276+0000] {logging_mixin.py:151} INFO - [2023-09-28T18:35:15.276+0000] {dag.py:3696} INFO - Setting next_dagrun for example_kubernetes_executor to None, run_after=None
[2023-09-28T18:35:15.289+0000] {processor.py:179} INFO - Processing /home/airflow/.local/lib/python3.8/site-packages/airflow/example_dags/example_kubernetes_executor.py took 0.216 seconds
[2023-09-28T18:35:45.552+0000] {processor.py:157} INFO - Started process (PID=167) to work on /home/airflow/.local/lib/python3.8/site-packages/airflow/example_dags/example_kubernetes_executor.py
[2023-09-28T18:35:45.555+0000] {processor.py:829} INFO - Processing file /home/airflow/.local/lib/python3.8/site-packages/airflow/example_dags/example_kubernetes_executor.py for tasks to queue
[2023-09-28T18:35:45.557+0000] {logging_mixin.py:151} INFO - [2023-09-28T18:35:45.556+0000] {dagbag.py:539} INFO - Filling up the DagBag from /home/airflow/.local/lib/python3.8/site-packages/airflow/example_dags/example_kubernetes_executor.py
[2023-09-28T18:35:45.685+0000] {processor.py:839} INFO - DAG(s) dict_keys(['example_kubernetes_executor']) retrieved from /home/airflow/.local/lib/python3.8/site-packages/airflow/example_dags/example_kubernetes_executor.py
[2023-09-28T18:35:45.710+0000] {logging_mixin.py:151} INFO - [2023-09-28T18:35:45.710+0000] {dag.py:2915} INFO - Sync 1 DAGs
[2023-09-28T18:35:45.718+0000] {logging_mixin.py:151} INFO - [2023-09-28T18:35:45.718+0000] {dag.py:3696} INFO - Setting next_dagrun for example_kubernetes_executor to None, run_after=None
[2023-09-28T18:35:45.730+0000] {processor.py:179} INFO - Processing /home/airflow/.local/lib/python3.8/site-packages/airflow/example_dags/example_kubernetes_executor.py took 0.180 seconds
[2023-09-28T18:36:16.475+0000] {processor.py:157} INFO - Started process (PID=219) to work on /home/airflow/.local/lib/python3.8/site-packages/airflow/example_dags/example_kubernetes_executor.py
[2023-09-28T18:36:16.478+0000] {processor.py:829} INFO - Processing file /home/airflow/.local/lib/python3.8/site-packages/airflow/example_dags/example_kubernetes_executor.py for tasks to queue
[2023-09-28T18:36:16.480+0000] {logging_mixin.py:151} INFO - [2023-09-28T18:36:16.480+0000] {dagbag.py:539} INFO - Filling up the DagBag from /home/airflow/.local/lib/python3.8/site-packages/airflow/example_dags/example_kubernetes_executor.py
[2023-09-28T18:36:16.635+0000] {processor.py:839} INFO - DAG(s) dict_keys(['example_kubernetes_executor']) retrieved from /home/airflow/.local/lib/python3.8/site-packages/airflow/example_dags/example_kubernetes_executor.py
[2023-09-28T18:36:16.662+0000] {logging_mixin.py:151} INFO - [2023-09-28T18:36:16.662+0000] {dag.py:2915} INFO - Sync 1 DAGs
[2023-09-28T18:36:16.673+0000] {logging_mixin.py:151} INFO - [2023-09-28T18:36:16.673+0000] {dag.py:3696} INFO - Setting next_dagrun for example_kubernetes_executor to None, run_after=None
[2023-09-28T18:36:16.688+0000] {processor.py:179} INFO - Processing /home/airflow/.local/lib/python3.8/site-packages/airflow/example_dags/example_kubernetes_executor.py took 0.215 seconds
