[2023-09-28T18:05:29.805+0000] {processor.py:157} INFO - Started process (PID=68) to work on /home/airflow/.local/lib/python3.8/site-packages/airflow/example_dags/example_sla_dag.py
[2023-09-28T18:05:29.807+0000] {processor.py:829} INFO - Processing file /home/airflow/.local/lib/python3.8/site-packages/airflow/example_dags/example_sla_dag.py for tasks to queue
[2023-09-28T18:05:29.810+0000] {logging_mixin.py:151} INFO - [2023-09-28T18:05:29.810+0000] {dagbag.py:539} INFO - Filling up the DagBag from /home/airflow/.local/lib/python3.8/site-packages/airflow/example_dags/example_sla_dag.py
[2023-09-28T18:05:29.821+0000] {processor.py:839} INFO - DAG(s) dict_keys(['example_sla_dag']) retrieved from /home/airflow/.local/lib/python3.8/site-packages/airflow/example_dags/example_sla_dag.py
[2023-09-28T18:05:29.837+0000] {logging_mixin.py:151} INFO - [2023-09-28T18:05:29.837+0000] {dag.py:2915} INFO - Sync 1 DAGs
[2023-09-28T18:05:29.860+0000] {logging_mixin.py:151} INFO - [2023-09-28T18:05:29.860+0000] {dag.py:3696} INFO - Setting next_dagrun for example_sla_dag to 2023-09-28T18:02:00+00:00, run_after=2023-09-28T18:04:00+00:00
[2023-09-28T18:05:29.878+0000] {processor.py:179} INFO - Processing /home/airflow/.local/lib/python3.8/site-packages/airflow/example_dags/example_sla_dag.py took 0.076 seconds
[2023-09-28T18:06:00.417+0000] {processor.py:157} INFO - Started process (PID=121) to work on /home/airflow/.local/lib/python3.8/site-packages/airflow/example_dags/example_sla_dag.py
[2023-09-28T18:06:00.419+0000] {processor.py:829} INFO - Processing file /home/airflow/.local/lib/python3.8/site-packages/airflow/example_dags/example_sla_dag.py for tasks to queue
[2023-09-28T18:06:00.421+0000] {logging_mixin.py:151} INFO - [2023-09-28T18:06:00.421+0000] {dagbag.py:539} INFO - Filling up the DagBag from /home/airflow/.local/lib/python3.8/site-packages/airflow/example_dags/example_sla_dag.py
[2023-09-28T18:06:00.428+0000] {processor.py:839} INFO - DAG(s) dict_keys(['example_sla_dag']) retrieved from /home/airflow/.local/lib/python3.8/site-packages/airflow/example_dags/example_sla_dag.py
[2023-09-28T18:06:00.443+0000] {logging_mixin.py:151} INFO - [2023-09-28T18:06:00.443+0000] {dag.py:2915} INFO - Sync 1 DAGs
[2023-09-28T18:06:00.457+0000] {logging_mixin.py:151} INFO - [2023-09-28T18:06:00.457+0000] {dag.py:3696} INFO - Setting next_dagrun for example_sla_dag to 2023-09-28T18:04:00+00:00, run_after=2023-09-28T18:06:00+00:00
[2023-09-28T18:06:00.468+0000] {processor.py:179} INFO - Processing /home/airflow/.local/lib/python3.8/site-packages/airflow/example_dags/example_sla_dag.py took 0.053 seconds
[2023-09-28T18:06:31.366+0000] {processor.py:157} INFO - Started process (PID=175) to work on /home/airflow/.local/lib/python3.8/site-packages/airflow/example_dags/example_sla_dag.py
[2023-09-28T18:06:31.368+0000] {processor.py:829} INFO - Processing file /home/airflow/.local/lib/python3.8/site-packages/airflow/example_dags/example_sla_dag.py for tasks to queue
[2023-09-28T18:06:31.371+0000] {logging_mixin.py:151} INFO - [2023-09-28T18:06:31.370+0000] {dagbag.py:539} INFO - Filling up the DagBag from /home/airflow/.local/lib/python3.8/site-packages/airflow/example_dags/example_sla_dag.py
[2023-09-28T18:06:31.379+0000] {processor.py:839} INFO - DAG(s) dict_keys(['example_sla_dag']) retrieved from /home/airflow/.local/lib/python3.8/site-packages/airflow/example_dags/example_sla_dag.py
[2023-09-28T18:06:31.395+0000] {logging_mixin.py:151} INFO - [2023-09-28T18:06:31.395+0000] {dag.py:2915} INFO - Sync 1 DAGs
[2023-09-28T18:06:31.413+0000] {logging_mixin.py:151} INFO - [2023-09-28T18:06:31.413+0000] {dag.py:3696} INFO - Setting next_dagrun for example_sla_dag to 2023-09-28T18:04:00+00:00, run_after=2023-09-28T18:06:00+00:00
[2023-09-28T18:06:31.427+0000] {processor.py:179} INFO - Processing /home/airflow/.local/lib/python3.8/site-packages/airflow/example_dags/example_sla_dag.py took 0.064 seconds
[2023-09-28T18:07:01.478+0000] {processor.py:157} INFO - Started process (PID=229) to work on /home/airflow/.local/lib/python3.8/site-packages/airflow/example_dags/example_sla_dag.py
[2023-09-28T18:07:01.481+0000] {processor.py:829} INFO - Processing file /home/airflow/.local/lib/python3.8/site-packages/airflow/example_dags/example_sla_dag.py for tasks to queue
[2023-09-28T18:07:01.484+0000] {logging_mixin.py:151} INFO - [2023-09-28T18:07:01.484+0000] {dagbag.py:539} INFO - Filling up the DagBag from /home/airflow/.local/lib/python3.8/site-packages/airflow/example_dags/example_sla_dag.py
[2023-09-28T18:07:01.494+0000] {processor.py:839} INFO - DAG(s) dict_keys(['example_sla_dag']) retrieved from /home/airflow/.local/lib/python3.8/site-packages/airflow/example_dags/example_sla_dag.py
[2023-09-28T18:07:01.511+0000] {logging_mixin.py:151} INFO - [2023-09-28T18:07:01.511+0000] {dag.py:2915} INFO - Sync 1 DAGs
[2023-09-28T18:07:01.528+0000] {logging_mixin.py:151} INFO - [2023-09-28T18:07:01.528+0000] {dag.py:3696} INFO - Setting next_dagrun for example_sla_dag to 2023-09-28T18:04:00+00:00, run_after=2023-09-28T18:06:00+00:00
[2023-09-28T18:07:01.541+0000] {processor.py:179} INFO - Processing /home/airflow/.local/lib/python3.8/site-packages/airflow/example_dags/example_sla_dag.py took 0.066 seconds
[2023-09-28T18:07:32.246+0000] {processor.py:157} INFO - Started process (PID=283) to work on /home/airflow/.local/lib/python3.8/site-packages/airflow/example_dags/example_sla_dag.py
[2023-09-28T18:07:32.248+0000] {processor.py:829} INFO - Processing file /home/airflow/.local/lib/python3.8/site-packages/airflow/example_dags/example_sla_dag.py for tasks to queue
[2023-09-28T18:07:32.250+0000] {logging_mixin.py:151} INFO - [2023-09-28T18:07:32.250+0000] {dagbag.py:539} INFO - Filling up the DagBag from /home/airflow/.local/lib/python3.8/site-packages/airflow/example_dags/example_sla_dag.py
[2023-09-28T18:07:32.256+0000] {processor.py:839} INFO - DAG(s) dict_keys(['example_sla_dag']) retrieved from /home/airflow/.local/lib/python3.8/site-packages/airflow/example_dags/example_sla_dag.py
[2023-09-28T18:07:32.271+0000] {logging_mixin.py:151} INFO - [2023-09-28T18:07:32.271+0000] {dag.py:2915} INFO - Sync 1 DAGs
[2023-09-28T18:07:32.292+0000] {logging_mixin.py:151} INFO - [2023-09-28T18:07:32.292+0000] {dag.py:3696} INFO - Setting next_dagrun for example_sla_dag to 2023-09-28T18:04:00+00:00, run_after=2023-09-28T18:06:00+00:00
[2023-09-28T18:07:32.313+0000] {processor.py:179} INFO - Processing /home/airflow/.local/lib/python3.8/site-packages/airflow/example_dags/example_sla_dag.py took 0.069 seconds
[2023-09-28T18:08:03.140+0000] {processor.py:157} INFO - Started process (PID=337) to work on /home/airflow/.local/lib/python3.8/site-packages/airflow/example_dags/example_sla_dag.py
[2023-09-28T18:08:03.141+0000] {processor.py:829} INFO - Processing file /home/airflow/.local/lib/python3.8/site-packages/airflow/example_dags/example_sla_dag.py for tasks to queue
[2023-09-28T18:08:03.144+0000] {logging_mixin.py:151} INFO - [2023-09-28T18:08:03.144+0000] {dagbag.py:539} INFO - Filling up the DagBag from /home/airflow/.local/lib/python3.8/site-packages/airflow/example_dags/example_sla_dag.py
[2023-09-28T18:08:03.150+0000] {processor.py:839} INFO - DAG(s) dict_keys(['example_sla_dag']) retrieved from /home/airflow/.local/lib/python3.8/site-packages/airflow/example_dags/example_sla_dag.py
[2023-09-28T18:08:03.166+0000] {logging_mixin.py:151} INFO - [2023-09-28T18:08:03.166+0000] {dag.py:2915} INFO - Sync 1 DAGs
[2023-09-28T18:08:03.180+0000] {logging_mixin.py:151} INFO - [2023-09-28T18:08:03.180+0000] {dag.py:3696} INFO - Setting next_dagrun for example_sla_dag to 2023-09-28T18:06:00+00:00, run_after=2023-09-28T18:08:00+00:00
[2023-09-28T18:08:03.194+0000] {processor.py:179} INFO - Processing /home/airflow/.local/lib/python3.8/site-packages/airflow/example_dags/example_sla_dag.py took 0.056 seconds
[2023-09-28T18:08:33.282+0000] {processor.py:157} INFO - Started process (PID=391) to work on /home/airflow/.local/lib/python3.8/site-packages/airflow/example_dags/example_sla_dag.py
[2023-09-28T18:08:33.284+0000] {processor.py:829} INFO - Processing file /home/airflow/.local/lib/python3.8/site-packages/airflow/example_dags/example_sla_dag.py for tasks to queue
[2023-09-28T18:08:33.286+0000] {logging_mixin.py:151} INFO - [2023-09-28T18:08:33.286+0000] {dagbag.py:539} INFO - Filling up the DagBag from /home/airflow/.local/lib/python3.8/site-packages/airflow/example_dags/example_sla_dag.py
[2023-09-28T18:08:33.292+0000] {processor.py:839} INFO - DAG(s) dict_keys(['example_sla_dag']) retrieved from /home/airflow/.local/lib/python3.8/site-packages/airflow/example_dags/example_sla_dag.py
[2023-09-28T18:08:33.308+0000] {logging_mixin.py:151} INFO - [2023-09-28T18:08:33.308+0000] {dag.py:2915} INFO - Sync 1 DAGs
[2023-09-28T18:08:33.325+0000] {logging_mixin.py:151} INFO - [2023-09-28T18:08:33.325+0000] {dag.py:3696} INFO - Setting next_dagrun for example_sla_dag to 2023-09-28T18:06:00+00:00, run_after=2023-09-28T18:08:00+00:00
[2023-09-28T18:08:33.342+0000] {processor.py:179} INFO - Processing /home/airflow/.local/lib/python3.8/site-packages/airflow/example_dags/example_sla_dag.py took 0.062 seconds
[2023-09-28T18:09:04.102+0000] {processor.py:157} INFO - Started process (PID=445) to work on /home/airflow/.local/lib/python3.8/site-packages/airflow/example_dags/example_sla_dag.py
[2023-09-28T18:09:04.104+0000] {processor.py:829} INFO - Processing file /home/airflow/.local/lib/python3.8/site-packages/airflow/example_dags/example_sla_dag.py for tasks to queue
[2023-09-28T18:09:04.106+0000] {logging_mixin.py:151} INFO - [2023-09-28T18:09:04.106+0000] {dagbag.py:539} INFO - Filling up the DagBag from /home/airflow/.local/lib/python3.8/site-packages/airflow/example_dags/example_sla_dag.py
[2023-09-28T18:09:04.113+0000] {processor.py:839} INFO - DAG(s) dict_keys(['example_sla_dag']) retrieved from /home/airflow/.local/lib/python3.8/site-packages/airflow/example_dags/example_sla_dag.py
[2023-09-28T18:09:04.129+0000] {logging_mixin.py:151} INFO - [2023-09-28T18:09:04.129+0000] {dag.py:2915} INFO - Sync 1 DAGs
[2023-09-28T18:09:04.146+0000] {logging_mixin.py:151} INFO - [2023-09-28T18:09:04.146+0000] {dag.py:3696} INFO - Setting next_dagrun for example_sla_dag to 2023-09-28T18:06:00+00:00, run_after=2023-09-28T18:08:00+00:00
[2023-09-28T18:09:04.158+0000] {processor.py:179} INFO - Processing /home/airflow/.local/lib/python3.8/site-packages/airflow/example_dags/example_sla_dag.py took 0.059 seconds
[2023-09-28T18:09:34.865+0000] {processor.py:157} INFO - Started process (PID=498) to work on /home/airflow/.local/lib/python3.8/site-packages/airflow/example_dags/example_sla_dag.py
[2023-09-28T18:09:34.867+0000] {processor.py:829} INFO - Processing file /home/airflow/.local/lib/python3.8/site-packages/airflow/example_dags/example_sla_dag.py for tasks to queue
[2023-09-28T18:09:34.870+0000] {logging_mixin.py:151} INFO - [2023-09-28T18:09:34.870+0000] {dagbag.py:539} INFO - Filling up the DagBag from /home/airflow/.local/lib/python3.8/site-packages/airflow/example_dags/example_sla_dag.py
[2023-09-28T18:09:34.877+0000] {processor.py:839} INFO - DAG(s) dict_keys(['example_sla_dag']) retrieved from /home/airflow/.local/lib/python3.8/site-packages/airflow/example_dags/example_sla_dag.py
[2023-09-28T18:09:34.892+0000] {logging_mixin.py:151} INFO - [2023-09-28T18:09:34.892+0000] {dag.py:2915} INFO - Sync 1 DAGs
[2023-09-28T18:09:34.909+0000] {logging_mixin.py:151} INFO - [2023-09-28T18:09:34.909+0000] {dag.py:3696} INFO - Setting next_dagrun for example_sla_dag to 2023-09-28T18:06:00+00:00, run_after=2023-09-28T18:08:00+00:00
[2023-09-28T18:09:34.927+0000] {processor.py:179} INFO - Processing /home/airflow/.local/lib/python3.8/site-packages/airflow/example_dags/example_sla_dag.py took 0.064 seconds
[2023-09-28T18:10:05.621+0000] {processor.py:157} INFO - Started process (PID=552) to work on /home/airflow/.local/lib/python3.8/site-packages/airflow/example_dags/example_sla_dag.py
[2023-09-28T18:10:05.623+0000] {processor.py:829} INFO - Processing file /home/airflow/.local/lib/python3.8/site-packages/airflow/example_dags/example_sla_dag.py for tasks to queue
[2023-09-28T18:10:05.625+0000] {logging_mixin.py:151} INFO - [2023-09-28T18:10:05.625+0000] {dagbag.py:539} INFO - Filling up the DagBag from /home/airflow/.local/lib/python3.8/site-packages/airflow/example_dags/example_sla_dag.py
[2023-09-28T18:10:05.633+0000] {processor.py:839} INFO - DAG(s) dict_keys(['example_sla_dag']) retrieved from /home/airflow/.local/lib/python3.8/site-packages/airflow/example_dags/example_sla_dag.py
[2023-09-28T18:10:05.655+0000] {logging_mixin.py:151} INFO - [2023-09-28T18:10:05.655+0000] {dag.py:2915} INFO - Sync 1 DAGs
[2023-09-28T18:10:05.683+0000] {logging_mixin.py:151} INFO - [2023-09-28T18:10:05.683+0000] {dag.py:3696} INFO - Setting next_dagrun for example_sla_dag to 2023-09-28T18:08:00+00:00, run_after=2023-09-28T18:10:00+00:00
[2023-09-28T18:10:05.712+0000] {processor.py:179} INFO - Processing /home/airflow/.local/lib/python3.8/site-packages/airflow/example_dags/example_sla_dag.py took 0.094 seconds
[2023-09-28T18:10:36.506+0000] {processor.py:157} INFO - Started process (PID=606) to work on /home/airflow/.local/lib/python3.8/site-packages/airflow/example_dags/example_sla_dag.py
[2023-09-28T18:10:36.509+0000] {processor.py:829} INFO - Processing file /home/airflow/.local/lib/python3.8/site-packages/airflow/example_dags/example_sla_dag.py for tasks to queue
[2023-09-28T18:10:36.512+0000] {logging_mixin.py:151} INFO - [2023-09-28T18:10:36.511+0000] {dagbag.py:539} INFO - Filling up the DagBag from /home/airflow/.local/lib/python3.8/site-packages/airflow/example_dags/example_sla_dag.py
[2023-09-28T18:10:36.518+0000] {processor.py:839} INFO - DAG(s) dict_keys(['example_sla_dag']) retrieved from /home/airflow/.local/lib/python3.8/site-packages/airflow/example_dags/example_sla_dag.py
[2023-09-28T18:10:36.535+0000] {logging_mixin.py:151} INFO - [2023-09-28T18:10:36.535+0000] {dag.py:2915} INFO - Sync 1 DAGs
[2023-09-28T18:10:36.552+0000] {logging_mixin.py:151} INFO - [2023-09-28T18:10:36.552+0000] {dag.py:3696} INFO - Setting next_dagrun for example_sla_dag to 2023-09-28T18:08:00+00:00, run_after=2023-09-28T18:10:00+00:00
[2023-09-28T18:10:36.567+0000] {processor.py:179} INFO - Processing /home/airflow/.local/lib/python3.8/site-packages/airflow/example_dags/example_sla_dag.py took 0.063 seconds
[2023-09-28T18:11:07.944+0000] {processor.py:157} INFO - Started process (PID=660) to work on /home/airflow/.local/lib/python3.8/site-packages/airflow/example_dags/example_sla_dag.py
[2023-09-28T18:11:07.947+0000] {processor.py:829} INFO - Processing file /home/airflow/.local/lib/python3.8/site-packages/airflow/example_dags/example_sla_dag.py for tasks to queue
[2023-09-28T18:11:07.951+0000] {logging_mixin.py:151} INFO - [2023-09-28T18:11:07.950+0000] {dagbag.py:539} INFO - Filling up the DagBag from /home/airflow/.local/lib/python3.8/site-packages/airflow/example_dags/example_sla_dag.py
[2023-09-28T18:11:07.959+0000] {processor.py:839} INFO - DAG(s) dict_keys(['example_sla_dag']) retrieved from /home/airflow/.local/lib/python3.8/site-packages/airflow/example_dags/example_sla_dag.py
[2023-09-28T18:11:07.982+0000] {logging_mixin.py:151} INFO - [2023-09-28T18:11:07.981+0000] {dag.py:2915} INFO - Sync 1 DAGs
[2023-09-28T18:11:08.008+0000] {logging_mixin.py:151} INFO - [2023-09-28T18:11:08.007+0000] {dag.py:3696} INFO - Setting next_dagrun for example_sla_dag to 2023-09-28T18:08:00+00:00, run_after=2023-09-28T18:10:00+00:00
[2023-09-28T18:11:08.031+0000] {processor.py:179} INFO - Processing /home/airflow/.local/lib/python3.8/site-packages/airflow/example_dags/example_sla_dag.py took 0.090 seconds
[2023-09-28T18:13:57.901+0000] {processor.py:157} INFO - Started process (PID=67) to work on /home/airflow/.local/lib/python3.8/site-packages/airflow/example_dags/example_sla_dag.py
[2023-09-28T18:13:57.903+0000] {processor.py:829} INFO - Processing file /home/airflow/.local/lib/python3.8/site-packages/airflow/example_dags/example_sla_dag.py for tasks to queue
[2023-09-28T18:13:57.905+0000] {logging_mixin.py:151} INFO - [2023-09-28T18:13:57.905+0000] {dagbag.py:539} INFO - Filling up the DagBag from /home/airflow/.local/lib/python3.8/site-packages/airflow/example_dags/example_sla_dag.py
[2023-09-28T18:13:57.912+0000] {processor.py:839} INFO - DAG(s) dict_keys(['example_sla_dag']) retrieved from /home/airflow/.local/lib/python3.8/site-packages/airflow/example_dags/example_sla_dag.py
[2023-09-28T18:13:57.981+0000] {logging_mixin.py:151} INFO - [2023-09-28T18:13:57.981+0000] {manager.py:499} INFO - Created Permission View: %s
[2023-09-28T18:13:57.989+0000] {logging_mixin.py:151} INFO - [2023-09-28T18:13:57.989+0000] {manager.py:499} INFO - Created Permission View: %s
[2023-09-28T18:13:57.995+0000] {logging_mixin.py:151} INFO - [2023-09-28T18:13:57.995+0000] {manager.py:499} INFO - Created Permission View: %s
[2023-09-28T18:13:57.995+0000] {logging_mixin.py:151} INFO - [2023-09-28T18:13:57.995+0000] {security.py:708} INFO - Not syncing DAG-level permissions for DAG 'DAG:example_sla_dag' as access control is unset.
[2023-09-28T18:13:57.996+0000] {logging_mixin.py:151} INFO - [2023-09-28T18:13:57.996+0000] {dag.py:2915} INFO - Sync 1 DAGs
[2023-09-28T18:13:58.004+0000] {logging_mixin.py:151} INFO - [2023-09-28T18:13:58.003+0000] {dag.py:2937} INFO - Creating ORM DAG for example_sla_dag
[2023-09-28T18:13:58.013+0000] {logging_mixin.py:151} INFO - [2023-09-28T18:13:58.013+0000] {dag.py:3696} INFO - Setting next_dagrun for example_sla_dag to 2023-09-28T18:10:00+00:00, run_after=2023-09-28T18:12:00+00:00
[2023-09-28T18:13:58.026+0000] {processor.py:179} INFO - Processing /home/airflow/.local/lib/python3.8/site-packages/airflow/example_dags/example_sla_dag.py took 0.127 seconds
[2023-09-28T18:14:28.609+0000] {processor.py:157} INFO - Started process (PID=121) to work on /home/airflow/.local/lib/python3.8/site-packages/airflow/example_dags/example_sla_dag.py
[2023-09-28T18:14:28.611+0000] {processor.py:829} INFO - Processing file /home/airflow/.local/lib/python3.8/site-packages/airflow/example_dags/example_sla_dag.py for tasks to queue
[2023-09-28T18:14:28.614+0000] {logging_mixin.py:151} INFO - [2023-09-28T18:14:28.613+0000] {dagbag.py:539} INFO - Filling up the DagBag from /home/airflow/.local/lib/python3.8/site-packages/airflow/example_dags/example_sla_dag.py
[2023-09-28T18:14:28.620+0000] {processor.py:839} INFO - DAG(s) dict_keys(['example_sla_dag']) retrieved from /home/airflow/.local/lib/python3.8/site-packages/airflow/example_dags/example_sla_dag.py
[2023-09-28T18:14:28.637+0000] {logging_mixin.py:151} INFO - [2023-09-28T18:14:28.637+0000] {dag.py:2915} INFO - Sync 1 DAGs
[2023-09-28T18:14:28.653+0000] {logging_mixin.py:151} INFO - [2023-09-28T18:14:28.653+0000] {dag.py:3696} INFO - Setting next_dagrun for example_sla_dag to 2023-09-28T18:12:00+00:00, run_after=2023-09-28T18:14:00+00:00
[2023-09-28T18:14:28.665+0000] {processor.py:179} INFO - Processing /home/airflow/.local/lib/python3.8/site-packages/airflow/example_dags/example_sla_dag.py took 0.058 seconds
[2023-09-28T18:14:59.432+0000] {processor.py:157} INFO - Started process (PID=175) to work on /home/airflow/.local/lib/python3.8/site-packages/airflow/example_dags/example_sla_dag.py
[2023-09-28T18:14:59.435+0000] {processor.py:829} INFO - Processing file /home/airflow/.local/lib/python3.8/site-packages/airflow/example_dags/example_sla_dag.py for tasks to queue
[2023-09-28T18:14:59.438+0000] {logging_mixin.py:151} INFO - [2023-09-28T18:14:59.438+0000] {dagbag.py:539} INFO - Filling up the DagBag from /home/airflow/.local/lib/python3.8/site-packages/airflow/example_dags/example_sla_dag.py
[2023-09-28T18:14:59.445+0000] {processor.py:839} INFO - DAG(s) dict_keys(['example_sla_dag']) retrieved from /home/airflow/.local/lib/python3.8/site-packages/airflow/example_dags/example_sla_dag.py
[2023-09-28T18:14:59.461+0000] {logging_mixin.py:151} INFO - [2023-09-28T18:14:59.461+0000] {dag.py:2915} INFO - Sync 1 DAGs
[2023-09-28T18:14:59.477+0000] {logging_mixin.py:151} INFO - [2023-09-28T18:14:59.477+0000] {dag.py:3696} INFO - Setting next_dagrun for example_sla_dag to 2023-09-28T18:12:00+00:00, run_after=2023-09-28T18:14:00+00:00
[2023-09-28T18:14:59.489+0000] {processor.py:179} INFO - Processing /home/airflow/.local/lib/python3.8/site-packages/airflow/example_dags/example_sla_dag.py took 0.061 seconds
[2023-09-28T18:15:30.084+0000] {processor.py:157} INFO - Started process (PID=229) to work on /home/airflow/.local/lib/python3.8/site-packages/airflow/example_dags/example_sla_dag.py
[2023-09-28T18:15:30.086+0000] {processor.py:829} INFO - Processing file /home/airflow/.local/lib/python3.8/site-packages/airflow/example_dags/example_sla_dag.py for tasks to queue
[2023-09-28T18:15:30.089+0000] {logging_mixin.py:151} INFO - [2023-09-28T18:15:30.088+0000] {dagbag.py:539} INFO - Filling up the DagBag from /home/airflow/.local/lib/python3.8/site-packages/airflow/example_dags/example_sla_dag.py
[2023-09-28T18:15:30.095+0000] {processor.py:839} INFO - DAG(s) dict_keys(['example_sla_dag']) retrieved from /home/airflow/.local/lib/python3.8/site-packages/airflow/example_dags/example_sla_dag.py
[2023-09-28T18:15:30.110+0000] {logging_mixin.py:151} INFO - [2023-09-28T18:15:30.110+0000] {dag.py:2915} INFO - Sync 1 DAGs
[2023-09-28T18:15:30.129+0000] {logging_mixin.py:151} INFO - [2023-09-28T18:15:30.129+0000] {dag.py:3696} INFO - Setting next_dagrun for example_sla_dag to 2023-09-28T18:12:00+00:00, run_after=2023-09-28T18:14:00+00:00
[2023-09-28T18:15:30.145+0000] {processor.py:179} INFO - Processing /home/airflow/.local/lib/python3.8/site-packages/airflow/example_dags/example_sla_dag.py took 0.063 seconds
[2023-09-28T18:16:00.813+0000] {processor.py:157} INFO - Started process (PID=283) to work on /home/airflow/.local/lib/python3.8/site-packages/airflow/example_dags/example_sla_dag.py
[2023-09-28T18:16:00.815+0000] {processor.py:829} INFO - Processing file /home/airflow/.local/lib/python3.8/site-packages/airflow/example_dags/example_sla_dag.py for tasks to queue
[2023-09-28T18:16:00.817+0000] {logging_mixin.py:151} INFO - [2023-09-28T18:16:00.817+0000] {dagbag.py:539} INFO - Filling up the DagBag from /home/airflow/.local/lib/python3.8/site-packages/airflow/example_dags/example_sla_dag.py
[2023-09-28T18:16:00.823+0000] {processor.py:839} INFO - DAG(s) dict_keys(['example_sla_dag']) retrieved from /home/airflow/.local/lib/python3.8/site-packages/airflow/example_dags/example_sla_dag.py
[2023-09-28T18:16:00.840+0000] {logging_mixin.py:151} INFO - [2023-09-28T18:16:00.840+0000] {dag.py:2915} INFO - Sync 1 DAGs
[2023-09-28T18:16:00.856+0000] {logging_mixin.py:151} INFO - [2023-09-28T18:16:00.856+0000] {dag.py:3696} INFO - Setting next_dagrun for example_sla_dag to 2023-09-28T18:14:00+00:00, run_after=2023-09-28T18:16:00+00:00
[2023-09-28T18:16:00.873+0000] {processor.py:179} INFO - Processing /home/airflow/.local/lib/python3.8/site-packages/airflow/example_dags/example_sla_dag.py took 0.063 seconds
[2023-09-28T18:16:31.527+0000] {processor.py:157} INFO - Started process (PID=337) to work on /home/airflow/.local/lib/python3.8/site-packages/airflow/example_dags/example_sla_dag.py
[2023-09-28T18:16:31.529+0000] {processor.py:829} INFO - Processing file /home/airflow/.local/lib/python3.8/site-packages/airflow/example_dags/example_sla_dag.py for tasks to queue
[2023-09-28T18:16:31.531+0000] {logging_mixin.py:151} INFO - [2023-09-28T18:16:31.531+0000] {dagbag.py:539} INFO - Filling up the DagBag from /home/airflow/.local/lib/python3.8/site-packages/airflow/example_dags/example_sla_dag.py
[2023-09-28T18:16:31.538+0000] {processor.py:839} INFO - DAG(s) dict_keys(['example_sla_dag']) retrieved from /home/airflow/.local/lib/python3.8/site-packages/airflow/example_dags/example_sla_dag.py
[2023-09-28T18:16:31.553+0000] {logging_mixin.py:151} INFO - [2023-09-28T18:16:31.553+0000] {dag.py:2915} INFO - Sync 1 DAGs
[2023-09-28T18:16:31.568+0000] {logging_mixin.py:151} INFO - [2023-09-28T18:16:31.568+0000] {dag.py:3696} INFO - Setting next_dagrun for example_sla_dag to 2023-09-28T18:14:00+00:00, run_after=2023-09-28T18:16:00+00:00
[2023-09-28T18:16:31.580+0000] {processor.py:179} INFO - Processing /home/airflow/.local/lib/python3.8/site-packages/airflow/example_dags/example_sla_dag.py took 0.056 seconds
[2023-09-28T18:17:02.318+0000] {processor.py:157} INFO - Started process (PID=391) to work on /home/airflow/.local/lib/python3.8/site-packages/airflow/example_dags/example_sla_dag.py
[2023-09-28T18:17:02.321+0000] {processor.py:829} INFO - Processing file /home/airflow/.local/lib/python3.8/site-packages/airflow/example_dags/example_sla_dag.py for tasks to queue
[2023-09-28T18:17:02.323+0000] {logging_mixin.py:151} INFO - [2023-09-28T18:17:02.323+0000] {dagbag.py:539} INFO - Filling up the DagBag from /home/airflow/.local/lib/python3.8/site-packages/airflow/example_dags/example_sla_dag.py
[2023-09-28T18:17:02.331+0000] {processor.py:839} INFO - DAG(s) dict_keys(['example_sla_dag']) retrieved from /home/airflow/.local/lib/python3.8/site-packages/airflow/example_dags/example_sla_dag.py
[2023-09-28T18:17:02.346+0000] {logging_mixin.py:151} INFO - [2023-09-28T18:17:02.346+0000] {dag.py:2915} INFO - Sync 1 DAGs
[2023-09-28T18:17:02.362+0000] {logging_mixin.py:151} INFO - [2023-09-28T18:17:02.362+0000] {dag.py:3696} INFO - Setting next_dagrun for example_sla_dag to 2023-09-28T18:14:00+00:00, run_after=2023-09-28T18:16:00+00:00
[2023-09-28T18:17:02.377+0000] {processor.py:179} INFO - Processing /home/airflow/.local/lib/python3.8/site-packages/airflow/example_dags/example_sla_dag.py took 0.061 seconds
[2023-09-28T18:17:32.847+0000] {processor.py:157} INFO - Started process (PID=444) to work on /home/airflow/.local/lib/python3.8/site-packages/airflow/example_dags/example_sla_dag.py
[2023-09-28T18:17:32.849+0000] {processor.py:829} INFO - Processing file /home/airflow/.local/lib/python3.8/site-packages/airflow/example_dags/example_sla_dag.py for tasks to queue
[2023-09-28T18:17:32.852+0000] {logging_mixin.py:151} INFO - [2023-09-28T18:17:32.852+0000] {dagbag.py:539} INFO - Filling up the DagBag from /home/airflow/.local/lib/python3.8/site-packages/airflow/example_dags/example_sla_dag.py
[2023-09-28T18:17:32.859+0000] {processor.py:839} INFO - DAG(s) dict_keys(['example_sla_dag']) retrieved from /home/airflow/.local/lib/python3.8/site-packages/airflow/example_dags/example_sla_dag.py
[2023-09-28T18:17:32.875+0000] {logging_mixin.py:151} INFO - [2023-09-28T18:17:32.875+0000] {dag.py:2915} INFO - Sync 1 DAGs
[2023-09-28T18:17:32.890+0000] {logging_mixin.py:151} INFO - [2023-09-28T18:17:32.890+0000] {dag.py:3696} INFO - Setting next_dagrun for example_sla_dag to 2023-09-28T18:14:00+00:00, run_after=2023-09-28T18:16:00+00:00
[2023-09-28T18:17:32.903+0000] {processor.py:179} INFO - Processing /home/airflow/.local/lib/python3.8/site-packages/airflow/example_dags/example_sla_dag.py took 0.059 seconds
[2023-09-28T18:18:03.634+0000] {processor.py:157} INFO - Started process (PID=499) to work on /home/airflow/.local/lib/python3.8/site-packages/airflow/example_dags/example_sla_dag.py
[2023-09-28T18:18:03.636+0000] {processor.py:829} INFO - Processing file /home/airflow/.local/lib/python3.8/site-packages/airflow/example_dags/example_sla_dag.py for tasks to queue
[2023-09-28T18:18:03.638+0000] {logging_mixin.py:151} INFO - [2023-09-28T18:18:03.638+0000] {dagbag.py:539} INFO - Filling up the DagBag from /home/airflow/.local/lib/python3.8/site-packages/airflow/example_dags/example_sla_dag.py
[2023-09-28T18:18:03.645+0000] {processor.py:839} INFO - DAG(s) dict_keys(['example_sla_dag']) retrieved from /home/airflow/.local/lib/python3.8/site-packages/airflow/example_dags/example_sla_dag.py
[2023-09-28T18:18:03.659+0000] {logging_mixin.py:151} INFO - [2023-09-28T18:18:03.658+0000] {dag.py:2915} INFO - Sync 1 DAGs
[2023-09-28T18:18:03.674+0000] {logging_mixin.py:151} INFO - [2023-09-28T18:18:03.674+0000] {dag.py:3696} INFO - Setting next_dagrun for example_sla_dag to 2023-09-28T18:16:00+00:00, run_after=2023-09-28T18:18:00+00:00
[2023-09-28T18:18:03.687+0000] {processor.py:179} INFO - Processing /home/airflow/.local/lib/python3.8/site-packages/airflow/example_dags/example_sla_dag.py took 0.056 seconds
[2023-09-28T18:18:34.418+0000] {processor.py:157} INFO - Started process (PID=553) to work on /home/airflow/.local/lib/python3.8/site-packages/airflow/example_dags/example_sla_dag.py
[2023-09-28T18:18:34.420+0000] {processor.py:829} INFO - Processing file /home/airflow/.local/lib/python3.8/site-packages/airflow/example_dags/example_sla_dag.py for tasks to queue
[2023-09-28T18:18:34.423+0000] {logging_mixin.py:151} INFO - [2023-09-28T18:18:34.423+0000] {dagbag.py:539} INFO - Filling up the DagBag from /home/airflow/.local/lib/python3.8/site-packages/airflow/example_dags/example_sla_dag.py
[2023-09-28T18:18:34.430+0000] {processor.py:839} INFO - DAG(s) dict_keys(['example_sla_dag']) retrieved from /home/airflow/.local/lib/python3.8/site-packages/airflow/example_dags/example_sla_dag.py
[2023-09-28T18:18:34.447+0000] {logging_mixin.py:151} INFO - [2023-09-28T18:18:34.447+0000] {dag.py:2915} INFO - Sync 1 DAGs
[2023-09-28T18:18:34.463+0000] {logging_mixin.py:151} INFO - [2023-09-28T18:18:34.463+0000] {dag.py:3696} INFO - Setting next_dagrun for example_sla_dag to 2023-09-28T18:16:00+00:00, run_after=2023-09-28T18:18:00+00:00
[2023-09-28T18:18:34.478+0000] {processor.py:179} INFO - Processing /home/airflow/.local/lib/python3.8/site-packages/airflow/example_dags/example_sla_dag.py took 0.063 seconds
[2023-09-28T18:19:05.245+0000] {processor.py:157} INFO - Started process (PID=608) to work on /home/airflow/.local/lib/python3.8/site-packages/airflow/example_dags/example_sla_dag.py
[2023-09-28T18:19:05.246+0000] {processor.py:829} INFO - Processing file /home/airflow/.local/lib/python3.8/site-packages/airflow/example_dags/example_sla_dag.py for tasks to queue
[2023-09-28T18:19:05.249+0000] {logging_mixin.py:151} INFO - [2023-09-28T18:19:05.248+0000] {dagbag.py:539} INFO - Filling up the DagBag from /home/airflow/.local/lib/python3.8/site-packages/airflow/example_dags/example_sla_dag.py
[2023-09-28T18:19:05.255+0000] {processor.py:839} INFO - DAG(s) dict_keys(['example_sla_dag']) retrieved from /home/airflow/.local/lib/python3.8/site-packages/airflow/example_dags/example_sla_dag.py
[2023-09-28T18:19:05.272+0000] {logging_mixin.py:151} INFO - [2023-09-28T18:19:05.272+0000] {dag.py:2915} INFO - Sync 1 DAGs
[2023-09-28T18:19:05.288+0000] {logging_mixin.py:151} INFO - [2023-09-28T18:19:05.288+0000] {dag.py:3696} INFO - Setting next_dagrun for example_sla_dag to 2023-09-28T18:16:00+00:00, run_after=2023-09-28T18:18:00+00:00
[2023-09-28T18:19:05.304+0000] {processor.py:179} INFO - Processing /home/airflow/.local/lib/python3.8/site-packages/airflow/example_dags/example_sla_dag.py took 0.061 seconds
[2023-09-28T18:19:35.990+0000] {processor.py:157} INFO - Started process (PID=662) to work on /home/airflow/.local/lib/python3.8/site-packages/airflow/example_dags/example_sla_dag.py
[2023-09-28T18:19:35.992+0000] {processor.py:829} INFO - Processing file /home/airflow/.local/lib/python3.8/site-packages/airflow/example_dags/example_sla_dag.py for tasks to queue
[2023-09-28T18:19:35.995+0000] {logging_mixin.py:151} INFO - [2023-09-28T18:19:35.994+0000] {dagbag.py:539} INFO - Filling up the DagBag from /home/airflow/.local/lib/python3.8/site-packages/airflow/example_dags/example_sla_dag.py
[2023-09-28T18:19:36.001+0000] {processor.py:839} INFO - DAG(s) dict_keys(['example_sla_dag']) retrieved from /home/airflow/.local/lib/python3.8/site-packages/airflow/example_dags/example_sla_dag.py
[2023-09-28T18:19:36.017+0000] {logging_mixin.py:151} INFO - [2023-09-28T18:19:36.017+0000] {dag.py:2915} INFO - Sync 1 DAGs
[2023-09-28T18:19:36.034+0000] {logging_mixin.py:151} INFO - [2023-09-28T18:19:36.033+0000] {dag.py:3696} INFO - Setting next_dagrun for example_sla_dag to 2023-09-28T18:16:00+00:00, run_after=2023-09-28T18:18:00+00:00
[2023-09-28T18:19:36.050+0000] {processor.py:179} INFO - Processing /home/airflow/.local/lib/python3.8/site-packages/airflow/example_dags/example_sla_dag.py took 0.062 seconds
[2023-09-28T18:20:06.683+0000] {processor.py:157} INFO - Started process (PID=716) to work on /home/airflow/.local/lib/python3.8/site-packages/airflow/example_dags/example_sla_dag.py
[2023-09-28T18:20:06.685+0000] {processor.py:829} INFO - Processing file /home/airflow/.local/lib/python3.8/site-packages/airflow/example_dags/example_sla_dag.py for tasks to queue
[2023-09-28T18:20:06.687+0000] {logging_mixin.py:151} INFO - [2023-09-28T18:20:06.687+0000] {dagbag.py:539} INFO - Filling up the DagBag from /home/airflow/.local/lib/python3.8/site-packages/airflow/example_dags/example_sla_dag.py
[2023-09-28T18:20:06.694+0000] {processor.py:839} INFO - DAG(s) dict_keys(['example_sla_dag']) retrieved from /home/airflow/.local/lib/python3.8/site-packages/airflow/example_dags/example_sla_dag.py
[2023-09-28T18:20:06.711+0000] {logging_mixin.py:151} INFO - [2023-09-28T18:20:06.711+0000] {dag.py:2915} INFO - Sync 1 DAGs
[2023-09-28T18:20:06.729+0000] {logging_mixin.py:151} INFO - [2023-09-28T18:20:06.729+0000] {dag.py:3696} INFO - Setting next_dagrun for example_sla_dag to 2023-09-28T18:18:00+00:00, run_after=2023-09-28T18:20:00+00:00
[2023-09-28T18:20:06.743+0000] {processor.py:179} INFO - Processing /home/airflow/.local/lib/python3.8/site-packages/airflow/example_dags/example_sla_dag.py took 0.063 seconds
[2023-09-28T18:20:37.343+0000] {processor.py:157} INFO - Started process (PID=769) to work on /home/airflow/.local/lib/python3.8/site-packages/airflow/example_dags/example_sla_dag.py
[2023-09-28T18:20:37.345+0000] {processor.py:829} INFO - Processing file /home/airflow/.local/lib/python3.8/site-packages/airflow/example_dags/example_sla_dag.py for tasks to queue
[2023-09-28T18:20:37.349+0000] {logging_mixin.py:151} INFO - [2023-09-28T18:20:37.349+0000] {dagbag.py:539} INFO - Filling up the DagBag from /home/airflow/.local/lib/python3.8/site-packages/airflow/example_dags/example_sla_dag.py
[2023-09-28T18:20:37.356+0000] {processor.py:839} INFO - DAG(s) dict_keys(['example_sla_dag']) retrieved from /home/airflow/.local/lib/python3.8/site-packages/airflow/example_dags/example_sla_dag.py
[2023-09-28T18:20:37.373+0000] {logging_mixin.py:151} INFO - [2023-09-28T18:20:37.373+0000] {dag.py:2915} INFO - Sync 1 DAGs
[2023-09-28T18:20:37.390+0000] {logging_mixin.py:151} INFO - [2023-09-28T18:20:37.390+0000] {dag.py:3696} INFO - Setting next_dagrun for example_sla_dag to 2023-09-28T18:18:00+00:00, run_after=2023-09-28T18:20:00+00:00
[2023-09-28T18:20:37.405+0000] {processor.py:179} INFO - Processing /home/airflow/.local/lib/python3.8/site-packages/airflow/example_dags/example_sla_dag.py took 0.065 seconds
[2023-09-28T18:21:08.247+0000] {processor.py:157} INFO - Started process (PID=823) to work on /home/airflow/.local/lib/python3.8/site-packages/airflow/example_dags/example_sla_dag.py
[2023-09-28T18:21:08.249+0000] {processor.py:829} INFO - Processing file /home/airflow/.local/lib/python3.8/site-packages/airflow/example_dags/example_sla_dag.py for tasks to queue
[2023-09-28T18:21:08.253+0000] {logging_mixin.py:151} INFO - [2023-09-28T18:21:08.253+0000] {dagbag.py:539} INFO - Filling up the DagBag from /home/airflow/.local/lib/python3.8/site-packages/airflow/example_dags/example_sla_dag.py
[2023-09-28T18:21:08.261+0000] {processor.py:839} INFO - DAG(s) dict_keys(['example_sla_dag']) retrieved from /home/airflow/.local/lib/python3.8/site-packages/airflow/example_dags/example_sla_dag.py
[2023-09-28T18:21:08.279+0000] {logging_mixin.py:151} INFO - [2023-09-28T18:21:08.279+0000] {dag.py:2915} INFO - Sync 1 DAGs
[2023-09-28T18:21:08.301+0000] {logging_mixin.py:151} INFO - [2023-09-28T18:21:08.300+0000] {dag.py:3696} INFO - Setting next_dagrun for example_sla_dag to 2023-09-28T18:18:00+00:00, run_after=2023-09-28T18:20:00+00:00
[2023-09-28T18:21:08.318+0000] {processor.py:179} INFO - Processing /home/airflow/.local/lib/python3.8/site-packages/airflow/example_dags/example_sla_dag.py took 0.074 seconds
[2023-09-28T18:21:39.059+0000] {processor.py:157} INFO - Started process (PID=877) to work on /home/airflow/.local/lib/python3.8/site-packages/airflow/example_dags/example_sla_dag.py
[2023-09-28T18:21:39.063+0000] {processor.py:829} INFO - Processing file /home/airflow/.local/lib/python3.8/site-packages/airflow/example_dags/example_sla_dag.py for tasks to queue
[2023-09-28T18:21:39.065+0000] {logging_mixin.py:151} INFO - [2023-09-28T18:21:39.065+0000] {dagbag.py:539} INFO - Filling up the DagBag from /home/airflow/.local/lib/python3.8/site-packages/airflow/example_dags/example_sla_dag.py
[2023-09-28T18:21:39.074+0000] {processor.py:839} INFO - DAG(s) dict_keys(['example_sla_dag']) retrieved from /home/airflow/.local/lib/python3.8/site-packages/airflow/example_dags/example_sla_dag.py
[2023-09-28T18:21:39.092+0000] {logging_mixin.py:151} INFO - [2023-09-28T18:21:39.092+0000] {dag.py:2915} INFO - Sync 1 DAGs
[2023-09-28T18:21:39.108+0000] {logging_mixin.py:151} INFO - [2023-09-28T18:21:39.108+0000] {dag.py:3696} INFO - Setting next_dagrun for example_sla_dag to 2023-09-28T18:18:00+00:00, run_after=2023-09-28T18:20:00+00:00
[2023-09-28T18:21:39.120+0000] {processor.py:179} INFO - Processing /home/airflow/.local/lib/python3.8/site-packages/airflow/example_dags/example_sla_dag.py took 0.063 seconds
[2023-09-28T18:22:09.851+0000] {processor.py:157} INFO - Started process (PID=931) to work on /home/airflow/.local/lib/python3.8/site-packages/airflow/example_dags/example_sla_dag.py
[2023-09-28T18:22:09.852+0000] {processor.py:829} INFO - Processing file /home/airflow/.local/lib/python3.8/site-packages/airflow/example_dags/example_sla_dag.py for tasks to queue
[2023-09-28T18:22:09.856+0000] {logging_mixin.py:151} INFO - [2023-09-28T18:22:09.856+0000] {dagbag.py:539} INFO - Filling up the DagBag from /home/airflow/.local/lib/python3.8/site-packages/airflow/example_dags/example_sla_dag.py
[2023-09-28T18:22:09.863+0000] {processor.py:839} INFO - DAG(s) dict_keys(['example_sla_dag']) retrieved from /home/airflow/.local/lib/python3.8/site-packages/airflow/example_dags/example_sla_dag.py
[2023-09-28T18:22:09.880+0000] {logging_mixin.py:151} INFO - [2023-09-28T18:22:09.880+0000] {dag.py:2915} INFO - Sync 1 DAGs
[2023-09-28T18:22:09.898+0000] {logging_mixin.py:151} INFO - [2023-09-28T18:22:09.897+0000] {dag.py:3696} INFO - Setting next_dagrun for example_sla_dag to 2023-09-28T18:20:00+00:00, run_after=2023-09-28T18:22:00+00:00
[2023-09-28T18:22:09.910+0000] {processor.py:179} INFO - Processing /home/airflow/.local/lib/python3.8/site-packages/airflow/example_dags/example_sla_dag.py took 0.062 seconds
[2023-09-28T18:22:40.619+0000] {processor.py:157} INFO - Started process (PID=984) to work on /home/airflow/.local/lib/python3.8/site-packages/airflow/example_dags/example_sla_dag.py
[2023-09-28T18:22:40.620+0000] {processor.py:829} INFO - Processing file /home/airflow/.local/lib/python3.8/site-packages/airflow/example_dags/example_sla_dag.py for tasks to queue
[2023-09-28T18:22:40.623+0000] {logging_mixin.py:151} INFO - [2023-09-28T18:22:40.622+0000] {dagbag.py:539} INFO - Filling up the DagBag from /home/airflow/.local/lib/python3.8/site-packages/airflow/example_dags/example_sla_dag.py
[2023-09-28T18:22:40.629+0000] {processor.py:839} INFO - DAG(s) dict_keys(['example_sla_dag']) retrieved from /home/airflow/.local/lib/python3.8/site-packages/airflow/example_dags/example_sla_dag.py
[2023-09-28T18:22:40.644+0000] {logging_mixin.py:151} INFO - [2023-09-28T18:22:40.644+0000] {dag.py:2915} INFO - Sync 1 DAGs
[2023-09-28T18:22:40.660+0000] {logging_mixin.py:151} INFO - [2023-09-28T18:22:40.660+0000] {dag.py:3696} INFO - Setting next_dagrun for example_sla_dag to 2023-09-28T18:20:00+00:00, run_after=2023-09-28T18:22:00+00:00
[2023-09-28T18:22:40.673+0000] {processor.py:179} INFO - Processing /home/airflow/.local/lib/python3.8/site-packages/airflow/example_dags/example_sla_dag.py took 0.056 seconds
[2023-09-28T18:23:11.579+0000] {processor.py:157} INFO - Started process (PID=1037) to work on /home/airflow/.local/lib/python3.8/site-packages/airflow/example_dags/example_sla_dag.py
[2023-09-28T18:23:11.581+0000] {processor.py:829} INFO - Processing file /home/airflow/.local/lib/python3.8/site-packages/airflow/example_dags/example_sla_dag.py for tasks to queue
[2023-09-28T18:23:11.584+0000] {logging_mixin.py:151} INFO - [2023-09-28T18:23:11.584+0000] {dagbag.py:539} INFO - Filling up the DagBag from /home/airflow/.local/lib/python3.8/site-packages/airflow/example_dags/example_sla_dag.py
[2023-09-28T18:23:11.590+0000] {processor.py:839} INFO - DAG(s) dict_keys(['example_sla_dag']) retrieved from /home/airflow/.local/lib/python3.8/site-packages/airflow/example_dags/example_sla_dag.py
[2023-09-28T18:23:11.608+0000] {logging_mixin.py:151} INFO - [2023-09-28T18:23:11.608+0000] {dag.py:2915} INFO - Sync 1 DAGs
[2023-09-28T18:23:11.624+0000] {logging_mixin.py:151} INFO - [2023-09-28T18:23:11.624+0000] {dag.py:3696} INFO - Setting next_dagrun for example_sla_dag to 2023-09-28T18:20:00+00:00, run_after=2023-09-28T18:22:00+00:00
[2023-09-28T18:23:11.641+0000] {processor.py:179} INFO - Processing /home/airflow/.local/lib/python3.8/site-packages/airflow/example_dags/example_sla_dag.py took 0.065 seconds
[2023-09-28T18:23:42.554+0000] {processor.py:157} INFO - Started process (PID=1091) to work on /home/airflow/.local/lib/python3.8/site-packages/airflow/example_dags/example_sla_dag.py
[2023-09-28T18:23:42.556+0000] {processor.py:829} INFO - Processing file /home/airflow/.local/lib/python3.8/site-packages/airflow/example_dags/example_sla_dag.py for tasks to queue
[2023-09-28T18:23:42.561+0000] {logging_mixin.py:151} INFO - [2023-09-28T18:23:42.561+0000] {dagbag.py:539} INFO - Filling up the DagBag from /home/airflow/.local/lib/python3.8/site-packages/airflow/example_dags/example_sla_dag.py
[2023-09-28T18:23:42.571+0000] {processor.py:839} INFO - DAG(s) dict_keys(['example_sla_dag']) retrieved from /home/airflow/.local/lib/python3.8/site-packages/airflow/example_dags/example_sla_dag.py
[2023-09-28T18:23:42.587+0000] {logging_mixin.py:151} INFO - [2023-09-28T18:23:42.587+0000] {dag.py:2915} INFO - Sync 1 DAGs
[2023-09-28T18:23:42.609+0000] {logging_mixin.py:151} INFO - [2023-09-28T18:23:42.608+0000] {dag.py:3696} INFO - Setting next_dagrun for example_sla_dag to 2023-09-28T18:20:00+00:00, run_after=2023-09-28T18:22:00+00:00
[2023-09-28T18:23:42.630+0000] {processor.py:179} INFO - Processing /home/airflow/.local/lib/python3.8/site-packages/airflow/example_dags/example_sla_dag.py took 0.078 seconds
[2023-09-28T18:34:44.872+0000] {processor.py:157} INFO - Started process (PID=68) to work on /home/airflow/.local/lib/python3.8/site-packages/airflow/example_dags/example_sla_dag.py
[2023-09-28T18:34:44.875+0000] {processor.py:829} INFO - Processing file /home/airflow/.local/lib/python3.8/site-packages/airflow/example_dags/example_sla_dag.py for tasks to queue
[2023-09-28T18:34:44.877+0000] {logging_mixin.py:151} INFO - [2023-09-28T18:34:44.877+0000] {dagbag.py:539} INFO - Filling up the DagBag from /home/airflow/.local/lib/python3.8/site-packages/airflow/example_dags/example_sla_dag.py
[2023-09-28T18:34:44.885+0000] {processor.py:839} INFO - DAG(s) dict_keys(['example_sla_dag']) retrieved from /home/airflow/.local/lib/python3.8/site-packages/airflow/example_dags/example_sla_dag.py
[2023-09-28T18:34:44.905+0000] {logging_mixin.py:151} INFO - [2023-09-28T18:34:44.905+0000] {dag.py:2915} INFO - Sync 1 DAGs
[2023-09-28T18:34:44.927+0000] {logging_mixin.py:151} INFO - [2023-09-28T18:34:44.926+0000] {dag.py:3696} INFO - Setting next_dagrun for example_sla_dag to 2023-09-28T18:32:00+00:00, run_after=2023-09-28T18:34:00+00:00
[2023-09-28T18:34:44.943+0000] {processor.py:179} INFO - Processing /home/airflow/.local/lib/python3.8/site-packages/airflow/example_dags/example_sla_dag.py took 0.077 seconds
[2023-09-28T18:35:15.650+0000] {processor.py:157} INFO - Started process (PID=122) to work on /home/airflow/.local/lib/python3.8/site-packages/airflow/example_dags/example_sla_dag.py
[2023-09-28T18:35:15.653+0000] {processor.py:829} INFO - Processing file /home/airflow/.local/lib/python3.8/site-packages/airflow/example_dags/example_sla_dag.py for tasks to queue
[2023-09-28T18:35:15.655+0000] {logging_mixin.py:151} INFO - [2023-09-28T18:35:15.655+0000] {dagbag.py:539} INFO - Filling up the DagBag from /home/airflow/.local/lib/python3.8/site-packages/airflow/example_dags/example_sla_dag.py
[2023-09-28T18:35:15.661+0000] {processor.py:839} INFO - DAG(s) dict_keys(['example_sla_dag']) retrieved from /home/airflow/.local/lib/python3.8/site-packages/airflow/example_dags/example_sla_dag.py
[2023-09-28T18:35:15.677+0000] {logging_mixin.py:151} INFO - [2023-09-28T18:35:15.677+0000] {dag.py:2915} INFO - Sync 1 DAGs
[2023-09-28T18:35:15.706+0000] {logging_mixin.py:151} INFO - [2023-09-28T18:35:15.706+0000] {dag.py:3696} INFO - Setting next_dagrun for example_sla_dag to 2023-09-28T18:32:00+00:00, run_after=2023-09-28T18:34:00+00:00
[2023-09-28T18:35:15.723+0000] {processor.py:179} INFO - Processing /home/airflow/.local/lib/python3.8/site-packages/airflow/example_dags/example_sla_dag.py took 0.074 seconds
[2023-09-28T18:35:46.116+0000] {processor.py:157} INFO - Started process (PID=176) to work on /home/airflow/.local/lib/python3.8/site-packages/airflow/example_dags/example_sla_dag.py
[2023-09-28T18:35:46.118+0000] {processor.py:829} INFO - Processing file /home/airflow/.local/lib/python3.8/site-packages/airflow/example_dags/example_sla_dag.py for tasks to queue
[2023-09-28T18:35:46.121+0000] {logging_mixin.py:151} INFO - [2023-09-28T18:35:46.121+0000] {dagbag.py:539} INFO - Filling up the DagBag from /home/airflow/.local/lib/python3.8/site-packages/airflow/example_dags/example_sla_dag.py
[2023-09-28T18:35:46.128+0000] {processor.py:839} INFO - DAG(s) dict_keys(['example_sla_dag']) retrieved from /home/airflow/.local/lib/python3.8/site-packages/airflow/example_dags/example_sla_dag.py
[2023-09-28T18:35:46.147+0000] {logging_mixin.py:151} INFO - [2023-09-28T18:35:46.147+0000] {dag.py:2915} INFO - Sync 1 DAGs
[2023-09-28T18:35:46.164+0000] {logging_mixin.py:151} INFO - [2023-09-28T18:35:46.164+0000] {dag.py:3696} INFO - Setting next_dagrun for example_sla_dag to 2023-09-28T18:32:00+00:00, run_after=2023-09-28T18:34:00+00:00
[2023-09-28T18:35:46.177+0000] {processor.py:179} INFO - Processing /home/airflow/.local/lib/python3.8/site-packages/airflow/example_dags/example_sla_dag.py took 0.064 seconds
[2023-09-28T18:36:17.012+0000] {processor.py:157} INFO - Started process (PID=230) to work on /home/airflow/.local/lib/python3.8/site-packages/airflow/example_dags/example_sla_dag.py
[2023-09-28T18:36:17.014+0000] {processor.py:829} INFO - Processing file /home/airflow/.local/lib/python3.8/site-packages/airflow/example_dags/example_sla_dag.py for tasks to queue
[2023-09-28T18:36:17.017+0000] {logging_mixin.py:151} INFO - [2023-09-28T18:36:17.017+0000] {dagbag.py:539} INFO - Filling up the DagBag from /home/airflow/.local/lib/python3.8/site-packages/airflow/example_dags/example_sla_dag.py
[2023-09-28T18:36:17.024+0000] {processor.py:839} INFO - DAG(s) dict_keys(['example_sla_dag']) retrieved from /home/airflow/.local/lib/python3.8/site-packages/airflow/example_dags/example_sla_dag.py
[2023-09-28T18:36:17.042+0000] {logging_mixin.py:151} INFO - [2023-09-28T18:36:17.041+0000] {dag.py:2915} INFO - Sync 1 DAGs
[2023-09-28T18:36:17.057+0000] {logging_mixin.py:151} INFO - [2023-09-28T18:36:17.057+0000] {dag.py:3696} INFO - Setting next_dagrun for example_sla_dag to 2023-09-28T18:34:00+00:00, run_after=2023-09-28T18:36:00+00:00
[2023-09-28T18:36:17.073+0000] {processor.py:179} INFO - Processing /home/airflow/.local/lib/python3.8/site-packages/airflow/example_dags/example_sla_dag.py took 0.063 seconds
