[2023-09-28T18:05:29.732+0000] {processor.py:157} INFO - Started process (PID=67) to work on /home/airflow/.local/lib/python3.8/site-packages/airflow/example_dags/example_xcomargs.py
[2023-09-28T18:05:29.742+0000] {processor.py:829} INFO - Processing file /home/airflow/.local/lib/python3.8/site-packages/airflow/example_dags/example_xcomargs.py for tasks to queue
[2023-09-28T18:05:29.747+0000] {logging_mixin.py:151} INFO - [2023-09-28T18:05:29.747+0000] {dagbag.py:539} INFO - Filling up the DagBag from /home/airflow/.local/lib/python3.8/site-packages/airflow/example_dags/example_xcomargs.py
[2023-09-28T18:05:29.757+0000] {processor.py:839} INFO - DAG(s) dict_keys(['example_xcom_args_with_operators', 'example_xcom_args']) retrieved from /home/airflow/.local/lib/python3.8/site-packages/airflow/example_dags/example_xcomargs.py
[2023-09-28T18:05:29.772+0000] {logging_mixin.py:151} INFO - [2023-09-28T18:05:29.772+0000] {dag.py:2915} INFO - Sync 2 DAGs
[2023-09-28T18:05:29.787+0000] {logging_mixin.py:151} INFO - [2023-09-28T18:05:29.787+0000] {dag.py:3696} INFO - Setting next_dagrun for example_xcom_args to None, run_after=None
[2023-09-28T18:05:29.791+0000] {logging_mixin.py:151} INFO - [2023-09-28T18:05:29.791+0000] {dag.py:3696} INFO - Setting next_dagrun for example_xcom_args_with_operators to None, run_after=None
[2023-09-28T18:05:29.814+0000] {processor.py:179} INFO - Processing /home/airflow/.local/lib/python3.8/site-packages/airflow/example_dags/example_xcomargs.py took 0.090 seconds
[2023-09-28T18:06:00.334+0000] {processor.py:157} INFO - Started process (PID=120) to work on /home/airflow/.local/lib/python3.8/site-packages/airflow/example_dags/example_xcomargs.py
[2023-09-28T18:06:00.336+0000] {processor.py:829} INFO - Processing file /home/airflow/.local/lib/python3.8/site-packages/airflow/example_dags/example_xcomargs.py for tasks to queue
[2023-09-28T18:06:00.338+0000] {logging_mixin.py:151} INFO - [2023-09-28T18:06:00.338+0000] {dagbag.py:539} INFO - Filling up the DagBag from /home/airflow/.local/lib/python3.8/site-packages/airflow/example_dags/example_xcomargs.py
[2023-09-28T18:06:00.343+0000] {processor.py:839} INFO - DAG(s) dict_keys(['example_xcom_args_with_operators', 'example_xcom_args']) retrieved from /home/airflow/.local/lib/python3.8/site-packages/airflow/example_dags/example_xcomargs.py
[2023-09-28T18:06:00.363+0000] {logging_mixin.py:151} INFO - [2023-09-28T18:06:00.363+0000] {dag.py:2915} INFO - Sync 2 DAGs
[2023-09-28T18:06:00.374+0000] {logging_mixin.py:151} INFO - [2023-09-28T18:06:00.374+0000] {dag.py:3696} INFO - Setting next_dagrun for example_xcom_args to None, run_after=None
[2023-09-28T18:06:00.379+0000] {logging_mixin.py:151} INFO - [2023-09-28T18:06:00.379+0000] {dag.py:3696} INFO - Setting next_dagrun for example_xcom_args_with_operators to None, run_after=None
[2023-09-28T18:06:00.391+0000] {processor.py:179} INFO - Processing /home/airflow/.local/lib/python3.8/site-packages/airflow/example_dags/example_xcomargs.py took 0.059 seconds
[2023-09-28T18:06:31.287+0000] {processor.py:157} INFO - Started process (PID=174) to work on /home/airflow/.local/lib/python3.8/site-packages/airflow/example_dags/example_xcomargs.py
[2023-09-28T18:06:31.289+0000] {processor.py:829} INFO - Processing file /home/airflow/.local/lib/python3.8/site-packages/airflow/example_dags/example_xcomargs.py for tasks to queue
[2023-09-28T18:06:31.291+0000] {logging_mixin.py:151} INFO - [2023-09-28T18:06:31.291+0000] {dagbag.py:539} INFO - Filling up the DagBag from /home/airflow/.local/lib/python3.8/site-packages/airflow/example_dags/example_xcomargs.py
[2023-09-28T18:06:31.297+0000] {processor.py:839} INFO - DAG(s) dict_keys(['example_xcom_args_with_operators', 'example_xcom_args']) retrieved from /home/airflow/.local/lib/python3.8/site-packages/airflow/example_dags/example_xcomargs.py
[2023-09-28T18:06:31.316+0000] {logging_mixin.py:151} INFO - [2023-09-28T18:06:31.316+0000] {dag.py:2915} INFO - Sync 2 DAGs
[2023-09-28T18:06:31.326+0000] {logging_mixin.py:151} INFO - [2023-09-28T18:06:31.326+0000] {dag.py:3696} INFO - Setting next_dagrun for example_xcom_args to None, run_after=None
[2023-09-28T18:06:31.331+0000] {logging_mixin.py:151} INFO - [2023-09-28T18:06:31.331+0000] {dag.py:3696} INFO - Setting next_dagrun for example_xcom_args_with_operators to None, run_after=None
[2023-09-28T18:06:31.341+0000] {processor.py:179} INFO - Processing /home/airflow/.local/lib/python3.8/site-packages/airflow/example_dags/example_xcomargs.py took 0.056 seconds
[2023-09-28T18:07:01.423+0000] {processor.py:157} INFO - Started process (PID=228) to work on /home/airflow/.local/lib/python3.8/site-packages/airflow/example_dags/example_xcomargs.py
[2023-09-28T18:07:01.425+0000] {processor.py:829} INFO - Processing file /home/airflow/.local/lib/python3.8/site-packages/airflow/example_dags/example_xcomargs.py for tasks to queue
[2023-09-28T18:07:01.427+0000] {logging_mixin.py:151} INFO - [2023-09-28T18:07:01.427+0000] {dagbag.py:539} INFO - Filling up the DagBag from /home/airflow/.local/lib/python3.8/site-packages/airflow/example_dags/example_xcomargs.py
[2023-09-28T18:07:01.434+0000] {processor.py:839} INFO - DAG(s) dict_keys(['example_xcom_args', 'example_xcom_args_with_operators']) retrieved from /home/airflow/.local/lib/python3.8/site-packages/airflow/example_dags/example_xcomargs.py
[2023-09-28T18:07:01.454+0000] {logging_mixin.py:151} INFO - [2023-09-28T18:07:01.453+0000] {dag.py:2915} INFO - Sync 2 DAGs
[2023-09-28T18:07:01.463+0000] {logging_mixin.py:151} INFO - [2023-09-28T18:07:01.463+0000] {dag.py:3696} INFO - Setting next_dagrun for example_xcom_args to None, run_after=None
[2023-09-28T18:07:01.466+0000] {logging_mixin.py:151} INFO - [2023-09-28T18:07:01.466+0000] {dag.py:3696} INFO - Setting next_dagrun for example_xcom_args_with_operators to None, run_after=None
[2023-09-28T18:07:01.484+0000] {processor.py:179} INFO - Processing /home/airflow/.local/lib/python3.8/site-packages/airflow/example_dags/example_xcomargs.py took 0.064 seconds
[2023-09-28T18:07:32.216+0000] {processor.py:157} INFO - Started process (PID=282) to work on /home/airflow/.local/lib/python3.8/site-packages/airflow/example_dags/example_xcomargs.py
[2023-09-28T18:07:32.218+0000] {processor.py:829} INFO - Processing file /home/airflow/.local/lib/python3.8/site-packages/airflow/example_dags/example_xcomargs.py for tasks to queue
[2023-09-28T18:07:32.220+0000] {logging_mixin.py:151} INFO - [2023-09-28T18:07:32.220+0000] {dagbag.py:539} INFO - Filling up the DagBag from /home/airflow/.local/lib/python3.8/site-packages/airflow/example_dags/example_xcomargs.py
[2023-09-28T18:07:32.226+0000] {processor.py:839} INFO - DAG(s) dict_keys(['example_xcom_args_with_operators', 'example_xcom_args']) retrieved from /home/airflow/.local/lib/python3.8/site-packages/airflow/example_dags/example_xcomargs.py
[2023-09-28T18:07:32.248+0000] {logging_mixin.py:151} INFO - [2023-09-28T18:07:32.248+0000] {dag.py:2915} INFO - Sync 2 DAGs
[2023-09-28T18:07:32.257+0000] {logging_mixin.py:151} INFO - [2023-09-28T18:07:32.257+0000] {dag.py:3696} INFO - Setting next_dagrun for example_xcom_args to None, run_after=None
[2023-09-28T18:07:32.260+0000] {logging_mixin.py:151} INFO - [2023-09-28T18:07:32.260+0000] {dag.py:3696} INFO - Setting next_dagrun for example_xcom_args_with_operators to None, run_after=None
[2023-09-28T18:07:32.272+0000] {processor.py:179} INFO - Processing /home/airflow/.local/lib/python3.8/site-packages/airflow/example_dags/example_xcomargs.py took 0.059 seconds
[2023-09-28T18:08:03.131+0000] {processor.py:157} INFO - Started process (PID=336) to work on /home/airflow/.local/lib/python3.8/site-packages/airflow/example_dags/example_xcomargs.py
[2023-09-28T18:08:03.133+0000] {processor.py:829} INFO - Processing file /home/airflow/.local/lib/python3.8/site-packages/airflow/example_dags/example_xcomargs.py for tasks to queue
[2023-09-28T18:08:03.135+0000] {logging_mixin.py:151} INFO - [2023-09-28T18:08:03.135+0000] {dagbag.py:539} INFO - Filling up the DagBag from /home/airflow/.local/lib/python3.8/site-packages/airflow/example_dags/example_xcomargs.py
[2023-09-28T18:08:03.142+0000] {processor.py:839} INFO - DAG(s) dict_keys(['example_xcom_args', 'example_xcom_args_with_operators']) retrieved from /home/airflow/.local/lib/python3.8/site-packages/airflow/example_dags/example_xcomargs.py
[2023-09-28T18:08:03.163+0000] {logging_mixin.py:151} INFO - [2023-09-28T18:08:03.163+0000] {dag.py:2915} INFO - Sync 2 DAGs
[2023-09-28T18:08:03.173+0000] {logging_mixin.py:151} INFO - [2023-09-28T18:08:03.172+0000] {dag.py:3696} INFO - Setting next_dagrun for example_xcom_args to None, run_after=None
[2023-09-28T18:08:03.176+0000] {logging_mixin.py:151} INFO - [2023-09-28T18:08:03.176+0000] {dag.py:3696} INFO - Setting next_dagrun for example_xcom_args_with_operators to None, run_after=None
[2023-09-28T18:08:03.187+0000] {processor.py:179} INFO - Processing /home/airflow/.local/lib/python3.8/site-packages/airflow/example_dags/example_xcomargs.py took 0.059 seconds
[2023-09-28T18:08:33.276+0000] {processor.py:157} INFO - Started process (PID=390) to work on /home/airflow/.local/lib/python3.8/site-packages/airflow/example_dags/example_xcomargs.py
[2023-09-28T18:08:33.278+0000] {processor.py:829} INFO - Processing file /home/airflow/.local/lib/python3.8/site-packages/airflow/example_dags/example_xcomargs.py for tasks to queue
[2023-09-28T18:08:33.281+0000] {logging_mixin.py:151} INFO - [2023-09-28T18:08:33.281+0000] {dagbag.py:539} INFO - Filling up the DagBag from /home/airflow/.local/lib/python3.8/site-packages/airflow/example_dags/example_xcomargs.py
[2023-09-28T18:08:33.289+0000] {processor.py:839} INFO - DAG(s) dict_keys(['example_xcom_args_with_operators', 'example_xcom_args']) retrieved from /home/airflow/.local/lib/python3.8/site-packages/airflow/example_dags/example_xcomargs.py
[2023-09-28T18:08:33.309+0000] {logging_mixin.py:151} INFO - [2023-09-28T18:08:33.309+0000] {dag.py:2915} INFO - Sync 2 DAGs
[2023-09-28T18:08:33.317+0000] {logging_mixin.py:151} INFO - [2023-09-28T18:08:33.317+0000] {dag.py:3696} INFO - Setting next_dagrun for example_xcom_args to None, run_after=None
[2023-09-28T18:08:33.320+0000] {logging_mixin.py:151} INFO - [2023-09-28T18:08:33.320+0000] {dag.py:3696} INFO - Setting next_dagrun for example_xcom_args_with_operators to None, run_after=None
[2023-09-28T18:08:33.331+0000] {processor.py:179} INFO - Processing /home/airflow/.local/lib/python3.8/site-packages/airflow/example_dags/example_xcomargs.py took 0.058 seconds
[2023-09-28T18:09:04.050+0000] {processor.py:157} INFO - Started process (PID=444) to work on /home/airflow/.local/lib/python3.8/site-packages/airflow/example_dags/example_xcomargs.py
[2023-09-28T18:09:04.053+0000] {processor.py:829} INFO - Processing file /home/airflow/.local/lib/python3.8/site-packages/airflow/example_dags/example_xcomargs.py for tasks to queue
[2023-09-28T18:09:04.055+0000] {logging_mixin.py:151} INFO - [2023-09-28T18:09:04.055+0000] {dagbag.py:539} INFO - Filling up the DagBag from /home/airflow/.local/lib/python3.8/site-packages/airflow/example_dags/example_xcomargs.py
[2023-09-28T18:09:04.062+0000] {processor.py:839} INFO - DAG(s) dict_keys(['example_xcom_args', 'example_xcom_args_with_operators']) retrieved from /home/airflow/.local/lib/python3.8/site-packages/airflow/example_dags/example_xcomargs.py
[2023-09-28T18:09:04.079+0000] {logging_mixin.py:151} INFO - [2023-09-28T18:09:04.079+0000] {dag.py:2915} INFO - Sync 2 DAGs
[2023-09-28T18:09:04.088+0000] {logging_mixin.py:151} INFO - [2023-09-28T18:09:04.088+0000] {dag.py:3696} INFO - Setting next_dagrun for example_xcom_args to None, run_after=None
[2023-09-28T18:09:04.091+0000] {logging_mixin.py:151} INFO - [2023-09-28T18:09:04.091+0000] {dag.py:3696} INFO - Setting next_dagrun for example_xcom_args_with_operators to None, run_after=None
[2023-09-28T18:09:04.107+0000] {processor.py:179} INFO - Processing /home/airflow/.local/lib/python3.8/site-packages/airflow/example_dags/example_xcomargs.py took 0.059 seconds
[2023-09-28T18:09:34.862+0000] {processor.py:157} INFO - Started process (PID=497) to work on /home/airflow/.local/lib/python3.8/site-packages/airflow/example_dags/example_xcomargs.py
[2023-09-28T18:09:34.863+0000] {processor.py:829} INFO - Processing file /home/airflow/.local/lib/python3.8/site-packages/airflow/example_dags/example_xcomargs.py for tasks to queue
[2023-09-28T18:09:34.867+0000] {logging_mixin.py:151} INFO - [2023-09-28T18:09:34.867+0000] {dagbag.py:539} INFO - Filling up the DagBag from /home/airflow/.local/lib/python3.8/site-packages/airflow/example_dags/example_xcomargs.py
[2023-09-28T18:09:34.873+0000] {processor.py:839} INFO - DAG(s) dict_keys(['example_xcom_args_with_operators', 'example_xcom_args']) retrieved from /home/airflow/.local/lib/python3.8/site-packages/airflow/example_dags/example_xcomargs.py
[2023-09-28T18:09:34.892+0000] {logging_mixin.py:151} INFO - [2023-09-28T18:09:34.892+0000] {dag.py:2915} INFO - Sync 2 DAGs
[2023-09-28T18:09:34.902+0000] {logging_mixin.py:151} INFO - [2023-09-28T18:09:34.902+0000] {dag.py:3696} INFO - Setting next_dagrun for example_xcom_args to None, run_after=None
[2023-09-28T18:09:34.905+0000] {logging_mixin.py:151} INFO - [2023-09-28T18:09:34.905+0000] {dag.py:3696} INFO - Setting next_dagrun for example_xcom_args_with_operators to None, run_after=None
[2023-09-28T18:09:34.917+0000] {processor.py:179} INFO - Processing /home/airflow/.local/lib/python3.8/site-packages/airflow/example_dags/example_xcomargs.py took 0.058 seconds
[2023-09-28T18:10:05.588+0000] {processor.py:157} INFO - Started process (PID=551) to work on /home/airflow/.local/lib/python3.8/site-packages/airflow/example_dags/example_xcomargs.py
[2023-09-28T18:10:05.590+0000] {processor.py:829} INFO - Processing file /home/airflow/.local/lib/python3.8/site-packages/airflow/example_dags/example_xcomargs.py for tasks to queue
[2023-09-28T18:10:05.592+0000] {logging_mixin.py:151} INFO - [2023-09-28T18:10:05.592+0000] {dagbag.py:539} INFO - Filling up the DagBag from /home/airflow/.local/lib/python3.8/site-packages/airflow/example_dags/example_xcomargs.py
[2023-09-28T18:10:05.600+0000] {processor.py:839} INFO - DAG(s) dict_keys(['example_xcom_args', 'example_xcom_args_with_operators']) retrieved from /home/airflow/.local/lib/python3.8/site-packages/airflow/example_dags/example_xcomargs.py
[2023-09-28T18:10:05.625+0000] {logging_mixin.py:151} INFO - [2023-09-28T18:10:05.625+0000] {dag.py:2915} INFO - Sync 2 DAGs
[2023-09-28T18:10:05.635+0000] {logging_mixin.py:151} INFO - [2023-09-28T18:10:05.635+0000] {dag.py:3696} INFO - Setting next_dagrun for example_xcom_args to None, run_after=None
[2023-09-28T18:10:05.639+0000] {logging_mixin.py:151} INFO - [2023-09-28T18:10:05.639+0000] {dag.py:3696} INFO - Setting next_dagrun for example_xcom_args_with_operators to None, run_after=None
[2023-09-28T18:10:05.656+0000] {processor.py:179} INFO - Processing /home/airflow/.local/lib/python3.8/site-packages/airflow/example_dags/example_xcomargs.py took 0.071 seconds
[2023-09-28T18:10:36.451+0000] {processor.py:157} INFO - Started process (PID=605) to work on /home/airflow/.local/lib/python3.8/site-packages/airflow/example_dags/example_xcomargs.py
[2023-09-28T18:10:36.457+0000] {processor.py:829} INFO - Processing file /home/airflow/.local/lib/python3.8/site-packages/airflow/example_dags/example_xcomargs.py for tasks to queue
[2023-09-28T18:10:36.460+0000] {logging_mixin.py:151} INFO - [2023-09-28T18:10:36.460+0000] {dagbag.py:539} INFO - Filling up the DagBag from /home/airflow/.local/lib/python3.8/site-packages/airflow/example_dags/example_xcomargs.py
[2023-09-28T18:10:36.467+0000] {processor.py:839} INFO - DAG(s) dict_keys(['example_xcom_args', 'example_xcom_args_with_operators']) retrieved from /home/airflow/.local/lib/python3.8/site-packages/airflow/example_dags/example_xcomargs.py
[2023-09-28T18:10:36.490+0000] {logging_mixin.py:151} INFO - [2023-09-28T18:10:36.490+0000] {dag.py:2915} INFO - Sync 2 DAGs
[2023-09-28T18:10:36.502+0000] {logging_mixin.py:151} INFO - [2023-09-28T18:10:36.502+0000] {dag.py:3696} INFO - Setting next_dagrun for example_xcom_args to None, run_after=None
[2023-09-28T18:10:36.506+0000] {logging_mixin.py:151} INFO - [2023-09-28T18:10:36.506+0000] {dag.py:3696} INFO - Setting next_dagrun for example_xcom_args_with_operators to None, run_after=None
[2023-09-28T18:10:36.521+0000] {processor.py:179} INFO - Processing /home/airflow/.local/lib/python3.8/site-packages/airflow/example_dags/example_xcomargs.py took 0.072 seconds
[2023-09-28T18:11:07.894+0000] {processor.py:157} INFO - Started process (PID=659) to work on /home/airflow/.local/lib/python3.8/site-packages/airflow/example_dags/example_xcomargs.py
[2023-09-28T18:11:07.897+0000] {processor.py:829} INFO - Processing file /home/airflow/.local/lib/python3.8/site-packages/airflow/example_dags/example_xcomargs.py for tasks to queue
[2023-09-28T18:11:07.900+0000] {logging_mixin.py:151} INFO - [2023-09-28T18:11:07.899+0000] {dagbag.py:539} INFO - Filling up the DagBag from /home/airflow/.local/lib/python3.8/site-packages/airflow/example_dags/example_xcomargs.py
[2023-09-28T18:11:07.907+0000] {processor.py:839} INFO - DAG(s) dict_keys(['example_xcom_args', 'example_xcom_args_with_operators']) retrieved from /home/airflow/.local/lib/python3.8/site-packages/airflow/example_dags/example_xcomargs.py
[2023-09-28T18:11:07.932+0000] {logging_mixin.py:151} INFO - [2023-09-28T18:11:07.932+0000] {dag.py:2915} INFO - Sync 2 DAGs
[2023-09-28T18:11:07.946+0000] {logging_mixin.py:151} INFO - [2023-09-28T18:11:07.946+0000] {dag.py:3696} INFO - Setting next_dagrun for example_xcom_args to None, run_after=None
[2023-09-28T18:11:07.952+0000] {logging_mixin.py:151} INFO - [2023-09-28T18:11:07.952+0000] {dag.py:3696} INFO - Setting next_dagrun for example_xcom_args_with_operators to None, run_after=None
[2023-09-28T18:11:07.969+0000] {processor.py:179} INFO - Processing /home/airflow/.local/lib/python3.8/site-packages/airflow/example_dags/example_xcomargs.py took 0.078 seconds
[2023-09-28T18:13:57.866+0000] {processor.py:157} INFO - Started process (PID=66) to work on /home/airflow/.local/lib/python3.8/site-packages/airflow/example_dags/example_xcomargs.py
[2023-09-28T18:13:57.869+0000] {processor.py:829} INFO - Processing file /home/airflow/.local/lib/python3.8/site-packages/airflow/example_dags/example_xcomargs.py for tasks to queue
[2023-09-28T18:13:57.871+0000] {logging_mixin.py:151} INFO - [2023-09-28T18:13:57.871+0000] {dagbag.py:539} INFO - Filling up the DagBag from /home/airflow/.local/lib/python3.8/site-packages/airflow/example_dags/example_xcomargs.py
[2023-09-28T18:13:57.878+0000] {processor.py:839} INFO - DAG(s) dict_keys(['example_xcom_args', 'example_xcom_args_with_operators']) retrieved from /home/airflow/.local/lib/python3.8/site-packages/airflow/example_dags/example_xcomargs.py
[2023-09-28T18:13:57.950+0000] {logging_mixin.py:151} INFO - [2023-09-28T18:13:57.950+0000] {manager.py:499} INFO - Created Permission View: %s
[2023-09-28T18:13:57.958+0000] {logging_mixin.py:151} INFO - [2023-09-28T18:13:57.958+0000] {manager.py:499} INFO - Created Permission View: %s
[2023-09-28T18:13:57.968+0000] {logging_mixin.py:151} INFO - [2023-09-28T18:13:57.968+0000] {manager.py:499} INFO - Created Permission View: %s
[2023-09-28T18:13:57.969+0000] {logging_mixin.py:151} INFO - [2023-09-28T18:13:57.969+0000] {security.py:708} INFO - Not syncing DAG-level permissions for DAG 'DAG:example_xcom_args' as access control is unset.
[2023-09-28T18:13:57.979+0000] {logging_mixin.py:151} INFO - [2023-09-28T18:13:57.979+0000] {manager.py:499} INFO - Created Permission View: %s
[2023-09-28T18:13:57.985+0000] {logging_mixin.py:151} INFO - [2023-09-28T18:13:57.985+0000] {manager.py:499} INFO - Created Permission View: %s
[2023-09-28T18:13:57.991+0000] {logging_mixin.py:151} INFO - [2023-09-28T18:13:57.991+0000] {manager.py:499} INFO - Created Permission View: %s
[2023-09-28T18:13:57.992+0000] {logging_mixin.py:151} INFO - [2023-09-28T18:13:57.992+0000] {security.py:708} INFO - Not syncing DAG-level permissions for DAG 'DAG:example_xcom_args_with_operators' as access control is unset.
[2023-09-28T18:13:57.993+0000] {logging_mixin.py:151} INFO - [2023-09-28T18:13:57.993+0000] {dag.py:2915} INFO - Sync 2 DAGs
[2023-09-28T18:13:58.001+0000] {logging_mixin.py:151} INFO - [2023-09-28T18:13:58.001+0000] {dag.py:2937} INFO - Creating ORM DAG for example_xcom_args
[2023-09-28T18:13:58.004+0000] {logging_mixin.py:151} INFO - [2023-09-28T18:13:58.004+0000] {dag.py:2937} INFO - Creating ORM DAG for example_xcom_args_with_operators
[2023-09-28T18:13:58.005+0000] {logging_mixin.py:151} INFO - [2023-09-28T18:13:58.005+0000] {dag.py:3696} INFO - Setting next_dagrun for example_xcom_args to None, run_after=None
[2023-09-28T18:13:58.006+0000] {logging_mixin.py:151} INFO - [2023-09-28T18:13:58.006+0000] {dag.py:3696} INFO - Setting next_dagrun for example_xcom_args_with_operators to None, run_after=None
[2023-09-28T18:13:58.021+0000] {processor.py:179} INFO - Processing /home/airflow/.local/lib/python3.8/site-packages/airflow/example_dags/example_xcomargs.py took 0.157 seconds
[2023-09-28T18:14:28.562+0000] {processor.py:157} INFO - Started process (PID=120) to work on /home/airflow/.local/lib/python3.8/site-packages/airflow/example_dags/example_xcomargs.py
[2023-09-28T18:14:28.564+0000] {processor.py:829} INFO - Processing file /home/airflow/.local/lib/python3.8/site-packages/airflow/example_dags/example_xcomargs.py for tasks to queue
[2023-09-28T18:14:28.566+0000] {logging_mixin.py:151} INFO - [2023-09-28T18:14:28.566+0000] {dagbag.py:539} INFO - Filling up the DagBag from /home/airflow/.local/lib/python3.8/site-packages/airflow/example_dags/example_xcomargs.py
[2023-09-28T18:14:28.572+0000] {processor.py:839} INFO - DAG(s) dict_keys(['example_xcom_args_with_operators', 'example_xcom_args']) retrieved from /home/airflow/.local/lib/python3.8/site-packages/airflow/example_dags/example_xcomargs.py
[2023-09-28T18:14:28.596+0000] {logging_mixin.py:151} INFO - [2023-09-28T18:14:28.595+0000] {dag.py:2915} INFO - Sync 2 DAGs
[2023-09-28T18:14:28.605+0000] {logging_mixin.py:151} INFO - [2023-09-28T18:14:28.605+0000] {dag.py:3696} INFO - Setting next_dagrun for example_xcom_args to None, run_after=None
[2023-09-28T18:14:28.609+0000] {logging_mixin.py:151} INFO - [2023-09-28T18:14:28.608+0000] {dag.py:3696} INFO - Setting next_dagrun for example_xcom_args_with_operators to None, run_after=None
[2023-09-28T18:14:28.620+0000] {processor.py:179} INFO - Processing /home/airflow/.local/lib/python3.8/site-packages/airflow/example_dags/example_xcomargs.py took 0.061 seconds
[2023-09-28T18:14:59.356+0000] {processor.py:157} INFO - Started process (PID=174) to work on /home/airflow/.local/lib/python3.8/site-packages/airflow/example_dags/example_xcomargs.py
[2023-09-28T18:14:59.359+0000] {processor.py:829} INFO - Processing file /home/airflow/.local/lib/python3.8/site-packages/airflow/example_dags/example_xcomargs.py for tasks to queue
[2023-09-28T18:14:59.361+0000] {logging_mixin.py:151} INFO - [2023-09-28T18:14:59.360+0000] {dagbag.py:539} INFO - Filling up the DagBag from /home/airflow/.local/lib/python3.8/site-packages/airflow/example_dags/example_xcomargs.py
[2023-09-28T18:14:59.366+0000] {processor.py:839} INFO - DAG(s) dict_keys(['example_xcom_args_with_operators', 'example_xcom_args']) retrieved from /home/airflow/.local/lib/python3.8/site-packages/airflow/example_dags/example_xcomargs.py
[2023-09-28T18:14:59.383+0000] {logging_mixin.py:151} INFO - [2023-09-28T18:14:59.383+0000] {dag.py:2915} INFO - Sync 2 DAGs
[2023-09-28T18:14:59.392+0000] {logging_mixin.py:151} INFO - [2023-09-28T18:14:59.392+0000] {dag.py:3696} INFO - Setting next_dagrun for example_xcom_args to None, run_after=None
[2023-09-28T18:14:59.395+0000] {logging_mixin.py:151} INFO - [2023-09-28T18:14:59.395+0000] {dag.py:3696} INFO - Setting next_dagrun for example_xcom_args_with_operators to None, run_after=None
[2023-09-28T18:14:59.405+0000] {processor.py:179} INFO - Processing /home/airflow/.local/lib/python3.8/site-packages/airflow/example_dags/example_xcomargs.py took 0.051 seconds
[2023-09-28T18:15:30.049+0000] {processor.py:157} INFO - Started process (PID=228) to work on /home/airflow/.local/lib/python3.8/site-packages/airflow/example_dags/example_xcomargs.py
[2023-09-28T18:15:30.054+0000] {processor.py:829} INFO - Processing file /home/airflow/.local/lib/python3.8/site-packages/airflow/example_dags/example_xcomargs.py for tasks to queue
[2023-09-28T18:15:30.057+0000] {logging_mixin.py:151} INFO - [2023-09-28T18:15:30.057+0000] {dagbag.py:539} INFO - Filling up the DagBag from /home/airflow/.local/lib/python3.8/site-packages/airflow/example_dags/example_xcomargs.py
[2023-09-28T18:15:30.064+0000] {processor.py:839} INFO - DAG(s) dict_keys(['example_xcom_args_with_operators', 'example_xcom_args']) retrieved from /home/airflow/.local/lib/python3.8/site-packages/airflow/example_dags/example_xcomargs.py
[2023-09-28T18:15:30.085+0000] {logging_mixin.py:151} INFO - [2023-09-28T18:15:30.084+0000] {dag.py:2915} INFO - Sync 2 DAGs
[2023-09-28T18:15:30.093+0000] {logging_mixin.py:151} INFO - [2023-09-28T18:15:30.093+0000] {dag.py:3696} INFO - Setting next_dagrun for example_xcom_args to None, run_after=None
[2023-09-28T18:15:30.097+0000] {logging_mixin.py:151} INFO - [2023-09-28T18:15:30.097+0000] {dag.py:3696} INFO - Setting next_dagrun for example_xcom_args_with_operators to None, run_after=None
[2023-09-28T18:15:30.109+0000] {processor.py:179} INFO - Processing /home/airflow/.local/lib/python3.8/site-packages/airflow/example_dags/example_xcomargs.py took 0.063 seconds
[2023-09-28T18:16:00.784+0000] {processor.py:157} INFO - Started process (PID=282) to work on /home/airflow/.local/lib/python3.8/site-packages/airflow/example_dags/example_xcomargs.py
[2023-09-28T18:16:00.786+0000] {processor.py:829} INFO - Processing file /home/airflow/.local/lib/python3.8/site-packages/airflow/example_dags/example_xcomargs.py for tasks to queue
[2023-09-28T18:16:00.788+0000] {logging_mixin.py:151} INFO - [2023-09-28T18:16:00.788+0000] {dagbag.py:539} INFO - Filling up the DagBag from /home/airflow/.local/lib/python3.8/site-packages/airflow/example_dags/example_xcomargs.py
[2023-09-28T18:16:00.794+0000] {processor.py:839} INFO - DAG(s) dict_keys(['example_xcom_args', 'example_xcom_args_with_operators']) retrieved from /home/airflow/.local/lib/python3.8/site-packages/airflow/example_dags/example_xcomargs.py
[2023-09-28T18:16:00.821+0000] {logging_mixin.py:151} INFO - [2023-09-28T18:16:00.821+0000] {dag.py:2915} INFO - Sync 2 DAGs
[2023-09-28T18:16:00.831+0000] {logging_mixin.py:151} INFO - [2023-09-28T18:16:00.831+0000] {dag.py:3696} INFO - Setting next_dagrun for example_xcom_args to None, run_after=None
[2023-09-28T18:16:00.834+0000] {logging_mixin.py:151} INFO - [2023-09-28T18:16:00.834+0000] {dag.py:3696} INFO - Setting next_dagrun for example_xcom_args_with_operators to None, run_after=None
[2023-09-28T18:16:00.847+0000] {processor.py:179} INFO - Processing /home/airflow/.local/lib/python3.8/site-packages/airflow/example_dags/example_xcomargs.py took 0.066 seconds
[2023-09-28T18:16:31.457+0000] {processor.py:157} INFO - Started process (PID=336) to work on /home/airflow/.local/lib/python3.8/site-packages/airflow/example_dags/example_xcomargs.py
[2023-09-28T18:16:31.459+0000] {processor.py:829} INFO - Processing file /home/airflow/.local/lib/python3.8/site-packages/airflow/example_dags/example_xcomargs.py for tasks to queue
[2023-09-28T18:16:31.462+0000] {logging_mixin.py:151} INFO - [2023-09-28T18:16:31.462+0000] {dagbag.py:539} INFO - Filling up the DagBag from /home/airflow/.local/lib/python3.8/site-packages/airflow/example_dags/example_xcomargs.py
[2023-09-28T18:16:31.468+0000] {processor.py:839} INFO - DAG(s) dict_keys(['example_xcom_args', 'example_xcom_args_with_operators']) retrieved from /home/airflow/.local/lib/python3.8/site-packages/airflow/example_dags/example_xcomargs.py
[2023-09-28T18:16:31.488+0000] {logging_mixin.py:151} INFO - [2023-09-28T18:16:31.488+0000] {dag.py:2915} INFO - Sync 2 DAGs
[2023-09-28T18:16:31.496+0000] {logging_mixin.py:151} INFO - [2023-09-28T18:16:31.496+0000] {dag.py:3696} INFO - Setting next_dagrun for example_xcom_args to None, run_after=None
[2023-09-28T18:16:31.499+0000] {logging_mixin.py:151} INFO - [2023-09-28T18:16:31.498+0000] {dag.py:3696} INFO - Setting next_dagrun for example_xcom_args_with_operators to None, run_after=None
[2023-09-28T18:16:31.509+0000] {processor.py:179} INFO - Processing /home/airflow/.local/lib/python3.8/site-packages/airflow/example_dags/example_xcomargs.py took 0.055 seconds
[2023-09-28T18:17:02.247+0000] {processor.py:157} INFO - Started process (PID=390) to work on /home/airflow/.local/lib/python3.8/site-packages/airflow/example_dags/example_xcomargs.py
[2023-09-28T18:17:02.249+0000] {processor.py:829} INFO - Processing file /home/airflow/.local/lib/python3.8/site-packages/airflow/example_dags/example_xcomargs.py for tasks to queue
[2023-09-28T18:17:02.252+0000] {logging_mixin.py:151} INFO - [2023-09-28T18:17:02.252+0000] {dagbag.py:539} INFO - Filling up the DagBag from /home/airflow/.local/lib/python3.8/site-packages/airflow/example_dags/example_xcomargs.py
[2023-09-28T18:17:02.259+0000] {processor.py:839} INFO - DAG(s) dict_keys(['example_xcom_args_with_operators', 'example_xcom_args']) retrieved from /home/airflow/.local/lib/python3.8/site-packages/airflow/example_dags/example_xcomargs.py
[2023-09-28T18:17:02.278+0000] {logging_mixin.py:151} INFO - [2023-09-28T18:17:02.278+0000] {dag.py:2915} INFO - Sync 2 DAGs
[2023-09-28T18:17:02.288+0000] {logging_mixin.py:151} INFO - [2023-09-28T18:17:02.288+0000] {dag.py:3696} INFO - Setting next_dagrun for example_xcom_args to None, run_after=None
[2023-09-28T18:17:02.292+0000] {logging_mixin.py:151} INFO - [2023-09-28T18:17:02.291+0000] {dag.py:3696} INFO - Setting next_dagrun for example_xcom_args_with_operators to None, run_after=None
[2023-09-28T18:17:02.304+0000] {processor.py:179} INFO - Processing /home/airflow/.local/lib/python3.8/site-packages/airflow/example_dags/example_xcomargs.py took 0.059 seconds
[2023-09-28T18:17:32.834+0000] {processor.py:157} INFO - Started process (PID=443) to work on /home/airflow/.local/lib/python3.8/site-packages/airflow/example_dags/example_xcomargs.py
[2023-09-28T18:17:32.836+0000] {processor.py:829} INFO - Processing file /home/airflow/.local/lib/python3.8/site-packages/airflow/example_dags/example_xcomargs.py for tasks to queue
[2023-09-28T18:17:32.840+0000] {logging_mixin.py:151} INFO - [2023-09-28T18:17:32.840+0000] {dagbag.py:539} INFO - Filling up the DagBag from /home/airflow/.local/lib/python3.8/site-packages/airflow/example_dags/example_xcomargs.py
[2023-09-28T18:17:32.846+0000] {processor.py:839} INFO - DAG(s) dict_keys(['example_xcom_args', 'example_xcom_args_with_operators']) retrieved from /home/airflow/.local/lib/python3.8/site-packages/airflow/example_dags/example_xcomargs.py
[2023-09-28T18:17:32.865+0000] {logging_mixin.py:151} INFO - [2023-09-28T18:17:32.864+0000] {dag.py:2915} INFO - Sync 2 DAGs
[2023-09-28T18:17:32.874+0000] {logging_mixin.py:151} INFO - [2023-09-28T18:17:32.874+0000] {dag.py:3696} INFO - Setting next_dagrun for example_xcom_args to None, run_after=None
[2023-09-28T18:17:32.878+0000] {logging_mixin.py:151} INFO - [2023-09-28T18:17:32.878+0000] {dag.py:3696} INFO - Setting next_dagrun for example_xcom_args_with_operators to None, run_after=None
[2023-09-28T18:17:32.888+0000] {processor.py:179} INFO - Processing /home/airflow/.local/lib/python3.8/site-packages/airflow/example_dags/example_xcomargs.py took 0.056 seconds
[2023-09-28T18:18:03.629+0000] {processor.py:157} INFO - Started process (PID=498) to work on /home/airflow/.local/lib/python3.8/site-packages/airflow/example_dags/example_xcomargs.py
[2023-09-28T18:18:03.631+0000] {processor.py:829} INFO - Processing file /home/airflow/.local/lib/python3.8/site-packages/airflow/example_dags/example_xcomargs.py for tasks to queue
[2023-09-28T18:18:03.634+0000] {logging_mixin.py:151} INFO - [2023-09-28T18:18:03.633+0000] {dagbag.py:539} INFO - Filling up the DagBag from /home/airflow/.local/lib/python3.8/site-packages/airflow/example_dags/example_xcomargs.py
[2023-09-28T18:18:03.640+0000] {processor.py:839} INFO - DAG(s) dict_keys(['example_xcom_args', 'example_xcom_args_with_operators']) retrieved from /home/airflow/.local/lib/python3.8/site-packages/airflow/example_dags/example_xcomargs.py
[2023-09-28T18:18:03.659+0000] {logging_mixin.py:151} INFO - [2023-09-28T18:18:03.658+0000] {dag.py:2915} INFO - Sync 2 DAGs
[2023-09-28T18:18:03.669+0000] {logging_mixin.py:151} INFO - [2023-09-28T18:18:03.669+0000] {dag.py:3696} INFO - Setting next_dagrun for example_xcom_args to None, run_after=None
[2023-09-28T18:18:03.676+0000] {logging_mixin.py:151} INFO - [2023-09-28T18:18:03.675+0000] {dag.py:3696} INFO - Setting next_dagrun for example_xcom_args_with_operators to None, run_after=None
[2023-09-28T18:18:03.687+0000] {processor.py:179} INFO - Processing /home/airflow/.local/lib/python3.8/site-packages/airflow/example_dags/example_xcomargs.py took 0.061 seconds
[2023-09-28T18:18:34.406+0000] {processor.py:157} INFO - Started process (PID=552) to work on /home/airflow/.local/lib/python3.8/site-packages/airflow/example_dags/example_xcomargs.py
[2023-09-28T18:18:34.408+0000] {processor.py:829} INFO - Processing file /home/airflow/.local/lib/python3.8/site-packages/airflow/example_dags/example_xcomargs.py for tasks to queue
[2023-09-28T18:18:34.410+0000] {logging_mixin.py:151} INFO - [2023-09-28T18:18:34.410+0000] {dagbag.py:539} INFO - Filling up the DagBag from /home/airflow/.local/lib/python3.8/site-packages/airflow/example_dags/example_xcomargs.py
[2023-09-28T18:18:34.416+0000] {processor.py:839} INFO - DAG(s) dict_keys(['example_xcom_args_with_operators', 'example_xcom_args']) retrieved from /home/airflow/.local/lib/python3.8/site-packages/airflow/example_dags/example_xcomargs.py
[2023-09-28T18:18:34.437+0000] {logging_mixin.py:151} INFO - [2023-09-28T18:18:34.437+0000] {dag.py:2915} INFO - Sync 2 DAGs
[2023-09-28T18:18:34.447+0000] {logging_mixin.py:151} INFO - [2023-09-28T18:18:34.447+0000] {dag.py:3696} INFO - Setting next_dagrun for example_xcom_args to None, run_after=None
[2023-09-28T18:18:34.451+0000] {logging_mixin.py:151} INFO - [2023-09-28T18:18:34.451+0000] {dag.py:3696} INFO - Setting next_dagrun for example_xcom_args_with_operators to None, run_after=None
[2023-09-28T18:18:34.468+0000] {processor.py:179} INFO - Processing /home/airflow/.local/lib/python3.8/site-packages/airflow/example_dags/example_xcomargs.py took 0.065 seconds
[2023-09-28T18:19:05.219+0000] {processor.py:157} INFO - Started process (PID=607) to work on /home/airflow/.local/lib/python3.8/site-packages/airflow/example_dags/example_xcomargs.py
[2023-09-28T18:19:05.222+0000] {processor.py:829} INFO - Processing file /home/airflow/.local/lib/python3.8/site-packages/airflow/example_dags/example_xcomargs.py for tasks to queue
[2023-09-28T18:19:05.224+0000] {logging_mixin.py:151} INFO - [2023-09-28T18:19:05.224+0000] {dagbag.py:539} INFO - Filling up the DagBag from /home/airflow/.local/lib/python3.8/site-packages/airflow/example_dags/example_xcomargs.py
[2023-09-28T18:19:05.230+0000] {processor.py:839} INFO - DAG(s) dict_keys(['example_xcom_args_with_operators', 'example_xcom_args']) retrieved from /home/airflow/.local/lib/python3.8/site-packages/airflow/example_dags/example_xcomargs.py
[2023-09-28T18:19:05.252+0000] {logging_mixin.py:151} INFO - [2023-09-28T18:19:05.252+0000] {dag.py:2915} INFO - Sync 2 DAGs
[2023-09-28T18:19:05.261+0000] {logging_mixin.py:151} INFO - [2023-09-28T18:19:05.261+0000] {dag.py:3696} INFO - Setting next_dagrun for example_xcom_args to None, run_after=None
[2023-09-28T18:19:05.264+0000] {logging_mixin.py:151} INFO - [2023-09-28T18:19:05.264+0000] {dag.py:3696} INFO - Setting next_dagrun for example_xcom_args_with_operators to None, run_after=None
[2023-09-28T18:19:05.277+0000] {processor.py:179} INFO - Processing /home/airflow/.local/lib/python3.8/site-packages/airflow/example_dags/example_xcomargs.py took 0.060 seconds
[2023-09-28T18:19:35.967+0000] {processor.py:157} INFO - Started process (PID=661) to work on /home/airflow/.local/lib/python3.8/site-packages/airflow/example_dags/example_xcomargs.py
[2023-09-28T18:19:35.969+0000] {processor.py:829} INFO - Processing file /home/airflow/.local/lib/python3.8/site-packages/airflow/example_dags/example_xcomargs.py for tasks to queue
[2023-09-28T18:19:35.972+0000] {logging_mixin.py:151} INFO - [2023-09-28T18:19:35.972+0000] {dagbag.py:539} INFO - Filling up the DagBag from /home/airflow/.local/lib/python3.8/site-packages/airflow/example_dags/example_xcomargs.py
[2023-09-28T18:19:35.980+0000] {processor.py:839} INFO - DAG(s) dict_keys(['example_xcom_args_with_operators', 'example_xcom_args']) retrieved from /home/airflow/.local/lib/python3.8/site-packages/airflow/example_dags/example_xcomargs.py
[2023-09-28T18:19:36.003+0000] {logging_mixin.py:151} INFO - [2023-09-28T18:19:36.003+0000] {dag.py:2915} INFO - Sync 2 DAGs
[2023-09-28T18:19:36.011+0000] {logging_mixin.py:151} INFO - [2023-09-28T18:19:36.011+0000] {dag.py:3696} INFO - Setting next_dagrun for example_xcom_args to None, run_after=None
[2023-09-28T18:19:36.015+0000] {logging_mixin.py:151} INFO - [2023-09-28T18:19:36.015+0000] {dag.py:3696} INFO - Setting next_dagrun for example_xcom_args_with_operators to None, run_after=None
[2023-09-28T18:19:36.026+0000] {processor.py:179} INFO - Processing /home/airflow/.local/lib/python3.8/site-packages/airflow/example_dags/example_xcomargs.py took 0.062 seconds
[2023-09-28T18:20:06.649+0000] {processor.py:157} INFO - Started process (PID=715) to work on /home/airflow/.local/lib/python3.8/site-packages/airflow/example_dags/example_xcomargs.py
[2023-09-28T18:20:06.651+0000] {processor.py:829} INFO - Processing file /home/airflow/.local/lib/python3.8/site-packages/airflow/example_dags/example_xcomargs.py for tasks to queue
[2023-09-28T18:20:06.653+0000] {logging_mixin.py:151} INFO - [2023-09-28T18:20:06.653+0000] {dagbag.py:539} INFO - Filling up the DagBag from /home/airflow/.local/lib/python3.8/site-packages/airflow/example_dags/example_xcomargs.py
[2023-09-28T18:20:06.663+0000] {processor.py:839} INFO - DAG(s) dict_keys(['example_xcom_args_with_operators', 'example_xcom_args']) retrieved from /home/airflow/.local/lib/python3.8/site-packages/airflow/example_dags/example_xcomargs.py
[2023-09-28T18:20:06.683+0000] {logging_mixin.py:151} INFO - [2023-09-28T18:20:06.683+0000] {dag.py:2915} INFO - Sync 2 DAGs
[2023-09-28T18:20:06.692+0000] {logging_mixin.py:151} INFO - [2023-09-28T18:20:06.692+0000] {dag.py:3696} INFO - Setting next_dagrun for example_xcom_args to None, run_after=None
[2023-09-28T18:20:06.695+0000] {logging_mixin.py:151} INFO - [2023-09-28T18:20:06.695+0000] {dag.py:3696} INFO - Setting next_dagrun for example_xcom_args_with_operators to None, run_after=None
[2023-09-28T18:20:06.707+0000] {processor.py:179} INFO - Processing /home/airflow/.local/lib/python3.8/site-packages/airflow/example_dags/example_xcomargs.py took 0.061 seconds
[2023-09-28T18:20:37.315+0000] {processor.py:157} INFO - Started process (PID=768) to work on /home/airflow/.local/lib/python3.8/site-packages/airflow/example_dags/example_xcomargs.py
[2023-09-28T18:20:37.317+0000] {processor.py:829} INFO - Processing file /home/airflow/.local/lib/python3.8/site-packages/airflow/example_dags/example_xcomargs.py for tasks to queue
[2023-09-28T18:20:37.322+0000] {logging_mixin.py:151} INFO - [2023-09-28T18:20:37.321+0000] {dagbag.py:539} INFO - Filling up the DagBag from /home/airflow/.local/lib/python3.8/site-packages/airflow/example_dags/example_xcomargs.py
[2023-09-28T18:20:37.331+0000] {processor.py:839} INFO - DAG(s) dict_keys(['example_xcom_args', 'example_xcom_args_with_operators']) retrieved from /home/airflow/.local/lib/python3.8/site-packages/airflow/example_dags/example_xcomargs.py
[2023-09-28T18:20:37.353+0000] {logging_mixin.py:151} INFO - [2023-09-28T18:20:37.353+0000] {dag.py:2915} INFO - Sync 2 DAGs
[2023-09-28T18:20:37.362+0000] {logging_mixin.py:151} INFO - [2023-09-28T18:20:37.362+0000] {dag.py:3696} INFO - Setting next_dagrun for example_xcom_args to None, run_after=None
[2023-09-28T18:20:37.366+0000] {logging_mixin.py:151} INFO - [2023-09-28T18:20:37.366+0000] {dag.py:3696} INFO - Setting next_dagrun for example_xcom_args_with_operators to None, run_after=None
[2023-09-28T18:20:37.378+0000] {processor.py:179} INFO - Processing /home/airflow/.local/lib/python3.8/site-packages/airflow/example_dags/example_xcomargs.py took 0.066 seconds
[2023-09-28T18:21:08.178+0000] {processor.py:157} INFO - Started process (PID=822) to work on /home/airflow/.local/lib/python3.8/site-packages/airflow/example_dags/example_xcomargs.py
[2023-09-28T18:21:08.184+0000] {processor.py:829} INFO - Processing file /home/airflow/.local/lib/python3.8/site-packages/airflow/example_dags/example_xcomargs.py for tasks to queue
[2023-09-28T18:21:08.189+0000] {logging_mixin.py:151} INFO - [2023-09-28T18:21:08.189+0000] {dagbag.py:539} INFO - Filling up the DagBag from /home/airflow/.local/lib/python3.8/site-packages/airflow/example_dags/example_xcomargs.py
[2023-09-28T18:21:08.201+0000] {processor.py:839} INFO - DAG(s) dict_keys(['example_xcom_args', 'example_xcom_args_with_operators']) retrieved from /home/airflow/.local/lib/python3.8/site-packages/airflow/example_dags/example_xcomargs.py
[2023-09-28T18:21:08.239+0000] {logging_mixin.py:151} INFO - [2023-09-28T18:21:08.239+0000] {dag.py:2915} INFO - Sync 2 DAGs
[2023-09-28T18:21:08.252+0000] {logging_mixin.py:151} INFO - [2023-09-28T18:21:08.251+0000] {dag.py:3696} INFO - Setting next_dagrun for example_xcom_args to None, run_after=None
[2023-09-28T18:21:08.256+0000] {logging_mixin.py:151} INFO - [2023-09-28T18:21:08.256+0000] {dag.py:3696} INFO - Setting next_dagrun for example_xcom_args_with_operators to None, run_after=None
[2023-09-28T18:21:08.270+0000] {processor.py:179} INFO - Processing /home/airflow/.local/lib/python3.8/site-packages/airflow/example_dags/example_xcomargs.py took 0.099 seconds
[2023-09-28T18:21:39.018+0000] {processor.py:157} INFO - Started process (PID=876) to work on /home/airflow/.local/lib/python3.8/site-packages/airflow/example_dags/example_xcomargs.py
[2023-09-28T18:21:39.020+0000] {processor.py:829} INFO - Processing file /home/airflow/.local/lib/python3.8/site-packages/airflow/example_dags/example_xcomargs.py for tasks to queue
[2023-09-28T18:21:39.023+0000] {logging_mixin.py:151} INFO - [2023-09-28T18:21:39.023+0000] {dagbag.py:539} INFO - Filling up the DagBag from /home/airflow/.local/lib/python3.8/site-packages/airflow/example_dags/example_xcomargs.py
[2023-09-28T18:21:39.029+0000] {processor.py:839} INFO - DAG(s) dict_keys(['example_xcom_args', 'example_xcom_args_with_operators']) retrieved from /home/airflow/.local/lib/python3.8/site-packages/airflow/example_dags/example_xcomargs.py
[2023-09-28T18:21:39.048+0000] {logging_mixin.py:151} INFO - [2023-09-28T18:21:39.048+0000] {dag.py:2915} INFO - Sync 2 DAGs
[2023-09-28T18:21:39.058+0000] {logging_mixin.py:151} INFO - [2023-09-28T18:21:39.058+0000] {dag.py:3696} INFO - Setting next_dagrun for example_xcom_args to None, run_after=None
[2023-09-28T18:21:39.064+0000] {logging_mixin.py:151} INFO - [2023-09-28T18:21:39.064+0000] {dag.py:3696} INFO - Setting next_dagrun for example_xcom_args_with_operators to None, run_after=None
[2023-09-28T18:21:39.080+0000] {processor.py:179} INFO - Processing /home/airflow/.local/lib/python3.8/site-packages/airflow/example_dags/example_xcomargs.py took 0.064 seconds
[2023-09-28T18:22:09.770+0000] {processor.py:157} INFO - Started process (PID=930) to work on /home/airflow/.local/lib/python3.8/site-packages/airflow/example_dags/example_xcomargs.py
[2023-09-28T18:22:09.772+0000] {processor.py:829} INFO - Processing file /home/airflow/.local/lib/python3.8/site-packages/airflow/example_dags/example_xcomargs.py for tasks to queue
[2023-09-28T18:22:09.775+0000] {logging_mixin.py:151} INFO - [2023-09-28T18:22:09.775+0000] {dagbag.py:539} INFO - Filling up the DagBag from /home/airflow/.local/lib/python3.8/site-packages/airflow/example_dags/example_xcomargs.py
[2023-09-28T18:22:09.781+0000] {processor.py:839} INFO - DAG(s) dict_keys(['example_xcom_args_with_operators', 'example_xcom_args']) retrieved from /home/airflow/.local/lib/python3.8/site-packages/airflow/example_dags/example_xcomargs.py
[2023-09-28T18:22:09.798+0000] {logging_mixin.py:151} INFO - [2023-09-28T18:22:09.798+0000] {dag.py:2915} INFO - Sync 2 DAGs
[2023-09-28T18:22:09.808+0000] {logging_mixin.py:151} INFO - [2023-09-28T18:22:09.808+0000] {dag.py:3696} INFO - Setting next_dagrun for example_xcom_args to None, run_after=None
[2023-09-28T18:22:09.815+0000] {logging_mixin.py:151} INFO - [2023-09-28T18:22:09.815+0000] {dag.py:3696} INFO - Setting next_dagrun for example_xcom_args_with_operators to None, run_after=None
[2023-09-28T18:22:09.826+0000] {processor.py:179} INFO - Processing /home/airflow/.local/lib/python3.8/site-packages/airflow/example_dags/example_xcomargs.py took 0.058 seconds
[2023-09-28T18:22:40.615+0000] {processor.py:157} INFO - Started process (PID=983) to work on /home/airflow/.local/lib/python3.8/site-packages/airflow/example_dags/example_xcomargs.py
[2023-09-28T18:22:40.616+0000] {processor.py:829} INFO - Processing file /home/airflow/.local/lib/python3.8/site-packages/airflow/example_dags/example_xcomargs.py for tasks to queue
[2023-09-28T18:22:40.619+0000] {logging_mixin.py:151} INFO - [2023-09-28T18:22:40.619+0000] {dagbag.py:539} INFO - Filling up the DagBag from /home/airflow/.local/lib/python3.8/site-packages/airflow/example_dags/example_xcomargs.py
[2023-09-28T18:22:40.625+0000] {processor.py:839} INFO - DAG(s) dict_keys(['example_xcom_args', 'example_xcom_args_with_operators']) retrieved from /home/airflow/.local/lib/python3.8/site-packages/airflow/example_dags/example_xcomargs.py
[2023-09-28T18:22:40.646+0000] {logging_mixin.py:151} INFO - [2023-09-28T18:22:40.645+0000] {dag.py:2915} INFO - Sync 2 DAGs
[2023-09-28T18:22:40.658+0000] {logging_mixin.py:151} INFO - [2023-09-28T18:22:40.658+0000] {dag.py:3696} INFO - Setting next_dagrun for example_xcom_args to None, run_after=None
[2023-09-28T18:22:40.664+0000] {logging_mixin.py:151} INFO - [2023-09-28T18:22:40.664+0000] {dag.py:3696} INFO - Setting next_dagrun for example_xcom_args_with_operators to None, run_after=None
[2023-09-28T18:22:40.673+0000] {processor.py:179} INFO - Processing /home/airflow/.local/lib/python3.8/site-packages/airflow/example_dags/example_xcomargs.py took 0.061 seconds
[2023-09-28T18:23:11.553+0000] {processor.py:157} INFO - Started process (PID=1036) to work on /home/airflow/.local/lib/python3.8/site-packages/airflow/example_dags/example_xcomargs.py
[2023-09-28T18:23:11.555+0000] {processor.py:829} INFO - Processing file /home/airflow/.local/lib/python3.8/site-packages/airflow/example_dags/example_xcomargs.py for tasks to queue
[2023-09-28T18:23:11.558+0000] {logging_mixin.py:151} INFO - [2023-09-28T18:23:11.557+0000] {dagbag.py:539} INFO - Filling up the DagBag from /home/airflow/.local/lib/python3.8/site-packages/airflow/example_dags/example_xcomargs.py
[2023-09-28T18:23:11.564+0000] {processor.py:839} INFO - DAG(s) dict_keys(['example_xcom_args', 'example_xcom_args_with_operators']) retrieved from /home/airflow/.local/lib/python3.8/site-packages/airflow/example_dags/example_xcomargs.py
[2023-09-28T18:23:11.584+0000] {logging_mixin.py:151} INFO - [2023-09-28T18:23:11.584+0000] {dag.py:2915} INFO - Sync 2 DAGs
[2023-09-28T18:23:11.593+0000] {logging_mixin.py:151} INFO - [2023-09-28T18:23:11.593+0000] {dag.py:3696} INFO - Setting next_dagrun for example_xcom_args to None, run_after=None
[2023-09-28T18:23:11.596+0000] {logging_mixin.py:151} INFO - [2023-09-28T18:23:11.596+0000] {dag.py:3696} INFO - Setting next_dagrun for example_xcom_args_with_operators to None, run_after=None
[2023-09-28T18:23:11.608+0000] {processor.py:179} INFO - Processing /home/airflow/.local/lib/python3.8/site-packages/airflow/example_dags/example_xcomargs.py took 0.057 seconds
[2023-09-28T18:23:42.519+0000] {processor.py:157} INFO - Started process (PID=1090) to work on /home/airflow/.local/lib/python3.8/site-packages/airflow/example_dags/example_xcomargs.py
[2023-09-28T18:23:42.521+0000] {processor.py:829} INFO - Processing file /home/airflow/.local/lib/python3.8/site-packages/airflow/example_dags/example_xcomargs.py for tasks to queue
[2023-09-28T18:23:42.523+0000] {logging_mixin.py:151} INFO - [2023-09-28T18:23:42.523+0000] {dagbag.py:539} INFO - Filling up the DagBag from /home/airflow/.local/lib/python3.8/site-packages/airflow/example_dags/example_xcomargs.py
[2023-09-28T18:23:42.530+0000] {processor.py:839} INFO - DAG(s) dict_keys(['example_xcom_args', 'example_xcom_args_with_operators']) retrieved from /home/airflow/.local/lib/python3.8/site-packages/airflow/example_dags/example_xcomargs.py
[2023-09-28T18:23:42.554+0000] {logging_mixin.py:151} INFO - [2023-09-28T18:23:42.554+0000] {dag.py:2915} INFO - Sync 2 DAGs
[2023-09-28T18:23:42.566+0000] {logging_mixin.py:151} INFO - [2023-09-28T18:23:42.566+0000] {dag.py:3696} INFO - Setting next_dagrun for example_xcom_args to None, run_after=None
[2023-09-28T18:23:42.570+0000] {logging_mixin.py:151} INFO - [2023-09-28T18:23:42.570+0000] {dag.py:3696} INFO - Setting next_dagrun for example_xcom_args_with_operators to None, run_after=None
[2023-09-28T18:23:42.584+0000] {processor.py:179} INFO - Processing /home/airflow/.local/lib/python3.8/site-packages/airflow/example_dags/example_xcomargs.py took 0.067 seconds
[2023-09-28T18:34:44.788+0000] {processor.py:157} INFO - Started process (PID=67) to work on /home/airflow/.local/lib/python3.8/site-packages/airflow/example_dags/example_xcomargs.py
[2023-09-28T18:34:44.791+0000] {processor.py:829} INFO - Processing file /home/airflow/.local/lib/python3.8/site-packages/airflow/example_dags/example_xcomargs.py for tasks to queue
[2023-09-28T18:34:44.795+0000] {logging_mixin.py:151} INFO - [2023-09-28T18:34:44.795+0000] {dagbag.py:539} INFO - Filling up the DagBag from /home/airflow/.local/lib/python3.8/site-packages/airflow/example_dags/example_xcomargs.py
[2023-09-28T18:34:44.806+0000] {processor.py:839} INFO - DAG(s) dict_keys(['example_xcom_args', 'example_xcom_args_with_operators']) retrieved from /home/airflow/.local/lib/python3.8/site-packages/airflow/example_dags/example_xcomargs.py
[2023-09-28T18:34:44.824+0000] {logging_mixin.py:151} INFO - [2023-09-28T18:34:44.824+0000] {dag.py:2915} INFO - Sync 2 DAGs
[2023-09-28T18:34:44.842+0000] {logging_mixin.py:151} INFO - [2023-09-28T18:34:44.842+0000] {dag.py:3696} INFO - Setting next_dagrun for example_xcom_args to None, run_after=None
[2023-09-28T18:34:44.846+0000] {logging_mixin.py:151} INFO - [2023-09-28T18:34:44.846+0000] {dag.py:3696} INFO - Setting next_dagrun for example_xcom_args_with_operators to None, run_after=None
[2023-09-28T18:34:44.866+0000] {processor.py:179} INFO - Processing /home/airflow/.local/lib/python3.8/site-packages/airflow/example_dags/example_xcomargs.py took 0.082 seconds
[2023-09-28T18:35:15.613+0000] {processor.py:157} INFO - Started process (PID=121) to work on /home/airflow/.local/lib/python3.8/site-packages/airflow/example_dags/example_xcomargs.py
[2023-09-28T18:35:15.618+0000] {processor.py:829} INFO - Processing file /home/airflow/.local/lib/python3.8/site-packages/airflow/example_dags/example_xcomargs.py for tasks to queue
[2023-09-28T18:35:15.621+0000] {logging_mixin.py:151} INFO - [2023-09-28T18:35:15.620+0000] {dagbag.py:539} INFO - Filling up the DagBag from /home/airflow/.local/lib/python3.8/site-packages/airflow/example_dags/example_xcomargs.py
[2023-09-28T18:35:15.628+0000] {processor.py:839} INFO - DAG(s) dict_keys(['example_xcom_args_with_operators', 'example_xcom_args']) retrieved from /home/airflow/.local/lib/python3.8/site-packages/airflow/example_dags/example_xcomargs.py
[2023-09-28T18:35:15.649+0000] {logging_mixin.py:151} INFO - [2023-09-28T18:35:15.649+0000] {dag.py:2915} INFO - Sync 2 DAGs
[2023-09-28T18:35:15.659+0000] {logging_mixin.py:151} INFO - [2023-09-28T18:35:15.658+0000] {dag.py:3696} INFO - Setting next_dagrun for example_xcom_args to None, run_after=None
[2023-09-28T18:35:15.662+0000] {logging_mixin.py:151} INFO - [2023-09-28T18:35:15.661+0000] {dag.py:3696} INFO - Setting next_dagrun for example_xcom_args_with_operators to None, run_after=None
[2023-09-28T18:35:15.673+0000] {processor.py:179} INFO - Processing /home/airflow/.local/lib/python3.8/site-packages/airflow/example_dags/example_xcomargs.py took 0.063 seconds
[2023-09-28T18:35:46.041+0000] {processor.py:157} INFO - Started process (PID=175) to work on /home/airflow/.local/lib/python3.8/site-packages/airflow/example_dags/example_xcomargs.py
[2023-09-28T18:35:46.044+0000] {processor.py:829} INFO - Processing file /home/airflow/.local/lib/python3.8/site-packages/airflow/example_dags/example_xcomargs.py for tasks to queue
[2023-09-28T18:35:46.050+0000] {logging_mixin.py:151} INFO - [2023-09-28T18:35:46.050+0000] {dagbag.py:539} INFO - Filling up the DagBag from /home/airflow/.local/lib/python3.8/site-packages/airflow/example_dags/example_xcomargs.py
[2023-09-28T18:35:46.057+0000] {processor.py:839} INFO - DAG(s) dict_keys(['example_xcom_args_with_operators', 'example_xcom_args']) retrieved from /home/airflow/.local/lib/python3.8/site-packages/airflow/example_dags/example_xcomargs.py
[2023-09-28T18:35:46.077+0000] {logging_mixin.py:151} INFO - [2023-09-28T18:35:46.077+0000] {dag.py:2915} INFO - Sync 2 DAGs
[2023-09-28T18:35:46.085+0000] {logging_mixin.py:151} INFO - [2023-09-28T18:35:46.085+0000] {dag.py:3696} INFO - Setting next_dagrun for example_xcom_args to None, run_after=None
[2023-09-28T18:35:46.089+0000] {logging_mixin.py:151} INFO - [2023-09-28T18:35:46.089+0000] {dag.py:3696} INFO - Setting next_dagrun for example_xcom_args_with_operators to None, run_after=None
[2023-09-28T18:35:46.115+0000] {processor.py:179} INFO - Processing /home/airflow/.local/lib/python3.8/site-packages/airflow/example_dags/example_xcomargs.py took 0.076 seconds
[2023-09-28T18:36:16.986+0000] {processor.py:157} INFO - Started process (PID=229) to work on /home/airflow/.local/lib/python3.8/site-packages/airflow/example_dags/example_xcomargs.py
[2023-09-28T18:36:16.988+0000] {processor.py:829} INFO - Processing file /home/airflow/.local/lib/python3.8/site-packages/airflow/example_dags/example_xcomargs.py for tasks to queue
[2023-09-28T18:36:16.990+0000] {logging_mixin.py:151} INFO - [2023-09-28T18:36:16.990+0000] {dagbag.py:539} INFO - Filling up the DagBag from /home/airflow/.local/lib/python3.8/site-packages/airflow/example_dags/example_xcomargs.py
[2023-09-28T18:36:16.997+0000] {processor.py:839} INFO - DAG(s) dict_keys(['example_xcom_args_with_operators', 'example_xcom_args']) retrieved from /home/airflow/.local/lib/python3.8/site-packages/airflow/example_dags/example_xcomargs.py
[2023-09-28T18:36:17.017+0000] {logging_mixin.py:151} INFO - [2023-09-28T18:36:17.017+0000] {dag.py:2915} INFO - Sync 2 DAGs
[2023-09-28T18:36:17.027+0000] {logging_mixin.py:151} INFO - [2023-09-28T18:36:17.026+0000] {dag.py:3696} INFO - Setting next_dagrun for example_xcom_args to None, run_after=None
[2023-09-28T18:36:17.034+0000] {logging_mixin.py:151} INFO - [2023-09-28T18:36:17.034+0000] {dag.py:3696} INFO - Setting next_dagrun for example_xcom_args_with_operators to None, run_after=None
[2023-09-28T18:36:17.046+0000] {processor.py:179} INFO - Processing /home/airflow/.local/lib/python3.8/site-packages/airflow/example_dags/example_xcomargs.py took 0.063 seconds
