[2023-09-28T18:05:29.986+0000] {processor.py:157} INFO - Started process (PID=71) to work on /home/airflow/.local/lib/python3.8/site-packages/airflow/example_dags/example_task_group_decorator.py
[2023-09-28T18:05:29.988+0000] {processor.py:829} INFO - Processing file /home/airflow/.local/lib/python3.8/site-packages/airflow/example_dags/example_task_group_decorator.py for tasks to queue
[2023-09-28T18:05:29.992+0000] {logging_mixin.py:151} INFO - [2023-09-28T18:05:29.991+0000] {dagbag.py:539} INFO - Filling up the DagBag from /home/airflow/.local/lib/python3.8/site-packages/airflow/example_dags/example_task_group_decorator.py
[2023-09-28T18:05:30.004+0000] {processor.py:839} INFO - DAG(s) dict_keys(['example_task_group_decorator']) retrieved from /home/airflow/.local/lib/python3.8/site-packages/airflow/example_dags/example_task_group_decorator.py
[2023-09-28T18:05:30.027+0000] {logging_mixin.py:151} INFO - [2023-09-28T18:05:30.027+0000] {dag.py:2915} INFO - Sync 1 DAGs
[2023-09-28T18:05:30.065+0000] {logging_mixin.py:151} INFO - [2023-09-28T18:05:30.065+0000] {dag.py:3696} INFO - Setting next_dagrun for example_task_group_decorator to 2023-09-27T18:05:30.064794+00:00, run_after=2023-09-28T18:05:30.064794+00:00
[2023-09-28T18:05:30.092+0000] {processor.py:179} INFO - Processing /home/airflow/.local/lib/python3.8/site-packages/airflow/example_dags/example_task_group_decorator.py took 0.111 seconds
[2023-09-28T18:06:00.568+0000] {processor.py:157} INFO - Started process (PID=124) to work on /home/airflow/.local/lib/python3.8/site-packages/airflow/example_dags/example_task_group_decorator.py
[2023-09-28T18:06:00.570+0000] {processor.py:829} INFO - Processing file /home/airflow/.local/lib/python3.8/site-packages/airflow/example_dags/example_task_group_decorator.py for tasks to queue
[2023-09-28T18:06:00.572+0000] {logging_mixin.py:151} INFO - [2023-09-28T18:06:00.572+0000] {dagbag.py:539} INFO - Filling up the DagBag from /home/airflow/.local/lib/python3.8/site-packages/airflow/example_dags/example_task_group_decorator.py
[2023-09-28T18:06:00.580+0000] {processor.py:839} INFO - DAG(s) dict_keys(['example_task_group_decorator']) retrieved from /home/airflow/.local/lib/python3.8/site-packages/airflow/example_dags/example_task_group_decorator.py
[2023-09-28T18:06:00.597+0000] {logging_mixin.py:151} INFO - [2023-09-28T18:06:00.597+0000] {dag.py:2915} INFO - Sync 1 DAGs
[2023-09-28T18:06:00.609+0000] {logging_mixin.py:151} INFO - [2023-09-28T18:06:00.609+0000] {dag.py:3696} INFO - Setting next_dagrun for example_task_group_decorator to 2023-09-27T18:06:00.609184+00:00, run_after=2023-09-28T18:06:00.609184+00:00
[2023-09-28T18:06:00.621+0000] {processor.py:179} INFO - Processing /home/airflow/.local/lib/python3.8/site-packages/airflow/example_dags/example_task_group_decorator.py took 0.055 seconds
[2023-09-28T18:06:31.529+0000] {processor.py:157} INFO - Started process (PID=178) to work on /home/airflow/.local/lib/python3.8/site-packages/airflow/example_dags/example_task_group_decorator.py
[2023-09-28T18:06:31.531+0000] {processor.py:829} INFO - Processing file /home/airflow/.local/lib/python3.8/site-packages/airflow/example_dags/example_task_group_decorator.py for tasks to queue
[2023-09-28T18:06:31.534+0000] {logging_mixin.py:151} INFO - [2023-09-28T18:06:31.534+0000] {dagbag.py:539} INFO - Filling up the DagBag from /home/airflow/.local/lib/python3.8/site-packages/airflow/example_dags/example_task_group_decorator.py
[2023-09-28T18:06:31.548+0000] {processor.py:839} INFO - DAG(s) dict_keys(['example_task_group_decorator']) retrieved from /home/airflow/.local/lib/python3.8/site-packages/airflow/example_dags/example_task_group_decorator.py
[2023-09-28T18:06:31.569+0000] {logging_mixin.py:151} INFO - [2023-09-28T18:06:31.569+0000] {dag.py:2915} INFO - Sync 1 DAGs
[2023-09-28T18:06:31.585+0000] {logging_mixin.py:151} INFO - [2023-09-28T18:06:31.585+0000] {dag.py:3696} INFO - Setting next_dagrun for example_task_group_decorator to 2023-09-27T18:06:31.585362+00:00, run_after=2023-09-28T18:06:31.585362+00:00
[2023-09-28T18:06:31.599+0000] {processor.py:179} INFO - Processing /home/airflow/.local/lib/python3.8/site-packages/airflow/example_dags/example_task_group_decorator.py took 0.073 seconds
[2023-09-28T18:07:01.645+0000] {processor.py:157} INFO - Started process (PID=232) to work on /home/airflow/.local/lib/python3.8/site-packages/airflow/example_dags/example_task_group_decorator.py
[2023-09-28T18:07:01.647+0000] {processor.py:829} INFO - Processing file /home/airflow/.local/lib/python3.8/site-packages/airflow/example_dags/example_task_group_decorator.py for tasks to queue
[2023-09-28T18:07:01.650+0000] {logging_mixin.py:151} INFO - [2023-09-28T18:07:01.650+0000] {dagbag.py:539} INFO - Filling up the DagBag from /home/airflow/.local/lib/python3.8/site-packages/airflow/example_dags/example_task_group_decorator.py
[2023-09-28T18:07:01.658+0000] {processor.py:839} INFO - DAG(s) dict_keys(['example_task_group_decorator']) retrieved from /home/airflow/.local/lib/python3.8/site-packages/airflow/example_dags/example_task_group_decorator.py
[2023-09-28T18:07:01.674+0000] {logging_mixin.py:151} INFO - [2023-09-28T18:07:01.674+0000] {dag.py:2915} INFO - Sync 1 DAGs
[2023-09-28T18:07:01.687+0000] {logging_mixin.py:151} INFO - [2023-09-28T18:07:01.687+0000] {dag.py:3696} INFO - Setting next_dagrun for example_task_group_decorator to 2023-09-27T18:07:01.687339+00:00, run_after=2023-09-28T18:07:01.687339+00:00
[2023-09-28T18:07:01.698+0000] {processor.py:179} INFO - Processing /home/airflow/.local/lib/python3.8/site-packages/airflow/example_dags/example_task_group_decorator.py took 0.056 seconds
[2023-09-28T18:07:32.379+0000] {processor.py:157} INFO - Started process (PID=286) to work on /home/airflow/.local/lib/python3.8/site-packages/airflow/example_dags/example_task_group_decorator.py
[2023-09-28T18:07:32.381+0000] {processor.py:829} INFO - Processing file /home/airflow/.local/lib/python3.8/site-packages/airflow/example_dags/example_task_group_decorator.py for tasks to queue
[2023-09-28T18:07:32.383+0000] {logging_mixin.py:151} INFO - [2023-09-28T18:07:32.383+0000] {dagbag.py:539} INFO - Filling up the DagBag from /home/airflow/.local/lib/python3.8/site-packages/airflow/example_dags/example_task_group_decorator.py
[2023-09-28T18:07:32.394+0000] {processor.py:839} INFO - DAG(s) dict_keys(['example_task_group_decorator']) retrieved from /home/airflow/.local/lib/python3.8/site-packages/airflow/example_dags/example_task_group_decorator.py
[2023-09-28T18:07:32.418+0000] {logging_mixin.py:151} INFO - [2023-09-28T18:07:32.418+0000] {dag.py:2915} INFO - Sync 1 DAGs
[2023-09-28T18:07:32.432+0000] {logging_mixin.py:151} INFO - [2023-09-28T18:07:32.432+0000] {dag.py:3696} INFO - Setting next_dagrun for example_task_group_decorator to 2023-09-27T18:07:32.432550+00:00, run_after=2023-09-28T18:07:32.432550+00:00
[2023-09-28T18:07:32.446+0000] {processor.py:179} INFO - Processing /home/airflow/.local/lib/python3.8/site-packages/airflow/example_dags/example_task_group_decorator.py took 0.069 seconds
[2023-09-28T18:08:03.288+0000] {processor.py:157} INFO - Started process (PID=340) to work on /home/airflow/.local/lib/python3.8/site-packages/airflow/example_dags/example_task_group_decorator.py
[2023-09-28T18:08:03.289+0000] {processor.py:829} INFO - Processing file /home/airflow/.local/lib/python3.8/site-packages/airflow/example_dags/example_task_group_decorator.py for tasks to queue
[2023-09-28T18:08:03.292+0000] {logging_mixin.py:151} INFO - [2023-09-28T18:08:03.292+0000] {dagbag.py:539} INFO - Filling up the DagBag from /home/airflow/.local/lib/python3.8/site-packages/airflow/example_dags/example_task_group_decorator.py
[2023-09-28T18:08:03.301+0000] {processor.py:839} INFO - DAG(s) dict_keys(['example_task_group_decorator']) retrieved from /home/airflow/.local/lib/python3.8/site-packages/airflow/example_dags/example_task_group_decorator.py
[2023-09-28T18:08:03.322+0000] {logging_mixin.py:151} INFO - [2023-09-28T18:08:03.322+0000] {dag.py:2915} INFO - Sync 1 DAGs
[2023-09-28T18:08:03.337+0000] {logging_mixin.py:151} INFO - [2023-09-28T18:08:03.337+0000] {dag.py:3696} INFO - Setting next_dagrun for example_task_group_decorator to 2023-09-27T18:08:03.337029+00:00, run_after=2023-09-28T18:08:03.337029+00:00
[2023-09-28T18:08:03.354+0000] {processor.py:179} INFO - Processing /home/airflow/.local/lib/python3.8/site-packages/airflow/example_dags/example_task_group_decorator.py took 0.069 seconds
[2023-09-28T18:08:33.493+0000] {processor.py:157} INFO - Started process (PID=394) to work on /home/airflow/.local/lib/python3.8/site-packages/airflow/example_dags/example_task_group_decorator.py
[2023-09-28T18:08:33.496+0000] {processor.py:829} INFO - Processing file /home/airflow/.local/lib/python3.8/site-packages/airflow/example_dags/example_task_group_decorator.py for tasks to queue
[2023-09-28T18:08:33.498+0000] {logging_mixin.py:151} INFO - [2023-09-28T18:08:33.498+0000] {dagbag.py:539} INFO - Filling up the DagBag from /home/airflow/.local/lib/python3.8/site-packages/airflow/example_dags/example_task_group_decorator.py
[2023-09-28T18:08:33.507+0000] {processor.py:839} INFO - DAG(s) dict_keys(['example_task_group_decorator']) retrieved from /home/airflow/.local/lib/python3.8/site-packages/airflow/example_dags/example_task_group_decorator.py
[2023-09-28T18:08:33.524+0000] {logging_mixin.py:151} INFO - [2023-09-28T18:08:33.524+0000] {dag.py:2915} INFO - Sync 1 DAGs
[2023-09-28T18:08:33.539+0000] {logging_mixin.py:151} INFO - [2023-09-28T18:08:33.539+0000] {dag.py:3696} INFO - Setting next_dagrun for example_task_group_decorator to 2023-09-27T18:08:33.539571+00:00, run_after=2023-09-28T18:08:33.539571+00:00
[2023-09-28T18:08:33.552+0000] {processor.py:179} INFO - Processing /home/airflow/.local/lib/python3.8/site-packages/airflow/example_dags/example_task_group_decorator.py took 0.061 seconds
[2023-09-28T18:09:04.213+0000] {processor.py:157} INFO - Started process (PID=448) to work on /home/airflow/.local/lib/python3.8/site-packages/airflow/example_dags/example_task_group_decorator.py
[2023-09-28T18:09:04.217+0000] {processor.py:829} INFO - Processing file /home/airflow/.local/lib/python3.8/site-packages/airflow/example_dags/example_task_group_decorator.py for tasks to queue
[2023-09-28T18:09:04.219+0000] {logging_mixin.py:151} INFO - [2023-09-28T18:09:04.219+0000] {dagbag.py:539} INFO - Filling up the DagBag from /home/airflow/.local/lib/python3.8/site-packages/airflow/example_dags/example_task_group_decorator.py
[2023-09-28T18:09:04.228+0000] {processor.py:839} INFO - DAG(s) dict_keys(['example_task_group_decorator']) retrieved from /home/airflow/.local/lib/python3.8/site-packages/airflow/example_dags/example_task_group_decorator.py
[2023-09-28T18:09:04.246+0000] {logging_mixin.py:151} INFO - [2023-09-28T18:09:04.245+0000] {dag.py:2915} INFO - Sync 1 DAGs
[2023-09-28T18:09:04.261+0000] {logging_mixin.py:151} INFO - [2023-09-28T18:09:04.261+0000] {dag.py:3696} INFO - Setting next_dagrun for example_task_group_decorator to 2023-09-27T18:09:04.261308+00:00, run_after=2023-09-28T18:09:04.261308+00:00
[2023-09-28T18:09:04.277+0000] {processor.py:179} INFO - Processing /home/airflow/.local/lib/python3.8/site-packages/airflow/example_dags/example_task_group_decorator.py took 0.066 seconds
[2023-09-28T18:09:35.018+0000] {processor.py:157} INFO - Started process (PID=501) to work on /home/airflow/.local/lib/python3.8/site-packages/airflow/example_dags/example_task_group_decorator.py
[2023-09-28T18:09:35.023+0000] {processor.py:829} INFO - Processing file /home/airflow/.local/lib/python3.8/site-packages/airflow/example_dags/example_task_group_decorator.py for tasks to queue
[2023-09-28T18:09:35.025+0000] {logging_mixin.py:151} INFO - [2023-09-28T18:09:35.025+0000] {dagbag.py:539} INFO - Filling up the DagBag from /home/airflow/.local/lib/python3.8/site-packages/airflow/example_dags/example_task_group_decorator.py
[2023-09-28T18:09:35.038+0000] {processor.py:839} INFO - DAG(s) dict_keys(['example_task_group_decorator']) retrieved from /home/airflow/.local/lib/python3.8/site-packages/airflow/example_dags/example_task_group_decorator.py
[2023-09-28T18:09:35.055+0000] {logging_mixin.py:151} INFO - [2023-09-28T18:09:35.055+0000] {dag.py:2915} INFO - Sync 1 DAGs
[2023-09-28T18:09:35.071+0000] {logging_mixin.py:151} INFO - [2023-09-28T18:09:35.071+0000] {dag.py:3696} INFO - Setting next_dagrun for example_task_group_decorator to 2023-09-27T18:09:35.071485+00:00, run_after=2023-09-28T18:09:35.071485+00:00
[2023-09-28T18:09:35.084+0000] {processor.py:179} INFO - Processing /home/airflow/.local/lib/python3.8/site-packages/airflow/example_dags/example_task_group_decorator.py took 0.068 seconds
[2023-09-28T18:10:05.791+0000] {processor.py:157} INFO - Started process (PID=555) to work on /home/airflow/.local/lib/python3.8/site-packages/airflow/example_dags/example_task_group_decorator.py
[2023-09-28T18:10:05.793+0000] {processor.py:829} INFO - Processing file /home/airflow/.local/lib/python3.8/site-packages/airflow/example_dags/example_task_group_decorator.py for tasks to queue
[2023-09-28T18:10:05.796+0000] {logging_mixin.py:151} INFO - [2023-09-28T18:10:05.795+0000] {dagbag.py:539} INFO - Filling up the DagBag from /home/airflow/.local/lib/python3.8/site-packages/airflow/example_dags/example_task_group_decorator.py
[2023-09-28T18:10:05.805+0000] {processor.py:839} INFO - DAG(s) dict_keys(['example_task_group_decorator']) retrieved from /home/airflow/.local/lib/python3.8/site-packages/airflow/example_dags/example_task_group_decorator.py
[2023-09-28T18:10:05.848+0000] {logging_mixin.py:151} INFO - [2023-09-28T18:10:05.848+0000] {dag.py:2915} INFO - Sync 1 DAGs
[2023-09-28T18:10:05.870+0000] {logging_mixin.py:151} INFO - [2023-09-28T18:10:05.870+0000] {dag.py:3696} INFO - Setting next_dagrun for example_task_group_decorator to 2023-09-27T18:10:05.870094+00:00, run_after=2023-09-28T18:10:05.870094+00:00
[2023-09-28T18:10:05.885+0000] {processor.py:179} INFO - Processing /home/airflow/.local/lib/python3.8/site-packages/airflow/example_dags/example_task_group_decorator.py took 0.096 seconds
[2023-09-28T18:10:36.625+0000] {processor.py:157} INFO - Started process (PID=609) to work on /home/airflow/.local/lib/python3.8/site-packages/airflow/example_dags/example_task_group_decorator.py
[2023-09-28T18:10:36.627+0000] {processor.py:829} INFO - Processing file /home/airflow/.local/lib/python3.8/site-packages/airflow/example_dags/example_task_group_decorator.py for tasks to queue
[2023-09-28T18:10:36.630+0000] {logging_mixin.py:151} INFO - [2023-09-28T18:10:36.629+0000] {dagbag.py:539} INFO - Filling up the DagBag from /home/airflow/.local/lib/python3.8/site-packages/airflow/example_dags/example_task_group_decorator.py
[2023-09-28T18:10:36.638+0000] {processor.py:839} INFO - DAG(s) dict_keys(['example_task_group_decorator']) retrieved from /home/airflow/.local/lib/python3.8/site-packages/airflow/example_dags/example_task_group_decorator.py
[2023-09-28T18:10:36.657+0000] {logging_mixin.py:151} INFO - [2023-09-28T18:10:36.657+0000] {dag.py:2915} INFO - Sync 1 DAGs
[2023-09-28T18:10:36.673+0000] {logging_mixin.py:151} INFO - [2023-09-28T18:10:36.672+0000] {dag.py:3696} INFO - Setting next_dagrun for example_task_group_decorator to 2023-09-27T18:10:36.672679+00:00, run_after=2023-09-28T18:10:36.672679+00:00
[2023-09-28T18:10:36.690+0000] {processor.py:179} INFO - Processing /home/airflow/.local/lib/python3.8/site-packages/airflow/example_dags/example_task_group_decorator.py took 0.067 seconds
[2023-09-28T18:11:08.116+0000] {processor.py:157} INFO - Started process (PID=663) to work on /home/airflow/.local/lib/python3.8/site-packages/airflow/example_dags/example_task_group_decorator.py
[2023-09-28T18:11:08.118+0000] {processor.py:829} INFO - Processing file /home/airflow/.local/lib/python3.8/site-packages/airflow/example_dags/example_task_group_decorator.py for tasks to queue
[2023-09-28T18:11:08.122+0000] {logging_mixin.py:151} INFO - [2023-09-28T18:11:08.122+0000] {dagbag.py:539} INFO - Filling up the DagBag from /home/airflow/.local/lib/python3.8/site-packages/airflow/example_dags/example_task_group_decorator.py
[2023-09-28T18:11:08.136+0000] {processor.py:839} INFO - DAG(s) dict_keys(['example_task_group_decorator']) retrieved from /home/airflow/.local/lib/python3.8/site-packages/airflow/example_dags/example_task_group_decorator.py
[2023-09-28T18:11:08.168+0000] {logging_mixin.py:151} INFO - [2023-09-28T18:11:08.167+0000] {dag.py:2915} INFO - Sync 1 DAGs
[2023-09-28T18:11:08.193+0000] {logging_mixin.py:151} INFO - [2023-09-28T18:11:08.193+0000] {dag.py:3696} INFO - Setting next_dagrun for example_task_group_decorator to 2023-09-27T18:11:08.192976+00:00, run_after=2023-09-28T18:11:08.192976+00:00
[2023-09-28T18:11:08.221+0000] {processor.py:179} INFO - Processing /home/airflow/.local/lib/python3.8/site-packages/airflow/example_dags/example_task_group_decorator.py took 0.109 seconds
[2023-09-28T18:13:58.198+0000] {processor.py:157} INFO - Started process (PID=70) to work on /home/airflow/.local/lib/python3.8/site-packages/airflow/example_dags/example_task_group_decorator.py
[2023-09-28T18:13:58.200+0000] {processor.py:829} INFO - Processing file /home/airflow/.local/lib/python3.8/site-packages/airflow/example_dags/example_task_group_decorator.py for tasks to queue
[2023-09-28T18:13:58.203+0000] {logging_mixin.py:151} INFO - [2023-09-28T18:13:58.203+0000] {dagbag.py:539} INFO - Filling up the DagBag from /home/airflow/.local/lib/python3.8/site-packages/airflow/example_dags/example_task_group_decorator.py
[2023-09-28T18:13:58.214+0000] {processor.py:839} INFO - DAG(s) dict_keys(['example_task_group_decorator']) retrieved from /home/airflow/.local/lib/python3.8/site-packages/airflow/example_dags/example_task_group_decorator.py
[2023-09-28T18:13:58.284+0000] {logging_mixin.py:151} INFO - [2023-09-28T18:13:58.284+0000] {manager.py:499} INFO - Created Permission View: %s
[2023-09-28T18:13:58.291+0000] {logging_mixin.py:151} INFO - [2023-09-28T18:13:58.291+0000] {manager.py:499} INFO - Created Permission View: %s
[2023-09-28T18:13:58.296+0000] {logging_mixin.py:151} INFO - [2023-09-28T18:13:58.296+0000] {manager.py:499} INFO - Created Permission View: %s
[2023-09-28T18:13:58.297+0000] {logging_mixin.py:151} INFO - [2023-09-28T18:13:58.297+0000] {security.py:708} INFO - Not syncing DAG-level permissions for DAG 'DAG:example_task_group_decorator' as access control is unset.
[2023-09-28T18:13:58.298+0000] {logging_mixin.py:151} INFO - [2023-09-28T18:13:58.298+0000] {dag.py:2915} INFO - Sync 1 DAGs
[2023-09-28T18:13:58.307+0000] {logging_mixin.py:151} INFO - [2023-09-28T18:13:58.307+0000] {dag.py:2937} INFO - Creating ORM DAG for example_task_group_decorator
[2023-09-28T18:13:58.314+0000] {logging_mixin.py:151} INFO - [2023-09-28T18:13:58.314+0000] {dag.py:3696} INFO - Setting next_dagrun for example_task_group_decorator to 2023-09-27T18:13:58.314126+00:00, run_after=2023-09-28T18:13:58.314126+00:00
[2023-09-28T18:13:58.332+0000] {processor.py:179} INFO - Processing /home/airflow/.local/lib/python3.8/site-packages/airflow/example_dags/example_task_group_decorator.py took 0.136 seconds
[2023-09-28T18:14:28.726+0000] {processor.py:157} INFO - Started process (PID=124) to work on /home/airflow/.local/lib/python3.8/site-packages/airflow/example_dags/example_task_group_decorator.py
[2023-09-28T18:14:28.728+0000] {processor.py:829} INFO - Processing file /home/airflow/.local/lib/python3.8/site-packages/airflow/example_dags/example_task_group_decorator.py for tasks to queue
[2023-09-28T18:14:28.730+0000] {logging_mixin.py:151} INFO - [2023-09-28T18:14:28.730+0000] {dagbag.py:539} INFO - Filling up the DagBag from /home/airflow/.local/lib/python3.8/site-packages/airflow/example_dags/example_task_group_decorator.py
[2023-09-28T18:14:28.739+0000] {processor.py:839} INFO - DAG(s) dict_keys(['example_task_group_decorator']) retrieved from /home/airflow/.local/lib/python3.8/site-packages/airflow/example_dags/example_task_group_decorator.py
[2023-09-28T18:14:28.758+0000] {logging_mixin.py:151} INFO - [2023-09-28T18:14:28.758+0000] {dag.py:2915} INFO - Sync 1 DAGs
[2023-09-28T18:14:28.775+0000] {logging_mixin.py:151} INFO - [2023-09-28T18:14:28.774+0000] {dag.py:3696} INFO - Setting next_dagrun for example_task_group_decorator to 2023-09-27T18:14:28.774834+00:00, run_after=2023-09-28T18:14:28.774834+00:00
[2023-09-28T18:14:28.787+0000] {processor.py:179} INFO - Processing /home/airflow/.local/lib/python3.8/site-packages/airflow/example_dags/example_task_group_decorator.py took 0.063 seconds
[2023-09-28T18:14:59.514+0000] {processor.py:157} INFO - Started process (PID=178) to work on /home/airflow/.local/lib/python3.8/site-packages/airflow/example_dags/example_task_group_decorator.py
[2023-09-28T18:14:59.516+0000] {processor.py:829} INFO - Processing file /home/airflow/.local/lib/python3.8/site-packages/airflow/example_dags/example_task_group_decorator.py for tasks to queue
[2023-09-28T18:14:59.518+0000] {logging_mixin.py:151} INFO - [2023-09-28T18:14:59.518+0000] {dagbag.py:539} INFO - Filling up the DagBag from /home/airflow/.local/lib/python3.8/site-packages/airflow/example_dags/example_task_group_decorator.py
[2023-09-28T18:14:59.527+0000] {processor.py:839} INFO - DAG(s) dict_keys(['example_task_group_decorator']) retrieved from /home/airflow/.local/lib/python3.8/site-packages/airflow/example_dags/example_task_group_decorator.py
[2023-09-28T18:14:59.545+0000] {logging_mixin.py:151} INFO - [2023-09-28T18:14:59.545+0000] {dag.py:2915} INFO - Sync 1 DAGs
[2023-09-28T18:14:59.559+0000] {logging_mixin.py:151} INFO - [2023-09-28T18:14:59.559+0000] {dag.py:3696} INFO - Setting next_dagrun for example_task_group_decorator to 2023-09-27T18:14:59.559220+00:00, run_after=2023-09-28T18:14:59.559220+00:00
[2023-09-28T18:14:59.572+0000] {processor.py:179} INFO - Processing /home/airflow/.local/lib/python3.8/site-packages/airflow/example_dags/example_task_group_decorator.py took 0.061 seconds
[2023-09-28T18:15:30.215+0000] {processor.py:157} INFO - Started process (PID=232) to work on /home/airflow/.local/lib/python3.8/site-packages/airflow/example_dags/example_task_group_decorator.py
[2023-09-28T18:15:30.217+0000] {processor.py:829} INFO - Processing file /home/airflow/.local/lib/python3.8/site-packages/airflow/example_dags/example_task_group_decorator.py for tasks to queue
[2023-09-28T18:15:30.219+0000] {logging_mixin.py:151} INFO - [2023-09-28T18:15:30.219+0000] {dagbag.py:539} INFO - Filling up the DagBag from /home/airflow/.local/lib/python3.8/site-packages/airflow/example_dags/example_task_group_decorator.py
[2023-09-28T18:15:30.228+0000] {processor.py:839} INFO - DAG(s) dict_keys(['example_task_group_decorator']) retrieved from /home/airflow/.local/lib/python3.8/site-packages/airflow/example_dags/example_task_group_decorator.py
[2023-09-28T18:15:30.250+0000] {logging_mixin.py:151} INFO - [2023-09-28T18:15:30.250+0000] {dag.py:2915} INFO - Sync 1 DAGs
[2023-09-28T18:15:30.267+0000] {logging_mixin.py:151} INFO - [2023-09-28T18:15:30.267+0000] {dag.py:3696} INFO - Setting next_dagrun for example_task_group_decorator to 2023-09-27T18:15:30.267342+00:00, run_after=2023-09-28T18:15:30.267342+00:00
[2023-09-28T18:15:30.279+0000] {processor.py:179} INFO - Processing /home/airflow/.local/lib/python3.8/site-packages/airflow/example_dags/example_task_group_decorator.py took 0.067 seconds
[2023-09-28T18:16:00.964+0000] {processor.py:157} INFO - Started process (PID=286) to work on /home/airflow/.local/lib/python3.8/site-packages/airflow/example_dags/example_task_group_decorator.py
[2023-09-28T18:16:00.966+0000] {processor.py:829} INFO - Processing file /home/airflow/.local/lib/python3.8/site-packages/airflow/example_dags/example_task_group_decorator.py for tasks to queue
[2023-09-28T18:16:00.969+0000] {logging_mixin.py:151} INFO - [2023-09-28T18:16:00.969+0000] {dagbag.py:539} INFO - Filling up the DagBag from /home/airflow/.local/lib/python3.8/site-packages/airflow/example_dags/example_task_group_decorator.py
[2023-09-28T18:16:00.984+0000] {processor.py:839} INFO - DAG(s) dict_keys(['example_task_group_decorator']) retrieved from /home/airflow/.local/lib/python3.8/site-packages/airflow/example_dags/example_task_group_decorator.py
[2023-09-28T18:16:01.002+0000] {logging_mixin.py:151} INFO - [2023-09-28T18:16:01.002+0000] {dag.py:2915} INFO - Sync 1 DAGs
[2023-09-28T18:16:01.017+0000] {logging_mixin.py:151} INFO - [2023-09-28T18:16:01.017+0000] {dag.py:3696} INFO - Setting next_dagrun for example_task_group_decorator to 2023-09-27T18:16:01.016934+00:00, run_after=2023-09-28T18:16:01.016934+00:00
[2023-09-28T18:16:01.029+0000] {processor.py:179} INFO - Processing /home/airflow/.local/lib/python3.8/site-packages/airflow/example_dags/example_task_group_decorator.py took 0.068 seconds
[2023-09-28T18:16:31.674+0000] {processor.py:157} INFO - Started process (PID=340) to work on /home/airflow/.local/lib/python3.8/site-packages/airflow/example_dags/example_task_group_decorator.py
[2023-09-28T18:16:31.676+0000] {processor.py:829} INFO - Processing file /home/airflow/.local/lib/python3.8/site-packages/airflow/example_dags/example_task_group_decorator.py for tasks to queue
[2023-09-28T18:16:31.680+0000] {logging_mixin.py:151} INFO - [2023-09-28T18:16:31.679+0000] {dagbag.py:539} INFO - Filling up the DagBag from /home/airflow/.local/lib/python3.8/site-packages/airflow/example_dags/example_task_group_decorator.py
[2023-09-28T18:16:31.689+0000] {processor.py:839} INFO - DAG(s) dict_keys(['example_task_group_decorator']) retrieved from /home/airflow/.local/lib/python3.8/site-packages/airflow/example_dags/example_task_group_decorator.py
[2023-09-28T18:16:31.707+0000] {logging_mixin.py:151} INFO - [2023-09-28T18:16:31.707+0000] {dag.py:2915} INFO - Sync 1 DAGs
[2023-09-28T18:16:31.725+0000] {logging_mixin.py:151} INFO - [2023-09-28T18:16:31.724+0000] {dag.py:3696} INFO - Setting next_dagrun for example_task_group_decorator to 2023-09-27T18:16:31.724775+00:00, run_after=2023-09-28T18:16:31.724775+00:00
[2023-09-28T18:16:31.737+0000] {processor.py:179} INFO - Processing /home/airflow/.local/lib/python3.8/site-packages/airflow/example_dags/example_task_group_decorator.py took 0.065 seconds
[2023-09-28T18:17:02.471+0000] {processor.py:157} INFO - Started process (PID=394) to work on /home/airflow/.local/lib/python3.8/site-packages/airflow/example_dags/example_task_group_decorator.py
[2023-09-28T18:17:02.474+0000] {processor.py:829} INFO - Processing file /home/airflow/.local/lib/python3.8/site-packages/airflow/example_dags/example_task_group_decorator.py for tasks to queue
[2023-09-28T18:17:02.477+0000] {logging_mixin.py:151} INFO - [2023-09-28T18:17:02.477+0000] {dagbag.py:539} INFO - Filling up the DagBag from /home/airflow/.local/lib/python3.8/site-packages/airflow/example_dags/example_task_group_decorator.py
[2023-09-28T18:17:02.489+0000] {processor.py:839} INFO - DAG(s) dict_keys(['example_task_group_decorator']) retrieved from /home/airflow/.local/lib/python3.8/site-packages/airflow/example_dags/example_task_group_decorator.py
[2023-09-28T18:17:02.508+0000] {logging_mixin.py:151} INFO - [2023-09-28T18:17:02.508+0000] {dag.py:2915} INFO - Sync 1 DAGs
[2023-09-28T18:17:02.522+0000] {logging_mixin.py:151} INFO - [2023-09-28T18:17:02.522+0000] {dag.py:3696} INFO - Setting next_dagrun for example_task_group_decorator to 2023-09-27T18:17:02.521874+00:00, run_after=2023-09-28T18:17:02.521874+00:00
[2023-09-28T18:17:02.534+0000] {processor.py:179} INFO - Processing /home/airflow/.local/lib/python3.8/site-packages/airflow/example_dags/example_task_group_decorator.py took 0.066 seconds
[2023-09-28T18:17:32.990+0000] {processor.py:157} INFO - Started process (PID=447) to work on /home/airflow/.local/lib/python3.8/site-packages/airflow/example_dags/example_task_group_decorator.py
[2023-09-28T18:17:32.992+0000] {processor.py:829} INFO - Processing file /home/airflow/.local/lib/python3.8/site-packages/airflow/example_dags/example_task_group_decorator.py for tasks to queue
[2023-09-28T18:17:32.994+0000] {logging_mixin.py:151} INFO - [2023-09-28T18:17:32.994+0000] {dagbag.py:539} INFO - Filling up the DagBag from /home/airflow/.local/lib/python3.8/site-packages/airflow/example_dags/example_task_group_decorator.py
[2023-09-28T18:17:33.004+0000] {processor.py:839} INFO - DAG(s) dict_keys(['example_task_group_decorator']) retrieved from /home/airflow/.local/lib/python3.8/site-packages/airflow/example_dags/example_task_group_decorator.py
[2023-09-28T18:17:33.023+0000] {logging_mixin.py:151} INFO - [2023-09-28T18:17:33.022+0000] {dag.py:2915} INFO - Sync 1 DAGs
[2023-09-28T18:17:33.036+0000] {logging_mixin.py:151} INFO - [2023-09-28T18:17:33.036+0000] {dag.py:3696} INFO - Setting next_dagrun for example_task_group_decorator to 2023-09-27T18:17:33.036389+00:00, run_after=2023-09-28T18:17:33.036389+00:00
[2023-09-28T18:17:33.052+0000] {processor.py:179} INFO - Processing /home/airflow/.local/lib/python3.8/site-packages/airflow/example_dags/example_task_group_decorator.py took 0.065 seconds
[2023-09-28T18:18:03.863+0000] {processor.py:157} INFO - Started process (PID=502) to work on /home/airflow/.local/lib/python3.8/site-packages/airflow/example_dags/example_task_group_decorator.py
[2023-09-28T18:18:03.866+0000] {processor.py:829} INFO - Processing file /home/airflow/.local/lib/python3.8/site-packages/airflow/example_dags/example_task_group_decorator.py for tasks to queue
[2023-09-28T18:18:03.868+0000] {logging_mixin.py:151} INFO - [2023-09-28T18:18:03.868+0000] {dagbag.py:539} INFO - Filling up the DagBag from /home/airflow/.local/lib/python3.8/site-packages/airflow/example_dags/example_task_group_decorator.py
[2023-09-28T18:18:03.877+0000] {processor.py:839} INFO - DAG(s) dict_keys(['example_task_group_decorator']) retrieved from /home/airflow/.local/lib/python3.8/site-packages/airflow/example_dags/example_task_group_decorator.py
[2023-09-28T18:18:03.895+0000] {logging_mixin.py:151} INFO - [2023-09-28T18:18:03.895+0000] {dag.py:2915} INFO - Sync 1 DAGs
[2023-09-28T18:18:03.911+0000] {logging_mixin.py:151} INFO - [2023-09-28T18:18:03.911+0000] {dag.py:3696} INFO - Setting next_dagrun for example_task_group_decorator to 2023-09-27T18:18:03.911232+00:00, run_after=2023-09-28T18:18:03.911232+00:00
[2023-09-28T18:18:03.929+0000] {processor.py:179} INFO - Processing /home/airflow/.local/lib/python3.8/site-packages/airflow/example_dags/example_task_group_decorator.py took 0.068 seconds
[2023-09-28T18:18:34.579+0000] {processor.py:157} INFO - Started process (PID=556) to work on /home/airflow/.local/lib/python3.8/site-packages/airflow/example_dags/example_task_group_decorator.py
[2023-09-28T18:18:34.581+0000] {processor.py:829} INFO - Processing file /home/airflow/.local/lib/python3.8/site-packages/airflow/example_dags/example_task_group_decorator.py for tasks to queue
[2023-09-28T18:18:34.584+0000] {logging_mixin.py:151} INFO - [2023-09-28T18:18:34.583+0000] {dagbag.py:539} INFO - Filling up the DagBag from /home/airflow/.local/lib/python3.8/site-packages/airflow/example_dags/example_task_group_decorator.py
[2023-09-28T18:18:34.592+0000] {processor.py:839} INFO - DAG(s) dict_keys(['example_task_group_decorator']) retrieved from /home/airflow/.local/lib/python3.8/site-packages/airflow/example_dags/example_task_group_decorator.py
[2023-09-28T18:18:34.610+0000] {logging_mixin.py:151} INFO - [2023-09-28T18:18:34.610+0000] {dag.py:2915} INFO - Sync 1 DAGs
[2023-09-28T18:18:34.623+0000] {logging_mixin.py:151} INFO - [2023-09-28T18:18:34.623+0000] {dag.py:3696} INFO - Setting next_dagrun for example_task_group_decorator to 2023-09-27T18:18:34.623338+00:00, run_after=2023-09-28T18:18:34.623338+00:00
[2023-09-28T18:18:34.634+0000] {processor.py:179} INFO - Processing /home/airflow/.local/lib/python3.8/site-packages/airflow/example_dags/example_task_group_decorator.py took 0.057 seconds
[2023-09-28T18:19:05.377+0000] {processor.py:157} INFO - Started process (PID=611) to work on /home/airflow/.local/lib/python3.8/site-packages/airflow/example_dags/example_task_group_decorator.py
[2023-09-28T18:19:05.378+0000] {processor.py:829} INFO - Processing file /home/airflow/.local/lib/python3.8/site-packages/airflow/example_dags/example_task_group_decorator.py for tasks to queue
[2023-09-28T18:19:05.380+0000] {logging_mixin.py:151} INFO - [2023-09-28T18:19:05.380+0000] {dagbag.py:539} INFO - Filling up the DagBag from /home/airflow/.local/lib/python3.8/site-packages/airflow/example_dags/example_task_group_decorator.py
[2023-09-28T18:19:05.390+0000] {processor.py:839} INFO - DAG(s) dict_keys(['example_task_group_decorator']) retrieved from /home/airflow/.local/lib/python3.8/site-packages/airflow/example_dags/example_task_group_decorator.py
[2023-09-28T18:19:05.409+0000] {logging_mixin.py:151} INFO - [2023-09-28T18:19:05.408+0000] {dag.py:2915} INFO - Sync 1 DAGs
[2023-09-28T18:19:05.423+0000] {logging_mixin.py:151} INFO - [2023-09-28T18:19:05.423+0000] {dag.py:3696} INFO - Setting next_dagrun for example_task_group_decorator to 2023-09-27T18:19:05.423160+00:00, run_after=2023-09-28T18:19:05.423160+00:00
[2023-09-28T18:19:05.435+0000] {processor.py:179} INFO - Processing /home/airflow/.local/lib/python3.8/site-packages/airflow/example_dags/example_task_group_decorator.py took 0.061 seconds
[2023-09-28T18:19:36.137+0000] {processor.py:157} INFO - Started process (PID=665) to work on /home/airflow/.local/lib/python3.8/site-packages/airflow/example_dags/example_task_group_decorator.py
[2023-09-28T18:19:36.139+0000] {processor.py:829} INFO - Processing file /home/airflow/.local/lib/python3.8/site-packages/airflow/example_dags/example_task_group_decorator.py for tasks to queue
[2023-09-28T18:19:36.141+0000] {logging_mixin.py:151} INFO - [2023-09-28T18:19:36.141+0000] {dagbag.py:539} INFO - Filling up the DagBag from /home/airflow/.local/lib/python3.8/site-packages/airflow/example_dags/example_task_group_decorator.py
[2023-09-28T18:19:36.150+0000] {processor.py:839} INFO - DAG(s) dict_keys(['example_task_group_decorator']) retrieved from /home/airflow/.local/lib/python3.8/site-packages/airflow/example_dags/example_task_group_decorator.py
[2023-09-28T18:19:36.169+0000] {logging_mixin.py:151} INFO - [2023-09-28T18:19:36.169+0000] {dag.py:2915} INFO - Sync 1 DAGs
[2023-09-28T18:19:36.184+0000] {logging_mixin.py:151} INFO - [2023-09-28T18:19:36.183+0000] {dag.py:3696} INFO - Setting next_dagrun for example_task_group_decorator to 2023-09-27T18:19:36.183730+00:00, run_after=2023-09-28T18:19:36.183730+00:00
[2023-09-28T18:19:36.196+0000] {processor.py:179} INFO - Processing /home/airflow/.local/lib/python3.8/site-packages/airflow/example_dags/example_task_group_decorator.py took 0.062 seconds
[2023-09-28T18:20:06.822+0000] {processor.py:157} INFO - Started process (PID=719) to work on /home/airflow/.local/lib/python3.8/site-packages/airflow/example_dags/example_task_group_decorator.py
[2023-09-28T18:20:06.824+0000] {processor.py:829} INFO - Processing file /home/airflow/.local/lib/python3.8/site-packages/airflow/example_dags/example_task_group_decorator.py for tasks to queue
[2023-09-28T18:20:06.827+0000] {logging_mixin.py:151} INFO - [2023-09-28T18:20:06.827+0000] {dagbag.py:539} INFO - Filling up the DagBag from /home/airflow/.local/lib/python3.8/site-packages/airflow/example_dags/example_task_group_decorator.py
[2023-09-28T18:20:06.837+0000] {processor.py:839} INFO - DAG(s) dict_keys(['example_task_group_decorator']) retrieved from /home/airflow/.local/lib/python3.8/site-packages/airflow/example_dags/example_task_group_decorator.py
[2023-09-28T18:20:06.858+0000] {logging_mixin.py:151} INFO - [2023-09-28T18:20:06.857+0000] {dag.py:2915} INFO - Sync 1 DAGs
[2023-09-28T18:20:06.874+0000] {logging_mixin.py:151} INFO - [2023-09-28T18:20:06.874+0000] {dag.py:3696} INFO - Setting next_dagrun for example_task_group_decorator to 2023-09-27T18:20:06.874671+00:00, run_after=2023-09-28T18:20:06.874671+00:00
[2023-09-28T18:20:06.891+0000] {processor.py:179} INFO - Processing /home/airflow/.local/lib/python3.8/site-packages/airflow/example_dags/example_task_group_decorator.py took 0.071 seconds
[2023-09-28T18:20:37.479+0000] {processor.py:157} INFO - Started process (PID=772) to work on /home/airflow/.local/lib/python3.8/site-packages/airflow/example_dags/example_task_group_decorator.py
[2023-09-28T18:20:37.481+0000] {processor.py:829} INFO - Processing file /home/airflow/.local/lib/python3.8/site-packages/airflow/example_dags/example_task_group_decorator.py for tasks to queue
[2023-09-28T18:20:37.483+0000] {logging_mixin.py:151} INFO - [2023-09-28T18:20:37.483+0000] {dagbag.py:539} INFO - Filling up the DagBag from /home/airflow/.local/lib/python3.8/site-packages/airflow/example_dags/example_task_group_decorator.py
[2023-09-28T18:20:37.493+0000] {processor.py:839} INFO - DAG(s) dict_keys(['example_task_group_decorator']) retrieved from /home/airflow/.local/lib/python3.8/site-packages/airflow/example_dags/example_task_group_decorator.py
[2023-09-28T18:20:37.512+0000] {logging_mixin.py:151} INFO - [2023-09-28T18:20:37.512+0000] {dag.py:2915} INFO - Sync 1 DAGs
[2023-09-28T18:20:37.526+0000] {logging_mixin.py:151} INFO - [2023-09-28T18:20:37.526+0000] {dag.py:3696} INFO - Setting next_dagrun for example_task_group_decorator to 2023-09-27T18:20:37.526607+00:00, run_after=2023-09-28T18:20:37.526607+00:00
[2023-09-28T18:20:37.539+0000] {processor.py:179} INFO - Processing /home/airflow/.local/lib/python3.8/site-packages/airflow/example_dags/example_task_group_decorator.py took 0.063 seconds
[2023-09-28T18:21:08.386+0000] {processor.py:157} INFO - Started process (PID=826) to work on /home/airflow/.local/lib/python3.8/site-packages/airflow/example_dags/example_task_group_decorator.py
[2023-09-28T18:21:08.389+0000] {processor.py:829} INFO - Processing file /home/airflow/.local/lib/python3.8/site-packages/airflow/example_dags/example_task_group_decorator.py for tasks to queue
[2023-09-28T18:21:08.392+0000] {logging_mixin.py:151} INFO - [2023-09-28T18:21:08.391+0000] {dagbag.py:539} INFO - Filling up the DagBag from /home/airflow/.local/lib/python3.8/site-packages/airflow/example_dags/example_task_group_decorator.py
[2023-09-28T18:21:08.400+0000] {processor.py:839} INFO - DAG(s) dict_keys(['example_task_group_decorator']) retrieved from /home/airflow/.local/lib/python3.8/site-packages/airflow/example_dags/example_task_group_decorator.py
[2023-09-28T18:21:08.420+0000] {logging_mixin.py:151} INFO - [2023-09-28T18:21:08.420+0000] {dag.py:2915} INFO - Sync 1 DAGs
[2023-09-28T18:21:08.438+0000] {logging_mixin.py:151} INFO - [2023-09-28T18:21:08.438+0000] {dag.py:3696} INFO - Setting next_dagrun for example_task_group_decorator to 2023-09-27T18:21:08.438058+00:00, run_after=2023-09-28T18:21:08.438058+00:00
[2023-09-28T18:21:08.453+0000] {processor.py:179} INFO - Processing /home/airflow/.local/lib/python3.8/site-packages/airflow/example_dags/example_task_group_decorator.py took 0.070 seconds
[2023-09-28T18:21:39.189+0000] {processor.py:157} INFO - Started process (PID=880) to work on /home/airflow/.local/lib/python3.8/site-packages/airflow/example_dags/example_task_group_decorator.py
[2023-09-28T18:21:39.195+0000] {processor.py:829} INFO - Processing file /home/airflow/.local/lib/python3.8/site-packages/airflow/example_dags/example_task_group_decorator.py for tasks to queue
[2023-09-28T18:21:39.199+0000] {logging_mixin.py:151} INFO - [2023-09-28T18:21:39.198+0000] {dagbag.py:539} INFO - Filling up the DagBag from /home/airflow/.local/lib/python3.8/site-packages/airflow/example_dags/example_task_group_decorator.py
[2023-09-28T18:21:39.208+0000] {processor.py:839} INFO - DAG(s) dict_keys(['example_task_group_decorator']) retrieved from /home/airflow/.local/lib/python3.8/site-packages/airflow/example_dags/example_task_group_decorator.py
[2023-09-28T18:21:39.228+0000] {logging_mixin.py:151} INFO - [2023-09-28T18:21:39.228+0000] {dag.py:2915} INFO - Sync 1 DAGs
[2023-09-28T18:21:39.243+0000] {logging_mixin.py:151} INFO - [2023-09-28T18:21:39.243+0000] {dag.py:3696} INFO - Setting next_dagrun for example_task_group_decorator to 2023-09-27T18:21:39.243049+00:00, run_after=2023-09-28T18:21:39.243049+00:00
[2023-09-28T18:21:39.254+0000] {processor.py:179} INFO - Processing /home/airflow/.local/lib/python3.8/site-packages/airflow/example_dags/example_task_group_decorator.py took 0.068 seconds
[2023-09-28T18:22:10.002+0000] {processor.py:157} INFO - Started process (PID=934) to work on /home/airflow/.local/lib/python3.8/site-packages/airflow/example_dags/example_task_group_decorator.py
[2023-09-28T18:22:10.007+0000] {processor.py:829} INFO - Processing file /home/airflow/.local/lib/python3.8/site-packages/airflow/example_dags/example_task_group_decorator.py for tasks to queue
[2023-09-28T18:22:10.009+0000] {logging_mixin.py:151} INFO - [2023-09-28T18:22:10.009+0000] {dagbag.py:539} INFO - Filling up the DagBag from /home/airflow/.local/lib/python3.8/site-packages/airflow/example_dags/example_task_group_decorator.py
[2023-09-28T18:22:10.022+0000] {processor.py:839} INFO - DAG(s) dict_keys(['example_task_group_decorator']) retrieved from /home/airflow/.local/lib/python3.8/site-packages/airflow/example_dags/example_task_group_decorator.py
[2023-09-28T18:22:10.041+0000] {logging_mixin.py:151} INFO - [2023-09-28T18:22:10.041+0000] {dag.py:2915} INFO - Sync 1 DAGs
[2023-09-28T18:22:10.055+0000] {logging_mixin.py:151} INFO - [2023-09-28T18:22:10.055+0000] {dag.py:3696} INFO - Setting next_dagrun for example_task_group_decorator to 2023-09-27T18:22:10.055633+00:00, run_after=2023-09-28T18:22:10.055633+00:00
[2023-09-28T18:22:10.067+0000] {processor.py:179} INFO - Processing /home/airflow/.local/lib/python3.8/site-packages/airflow/example_dags/example_task_group_decorator.py took 0.068 seconds
[2023-09-28T18:22:40.783+0000] {processor.py:157} INFO - Started process (PID=987) to work on /home/airflow/.local/lib/python3.8/site-packages/airflow/example_dags/example_task_group_decorator.py
[2023-09-28T18:22:40.785+0000] {processor.py:829} INFO - Processing file /home/airflow/.local/lib/python3.8/site-packages/airflow/example_dags/example_task_group_decorator.py for tasks to queue
[2023-09-28T18:22:40.787+0000] {logging_mixin.py:151} INFO - [2023-09-28T18:22:40.787+0000] {dagbag.py:539} INFO - Filling up the DagBag from /home/airflow/.local/lib/python3.8/site-packages/airflow/example_dags/example_task_group_decorator.py
[2023-09-28T18:22:40.797+0000] {processor.py:839} INFO - DAG(s) dict_keys(['example_task_group_decorator']) retrieved from /home/airflow/.local/lib/python3.8/site-packages/airflow/example_dags/example_task_group_decorator.py
[2023-09-28T18:22:40.814+0000] {logging_mixin.py:151} INFO - [2023-09-28T18:22:40.814+0000] {dag.py:2915} INFO - Sync 1 DAGs
[2023-09-28T18:22:40.830+0000] {logging_mixin.py:151} INFO - [2023-09-28T18:22:40.830+0000] {dag.py:3696} INFO - Setting next_dagrun for example_task_group_decorator to 2023-09-27T18:22:40.830022+00:00, run_after=2023-09-28T18:22:40.830022+00:00
[2023-09-28T18:22:40.843+0000] {processor.py:179} INFO - Processing /home/airflow/.local/lib/python3.8/site-packages/airflow/example_dags/example_task_group_decorator.py took 0.062 seconds
[2023-09-28T18:23:11.714+0000] {processor.py:157} INFO - Started process (PID=1040) to work on /home/airflow/.local/lib/python3.8/site-packages/airflow/example_dags/example_task_group_decorator.py
[2023-09-28T18:23:11.716+0000] {processor.py:829} INFO - Processing file /home/airflow/.local/lib/python3.8/site-packages/airflow/example_dags/example_task_group_decorator.py for tasks to queue
[2023-09-28T18:23:11.718+0000] {logging_mixin.py:151} INFO - [2023-09-28T18:23:11.718+0000] {dagbag.py:539} INFO - Filling up the DagBag from /home/airflow/.local/lib/python3.8/site-packages/airflow/example_dags/example_task_group_decorator.py
[2023-09-28T18:23:11.729+0000] {processor.py:839} INFO - DAG(s) dict_keys(['example_task_group_decorator']) retrieved from /home/airflow/.local/lib/python3.8/site-packages/airflow/example_dags/example_task_group_decorator.py
[2023-09-28T18:23:11.755+0000] {logging_mixin.py:151} INFO - [2023-09-28T18:23:11.755+0000] {dag.py:2915} INFO - Sync 1 DAGs
[2023-09-28T18:23:11.768+0000] {logging_mixin.py:151} INFO - [2023-09-28T18:23:11.768+0000] {dag.py:3696} INFO - Setting next_dagrun for example_task_group_decorator to 2023-09-27T18:23:11.768218+00:00, run_after=2023-09-28T18:23:11.768218+00:00
[2023-09-28T18:23:11.782+0000] {processor.py:179} INFO - Processing /home/airflow/.local/lib/python3.8/site-packages/airflow/example_dags/example_task_group_decorator.py took 0.070 seconds
[2023-09-28T18:23:42.695+0000] {processor.py:157} INFO - Started process (PID=1094) to work on /home/airflow/.local/lib/python3.8/site-packages/airflow/example_dags/example_task_group_decorator.py
[2023-09-28T18:23:42.697+0000] {processor.py:829} INFO - Processing file /home/airflow/.local/lib/python3.8/site-packages/airflow/example_dags/example_task_group_decorator.py for tasks to queue
[2023-09-28T18:23:42.700+0000] {logging_mixin.py:151} INFO - [2023-09-28T18:23:42.700+0000] {dagbag.py:539} INFO - Filling up the DagBag from /home/airflow/.local/lib/python3.8/site-packages/airflow/example_dags/example_task_group_decorator.py
[2023-09-28T18:23:42.709+0000] {processor.py:839} INFO - DAG(s) dict_keys(['example_task_group_decorator']) retrieved from /home/airflow/.local/lib/python3.8/site-packages/airflow/example_dags/example_task_group_decorator.py
[2023-09-28T18:23:42.730+0000] {logging_mixin.py:151} INFO - [2023-09-28T18:23:42.729+0000] {dag.py:2915} INFO - Sync 1 DAGs
[2023-09-28T18:23:42.745+0000] {logging_mixin.py:151} INFO - [2023-09-28T18:23:42.745+0000] {dag.py:3696} INFO - Setting next_dagrun for example_task_group_decorator to 2023-09-27T18:23:42.745493+00:00, run_after=2023-09-28T18:23:42.745493+00:00
[2023-09-28T18:23:42.757+0000] {processor.py:179} INFO - Processing /home/airflow/.local/lib/python3.8/site-packages/airflow/example_dags/example_task_group_decorator.py took 0.065 seconds
[2023-09-28T18:34:45.002+0000] {processor.py:157} INFO - Started process (PID=71) to work on /home/airflow/.local/lib/python3.8/site-packages/airflow/example_dags/example_task_group_decorator.py
[2023-09-28T18:34:45.005+0000] {processor.py:829} INFO - Processing file /home/airflow/.local/lib/python3.8/site-packages/airflow/example_dags/example_task_group_decorator.py for tasks to queue
[2023-09-28T18:34:45.010+0000] {logging_mixin.py:151} INFO - [2023-09-28T18:34:45.010+0000] {dagbag.py:539} INFO - Filling up the DagBag from /home/airflow/.local/lib/python3.8/site-packages/airflow/example_dags/example_task_group_decorator.py
[2023-09-28T18:34:45.027+0000] {processor.py:839} INFO - DAG(s) dict_keys(['example_task_group_decorator']) retrieved from /home/airflow/.local/lib/python3.8/site-packages/airflow/example_dags/example_task_group_decorator.py
[2023-09-28T18:34:45.074+0000] {logging_mixin.py:151} INFO - [2023-09-28T18:34:45.074+0000] {dag.py:2915} INFO - Sync 1 DAGs
[2023-09-28T18:34:45.105+0000] {logging_mixin.py:151} INFO - [2023-09-28T18:34:45.104+0000] {dag.py:3696} INFO - Setting next_dagrun for example_task_group_decorator to 2023-09-27T18:34:45.104213+00:00, run_after=2023-09-28T18:34:45.104213+00:00
[2023-09-28T18:34:45.130+0000] {processor.py:179} INFO - Processing /home/airflow/.local/lib/python3.8/site-packages/airflow/example_dags/example_task_group_decorator.py took 0.133 seconds
[2023-09-28T18:35:15.811+0000] {processor.py:157} INFO - Started process (PID=125) to work on /home/airflow/.local/lib/python3.8/site-packages/airflow/example_dags/example_task_group_decorator.py
[2023-09-28T18:35:15.813+0000] {processor.py:829} INFO - Processing file /home/airflow/.local/lib/python3.8/site-packages/airflow/example_dags/example_task_group_decorator.py for tasks to queue
[2023-09-28T18:35:15.816+0000] {logging_mixin.py:151} INFO - [2023-09-28T18:35:15.815+0000] {dagbag.py:539} INFO - Filling up the DagBag from /home/airflow/.local/lib/python3.8/site-packages/airflow/example_dags/example_task_group_decorator.py
[2023-09-28T18:35:15.827+0000] {processor.py:839} INFO - DAG(s) dict_keys(['example_task_group_decorator']) retrieved from /home/airflow/.local/lib/python3.8/site-packages/airflow/example_dags/example_task_group_decorator.py
[2023-09-28T18:35:15.849+0000] {logging_mixin.py:151} INFO - [2023-09-28T18:35:15.849+0000] {dag.py:2915} INFO - Sync 1 DAGs
[2023-09-28T18:35:15.868+0000] {logging_mixin.py:151} INFO - [2023-09-28T18:35:15.868+0000] {dag.py:3696} INFO - Setting next_dagrun for example_task_group_decorator to 2023-09-27T18:35:15.868013+00:00, run_after=2023-09-28T18:35:15.868013+00:00
[2023-09-28T18:35:15.883+0000] {processor.py:179} INFO - Processing /home/airflow/.local/lib/python3.8/site-packages/airflow/example_dags/example_task_group_decorator.py took 0.075 seconds
[2023-09-28T18:35:46.224+0000] {processor.py:157} INFO - Started process (PID=179) to work on /home/airflow/.local/lib/python3.8/site-packages/airflow/example_dags/example_task_group_decorator.py
[2023-09-28T18:35:46.228+0000] {processor.py:829} INFO - Processing file /home/airflow/.local/lib/python3.8/site-packages/airflow/example_dags/example_task_group_decorator.py for tasks to queue
[2023-09-28T18:35:46.231+0000] {logging_mixin.py:151} INFO - [2023-09-28T18:35:46.230+0000] {dagbag.py:539} INFO - Filling up the DagBag from /home/airflow/.local/lib/python3.8/site-packages/airflow/example_dags/example_task_group_decorator.py
[2023-09-28T18:35:46.240+0000] {processor.py:839} INFO - DAG(s) dict_keys(['example_task_group_decorator']) retrieved from /home/airflow/.local/lib/python3.8/site-packages/airflow/example_dags/example_task_group_decorator.py
[2023-09-28T18:35:46.259+0000] {logging_mixin.py:151} INFO - [2023-09-28T18:35:46.258+0000] {dag.py:2915} INFO - Sync 1 DAGs
[2023-09-28T18:35:46.274+0000] {logging_mixin.py:151} INFO - [2023-09-28T18:35:46.274+0000] {dag.py:3696} INFO - Setting next_dagrun for example_task_group_decorator to 2023-09-27T18:35:46.274662+00:00, run_after=2023-09-28T18:35:46.274662+00:00
[2023-09-28T18:35:46.294+0000] {processor.py:179} INFO - Processing /home/airflow/.local/lib/python3.8/site-packages/airflow/example_dags/example_task_group_decorator.py took 0.073 seconds
[2023-09-28T18:36:17.148+0000] {processor.py:157} INFO - Started process (PID=233) to work on /home/airflow/.local/lib/python3.8/site-packages/airflow/example_dags/example_task_group_decorator.py
[2023-09-28T18:36:17.150+0000] {processor.py:829} INFO - Processing file /home/airflow/.local/lib/python3.8/site-packages/airflow/example_dags/example_task_group_decorator.py for tasks to queue
[2023-09-28T18:36:17.152+0000] {logging_mixin.py:151} INFO - [2023-09-28T18:36:17.152+0000] {dagbag.py:539} INFO - Filling up the DagBag from /home/airflow/.local/lib/python3.8/site-packages/airflow/example_dags/example_task_group_decorator.py
[2023-09-28T18:36:17.162+0000] {processor.py:839} INFO - DAG(s) dict_keys(['example_task_group_decorator']) retrieved from /home/airflow/.local/lib/python3.8/site-packages/airflow/example_dags/example_task_group_decorator.py
[2023-09-28T18:36:17.183+0000] {logging_mixin.py:151} INFO - [2023-09-28T18:36:17.183+0000] {dag.py:2915} INFO - Sync 1 DAGs
[2023-09-28T18:36:17.196+0000] {logging_mixin.py:151} INFO - [2023-09-28T18:36:17.196+0000] {dag.py:3696} INFO - Setting next_dagrun for example_task_group_decorator to 2023-09-27T18:36:17.196119+00:00, run_after=2023-09-28T18:36:17.196119+00:00
[2023-09-28T18:36:17.210+0000] {processor.py:179} INFO - Processing /home/airflow/.local/lib/python3.8/site-packages/airflow/example_dags/example_task_group_decorator.py took 0.064 seconds
